[2025-08-26T04:29:45.164+0000] {processor.py:161} INFO - Started process (PID=319) to work on /home/airflow/.local/lib/python3.12/site-packages/airflow/example_dags/example_params_trigger_ui.py
[2025-08-26T04:29:45.167+0000] {processor.py:830} INFO - Processing file /home/airflow/.local/lib/python3.12/site-packages/airflow/example_dags/example_params_trigger_ui.py for tasks to queue
[2025-08-26T04:29:45.201+0000] {logging_mixin.py:188} INFO - [2025-08-26T04:29:45.200+0000] {dagbag.py:545} INFO - Filling up the DagBag from /home/airflow/.local/lib/python3.12/site-packages/airflow/example_dags/example_params_trigger_ui.py
[2025-08-26T04:29:45.466+0000] {processor.py:840} INFO - DAG(s) 'example_params_trigger_ui' retrieved from /home/airflow/.local/lib/python3.12/site-packages/airflow/example_dags/example_params_trigger_ui.py
[2025-08-26T04:29:49.006+0000] {logging_mixin.py:188} INFO - [2025-08-26T04:29:49.004+0000] {override.py:1829} INFO - Created Permission View: can delete on DAG:example_params_trigger_ui
[2025-08-26T04:29:49.281+0000] {logging_mixin.py:188} INFO - [2025-08-26T04:29:49.280+0000] {override.py:1829} INFO - Created Permission View: can read on DAG:example_params_trigger_ui
[2025-08-26T04:29:49.548+0000] {logging_mixin.py:188} INFO - [2025-08-26T04:29:49.547+0000] {override.py:1829} INFO - Created Permission View: can edit on DAG:example_params_trigger_ui
[2025-08-26T04:29:49.577+0000] {logging_mixin.py:188} INFO - [2025-08-26T04:29:49.575+0000] {dag.py:3096} INFO - Sync 1 DAGs
[2025-08-26T04:29:50.124+0000] {logging_mixin.py:188} INFO - [2025-08-26T04:29:50.123+0000] {dag.py:3118} INFO - Creating ORM DAG for example_params_trigger_ui
[2025-08-26T04:29:50.165+0000] {logging_mixin.py:188} INFO - [2025-08-26T04:29:50.164+0000] {dag.py:3954} INFO - Setting next_dagrun for example_params_trigger_ui to None, run_after=None
[2025-08-26T04:29:50.574+0000] {processor.py:183} INFO - Processing /home/airflow/.local/lib/python3.12/site-packages/airflow/example_dags/example_params_trigger_ui.py took 5.473 seconds
[2025-08-26T04:31:00.060+0000] {processor.py:161} INFO - Started process (PID=595) to work on /home/airflow/.local/lib/python3.12/site-packages/airflow/example_dags/example_params_trigger_ui.py
[2025-08-26T04:31:00.076+0000] {processor.py:830} INFO - Processing file /home/airflow/.local/lib/python3.12/site-packages/airflow/example_dags/example_params_trigger_ui.py for tasks to queue
[2025-08-26T04:31:00.084+0000] {logging_mixin.py:188} INFO - [2025-08-26T04:31:00.082+0000] {dagbag.py:545} INFO - Filling up the DagBag from /home/airflow/.local/lib/python3.12/site-packages/airflow/example_dags/example_params_trigger_ui.py
[2025-08-26T04:31:00.361+0000] {processor.py:840} INFO - DAG(s) 'example_params_trigger_ui' retrieved from /home/airflow/.local/lib/python3.12/site-packages/airflow/example_dags/example_params_trigger_ui.py
[2025-08-26T04:31:00.839+0000] {logging_mixin.py:188} INFO - [2025-08-26T04:31:00.838+0000] {dag.py:3096} INFO - Sync 1 DAGs
[2025-08-26T04:31:00.904+0000] {logging_mixin.py:188} INFO - [2025-08-26T04:31:00.904+0000] {dag.py:3954} INFO - Setting next_dagrun for example_params_trigger_ui to None, run_after=None
[2025-08-26T04:31:01.043+0000] {processor.py:183} INFO - Processing /home/airflow/.local/lib/python3.12/site-packages/airflow/example_dags/example_params_trigger_ui.py took 1.079 seconds
[2025-08-26T04:31:35.409+0000] {processor.py:161} INFO - Started process (PID=857) to work on /home/airflow/.local/lib/python3.12/site-packages/airflow/example_dags/example_params_trigger_ui.py
[2025-08-26T04:31:35.412+0000] {processor.py:830} INFO - Processing file /home/airflow/.local/lib/python3.12/site-packages/airflow/example_dags/example_params_trigger_ui.py for tasks to queue
[2025-08-26T04:31:35.421+0000] {logging_mixin.py:188} INFO - [2025-08-26T04:31:35.420+0000] {dagbag.py:545} INFO - Filling up the DagBag from /home/airflow/.local/lib/python3.12/site-packages/airflow/example_dags/example_params_trigger_ui.py
[2025-08-26T04:31:35.560+0000] {processor.py:840} INFO - DAG(s) 'example_params_trigger_ui' retrieved from /home/airflow/.local/lib/python3.12/site-packages/airflow/example_dags/example_params_trigger_ui.py
[2025-08-26T04:31:35.971+0000] {logging_mixin.py:188} INFO - [2025-08-26T04:31:35.959+0000] {dag.py:3096} INFO - Sync 1 DAGs
[2025-08-26T04:31:36.089+0000] {logging_mixin.py:188} INFO - [2025-08-26T04:31:36.089+0000] {dag.py:3954} INFO - Setting next_dagrun for example_params_trigger_ui to None, run_after=None
[2025-08-26T04:31:36.174+0000] {processor.py:183} INFO - Processing /home/airflow/.local/lib/python3.12/site-packages/airflow/example_dags/example_params_trigger_ui.py took 0.801 seconds
[2025-08-26T04:32:11.159+0000] {processor.py:161} INFO - Started process (PID=1116) to work on /home/airflow/.local/lib/python3.12/site-packages/airflow/example_dags/example_params_trigger_ui.py
[2025-08-26T04:32:11.197+0000] {processor.py:830} INFO - Processing file /home/airflow/.local/lib/python3.12/site-packages/airflow/example_dags/example_params_trigger_ui.py for tasks to queue
[2025-08-26T04:32:11.227+0000] {logging_mixin.py:188} INFO - [2025-08-26T04:32:11.211+0000] {dagbag.py:545} INFO - Filling up the DagBag from /home/airflow/.local/lib/python3.12/site-packages/airflow/example_dags/example_params_trigger_ui.py
[2025-08-26T04:32:11.363+0000] {processor.py:840} INFO - DAG(s) 'example_params_trigger_ui' retrieved from /home/airflow/.local/lib/python3.12/site-packages/airflow/example_dags/example_params_trigger_ui.py
[2025-08-26T04:32:11.783+0000] {logging_mixin.py:188} INFO - [2025-08-26T04:32:11.781+0000] {dag.py:3096} INFO - Sync 1 DAGs
[2025-08-26T04:32:11.880+0000] {logging_mixin.py:188} INFO - [2025-08-26T04:32:11.879+0000] {dag.py:3954} INFO - Setting next_dagrun for example_params_trigger_ui to None, run_after=None
[2025-08-26T04:32:12.082+0000] {processor.py:183} INFO - Processing /home/airflow/.local/lib/python3.12/site-packages/airflow/example_dags/example_params_trigger_ui.py took 1.007 seconds
[2025-08-26T04:32:50.268+0000] {processor.py:161} INFO - Started process (PID=1378) to work on /home/airflow/.local/lib/python3.12/site-packages/airflow/example_dags/example_params_trigger_ui.py
[2025-08-26T04:32:50.273+0000] {processor.py:830} INFO - Processing file /home/airflow/.local/lib/python3.12/site-packages/airflow/example_dags/example_params_trigger_ui.py for tasks to queue
[2025-08-26T04:32:50.294+0000] {logging_mixin.py:188} INFO - [2025-08-26T04:32:50.290+0000] {dagbag.py:545} INFO - Filling up the DagBag from /home/airflow/.local/lib/python3.12/site-packages/airflow/example_dags/example_params_trigger_ui.py
[2025-08-26T04:32:50.466+0000] {processor.py:840} INFO - DAG(s) 'example_params_trigger_ui' retrieved from /home/airflow/.local/lib/python3.12/site-packages/airflow/example_dags/example_params_trigger_ui.py
[2025-08-26T04:32:51.159+0000] {logging_mixin.py:188} INFO - [2025-08-26T04:32:51.158+0000] {dag.py:3096} INFO - Sync 1 DAGs
[2025-08-26T04:32:51.222+0000] {logging_mixin.py:188} INFO - [2025-08-26T04:32:51.222+0000] {dag.py:3954} INFO - Setting next_dagrun for example_params_trigger_ui to None, run_after=None
[2025-08-26T04:32:51.846+0000] {processor.py:183} INFO - Processing /home/airflow/.local/lib/python3.12/site-packages/airflow/example_dags/example_params_trigger_ui.py took 1.658 seconds
[2025-08-26T04:33:22.387+0000] {processor.py:161} INFO - Started process (PID=1642) to work on /home/airflow/.local/lib/python3.12/site-packages/airflow/example_dags/example_params_trigger_ui.py
[2025-08-26T04:33:22.390+0000] {processor.py:830} INFO - Processing file /home/airflow/.local/lib/python3.12/site-packages/airflow/example_dags/example_params_trigger_ui.py for tasks to queue
[2025-08-26T04:33:22.397+0000] {logging_mixin.py:188} INFO - [2025-08-26T04:33:22.396+0000] {dagbag.py:545} INFO - Filling up the DagBag from /home/airflow/.local/lib/python3.12/site-packages/airflow/example_dags/example_params_trigger_ui.py
[2025-08-26T04:33:22.489+0000] {processor.py:840} INFO - DAG(s) 'example_params_trigger_ui' retrieved from /home/airflow/.local/lib/python3.12/site-packages/airflow/example_dags/example_params_trigger_ui.py
[2025-08-26T04:33:22.879+0000] {logging_mixin.py:188} INFO - [2025-08-26T04:33:22.878+0000] {dag.py:3096} INFO - Sync 1 DAGs
[2025-08-26T04:33:22.992+0000] {logging_mixin.py:188} INFO - [2025-08-26T04:33:22.991+0000] {dag.py:3954} INFO - Setting next_dagrun for example_params_trigger_ui to None, run_after=None
[2025-08-26T04:33:23.107+0000] {processor.py:183} INFO - Processing /home/airflow/.local/lib/python3.12/site-packages/airflow/example_dags/example_params_trigger_ui.py took 0.754 seconds
[2025-08-26T04:33:53.687+0000] {processor.py:161} INFO - Started process (PID=1902) to work on /home/airflow/.local/lib/python3.12/site-packages/airflow/example_dags/example_params_trigger_ui.py
[2025-08-26T04:33:53.693+0000] {processor.py:830} INFO - Processing file /home/airflow/.local/lib/python3.12/site-packages/airflow/example_dags/example_params_trigger_ui.py for tasks to queue
[2025-08-26T04:33:53.707+0000] {logging_mixin.py:188} INFO - [2025-08-26T04:33:53.706+0000] {dagbag.py:545} INFO - Filling up the DagBag from /home/airflow/.local/lib/python3.12/site-packages/airflow/example_dags/example_params_trigger_ui.py
[2025-08-26T04:33:53.855+0000] {processor.py:840} INFO - DAG(s) 'example_params_trigger_ui' retrieved from /home/airflow/.local/lib/python3.12/site-packages/airflow/example_dags/example_params_trigger_ui.py
[2025-08-26T04:33:54.332+0000] {logging_mixin.py:188} INFO - [2025-08-26T04:33:54.329+0000] {dag.py:3096} INFO - Sync 1 DAGs
[2025-08-26T04:33:54.450+0000] {logging_mixin.py:188} INFO - [2025-08-26T04:33:54.450+0000] {dag.py:3954} INFO - Setting next_dagrun for example_params_trigger_ui to None, run_after=None
[2025-08-26T04:33:54.617+0000] {processor.py:183} INFO - Processing /home/airflow/.local/lib/python3.12/site-packages/airflow/example_dags/example_params_trigger_ui.py took 0.999 seconds
[2025-08-26T04:34:24.969+0000] {processor.py:161} INFO - Started process (PID=2164) to work on /home/airflow/.local/lib/python3.12/site-packages/airflow/example_dags/example_params_trigger_ui.py
[2025-08-26T04:34:24.976+0000] {processor.py:830} INFO - Processing file /home/airflow/.local/lib/python3.12/site-packages/airflow/example_dags/example_params_trigger_ui.py for tasks to queue
[2025-08-26T04:34:24.983+0000] {logging_mixin.py:188} INFO - [2025-08-26T04:34:24.982+0000] {dagbag.py:545} INFO - Filling up the DagBag from /home/airflow/.local/lib/python3.12/site-packages/airflow/example_dags/example_params_trigger_ui.py
[2025-08-26T04:34:25.059+0000] {processor.py:840} INFO - DAG(s) 'example_params_trigger_ui' retrieved from /home/airflow/.local/lib/python3.12/site-packages/airflow/example_dags/example_params_trigger_ui.py
[2025-08-26T04:34:25.427+0000] {logging_mixin.py:188} INFO - [2025-08-26T04:34:25.420+0000] {dag.py:3096} INFO - Sync 1 DAGs
[2025-08-26T04:34:25.542+0000] {logging_mixin.py:188} INFO - [2025-08-26T04:34:25.541+0000] {dag.py:3954} INFO - Setting next_dagrun for example_params_trigger_ui to None, run_after=None
[2025-08-26T04:34:25.691+0000] {processor.py:183} INFO - Processing /home/airflow/.local/lib/python3.12/site-packages/airflow/example_dags/example_params_trigger_ui.py took 0.771 seconds
[2025-08-26T04:34:56.970+0000] {processor.py:161} INFO - Started process (PID=2431) to work on /home/airflow/.local/lib/python3.12/site-packages/airflow/example_dags/example_params_trigger_ui.py
[2025-08-26T04:34:56.973+0000] {processor.py:830} INFO - Processing file /home/airflow/.local/lib/python3.12/site-packages/airflow/example_dags/example_params_trigger_ui.py for tasks to queue
[2025-08-26T04:34:56.980+0000] {logging_mixin.py:188} INFO - [2025-08-26T04:34:56.978+0000] {dagbag.py:545} INFO - Filling up the DagBag from /home/airflow/.local/lib/python3.12/site-packages/airflow/example_dags/example_params_trigger_ui.py
[2025-08-26T04:34:57.032+0000] {processor.py:840} INFO - DAG(s) 'example_params_trigger_ui' retrieved from /home/airflow/.local/lib/python3.12/site-packages/airflow/example_dags/example_params_trigger_ui.py
[2025-08-26T04:34:57.235+0000] {logging_mixin.py:188} INFO - [2025-08-26T04:34:57.234+0000] {dag.py:3096} INFO - Sync 1 DAGs
[2025-08-26T04:34:57.301+0000] {logging_mixin.py:188} INFO - [2025-08-26T04:34:57.300+0000] {dag.py:3954} INFO - Setting next_dagrun for example_params_trigger_ui to None, run_after=None
[2025-08-26T04:34:57.371+0000] {processor.py:183} INFO - Processing /home/airflow/.local/lib/python3.12/site-packages/airflow/example_dags/example_params_trigger_ui.py took 0.427 seconds
[2025-08-26T04:35:28.938+0000] {processor.py:161} INFO - Started process (PID=2687) to work on /home/airflow/.local/lib/python3.12/site-packages/airflow/example_dags/example_params_trigger_ui.py
[2025-08-26T04:35:28.942+0000] {processor.py:830} INFO - Processing file /home/airflow/.local/lib/python3.12/site-packages/airflow/example_dags/example_params_trigger_ui.py for tasks to queue
[2025-08-26T04:35:28.968+0000] {logging_mixin.py:188} INFO - [2025-08-26T04:35:28.961+0000] {dagbag.py:545} INFO - Filling up the DagBag from /home/airflow/.local/lib/python3.12/site-packages/airflow/example_dags/example_params_trigger_ui.py
[2025-08-26T04:35:29.105+0000] {processor.py:840} INFO - DAG(s) 'example_params_trigger_ui' retrieved from /home/airflow/.local/lib/python3.12/site-packages/airflow/example_dags/example_params_trigger_ui.py
[2025-08-26T04:35:29.578+0000] {logging_mixin.py:188} INFO - [2025-08-26T04:35:29.578+0000] {dag.py:3096} INFO - Sync 1 DAGs
[2025-08-26T04:35:29.725+0000] {logging_mixin.py:188} INFO - [2025-08-26T04:35:29.723+0000] {dag.py:3954} INFO - Setting next_dagrun for example_params_trigger_ui to None, run_after=None
[2025-08-26T04:35:29.938+0000] {processor.py:183} INFO - Processing /home/airflow/.local/lib/python3.12/site-packages/airflow/example_dags/example_params_trigger_ui.py took 1.086 seconds
[2025-08-26T04:36:00.549+0000] {processor.py:161} INFO - Started process (PID=2949) to work on /home/airflow/.local/lib/python3.12/site-packages/airflow/example_dags/example_params_trigger_ui.py
[2025-08-26T04:36:00.566+0000] {processor.py:830} INFO - Processing file /home/airflow/.local/lib/python3.12/site-packages/airflow/example_dags/example_params_trigger_ui.py for tasks to queue
[2025-08-26T04:36:00.577+0000] {logging_mixin.py:188} INFO - [2025-08-26T04:36:00.576+0000] {dagbag.py:545} INFO - Filling up the DagBag from /home/airflow/.local/lib/python3.12/site-packages/airflow/example_dags/example_params_trigger_ui.py
[2025-08-26T04:36:00.697+0000] {processor.py:840} INFO - DAG(s) 'example_params_trigger_ui' retrieved from /home/airflow/.local/lib/python3.12/site-packages/airflow/example_dags/example_params_trigger_ui.py
[2025-08-26T04:36:01.207+0000] {logging_mixin.py:188} INFO - [2025-08-26T04:36:01.206+0000] {dag.py:3096} INFO - Sync 1 DAGs
[2025-08-26T04:36:01.277+0000] {logging_mixin.py:188} INFO - [2025-08-26T04:36:01.276+0000] {dag.py:3954} INFO - Setting next_dagrun for example_params_trigger_ui to None, run_after=None
[2025-08-26T04:36:01.361+0000] {processor.py:183} INFO - Processing /home/airflow/.local/lib/python3.12/site-packages/airflow/example_dags/example_params_trigger_ui.py took 0.857 seconds
[2025-08-26T04:36:31.803+0000] {processor.py:161} INFO - Started process (PID=3212) to work on /home/airflow/.local/lib/python3.12/site-packages/airflow/example_dags/example_params_trigger_ui.py
[2025-08-26T04:36:31.811+0000] {processor.py:830} INFO - Processing file /home/airflow/.local/lib/python3.12/site-packages/airflow/example_dags/example_params_trigger_ui.py for tasks to queue
[2025-08-26T04:36:31.826+0000] {logging_mixin.py:188} INFO - [2025-08-26T04:36:31.825+0000] {dagbag.py:545} INFO - Filling up the DagBag from /home/airflow/.local/lib/python3.12/site-packages/airflow/example_dags/example_params_trigger_ui.py
[2025-08-26T04:36:31.926+0000] {processor.py:840} INFO - DAG(s) 'example_params_trigger_ui' retrieved from /home/airflow/.local/lib/python3.12/site-packages/airflow/example_dags/example_params_trigger_ui.py
[2025-08-26T04:36:32.303+0000] {logging_mixin.py:188} INFO - [2025-08-26T04:36:32.302+0000] {dag.py:3096} INFO - Sync 1 DAGs
[2025-08-26T04:36:32.402+0000] {logging_mixin.py:188} INFO - [2025-08-26T04:36:32.401+0000] {dag.py:3954} INFO - Setting next_dagrun for example_params_trigger_ui to None, run_after=None
[2025-08-26T04:36:32.563+0000] {processor.py:183} INFO - Processing /home/airflow/.local/lib/python3.12/site-packages/airflow/example_dags/example_params_trigger_ui.py took 0.806 seconds
[2025-08-26T04:37:03.254+0000] {processor.py:161} INFO - Started process (PID=3476) to work on /home/airflow/.local/lib/python3.12/site-packages/airflow/example_dags/example_params_trigger_ui.py
[2025-08-26T04:37:03.256+0000] {processor.py:830} INFO - Processing file /home/airflow/.local/lib/python3.12/site-packages/airflow/example_dags/example_params_trigger_ui.py for tasks to queue
[2025-08-26T04:37:03.261+0000] {logging_mixin.py:188} INFO - [2025-08-26T04:37:03.260+0000] {dagbag.py:545} INFO - Filling up the DagBag from /home/airflow/.local/lib/python3.12/site-packages/airflow/example_dags/example_params_trigger_ui.py
[2025-08-26T04:37:03.305+0000] {processor.py:840} INFO - DAG(s) 'example_params_trigger_ui' retrieved from /home/airflow/.local/lib/python3.12/site-packages/airflow/example_dags/example_params_trigger_ui.py
[2025-08-26T04:37:03.432+0000] {logging_mixin.py:188} INFO - [2025-08-26T04:37:03.431+0000] {dag.py:3096} INFO - Sync 1 DAGs
[2025-08-26T04:37:03.470+0000] {logging_mixin.py:188} INFO - [2025-08-26T04:37:03.469+0000] {dag.py:3954} INFO - Setting next_dagrun for example_params_trigger_ui to None, run_after=None
[2025-08-26T04:37:03.526+0000] {processor.py:183} INFO - Processing /home/airflow/.local/lib/python3.12/site-packages/airflow/example_dags/example_params_trigger_ui.py took 0.290 seconds
[2025-08-26T04:37:36.598+0000] {processor.py:161} INFO - Started process (PID=3735) to work on /home/airflow/.local/lib/python3.12/site-packages/airflow/example_dags/example_params_trigger_ui.py
[2025-08-26T04:37:36.611+0000] {processor.py:830} INFO - Processing file /home/airflow/.local/lib/python3.12/site-packages/airflow/example_dags/example_params_trigger_ui.py for tasks to queue
[2025-08-26T04:37:36.627+0000] {logging_mixin.py:188} INFO - [2025-08-26T04:37:36.625+0000] {dagbag.py:545} INFO - Filling up the DagBag from /home/airflow/.local/lib/python3.12/site-packages/airflow/example_dags/example_params_trigger_ui.py
[2025-08-26T04:37:36.742+0000] {processor.py:840} INFO - DAG(s) 'example_params_trigger_ui' retrieved from /home/airflow/.local/lib/python3.12/site-packages/airflow/example_dags/example_params_trigger_ui.py
[2025-08-26T04:37:37.124+0000] {logging_mixin.py:188} INFO - [2025-08-26T04:37:37.124+0000] {dag.py:3096} INFO - Sync 1 DAGs
[2025-08-26T04:37:37.271+0000] {logging_mixin.py:188} INFO - [2025-08-26T04:37:37.263+0000] {dag.py:3954} INFO - Setting next_dagrun for example_params_trigger_ui to None, run_after=None
[2025-08-26T04:37:37.410+0000] {processor.py:183} INFO - Processing /home/airflow/.local/lib/python3.12/site-packages/airflow/example_dags/example_params_trigger_ui.py took 0.854 seconds
[2025-08-26T04:38:08.190+0000] {processor.py:161} INFO - Started process (PID=3997) to work on /home/airflow/.local/lib/python3.12/site-packages/airflow/example_dags/example_params_trigger_ui.py
[2025-08-26T04:38:08.192+0000] {processor.py:830} INFO - Processing file /home/airflow/.local/lib/python3.12/site-packages/airflow/example_dags/example_params_trigger_ui.py for tasks to queue
[2025-08-26T04:38:08.201+0000] {logging_mixin.py:188} INFO - [2025-08-26T04:38:08.200+0000] {dagbag.py:545} INFO - Filling up the DagBag from /home/airflow/.local/lib/python3.12/site-packages/airflow/example_dags/example_params_trigger_ui.py
[2025-08-26T04:38:08.378+0000] {processor.py:840} INFO - DAG(s) 'example_params_trigger_ui' retrieved from /home/airflow/.local/lib/python3.12/site-packages/airflow/example_dags/example_params_trigger_ui.py
[2025-08-26T04:38:09.062+0000] {logging_mixin.py:188} INFO - [2025-08-26T04:38:09.058+0000] {dag.py:3096} INFO - Sync 1 DAGs
[2025-08-26T04:38:09.142+0000] {logging_mixin.py:188} INFO - [2025-08-26T04:38:09.141+0000] {dag.py:3954} INFO - Setting next_dagrun for example_params_trigger_ui to None, run_after=None
[2025-08-26T04:38:09.262+0000] {processor.py:183} INFO - Processing /home/airflow/.local/lib/python3.12/site-packages/airflow/example_dags/example_params_trigger_ui.py took 1.097 seconds
[2025-08-26T04:38:39.793+0000] {processor.py:161} INFO - Started process (PID=4259) to work on /home/airflow/.local/lib/python3.12/site-packages/airflow/example_dags/example_params_trigger_ui.py
[2025-08-26T04:38:39.799+0000] {processor.py:830} INFO - Processing file /home/airflow/.local/lib/python3.12/site-packages/airflow/example_dags/example_params_trigger_ui.py for tasks to queue
[2025-08-26T04:38:39.810+0000] {logging_mixin.py:188} INFO - [2025-08-26T04:38:39.809+0000] {dagbag.py:545} INFO - Filling up the DagBag from /home/airflow/.local/lib/python3.12/site-packages/airflow/example_dags/example_params_trigger_ui.py
[2025-08-26T04:38:39.892+0000] {processor.py:840} INFO - DAG(s) 'example_params_trigger_ui' retrieved from /home/airflow/.local/lib/python3.12/site-packages/airflow/example_dags/example_params_trigger_ui.py
[2025-08-26T04:38:40.176+0000] {logging_mixin.py:188} INFO - [2025-08-26T04:38:40.176+0000] {dag.py:3096} INFO - Sync 1 DAGs
[2025-08-26T04:38:40.287+0000] {logging_mixin.py:188} INFO - [2025-08-26T04:38:40.284+0000] {dag.py:3954} INFO - Setting next_dagrun for example_params_trigger_ui to None, run_after=None
[2025-08-26T04:38:40.444+0000] {processor.py:183} INFO - Processing /home/airflow/.local/lib/python3.12/site-packages/airflow/example_dags/example_params_trigger_ui.py took 0.690 seconds
[2025-08-26T04:39:11.903+0000] {processor.py:161} INFO - Started process (PID=4521) to work on /home/airflow/.local/lib/python3.12/site-packages/airflow/example_dags/example_params_trigger_ui.py
[2025-08-26T04:39:11.908+0000] {processor.py:830} INFO - Processing file /home/airflow/.local/lib/python3.12/site-packages/airflow/example_dags/example_params_trigger_ui.py for tasks to queue
[2025-08-26T04:39:11.918+0000] {logging_mixin.py:188} INFO - [2025-08-26T04:39:11.917+0000] {dagbag.py:545} INFO - Filling up the DagBag from /home/airflow/.local/lib/python3.12/site-packages/airflow/example_dags/example_params_trigger_ui.py
[2025-08-26T04:39:11.992+0000] {processor.py:840} INFO - DAG(s) 'example_params_trigger_ui' retrieved from /home/airflow/.local/lib/python3.12/site-packages/airflow/example_dags/example_params_trigger_ui.py
[2025-08-26T04:39:12.418+0000] {logging_mixin.py:188} INFO - [2025-08-26T04:39:12.418+0000] {dag.py:3096} INFO - Sync 1 DAGs
[2025-08-26T04:39:12.564+0000] {logging_mixin.py:188} INFO - [2025-08-26T04:39:12.563+0000] {dag.py:3954} INFO - Setting next_dagrun for example_params_trigger_ui to None, run_after=None
[2025-08-26T04:39:12.770+0000] {processor.py:183} INFO - Processing /home/airflow/.local/lib/python3.12/site-packages/airflow/example_dags/example_params_trigger_ui.py took 0.894 seconds
[2025-08-26T04:39:52.105+0000] {processor.py:161} INFO - Started process (PID=4768) to work on /home/airflow/.local/lib/python3.12/site-packages/airflow/example_dags/example_params_trigger_ui.py
[2025-08-26T04:39:52.135+0000] {processor.py:830} INFO - Processing file /home/airflow/.local/lib/python3.12/site-packages/airflow/example_dags/example_params_trigger_ui.py for tasks to queue
[2025-08-26T04:39:52.150+0000] {logging_mixin.py:188} INFO - [2025-08-26T04:39:52.148+0000] {dagbag.py:545} INFO - Filling up the DagBag from /home/airflow/.local/lib/python3.12/site-packages/airflow/example_dags/example_params_trigger_ui.py
[2025-08-26T04:39:52.381+0000] {processor.py:840} INFO - DAG(s) 'example_params_trigger_ui' retrieved from /home/airflow/.local/lib/python3.12/site-packages/airflow/example_dags/example_params_trigger_ui.py
[2025-08-26T04:39:52.947+0000] {logging_mixin.py:188} INFO - [2025-08-26T04:39:52.946+0000] {dag.py:3096} INFO - Sync 1 DAGs
[2025-08-26T04:39:53.107+0000] {logging_mixin.py:188} INFO - [2025-08-26T04:39:53.107+0000] {dag.py:3954} INFO - Setting next_dagrun for example_params_trigger_ui to None, run_after=None
[2025-08-26T04:39:53.354+0000] {processor.py:183} INFO - Processing /home/airflow/.local/lib/python3.12/site-packages/airflow/example_dags/example_params_trigger_ui.py took 1.356 seconds
[2025-08-26T04:40:32.931+0000] {processor.py:161} INFO - Started process (PID=5046) to work on /home/airflow/.local/lib/python3.12/site-packages/airflow/example_dags/example_params_trigger_ui.py
[2025-08-26T04:40:32.944+0000] {processor.py:830} INFO - Processing file /home/airflow/.local/lib/python3.12/site-packages/airflow/example_dags/example_params_trigger_ui.py for tasks to queue
[2025-08-26T04:40:32.975+0000] {logging_mixin.py:188} INFO - [2025-08-26T04:40:32.974+0000] {dagbag.py:545} INFO - Filling up the DagBag from /home/airflow/.local/lib/python3.12/site-packages/airflow/example_dags/example_params_trigger_ui.py
[2025-08-26T04:40:33.163+0000] {processor.py:840} INFO - DAG(s) 'example_params_trigger_ui' retrieved from /home/airflow/.local/lib/python3.12/site-packages/airflow/example_dags/example_params_trigger_ui.py
[2025-08-26T04:40:34.100+0000] {logging_mixin.py:188} INFO - [2025-08-26T04:40:34.100+0000] {dag.py:3096} INFO - Sync 1 DAGs
[2025-08-26T04:40:34.373+0000] {logging_mixin.py:188} INFO - [2025-08-26T04:40:34.373+0000] {dag.py:3954} INFO - Setting next_dagrun for example_params_trigger_ui to None, run_after=None
[2025-08-26T04:40:34.668+0000] {processor.py:183} INFO - Processing /home/airflow/.local/lib/python3.12/site-packages/airflow/example_dags/example_params_trigger_ui.py took 1.789 seconds
[2025-08-26T04:41:06.820+0000] {processor.py:161} INFO - Started process (PID=5308) to work on /home/airflow/.local/lib/python3.12/site-packages/airflow/example_dags/example_params_trigger_ui.py
[2025-08-26T04:41:06.823+0000] {processor.py:830} INFO - Processing file /home/airflow/.local/lib/python3.12/site-packages/airflow/example_dags/example_params_trigger_ui.py for tasks to queue
[2025-08-26T04:41:06.831+0000] {logging_mixin.py:188} INFO - [2025-08-26T04:41:06.828+0000] {dagbag.py:545} INFO - Filling up the DagBag from /home/airflow/.local/lib/python3.12/site-packages/airflow/example_dags/example_params_trigger_ui.py
[2025-08-26T04:41:06.915+0000] {processor.py:840} INFO - DAG(s) 'example_params_trigger_ui' retrieved from /home/airflow/.local/lib/python3.12/site-packages/airflow/example_dags/example_params_trigger_ui.py
[2025-08-26T04:41:07.224+0000] {logging_mixin.py:188} INFO - [2025-08-26T04:41:07.223+0000] {dag.py:3096} INFO - Sync 1 DAGs
[2025-08-26T04:41:07.348+0000] {logging_mixin.py:188} INFO - [2025-08-26T04:41:07.346+0000] {dag.py:3954} INFO - Setting next_dagrun for example_params_trigger_ui to None, run_after=None
[2025-08-26T04:41:07.455+0000] {processor.py:183} INFO - Processing /home/airflow/.local/lib/python3.12/site-packages/airflow/example_dags/example_params_trigger_ui.py took 0.687 seconds
[2025-08-26T04:41:40.974+0000] {processor.py:161} INFO - Started process (PID=5569) to work on /home/airflow/.local/lib/python3.12/site-packages/airflow/example_dags/example_params_trigger_ui.py
[2025-08-26T04:41:41.044+0000] {processor.py:830} INFO - Processing file /home/airflow/.local/lib/python3.12/site-packages/airflow/example_dags/example_params_trigger_ui.py for tasks to queue
[2025-08-26T04:41:41.063+0000] {logging_mixin.py:188} INFO - [2025-08-26T04:41:41.062+0000] {dagbag.py:545} INFO - Filling up the DagBag from /home/airflow/.local/lib/python3.12/site-packages/airflow/example_dags/example_params_trigger_ui.py
[2025-08-26T04:41:41.187+0000] {processor.py:840} INFO - DAG(s) 'example_params_trigger_ui' retrieved from /home/airflow/.local/lib/python3.12/site-packages/airflow/example_dags/example_params_trigger_ui.py
[2025-08-26T04:41:41.546+0000] {logging_mixin.py:188} INFO - [2025-08-26T04:41:41.545+0000] {dag.py:3096} INFO - Sync 1 DAGs
[2025-08-26T04:41:41.627+0000] {logging_mixin.py:188} INFO - [2025-08-26T04:41:41.626+0000] {dag.py:3954} INFO - Setting next_dagrun for example_params_trigger_ui to None, run_after=None
[2025-08-26T04:41:41.733+0000] {processor.py:183} INFO - Processing /home/airflow/.local/lib/python3.12/site-packages/airflow/example_dags/example_params_trigger_ui.py took 0.827 seconds
[2025-08-26T04:42:17.503+0000] {processor.py:161} INFO - Started process (PID=5821) to work on /home/airflow/.local/lib/python3.12/site-packages/airflow/example_dags/example_params_trigger_ui.py
[2025-08-26T04:42:17.516+0000] {processor.py:830} INFO - Processing file /home/airflow/.local/lib/python3.12/site-packages/airflow/example_dags/example_params_trigger_ui.py for tasks to queue
[2025-08-26T04:42:17.529+0000] {logging_mixin.py:188} INFO - [2025-08-26T04:42:17.528+0000] {dagbag.py:545} INFO - Filling up the DagBag from /home/airflow/.local/lib/python3.12/site-packages/airflow/example_dags/example_params_trigger_ui.py
[2025-08-26T04:42:17.804+0000] {processor.py:840} INFO - DAG(s) 'example_params_trigger_ui' retrieved from /home/airflow/.local/lib/python3.12/site-packages/airflow/example_dags/example_params_trigger_ui.py
[2025-08-26T04:42:18.401+0000] {logging_mixin.py:188} INFO - [2025-08-26T04:42:18.399+0000] {dag.py:3096} INFO - Sync 1 DAGs
[2025-08-26T04:42:18.534+0000] {logging_mixin.py:188} INFO - [2025-08-26T04:42:18.533+0000] {dag.py:3954} INFO - Setting next_dagrun for example_params_trigger_ui to None, run_after=None
[2025-08-26T04:42:18.775+0000] {processor.py:183} INFO - Processing /home/airflow/.local/lib/python3.12/site-packages/airflow/example_dags/example_params_trigger_ui.py took 1.329 seconds
[2025-08-26T04:42:56.305+0000] {processor.py:161} INFO - Started process (PID=6093) to work on /home/airflow/.local/lib/python3.12/site-packages/airflow/example_dags/example_params_trigger_ui.py
[2025-08-26T04:42:56.311+0000] {processor.py:830} INFO - Processing file /home/airflow/.local/lib/python3.12/site-packages/airflow/example_dags/example_params_trigger_ui.py for tasks to queue
[2025-08-26T04:42:56.324+0000] {logging_mixin.py:188} INFO - [2025-08-26T04:42:56.320+0000] {dagbag.py:545} INFO - Filling up the DagBag from /home/airflow/.local/lib/python3.12/site-packages/airflow/example_dags/example_params_trigger_ui.py
[2025-08-26T04:42:56.412+0000] {processor.py:840} INFO - DAG(s) 'example_params_trigger_ui' retrieved from /home/airflow/.local/lib/python3.12/site-packages/airflow/example_dags/example_params_trigger_ui.py
[2025-08-26T04:42:56.727+0000] {logging_mixin.py:188} INFO - [2025-08-26T04:42:56.726+0000] {dag.py:3096} INFO - Sync 1 DAGs
[2025-08-26T04:42:56.829+0000] {logging_mixin.py:188} INFO - [2025-08-26T04:42:56.829+0000] {dag.py:3954} INFO - Setting next_dagrun for example_params_trigger_ui to None, run_after=None
[2025-08-26T04:42:57.147+0000] {processor.py:183} INFO - Processing /home/airflow/.local/lib/python3.12/site-packages/airflow/example_dags/example_params_trigger_ui.py took 0.887 seconds
[2025-08-26T04:43:30.846+0000] {processor.py:161} INFO - Started process (PID=6355) to work on /home/airflow/.local/lib/python3.12/site-packages/airflow/example_dags/example_params_trigger_ui.py
[2025-08-26T04:43:30.856+0000] {processor.py:830} INFO - Processing file /home/airflow/.local/lib/python3.12/site-packages/airflow/example_dags/example_params_trigger_ui.py for tasks to queue
[2025-08-26T04:43:30.882+0000] {logging_mixin.py:188} INFO - [2025-08-26T04:43:30.880+0000] {dagbag.py:545} INFO - Filling up the DagBag from /home/airflow/.local/lib/python3.12/site-packages/airflow/example_dags/example_params_trigger_ui.py
[2025-08-26T04:43:31.053+0000] {processor.py:840} INFO - DAG(s) 'example_params_trigger_ui' retrieved from /home/airflow/.local/lib/python3.12/site-packages/airflow/example_dags/example_params_trigger_ui.py
[2025-08-26T04:43:31.398+0000] {logging_mixin.py:188} INFO - [2025-08-26T04:43:31.397+0000] {dag.py:3096} INFO - Sync 1 DAGs
[2025-08-26T04:43:31.470+0000] {logging_mixin.py:188} INFO - [2025-08-26T04:43:31.469+0000] {dag.py:3954} INFO - Setting next_dagrun for example_params_trigger_ui to None, run_after=None
[2025-08-26T04:43:31.642+0000] {processor.py:183} INFO - Processing /home/airflow/.local/lib/python3.12/site-packages/airflow/example_dags/example_params_trigger_ui.py took 0.860 seconds
[2025-08-26T04:44:06.895+0000] {processor.py:161} INFO - Started process (PID=6595) to work on /home/airflow/.local/lib/python3.12/site-packages/airflow/example_dags/example_params_trigger_ui.py
[2025-08-26T04:44:06.899+0000] {processor.py:830} INFO - Processing file /home/airflow/.local/lib/python3.12/site-packages/airflow/example_dags/example_params_trigger_ui.py for tasks to queue
[2025-08-26T04:44:06.923+0000] {logging_mixin.py:188} INFO - [2025-08-26T04:44:06.922+0000] {dagbag.py:545} INFO - Filling up the DagBag from /home/airflow/.local/lib/python3.12/site-packages/airflow/example_dags/example_params_trigger_ui.py
[2025-08-26T04:44:07.021+0000] {processor.py:840} INFO - DAG(s) 'example_params_trigger_ui' retrieved from /home/airflow/.local/lib/python3.12/site-packages/airflow/example_dags/example_params_trigger_ui.py
[2025-08-26T04:44:07.318+0000] {logging_mixin.py:188} INFO - [2025-08-26T04:44:07.318+0000] {dag.py:3096} INFO - Sync 1 DAGs
[2025-08-26T04:44:07.410+0000] {logging_mixin.py:188} INFO - [2025-08-26T04:44:07.410+0000] {dag.py:3954} INFO - Setting next_dagrun for example_params_trigger_ui to None, run_after=None
[2025-08-26T04:44:07.589+0000] {processor.py:183} INFO - Processing /home/airflow/.local/lib/python3.12/site-packages/airflow/example_dags/example_params_trigger_ui.py took 0.731 seconds
[2025-08-26T04:44:39.851+0000] {processor.py:161} INFO - Started process (PID=6857) to work on /home/airflow/.local/lib/python3.12/site-packages/airflow/example_dags/example_params_trigger_ui.py
[2025-08-26T04:44:39.877+0000] {processor.py:830} INFO - Processing file /home/airflow/.local/lib/python3.12/site-packages/airflow/example_dags/example_params_trigger_ui.py for tasks to queue
[2025-08-26T04:44:39.908+0000] {logging_mixin.py:188} INFO - [2025-08-26T04:44:39.906+0000] {dagbag.py:545} INFO - Filling up the DagBag from /home/airflow/.local/lib/python3.12/site-packages/airflow/example_dags/example_params_trigger_ui.py
[2025-08-26T04:44:40.122+0000] {processor.py:840} INFO - DAG(s) 'example_params_trigger_ui' retrieved from /home/airflow/.local/lib/python3.12/site-packages/airflow/example_dags/example_params_trigger_ui.py
[2025-08-26T04:44:40.503+0000] {logging_mixin.py:188} INFO - [2025-08-26T04:44:40.502+0000] {dag.py:3096} INFO - Sync 1 DAGs
[2025-08-26T04:44:40.583+0000] {logging_mixin.py:188} INFO - [2025-08-26T04:44:40.583+0000] {dag.py:3954} INFO - Setting next_dagrun for example_params_trigger_ui to None, run_after=None
[2025-08-26T04:44:40.692+0000] {processor.py:183} INFO - Processing /home/airflow/.local/lib/python3.12/site-packages/airflow/example_dags/example_params_trigger_ui.py took 0.920 seconds
[2025-08-26T04:45:18.164+0000] {processor.py:161} INFO - Started process (PID=7129) to work on /home/airflow/.local/lib/python3.12/site-packages/airflow/example_dags/example_params_trigger_ui.py
[2025-08-26T04:45:18.179+0000] {processor.py:830} INFO - Processing file /home/airflow/.local/lib/python3.12/site-packages/airflow/example_dags/example_params_trigger_ui.py for tasks to queue
[2025-08-26T04:45:18.197+0000] {logging_mixin.py:188} INFO - [2025-08-26T04:45:18.196+0000] {dagbag.py:545} INFO - Filling up the DagBag from /home/airflow/.local/lib/python3.12/site-packages/airflow/example_dags/example_params_trigger_ui.py
[2025-08-26T04:45:18.341+0000] {processor.py:840} INFO - DAG(s) 'example_params_trigger_ui' retrieved from /home/airflow/.local/lib/python3.12/site-packages/airflow/example_dags/example_params_trigger_ui.py
[2025-08-26T04:45:19.046+0000] {logging_mixin.py:188} INFO - [2025-08-26T04:45:19.045+0000] {dag.py:3096} INFO - Sync 1 DAGs
[2025-08-26T04:45:19.188+0000] {logging_mixin.py:188} INFO - [2025-08-26T04:45:19.187+0000] {dag.py:3954} INFO - Setting next_dagrun for example_params_trigger_ui to None, run_after=None
[2025-08-26T04:45:19.368+0000] {processor.py:183} INFO - Processing /home/airflow/.local/lib/python3.12/site-packages/airflow/example_dags/example_params_trigger_ui.py took 1.258 seconds
[2025-08-26T04:45:54.771+0000] {processor.py:161} INFO - Started process (PID=7375) to work on /home/airflow/.local/lib/python3.12/site-packages/airflow/example_dags/example_params_trigger_ui.py
[2025-08-26T04:45:54.782+0000] {processor.py:830} INFO - Processing file /home/airflow/.local/lib/python3.12/site-packages/airflow/example_dags/example_params_trigger_ui.py for tasks to queue
[2025-08-26T04:45:54.789+0000] {logging_mixin.py:188} INFO - [2025-08-26T04:45:54.788+0000] {dagbag.py:545} INFO - Filling up the DagBag from /home/airflow/.local/lib/python3.12/site-packages/airflow/example_dags/example_params_trigger_ui.py
[2025-08-26T04:45:54.920+0000] {processor.py:840} INFO - DAG(s) 'example_params_trigger_ui' retrieved from /home/airflow/.local/lib/python3.12/site-packages/airflow/example_dags/example_params_trigger_ui.py
[2025-08-26T04:45:55.483+0000] {logging_mixin.py:188} INFO - [2025-08-26T04:45:55.482+0000] {dag.py:3096} INFO - Sync 1 DAGs
[2025-08-26T04:45:55.672+0000] {logging_mixin.py:188} INFO - [2025-08-26T04:45:55.671+0000] {dag.py:3954} INFO - Setting next_dagrun for example_params_trigger_ui to None, run_after=None
[2025-08-26T04:45:55.866+0000] {processor.py:183} INFO - Processing /home/airflow/.local/lib/python3.12/site-packages/airflow/example_dags/example_params_trigger_ui.py took 1.134 seconds
[2025-08-26T04:46:33.606+0000] {processor.py:161} INFO - Started process (PID=7619) to work on /home/airflow/.local/lib/python3.12/site-packages/airflow/example_dags/example_params_trigger_ui.py
[2025-08-26T04:46:33.621+0000] {processor.py:830} INFO - Processing file /home/airflow/.local/lib/python3.12/site-packages/airflow/example_dags/example_params_trigger_ui.py for tasks to queue
[2025-08-26T04:46:33.655+0000] {logging_mixin.py:188} INFO - [2025-08-26T04:46:33.653+0000] {dagbag.py:545} INFO - Filling up the DagBag from /home/airflow/.local/lib/python3.12/site-packages/airflow/example_dags/example_params_trigger_ui.py
[2025-08-26T04:46:33.885+0000] {processor.py:840} INFO - DAG(s) 'example_params_trigger_ui' retrieved from /home/airflow/.local/lib/python3.12/site-packages/airflow/example_dags/example_params_trigger_ui.py
[2025-08-26T04:46:34.307+0000] {logging_mixin.py:188} INFO - [2025-08-26T04:46:34.306+0000] {dag.py:3096} INFO - Sync 1 DAGs
[2025-08-26T04:46:34.431+0000] {logging_mixin.py:188} INFO - [2025-08-26T04:46:34.431+0000] {dag.py:3954} INFO - Setting next_dagrun for example_params_trigger_ui to None, run_after=None
[2025-08-26T04:46:34.562+0000] {processor.py:183} INFO - Processing /home/airflow/.local/lib/python3.12/site-packages/airflow/example_dags/example_params_trigger_ui.py took 1.098 seconds
[2025-08-26T04:47:05.782+0000] {processor.py:161} INFO - Started process (PID=7883) to work on /home/airflow/.local/lib/python3.12/site-packages/airflow/example_dags/example_params_trigger_ui.py
[2025-08-26T04:47:05.792+0000] {processor.py:830} INFO - Processing file /home/airflow/.local/lib/python3.12/site-packages/airflow/example_dags/example_params_trigger_ui.py for tasks to queue
[2025-08-26T04:47:05.802+0000] {logging_mixin.py:188} INFO - [2025-08-26T04:47:05.798+0000] {dagbag.py:545} INFO - Filling up the DagBag from /home/airflow/.local/lib/python3.12/site-packages/airflow/example_dags/example_params_trigger_ui.py
[2025-08-26T04:47:05.906+0000] {processor.py:840} INFO - DAG(s) 'example_params_trigger_ui' retrieved from /home/airflow/.local/lib/python3.12/site-packages/airflow/example_dags/example_params_trigger_ui.py
[2025-08-26T04:47:06.651+0000] {logging_mixin.py:188} INFO - [2025-08-26T04:47:06.651+0000] {dag.py:3096} INFO - Sync 1 DAGs
[2025-08-26T04:47:06.792+0000] {logging_mixin.py:188} INFO - [2025-08-26T04:47:06.790+0000] {dag.py:3954} INFO - Setting next_dagrun for example_params_trigger_ui to None, run_after=None
[2025-08-26T04:47:06.963+0000] {processor.py:183} INFO - Processing /home/airflow/.local/lib/python3.12/site-packages/airflow/example_dags/example_params_trigger_ui.py took 1.227 seconds
[2025-08-26T04:49:36.886+0000] {processor.py:161} INFO - Started process (PID=308) to work on /home/airflow/.local/lib/python3.12/site-packages/airflow/example_dags/example_params_trigger_ui.py
[2025-08-26T04:49:36.898+0000] {processor.py:830} INFO - Processing file /home/airflow/.local/lib/python3.12/site-packages/airflow/example_dags/example_params_trigger_ui.py for tasks to queue
[2025-08-26T04:49:36.908+0000] {logging_mixin.py:188} INFO - [2025-08-26T04:49:36.906+0000] {dagbag.py:545} INFO - Filling up the DagBag from /home/airflow/.local/lib/python3.12/site-packages/airflow/example_dags/example_params_trigger_ui.py
[2025-08-26T04:49:37.062+0000] {processor.py:840} INFO - DAG(s) 'example_params_trigger_ui' retrieved from /home/airflow/.local/lib/python3.12/site-packages/airflow/example_dags/example_params_trigger_ui.py
[2025-08-26T04:49:38.827+0000] {logging_mixin.py:188} INFO - [2025-08-26T04:49:38.824+0000] {dag.py:3096} INFO - Sync 1 DAGs
[2025-08-26T04:49:38.988+0000] {logging_mixin.py:188} INFO - [2025-08-26T04:49:38.988+0000] {dag.py:3954} INFO - Setting next_dagrun for example_params_trigger_ui to None, run_after=None
[2025-08-26T04:49:39.187+0000] {processor.py:183} INFO - Processing /home/airflow/.local/lib/python3.12/site-packages/airflow/example_dags/example_params_trigger_ui.py took 2.357 seconds
[2025-08-26T04:50:11.327+0000] {processor.py:161} INFO - Started process (PID=570) to work on /home/airflow/.local/lib/python3.12/site-packages/airflow/example_dags/example_params_trigger_ui.py
[2025-08-26T04:50:11.335+0000] {processor.py:830} INFO - Processing file /home/airflow/.local/lib/python3.12/site-packages/airflow/example_dags/example_params_trigger_ui.py for tasks to queue
[2025-08-26T04:50:11.342+0000] {logging_mixin.py:188} INFO - [2025-08-26T04:50:11.341+0000] {dagbag.py:545} INFO - Filling up the DagBag from /home/airflow/.local/lib/python3.12/site-packages/airflow/example_dags/example_params_trigger_ui.py
[2025-08-26T04:50:11.425+0000] {processor.py:840} INFO - DAG(s) 'example_params_trigger_ui' retrieved from /home/airflow/.local/lib/python3.12/site-packages/airflow/example_dags/example_params_trigger_ui.py
[2025-08-26T04:50:11.742+0000] {logging_mixin.py:188} INFO - [2025-08-26T04:50:11.741+0000] {dag.py:3096} INFO - Sync 1 DAGs
[2025-08-26T04:50:11.843+0000] {logging_mixin.py:188} INFO - [2025-08-26T04:50:11.842+0000] {dag.py:3954} INFO - Setting next_dagrun for example_params_trigger_ui to None, run_after=None
[2025-08-26T04:50:12.028+0000] {processor.py:183} INFO - Processing /home/airflow/.local/lib/python3.12/site-packages/airflow/example_dags/example_params_trigger_ui.py took 0.744 seconds
[2025-08-26T04:50:43.357+0000] {processor.py:161} INFO - Started process (PID=832) to work on /home/airflow/.local/lib/python3.12/site-packages/airflow/example_dags/example_params_trigger_ui.py
[2025-08-26T04:50:43.364+0000] {processor.py:830} INFO - Processing file /home/airflow/.local/lib/python3.12/site-packages/airflow/example_dags/example_params_trigger_ui.py for tasks to queue
[2025-08-26T04:50:43.371+0000] {logging_mixin.py:188} INFO - [2025-08-26T04:50:43.370+0000] {dagbag.py:545} INFO - Filling up the DagBag from /home/airflow/.local/lib/python3.12/site-packages/airflow/example_dags/example_params_trigger_ui.py
[2025-08-26T04:50:43.534+0000] {processor.py:840} INFO - DAG(s) 'example_params_trigger_ui' retrieved from /home/airflow/.local/lib/python3.12/site-packages/airflow/example_dags/example_params_trigger_ui.py
[2025-08-26T04:50:44.097+0000] {logging_mixin.py:188} INFO - [2025-08-26T04:50:44.096+0000] {dag.py:3096} INFO - Sync 1 DAGs
[2025-08-26T04:50:44.158+0000] {logging_mixin.py:188} INFO - [2025-08-26T04:50:44.156+0000] {dag.py:3954} INFO - Setting next_dagrun for example_params_trigger_ui to None, run_after=None
[2025-08-26T04:50:44.258+0000] {processor.py:183} INFO - Processing /home/airflow/.local/lib/python3.12/site-packages/airflow/example_dags/example_params_trigger_ui.py took 0.942 seconds
[2025-08-26T04:51:18.934+0000] {processor.py:161} INFO - Started process (PID=1094) to work on /home/airflow/.local/lib/python3.12/site-packages/airflow/example_dags/example_params_trigger_ui.py
[2025-08-26T04:51:18.955+0000] {processor.py:830} INFO - Processing file /home/airflow/.local/lib/python3.12/site-packages/airflow/example_dags/example_params_trigger_ui.py for tasks to queue
[2025-08-26T04:51:18.988+0000] {logging_mixin.py:188} INFO - [2025-08-26T04:51:18.987+0000] {dagbag.py:545} INFO - Filling up the DagBag from /home/airflow/.local/lib/python3.12/site-packages/airflow/example_dags/example_params_trigger_ui.py
[2025-08-26T04:51:19.086+0000] {processor.py:840} INFO - DAG(s) 'example_params_trigger_ui' retrieved from /home/airflow/.local/lib/python3.12/site-packages/airflow/example_dags/example_params_trigger_ui.py
[2025-08-26T04:51:19.427+0000] {logging_mixin.py:188} INFO - [2025-08-26T04:51:19.426+0000] {dag.py:3096} INFO - Sync 1 DAGs
[2025-08-26T04:51:19.507+0000] {logging_mixin.py:188} INFO - [2025-08-26T04:51:19.506+0000] {dag.py:3954} INFO - Setting next_dagrun for example_params_trigger_ui to None, run_after=None
[2025-08-26T04:51:19.636+0000] {processor.py:183} INFO - Processing /home/airflow/.local/lib/python3.12/site-packages/airflow/example_dags/example_params_trigger_ui.py took 0.736 seconds
[2025-08-26T04:51:52.528+0000] {processor.py:161} INFO - Started process (PID=1356) to work on /home/airflow/.local/lib/python3.12/site-packages/airflow/example_dags/example_params_trigger_ui.py
[2025-08-26T04:51:52.539+0000] {processor.py:830} INFO - Processing file /home/airflow/.local/lib/python3.12/site-packages/airflow/example_dags/example_params_trigger_ui.py for tasks to queue
[2025-08-26T04:51:52.565+0000] {logging_mixin.py:188} INFO - [2025-08-26T04:51:52.564+0000] {dagbag.py:545} INFO - Filling up the DagBag from /home/airflow/.local/lib/python3.12/site-packages/airflow/example_dags/example_params_trigger_ui.py
[2025-08-26T04:51:52.774+0000] {processor.py:840} INFO - DAG(s) 'example_params_trigger_ui' retrieved from /home/airflow/.local/lib/python3.12/site-packages/airflow/example_dags/example_params_trigger_ui.py
[2025-08-26T04:51:53.377+0000] {logging_mixin.py:188} INFO - [2025-08-26T04:51:53.376+0000] {dag.py:3096} INFO - Sync 1 DAGs
[2025-08-26T04:51:53.514+0000] {logging_mixin.py:188} INFO - [2025-08-26T04:51:53.503+0000] {dag.py:3954} INFO - Setting next_dagrun for example_params_trigger_ui to None, run_after=None
[2025-08-26T04:51:53.699+0000] {processor.py:183} INFO - Processing /home/airflow/.local/lib/python3.12/site-packages/airflow/example_dags/example_params_trigger_ui.py took 1.224 seconds
[2025-08-26T04:52:35.886+0000] {processor.py:161} INFO - Started process (PID=1622) to work on /home/airflow/.local/lib/python3.12/site-packages/airflow/example_dags/example_params_trigger_ui.py
[2025-08-26T04:52:35.936+0000] {processor.py:830} INFO - Processing file /home/airflow/.local/lib/python3.12/site-packages/airflow/example_dags/example_params_trigger_ui.py for tasks to queue
[2025-08-26T04:52:35.978+0000] {logging_mixin.py:188} INFO - [2025-08-26T04:52:35.977+0000] {dagbag.py:545} INFO - Filling up the DagBag from /home/airflow/.local/lib/python3.12/site-packages/airflow/example_dags/example_params_trigger_ui.py
[2025-08-26T04:52:36.151+0000] {processor.py:840} INFO - DAG(s) 'example_params_trigger_ui' retrieved from /home/airflow/.local/lib/python3.12/site-packages/airflow/example_dags/example_params_trigger_ui.py
[2025-08-26T04:52:37.103+0000] {logging_mixin.py:188} INFO - [2025-08-26T04:52:37.102+0000] {dag.py:3096} INFO - Sync 1 DAGs
[2025-08-26T04:52:37.341+0000] {logging_mixin.py:188} INFO - [2025-08-26T04:52:37.340+0000] {dag.py:3954} INFO - Setting next_dagrun for example_params_trigger_ui to None, run_after=None
[2025-08-26T04:52:37.657+0000] {processor.py:183} INFO - Processing /home/airflow/.local/lib/python3.12/site-packages/airflow/example_dags/example_params_trigger_ui.py took 2.036 seconds
[2025-08-26T04:53:08.054+0000] {processor.py:161} INFO - Started process (PID=1886) to work on /home/airflow/.local/lib/python3.12/site-packages/airflow/example_dags/example_params_trigger_ui.py
[2025-08-26T04:53:08.057+0000] {processor.py:830} INFO - Processing file /home/airflow/.local/lib/python3.12/site-packages/airflow/example_dags/example_params_trigger_ui.py for tasks to queue
[2025-08-26T04:53:08.064+0000] {logging_mixin.py:188} INFO - [2025-08-26T04:53:08.063+0000] {dagbag.py:545} INFO - Filling up the DagBag from /home/airflow/.local/lib/python3.12/site-packages/airflow/example_dags/example_params_trigger_ui.py
[2025-08-26T04:53:08.181+0000] {processor.py:840} INFO - DAG(s) 'example_params_trigger_ui' retrieved from /home/airflow/.local/lib/python3.12/site-packages/airflow/example_dags/example_params_trigger_ui.py
[2025-08-26T04:53:08.702+0000] {logging_mixin.py:188} INFO - [2025-08-26T04:53:08.700+0000] {dag.py:3096} INFO - Sync 1 DAGs
[2025-08-26T04:53:08.812+0000] {logging_mixin.py:188} INFO - [2025-08-26T04:53:08.811+0000] {dag.py:3954} INFO - Setting next_dagrun for example_params_trigger_ui to None, run_after=None
[2025-08-26T04:53:09.031+0000] {processor.py:183} INFO - Processing /home/airflow/.local/lib/python3.12/site-packages/airflow/example_dags/example_params_trigger_ui.py took 1.006 seconds
[2025-08-26T04:53:40.987+0000] {processor.py:161} INFO - Started process (PID=2146) to work on /home/airflow/.local/lib/python3.12/site-packages/airflow/example_dags/example_params_trigger_ui.py
[2025-08-26T04:53:41.002+0000] {processor.py:830} INFO - Processing file /home/airflow/.local/lib/python3.12/site-packages/airflow/example_dags/example_params_trigger_ui.py for tasks to queue
[2025-08-26T04:53:41.015+0000] {logging_mixin.py:188} INFO - [2025-08-26T04:53:41.010+0000] {dagbag.py:545} INFO - Filling up the DagBag from /home/airflow/.local/lib/python3.12/site-packages/airflow/example_dags/example_params_trigger_ui.py
[2025-08-26T04:53:41.421+0000] {processor.py:840} INFO - DAG(s) 'example_params_trigger_ui' retrieved from /home/airflow/.local/lib/python3.12/site-packages/airflow/example_dags/example_params_trigger_ui.py
[2025-08-26T04:53:42.118+0000] {logging_mixin.py:188} INFO - [2025-08-26T04:53:42.117+0000] {dag.py:3096} INFO - Sync 1 DAGs
[2025-08-26T04:53:42.203+0000] {logging_mixin.py:188} INFO - [2025-08-26T04:53:42.202+0000] {dag.py:3954} INFO - Setting next_dagrun for example_params_trigger_ui to None, run_after=None
[2025-08-26T04:53:42.390+0000] {processor.py:183} INFO - Processing /home/airflow/.local/lib/python3.12/site-packages/airflow/example_dags/example_params_trigger_ui.py took 1.470 seconds
[2025-08-26T04:54:13.072+0000] {processor.py:161} INFO - Started process (PID=2408) to work on /home/airflow/.local/lib/python3.12/site-packages/airflow/example_dags/example_params_trigger_ui.py
[2025-08-26T04:54:13.087+0000] {processor.py:830} INFO - Processing file /home/airflow/.local/lib/python3.12/site-packages/airflow/example_dags/example_params_trigger_ui.py for tasks to queue
[2025-08-26T04:54:13.100+0000] {logging_mixin.py:188} INFO - [2025-08-26T04:54:13.099+0000] {dagbag.py:545} INFO - Filling up the DagBag from /home/airflow/.local/lib/python3.12/site-packages/airflow/example_dags/example_params_trigger_ui.py
[2025-08-26T04:54:13.277+0000] {processor.py:840} INFO - DAG(s) 'example_params_trigger_ui' retrieved from /home/airflow/.local/lib/python3.12/site-packages/airflow/example_dags/example_params_trigger_ui.py
[2025-08-26T04:54:13.941+0000] {logging_mixin.py:188} INFO - [2025-08-26T04:54:13.940+0000] {dag.py:3096} INFO - Sync 1 DAGs
[2025-08-26T04:54:14.095+0000] {logging_mixin.py:188} INFO - [2025-08-26T04:54:14.094+0000] {dag.py:3954} INFO - Setting next_dagrun for example_params_trigger_ui to None, run_after=None
[2025-08-26T04:54:14.238+0000] {processor.py:183} INFO - Processing /home/airflow/.local/lib/python3.12/site-packages/airflow/example_dags/example_params_trigger_ui.py took 1.201 seconds
[2025-08-26T04:54:44.781+0000] {processor.py:161} INFO - Started process (PID=2664) to work on /home/airflow/.local/lib/python3.12/site-packages/airflow/example_dags/example_params_trigger_ui.py
[2025-08-26T04:54:44.785+0000] {processor.py:830} INFO - Processing file /home/airflow/.local/lib/python3.12/site-packages/airflow/example_dags/example_params_trigger_ui.py for tasks to queue
[2025-08-26T04:54:44.796+0000] {logging_mixin.py:188} INFO - [2025-08-26T04:54:44.795+0000] {dagbag.py:545} INFO - Filling up the DagBag from /home/airflow/.local/lib/python3.12/site-packages/airflow/example_dags/example_params_trigger_ui.py
[2025-08-26T04:54:44.880+0000] {processor.py:840} INFO - DAG(s) 'example_params_trigger_ui' retrieved from /home/airflow/.local/lib/python3.12/site-packages/airflow/example_dags/example_params_trigger_ui.py
[2025-08-26T04:54:45.291+0000] {logging_mixin.py:188} INFO - [2025-08-26T04:54:45.290+0000] {dag.py:3096} INFO - Sync 1 DAGs
[2025-08-26T04:54:45.472+0000] {logging_mixin.py:188} INFO - [2025-08-26T04:54:45.471+0000] {dag.py:3954} INFO - Setting next_dagrun for example_params_trigger_ui to None, run_after=None
[2025-08-26T04:54:45.816+0000] {processor.py:183} INFO - Processing /home/airflow/.local/lib/python3.12/site-packages/airflow/example_dags/example_params_trigger_ui.py took 1.064 seconds
[2025-08-26T04:55:17.489+0000] {processor.py:161} INFO - Started process (PID=2926) to work on /home/airflow/.local/lib/python3.12/site-packages/airflow/example_dags/example_params_trigger_ui.py
[2025-08-26T04:55:17.492+0000] {processor.py:830} INFO - Processing file /home/airflow/.local/lib/python3.12/site-packages/airflow/example_dags/example_params_trigger_ui.py for tasks to queue
[2025-08-26T04:55:17.507+0000] {logging_mixin.py:188} INFO - [2025-08-26T04:55:17.506+0000] {dagbag.py:545} INFO - Filling up the DagBag from /home/airflow/.local/lib/python3.12/site-packages/airflow/example_dags/example_params_trigger_ui.py
[2025-08-26T04:55:17.602+0000] {processor.py:840} INFO - DAG(s) 'example_params_trigger_ui' retrieved from /home/airflow/.local/lib/python3.12/site-packages/airflow/example_dags/example_params_trigger_ui.py
[2025-08-26T04:55:17.983+0000] {logging_mixin.py:188} INFO - [2025-08-26T04:55:17.982+0000] {dag.py:3096} INFO - Sync 1 DAGs
[2025-08-26T04:55:18.070+0000] {logging_mixin.py:188} INFO - [2025-08-26T04:55:18.069+0000] {dag.py:3954} INFO - Setting next_dagrun for example_params_trigger_ui to None, run_after=None
[2025-08-26T04:55:18.186+0000] {processor.py:183} INFO - Processing /home/airflow/.local/lib/python3.12/site-packages/airflow/example_dags/example_params_trigger_ui.py took 0.730 seconds
[2025-08-26T04:55:59.757+0000] {processor.py:161} INFO - Started process (PID=3148) to work on /home/airflow/.local/lib/python3.12/site-packages/airflow/example_dags/example_params_trigger_ui.py
[2025-08-26T04:55:59.787+0000] {processor.py:830} INFO - Processing file /home/airflow/.local/lib/python3.12/site-packages/airflow/example_dags/example_params_trigger_ui.py for tasks to queue
[2025-08-26T04:55:59.836+0000] {logging_mixin.py:188} INFO - [2025-08-26T04:55:59.835+0000] {dagbag.py:545} INFO - Filling up the DagBag from /home/airflow/.local/lib/python3.12/site-packages/airflow/example_dags/example_params_trigger_ui.py
[2025-08-26T04:56:00.108+0000] {processor.py:840} INFO - DAG(s) 'example_params_trigger_ui' retrieved from /home/airflow/.local/lib/python3.12/site-packages/airflow/example_dags/example_params_trigger_ui.py
[2025-08-26T04:56:01.025+0000] {logging_mixin.py:188} INFO - [2025-08-26T04:56:01.024+0000] {dag.py:3096} INFO - Sync 1 DAGs
[2025-08-26T04:56:01.244+0000] {logging_mixin.py:188} INFO - [2025-08-26T04:56:01.243+0000] {dag.py:3954} INFO - Setting next_dagrun for example_params_trigger_ui to None, run_after=None
[2025-08-26T04:56:01.403+0000] {processor.py:183} INFO - Processing /home/airflow/.local/lib/python3.12/site-packages/airflow/example_dags/example_params_trigger_ui.py took 1.732 seconds
[2025-08-26T04:56:33.540+0000] {processor.py:161} INFO - Started process (PID=3419) to work on /home/airflow/.local/lib/python3.12/site-packages/airflow/example_dags/example_params_trigger_ui.py
[2025-08-26T04:56:33.546+0000] {processor.py:830} INFO - Processing file /home/airflow/.local/lib/python3.12/site-packages/airflow/example_dags/example_params_trigger_ui.py for tasks to queue
[2025-08-26T04:56:33.566+0000] {logging_mixin.py:188} INFO - [2025-08-26T04:56:33.554+0000] {dagbag.py:545} INFO - Filling up the DagBag from /home/airflow/.local/lib/python3.12/site-packages/airflow/example_dags/example_params_trigger_ui.py
[2025-08-26T04:56:33.675+0000] {processor.py:840} INFO - DAG(s) 'example_params_trigger_ui' retrieved from /home/airflow/.local/lib/python3.12/site-packages/airflow/example_dags/example_params_trigger_ui.py
[2025-08-26T04:56:34.237+0000] {logging_mixin.py:188} INFO - [2025-08-26T04:56:34.236+0000] {dag.py:3096} INFO - Sync 1 DAGs
[2025-08-26T04:56:34.555+0000] {logging_mixin.py:188} INFO - [2025-08-26T04:56:34.555+0000] {dag.py:3954} INFO - Setting next_dagrun for example_params_trigger_ui to None, run_after=None
[2025-08-26T04:56:34.903+0000] {processor.py:183} INFO - Processing /home/airflow/.local/lib/python3.12/site-packages/airflow/example_dags/example_params_trigger_ui.py took 1.406 seconds
[2025-08-26T04:57:10.946+0000] {processor.py:161} INFO - Started process (PID=3680) to work on /home/airflow/.local/lib/python3.12/site-packages/airflow/example_dags/example_params_trigger_ui.py
[2025-08-26T04:57:10.963+0000] {processor.py:830} INFO - Processing file /home/airflow/.local/lib/python3.12/site-packages/airflow/example_dags/example_params_trigger_ui.py for tasks to queue
[2025-08-26T04:57:10.975+0000] {logging_mixin.py:188} INFO - [2025-08-26T04:57:10.974+0000] {dagbag.py:545} INFO - Filling up the DagBag from /home/airflow/.local/lib/python3.12/site-packages/airflow/example_dags/example_params_trigger_ui.py
[2025-08-26T04:57:11.121+0000] {processor.py:840} INFO - DAG(s) 'example_params_trigger_ui' retrieved from /home/airflow/.local/lib/python3.12/site-packages/airflow/example_dags/example_params_trigger_ui.py
[2025-08-26T04:57:11.505+0000] {logging_mixin.py:188} INFO - [2025-08-26T04:57:11.504+0000] {dag.py:3096} INFO - Sync 1 DAGs
[2025-08-26T04:57:11.595+0000] {logging_mixin.py:188} INFO - [2025-08-26T04:57:11.594+0000] {dag.py:3954} INFO - Setting next_dagrun for example_params_trigger_ui to None, run_after=None
[2025-08-26T04:57:11.720+0000] {processor.py:183} INFO - Processing /home/airflow/.local/lib/python3.12/site-packages/airflow/example_dags/example_params_trigger_ui.py took 0.845 seconds
[2025-08-26T05:34:45.781+0000] {processor.py:161} INFO - Started process (PID=3988) to work on /home/airflow/.local/lib/python3.12/site-packages/airflow/example_dags/example_params_trigger_ui.py
[2025-08-26T05:34:45.796+0000] {processor.py:830} INFO - Processing file /home/airflow/.local/lib/python3.12/site-packages/airflow/example_dags/example_params_trigger_ui.py for tasks to queue
[2025-08-26T05:34:45.846+0000] {logging_mixin.py:188} INFO - [2025-08-26T05:34:45.845+0000] {dagbag.py:545} INFO - Filling up the DagBag from /home/airflow/.local/lib/python3.12/site-packages/airflow/example_dags/example_params_trigger_ui.py
[2025-08-26T05:34:46.047+0000] {processor.py:840} INFO - DAG(s) 'example_params_trigger_ui' retrieved from /home/airflow/.local/lib/python3.12/site-packages/airflow/example_dags/example_params_trigger_ui.py
[2025-08-26T05:34:47.265+0000] {logging_mixin.py:188} INFO - [2025-08-26T05:34:47.264+0000] {dag.py:3096} INFO - Sync 1 DAGs
[2025-08-26T05:34:47.596+0000] {logging_mixin.py:188} INFO - [2025-08-26T05:34:47.584+0000] {dag.py:3954} INFO - Setting next_dagrun for example_params_trigger_ui to None, run_after=None
[2025-08-26T05:34:47.881+0000] {processor.py:183} INFO - Processing /home/airflow/.local/lib/python3.12/site-packages/airflow/example_dags/example_params_trigger_ui.py took 2.163 seconds
[2025-08-26T05:42:19.741+0000] {processor.py:161} INFO - Started process (PID=4356) to work on /home/airflow/.local/lib/python3.12/site-packages/airflow/example_dags/example_params_trigger_ui.py
[2025-08-26T05:42:19.786+0000] {processor.py:830} INFO - Processing file /home/airflow/.local/lib/python3.12/site-packages/airflow/example_dags/example_params_trigger_ui.py for tasks to queue
[2025-08-26T05:42:19.793+0000] {logging_mixin.py:188} INFO - [2025-08-26T05:42:19.792+0000] {dagbag.py:545} INFO - Filling up the DagBag from /home/airflow/.local/lib/python3.12/site-packages/airflow/example_dags/example_params_trigger_ui.py
[2025-08-26T05:42:20.125+0000] {processor.py:840} INFO - DAG(s) 'example_params_trigger_ui' retrieved from /home/airflow/.local/lib/python3.12/site-packages/airflow/example_dags/example_params_trigger_ui.py
[2025-08-26T05:42:21.140+0000] {logging_mixin.py:188} INFO - [2025-08-26T05:42:21.139+0000] {dag.py:3096} INFO - Sync 1 DAGs
[2025-08-26T05:42:21.427+0000] {logging_mixin.py:188} INFO - [2025-08-26T05:42:21.427+0000] {dag.py:3954} INFO - Setting next_dagrun for example_params_trigger_ui to None, run_after=None
[2025-08-26T05:42:22.035+0000] {processor.py:183} INFO - Processing /home/airflow/.local/lib/python3.12/site-packages/airflow/example_dags/example_params_trigger_ui.py took 2.393 seconds
[2025-08-26T05:43:31.664+0000] {processor.py:161} INFO - Started process (PID=4644) to work on /home/airflow/.local/lib/python3.12/site-packages/airflow/example_dags/example_params_trigger_ui.py
[2025-08-26T05:43:31.708+0000] {processor.py:830} INFO - Processing file /home/airflow/.local/lib/python3.12/site-packages/airflow/example_dags/example_params_trigger_ui.py for tasks to queue
[2025-08-26T05:43:31.726+0000] {logging_mixin.py:188} INFO - [2025-08-26T05:43:31.725+0000] {dagbag.py:545} INFO - Filling up the DagBag from /home/airflow/.local/lib/python3.12/site-packages/airflow/example_dags/example_params_trigger_ui.py
[2025-08-26T05:43:31.966+0000] {processor.py:840} INFO - DAG(s) 'example_params_trigger_ui' retrieved from /home/airflow/.local/lib/python3.12/site-packages/airflow/example_dags/example_params_trigger_ui.py
[2025-08-26T05:43:32.895+0000] {logging_mixin.py:188} INFO - [2025-08-26T05:43:32.894+0000] {dag.py:3096} INFO - Sync 1 DAGs
[2025-08-26T05:43:33.345+0000] {logging_mixin.py:188} INFO - [2025-08-26T05:43:33.344+0000] {dag.py:3954} INFO - Setting next_dagrun for example_params_trigger_ui to None, run_after=None
[2025-08-26T05:43:33.603+0000] {processor.py:183} INFO - Processing /home/airflow/.local/lib/python3.12/site-packages/airflow/example_dags/example_params_trigger_ui.py took 2.053 seconds
[2025-08-26T05:44:08.840+0000] {processor.py:161} INFO - Started process (PID=4900) to work on /home/airflow/.local/lib/python3.12/site-packages/airflow/example_dags/example_params_trigger_ui.py
[2025-08-26T05:44:08.850+0000] {processor.py:830} INFO - Processing file /home/airflow/.local/lib/python3.12/site-packages/airflow/example_dags/example_params_trigger_ui.py for tasks to queue
[2025-08-26T05:44:08.860+0000] {logging_mixin.py:188} INFO - [2025-08-26T05:44:08.858+0000] {dagbag.py:545} INFO - Filling up the DagBag from /home/airflow/.local/lib/python3.12/site-packages/airflow/example_dags/example_params_trigger_ui.py
[2025-08-26T05:44:09.039+0000] {processor.py:840} INFO - DAG(s) 'example_params_trigger_ui' retrieved from /home/airflow/.local/lib/python3.12/site-packages/airflow/example_dags/example_params_trigger_ui.py
[2025-08-26T05:44:09.587+0000] {logging_mixin.py:188} INFO - [2025-08-26T05:44:09.587+0000] {dag.py:3096} INFO - Sync 1 DAGs
[2025-08-26T05:44:09.716+0000] {logging_mixin.py:188} INFO - [2025-08-26T05:44:09.715+0000] {dag.py:3954} INFO - Setting next_dagrun for example_params_trigger_ui to None, run_after=None
[2025-08-26T05:44:09.853+0000] {processor.py:183} INFO - Processing /home/airflow/.local/lib/python3.12/site-packages/airflow/example_dags/example_params_trigger_ui.py took 1.053 seconds
[2025-08-26T05:44:46.280+0000] {processor.py:161} INFO - Started process (PID=5163) to work on /home/airflow/.local/lib/python3.12/site-packages/airflow/example_dags/example_params_trigger_ui.py
[2025-08-26T05:44:46.288+0000] {processor.py:830} INFO - Processing file /home/airflow/.local/lib/python3.12/site-packages/airflow/example_dags/example_params_trigger_ui.py for tasks to queue
[2025-08-26T05:44:46.308+0000] {logging_mixin.py:188} INFO - [2025-08-26T05:44:46.300+0000] {dagbag.py:545} INFO - Filling up the DagBag from /home/airflow/.local/lib/python3.12/site-packages/airflow/example_dags/example_params_trigger_ui.py
[2025-08-26T05:44:46.434+0000] {processor.py:840} INFO - DAG(s) 'example_params_trigger_ui' retrieved from /home/airflow/.local/lib/python3.12/site-packages/airflow/example_dags/example_params_trigger_ui.py
[2025-08-26T05:44:46.774+0000] {logging_mixin.py:188} INFO - [2025-08-26T05:44:46.773+0000] {dag.py:3096} INFO - Sync 1 DAGs
[2025-08-26T05:44:46.917+0000] {logging_mixin.py:188} INFO - [2025-08-26T05:44:46.916+0000] {dag.py:3954} INFO - Setting next_dagrun for example_params_trigger_ui to None, run_after=None
[2025-08-26T05:44:47.055+0000] {processor.py:183} INFO - Processing /home/airflow/.local/lib/python3.12/site-packages/airflow/example_dags/example_params_trigger_ui.py took 0.835 seconds
[2025-08-26T05:45:19.422+0000] {processor.py:161} INFO - Started process (PID=5419) to work on /home/airflow/.local/lib/python3.12/site-packages/airflow/example_dags/example_params_trigger_ui.py
[2025-08-26T05:45:19.428+0000] {processor.py:830} INFO - Processing file /home/airflow/.local/lib/python3.12/site-packages/airflow/example_dags/example_params_trigger_ui.py for tasks to queue
[2025-08-26T05:45:19.432+0000] {logging_mixin.py:188} INFO - [2025-08-26T05:45:19.431+0000] {dagbag.py:545} INFO - Filling up the DagBag from /home/airflow/.local/lib/python3.12/site-packages/airflow/example_dags/example_params_trigger_ui.py
[2025-08-26T05:45:19.530+0000] {processor.py:840} INFO - DAG(s) 'example_params_trigger_ui' retrieved from /home/airflow/.local/lib/python3.12/site-packages/airflow/example_dags/example_params_trigger_ui.py
[2025-08-26T05:45:19.812+0000] {logging_mixin.py:188} INFO - [2025-08-26T05:45:19.811+0000] {dag.py:3096} INFO - Sync 1 DAGs
[2025-08-26T05:45:19.881+0000] {logging_mixin.py:188} INFO - [2025-08-26T05:45:19.881+0000] {dag.py:3954} INFO - Setting next_dagrun for example_params_trigger_ui to None, run_after=None
[2025-08-26T05:45:20.018+0000] {processor.py:183} INFO - Processing /home/airflow/.local/lib/python3.12/site-packages/airflow/example_dags/example_params_trigger_ui.py took 0.627 seconds
[2025-08-26T05:45:50.755+0000] {processor.py:161} INFO - Started process (PID=5682) to work on /home/airflow/.local/lib/python3.12/site-packages/airflow/example_dags/example_params_trigger_ui.py
[2025-08-26T05:45:50.759+0000] {processor.py:830} INFO - Processing file /home/airflow/.local/lib/python3.12/site-packages/airflow/example_dags/example_params_trigger_ui.py for tasks to queue
[2025-08-26T05:45:50.764+0000] {logging_mixin.py:188} INFO - [2025-08-26T05:45:50.763+0000] {dagbag.py:545} INFO - Filling up the DagBag from /home/airflow/.local/lib/python3.12/site-packages/airflow/example_dags/example_params_trigger_ui.py
[2025-08-26T05:45:50.859+0000] {processor.py:840} INFO - DAG(s) 'example_params_trigger_ui' retrieved from /home/airflow/.local/lib/python3.12/site-packages/airflow/example_dags/example_params_trigger_ui.py
[2025-08-26T05:45:51.431+0000] {logging_mixin.py:188} INFO - [2025-08-26T05:45:51.431+0000] {dag.py:3096} INFO - Sync 1 DAGs
[2025-08-26T05:45:51.530+0000] {logging_mixin.py:188} INFO - [2025-08-26T05:45:51.529+0000] {dag.py:3954} INFO - Setting next_dagrun for example_params_trigger_ui to None, run_after=None
[2025-08-26T05:45:51.672+0000] {processor.py:183} INFO - Processing /home/airflow/.local/lib/python3.12/site-packages/airflow/example_dags/example_params_trigger_ui.py took 0.982 seconds
[2025-08-26T05:46:22.103+0000] {processor.py:161} INFO - Started process (PID=5944) to work on /home/airflow/.local/lib/python3.12/site-packages/airflow/example_dags/example_params_trigger_ui.py
[2025-08-26T05:46:22.122+0000] {processor.py:830} INFO - Processing file /home/airflow/.local/lib/python3.12/site-packages/airflow/example_dags/example_params_trigger_ui.py for tasks to queue
[2025-08-26T05:46:22.126+0000] {logging_mixin.py:188} INFO - [2025-08-26T05:46:22.125+0000] {dagbag.py:545} INFO - Filling up the DagBag from /home/airflow/.local/lib/python3.12/site-packages/airflow/example_dags/example_params_trigger_ui.py
[2025-08-26T05:46:22.256+0000] {processor.py:840} INFO - DAG(s) 'example_params_trigger_ui' retrieved from /home/airflow/.local/lib/python3.12/site-packages/airflow/example_dags/example_params_trigger_ui.py
[2025-08-26T05:46:22.688+0000] {logging_mixin.py:188} INFO - [2025-08-26T05:46:22.688+0000] {dag.py:3096} INFO - Sync 1 DAGs
[2025-08-26T05:46:22.793+0000] {logging_mixin.py:188} INFO - [2025-08-26T05:46:22.790+0000] {dag.py:3954} INFO - Setting next_dagrun for example_params_trigger_ui to None, run_after=None
[2025-08-26T05:46:22.944+0000] {processor.py:183} INFO - Processing /home/airflow/.local/lib/python3.12/site-packages/airflow/example_dags/example_params_trigger_ui.py took 0.891 seconds
[2025-08-26T05:46:54.361+0000] {processor.py:161} INFO - Started process (PID=6206) to work on /home/airflow/.local/lib/python3.12/site-packages/airflow/example_dags/example_params_trigger_ui.py
[2025-08-26T05:46:54.400+0000] {processor.py:830} INFO - Processing file /home/airflow/.local/lib/python3.12/site-packages/airflow/example_dags/example_params_trigger_ui.py for tasks to queue
[2025-08-26T05:46:54.405+0000] {logging_mixin.py:188} INFO - [2025-08-26T05:46:54.404+0000] {dagbag.py:545} INFO - Filling up the DagBag from /home/airflow/.local/lib/python3.12/site-packages/airflow/example_dags/example_params_trigger_ui.py
[2025-08-26T05:46:54.643+0000] {processor.py:840} INFO - DAG(s) 'example_params_trigger_ui' retrieved from /home/airflow/.local/lib/python3.12/site-packages/airflow/example_dags/example_params_trigger_ui.py
[2025-08-26T05:46:55.159+0000] {logging_mixin.py:188} INFO - [2025-08-26T05:46:55.159+0000] {dag.py:3096} INFO - Sync 1 DAGs
[2025-08-26T05:46:55.239+0000] {logging_mixin.py:188} INFO - [2025-08-26T05:46:55.237+0000] {dag.py:3954} INFO - Setting next_dagrun for example_params_trigger_ui to None, run_after=None
[2025-08-26T05:46:55.352+0000] {processor.py:183} INFO - Processing /home/airflow/.local/lib/python3.12/site-packages/airflow/example_dags/example_params_trigger_ui.py took 1.084 seconds
[2025-08-26T05:47:35.146+0000] {processor.py:161} INFO - Started process (PID=6468) to work on /home/airflow/.local/lib/python3.12/site-packages/airflow/example_dags/example_params_trigger_ui.py
[2025-08-26T05:47:35.151+0000] {processor.py:830} INFO - Processing file /home/airflow/.local/lib/python3.12/site-packages/airflow/example_dags/example_params_trigger_ui.py for tasks to queue
[2025-08-26T05:47:35.159+0000] {logging_mixin.py:188} INFO - [2025-08-26T05:47:35.157+0000] {dagbag.py:545} INFO - Filling up the DagBag from /home/airflow/.local/lib/python3.12/site-packages/airflow/example_dags/example_params_trigger_ui.py
[2025-08-26T05:47:35.260+0000] {processor.py:840} INFO - DAG(s) 'example_params_trigger_ui' retrieved from /home/airflow/.local/lib/python3.12/site-packages/airflow/example_dags/example_params_trigger_ui.py
[2025-08-26T05:47:35.569+0000] {logging_mixin.py:188} INFO - [2025-08-26T05:47:35.568+0000] {dag.py:3096} INFO - Sync 1 DAGs
[2025-08-26T05:47:35.653+0000] {logging_mixin.py:188} INFO - [2025-08-26T05:47:35.652+0000] {dag.py:3954} INFO - Setting next_dagrun for example_params_trigger_ui to None, run_after=None
[2025-08-26T05:47:35.766+0000] {processor.py:183} INFO - Processing /home/airflow/.local/lib/python3.12/site-packages/airflow/example_dags/example_params_trigger_ui.py took 0.673 seconds
