[2025-08-26T04:29:12.690+0000] {processor.py:161} INFO - Started process (PID=233) to work on /home/airflow/.local/lib/python3.12/site-packages/airflow/example_dags/example_time_delta_sensor_async.py
[2025-08-26T04:29:12.734+0000] {processor.py:830} INFO - Processing file /home/airflow/.local/lib/python3.12/site-packages/airflow/example_dags/example_time_delta_sensor_async.py for tasks to queue
[2025-08-26T04:29:12.759+0000] {logging_mixin.py:188} INFO - [2025-08-26T04:29:12.756+0000] {dagbag.py:545} INFO - Filling up the DagBag from /home/airflow/.local/lib/python3.12/site-packages/airflow/example_dags/example_time_delta_sensor_async.py
[2025-08-26T04:29:12.848+0000] {processor.py:840} INFO - DAG(s) 'example_time_delta_sensor_async' retrieved from /home/airflow/.local/lib/python3.12/site-packages/airflow/example_dags/example_time_delta_sensor_async.py
[2025-08-26T04:29:14.439+0000] {logging_mixin.py:188} INFO - [2025-08-26T04:29:14.437+0000] {override.py:1829} INFO - Created Permission View: can delete on DAG:example_time_delta_sensor_async
[2025-08-26T04:29:14.527+0000] {logging_mixin.py:188} INFO - [2025-08-26T04:29:14.526+0000] {override.py:1829} INFO - Created Permission View: can read on DAG:example_time_delta_sensor_async
[2025-08-26T04:29:14.576+0000] {logging_mixin.py:188} INFO - [2025-08-26T04:29:14.575+0000] {override.py:1829} INFO - Created Permission View: can edit on DAG:example_time_delta_sensor_async
[2025-08-26T04:29:14.578+0000] {logging_mixin.py:188} INFO - [2025-08-26T04:29:14.578+0000] {dag.py:3096} INFO - Sync 1 DAGs
[2025-08-26T04:29:14.693+0000] {logging_mixin.py:188} INFO - [2025-08-26T04:29:14.692+0000] {dag.py:3118} INFO - Creating ORM DAG for example_time_delta_sensor_async
[2025-08-26T04:29:14.704+0000] {logging_mixin.py:188} INFO - [2025-08-26T04:29:14.703+0000] {dag.py:3954} INFO - Setting next_dagrun for example_time_delta_sensor_async to None, run_after=None
[2025-08-26T04:29:14.874+0000] {processor.py:183} INFO - Processing /home/airflow/.local/lib/python3.12/site-packages/airflow/example_dags/example_time_delta_sensor_async.py took 2.257 seconds
[2025-08-26T04:30:47.115+0000] {processor.py:161} INFO - Started process (PID=506) to work on /home/airflow/.local/lib/python3.12/site-packages/airflow/example_dags/example_time_delta_sensor_async.py
[2025-08-26T04:30:47.132+0000] {processor.py:830} INFO - Processing file /home/airflow/.local/lib/python3.12/site-packages/airflow/example_dags/example_time_delta_sensor_async.py for tasks to queue
[2025-08-26T04:30:47.153+0000] {logging_mixin.py:188} INFO - [2025-08-26T04:30:47.152+0000] {dagbag.py:545} INFO - Filling up the DagBag from /home/airflow/.local/lib/python3.12/site-packages/airflow/example_dags/example_time_delta_sensor_async.py
[2025-08-26T04:30:47.202+0000] {processor.py:840} INFO - DAG(s) 'example_time_delta_sensor_async' retrieved from /home/airflow/.local/lib/python3.12/site-packages/airflow/example_dags/example_time_delta_sensor_async.py
[2025-08-26T04:30:47.524+0000] {logging_mixin.py:188} INFO - [2025-08-26T04:30:47.522+0000] {dag.py:3096} INFO - Sync 1 DAGs
[2025-08-26T04:30:47.665+0000] {logging_mixin.py:188} INFO - [2025-08-26T04:30:47.661+0000] {dag.py:3954} INFO - Setting next_dagrun for example_time_delta_sensor_async to None, run_after=None
[2025-08-26T04:30:47.840+0000] {processor.py:183} INFO - Processing /home/airflow/.local/lib/python3.12/site-packages/airflow/example_dags/example_time_delta_sensor_async.py took 0.856 seconds
[2025-08-26T04:31:19.747+0000] {processor.py:161} INFO - Started process (PID=763) to work on /home/airflow/.local/lib/python3.12/site-packages/airflow/example_dags/example_time_delta_sensor_async.py
[2025-08-26T04:31:19.762+0000] {processor.py:830} INFO - Processing file /home/airflow/.local/lib/python3.12/site-packages/airflow/example_dags/example_time_delta_sensor_async.py for tasks to queue
[2025-08-26T04:31:19.786+0000] {logging_mixin.py:188} INFO - [2025-08-26T04:31:19.784+0000] {dagbag.py:545} INFO - Filling up the DagBag from /home/airflow/.local/lib/python3.12/site-packages/airflow/example_dags/example_time_delta_sensor_async.py
[2025-08-26T04:31:19.820+0000] {processor.py:840} INFO - DAG(s) 'example_time_delta_sensor_async' retrieved from /home/airflow/.local/lib/python3.12/site-packages/airflow/example_dags/example_time_delta_sensor_async.py
[2025-08-26T04:31:20.027+0000] {logging_mixin.py:188} INFO - [2025-08-26T04:31:20.026+0000] {dag.py:3096} INFO - Sync 1 DAGs
[2025-08-26T04:31:20.225+0000] {logging_mixin.py:188} INFO - [2025-08-26T04:31:20.224+0000] {dag.py:3954} INFO - Setting next_dagrun for example_time_delta_sensor_async to None, run_after=None
[2025-08-26T04:31:20.423+0000] {processor.py:183} INFO - Processing /home/airflow/.local/lib/python3.12/site-packages/airflow/example_dags/example_time_delta_sensor_async.py took 0.768 seconds
[2025-08-26T04:31:56.511+0000] {processor.py:161} INFO - Started process (PID=1025) to work on /home/airflow/.local/lib/python3.12/site-packages/airflow/example_dags/example_time_delta_sensor_async.py
[2025-08-26T04:31:56.519+0000] {processor.py:830} INFO - Processing file /home/airflow/.local/lib/python3.12/site-packages/airflow/example_dags/example_time_delta_sensor_async.py for tasks to queue
[2025-08-26T04:31:56.542+0000] {logging_mixin.py:188} INFO - [2025-08-26T04:31:56.540+0000] {dagbag.py:545} INFO - Filling up the DagBag from /home/airflow/.local/lib/python3.12/site-packages/airflow/example_dags/example_time_delta_sensor_async.py
[2025-08-26T04:31:56.616+0000] {processor.py:840} INFO - DAG(s) 'example_time_delta_sensor_async' retrieved from /home/airflow/.local/lib/python3.12/site-packages/airflow/example_dags/example_time_delta_sensor_async.py
[2025-08-26T04:31:56.850+0000] {logging_mixin.py:188} INFO - [2025-08-26T04:31:56.848+0000] {dag.py:3096} INFO - Sync 1 DAGs
[2025-08-26T04:31:56.966+0000] {logging_mixin.py:188} INFO - [2025-08-26T04:31:56.965+0000] {dag.py:3954} INFO - Setting next_dagrun for example_time_delta_sensor_async to None, run_after=None
[2025-08-26T04:31:57.227+0000] {processor.py:183} INFO - Processing /home/airflow/.local/lib/python3.12/site-packages/airflow/example_dags/example_time_delta_sensor_async.py took 0.797 seconds
[2025-08-26T04:32:27.674+0000] {processor.py:161} INFO - Started process (PID=1287) to work on /home/airflow/.local/lib/python3.12/site-packages/airflow/example_dags/example_time_delta_sensor_async.py
[2025-08-26T04:32:27.677+0000] {processor.py:830} INFO - Processing file /home/airflow/.local/lib/python3.12/site-packages/airflow/example_dags/example_time_delta_sensor_async.py for tasks to queue
[2025-08-26T04:32:27.686+0000] {logging_mixin.py:188} INFO - [2025-08-26T04:32:27.683+0000] {dagbag.py:545} INFO - Filling up the DagBag from /home/airflow/.local/lib/python3.12/site-packages/airflow/example_dags/example_time_delta_sensor_async.py
[2025-08-26T04:32:27.715+0000] {processor.py:840} INFO - DAG(s) 'example_time_delta_sensor_async' retrieved from /home/airflow/.local/lib/python3.12/site-packages/airflow/example_dags/example_time_delta_sensor_async.py
[2025-08-26T04:32:27.797+0000] {logging_mixin.py:188} INFO - [2025-08-26T04:32:27.796+0000] {dag.py:3096} INFO - Sync 1 DAGs
[2025-08-26T04:32:27.851+0000] {logging_mixin.py:188} INFO - [2025-08-26T04:32:27.851+0000] {dag.py:3954} INFO - Setting next_dagrun for example_time_delta_sensor_async to None, run_after=None
[2025-08-26T04:32:27.923+0000] {processor.py:183} INFO - Processing /home/airflow/.local/lib/python3.12/site-packages/airflow/example_dags/example_time_delta_sensor_async.py took 0.279 seconds
[2025-08-26T04:33:09.173+0000] {processor.py:161} INFO - Started process (PID=1551) to work on /home/airflow/.local/lib/python3.12/site-packages/airflow/example_dags/example_time_delta_sensor_async.py
[2025-08-26T04:33:09.177+0000] {processor.py:830} INFO - Processing file /home/airflow/.local/lib/python3.12/site-packages/airflow/example_dags/example_time_delta_sensor_async.py for tasks to queue
[2025-08-26T04:33:09.182+0000] {logging_mixin.py:188} INFO - [2025-08-26T04:33:09.181+0000] {dagbag.py:545} INFO - Filling up the DagBag from /home/airflow/.local/lib/python3.12/site-packages/airflow/example_dags/example_time_delta_sensor_async.py
[2025-08-26T04:33:09.203+0000] {processor.py:840} INFO - DAG(s) 'example_time_delta_sensor_async' retrieved from /home/airflow/.local/lib/python3.12/site-packages/airflow/example_dags/example_time_delta_sensor_async.py
[2025-08-26T04:33:09.276+0000] {logging_mixin.py:188} INFO - [2025-08-26T04:33:09.276+0000] {dag.py:3096} INFO - Sync 1 DAGs
[2025-08-26T04:33:09.330+0000] {logging_mixin.py:188} INFO - [2025-08-26T04:33:09.330+0000] {dag.py:3954} INFO - Setting next_dagrun for example_time_delta_sensor_async to None, run_after=None
[2025-08-26T04:33:09.411+0000] {processor.py:183} INFO - Processing /home/airflow/.local/lib/python3.12/site-packages/airflow/example_dags/example_time_delta_sensor_async.py took 0.261 seconds
[2025-08-26T04:33:40.088+0000] {processor.py:161} INFO - Started process (PID=1798) to work on /home/airflow/.local/lib/python3.12/site-packages/airflow/example_dags/example_time_delta_sensor_async.py
[2025-08-26T04:33:40.093+0000] {processor.py:830} INFO - Processing file /home/airflow/.local/lib/python3.12/site-packages/airflow/example_dags/example_time_delta_sensor_async.py for tasks to queue
[2025-08-26T04:33:40.103+0000] {logging_mixin.py:188} INFO - [2025-08-26T04:33:40.102+0000] {dagbag.py:545} INFO - Filling up the DagBag from /home/airflow/.local/lib/python3.12/site-packages/airflow/example_dags/example_time_delta_sensor_async.py
[2025-08-26T04:33:40.128+0000] {processor.py:840} INFO - DAG(s) 'example_time_delta_sensor_async' retrieved from /home/airflow/.local/lib/python3.12/site-packages/airflow/example_dags/example_time_delta_sensor_async.py
[2025-08-26T04:33:40.230+0000] {logging_mixin.py:188} INFO - [2025-08-26T04:33:40.230+0000] {dag.py:3096} INFO - Sync 1 DAGs
[2025-08-26T04:33:40.326+0000] {logging_mixin.py:188} INFO - [2025-08-26T04:33:40.325+0000] {dag.py:3954} INFO - Setting next_dagrun for example_time_delta_sensor_async to None, run_after=None
[2025-08-26T04:33:40.419+0000] {processor.py:183} INFO - Processing /home/airflow/.local/lib/python3.12/site-packages/airflow/example_dags/example_time_delta_sensor_async.py took 0.364 seconds
[2025-08-26T04:34:10.652+0000] {processor.py:161} INFO - Started process (PID=2053) to work on /home/airflow/.local/lib/python3.12/site-packages/airflow/example_dags/example_time_delta_sensor_async.py
[2025-08-26T04:34:10.655+0000] {processor.py:830} INFO - Processing file /home/airflow/.local/lib/python3.12/site-packages/airflow/example_dags/example_time_delta_sensor_async.py for tasks to queue
[2025-08-26T04:34:10.670+0000] {logging_mixin.py:188} INFO - [2025-08-26T04:34:10.669+0000] {dagbag.py:545} INFO - Filling up the DagBag from /home/airflow/.local/lib/python3.12/site-packages/airflow/example_dags/example_time_delta_sensor_async.py
[2025-08-26T04:34:10.695+0000] {processor.py:840} INFO - DAG(s) 'example_time_delta_sensor_async' retrieved from /home/airflow/.local/lib/python3.12/site-packages/airflow/example_dags/example_time_delta_sensor_async.py
[2025-08-26T04:34:10.790+0000] {logging_mixin.py:188} INFO - [2025-08-26T04:34:10.789+0000] {dag.py:3096} INFO - Sync 1 DAGs
[2025-08-26T04:34:10.926+0000] {logging_mixin.py:188} INFO - [2025-08-26T04:34:10.925+0000] {dag.py:3954} INFO - Setting next_dagrun for example_time_delta_sensor_async to None, run_after=None
[2025-08-26T04:34:11.029+0000] {processor.py:183} INFO - Processing /home/airflow/.local/lib/python3.12/site-packages/airflow/example_dags/example_time_delta_sensor_async.py took 0.413 seconds
[2025-08-26T04:34:45.265+0000] {processor.py:161} INFO - Started process (PID=2316) to work on /home/airflow/.local/lib/python3.12/site-packages/airflow/example_dags/example_time_delta_sensor_async.py
[2025-08-26T04:34:45.277+0000] {processor.py:830} INFO - Processing file /home/airflow/.local/lib/python3.12/site-packages/airflow/example_dags/example_time_delta_sensor_async.py for tasks to queue
[2025-08-26T04:34:45.287+0000] {logging_mixin.py:188} INFO - [2025-08-26T04:34:45.285+0000] {dagbag.py:545} INFO - Filling up the DagBag from /home/airflow/.local/lib/python3.12/site-packages/airflow/example_dags/example_time_delta_sensor_async.py
[2025-08-26T04:34:45.354+0000] {processor.py:840} INFO - DAG(s) 'example_time_delta_sensor_async' retrieved from /home/airflow/.local/lib/python3.12/site-packages/airflow/example_dags/example_time_delta_sensor_async.py
[2025-08-26T04:34:45.583+0000] {logging_mixin.py:188} INFO - [2025-08-26T04:34:45.579+0000] {dag.py:3096} INFO - Sync 1 DAGs
[2025-08-26T04:34:45.692+0000] {logging_mixin.py:188} INFO - [2025-08-26T04:34:45.691+0000] {dag.py:3954} INFO - Setting next_dagrun for example_time_delta_sensor_async to None, run_after=None
[2025-08-26T04:34:45.841+0000] {processor.py:183} INFO - Processing /home/airflow/.local/lib/python3.12/site-packages/airflow/example_dags/example_time_delta_sensor_async.py took 0.654 seconds
[2025-08-26T04:35:16.451+0000] {processor.py:161} INFO - Started process (PID=2578) to work on /home/airflow/.local/lib/python3.12/site-packages/airflow/example_dags/example_time_delta_sensor_async.py
[2025-08-26T04:35:16.468+0000] {processor.py:830} INFO - Processing file /home/airflow/.local/lib/python3.12/site-packages/airflow/example_dags/example_time_delta_sensor_async.py for tasks to queue
[2025-08-26T04:35:16.476+0000] {logging_mixin.py:188} INFO - [2025-08-26T04:35:16.475+0000] {dagbag.py:545} INFO - Filling up the DagBag from /home/airflow/.local/lib/python3.12/site-packages/airflow/example_dags/example_time_delta_sensor_async.py
[2025-08-26T04:35:16.514+0000] {processor.py:840} INFO - DAG(s) 'example_time_delta_sensor_async' retrieved from /home/airflow/.local/lib/python3.12/site-packages/airflow/example_dags/example_time_delta_sensor_async.py
[2025-08-26T04:35:16.684+0000] {logging_mixin.py:188} INFO - [2025-08-26T04:35:16.679+0000] {dag.py:3096} INFO - Sync 1 DAGs
[2025-08-26T04:35:16.784+0000] {logging_mixin.py:188} INFO - [2025-08-26T04:35:16.784+0000] {dag.py:3954} INFO - Setting next_dagrun for example_time_delta_sensor_async to None, run_after=None
[2025-08-26T04:35:16.926+0000] {processor.py:183} INFO - Processing /home/airflow/.local/lib/python3.12/site-packages/airflow/example_dags/example_time_delta_sensor_async.py took 0.525 seconds
[2025-08-26T04:35:47.348+0000] {processor.py:161} INFO - Started process (PID=2840) to work on /home/airflow/.local/lib/python3.12/site-packages/airflow/example_dags/example_time_delta_sensor_async.py
[2025-08-26T04:35:47.351+0000] {processor.py:830} INFO - Processing file /home/airflow/.local/lib/python3.12/site-packages/airflow/example_dags/example_time_delta_sensor_async.py for tasks to queue
[2025-08-26T04:35:47.357+0000] {logging_mixin.py:188} INFO - [2025-08-26T04:35:47.356+0000] {dagbag.py:545} INFO - Filling up the DagBag from /home/airflow/.local/lib/python3.12/site-packages/airflow/example_dags/example_time_delta_sensor_async.py
[2025-08-26T04:35:47.374+0000] {processor.py:840} INFO - DAG(s) 'example_time_delta_sensor_async' retrieved from /home/airflow/.local/lib/python3.12/site-packages/airflow/example_dags/example_time_delta_sensor_async.py
[2025-08-26T04:35:47.458+0000] {logging_mixin.py:188} INFO - [2025-08-26T04:35:47.457+0000] {dag.py:3096} INFO - Sync 1 DAGs
[2025-08-26T04:35:47.509+0000] {logging_mixin.py:188} INFO - [2025-08-26T04:35:47.509+0000] {dag.py:3954} INFO - Setting next_dagrun for example_time_delta_sensor_async to None, run_after=None
[2025-08-26T04:35:47.582+0000] {processor.py:183} INFO - Processing /home/airflow/.local/lib/python3.12/site-packages/airflow/example_dags/example_time_delta_sensor_async.py took 0.257 seconds
[2025-08-26T04:36:18.001+0000] {processor.py:161} INFO - Started process (PID=3085) to work on /home/airflow/.local/lib/python3.12/site-packages/airflow/example_dags/example_time_delta_sensor_async.py
[2025-08-26T04:36:18.004+0000] {processor.py:830} INFO - Processing file /home/airflow/.local/lib/python3.12/site-packages/airflow/example_dags/example_time_delta_sensor_async.py for tasks to queue
[2025-08-26T04:36:18.017+0000] {logging_mixin.py:188} INFO - [2025-08-26T04:36:18.015+0000] {dagbag.py:545} INFO - Filling up the DagBag from /home/airflow/.local/lib/python3.12/site-packages/airflow/example_dags/example_time_delta_sensor_async.py
[2025-08-26T04:36:18.037+0000] {processor.py:840} INFO - DAG(s) 'example_time_delta_sensor_async' retrieved from /home/airflow/.local/lib/python3.12/site-packages/airflow/example_dags/example_time_delta_sensor_async.py
[2025-08-26T04:36:18.198+0000] {logging_mixin.py:188} INFO - [2025-08-26T04:36:18.195+0000] {dag.py:3096} INFO - Sync 1 DAGs
[2025-08-26T04:36:18.327+0000] {logging_mixin.py:188} INFO - [2025-08-26T04:36:18.326+0000] {dag.py:3954} INFO - Setting next_dagrun for example_time_delta_sensor_async to None, run_after=None
[2025-08-26T04:36:18.421+0000] {processor.py:183} INFO - Processing /home/airflow/.local/lib/python3.12/site-packages/airflow/example_dags/example_time_delta_sensor_async.py took 0.454 seconds
[2025-08-26T04:36:48.970+0000] {processor.py:161} INFO - Started process (PID=3328) to work on /home/airflow/.local/lib/python3.12/site-packages/airflow/example_dags/example_time_delta_sensor_async.py
[2025-08-26T04:36:48.987+0000] {processor.py:830} INFO - Processing file /home/airflow/.local/lib/python3.12/site-packages/airflow/example_dags/example_time_delta_sensor_async.py for tasks to queue
[2025-08-26T04:36:49.044+0000] {logging_mixin.py:188} INFO - [2025-08-26T04:36:49.042+0000] {dagbag.py:545} INFO - Filling up the DagBag from /home/airflow/.local/lib/python3.12/site-packages/airflow/example_dags/example_time_delta_sensor_async.py
[2025-08-26T04:36:49.107+0000] {processor.py:840} INFO - DAG(s) 'example_time_delta_sensor_async' retrieved from /home/airflow/.local/lib/python3.12/site-packages/airflow/example_dags/example_time_delta_sensor_async.py
[2025-08-26T04:36:49.249+0000] {logging_mixin.py:188} INFO - [2025-08-26T04:36:49.242+0000] {dag.py:3096} INFO - Sync 1 DAGs
[2025-08-26T04:36:49.373+0000] {logging_mixin.py:188} INFO - [2025-08-26T04:36:49.370+0000] {dag.py:3954} INFO - Setting next_dagrun for example_time_delta_sensor_async to None, run_after=None
[2025-08-26T04:36:49.499+0000] {processor.py:183} INFO - Processing /home/airflow/.local/lib/python3.12/site-packages/airflow/example_dags/example_time_delta_sensor_async.py took 0.647 seconds
[2025-08-26T04:37:19.725+0000] {processor.py:161} INFO - Started process (PID=3587) to work on /home/airflow/.local/lib/python3.12/site-packages/airflow/example_dags/example_time_delta_sensor_async.py
[2025-08-26T04:37:19.728+0000] {processor.py:830} INFO - Processing file /home/airflow/.local/lib/python3.12/site-packages/airflow/example_dags/example_time_delta_sensor_async.py for tasks to queue
[2025-08-26T04:37:19.735+0000] {logging_mixin.py:188} INFO - [2025-08-26T04:37:19.733+0000] {dagbag.py:545} INFO - Filling up the DagBag from /home/airflow/.local/lib/python3.12/site-packages/airflow/example_dags/example_time_delta_sensor_async.py
[2025-08-26T04:37:19.757+0000] {processor.py:840} INFO - DAG(s) 'example_time_delta_sensor_async' retrieved from /home/airflow/.local/lib/python3.12/site-packages/airflow/example_dags/example_time_delta_sensor_async.py
[2025-08-26T04:37:19.954+0000] {logging_mixin.py:188} INFO - [2025-08-26T04:37:19.954+0000] {dag.py:3096} INFO - Sync 1 DAGs
[2025-08-26T04:37:20.017+0000] {logging_mixin.py:188} INFO - [2025-08-26T04:37:20.016+0000] {dag.py:3954} INFO - Setting next_dagrun for example_time_delta_sensor_async to None, run_after=None
[2025-08-26T04:37:20.097+0000] {processor.py:183} INFO - Processing /home/airflow/.local/lib/python3.12/site-packages/airflow/example_dags/example_time_delta_sensor_async.py took 0.400 seconds
[2025-08-26T04:37:50.754+0000] {processor.py:161} INFO - Started process (PID=3841) to work on /home/airflow/.local/lib/python3.12/site-packages/airflow/example_dags/example_time_delta_sensor_async.py
[2025-08-26T04:37:50.769+0000] {processor.py:830} INFO - Processing file /home/airflow/.local/lib/python3.12/site-packages/airflow/example_dags/example_time_delta_sensor_async.py for tasks to queue
[2025-08-26T04:37:50.776+0000] {logging_mixin.py:188} INFO - [2025-08-26T04:37:50.775+0000] {dagbag.py:545} INFO - Filling up the DagBag from /home/airflow/.local/lib/python3.12/site-packages/airflow/example_dags/example_time_delta_sensor_async.py
[2025-08-26T04:37:50.811+0000] {processor.py:840} INFO - DAG(s) 'example_time_delta_sensor_async' retrieved from /home/airflow/.local/lib/python3.12/site-packages/airflow/example_dags/example_time_delta_sensor_async.py
[2025-08-26T04:37:50.977+0000] {logging_mixin.py:188} INFO - [2025-08-26T04:37:50.977+0000] {dag.py:3096} INFO - Sync 1 DAGs
[2025-08-26T04:37:51.050+0000] {logging_mixin.py:188} INFO - [2025-08-26T04:37:51.049+0000] {dag.py:3954} INFO - Setting next_dagrun for example_time_delta_sensor_async to None, run_after=None
[2025-08-26T04:37:51.190+0000] {processor.py:183} INFO - Processing /home/airflow/.local/lib/python3.12/site-packages/airflow/example_dags/example_time_delta_sensor_async.py took 0.468 seconds
[2025-08-26T04:38:22.088+0000] {processor.py:161} INFO - Started process (PID=4098) to work on /home/airflow/.local/lib/python3.12/site-packages/airflow/example_dags/example_time_delta_sensor_async.py
[2025-08-26T04:38:22.100+0000] {processor.py:830} INFO - Processing file /home/airflow/.local/lib/python3.12/site-packages/airflow/example_dags/example_time_delta_sensor_async.py for tasks to queue
[2025-08-26T04:38:22.125+0000] {logging_mixin.py:188} INFO - [2025-08-26T04:38:22.120+0000] {dagbag.py:545} INFO - Filling up the DagBag from /home/airflow/.local/lib/python3.12/site-packages/airflow/example_dags/example_time_delta_sensor_async.py
[2025-08-26T04:38:22.191+0000] {processor.py:840} INFO - DAG(s) 'example_time_delta_sensor_async' retrieved from /home/airflow/.local/lib/python3.12/site-packages/airflow/example_dags/example_time_delta_sensor_async.py
[2025-08-26T04:38:22.346+0000] {logging_mixin.py:188} INFO - [2025-08-26T04:38:22.345+0000] {dag.py:3096} INFO - Sync 1 DAGs
[2025-08-26T04:38:22.534+0000] {logging_mixin.py:188} INFO - [2025-08-26T04:38:22.534+0000] {dag.py:3954} INFO - Setting next_dagrun for example_time_delta_sensor_async to None, run_after=None
[2025-08-26T04:38:22.728+0000] {processor.py:183} INFO - Processing /home/airflow/.local/lib/python3.12/site-packages/airflow/example_dags/example_time_delta_sensor_async.py took 0.712 seconds
[2025-08-26T04:38:53.155+0000] {processor.py:161} INFO - Started process (PID=4356) to work on /home/airflow/.local/lib/python3.12/site-packages/airflow/example_dags/example_time_delta_sensor_async.py
[2025-08-26T04:38:53.166+0000] {processor.py:830} INFO - Processing file /home/airflow/.local/lib/python3.12/site-packages/airflow/example_dags/example_time_delta_sensor_async.py for tasks to queue
[2025-08-26T04:38:53.174+0000] {logging_mixin.py:188} INFO - [2025-08-26T04:38:53.172+0000] {dagbag.py:545} INFO - Filling up the DagBag from /home/airflow/.local/lib/python3.12/site-packages/airflow/example_dags/example_time_delta_sensor_async.py
[2025-08-26T04:38:53.195+0000] {processor.py:840} INFO - DAG(s) 'example_time_delta_sensor_async' retrieved from /home/airflow/.local/lib/python3.12/site-packages/airflow/example_dags/example_time_delta_sensor_async.py
[2025-08-26T04:38:53.291+0000] {logging_mixin.py:188} INFO - [2025-08-26T04:38:53.290+0000] {dag.py:3096} INFO - Sync 1 DAGs
[2025-08-26T04:38:53.368+0000] {logging_mixin.py:188} INFO - [2025-08-26T04:38:53.368+0000] {dag.py:3954} INFO - Setting next_dagrun for example_time_delta_sensor_async to None, run_after=None
[2025-08-26T04:38:53.456+0000] {processor.py:183} INFO - Processing /home/airflow/.local/lib/python3.12/site-packages/airflow/example_dags/example_time_delta_sensor_async.py took 0.344 seconds
[2025-08-26T04:39:24.135+0000] {processor.py:161} INFO - Started process (PID=4613) to work on /home/airflow/.local/lib/python3.12/site-packages/airflow/example_dags/example_time_delta_sensor_async.py
[2025-08-26T04:39:24.164+0000] {processor.py:830} INFO - Processing file /home/airflow/.local/lib/python3.12/site-packages/airflow/example_dags/example_time_delta_sensor_async.py for tasks to queue
[2025-08-26T04:39:24.196+0000] {logging_mixin.py:188} INFO - [2025-08-26T04:39:24.194+0000] {dagbag.py:545} INFO - Filling up the DagBag from /home/airflow/.local/lib/python3.12/site-packages/airflow/example_dags/example_time_delta_sensor_async.py
[2025-08-26T04:39:24.256+0000] {processor.py:840} INFO - DAG(s) 'example_time_delta_sensor_async' retrieved from /home/airflow/.local/lib/python3.12/site-packages/airflow/example_dags/example_time_delta_sensor_async.py
[2025-08-26T04:39:24.504+0000] {logging_mixin.py:188} INFO - [2025-08-26T04:39:24.501+0000] {dag.py:3096} INFO - Sync 1 DAGs
[2025-08-26T04:39:24.675+0000] {logging_mixin.py:188} INFO - [2025-08-26T04:39:24.674+0000] {dag.py:3954} INFO - Setting next_dagrun for example_time_delta_sensor_async to None, run_after=None
[2025-08-26T04:39:24.897+0000] {processor.py:183} INFO - Processing /home/airflow/.local/lib/python3.12/site-packages/airflow/example_dags/example_time_delta_sensor_async.py took 0.830 seconds
[2025-08-26T04:39:59.809+0000] {processor.py:161} INFO - Started process (PID=4813) to work on /home/airflow/.local/lib/python3.12/site-packages/airflow/example_dags/example_time_delta_sensor_async.py
[2025-08-26T04:39:59.822+0000] {processor.py:830} INFO - Processing file /home/airflow/.local/lib/python3.12/site-packages/airflow/example_dags/example_time_delta_sensor_async.py for tasks to queue
[2025-08-26T04:39:59.860+0000] {logging_mixin.py:188} INFO - [2025-08-26T04:39:59.859+0000] {dagbag.py:545} INFO - Filling up the DagBag from /home/airflow/.local/lib/python3.12/site-packages/airflow/example_dags/example_time_delta_sensor_async.py
[2025-08-26T04:39:59.907+0000] {processor.py:840} INFO - DAG(s) 'example_time_delta_sensor_async' retrieved from /home/airflow/.local/lib/python3.12/site-packages/airflow/example_dags/example_time_delta_sensor_async.py
[2025-08-26T04:40:00.065+0000] {logging_mixin.py:188} INFO - [2025-08-26T04:40:00.064+0000] {dag.py:3096} INFO - Sync 1 DAGs
[2025-08-26T04:40:00.303+0000] {logging_mixin.py:188} INFO - [2025-08-26T04:40:00.303+0000] {dag.py:3954} INFO - Setting next_dagrun for example_time_delta_sensor_async to None, run_after=None
[2025-08-26T04:40:00.534+0000] {processor.py:183} INFO - Processing /home/airflow/.local/lib/python3.12/site-packages/airflow/example_dags/example_time_delta_sensor_async.py took 0.778 seconds
[2025-08-26T04:40:38.565+0000] {processor.py:161} INFO - Started process (PID=5083) to work on /home/airflow/.local/lib/python3.12/site-packages/airflow/example_dags/example_time_delta_sensor_async.py
[2025-08-26T04:40:38.573+0000] {processor.py:830} INFO - Processing file /home/airflow/.local/lib/python3.12/site-packages/airflow/example_dags/example_time_delta_sensor_async.py for tasks to queue
[2025-08-26T04:40:38.584+0000] {logging_mixin.py:188} INFO - [2025-08-26T04:40:38.583+0000] {dagbag.py:545} INFO - Filling up the DagBag from /home/airflow/.local/lib/python3.12/site-packages/airflow/example_dags/example_time_delta_sensor_async.py
[2025-08-26T04:40:38.611+0000] {processor.py:840} INFO - DAG(s) 'example_time_delta_sensor_async' retrieved from /home/airflow/.local/lib/python3.12/site-packages/airflow/example_dags/example_time_delta_sensor_async.py
[2025-08-26T04:40:38.731+0000] {logging_mixin.py:188} INFO - [2025-08-26T04:40:38.729+0000] {dag.py:3096} INFO - Sync 1 DAGs
[2025-08-26T04:40:38.856+0000] {logging_mixin.py:188} INFO - [2025-08-26T04:40:38.855+0000] {dag.py:3954} INFO - Setting next_dagrun for example_time_delta_sensor_async to None, run_after=None
[2025-08-26T04:40:39.213+0000] {processor.py:183} INFO - Processing /home/airflow/.local/lib/python3.12/site-packages/airflow/example_dags/example_time_delta_sensor_async.py took 0.700 seconds
[2025-08-26T04:41:10.005+0000] {processor.py:161} INFO - Started process (PID=5348) to work on /home/airflow/.local/lib/python3.12/site-packages/airflow/example_dags/example_time_delta_sensor_async.py
[2025-08-26T04:41:10.012+0000] {processor.py:830} INFO - Processing file /home/airflow/.local/lib/python3.12/site-packages/airflow/example_dags/example_time_delta_sensor_async.py for tasks to queue
[2025-08-26T04:41:10.021+0000] {logging_mixin.py:188} INFO - [2025-08-26T04:41:10.020+0000] {dagbag.py:545} INFO - Filling up the DagBag from /home/airflow/.local/lib/python3.12/site-packages/airflow/example_dags/example_time_delta_sensor_async.py
[2025-08-26T04:41:10.044+0000] {processor.py:840} INFO - DAG(s) 'example_time_delta_sensor_async' retrieved from /home/airflow/.local/lib/python3.12/site-packages/airflow/example_dags/example_time_delta_sensor_async.py
[2025-08-26T04:41:10.135+0000] {logging_mixin.py:188} INFO - [2025-08-26T04:41:10.134+0000] {dag.py:3096} INFO - Sync 1 DAGs
[2025-08-26T04:41:10.310+0000] {logging_mixin.py:188} INFO - [2025-08-26T04:41:10.309+0000] {dag.py:3954} INFO - Setting next_dagrun for example_time_delta_sensor_async to None, run_after=None
[2025-08-26T04:41:10.488+0000] {processor.py:183} INFO - Processing /home/airflow/.local/lib/python3.12/site-packages/airflow/example_dags/example_time_delta_sensor_async.py took 0.521 seconds
[2025-08-26T04:41:44.561+0000] {processor.py:161} INFO - Started process (PID=5601) to work on /home/airflow/.local/lib/python3.12/site-packages/airflow/example_dags/example_time_delta_sensor_async.py
[2025-08-26T04:41:44.579+0000] {processor.py:830} INFO - Processing file /home/airflow/.local/lib/python3.12/site-packages/airflow/example_dags/example_time_delta_sensor_async.py for tasks to queue
[2025-08-26T04:41:44.601+0000] {logging_mixin.py:188} INFO - [2025-08-26T04:41:44.600+0000] {dagbag.py:545} INFO - Filling up the DagBag from /home/airflow/.local/lib/python3.12/site-packages/airflow/example_dags/example_time_delta_sensor_async.py
[2025-08-26T04:41:44.648+0000] {processor.py:840} INFO - DAG(s) 'example_time_delta_sensor_async' retrieved from /home/airflow/.local/lib/python3.12/site-packages/airflow/example_dags/example_time_delta_sensor_async.py
[2025-08-26T04:41:44.760+0000] {logging_mixin.py:188} INFO - [2025-08-26T04:41:44.754+0000] {dag.py:3096} INFO - Sync 1 DAGs
[2025-08-26T04:41:44.855+0000] {logging_mixin.py:188} INFO - [2025-08-26T04:41:44.854+0000] {dag.py:3954} INFO - Setting next_dagrun for example_time_delta_sensor_async to None, run_after=None
[2025-08-26T04:41:44.945+0000] {processor.py:183} INFO - Processing /home/airflow/.local/lib/python3.12/site-packages/airflow/example_dags/example_time_delta_sensor_async.py took 0.436 seconds
[2025-08-26T04:42:23.073+0000] {processor.py:161} INFO - Started process (PID=5846) to work on /home/airflow/.local/lib/python3.12/site-packages/airflow/example_dags/example_time_delta_sensor_async.py
[2025-08-26T04:42:23.150+0000] {processor.py:830} INFO - Processing file /home/airflow/.local/lib/python3.12/site-packages/airflow/example_dags/example_time_delta_sensor_async.py for tasks to queue
[2025-08-26T04:42:23.232+0000] {logging_mixin.py:188} INFO - [2025-08-26T04:42:23.231+0000] {dagbag.py:545} INFO - Filling up the DagBag from /home/airflow/.local/lib/python3.12/site-packages/airflow/example_dags/example_time_delta_sensor_async.py
[2025-08-26T04:42:23.346+0000] {processor.py:840} INFO - DAG(s) 'example_time_delta_sensor_async' retrieved from /home/airflow/.local/lib/python3.12/site-packages/airflow/example_dags/example_time_delta_sensor_async.py
[2025-08-26T04:42:23.658+0000] {logging_mixin.py:188} INFO - [2025-08-26T04:42:23.657+0000] {dag.py:3096} INFO - Sync 1 DAGs
[2025-08-26T04:42:23.913+0000] {logging_mixin.py:188} INFO - [2025-08-26T04:42:23.913+0000] {dag.py:3954} INFO - Setting next_dagrun for example_time_delta_sensor_async to None, run_after=None
[2025-08-26T04:42:24.274+0000] {processor.py:183} INFO - Processing /home/airflow/.local/lib/python3.12/site-packages/airflow/example_dags/example_time_delta_sensor_async.py took 1.315 seconds
[2025-08-26T04:42:58.991+0000] {processor.py:161} INFO - Started process (PID=6108) to work on /home/airflow/.local/lib/python3.12/site-packages/airflow/example_dags/example_time_delta_sensor_async.py
[2025-08-26T04:42:59.042+0000] {processor.py:830} INFO - Processing file /home/airflow/.local/lib/python3.12/site-packages/airflow/example_dags/example_time_delta_sensor_async.py for tasks to queue
[2025-08-26T04:42:59.088+0000] {logging_mixin.py:188} INFO - [2025-08-26T04:42:59.087+0000] {dagbag.py:545} INFO - Filling up the DagBag from /home/airflow/.local/lib/python3.12/site-packages/airflow/example_dags/example_time_delta_sensor_async.py
[2025-08-26T04:42:59.167+0000] {processor.py:840} INFO - DAG(s) 'example_time_delta_sensor_async' retrieved from /home/airflow/.local/lib/python3.12/site-packages/airflow/example_dags/example_time_delta_sensor_async.py
[2025-08-26T04:42:59.445+0000] {logging_mixin.py:188} INFO - [2025-08-26T04:42:59.444+0000] {dag.py:3096} INFO - Sync 1 DAGs
[2025-08-26T04:42:59.762+0000] {logging_mixin.py:188} INFO - [2025-08-26T04:42:59.757+0000] {dag.py:3954} INFO - Setting next_dagrun for example_time_delta_sensor_async to None, run_after=None
[2025-08-26T04:43:00.014+0000] {processor.py:183} INFO - Processing /home/airflow/.local/lib/python3.12/site-packages/airflow/example_dags/example_time_delta_sensor_async.py took 1.082 seconds
[2025-08-26T04:43:32.957+0000] {processor.py:161} INFO - Started process (PID=6367) to work on /home/airflow/.local/lib/python3.12/site-packages/airflow/example_dags/example_time_delta_sensor_async.py
[2025-08-26T04:43:32.966+0000] {processor.py:830} INFO - Processing file /home/airflow/.local/lib/python3.12/site-packages/airflow/example_dags/example_time_delta_sensor_async.py for tasks to queue
[2025-08-26T04:43:32.983+0000] {logging_mixin.py:188} INFO - [2025-08-26T04:43:32.975+0000] {dagbag.py:545} INFO - Filling up the DagBag from /home/airflow/.local/lib/python3.12/site-packages/airflow/example_dags/example_time_delta_sensor_async.py
[2025-08-26T04:43:33.023+0000] {processor.py:840} INFO - DAG(s) 'example_time_delta_sensor_async' retrieved from /home/airflow/.local/lib/python3.12/site-packages/airflow/example_dags/example_time_delta_sensor_async.py
[2025-08-26T04:43:33.168+0000] {logging_mixin.py:188} INFO - [2025-08-26T04:43:33.167+0000] {dag.py:3096} INFO - Sync 1 DAGs
[2025-08-26T04:43:33.352+0000] {logging_mixin.py:188} INFO - [2025-08-26T04:43:33.352+0000] {dag.py:3954} INFO - Setting next_dagrun for example_time_delta_sensor_async to None, run_after=None
[2025-08-26T04:43:33.901+0000] {processor.py:183} INFO - Processing /home/airflow/.local/lib/python3.12/site-packages/airflow/example_dags/example_time_delta_sensor_async.py took 1.042 seconds
[2025-08-26T04:44:09.361+0000] {processor.py:161} INFO - Started process (PID=6630) to work on /home/airflow/.local/lib/python3.12/site-packages/airflow/example_dags/example_time_delta_sensor_async.py
[2025-08-26T04:44:09.381+0000] {processor.py:830} INFO - Processing file /home/airflow/.local/lib/python3.12/site-packages/airflow/example_dags/example_time_delta_sensor_async.py for tasks to queue
[2025-08-26T04:44:09.412+0000] {logging_mixin.py:188} INFO - [2025-08-26T04:44:09.410+0000] {dagbag.py:545} INFO - Filling up the DagBag from /home/airflow/.local/lib/python3.12/site-packages/airflow/example_dags/example_time_delta_sensor_async.py
[2025-08-26T04:44:09.480+0000] {processor.py:840} INFO - DAG(s) 'example_time_delta_sensor_async' retrieved from /home/airflow/.local/lib/python3.12/site-packages/airflow/example_dags/example_time_delta_sensor_async.py
[2025-08-26T04:44:09.786+0000] {logging_mixin.py:188} INFO - [2025-08-26T04:44:09.786+0000] {dag.py:3096} INFO - Sync 1 DAGs
[2025-08-26T04:44:10.054+0000] {logging_mixin.py:188} INFO - [2025-08-26T04:44:10.053+0000] {dag.py:3954} INFO - Setting next_dagrun for example_time_delta_sensor_async to None, run_after=None
[2025-08-26T04:44:10.173+0000] {processor.py:183} INFO - Processing /home/airflow/.local/lib/python3.12/site-packages/airflow/example_dags/example_time_delta_sensor_async.py took 0.899 seconds
[2025-08-26T04:44:43.070+0000] {processor.py:161} INFO - Started process (PID=6887) to work on /home/airflow/.local/lib/python3.12/site-packages/airflow/example_dags/example_time_delta_sensor_async.py
[2025-08-26T04:44:43.074+0000] {processor.py:830} INFO - Processing file /home/airflow/.local/lib/python3.12/site-packages/airflow/example_dags/example_time_delta_sensor_async.py for tasks to queue
[2025-08-26T04:44:43.097+0000] {logging_mixin.py:188} INFO - [2025-08-26T04:44:43.095+0000] {dagbag.py:545} INFO - Filling up the DagBag from /home/airflow/.local/lib/python3.12/site-packages/airflow/example_dags/example_time_delta_sensor_async.py
[2025-08-26T04:44:43.148+0000] {processor.py:840} INFO - DAG(s) 'example_time_delta_sensor_async' retrieved from /home/airflow/.local/lib/python3.12/site-packages/airflow/example_dags/example_time_delta_sensor_async.py
[2025-08-26T04:44:43.360+0000] {logging_mixin.py:188} INFO - [2025-08-26T04:44:43.348+0000] {dag.py:3096} INFO - Sync 1 DAGs
[2025-08-26T04:44:43.537+0000] {logging_mixin.py:188} INFO - [2025-08-26T04:44:43.536+0000] {dag.py:3954} INFO - Setting next_dagrun for example_time_delta_sensor_async to None, run_after=None
[2025-08-26T04:44:43.742+0000] {processor.py:183} INFO - Processing /home/airflow/.local/lib/python3.12/site-packages/airflow/example_dags/example_time_delta_sensor_async.py took 0.713 seconds
[2025-08-26T04:45:16.312+0000] {processor.py:161} INFO - Started process (PID=7109) to work on /home/airflow/.local/lib/python3.12/site-packages/airflow/example_dags/example_time_delta_sensor_async.py
[2025-08-26T04:45:16.329+0000] {processor.py:830} INFO - Processing file /home/airflow/.local/lib/python3.12/site-packages/airflow/example_dags/example_time_delta_sensor_async.py for tasks to queue
[2025-08-26T04:45:16.369+0000] {logging_mixin.py:188} INFO - [2025-08-26T04:45:16.361+0000] {dagbag.py:545} INFO - Filling up the DagBag from /home/airflow/.local/lib/python3.12/site-packages/airflow/example_dags/example_time_delta_sensor_async.py
[2025-08-26T04:45:16.416+0000] {processor.py:840} INFO - DAG(s) 'example_time_delta_sensor_async' retrieved from /home/airflow/.local/lib/python3.12/site-packages/airflow/example_dags/example_time_delta_sensor_async.py
[2025-08-26T04:45:16.557+0000] {logging_mixin.py:188} INFO - [2025-08-26T04:45:16.556+0000] {dag.py:3096} INFO - Sync 1 DAGs
[2025-08-26T04:45:16.647+0000] {logging_mixin.py:188} INFO - [2025-08-26T04:45:16.646+0000] {dag.py:3954} INFO - Setting next_dagrun for example_time_delta_sensor_async to None, run_after=None
[2025-08-26T04:45:16.828+0000] {processor.py:183} INFO - Processing /home/airflow/.local/lib/python3.12/site-packages/airflow/example_dags/example_time_delta_sensor_async.py took 0.569 seconds
[2025-08-26T04:45:51.674+0000] {processor.py:161} INFO - Started process (PID=7355) to work on /home/airflow/.local/lib/python3.12/site-packages/airflow/example_dags/example_time_delta_sensor_async.py
[2025-08-26T04:45:51.682+0000] {processor.py:830} INFO - Processing file /home/airflow/.local/lib/python3.12/site-packages/airflow/example_dags/example_time_delta_sensor_async.py for tasks to queue
[2025-08-26T04:45:51.706+0000] {logging_mixin.py:188} INFO - [2025-08-26T04:45:51.694+0000] {dagbag.py:545} INFO - Filling up the DagBag from /home/airflow/.local/lib/python3.12/site-packages/airflow/example_dags/example_time_delta_sensor_async.py
[2025-08-26T04:45:51.805+0000] {processor.py:840} INFO - DAG(s) 'example_time_delta_sensor_async' retrieved from /home/airflow/.local/lib/python3.12/site-packages/airflow/example_dags/example_time_delta_sensor_async.py
[2025-08-26T04:45:52.099+0000] {logging_mixin.py:188} INFO - [2025-08-26T04:45:52.099+0000] {dag.py:3096} INFO - Sync 1 DAGs
[2025-08-26T04:45:52.251+0000] {logging_mixin.py:188} INFO - [2025-08-26T04:45:52.250+0000] {dag.py:3954} INFO - Setting next_dagrun for example_time_delta_sensor_async to None, run_after=None
[2025-08-26T04:45:52.572+0000] {processor.py:183} INFO - Processing /home/airflow/.local/lib/python3.12/site-packages/airflow/example_dags/example_time_delta_sensor_async.py took 0.952 seconds
[2025-08-26T04:46:30.113+0000] {processor.py:161} INFO - Started process (PID=7597) to work on /home/airflow/.local/lib/python3.12/site-packages/airflow/example_dags/example_time_delta_sensor_async.py
[2025-08-26T04:46:30.116+0000] {processor.py:830} INFO - Processing file /home/airflow/.local/lib/python3.12/site-packages/airflow/example_dags/example_time_delta_sensor_async.py for tasks to queue
[2025-08-26T04:46:30.149+0000] {logging_mixin.py:188} INFO - [2025-08-26T04:46:30.131+0000] {dagbag.py:545} INFO - Filling up the DagBag from /home/airflow/.local/lib/python3.12/site-packages/airflow/example_dags/example_time_delta_sensor_async.py
[2025-08-26T04:46:30.204+0000] {processor.py:840} INFO - DAG(s) 'example_time_delta_sensor_async' retrieved from /home/airflow/.local/lib/python3.12/site-packages/airflow/example_dags/example_time_delta_sensor_async.py
[2025-08-26T04:46:30.344+0000] {logging_mixin.py:188} INFO - [2025-08-26T04:46:30.343+0000] {dag.py:3096} INFO - Sync 1 DAGs
[2025-08-26T04:46:30.440+0000] {logging_mixin.py:188} INFO - [2025-08-26T04:46:30.439+0000] {dag.py:3954} INFO - Setting next_dagrun for example_time_delta_sensor_async to None, run_after=None
[2025-08-26T04:46:30.704+0000] {processor.py:183} INFO - Processing /home/airflow/.local/lib/python3.12/site-packages/airflow/example_dags/example_time_delta_sensor_async.py took 0.674 seconds
[2025-08-26T04:47:03.194+0000] {processor.py:161} INFO - Started process (PID=7860) to work on /home/airflow/.local/lib/python3.12/site-packages/airflow/example_dags/example_time_delta_sensor_async.py
[2025-08-26T04:47:03.205+0000] {processor.py:830} INFO - Processing file /home/airflow/.local/lib/python3.12/site-packages/airflow/example_dags/example_time_delta_sensor_async.py for tasks to queue
[2025-08-26T04:47:03.226+0000] {logging_mixin.py:188} INFO - [2025-08-26T04:47:03.224+0000] {dagbag.py:545} INFO - Filling up the DagBag from /home/airflow/.local/lib/python3.12/site-packages/airflow/example_dags/example_time_delta_sensor_async.py
[2025-08-26T04:47:03.264+0000] {processor.py:840} INFO - DAG(s) 'example_time_delta_sensor_async' retrieved from /home/airflow/.local/lib/python3.12/site-packages/airflow/example_dags/example_time_delta_sensor_async.py
[2025-08-26T04:47:03.406+0000] {logging_mixin.py:188} INFO - [2025-08-26T04:47:03.405+0000] {dag.py:3096} INFO - Sync 1 DAGs
[2025-08-26T04:47:03.487+0000] {logging_mixin.py:188} INFO - [2025-08-26T04:47:03.486+0000] {dag.py:3954} INFO - Setting next_dagrun for example_time_delta_sensor_async to None, run_after=None
[2025-08-26T04:47:03.753+0000] {processor.py:183} INFO - Processing /home/airflow/.local/lib/python3.12/site-packages/airflow/example_dags/example_time_delta_sensor_async.py took 0.598 seconds
[2025-08-26T04:49:18.329+0000] {processor.py:161} INFO - Started process (PID=223) to work on /home/airflow/.local/lib/python3.12/site-packages/airflow/example_dags/example_time_delta_sensor_async.py
[2025-08-26T04:49:18.338+0000] {processor.py:830} INFO - Processing file /home/airflow/.local/lib/python3.12/site-packages/airflow/example_dags/example_time_delta_sensor_async.py for tasks to queue
[2025-08-26T04:49:18.375+0000] {logging_mixin.py:188} INFO - [2025-08-26T04:49:18.374+0000] {dagbag.py:545} INFO - Filling up the DagBag from /home/airflow/.local/lib/python3.12/site-packages/airflow/example_dags/example_time_delta_sensor_async.py
[2025-08-26T04:49:18.428+0000] {processor.py:840} INFO - DAG(s) 'example_time_delta_sensor_async' retrieved from /home/airflow/.local/lib/python3.12/site-packages/airflow/example_dags/example_time_delta_sensor_async.py
[2025-08-26T04:49:19.528+0000] {logging_mixin.py:188} INFO - [2025-08-26T04:49:19.527+0000] {dag.py:3096} INFO - Sync 1 DAGs
[2025-08-26T04:49:19.686+0000] {logging_mixin.py:188} INFO - [2025-08-26T04:49:19.685+0000] {dag.py:3954} INFO - Setting next_dagrun for example_time_delta_sensor_async to None, run_after=None
[2025-08-26T04:49:20.080+0000] {processor.py:183} INFO - Processing /home/airflow/.local/lib/python3.12/site-packages/airflow/example_dags/example_time_delta_sensor_async.py took 1.790 seconds
[2025-08-26T04:50:04.468+0000] {processor.py:161} INFO - Started process (PID=490) to work on /home/airflow/.local/lib/python3.12/site-packages/airflow/example_dags/example_time_delta_sensor_async.py
[2025-08-26T04:50:04.472+0000] {processor.py:830} INFO - Processing file /home/airflow/.local/lib/python3.12/site-packages/airflow/example_dags/example_time_delta_sensor_async.py for tasks to queue
[2025-08-26T04:50:04.480+0000] {logging_mixin.py:188} INFO - [2025-08-26T04:50:04.479+0000] {dagbag.py:545} INFO - Filling up the DagBag from /home/airflow/.local/lib/python3.12/site-packages/airflow/example_dags/example_time_delta_sensor_async.py
[2025-08-26T04:50:04.518+0000] {processor.py:840} INFO - DAG(s) 'example_time_delta_sensor_async' retrieved from /home/airflow/.local/lib/python3.12/site-packages/airflow/example_dags/example_time_delta_sensor_async.py
[2025-08-26T04:50:04.637+0000] {logging_mixin.py:188} INFO - [2025-08-26T04:50:04.636+0000] {dag.py:3096} INFO - Sync 1 DAGs
[2025-08-26T04:50:04.696+0000] {logging_mixin.py:188} INFO - [2025-08-26T04:50:04.696+0000] {dag.py:3954} INFO - Setting next_dagrun for example_time_delta_sensor_async to None, run_after=None
[2025-08-26T04:50:04.804+0000] {processor.py:183} INFO - Processing /home/airflow/.local/lib/python3.12/site-packages/airflow/example_dags/example_time_delta_sensor_async.py took 0.367 seconds
[2025-08-26T04:50:36.384+0000] {processor.py:161} INFO - Started process (PID=752) to work on /home/airflow/.local/lib/python3.12/site-packages/airflow/example_dags/example_time_delta_sensor_async.py
[2025-08-26T04:50:36.403+0000] {processor.py:830} INFO - Processing file /home/airflow/.local/lib/python3.12/site-packages/airflow/example_dags/example_time_delta_sensor_async.py for tasks to queue
[2025-08-26T04:50:36.418+0000] {logging_mixin.py:188} INFO - [2025-08-26T04:50:36.417+0000] {dagbag.py:545} INFO - Filling up the DagBag from /home/airflow/.local/lib/python3.12/site-packages/airflow/example_dags/example_time_delta_sensor_async.py
[2025-08-26T04:50:36.493+0000] {processor.py:840} INFO - DAG(s) 'example_time_delta_sensor_async' retrieved from /home/airflow/.local/lib/python3.12/site-packages/airflow/example_dags/example_time_delta_sensor_async.py
[2025-08-26T04:50:36.636+0000] {logging_mixin.py:188} INFO - [2025-08-26T04:50:36.634+0000] {dag.py:3096} INFO - Sync 1 DAGs
[2025-08-26T04:50:36.723+0000] {logging_mixin.py:188} INFO - [2025-08-26T04:50:36.714+0000] {dag.py:3954} INFO - Setting next_dagrun for example_time_delta_sensor_async to None, run_after=None
[2025-08-26T04:50:36.849+0000] {processor.py:183} INFO - Processing /home/airflow/.local/lib/python3.12/site-packages/airflow/example_dags/example_time_delta_sensor_async.py took 0.552 seconds
[2025-08-26T04:51:08.139+0000] {processor.py:161} INFO - Started process (PID=1010) to work on /home/airflow/.local/lib/python3.12/site-packages/airflow/example_dags/example_time_delta_sensor_async.py
[2025-08-26T04:51:08.145+0000] {processor.py:830} INFO - Processing file /home/airflow/.local/lib/python3.12/site-packages/airflow/example_dags/example_time_delta_sensor_async.py for tasks to queue
[2025-08-26T04:51:08.154+0000] {logging_mixin.py:188} INFO - [2025-08-26T04:51:08.153+0000] {dagbag.py:545} INFO - Filling up the DagBag from /home/airflow/.local/lib/python3.12/site-packages/airflow/example_dags/example_time_delta_sensor_async.py
[2025-08-26T04:51:08.203+0000] {processor.py:840} INFO - DAG(s) 'example_time_delta_sensor_async' retrieved from /home/airflow/.local/lib/python3.12/site-packages/airflow/example_dags/example_time_delta_sensor_async.py
[2025-08-26T04:51:08.391+0000] {logging_mixin.py:188} INFO - [2025-08-26T04:51:08.387+0000] {dag.py:3096} INFO - Sync 1 DAGs
[2025-08-26T04:51:08.487+0000] {logging_mixin.py:188} INFO - [2025-08-26T04:51:08.486+0000] {dag.py:3954} INFO - Setting next_dagrun for example_time_delta_sensor_async to None, run_after=None
[2025-08-26T04:51:08.669+0000] {processor.py:183} INFO - Processing /home/airflow/.local/lib/python3.12/site-packages/airflow/example_dags/example_time_delta_sensor_async.py took 0.620 seconds
[2025-08-26T04:51:39.462+0000] {processor.py:161} INFO - Started process (PID=1270) to work on /home/airflow/.local/lib/python3.12/site-packages/airflow/example_dags/example_time_delta_sensor_async.py
[2025-08-26T04:51:39.468+0000] {processor.py:830} INFO - Processing file /home/airflow/.local/lib/python3.12/site-packages/airflow/example_dags/example_time_delta_sensor_async.py for tasks to queue
[2025-08-26T04:51:39.478+0000] {logging_mixin.py:188} INFO - [2025-08-26T04:51:39.476+0000] {dagbag.py:545} INFO - Filling up the DagBag from /home/airflow/.local/lib/python3.12/site-packages/airflow/example_dags/example_time_delta_sensor_async.py
[2025-08-26T04:51:39.525+0000] {processor.py:840} INFO - DAG(s) 'example_time_delta_sensor_async' retrieved from /home/airflow/.local/lib/python3.12/site-packages/airflow/example_dags/example_time_delta_sensor_async.py
[2025-08-26T04:51:39.683+0000] {logging_mixin.py:188} INFO - [2025-08-26T04:51:39.682+0000] {dag.py:3096} INFO - Sync 1 DAGs
[2025-08-26T04:51:39.825+0000] {logging_mixin.py:188} INFO - [2025-08-26T04:51:39.821+0000] {dag.py:3954} INFO - Setting next_dagrun for example_time_delta_sensor_async to None, run_after=None
[2025-08-26T04:51:40.092+0000] {processor.py:183} INFO - Processing /home/airflow/.local/lib/python3.12/site-packages/airflow/example_dags/example_time_delta_sensor_async.py took 0.656 seconds
[2025-08-26T04:52:11.131+0000] {processor.py:161} INFO - Started process (PID=1533) to work on /home/airflow/.local/lib/python3.12/site-packages/airflow/example_dags/example_time_delta_sensor_async.py
[2025-08-26T04:52:11.141+0000] {processor.py:830} INFO - Processing file /home/airflow/.local/lib/python3.12/site-packages/airflow/example_dags/example_time_delta_sensor_async.py for tasks to queue
[2025-08-26T04:52:11.152+0000] {logging_mixin.py:188} INFO - [2025-08-26T04:52:11.150+0000] {dagbag.py:545} INFO - Filling up the DagBag from /home/airflow/.local/lib/python3.12/site-packages/airflow/example_dags/example_time_delta_sensor_async.py
[2025-08-26T04:52:11.182+0000] {processor.py:840} INFO - DAG(s) 'example_time_delta_sensor_async' retrieved from /home/airflow/.local/lib/python3.12/site-packages/airflow/example_dags/example_time_delta_sensor_async.py
[2025-08-26T04:52:11.338+0000] {logging_mixin.py:188} INFO - [2025-08-26T04:52:11.337+0000] {dag.py:3096} INFO - Sync 1 DAGs
[2025-08-26T04:52:11.453+0000] {logging_mixin.py:188} INFO - [2025-08-26T04:52:11.450+0000] {dag.py:3954} INFO - Setting next_dagrun for example_time_delta_sensor_async to None, run_after=None
[2025-08-26T04:52:11.610+0000] {processor.py:183} INFO - Processing /home/airflow/.local/lib/python3.12/site-packages/airflow/example_dags/example_time_delta_sensor_async.py took 0.520 seconds
[2025-08-26T04:52:57.273+0000] {processor.py:161} INFO - Started process (PID=1794) to work on /home/airflow/.local/lib/python3.12/site-packages/airflow/example_dags/example_time_delta_sensor_async.py
[2025-08-26T04:52:57.281+0000] {processor.py:830} INFO - Processing file /home/airflow/.local/lib/python3.12/site-packages/airflow/example_dags/example_time_delta_sensor_async.py for tasks to queue
[2025-08-26T04:52:57.290+0000] {logging_mixin.py:188} INFO - [2025-08-26T04:52:57.289+0000] {dagbag.py:545} INFO - Filling up the DagBag from /home/airflow/.local/lib/python3.12/site-packages/airflow/example_dags/example_time_delta_sensor_async.py
[2025-08-26T04:52:57.313+0000] {processor.py:840} INFO - DAG(s) 'example_time_delta_sensor_async' retrieved from /home/airflow/.local/lib/python3.12/site-packages/airflow/example_dags/example_time_delta_sensor_async.py
[2025-08-26T04:52:57.445+0000] {logging_mixin.py:188} INFO - [2025-08-26T04:52:57.444+0000] {dag.py:3096} INFO - Sync 1 DAGs
[2025-08-26T04:52:57.551+0000] {logging_mixin.py:188} INFO - [2025-08-26T04:52:57.550+0000] {dag.py:3954} INFO - Setting next_dagrun for example_time_delta_sensor_async to None, run_after=None
[2025-08-26T04:52:57.711+0000] {processor.py:183} INFO - Processing /home/airflow/.local/lib/python3.12/site-packages/airflow/example_dags/example_time_delta_sensor_async.py took 0.468 seconds
[2025-08-26T04:53:28.184+0000] {processor.py:161} INFO - Started process (PID=2056) to work on /home/airflow/.local/lib/python3.12/site-packages/airflow/example_dags/example_time_delta_sensor_async.py
[2025-08-26T04:53:28.187+0000] {processor.py:830} INFO - Processing file /home/airflow/.local/lib/python3.12/site-packages/airflow/example_dags/example_time_delta_sensor_async.py for tasks to queue
[2025-08-26T04:53:28.197+0000] {logging_mixin.py:188} INFO - [2025-08-26T04:53:28.196+0000] {dagbag.py:545} INFO - Filling up the DagBag from /home/airflow/.local/lib/python3.12/site-packages/airflow/example_dags/example_time_delta_sensor_async.py
[2025-08-26T04:53:28.216+0000] {processor.py:840} INFO - DAG(s) 'example_time_delta_sensor_async' retrieved from /home/airflow/.local/lib/python3.12/site-packages/airflow/example_dags/example_time_delta_sensor_async.py
[2025-08-26T04:53:28.303+0000] {logging_mixin.py:188} INFO - [2025-08-26T04:53:28.302+0000] {dag.py:3096} INFO - Sync 1 DAGs
[2025-08-26T04:53:28.366+0000] {logging_mixin.py:188} INFO - [2025-08-26T04:53:28.365+0000] {dag.py:3954} INFO - Setting next_dagrun for example_time_delta_sensor_async to None, run_after=None
[2025-08-26T04:53:28.466+0000] {processor.py:183} INFO - Processing /home/airflow/.local/lib/python3.12/site-packages/airflow/example_dags/example_time_delta_sensor_async.py took 0.329 seconds
[2025-08-26T04:53:59.110+0000] {processor.py:161} INFO - Started process (PID=2301) to work on /home/airflow/.local/lib/python3.12/site-packages/airflow/example_dags/example_time_delta_sensor_async.py
[2025-08-26T04:53:59.114+0000] {processor.py:830} INFO - Processing file /home/airflow/.local/lib/python3.12/site-packages/airflow/example_dags/example_time_delta_sensor_async.py for tasks to queue
[2025-08-26T04:53:59.120+0000] {logging_mixin.py:188} INFO - [2025-08-26T04:53:59.119+0000] {dagbag.py:545} INFO - Filling up the DagBag from /home/airflow/.local/lib/python3.12/site-packages/airflow/example_dags/example_time_delta_sensor_async.py
[2025-08-26T04:53:59.141+0000] {processor.py:840} INFO - DAG(s) 'example_time_delta_sensor_async' retrieved from /home/airflow/.local/lib/python3.12/site-packages/airflow/example_dags/example_time_delta_sensor_async.py
[2025-08-26T04:53:59.233+0000] {logging_mixin.py:188} INFO - [2025-08-26T04:53:59.232+0000] {dag.py:3096} INFO - Sync 1 DAGs
[2025-08-26T04:53:59.289+0000] {logging_mixin.py:188} INFO - [2025-08-26T04:53:59.287+0000] {dag.py:3954} INFO - Setting next_dagrun for example_time_delta_sensor_async to None, run_after=None
[2025-08-26T04:53:59.409+0000] {processor.py:183} INFO - Processing /home/airflow/.local/lib/python3.12/site-packages/airflow/example_dags/example_time_delta_sensor_async.py took 0.321 seconds
[2025-08-26T04:54:31.476+0000] {processor.py:161} INFO - Started process (PID=2533) to work on /home/airflow/.local/lib/python3.12/site-packages/airflow/example_dags/example_time_delta_sensor_async.py
[2025-08-26T04:54:31.498+0000] {processor.py:830} INFO - Processing file /home/airflow/.local/lib/python3.12/site-packages/airflow/example_dags/example_time_delta_sensor_async.py for tasks to queue
[2025-08-26T04:54:31.515+0000] {logging_mixin.py:188} INFO - [2025-08-26T04:54:31.514+0000] {dagbag.py:545} INFO - Filling up the DagBag from /home/airflow/.local/lib/python3.12/site-packages/airflow/example_dags/example_time_delta_sensor_async.py
[2025-08-26T04:54:31.630+0000] {processor.py:840} INFO - DAG(s) 'example_time_delta_sensor_async' retrieved from /home/airflow/.local/lib/python3.12/site-packages/airflow/example_dags/example_time_delta_sensor_async.py
[2025-08-26T04:54:31.945+0000] {logging_mixin.py:188} INFO - [2025-08-26T04:54:31.944+0000] {dag.py:3096} INFO - Sync 1 DAGs
[2025-08-26T04:54:32.273+0000] {logging_mixin.py:188} INFO - [2025-08-26T04:54:32.262+0000] {dag.py:3954} INFO - Setting next_dagrun for example_time_delta_sensor_async to None, run_after=None
[2025-08-26T04:54:32.526+0000] {processor.py:183} INFO - Processing /home/airflow/.local/lib/python3.12/site-packages/airflow/example_dags/example_time_delta_sensor_async.py took 1.105 seconds
[2025-08-26T04:55:03.517+0000] {processor.py:161} INFO - Started process (PID=2803) to work on /home/airflow/.local/lib/python3.12/site-packages/airflow/example_dags/example_time_delta_sensor_async.py
[2025-08-26T04:55:03.530+0000] {processor.py:830} INFO - Processing file /home/airflow/.local/lib/python3.12/site-packages/airflow/example_dags/example_time_delta_sensor_async.py for tasks to queue
[2025-08-26T04:55:03.538+0000] {logging_mixin.py:188} INFO - [2025-08-26T04:55:03.536+0000] {dagbag.py:545} INFO - Filling up the DagBag from /home/airflow/.local/lib/python3.12/site-packages/airflow/example_dags/example_time_delta_sensor_async.py
[2025-08-26T04:55:03.569+0000] {processor.py:840} INFO - DAG(s) 'example_time_delta_sensor_async' retrieved from /home/airflow/.local/lib/python3.12/site-packages/airflow/example_dags/example_time_delta_sensor_async.py
[2025-08-26T04:55:03.758+0000] {logging_mixin.py:188} INFO - [2025-08-26T04:55:03.757+0000] {dag.py:3096} INFO - Sync 1 DAGs
[2025-08-26T04:55:03.871+0000] {logging_mixin.py:188} INFO - [2025-08-26T04:55:03.871+0000] {dag.py:3954} INFO - Setting next_dagrun for example_time_delta_sensor_async to None, run_after=None
[2025-08-26T04:55:04.067+0000] {processor.py:183} INFO - Processing /home/airflow/.local/lib/python3.12/site-packages/airflow/example_dags/example_time_delta_sensor_async.py took 0.589 seconds
[2025-08-26T04:55:38.733+0000] {processor.py:161} INFO - Started process (PID=3023) to work on /home/airflow/.local/lib/python3.12/site-packages/airflow/example_dags/example_time_delta_sensor_async.py
[2025-08-26T04:55:38.739+0000] {processor.py:830} INFO - Processing file /home/airflow/.local/lib/python3.12/site-packages/airflow/example_dags/example_time_delta_sensor_async.py for tasks to queue
[2025-08-26T04:55:38.750+0000] {logging_mixin.py:188} INFO - [2025-08-26T04:55:38.748+0000] {dagbag.py:545} INFO - Filling up the DagBag from /home/airflow/.local/lib/python3.12/site-packages/airflow/example_dags/example_time_delta_sensor_async.py
[2025-08-26T04:55:39.086+0000] {processor.py:840} INFO - DAG(s) 'example_time_delta_sensor_async' retrieved from /home/airflow/.local/lib/python3.12/site-packages/airflow/example_dags/example_time_delta_sensor_async.py
[2025-08-26T04:55:39.621+0000] {logging_mixin.py:188} INFO - [2025-08-26T04:55:39.600+0000] {dag.py:3096} INFO - Sync 1 DAGs
[2025-08-26T04:55:39.899+0000] {logging_mixin.py:188} INFO - [2025-08-26T04:55:39.881+0000] {dag.py:3954} INFO - Setting next_dagrun for example_time_delta_sensor_async to None, run_after=None
[2025-08-26T04:55:40.353+0000] {processor.py:183} INFO - Processing /home/airflow/.local/lib/python3.12/site-packages/airflow/example_dags/example_time_delta_sensor_async.py took 1.754 seconds
[2025-08-26T04:56:11.680+0000] {processor.py:161} INFO - Started process (PID=3280) to work on /home/airflow/.local/lib/python3.12/site-packages/airflow/example_dags/example_time_delta_sensor_async.py
[2025-08-26T04:56:11.694+0000] {processor.py:830} INFO - Processing file /home/airflow/.local/lib/python3.12/site-packages/airflow/example_dags/example_time_delta_sensor_async.py for tasks to queue
[2025-08-26T04:56:11.711+0000] {logging_mixin.py:188} INFO - [2025-08-26T04:56:11.710+0000] {dagbag.py:545} INFO - Filling up the DagBag from /home/airflow/.local/lib/python3.12/site-packages/airflow/example_dags/example_time_delta_sensor_async.py
[2025-08-26T04:56:11.751+0000] {processor.py:840} INFO - DAG(s) 'example_time_delta_sensor_async' retrieved from /home/airflow/.local/lib/python3.12/site-packages/airflow/example_dags/example_time_delta_sensor_async.py
[2025-08-26T04:56:11.915+0000] {logging_mixin.py:188} INFO - [2025-08-26T04:56:11.914+0000] {dag.py:3096} INFO - Sync 1 DAGs
[2025-08-26T04:56:12.017+0000] {logging_mixin.py:188} INFO - [2025-08-26T04:56:12.017+0000] {dag.py:3954} INFO - Setting next_dagrun for example_time_delta_sensor_async to None, run_after=None
[2025-08-26T04:56:12.133+0000] {processor.py:183} INFO - Processing /home/airflow/.local/lib/python3.12/site-packages/airflow/example_dags/example_time_delta_sensor_async.py took 0.489 seconds
[2025-08-26T04:56:47.183+0000] {processor.py:161} INFO - Started process (PID=3529) to work on /home/airflow/.local/lib/python3.12/site-packages/airflow/example_dags/example_time_delta_sensor_async.py
[2025-08-26T04:56:47.188+0000] {processor.py:830} INFO - Processing file /home/airflow/.local/lib/python3.12/site-packages/airflow/example_dags/example_time_delta_sensor_async.py for tasks to queue
[2025-08-26T04:56:47.201+0000] {logging_mixin.py:188} INFO - [2025-08-26T04:56:47.200+0000] {dagbag.py:545} INFO - Filling up the DagBag from /home/airflow/.local/lib/python3.12/site-packages/airflow/example_dags/example_time_delta_sensor_async.py
[2025-08-26T04:56:47.223+0000] {processor.py:840} INFO - DAG(s) 'example_time_delta_sensor_async' retrieved from /home/airflow/.local/lib/python3.12/site-packages/airflow/example_dags/example_time_delta_sensor_async.py
[2025-08-26T04:56:47.365+0000] {logging_mixin.py:188} INFO - [2025-08-26T04:56:47.364+0000] {dag.py:3096} INFO - Sync 1 DAGs
[2025-08-26T04:56:47.468+0000] {logging_mixin.py:188} INFO - [2025-08-26T04:56:47.467+0000] {dag.py:3954} INFO - Setting next_dagrun for example_time_delta_sensor_async to None, run_after=None
[2025-08-26T04:56:47.649+0000] {processor.py:183} INFO - Processing /home/airflow/.local/lib/python3.12/site-packages/airflow/example_dags/example_time_delta_sensor_async.py took 0.537 seconds
[2025-08-26T04:57:21.331+0000] {processor.py:161} INFO - Started process (PID=3782) to work on /home/airflow/.local/lib/python3.12/site-packages/airflow/example_dags/example_time_delta_sensor_async.py
[2025-08-26T04:57:21.351+0000] {processor.py:830} INFO - Processing file /home/airflow/.local/lib/python3.12/site-packages/airflow/example_dags/example_time_delta_sensor_async.py for tasks to queue
[2025-08-26T04:57:21.371+0000] {logging_mixin.py:188} INFO - [2025-08-26T04:57:21.370+0000] {dagbag.py:545} INFO - Filling up the DagBag from /home/airflow/.local/lib/python3.12/site-packages/airflow/example_dags/example_time_delta_sensor_async.py
[2025-08-26T04:57:21.426+0000] {processor.py:840} INFO - DAG(s) 'example_time_delta_sensor_async' retrieved from /home/airflow/.local/lib/python3.12/site-packages/airflow/example_dags/example_time_delta_sensor_async.py
[2025-08-26T04:57:21.686+0000] {logging_mixin.py:188} INFO - [2025-08-26T04:57:21.686+0000] {dag.py:3096} INFO - Sync 1 DAGs
[2025-08-26T04:57:21.773+0000] {logging_mixin.py:188} INFO - [2025-08-26T04:57:21.772+0000] {dag.py:3954} INFO - Setting next_dagrun for example_time_delta_sensor_async to None, run_after=None
[2025-08-26T04:57:22.799+0000] {processor.py:183} INFO - Processing /home/airflow/.local/lib/python3.12/site-packages/airflow/example_dags/example_time_delta_sensor_async.py took 1.527 seconds
[2025-08-26T04:58:03.998+0000] {processor.py:161} INFO - Started process (PID=3959) to work on /home/airflow/.local/lib/python3.12/site-packages/airflow/example_dags/example_time_delta_sensor_async.py
[2025-08-26T04:58:04.003+0000] {processor.py:830} INFO - Processing file /home/airflow/.local/lib/python3.12/site-packages/airflow/example_dags/example_time_delta_sensor_async.py for tasks to queue
[2025-08-26T04:58:04.031+0000] {logging_mixin.py:188} INFO - [2025-08-26T04:58:04.029+0000] {dagbag.py:545} INFO - Filling up the DagBag from /home/airflow/.local/lib/python3.12/site-packages/airflow/example_dags/example_time_delta_sensor_async.py
[2025-08-26T04:58:04.089+0000] {processor.py:840} INFO - DAG(s) 'example_time_delta_sensor_async' retrieved from /home/airflow/.local/lib/python3.12/site-packages/airflow/example_dags/example_time_delta_sensor_async.py
[2025-08-26T04:58:04.816+0000] {logging_mixin.py:188} INFO - [2025-08-26T04:58:04.764+0000] {dag.py:3096} INFO - Sync 1 DAGs
[2025-08-26T04:58:05.345+0000] {logging_mixin.py:188} INFO - [2025-08-26T04:58:05.344+0000] {dag.py:3954} INFO - Setting next_dagrun for example_time_delta_sensor_async to None, run_after=None
[2025-08-26T04:58:05.747+0000] {processor.py:183} INFO - Processing /home/airflow/.local/lib/python3.12/site-packages/airflow/example_dags/example_time_delta_sensor_async.py took 1.841 seconds
[2025-08-26T05:35:12.342+0000] {processor.py:161} INFO - Started process (PID=4114) to work on /home/airflow/.local/lib/python3.12/site-packages/airflow/example_dags/example_time_delta_sensor_async.py
[2025-08-26T05:35:12.359+0000] {processor.py:830} INFO - Processing file /home/airflow/.local/lib/python3.12/site-packages/airflow/example_dags/example_time_delta_sensor_async.py for tasks to queue
[2025-08-26T05:35:12.367+0000] {logging_mixin.py:188} INFO - [2025-08-26T05:35:12.366+0000] {dagbag.py:545} INFO - Filling up the DagBag from /home/airflow/.local/lib/python3.12/site-packages/airflow/example_dags/example_time_delta_sensor_async.py
[2025-08-26T05:35:12.410+0000] {processor.py:840} INFO - DAG(s) 'example_time_delta_sensor_async' retrieved from /home/airflow/.local/lib/python3.12/site-packages/airflow/example_dags/example_time_delta_sensor_async.py
[2025-08-26T05:35:12.745+0000] {logging_mixin.py:188} INFO - [2025-08-26T05:35:12.744+0000] {dag.py:3096} INFO - Sync 1 DAGs
[2025-08-26T05:35:13.361+0000] {logging_mixin.py:188} INFO - [2025-08-26T05:35:13.360+0000] {dag.py:3954} INFO - Setting next_dagrun for example_time_delta_sensor_async to None, run_after=None
[2025-08-26T05:35:14.170+0000] {processor.py:183} INFO - Processing /home/airflow/.local/lib/python3.12/site-packages/airflow/example_dags/example_time_delta_sensor_async.py took 1.885 seconds
[2025-08-26T05:41:59.924+0000] {processor.py:161} INFO - Started process (PID=4270) to work on /home/airflow/.local/lib/python3.12/site-packages/airflow/example_dags/example_time_delta_sensor_async.py
[2025-08-26T05:41:59.951+0000] {processor.py:830} INFO - Processing file /home/airflow/.local/lib/python3.12/site-packages/airflow/example_dags/example_time_delta_sensor_async.py for tasks to queue
[2025-08-26T05:41:59.996+0000] {logging_mixin.py:188} INFO - [2025-08-26T05:41:59.995+0000] {dagbag.py:545} INFO - Filling up the DagBag from /home/airflow/.local/lib/python3.12/site-packages/airflow/example_dags/example_time_delta_sensor_async.py
[2025-08-26T05:42:00.267+0000] {processor.py:840} INFO - DAG(s) 'example_time_delta_sensor_async' retrieved from /home/airflow/.local/lib/python3.12/site-packages/airflow/example_dags/example_time_delta_sensor_async.py
[2025-08-26T05:42:00.651+0000] {logging_mixin.py:188} INFO - [2025-08-26T05:42:00.639+0000] {dag.py:3096} INFO - Sync 1 DAGs
[2025-08-26T05:42:01.028+0000] {logging_mixin.py:188} INFO - [2025-08-26T05:42:01.028+0000] {dag.py:3954} INFO - Setting next_dagrun for example_time_delta_sensor_async to None, run_after=None
[2025-08-26T05:42:01.428+0000] {processor.py:183} INFO - Processing /home/airflow/.local/lib/python3.12/site-packages/airflow/example_dags/example_time_delta_sensor_async.py took 1.568 seconds
[2025-08-26T05:42:49.418+0000] {processor.py:161} INFO - Started process (PID=4489) to work on /home/airflow/.local/lib/python3.12/site-packages/airflow/example_dags/example_time_delta_sensor_async.py
[2025-08-26T05:42:49.446+0000] {processor.py:830} INFO - Processing file /home/airflow/.local/lib/python3.12/site-packages/airflow/example_dags/example_time_delta_sensor_async.py for tasks to queue
[2025-08-26T05:42:49.472+0000] {logging_mixin.py:188} INFO - [2025-08-26T05:42:49.471+0000] {dagbag.py:545} INFO - Filling up the DagBag from /home/airflow/.local/lib/python3.12/site-packages/airflow/example_dags/example_time_delta_sensor_async.py
[2025-08-26T05:42:49.603+0000] {processor.py:840} INFO - DAG(s) 'example_time_delta_sensor_async' retrieved from /home/airflow/.local/lib/python3.12/site-packages/airflow/example_dags/example_time_delta_sensor_async.py
[2025-08-26T05:42:50.305+0000] {logging_mixin.py:188} INFO - [2025-08-26T05:42:50.304+0000] {dag.py:3096} INFO - Sync 1 DAGs
[2025-08-26T05:42:50.929+0000] {logging_mixin.py:188} INFO - [2025-08-26T05:42:50.928+0000] {dag.py:3954} INFO - Setting next_dagrun for example_time_delta_sensor_async to None, run_after=None
[2025-08-26T05:42:51.336+0000] {processor.py:183} INFO - Processing /home/airflow/.local/lib/python3.12/site-packages/airflow/example_dags/example_time_delta_sensor_async.py took 2.074 seconds
[2025-08-26T05:43:48.616+0000] {processor.py:161} INFO - Started process (PID=4754) to work on /home/airflow/.local/lib/python3.12/site-packages/airflow/example_dags/example_time_delta_sensor_async.py
[2025-08-26T05:43:48.657+0000] {processor.py:830} INFO - Processing file /home/airflow/.local/lib/python3.12/site-packages/airflow/example_dags/example_time_delta_sensor_async.py for tasks to queue
[2025-08-26T05:43:48.701+0000] {logging_mixin.py:188} INFO - [2025-08-26T05:43:48.693+0000] {dagbag.py:545} INFO - Filling up the DagBag from /home/airflow/.local/lib/python3.12/site-packages/airflow/example_dags/example_time_delta_sensor_async.py
[2025-08-26T05:43:48.750+0000] {processor.py:840} INFO - DAG(s) 'example_time_delta_sensor_async' retrieved from /home/airflow/.local/lib/python3.12/site-packages/airflow/example_dags/example_time_delta_sensor_async.py
[2025-08-26T05:43:48.989+0000] {logging_mixin.py:188} INFO - [2025-08-26T05:43:48.988+0000] {dag.py:3096} INFO - Sync 1 DAGs
[2025-08-26T05:43:49.144+0000] {logging_mixin.py:188} INFO - [2025-08-26T05:43:49.143+0000] {dag.py:3954} INFO - Setting next_dagrun for example_time_delta_sensor_async to None, run_after=None
[2025-08-26T05:43:49.398+0000] {processor.py:183} INFO - Processing /home/airflow/.local/lib/python3.12/site-packages/airflow/example_dags/example_time_delta_sensor_async.py took 0.858 seconds
[2025-08-26T05:44:21.915+0000] {processor.py:161} INFO - Started process (PID=5002) to work on /home/airflow/.local/lib/python3.12/site-packages/airflow/example_dags/example_time_delta_sensor_async.py
[2025-08-26T05:44:21.933+0000] {processor.py:830} INFO - Processing file /home/airflow/.local/lib/python3.12/site-packages/airflow/example_dags/example_time_delta_sensor_async.py for tasks to queue
[2025-08-26T05:44:21.938+0000] {logging_mixin.py:188} INFO - [2025-08-26T05:44:21.936+0000] {dagbag.py:545} INFO - Filling up the DagBag from /home/airflow/.local/lib/python3.12/site-packages/airflow/example_dags/example_time_delta_sensor_async.py
[2025-08-26T05:44:21.972+0000] {processor.py:840} INFO - DAG(s) 'example_time_delta_sensor_async' retrieved from /home/airflow/.local/lib/python3.12/site-packages/airflow/example_dags/example_time_delta_sensor_async.py
[2025-08-26T05:44:22.139+0000] {logging_mixin.py:188} INFO - [2025-08-26T05:44:22.138+0000] {dag.py:3096} INFO - Sync 1 DAGs
[2025-08-26T05:44:22.217+0000] {logging_mixin.py:188} INFO - [2025-08-26T05:44:22.216+0000] {dag.py:3954} INFO - Setting next_dagrun for example_time_delta_sensor_async to None, run_after=None
[2025-08-26T05:44:22.353+0000] {processor.py:183} INFO - Processing /home/airflow/.local/lib/python3.12/site-packages/airflow/example_dags/example_time_delta_sensor_async.py took 0.497 seconds
[2025-08-26T05:44:57.494+0000] {processor.py:161} INFO - Started process (PID=5254) to work on /home/airflow/.local/lib/python3.12/site-packages/airflow/example_dags/example_time_delta_sensor_async.py
[2025-08-26T05:44:57.500+0000] {processor.py:830} INFO - Processing file /home/airflow/.local/lib/python3.12/site-packages/airflow/example_dags/example_time_delta_sensor_async.py for tasks to queue
[2025-08-26T05:44:57.503+0000] {logging_mixin.py:188} INFO - [2025-08-26T05:44:57.502+0000] {dagbag.py:545} INFO - Filling up the DagBag from /home/airflow/.local/lib/python3.12/site-packages/airflow/example_dags/example_time_delta_sensor_async.py
[2025-08-26T05:44:57.533+0000] {processor.py:840} INFO - DAG(s) 'example_time_delta_sensor_async' retrieved from /home/airflow/.local/lib/python3.12/site-packages/airflow/example_dags/example_time_delta_sensor_async.py
[2025-08-26T05:44:57.695+0000] {logging_mixin.py:188} INFO - [2025-08-26T05:44:57.694+0000] {dag.py:3096} INFO - Sync 1 DAGs
[2025-08-26T05:44:57.826+0000] {logging_mixin.py:188} INFO - [2025-08-26T05:44:57.825+0000] {dag.py:3954} INFO - Setting next_dagrun for example_time_delta_sensor_async to None, run_after=None
[2025-08-26T05:44:57.996+0000] {processor.py:183} INFO - Processing /home/airflow/.local/lib/python3.12/site-packages/airflow/example_dags/example_time_delta_sensor_async.py took 0.536 seconds
[2025-08-26T05:45:28.527+0000] {processor.py:161} INFO - Started process (PID=5495) to work on /home/airflow/.local/lib/python3.12/site-packages/airflow/example_dags/example_time_delta_sensor_async.py
[2025-08-26T05:45:28.537+0000] {processor.py:830} INFO - Processing file /home/airflow/.local/lib/python3.12/site-packages/airflow/example_dags/example_time_delta_sensor_async.py for tasks to queue
[2025-08-26T05:45:28.549+0000] {logging_mixin.py:188} INFO - [2025-08-26T05:45:28.540+0000] {dagbag.py:545} INFO - Filling up the DagBag from /home/airflow/.local/lib/python3.12/site-packages/airflow/example_dags/example_time_delta_sensor_async.py
[2025-08-26T05:45:28.586+0000] {processor.py:840} INFO - DAG(s) 'example_time_delta_sensor_async' retrieved from /home/airflow/.local/lib/python3.12/site-packages/airflow/example_dags/example_time_delta_sensor_async.py
[2025-08-26T05:45:28.737+0000] {logging_mixin.py:188} INFO - [2025-08-26T05:45:28.736+0000] {dag.py:3096} INFO - Sync 1 DAGs
[2025-08-26T05:45:28.846+0000] {logging_mixin.py:188} INFO - [2025-08-26T05:45:28.845+0000] {dag.py:3954} INFO - Setting next_dagrun for example_time_delta_sensor_async to None, run_after=None
[2025-08-26T05:45:28.987+0000] {processor.py:183} INFO - Processing /home/airflow/.local/lib/python3.12/site-packages/airflow/example_dags/example_time_delta_sensor_async.py took 0.504 seconds
[2025-08-26T05:46:00.534+0000] {processor.py:161} INFO - Started process (PID=5747) to work on /home/airflow/.local/lib/python3.12/site-packages/airflow/example_dags/example_time_delta_sensor_async.py
[2025-08-26T05:46:00.544+0000] {processor.py:830} INFO - Processing file /home/airflow/.local/lib/python3.12/site-packages/airflow/example_dags/example_time_delta_sensor_async.py for tasks to queue
[2025-08-26T05:46:00.552+0000] {logging_mixin.py:188} INFO - [2025-08-26T05:46:00.547+0000] {dagbag.py:545} INFO - Filling up the DagBag from /home/airflow/.local/lib/python3.12/site-packages/airflow/example_dags/example_time_delta_sensor_async.py
[2025-08-26T05:46:00.576+0000] {processor.py:840} INFO - DAG(s) 'example_time_delta_sensor_async' retrieved from /home/airflow/.local/lib/python3.12/site-packages/airflow/example_dags/example_time_delta_sensor_async.py
[2025-08-26T05:46:00.682+0000] {logging_mixin.py:188} INFO - [2025-08-26T05:46:00.682+0000] {dag.py:3096} INFO - Sync 1 DAGs
[2025-08-26T05:46:00.750+0000] {logging_mixin.py:188} INFO - [2025-08-26T05:46:00.750+0000] {dag.py:3954} INFO - Setting next_dagrun for example_time_delta_sensor_async to None, run_after=None
[2025-08-26T05:46:00.877+0000] {processor.py:183} INFO - Processing /home/airflow/.local/lib/python3.12/site-packages/airflow/example_dags/example_time_delta_sensor_async.py took 0.401 seconds
[2025-08-26T05:46:31.316+0000] {processor.py:161} INFO - Started process (PID=6004) to work on /home/airflow/.local/lib/python3.12/site-packages/airflow/example_dags/example_time_delta_sensor_async.py
[2025-08-26T05:46:31.350+0000] {processor.py:830} INFO - Processing file /home/airflow/.local/lib/python3.12/site-packages/airflow/example_dags/example_time_delta_sensor_async.py for tasks to queue
[2025-08-26T05:46:31.377+0000] {logging_mixin.py:188} INFO - [2025-08-26T05:46:31.363+0000] {dagbag.py:545} INFO - Filling up the DagBag from /home/airflow/.local/lib/python3.12/site-packages/airflow/example_dags/example_time_delta_sensor_async.py
[2025-08-26T05:46:31.420+0000] {processor.py:840} INFO - DAG(s) 'example_time_delta_sensor_async' retrieved from /home/airflow/.local/lib/python3.12/site-packages/airflow/example_dags/example_time_delta_sensor_async.py
[2025-08-26T05:46:31.770+0000] {logging_mixin.py:188} INFO - [2025-08-26T05:46:31.770+0000] {dag.py:3096} INFO - Sync 1 DAGs
[2025-08-26T05:46:31.979+0000] {logging_mixin.py:188} INFO - [2025-08-26T05:46:31.978+0000] {dag.py:3954} INFO - Setting next_dagrun for example_time_delta_sensor_async to None, run_after=None
[2025-08-26T05:46:32.115+0000] {processor.py:183} INFO - Processing /home/airflow/.local/lib/python3.12/site-packages/airflow/example_dags/example_time_delta_sensor_async.py took 0.845 seconds
[2025-08-26T05:47:02.647+0000] {processor.py:161} INFO - Started process (PID=6261) to work on /home/airflow/.local/lib/python3.12/site-packages/airflow/example_dags/example_time_delta_sensor_async.py
[2025-08-26T05:47:02.678+0000] {processor.py:830} INFO - Processing file /home/airflow/.local/lib/python3.12/site-packages/airflow/example_dags/example_time_delta_sensor_async.py for tasks to queue
[2025-08-26T05:47:02.684+0000] {logging_mixin.py:188} INFO - [2025-08-26T05:47:02.683+0000] {dagbag.py:545} INFO - Filling up the DagBag from /home/airflow/.local/lib/python3.12/site-packages/airflow/example_dags/example_time_delta_sensor_async.py
[2025-08-26T05:47:02.761+0000] {processor.py:840} INFO - DAG(s) 'example_time_delta_sensor_async' retrieved from /home/airflow/.local/lib/python3.12/site-packages/airflow/example_dags/example_time_delta_sensor_async.py
[2025-08-26T05:47:02.970+0000] {logging_mixin.py:188} INFO - [2025-08-26T05:47:02.968+0000] {dag.py:3096} INFO - Sync 1 DAGs
[2025-08-26T05:47:03.082+0000] {logging_mixin.py:188} INFO - [2025-08-26T05:47:03.082+0000] {dag.py:3954} INFO - Setting next_dagrun for example_time_delta_sensor_async to None, run_after=None
[2025-08-26T05:47:03.193+0000] {processor.py:183} INFO - Processing /home/airflow/.local/lib/python3.12/site-packages/airflow/example_dags/example_time_delta_sensor_async.py took 0.600 seconds
[2025-08-26T05:47:38.093+0000] {processor.py:161} INFO - Started process (PID=6509) to work on /home/airflow/.local/lib/python3.12/site-packages/airflow/example_dags/example_time_delta_sensor_async.py
[2025-08-26T05:47:38.112+0000] {processor.py:830} INFO - Processing file /home/airflow/.local/lib/python3.12/site-packages/airflow/example_dags/example_time_delta_sensor_async.py for tasks to queue
[2025-08-26T05:47:38.117+0000] {logging_mixin.py:188} INFO - [2025-08-26T05:47:38.116+0000] {dagbag.py:545} INFO - Filling up the DagBag from /home/airflow/.local/lib/python3.12/site-packages/airflow/example_dags/example_time_delta_sensor_async.py
[2025-08-26T05:47:38.155+0000] {processor.py:840} INFO - DAG(s) 'example_time_delta_sensor_async' retrieved from /home/airflow/.local/lib/python3.12/site-packages/airflow/example_dags/example_time_delta_sensor_async.py
[2025-08-26T05:47:38.337+0000] {logging_mixin.py:188} INFO - [2025-08-26T05:47:38.336+0000] {dag.py:3096} INFO - Sync 1 DAGs
[2025-08-26T05:47:38.499+0000] {logging_mixin.py:188} INFO - [2025-08-26T05:47:38.499+0000] {dag.py:3954} INFO - Setting next_dagrun for example_time_delta_sensor_async to None, run_after=None
[2025-08-26T05:47:38.659+0000] {processor.py:183} INFO - Processing /home/airflow/.local/lib/python3.12/site-packages/airflow/example_dags/example_time_delta_sensor_async.py took 0.621 seconds
[2025-08-26T08:48:18.213+0000] {processor.py:161} INFO - Started process (PID=6723) to work on /home/airflow/.local/lib/python3.12/site-packages/airflow/example_dags/example_time_delta_sensor_async.py
[2025-08-26T08:48:18.216+0000] {processor.py:830} INFO - Processing file /home/airflow/.local/lib/python3.12/site-packages/airflow/example_dags/example_time_delta_sensor_async.py for tasks to queue
[2025-08-26T08:48:18.229+0000] {logging_mixin.py:188} INFO - [2025-08-26T08:48:18.228+0000] {dagbag.py:545} INFO - Filling up the DagBag from /home/airflow/.local/lib/python3.12/site-packages/airflow/example_dags/example_time_delta_sensor_async.py
[2025-08-26T08:48:18.273+0000] {processor.py:840} INFO - DAG(s) 'example_time_delta_sensor_async' retrieved from /home/airflow/.local/lib/python3.12/site-packages/airflow/example_dags/example_time_delta_sensor_async.py
[2025-08-26T08:48:18.400+0000] {logging_mixin.py:188} INFO - [2025-08-26T08:48:18.399+0000] {dag.py:3096} INFO - Sync 1 DAGs
[2025-08-26T08:48:18.459+0000] {logging_mixin.py:188} INFO - [2025-08-26T08:48:18.458+0000] {dag.py:3954} INFO - Setting next_dagrun for example_time_delta_sensor_async to None, run_after=None
[2025-08-26T08:48:18.553+0000] {processor.py:183} INFO - Processing /home/airflow/.local/lib/python3.12/site-packages/airflow/example_dags/example_time_delta_sensor_async.py took 0.405 seconds
