[2025-08-26T04:29:08.015+0000] {processor.py:161} INFO - Started process (PID=222) to work on /home/airflow/.local/lib/python3.12/site-packages/airflow/example_dags/example_task_group_decorator.py
[2025-08-26T04:29:08.032+0000] {processor.py:830} INFO - Processing file /home/airflow/.local/lib/python3.12/site-packages/airflow/example_dags/example_task_group_decorator.py for tasks to queue
[2025-08-26T04:29:08.051+0000] {logging_mixin.py:188} INFO - [2025-08-26T04:29:08.050+0000] {dagbag.py:545} INFO - Filling up the DagBag from /home/airflow/.local/lib/python3.12/site-packages/airflow/example_dags/example_task_group_decorator.py
[2025-08-26T04:29:08.417+0000] {processor.py:840} INFO - DAG(s) 'example_task_group_decorator' retrieved from /home/airflow/.local/lib/python3.12/site-packages/airflow/example_dags/example_task_group_decorator.py
[2025-08-26T04:29:11.181+0000] {logging_mixin.py:188} INFO - [2025-08-26T04:29:11.170+0000] {override.py:1829} INFO - Created Permission View: can delete on DAG:example_task_group_decorator
[2025-08-26T04:29:11.391+0000] {logging_mixin.py:188} INFO - [2025-08-26T04:29:11.390+0000] {override.py:1829} INFO - Created Permission View: can read on DAG:example_task_group_decorator
[2025-08-26T04:29:11.477+0000] {logging_mixin.py:188} INFO - [2025-08-26T04:29:11.472+0000] {override.py:1829} INFO - Created Permission View: can edit on DAG:example_task_group_decorator
[2025-08-26T04:29:11.485+0000] {logging_mixin.py:188} INFO - [2025-08-26T04:29:11.482+0000] {dag.py:3096} INFO - Sync 1 DAGs
[2025-08-26T04:29:11.653+0000] {logging_mixin.py:188} INFO - [2025-08-26T04:29:11.652+0000] {dag.py:3118} INFO - Creating ORM DAG for example_task_group_decorator
[2025-08-26T04:29:11.824+0000] {logging_mixin.py:188} INFO - [2025-08-26T04:29:11.822+0000] {dag.py:3954} INFO - Setting next_dagrun for example_task_group_decorator to 2025-08-25 00:00:00+00:00, run_after=2025-08-26 00:00:00+00:00
[2025-08-26T04:29:12.109+0000] {processor.py:183} INFO - Processing /home/airflow/.local/lib/python3.12/site-packages/airflow/example_dags/example_task_group_decorator.py took 4.172 seconds
[2025-08-26T04:30:43.975+0000] {processor.py:161} INFO - Started process (PID=496) to work on /home/airflow/.local/lib/python3.12/site-packages/airflow/example_dags/example_task_group_decorator.py
[2025-08-26T04:30:43.998+0000] {processor.py:830} INFO - Processing file /home/airflow/.local/lib/python3.12/site-packages/airflow/example_dags/example_task_group_decorator.py for tasks to queue
[2025-08-26T04:30:44.022+0000] {logging_mixin.py:188} INFO - [2025-08-26T04:30:44.021+0000] {dagbag.py:545} INFO - Filling up the DagBag from /home/airflow/.local/lib/python3.12/site-packages/airflow/example_dags/example_task_group_decorator.py
[2025-08-26T04:30:44.193+0000] {processor.py:840} INFO - DAG(s) 'example_task_group_decorator' retrieved from /home/airflow/.local/lib/python3.12/site-packages/airflow/example_dags/example_task_group_decorator.py
[2025-08-26T04:30:44.751+0000] {logging_mixin.py:188} INFO - [2025-08-26T04:30:44.750+0000] {dag.py:3096} INFO - Sync 1 DAGs
[2025-08-26T04:30:45.117+0000] {logging_mixin.py:188} INFO - [2025-08-26T04:30:45.116+0000] {dag.py:3954} INFO - Setting next_dagrun for example_task_group_decorator to 2025-08-25 00:00:00+00:00, run_after=2025-08-26 00:00:00+00:00
[2025-08-26T04:30:45.346+0000] {processor.py:183} INFO - Processing /home/airflow/.local/lib/python3.12/site-packages/airflow/example_dags/example_task_group_decorator.py took 1.556 seconds
[2025-08-26T04:31:18.609+0000] {processor.py:161} INFO - Started process (PID=753) to work on /home/airflow/.local/lib/python3.12/site-packages/airflow/example_dags/example_task_group_decorator.py
[2025-08-26T04:31:18.621+0000] {processor.py:830} INFO - Processing file /home/airflow/.local/lib/python3.12/site-packages/airflow/example_dags/example_task_group_decorator.py for tasks to queue
[2025-08-26T04:31:18.698+0000] {logging_mixin.py:188} INFO - [2025-08-26T04:31:18.683+0000] {dagbag.py:545} INFO - Filling up the DagBag from /home/airflow/.local/lib/python3.12/site-packages/airflow/example_dags/example_task_group_decorator.py
[2025-08-26T04:31:18.828+0000] {processor.py:840} INFO - DAG(s) 'example_task_group_decorator' retrieved from /home/airflow/.local/lib/python3.12/site-packages/airflow/example_dags/example_task_group_decorator.py
[2025-08-26T04:31:19.120+0000] {logging_mixin.py:188} INFO - [2025-08-26T04:31:19.119+0000] {dag.py:3096} INFO - Sync 1 DAGs
[2025-08-26T04:31:19.285+0000] {logging_mixin.py:188} INFO - [2025-08-26T04:31:19.283+0000] {dag.py:3954} INFO - Setting next_dagrun for example_task_group_decorator to 2025-08-25 00:00:00+00:00, run_after=2025-08-26 00:00:00+00:00
[2025-08-26T04:31:19.418+0000] {processor.py:183} INFO - Processing /home/airflow/.local/lib/python3.12/site-packages/airflow/example_dags/example_task_group_decorator.py took 0.955 seconds
[2025-08-26T04:31:54.721+0000] {processor.py:161} INFO - Started process (PID=1010) to work on /home/airflow/.local/lib/python3.12/site-packages/airflow/example_dags/example_task_group_decorator.py
[2025-08-26T04:31:54.804+0000] {processor.py:830} INFO - Processing file /home/airflow/.local/lib/python3.12/site-packages/airflow/example_dags/example_task_group_decorator.py for tasks to queue
[2025-08-26T04:31:54.830+0000] {logging_mixin.py:188} INFO - [2025-08-26T04:31:54.829+0000] {dagbag.py:545} INFO - Filling up the DagBag from /home/airflow/.local/lib/python3.12/site-packages/airflow/example_dags/example_task_group_decorator.py
[2025-08-26T04:31:55.133+0000] {processor.py:840} INFO - DAG(s) 'example_task_group_decorator' retrieved from /home/airflow/.local/lib/python3.12/site-packages/airflow/example_dags/example_task_group_decorator.py
[2025-08-26T04:31:55.423+0000] {logging_mixin.py:188} INFO - [2025-08-26T04:31:55.422+0000] {dag.py:3096} INFO - Sync 1 DAGs
[2025-08-26T04:31:55.756+0000] {logging_mixin.py:188} INFO - [2025-08-26T04:31:55.755+0000] {dag.py:3954} INFO - Setting next_dagrun for example_task_group_decorator to 2025-08-25 00:00:00+00:00, run_after=2025-08-26 00:00:00+00:00
[2025-08-26T04:31:56.103+0000] {processor.py:183} INFO - Processing /home/airflow/.local/lib/python3.12/site-packages/airflow/example_dags/example_task_group_decorator.py took 1.524 seconds
[2025-08-26T04:32:26.699+0000] {processor.py:161} INFO - Started process (PID=1277) to work on /home/airflow/.local/lib/python3.12/site-packages/airflow/example_dags/example_task_group_decorator.py
[2025-08-26T04:32:26.703+0000] {processor.py:830} INFO - Processing file /home/airflow/.local/lib/python3.12/site-packages/airflow/example_dags/example_task_group_decorator.py for tasks to queue
[2025-08-26T04:32:26.720+0000] {logging_mixin.py:188} INFO - [2025-08-26T04:32:26.716+0000] {dagbag.py:545} INFO - Filling up the DagBag from /home/airflow/.local/lib/python3.12/site-packages/airflow/example_dags/example_task_group_decorator.py
[2025-08-26T04:32:26.832+0000] {processor.py:840} INFO - DAG(s) 'example_task_group_decorator' retrieved from /home/airflow/.local/lib/python3.12/site-packages/airflow/example_dags/example_task_group_decorator.py
[2025-08-26T04:32:27.217+0000] {logging_mixin.py:188} INFO - [2025-08-26T04:32:27.216+0000] {dag.py:3096} INFO - Sync 1 DAGs
[2025-08-26T04:32:27.389+0000] {logging_mixin.py:188} INFO - [2025-08-26T04:32:27.387+0000] {dag.py:3954} INFO - Setting next_dagrun for example_task_group_decorator to 2025-08-25 00:00:00+00:00, run_after=2025-08-26 00:00:00+00:00
[2025-08-26T04:32:27.486+0000] {processor.py:183} INFO - Processing /home/airflow/.local/lib/python3.12/site-packages/airflow/example_dags/example_task_group_decorator.py took 0.825 seconds
[2025-08-26T04:32:59.545+0000] {processor.py:161} INFO - Started process (PID=1439) to work on /home/airflow/.local/lib/python3.12/site-packages/airflow/example_dags/example_task_group_decorator.py
[2025-08-26T04:32:59.548+0000] {processor.py:830} INFO - Processing file /home/airflow/.local/lib/python3.12/site-packages/airflow/example_dags/example_task_group_decorator.py for tasks to queue
[2025-08-26T04:32:59.562+0000] {logging_mixin.py:188} INFO - [2025-08-26T04:32:59.560+0000] {dagbag.py:545} INFO - Filling up the DagBag from /home/airflow/.local/lib/python3.12/site-packages/airflow/example_dags/example_task_group_decorator.py
[2025-08-26T04:32:59.663+0000] {processor.py:840} INFO - DAG(s) 'example_task_group_decorator' retrieved from /home/airflow/.local/lib/python3.12/site-packages/airflow/example_dags/example_task_group_decorator.py
[2025-08-26T04:32:59.900+0000] {logging_mixin.py:188} INFO - [2025-08-26T04:32:59.899+0000] {dag.py:3096} INFO - Sync 1 DAGs
[2025-08-26T04:33:00.087+0000] {logging_mixin.py:188} INFO - [2025-08-26T04:33:00.086+0000] {dag.py:3954} INFO - Setting next_dagrun for example_task_group_decorator to 2025-08-25 00:00:00+00:00, run_after=2025-08-26 00:00:00+00:00
[2025-08-26T04:33:00.211+0000] {processor.py:183} INFO - Processing /home/airflow/.local/lib/python3.12/site-packages/airflow/example_dags/example_task_group_decorator.py took 0.720 seconds
[2025-08-26T04:33:30.530+0000] {processor.py:161} INFO - Started process (PID=1700) to work on /home/airflow/.local/lib/python3.12/site-packages/airflow/example_dags/example_task_group_decorator.py
[2025-08-26T04:33:30.552+0000] {processor.py:830} INFO - Processing file /home/airflow/.local/lib/python3.12/site-packages/airflow/example_dags/example_task_group_decorator.py for tasks to queue
[2025-08-26T04:33:30.562+0000] {logging_mixin.py:188} INFO - [2025-08-26T04:33:30.559+0000] {dagbag.py:545} INFO - Filling up the DagBag from /home/airflow/.local/lib/python3.12/site-packages/airflow/example_dags/example_task_group_decorator.py
[2025-08-26T04:33:30.650+0000] {processor.py:840} INFO - DAG(s) 'example_task_group_decorator' retrieved from /home/airflow/.local/lib/python3.12/site-packages/airflow/example_dags/example_task_group_decorator.py
[2025-08-26T04:33:31.015+0000] {logging_mixin.py:188} INFO - [2025-08-26T04:33:31.014+0000] {dag.py:3096} INFO - Sync 1 DAGs
[2025-08-26T04:33:31.238+0000] {logging_mixin.py:188} INFO - [2025-08-26T04:33:31.238+0000] {dag.py:3954} INFO - Setting next_dagrun for example_task_group_decorator to 2025-08-25 00:00:00+00:00, run_after=2025-08-26 00:00:00+00:00
[2025-08-26T04:33:31.453+0000] {processor.py:183} INFO - Processing /home/airflow/.local/lib/python3.12/site-packages/airflow/example_dags/example_task_group_decorator.py took 0.974 seconds
[2025-08-26T04:34:02.270+0000] {processor.py:161} INFO - Started process (PID=1963) to work on /home/airflow/.local/lib/python3.12/site-packages/airflow/example_dags/example_task_group_decorator.py
[2025-08-26T04:34:02.278+0000] {processor.py:830} INFO - Processing file /home/airflow/.local/lib/python3.12/site-packages/airflow/example_dags/example_task_group_decorator.py for tasks to queue
[2025-08-26T04:34:02.294+0000] {logging_mixin.py:188} INFO - [2025-08-26T04:34:02.292+0000] {dagbag.py:545} INFO - Filling up the DagBag from /home/airflow/.local/lib/python3.12/site-packages/airflow/example_dags/example_task_group_decorator.py
[2025-08-26T04:34:02.471+0000] {processor.py:840} INFO - DAG(s) 'example_task_group_decorator' retrieved from /home/airflow/.local/lib/python3.12/site-packages/airflow/example_dags/example_task_group_decorator.py
[2025-08-26T04:34:02.768+0000] {logging_mixin.py:188} INFO - [2025-08-26T04:34:02.760+0000] {dag.py:3096} INFO - Sync 1 DAGs
[2025-08-26T04:34:03.292+0000] {logging_mixin.py:188} INFO - [2025-08-26T04:34:03.292+0000] {dag.py:3954} INFO - Setting next_dagrun for example_task_group_decorator to 2025-08-25 00:00:00+00:00, run_after=2025-08-26 00:00:00+00:00
[2025-08-26T04:34:03.475+0000] {processor.py:183} INFO - Processing /home/airflow/.local/lib/python3.12/site-packages/airflow/example_dags/example_task_group_decorator.py took 1.320 seconds
[2025-08-26T04:34:34.208+0000] {processor.py:161} INFO - Started process (PID=2227) to work on /home/airflow/.local/lib/python3.12/site-packages/airflow/example_dags/example_task_group_decorator.py
[2025-08-26T04:34:34.212+0000] {processor.py:830} INFO - Processing file /home/airflow/.local/lib/python3.12/site-packages/airflow/example_dags/example_task_group_decorator.py for tasks to queue
[2025-08-26T04:34:34.229+0000] {logging_mixin.py:188} INFO - [2025-08-26T04:34:34.227+0000] {dagbag.py:545} INFO - Filling up the DagBag from /home/airflow/.local/lib/python3.12/site-packages/airflow/example_dags/example_task_group_decorator.py
[2025-08-26T04:34:34.299+0000] {processor.py:840} INFO - DAG(s) 'example_task_group_decorator' retrieved from /home/airflow/.local/lib/python3.12/site-packages/airflow/example_dags/example_task_group_decorator.py
[2025-08-26T04:34:34.441+0000] {logging_mixin.py:188} INFO - [2025-08-26T04:34:34.440+0000] {dag.py:3096} INFO - Sync 1 DAGs
[2025-08-26T04:34:34.548+0000] {logging_mixin.py:188} INFO - [2025-08-26T04:34:34.548+0000] {dag.py:3954} INFO - Setting next_dagrun for example_task_group_decorator to 2025-08-25 00:00:00+00:00, run_after=2025-08-26 00:00:00+00:00
[2025-08-26T04:34:34.641+0000] {processor.py:183} INFO - Processing /home/airflow/.local/lib/python3.12/site-packages/airflow/example_dags/example_task_group_decorator.py took 0.521 seconds
[2025-08-26T04:35:05.658+0000] {processor.py:161} INFO - Started process (PID=2488) to work on /home/airflow/.local/lib/python3.12/site-packages/airflow/example_dags/example_task_group_decorator.py
[2025-08-26T04:35:05.661+0000] {processor.py:830} INFO - Processing file /home/airflow/.local/lib/python3.12/site-packages/airflow/example_dags/example_task_group_decorator.py for tasks to queue
[2025-08-26T04:35:05.668+0000] {logging_mixin.py:188} INFO - [2025-08-26T04:35:05.667+0000] {dagbag.py:545} INFO - Filling up the DagBag from /home/airflow/.local/lib/python3.12/site-packages/airflow/example_dags/example_task_group_decorator.py
[2025-08-26T04:35:05.825+0000] {processor.py:840} INFO - DAG(s) 'example_task_group_decorator' retrieved from /home/airflow/.local/lib/python3.12/site-packages/airflow/example_dags/example_task_group_decorator.py
[2025-08-26T04:35:06.016+0000] {logging_mixin.py:188} INFO - [2025-08-26T04:35:06.015+0000] {dag.py:3096} INFO - Sync 1 DAGs
[2025-08-26T04:35:06.174+0000] {logging_mixin.py:188} INFO - [2025-08-26T04:35:06.173+0000] {dag.py:3954} INFO - Setting next_dagrun for example_task_group_decorator to 2025-08-25 00:00:00+00:00, run_after=2025-08-26 00:00:00+00:00
[2025-08-26T04:35:06.277+0000] {processor.py:183} INFO - Processing /home/airflow/.local/lib/python3.12/site-packages/airflow/example_dags/example_task_group_decorator.py took 0.642 seconds
[2025-08-26T04:35:37.071+0000] {processor.py:161} INFO - Started process (PID=2748) to work on /home/airflow/.local/lib/python3.12/site-packages/airflow/example_dags/example_task_group_decorator.py
[2025-08-26T04:35:37.088+0000] {processor.py:830} INFO - Processing file /home/airflow/.local/lib/python3.12/site-packages/airflow/example_dags/example_task_group_decorator.py for tasks to queue
[2025-08-26T04:35:37.111+0000] {logging_mixin.py:188} INFO - [2025-08-26T04:35:37.109+0000] {dagbag.py:545} INFO - Filling up the DagBag from /home/airflow/.local/lib/python3.12/site-packages/airflow/example_dags/example_task_group_decorator.py
[2025-08-26T04:35:37.218+0000] {processor.py:840} INFO - DAG(s) 'example_task_group_decorator' retrieved from /home/airflow/.local/lib/python3.12/site-packages/airflow/example_dags/example_task_group_decorator.py
[2025-08-26T04:35:37.385+0000] {logging_mixin.py:188} INFO - [2025-08-26T04:35:37.384+0000] {dag.py:3096} INFO - Sync 1 DAGs
[2025-08-26T04:35:37.522+0000] {logging_mixin.py:188} INFO - [2025-08-26T04:35:37.521+0000] {dag.py:3954} INFO - Setting next_dagrun for example_task_group_decorator to 2025-08-25 00:00:00+00:00, run_after=2025-08-26 00:00:00+00:00
[2025-08-26T04:35:37.605+0000] {processor.py:183} INFO - Processing /home/airflow/.local/lib/python3.12/site-packages/airflow/example_dags/example_task_group_decorator.py took 0.591 seconds
[2025-08-26T04:36:10.521+0000] {processor.py:161} INFO - Started process (PID=3012) to work on /home/airflow/.local/lib/python3.12/site-packages/airflow/example_dags/example_task_group_decorator.py
[2025-08-26T04:36:10.532+0000] {processor.py:830} INFO - Processing file /home/airflow/.local/lib/python3.12/site-packages/airflow/example_dags/example_task_group_decorator.py for tasks to queue
[2025-08-26T04:36:10.561+0000] {logging_mixin.py:188} INFO - [2025-08-26T04:36:10.552+0000] {dagbag.py:545} INFO - Filling up the DagBag from /home/airflow/.local/lib/python3.12/site-packages/airflow/example_dags/example_task_group_decorator.py
[2025-08-26T04:36:10.668+0000] {processor.py:840} INFO - DAG(s) 'example_task_group_decorator' retrieved from /home/airflow/.local/lib/python3.12/site-packages/airflow/example_dags/example_task_group_decorator.py
[2025-08-26T04:36:10.819+0000] {logging_mixin.py:188} INFO - [2025-08-26T04:36:10.818+0000] {dag.py:3096} INFO - Sync 1 DAGs
[2025-08-26T04:36:10.976+0000] {logging_mixin.py:188} INFO - [2025-08-26T04:36:10.975+0000] {dag.py:3954} INFO - Setting next_dagrun for example_task_group_decorator to 2025-08-25 00:00:00+00:00, run_after=2025-08-26 00:00:00+00:00
[2025-08-26T04:36:11.113+0000] {processor.py:183} INFO - Processing /home/airflow/.local/lib/python3.12/site-packages/airflow/example_dags/example_task_group_decorator.py took 0.649 seconds
[2025-08-26T04:36:42.844+0000] {processor.py:161} INFO - Started process (PID=3273) to work on /home/airflow/.local/lib/python3.12/site-packages/airflow/example_dags/example_task_group_decorator.py
[2025-08-26T04:36:42.848+0000] {processor.py:830} INFO - Processing file /home/airflow/.local/lib/python3.12/site-packages/airflow/example_dags/example_task_group_decorator.py for tasks to queue
[2025-08-26T04:36:42.853+0000] {logging_mixin.py:188} INFO - [2025-08-26T04:36:42.852+0000] {dagbag.py:545} INFO - Filling up the DagBag from /home/airflow/.local/lib/python3.12/site-packages/airflow/example_dags/example_task_group_decorator.py
[2025-08-26T04:36:42.942+0000] {processor.py:840} INFO - DAG(s) 'example_task_group_decorator' retrieved from /home/airflow/.local/lib/python3.12/site-packages/airflow/example_dags/example_task_group_decorator.py
[2025-08-26T04:36:43.102+0000] {logging_mixin.py:188} INFO - [2025-08-26T04:36:43.102+0000] {dag.py:3096} INFO - Sync 1 DAGs
[2025-08-26T04:36:43.306+0000] {logging_mixin.py:188} INFO - [2025-08-26T04:36:43.305+0000] {dag.py:3954} INFO - Setting next_dagrun for example_task_group_decorator to 2025-08-25 00:00:00+00:00, run_after=2025-08-26 00:00:00+00:00
[2025-08-26T04:36:43.402+0000] {processor.py:183} INFO - Processing /home/airflow/.local/lib/python3.12/site-packages/airflow/example_dags/example_task_group_decorator.py took 0.588 seconds
[2025-08-26T04:37:13.747+0000] {processor.py:161} INFO - Started process (PID=3529) to work on /home/airflow/.local/lib/python3.12/site-packages/airflow/example_dags/example_task_group_decorator.py
[2025-08-26T04:37:13.758+0000] {processor.py:830} INFO - Processing file /home/airflow/.local/lib/python3.12/site-packages/airflow/example_dags/example_task_group_decorator.py for tasks to queue
[2025-08-26T04:37:13.770+0000] {logging_mixin.py:188} INFO - [2025-08-26T04:37:13.769+0000] {dagbag.py:545} INFO - Filling up the DagBag from /home/airflow/.local/lib/python3.12/site-packages/airflow/example_dags/example_task_group_decorator.py
[2025-08-26T04:37:13.935+0000] {processor.py:840} INFO - DAG(s) 'example_task_group_decorator' retrieved from /home/airflow/.local/lib/python3.12/site-packages/airflow/example_dags/example_task_group_decorator.py
[2025-08-26T04:37:14.237+0000] {logging_mixin.py:188} INFO - [2025-08-26T04:37:14.237+0000] {dag.py:3096} INFO - Sync 1 DAGs
[2025-08-26T04:37:14.362+0000] {logging_mixin.py:188} INFO - [2025-08-26T04:37:14.361+0000] {dag.py:3954} INFO - Setting next_dagrun for example_task_group_decorator to 2025-08-25 00:00:00+00:00, run_after=2025-08-26 00:00:00+00:00
[2025-08-26T04:37:14.440+0000] {processor.py:183} INFO - Processing /home/airflow/.local/lib/python3.12/site-packages/airflow/example_dags/example_task_group_decorator.py took 0.758 seconds
[2025-08-26T04:37:44.662+0000] {processor.py:161} INFO - Started process (PID=3790) to work on /home/airflow/.local/lib/python3.12/site-packages/airflow/example_dags/example_task_group_decorator.py
[2025-08-26T04:37:44.683+0000] {processor.py:830} INFO - Processing file /home/airflow/.local/lib/python3.12/site-packages/airflow/example_dags/example_task_group_decorator.py for tasks to queue
[2025-08-26T04:37:44.691+0000] {logging_mixin.py:188} INFO - [2025-08-26T04:37:44.690+0000] {dagbag.py:545} INFO - Filling up the DagBag from /home/airflow/.local/lib/python3.12/site-packages/airflow/example_dags/example_task_group_decorator.py
[2025-08-26T04:37:44.783+0000] {processor.py:840} INFO - DAG(s) 'example_task_group_decorator' retrieved from /home/airflow/.local/lib/python3.12/site-packages/airflow/example_dags/example_task_group_decorator.py
[2025-08-26T04:37:44.914+0000] {logging_mixin.py:188} INFO - [2025-08-26T04:37:44.913+0000] {dag.py:3096} INFO - Sync 1 DAGs
[2025-08-26T04:37:45.061+0000] {logging_mixin.py:188} INFO - [2025-08-26T04:37:45.061+0000] {dag.py:3954} INFO - Setting next_dagrun for example_task_group_decorator to 2025-08-25 00:00:00+00:00, run_after=2025-08-26 00:00:00+00:00
[2025-08-26T04:37:45.151+0000] {processor.py:183} INFO - Processing /home/airflow/.local/lib/python3.12/site-packages/airflow/example_dags/example_task_group_decorator.py took 0.520 seconds
[2025-08-26T04:38:15.342+0000] {processor.py:161} INFO - Started process (PID=4049) to work on /home/airflow/.local/lib/python3.12/site-packages/airflow/example_dags/example_task_group_decorator.py
[2025-08-26T04:38:15.348+0000] {processor.py:830} INFO - Processing file /home/airflow/.local/lib/python3.12/site-packages/airflow/example_dags/example_task_group_decorator.py for tasks to queue
[2025-08-26T04:38:15.369+0000] {logging_mixin.py:188} INFO - [2025-08-26T04:38:15.368+0000] {dagbag.py:545} INFO - Filling up the DagBag from /home/airflow/.local/lib/python3.12/site-packages/airflow/example_dags/example_task_group_decorator.py
[2025-08-26T04:38:15.514+0000] {processor.py:840} INFO - DAG(s) 'example_task_group_decorator' retrieved from /home/airflow/.local/lib/python3.12/site-packages/airflow/example_dags/example_task_group_decorator.py
[2025-08-26T04:38:15.752+0000] {logging_mixin.py:188} INFO - [2025-08-26T04:38:15.751+0000] {dag.py:3096} INFO - Sync 1 DAGs
[2025-08-26T04:38:15.963+0000] {logging_mixin.py:188} INFO - [2025-08-26T04:38:15.962+0000] {dag.py:3954} INFO - Setting next_dagrun for example_task_group_decorator to 2025-08-25 00:00:00+00:00, run_after=2025-08-26 00:00:00+00:00
[2025-08-26T04:38:16.146+0000] {processor.py:183} INFO - Processing /home/airflow/.local/lib/python3.12/site-packages/airflow/example_dags/example_task_group_decorator.py took 0.840 seconds
[2025-08-26T04:38:46.611+0000] {processor.py:161} INFO - Started process (PID=4311) to work on /home/airflow/.local/lib/python3.12/site-packages/airflow/example_dags/example_task_group_decorator.py
[2025-08-26T04:38:46.633+0000] {processor.py:830} INFO - Processing file /home/airflow/.local/lib/python3.12/site-packages/airflow/example_dags/example_task_group_decorator.py for tasks to queue
[2025-08-26T04:38:46.654+0000] {logging_mixin.py:188} INFO - [2025-08-26T04:38:46.652+0000] {dagbag.py:545} INFO - Filling up the DagBag from /home/airflow/.local/lib/python3.12/site-packages/airflow/example_dags/example_task_group_decorator.py
[2025-08-26T04:38:46.771+0000] {processor.py:840} INFO - DAG(s) 'example_task_group_decorator' retrieved from /home/airflow/.local/lib/python3.12/site-packages/airflow/example_dags/example_task_group_decorator.py
[2025-08-26T04:38:46.916+0000] {logging_mixin.py:188} INFO - [2025-08-26T04:38:46.915+0000] {dag.py:3096} INFO - Sync 1 DAGs
[2025-08-26T04:38:47.097+0000] {logging_mixin.py:188} INFO - [2025-08-26T04:38:47.096+0000] {dag.py:3954} INFO - Setting next_dagrun for example_task_group_decorator to 2025-08-25 00:00:00+00:00, run_after=2025-08-26 00:00:00+00:00
[2025-08-26T04:38:47.268+0000] {processor.py:183} INFO - Processing /home/airflow/.local/lib/python3.12/site-packages/airflow/example_dags/example_task_group_decorator.py took 0.771 seconds
[2025-08-26T04:39:17.588+0000] {processor.py:161} INFO - Started process (PID=4573) to work on /home/airflow/.local/lib/python3.12/site-packages/airflow/example_dags/example_task_group_decorator.py
[2025-08-26T04:39:17.599+0000] {processor.py:830} INFO - Processing file /home/airflow/.local/lib/python3.12/site-packages/airflow/example_dags/example_task_group_decorator.py for tasks to queue
[2025-08-26T04:39:17.606+0000] {logging_mixin.py:188} INFO - [2025-08-26T04:39:17.604+0000] {dagbag.py:545} INFO - Filling up the DagBag from /home/airflow/.local/lib/python3.12/site-packages/airflow/example_dags/example_task_group_decorator.py
[2025-08-26T04:39:17.688+0000] {processor.py:840} INFO - DAG(s) 'example_task_group_decorator' retrieved from /home/airflow/.local/lib/python3.12/site-packages/airflow/example_dags/example_task_group_decorator.py
[2025-08-26T04:39:17.846+0000] {logging_mixin.py:188} INFO - [2025-08-26T04:39:17.845+0000] {dag.py:3096} INFO - Sync 1 DAGs
[2025-08-26T04:39:17.953+0000] {logging_mixin.py:188} INFO - [2025-08-26T04:39:17.952+0000] {dag.py:3954} INFO - Setting next_dagrun for example_task_group_decorator to 2025-08-25 00:00:00+00:00, run_after=2025-08-26 00:00:00+00:00
[2025-08-26T04:39:18.118+0000] {processor.py:183} INFO - Processing /home/airflow/.local/lib/python3.12/site-packages/airflow/example_dags/example_task_group_decorator.py took 0.557 seconds
[2025-08-26T04:39:58.329+0000] {processor.py:161} INFO - Started process (PID=4803) to work on /home/airflow/.local/lib/python3.12/site-packages/airflow/example_dags/example_task_group_decorator.py
[2025-08-26T04:39:58.346+0000] {processor.py:830} INFO - Processing file /home/airflow/.local/lib/python3.12/site-packages/airflow/example_dags/example_task_group_decorator.py for tasks to queue
[2025-08-26T04:39:58.378+0000] {logging_mixin.py:188} INFO - [2025-08-26T04:39:58.376+0000] {dagbag.py:545} INFO - Filling up the DagBag from /home/airflow/.local/lib/python3.12/site-packages/airflow/example_dags/example_task_group_decorator.py
[2025-08-26T04:39:58.542+0000] {processor.py:840} INFO - DAG(s) 'example_task_group_decorator' retrieved from /home/airflow/.local/lib/python3.12/site-packages/airflow/example_dags/example_task_group_decorator.py
[2025-08-26T04:39:58.976+0000] {logging_mixin.py:188} INFO - [2025-08-26T04:39:58.963+0000] {dag.py:3096} INFO - Sync 1 DAGs
[2025-08-26T04:39:59.449+0000] {logging_mixin.py:188} INFO - [2025-08-26T04:39:59.448+0000] {dag.py:3954} INFO - Setting next_dagrun for example_task_group_decorator to 2025-08-25 00:00:00+00:00, run_after=2025-08-26 00:00:00+00:00
[2025-08-26T04:39:59.775+0000] {processor.py:183} INFO - Processing /home/airflow/.local/lib/python3.12/site-packages/airflow/example_dags/example_task_group_decorator.py took 1.542 seconds
[2025-08-26T04:40:37.405+0000] {processor.py:161} INFO - Started process (PID=5071) to work on /home/airflow/.local/lib/python3.12/site-packages/airflow/example_dags/example_task_group_decorator.py
[2025-08-26T04:40:37.419+0000] {processor.py:830} INFO - Processing file /home/airflow/.local/lib/python3.12/site-packages/airflow/example_dags/example_task_group_decorator.py for tasks to queue
[2025-08-26T04:40:37.438+0000] {logging_mixin.py:188} INFO - [2025-08-26T04:40:37.437+0000] {dagbag.py:545} INFO - Filling up the DagBag from /home/airflow/.local/lib/python3.12/site-packages/airflow/example_dags/example_task_group_decorator.py
[2025-08-26T04:40:37.586+0000] {processor.py:840} INFO - DAG(s) 'example_task_group_decorator' retrieved from /home/airflow/.local/lib/python3.12/site-packages/airflow/example_dags/example_task_group_decorator.py
[2025-08-26T04:40:37.789+0000] {logging_mixin.py:188} INFO - [2025-08-26T04:40:37.789+0000] {dag.py:3096} INFO - Sync 1 DAGs
[2025-08-26T04:40:37.940+0000] {logging_mixin.py:188} INFO - [2025-08-26T04:40:37.939+0000] {dag.py:3954} INFO - Setting next_dagrun for example_task_group_decorator to 2025-08-25 00:00:00+00:00, run_after=2025-08-26 00:00:00+00:00
[2025-08-26T04:40:38.126+0000] {processor.py:183} INFO - Processing /home/airflow/.local/lib/python3.12/site-packages/airflow/example_dags/example_task_group_decorator.py took 0.812 seconds
[2025-08-26T04:41:09.333+0000] {processor.py:161} INFO - Started process (PID=5340) to work on /home/airflow/.local/lib/python3.12/site-packages/airflow/example_dags/example_task_group_decorator.py
[2025-08-26T04:41:09.340+0000] {processor.py:830} INFO - Processing file /home/airflow/.local/lib/python3.12/site-packages/airflow/example_dags/example_task_group_decorator.py for tasks to queue
[2025-08-26T04:41:09.348+0000] {logging_mixin.py:188} INFO - [2025-08-26T04:41:09.347+0000] {dagbag.py:545} INFO - Filling up the DagBag from /home/airflow/.local/lib/python3.12/site-packages/airflow/example_dags/example_task_group_decorator.py
[2025-08-26T04:41:09.449+0000] {processor.py:840} INFO - DAG(s) 'example_task_group_decorator' retrieved from /home/airflow/.local/lib/python3.12/site-packages/airflow/example_dags/example_task_group_decorator.py
[2025-08-26T04:41:09.682+0000] {logging_mixin.py:188} INFO - [2025-08-26T04:41:09.682+0000] {dag.py:3096} INFO - Sync 1 DAGs
[2025-08-26T04:41:09.801+0000] {logging_mixin.py:188} INFO - [2025-08-26T04:41:09.800+0000] {dag.py:3954} INFO - Setting next_dagrun for example_task_group_decorator to 2025-08-25 00:00:00+00:00, run_after=2025-08-26 00:00:00+00:00
[2025-08-26T04:41:09.917+0000] {processor.py:183} INFO - Processing /home/airflow/.local/lib/python3.12/site-packages/airflow/example_dags/example_task_group_decorator.py took 0.620 seconds
[2025-08-26T04:41:43.192+0000] {processor.py:161} INFO - Started process (PID=5589) to work on /home/airflow/.local/lib/python3.12/site-packages/airflow/example_dags/example_task_group_decorator.py
[2025-08-26T04:41:43.197+0000] {processor.py:830} INFO - Processing file /home/airflow/.local/lib/python3.12/site-packages/airflow/example_dags/example_task_group_decorator.py for tasks to queue
[2025-08-26T04:41:43.227+0000] {logging_mixin.py:188} INFO - [2025-08-26T04:41:43.226+0000] {dagbag.py:545} INFO - Filling up the DagBag from /home/airflow/.local/lib/python3.12/site-packages/airflow/example_dags/example_task_group_decorator.py
[2025-08-26T04:41:43.424+0000] {processor.py:840} INFO - DAG(s) 'example_task_group_decorator' retrieved from /home/airflow/.local/lib/python3.12/site-packages/airflow/example_dags/example_task_group_decorator.py
[2025-08-26T04:41:43.690+0000] {logging_mixin.py:188} INFO - [2025-08-26T04:41:43.689+0000] {dag.py:3096} INFO - Sync 1 DAGs
[2025-08-26T04:41:43.963+0000] {logging_mixin.py:188} INFO - [2025-08-26T04:41:43.962+0000] {dag.py:3954} INFO - Setting next_dagrun for example_task_group_decorator to 2025-08-25 00:00:00+00:00, run_after=2025-08-26 00:00:00+00:00
[2025-08-26T04:41:44.220+0000] {processor.py:183} INFO - Processing /home/airflow/.local/lib/python3.12/site-packages/airflow/example_dags/example_task_group_decorator.py took 1.151 seconds
[2025-08-26T04:42:20.102+0000] {processor.py:161} INFO - Started process (PID=5836) to work on /home/airflow/.local/lib/python3.12/site-packages/airflow/example_dags/example_task_group_decorator.py
[2025-08-26T04:42:20.107+0000] {processor.py:830} INFO - Processing file /home/airflow/.local/lib/python3.12/site-packages/airflow/example_dags/example_task_group_decorator.py for tasks to queue
[2025-08-26T04:42:20.126+0000] {logging_mixin.py:188} INFO - [2025-08-26T04:42:20.125+0000] {dagbag.py:545} INFO - Filling up the DagBag from /home/airflow/.local/lib/python3.12/site-packages/airflow/example_dags/example_task_group_decorator.py
[2025-08-26T04:42:20.404+0000] {processor.py:840} INFO - DAG(s) 'example_task_group_decorator' retrieved from /home/airflow/.local/lib/python3.12/site-packages/airflow/example_dags/example_task_group_decorator.py
[2025-08-26T04:42:20.742+0000] {logging_mixin.py:188} INFO - [2025-08-26T04:42:20.741+0000] {dag.py:3096} INFO - Sync 1 DAGs
[2025-08-26T04:42:21.269+0000] {logging_mixin.py:188} INFO - [2025-08-26T04:42:21.257+0000] {dag.py:3954} INFO - Setting next_dagrun for example_task_group_decorator to 2025-08-25 00:00:00+00:00, run_after=2025-08-26 00:00:00+00:00
[2025-08-26T04:42:21.622+0000] {processor.py:183} INFO - Processing /home/airflow/.local/lib/python3.12/site-packages/airflow/example_dags/example_task_group_decorator.py took 1.601 seconds
[2025-08-26T04:42:53.659+0000] {processor.py:161} INFO - Started process (PID=6073) to work on /home/airflow/.local/lib/python3.12/site-packages/airflow/example_dags/example_task_group_decorator.py
[2025-08-26T04:42:53.671+0000] {processor.py:830} INFO - Processing file /home/airflow/.local/lib/python3.12/site-packages/airflow/example_dags/example_task_group_decorator.py for tasks to queue
[2025-08-26T04:42:53.682+0000] {logging_mixin.py:188} INFO - [2025-08-26T04:42:53.677+0000] {dagbag.py:545} INFO - Filling up the DagBag from /home/airflow/.local/lib/python3.12/site-packages/airflow/example_dags/example_task_group_decorator.py
[2025-08-26T04:42:53.797+0000] {processor.py:840} INFO - DAG(s) 'example_task_group_decorator' retrieved from /home/airflow/.local/lib/python3.12/site-packages/airflow/example_dags/example_task_group_decorator.py
[2025-08-26T04:42:54.021+0000] {logging_mixin.py:188} INFO - [2025-08-26T04:42:54.020+0000] {dag.py:3096} INFO - Sync 1 DAGs
[2025-08-26T04:42:54.280+0000] {logging_mixin.py:188} INFO - [2025-08-26T04:42:54.279+0000] {dag.py:3954} INFO - Setting next_dagrun for example_task_group_decorator to 2025-08-25 00:00:00+00:00, run_after=2025-08-26 00:00:00+00:00
[2025-08-26T04:42:54.599+0000] {processor.py:183} INFO - Processing /home/airflow/.local/lib/python3.12/site-packages/airflow/example_dags/example_task_group_decorator.py took 0.976 seconds
[2025-08-26T04:43:25.876+0000] {processor.py:161} INFO - Started process (PID=6329) to work on /home/airflow/.local/lib/python3.12/site-packages/airflow/example_dags/example_task_group_decorator.py
[2025-08-26T04:43:25.880+0000] {processor.py:830} INFO - Processing file /home/airflow/.local/lib/python3.12/site-packages/airflow/example_dags/example_task_group_decorator.py for tasks to queue
[2025-08-26T04:43:25.889+0000] {logging_mixin.py:188} INFO - [2025-08-26T04:43:25.887+0000] {dagbag.py:545} INFO - Filling up the DagBag from /home/airflow/.local/lib/python3.12/site-packages/airflow/example_dags/example_task_group_decorator.py
[2025-08-26T04:43:25.992+0000] {processor.py:840} INFO - DAG(s) 'example_task_group_decorator' retrieved from /home/airflow/.local/lib/python3.12/site-packages/airflow/example_dags/example_task_group_decorator.py
[2025-08-26T04:43:26.190+0000] {logging_mixin.py:188} INFO - [2025-08-26T04:43:26.189+0000] {dag.py:3096} INFO - Sync 1 DAGs
[2025-08-26T04:43:26.413+0000] {logging_mixin.py:188} INFO - [2025-08-26T04:43:26.412+0000] {dag.py:3954} INFO - Setting next_dagrun for example_task_group_decorator to 2025-08-25 00:00:00+00:00, run_after=2025-08-26 00:00:00+00:00
[2025-08-26T04:43:26.530+0000] {processor.py:183} INFO - Processing /home/airflow/.local/lib/python3.12/site-packages/airflow/example_dags/example_task_group_decorator.py took 0.693 seconds
[2025-08-26T04:44:03.102+0000] {processor.py:161} INFO - Started process (PID=6560) to work on /home/airflow/.local/lib/python3.12/site-packages/airflow/example_dags/example_task_group_decorator.py
[2025-08-26T04:44:03.107+0000] {processor.py:830} INFO - Processing file /home/airflow/.local/lib/python3.12/site-packages/airflow/example_dags/example_task_group_decorator.py for tasks to queue
[2025-08-26T04:44:03.122+0000] {logging_mixin.py:188} INFO - [2025-08-26T04:44:03.114+0000] {dagbag.py:545} INFO - Filling up the DagBag from /home/airflow/.local/lib/python3.12/site-packages/airflow/example_dags/example_task_group_decorator.py
[2025-08-26T04:44:03.249+0000] {processor.py:840} INFO - DAG(s) 'example_task_group_decorator' retrieved from /home/airflow/.local/lib/python3.12/site-packages/airflow/example_dags/example_task_group_decorator.py
[2025-08-26T04:44:03.437+0000] {logging_mixin.py:188} INFO - [2025-08-26T04:44:03.436+0000] {dag.py:3096} INFO - Sync 1 DAGs
[2025-08-26T04:44:03.593+0000] {logging_mixin.py:188} INFO - [2025-08-26T04:44:03.593+0000] {dag.py:3954} INFO - Setting next_dagrun for example_task_group_decorator to 2025-08-25 00:00:00+00:00, run_after=2025-08-26 00:00:00+00:00
[2025-08-26T04:44:03.694+0000] {processor.py:183} INFO - Processing /home/airflow/.local/lib/python3.12/site-packages/airflow/example_dags/example_task_group_decorator.py took 0.628 seconds
[2025-08-26T04:44:37.104+0000] {processor.py:161} INFO - Started process (PID=6827) to work on /home/airflow/.local/lib/python3.12/site-packages/airflow/example_dags/example_task_group_decorator.py
[2025-08-26T04:44:37.113+0000] {processor.py:830} INFO - Processing file /home/airflow/.local/lib/python3.12/site-packages/airflow/example_dags/example_task_group_decorator.py for tasks to queue
[2025-08-26T04:44:37.120+0000] {logging_mixin.py:188} INFO - [2025-08-26T04:44:37.119+0000] {dagbag.py:545} INFO - Filling up the DagBag from /home/airflow/.local/lib/python3.12/site-packages/airflow/example_dags/example_task_group_decorator.py
[2025-08-26T04:44:37.208+0000] {processor.py:840} INFO - DAG(s) 'example_task_group_decorator' retrieved from /home/airflow/.local/lib/python3.12/site-packages/airflow/example_dags/example_task_group_decorator.py
[2025-08-26T04:44:37.377+0000] {logging_mixin.py:188} INFO - [2025-08-26T04:44:37.376+0000] {dag.py:3096} INFO - Sync 1 DAGs
[2025-08-26T04:44:37.553+0000] {logging_mixin.py:188} INFO - [2025-08-26T04:44:37.552+0000] {dag.py:3954} INFO - Setting next_dagrun for example_task_group_decorator to 2025-08-25 00:00:00+00:00, run_after=2025-08-26 00:00:00+00:00
[2025-08-26T04:44:37.662+0000] {processor.py:183} INFO - Processing /home/airflow/.local/lib/python3.12/site-packages/airflow/example_dags/example_task_group_decorator.py took 0.588 seconds
[2025-08-26T04:45:09.932+0000] {processor.py:161} INFO - Started process (PID=7055) to work on /home/airflow/.local/lib/python3.12/site-packages/airflow/example_dags/example_task_group_decorator.py
[2025-08-26T04:45:09.986+0000] {processor.py:830} INFO - Processing file /home/airflow/.local/lib/python3.12/site-packages/airflow/example_dags/example_task_group_decorator.py for tasks to queue
[2025-08-26T04:45:10.002+0000] {logging_mixin.py:188} INFO - [2025-08-26T04:45:10.001+0000] {dagbag.py:545} INFO - Filling up the DagBag from /home/airflow/.local/lib/python3.12/site-packages/airflow/example_dags/example_task_group_decorator.py
[2025-08-26T04:45:10.190+0000] {processor.py:840} INFO - DAG(s) 'example_task_group_decorator' retrieved from /home/airflow/.local/lib/python3.12/site-packages/airflow/example_dags/example_task_group_decorator.py
[2025-08-26T04:45:10.455+0000] {logging_mixin.py:188} INFO - [2025-08-26T04:45:10.453+0000] {dag.py:3096} INFO - Sync 1 DAGs
[2025-08-26T04:45:10.764+0000] {logging_mixin.py:188} INFO - [2025-08-26T04:45:10.763+0000] {dag.py:3954} INFO - Setting next_dagrun for example_task_group_decorator to 2025-08-25 00:00:00+00:00, run_after=2025-08-26 00:00:00+00:00
[2025-08-26T04:45:10.917+0000] {processor.py:183} INFO - Processing /home/airflow/.local/lib/python3.12/site-packages/airflow/example_dags/example_task_group_decorator.py took 1.100 seconds
[2025-08-26T04:45:45.752+0000] {processor.py:161} INFO - Started process (PID=7317) to work on /home/airflow/.local/lib/python3.12/site-packages/airflow/example_dags/example_task_group_decorator.py
[2025-08-26T04:45:45.757+0000] {processor.py:830} INFO - Processing file /home/airflow/.local/lib/python3.12/site-packages/airflow/example_dags/example_task_group_decorator.py for tasks to queue
[2025-08-26T04:45:45.766+0000] {logging_mixin.py:188} INFO - [2025-08-26T04:45:45.765+0000] {dagbag.py:545} INFO - Filling up the DagBag from /home/airflow/.local/lib/python3.12/site-packages/airflow/example_dags/example_task_group_decorator.py
[2025-08-26T04:45:45.857+0000] {processor.py:840} INFO - DAG(s) 'example_task_group_decorator' retrieved from /home/airflow/.local/lib/python3.12/site-packages/airflow/example_dags/example_task_group_decorator.py
[2025-08-26T04:45:46.176+0000] {logging_mixin.py:188} INFO - [2025-08-26T04:45:46.172+0000] {dag.py:3096} INFO - Sync 1 DAGs
[2025-08-26T04:45:46.314+0000] {logging_mixin.py:188} INFO - [2025-08-26T04:45:46.314+0000] {dag.py:3954} INFO - Setting next_dagrun for example_task_group_decorator to 2025-08-25 00:00:00+00:00, run_after=2025-08-26 00:00:00+00:00
[2025-08-26T04:45:46.529+0000] {processor.py:183} INFO - Processing /home/airflow/.local/lib/python3.12/site-packages/airflow/example_dags/example_task_group_decorator.py took 0.825 seconds
[2025-08-26T04:46:20.459+0000] {processor.py:161} INFO - Started process (PID=7542) to work on /home/airflow/.local/lib/python3.12/site-packages/airflow/example_dags/example_task_group_decorator.py
[2025-08-26T04:46:20.477+0000] {processor.py:830} INFO - Processing file /home/airflow/.local/lib/python3.12/site-packages/airflow/example_dags/example_task_group_decorator.py for tasks to queue
[2025-08-26T04:46:20.568+0000] {logging_mixin.py:188} INFO - [2025-08-26T04:46:20.566+0000] {dagbag.py:545} INFO - Filling up the DagBag from /home/airflow/.local/lib/python3.12/site-packages/airflow/example_dags/example_task_group_decorator.py
[2025-08-26T04:46:20.891+0000] {processor.py:840} INFO - DAG(s) 'example_task_group_decorator' retrieved from /home/airflow/.local/lib/python3.12/site-packages/airflow/example_dags/example_task_group_decorator.py
[2025-08-26T04:46:21.217+0000] {logging_mixin.py:188} INFO - [2025-08-26T04:46:21.216+0000] {dag.py:3096} INFO - Sync 1 DAGs
[2025-08-26T04:46:21.470+0000] {logging_mixin.py:188} INFO - [2025-08-26T04:46:21.469+0000] {dag.py:3954} INFO - Setting next_dagrun for example_task_group_decorator to 2025-08-25 00:00:00+00:00, run_after=2025-08-26 00:00:00+00:00
[2025-08-26T04:46:21.665+0000] {processor.py:183} INFO - Processing /home/airflow/.local/lib/python3.12/site-packages/airflow/example_dags/example_task_group_decorator.py took 1.273 seconds
[2025-08-26T04:46:51.960+0000] {processor.py:161} INFO - Started process (PID=7803) to work on /home/airflow/.local/lib/python3.12/site-packages/airflow/example_dags/example_task_group_decorator.py
[2025-08-26T04:46:51.963+0000] {processor.py:830} INFO - Processing file /home/airflow/.local/lib/python3.12/site-packages/airflow/example_dags/example_task_group_decorator.py for tasks to queue
[2025-08-26T04:46:51.974+0000] {logging_mixin.py:188} INFO - [2025-08-26T04:46:51.972+0000] {dagbag.py:545} INFO - Filling up the DagBag from /home/airflow/.local/lib/python3.12/site-packages/airflow/example_dags/example_task_group_decorator.py
[2025-08-26T04:46:52.068+0000] {processor.py:840} INFO - DAG(s) 'example_task_group_decorator' retrieved from /home/airflow/.local/lib/python3.12/site-packages/airflow/example_dags/example_task_group_decorator.py
[2025-08-26T04:46:52.189+0000] {logging_mixin.py:188} INFO - [2025-08-26T04:46:52.188+0000] {dag.py:3096} INFO - Sync 1 DAGs
[2025-08-26T04:46:52.334+0000] {logging_mixin.py:188} INFO - [2025-08-26T04:46:52.334+0000] {dag.py:3954} INFO - Setting next_dagrun for example_task_group_decorator to 2025-08-25 00:00:00+00:00, run_after=2025-08-26 00:00:00+00:00
[2025-08-26T04:46:52.490+0000] {processor.py:183} INFO - Processing /home/airflow/.local/lib/python3.12/site-packages/airflow/example_dags/example_task_group_decorator.py took 0.564 seconds
[2025-08-26T04:47:25.955+0000] {processor.py:161} INFO - Started process (PID=8044) to work on /home/airflow/.local/lib/python3.12/site-packages/airflow/example_dags/example_task_group_decorator.py
[2025-08-26T04:47:25.965+0000] {processor.py:830} INFO - Processing file /home/airflow/.local/lib/python3.12/site-packages/airflow/example_dags/example_task_group_decorator.py for tasks to queue
[2025-08-26T04:47:25.975+0000] {logging_mixin.py:188} INFO - [2025-08-26T04:47:25.973+0000] {dagbag.py:545} INFO - Filling up the DagBag from /home/airflow/.local/lib/python3.12/site-packages/airflow/example_dags/example_task_group_decorator.py
[2025-08-26T04:47:26.109+0000] {processor.py:840} INFO - DAG(s) 'example_task_group_decorator' retrieved from /home/airflow/.local/lib/python3.12/site-packages/airflow/example_dags/example_task_group_decorator.py
[2025-08-26T04:47:26.428+0000] {logging_mixin.py:188} INFO - [2025-08-26T04:47:26.427+0000] {dag.py:3096} INFO - Sync 1 DAGs
[2025-08-26T04:47:26.671+0000] {logging_mixin.py:188} INFO - [2025-08-26T04:47:26.668+0000] {dag.py:3954} INFO - Setting next_dagrun for example_task_group_decorator to 2025-08-25 00:00:00+00:00, run_after=2025-08-26 00:00:00+00:00
[2025-08-26T04:47:26.795+0000] {processor.py:183} INFO - Processing /home/airflow/.local/lib/python3.12/site-packages/airflow/example_dags/example_task_group_decorator.py took 0.867 seconds
[2025-08-26T04:49:17.414+0000] {processor.py:161} INFO - Started process (PID=213) to work on /home/airflow/.local/lib/python3.12/site-packages/airflow/example_dags/example_task_group_decorator.py
[2025-08-26T04:49:17.419+0000] {processor.py:830} INFO - Processing file /home/airflow/.local/lib/python3.12/site-packages/airflow/example_dags/example_task_group_decorator.py for tasks to queue
[2025-08-26T04:49:17.440+0000] {logging_mixin.py:188} INFO - [2025-08-26T04:49:17.438+0000] {dagbag.py:545} INFO - Filling up the DagBag from /home/airflow/.local/lib/python3.12/site-packages/airflow/example_dags/example_task_group_decorator.py
[2025-08-26T04:49:17.583+0000] {processor.py:840} INFO - DAG(s) 'example_task_group_decorator' retrieved from /home/airflow/.local/lib/python3.12/site-packages/airflow/example_dags/example_task_group_decorator.py
[2025-08-26T04:49:17.678+0000] {logging_mixin.py:188} INFO - [2025-08-26T04:49:17.677+0000] {dag.py:3096} INFO - Sync 1 DAGs
[2025-08-26T04:49:17.952+0000] {logging_mixin.py:188} INFO - [2025-08-26T04:49:17.951+0000] {dag.py:3954} INFO - Setting next_dagrun for example_task_group_decorator to 2025-08-25 00:00:00+00:00, run_after=2025-08-26 00:00:00+00:00
[2025-08-26T04:49:18.088+0000] {processor.py:183} INFO - Processing /home/airflow/.local/lib/python3.12/site-packages/airflow/example_dags/example_task_group_decorator.py took 0.714 seconds
[2025-08-26T04:50:03.029+0000] {processor.py:161} INFO - Started process (PID=482) to work on /home/airflow/.local/lib/python3.12/site-packages/airflow/example_dags/example_task_group_decorator.py
[2025-08-26T04:50:03.032+0000] {processor.py:830} INFO - Processing file /home/airflow/.local/lib/python3.12/site-packages/airflow/example_dags/example_task_group_decorator.py for tasks to queue
[2025-08-26T04:50:03.047+0000] {logging_mixin.py:188} INFO - [2025-08-26T04:50:03.046+0000] {dagbag.py:545} INFO - Filling up the DagBag from /home/airflow/.local/lib/python3.12/site-packages/airflow/example_dags/example_task_group_decorator.py
[2025-08-26T04:50:03.170+0000] {processor.py:840} INFO - DAG(s) 'example_task_group_decorator' retrieved from /home/airflow/.local/lib/python3.12/site-packages/airflow/example_dags/example_task_group_decorator.py
[2025-08-26T04:50:04.028+0000] {logging_mixin.py:188} INFO - [2025-08-26T04:50:04.028+0000] {dag.py:3096} INFO - Sync 1 DAGs
[2025-08-26T04:50:04.158+0000] {logging_mixin.py:188} INFO - [2025-08-26T04:50:04.157+0000] {dag.py:3954} INFO - Setting next_dagrun for example_task_group_decorator to 2025-08-25 00:00:00+00:00, run_after=2025-08-26 00:00:00+00:00
[2025-08-26T04:50:04.268+0000] {processor.py:183} INFO - Processing /home/airflow/.local/lib/python3.12/site-packages/airflow/example_dags/example_task_group_decorator.py took 1.268 seconds
[2025-08-26T04:50:34.552+0000] {processor.py:161} INFO - Started process (PID=742) to work on /home/airflow/.local/lib/python3.12/site-packages/airflow/example_dags/example_task_group_decorator.py
[2025-08-26T04:50:34.558+0000] {processor.py:830} INFO - Processing file /home/airflow/.local/lib/python3.12/site-packages/airflow/example_dags/example_task_group_decorator.py for tasks to queue
[2025-08-26T04:50:34.570+0000] {logging_mixin.py:188} INFO - [2025-08-26T04:50:34.568+0000] {dagbag.py:545} INFO - Filling up the DagBag from /home/airflow/.local/lib/python3.12/site-packages/airflow/example_dags/example_task_group_decorator.py
[2025-08-26T04:50:34.689+0000] {processor.py:840} INFO - DAG(s) 'example_task_group_decorator' retrieved from /home/airflow/.local/lib/python3.12/site-packages/airflow/example_dags/example_task_group_decorator.py
[2025-08-26T04:50:35.093+0000] {logging_mixin.py:188} INFO - [2025-08-26T04:50:35.089+0000] {dag.py:3096} INFO - Sync 1 DAGs
[2025-08-26T04:50:35.440+0000] {logging_mixin.py:188} INFO - [2025-08-26T04:50:35.440+0000] {dag.py:3954} INFO - Setting next_dagrun for example_task_group_decorator to 2025-08-25 00:00:00+00:00, run_after=2025-08-26 00:00:00+00:00
[2025-08-26T04:50:35.579+0000] {processor.py:183} INFO - Processing /home/airflow/.local/lib/python3.12/site-packages/airflow/example_dags/example_task_group_decorator.py took 1.086 seconds
[2025-08-26T04:51:06.063+0000] {processor.py:161} INFO - Started process (PID=998) to work on /home/airflow/.local/lib/python3.12/site-packages/airflow/example_dags/example_task_group_decorator.py
[2025-08-26T04:51:06.083+0000] {processor.py:830} INFO - Processing file /home/airflow/.local/lib/python3.12/site-packages/airflow/example_dags/example_task_group_decorator.py for tasks to queue
[2025-08-26T04:51:06.090+0000] {logging_mixin.py:188} INFO - [2025-08-26T04:51:06.088+0000] {dagbag.py:545} INFO - Filling up the DagBag from /home/airflow/.local/lib/python3.12/site-packages/airflow/example_dags/example_task_group_decorator.py
[2025-08-26T04:51:06.370+0000] {processor.py:840} INFO - DAG(s) 'example_task_group_decorator' retrieved from /home/airflow/.local/lib/python3.12/site-packages/airflow/example_dags/example_task_group_decorator.py
[2025-08-26T04:51:06.571+0000] {logging_mixin.py:188} INFO - [2025-08-26T04:51:06.571+0000] {dag.py:3096} INFO - Sync 1 DAGs
[2025-08-26T04:51:06.978+0000] {logging_mixin.py:188} INFO - [2025-08-26T04:51:06.977+0000] {dag.py:3954} INFO - Setting next_dagrun for example_task_group_decorator to 2025-08-25 00:00:00+00:00, run_after=2025-08-26 00:00:00+00:00
[2025-08-26T04:51:07.103+0000] {processor.py:183} INFO - Processing /home/airflow/.local/lib/python3.12/site-packages/airflow/example_dags/example_task_group_decorator.py took 1.084 seconds
[2025-08-26T04:51:38.459+0000] {processor.py:161} INFO - Started process (PID=1260) to work on /home/airflow/.local/lib/python3.12/site-packages/airflow/example_dags/example_task_group_decorator.py
[2025-08-26T04:51:38.463+0000] {processor.py:830} INFO - Processing file /home/airflow/.local/lib/python3.12/site-packages/airflow/example_dags/example_task_group_decorator.py for tasks to queue
[2025-08-26T04:51:38.471+0000] {logging_mixin.py:188} INFO - [2025-08-26T04:51:38.469+0000] {dagbag.py:545} INFO - Filling up the DagBag from /home/airflow/.local/lib/python3.12/site-packages/airflow/example_dags/example_task_group_decorator.py
[2025-08-26T04:51:38.587+0000] {processor.py:840} INFO - DAG(s) 'example_task_group_decorator' retrieved from /home/airflow/.local/lib/python3.12/site-packages/airflow/example_dags/example_task_group_decorator.py
[2025-08-26T04:51:38.752+0000] {logging_mixin.py:188} INFO - [2025-08-26T04:51:38.751+0000] {dag.py:3096} INFO - Sync 1 DAGs
[2025-08-26T04:51:38.908+0000] {logging_mixin.py:188} INFO - [2025-08-26T04:51:38.905+0000] {dag.py:3954} INFO - Setting next_dagrun for example_task_group_decorator to 2025-08-25 00:00:00+00:00, run_after=2025-08-26 00:00:00+00:00
[2025-08-26T04:51:39.113+0000] {processor.py:183} INFO - Processing /home/airflow/.local/lib/python3.12/site-packages/airflow/example_dags/example_task_group_decorator.py took 0.733 seconds
[2025-08-26T04:52:09.790+0000] {processor.py:161} INFO - Started process (PID=1521) to work on /home/airflow/.local/lib/python3.12/site-packages/airflow/example_dags/example_task_group_decorator.py
[2025-08-26T04:52:09.799+0000] {processor.py:830} INFO - Processing file /home/airflow/.local/lib/python3.12/site-packages/airflow/example_dags/example_task_group_decorator.py for tasks to queue
[2025-08-26T04:52:09.817+0000] {logging_mixin.py:188} INFO - [2025-08-26T04:52:09.806+0000] {dagbag.py:545} INFO - Filling up the DagBag from /home/airflow/.local/lib/python3.12/site-packages/airflow/example_dags/example_task_group_decorator.py
[2025-08-26T04:52:10.008+0000] {processor.py:840} INFO - DAG(s) 'example_task_group_decorator' retrieved from /home/airflow/.local/lib/python3.12/site-packages/airflow/example_dags/example_task_group_decorator.py
[2025-08-26T04:52:10.256+0000] {logging_mixin.py:188} INFO - [2025-08-26T04:52:10.253+0000] {dag.py:3096} INFO - Sync 1 DAGs
[2025-08-26T04:52:10.461+0000] {logging_mixin.py:188} INFO - [2025-08-26T04:52:10.460+0000] {dag.py:3954} INFO - Setting next_dagrun for example_task_group_decorator to 2025-08-25 00:00:00+00:00, run_after=2025-08-26 00:00:00+00:00
[2025-08-26T04:52:10.542+0000] {processor.py:183} INFO - Processing /home/airflow/.local/lib/python3.12/site-packages/airflow/example_dags/example_task_group_decorator.py took 0.791 seconds
[2025-08-26T04:52:45.283+0000] {processor.py:161} INFO - Started process (PID=1667) to work on /home/airflow/.local/lib/python3.12/site-packages/airflow/example_dags/example_task_group_decorator.py
[2025-08-26T04:52:45.375+0000] {processor.py:830} INFO - Processing file /home/airflow/.local/lib/python3.12/site-packages/airflow/example_dags/example_task_group_decorator.py for tasks to queue
[2025-08-26T04:52:45.468+0000] {logging_mixin.py:188} INFO - [2025-08-26T04:52:45.466+0000] {dagbag.py:545} INFO - Filling up the DagBag from /home/airflow/.local/lib/python3.12/site-packages/airflow/example_dags/example_task_group_decorator.py
[2025-08-26T04:52:45.716+0000] {processor.py:840} INFO - DAG(s) 'example_task_group_decorator' retrieved from /home/airflow/.local/lib/python3.12/site-packages/airflow/example_dags/example_task_group_decorator.py
[2025-08-26T04:52:45.914+0000] {logging_mixin.py:188} INFO - [2025-08-26T04:52:45.913+0000] {dag.py:3096} INFO - Sync 1 DAGs
[2025-08-26T04:52:46.110+0000] {logging_mixin.py:188} INFO - [2025-08-26T04:52:46.106+0000] {dag.py:3954} INFO - Setting next_dagrun for example_task_group_decorator to 2025-08-25 00:00:00+00:00, run_after=2025-08-26 00:00:00+00:00
[2025-08-26T04:52:46.254+0000] {processor.py:183} INFO - Processing /home/airflow/.local/lib/python3.12/site-packages/airflow/example_dags/example_task_group_decorator.py took 1.135 seconds
[2025-08-26T04:53:16.870+0000] {processor.py:161} INFO - Started process (PID=1929) to work on /home/airflow/.local/lib/python3.12/site-packages/airflow/example_dags/example_task_group_decorator.py
[2025-08-26T04:53:16.889+0000] {processor.py:830} INFO - Processing file /home/airflow/.local/lib/python3.12/site-packages/airflow/example_dags/example_task_group_decorator.py for tasks to queue
[2025-08-26T04:53:16.906+0000] {logging_mixin.py:188} INFO - [2025-08-26T04:53:16.905+0000] {dagbag.py:545} INFO - Filling up the DagBag from /home/airflow/.local/lib/python3.12/site-packages/airflow/example_dags/example_task_group_decorator.py
[2025-08-26T04:53:16.991+0000] {processor.py:840} INFO - DAG(s) 'example_task_group_decorator' retrieved from /home/airflow/.local/lib/python3.12/site-packages/airflow/example_dags/example_task_group_decorator.py
[2025-08-26T04:53:17.094+0000] {logging_mixin.py:188} INFO - [2025-08-26T04:53:17.093+0000] {dag.py:3096} INFO - Sync 1 DAGs
[2025-08-26T04:53:17.163+0000] {logging_mixin.py:188} INFO - [2025-08-26T04:53:17.163+0000] {dag.py:3954} INFO - Setting next_dagrun for example_task_group_decorator to 2025-08-25 00:00:00+00:00, run_after=2025-08-26 00:00:00+00:00
[2025-08-26T04:53:17.221+0000] {processor.py:183} INFO - Processing /home/airflow/.local/lib/python3.12/site-packages/airflow/example_dags/example_task_group_decorator.py took 0.377 seconds
[2025-08-26T04:53:47.513+0000] {processor.py:161} INFO - Started process (PID=2191) to work on /home/airflow/.local/lib/python3.12/site-packages/airflow/example_dags/example_task_group_decorator.py
[2025-08-26T04:53:47.524+0000] {processor.py:830} INFO - Processing file /home/airflow/.local/lib/python3.12/site-packages/airflow/example_dags/example_task_group_decorator.py for tasks to queue
[2025-08-26T04:53:47.540+0000] {logging_mixin.py:188} INFO - [2025-08-26T04:53:47.539+0000] {dagbag.py:545} INFO - Filling up the DagBag from /home/airflow/.local/lib/python3.12/site-packages/airflow/example_dags/example_task_group_decorator.py
[2025-08-26T04:53:47.711+0000] {processor.py:840} INFO - DAG(s) 'example_task_group_decorator' retrieved from /home/airflow/.local/lib/python3.12/site-packages/airflow/example_dags/example_task_group_decorator.py
[2025-08-26T04:53:47.951+0000] {logging_mixin.py:188} INFO - [2025-08-26T04:53:47.942+0000] {dag.py:3096} INFO - Sync 1 DAGs
[2025-08-26T04:53:48.121+0000] {logging_mixin.py:188} INFO - [2025-08-26T04:53:48.120+0000] {dag.py:3954} INFO - Setting next_dagrun for example_task_group_decorator to 2025-08-25 00:00:00+00:00, run_after=2025-08-26 00:00:00+00:00
[2025-08-26T04:53:48.401+0000] {processor.py:183} INFO - Processing /home/airflow/.local/lib/python3.12/site-packages/airflow/example_dags/example_task_group_decorator.py took 0.957 seconds
[2025-08-26T04:54:19.063+0000] {processor.py:161} INFO - Started process (PID=2453) to work on /home/airflow/.local/lib/python3.12/site-packages/airflow/example_dags/example_task_group_decorator.py
[2025-08-26T04:54:19.087+0000] {processor.py:830} INFO - Processing file /home/airflow/.local/lib/python3.12/site-packages/airflow/example_dags/example_task_group_decorator.py for tasks to queue
[2025-08-26T04:54:19.099+0000] {logging_mixin.py:188} INFO - [2025-08-26T04:54:19.097+0000] {dagbag.py:545} INFO - Filling up the DagBag from /home/airflow/.local/lib/python3.12/site-packages/airflow/example_dags/example_task_group_decorator.py
[2025-08-26T04:54:19.275+0000] {processor.py:840} INFO - DAG(s) 'example_task_group_decorator' retrieved from /home/airflow/.local/lib/python3.12/site-packages/airflow/example_dags/example_task_group_decorator.py
[2025-08-26T04:54:19.443+0000] {logging_mixin.py:188} INFO - [2025-08-26T04:54:19.442+0000] {dag.py:3096} INFO - Sync 1 DAGs
[2025-08-26T04:54:19.580+0000] {logging_mixin.py:188} INFO - [2025-08-26T04:54:19.580+0000] {dag.py:3954} INFO - Setting next_dagrun for example_task_group_decorator to 2025-08-25 00:00:00+00:00, run_after=2025-08-26 00:00:00+00:00
[2025-08-26T04:54:20.011+0000] {processor.py:183} INFO - Processing /home/airflow/.local/lib/python3.12/site-packages/airflow/example_dags/example_task_group_decorator.py took 1.018 seconds
[2025-08-26T04:54:51.870+0000] {processor.py:161} INFO - Started process (PID=2715) to work on /home/airflow/.local/lib/python3.12/site-packages/airflow/example_dags/example_task_group_decorator.py
[2025-08-26T04:54:51.890+0000] {processor.py:830} INFO - Processing file /home/airflow/.local/lib/python3.12/site-packages/airflow/example_dags/example_task_group_decorator.py for tasks to queue
[2025-08-26T04:54:51.905+0000] {logging_mixin.py:188} INFO - [2025-08-26T04:54:51.897+0000] {dagbag.py:545} INFO - Filling up the DagBag from /home/airflow/.local/lib/python3.12/site-packages/airflow/example_dags/example_task_group_decorator.py
[2025-08-26T04:54:52.016+0000] {processor.py:840} INFO - DAG(s) 'example_task_group_decorator' retrieved from /home/airflow/.local/lib/python3.12/site-packages/airflow/example_dags/example_task_group_decorator.py
[2025-08-26T04:54:52.123+0000] {logging_mixin.py:188} INFO - [2025-08-26T04:54:52.122+0000] {dag.py:3096} INFO - Sync 1 DAGs
[2025-08-26T04:54:52.215+0000] {logging_mixin.py:188} INFO - [2025-08-26T04:54:52.215+0000] {dag.py:3954} INFO - Setting next_dagrun for example_task_group_decorator to 2025-08-25 00:00:00+00:00, run_after=2025-08-26 00:00:00+00:00
[2025-08-26T04:54:52.299+0000] {processor.py:183} INFO - Processing /home/airflow/.local/lib/python3.12/site-packages/airflow/example_dags/example_task_group_decorator.py took 0.470 seconds
[2025-08-26T04:55:29.694+0000] {processor.py:161} INFO - Started process (PID=2977) to work on /home/airflow/.local/lib/python3.12/site-packages/airflow/example_dags/example_task_group_decorator.py
[2025-08-26T04:55:29.723+0000] {processor.py:830} INFO - Processing file /home/airflow/.local/lib/python3.12/site-packages/airflow/example_dags/example_task_group_decorator.py for tasks to queue
[2025-08-26T04:55:29.731+0000] {logging_mixin.py:188} INFO - [2025-08-26T04:55:29.729+0000] {dagbag.py:545} INFO - Filling up the DagBag from /home/airflow/.local/lib/python3.12/site-packages/airflow/example_dags/example_task_group_decorator.py
[2025-08-26T04:55:29.929+0000] {processor.py:840} INFO - DAG(s) 'example_task_group_decorator' retrieved from /home/airflow/.local/lib/python3.12/site-packages/airflow/example_dags/example_task_group_decorator.py
[2025-08-26T04:55:30.515+0000] {logging_mixin.py:188} INFO - [2025-08-26T04:55:30.514+0000] {dag.py:3096} INFO - Sync 1 DAGs
[2025-08-26T04:55:30.903+0000] {logging_mixin.py:188} INFO - [2025-08-26T04:55:30.901+0000] {dag.py:3954} INFO - Setting next_dagrun for example_task_group_decorator to 2025-08-25 00:00:00+00:00, run_after=2025-08-26 00:00:00+00:00
[2025-08-26T04:55:31.137+0000] {processor.py:183} INFO - Processing /home/airflow/.local/lib/python3.12/site-packages/airflow/example_dags/example_task_group_decorator.py took 1.585 seconds
[2025-08-26T04:56:06.087+0000] {processor.py:161} INFO - Started process (PID=3224) to work on /home/airflow/.local/lib/python3.12/site-packages/airflow/example_dags/example_task_group_decorator.py
[2025-08-26T04:56:06.096+0000] {processor.py:830} INFO - Processing file /home/airflow/.local/lib/python3.12/site-packages/airflow/example_dags/example_task_group_decorator.py for tasks to queue
[2025-08-26T04:56:06.104+0000] {logging_mixin.py:188} INFO - [2025-08-26T04:56:06.103+0000] {dagbag.py:545} INFO - Filling up the DagBag from /home/airflow/.local/lib/python3.12/site-packages/airflow/example_dags/example_task_group_decorator.py
[2025-08-26T04:56:06.223+0000] {processor.py:840} INFO - DAG(s) 'example_task_group_decorator' retrieved from /home/airflow/.local/lib/python3.12/site-packages/airflow/example_dags/example_task_group_decorator.py
[2025-08-26T04:56:06.406+0000] {logging_mixin.py:188} INFO - [2025-08-26T04:56:06.406+0000] {dag.py:3096} INFO - Sync 1 DAGs
[2025-08-26T04:56:06.516+0000] {logging_mixin.py:188} INFO - [2025-08-26T04:56:06.515+0000] {dag.py:3954} INFO - Setting next_dagrun for example_task_group_decorator to 2025-08-25 00:00:00+00:00, run_after=2025-08-26 00:00:00+00:00
[2025-08-26T04:56:06.614+0000] {processor.py:183} INFO - Processing /home/airflow/.local/lib/python3.12/site-packages/airflow/example_dags/example_task_group_decorator.py took 0.579 seconds
[2025-08-26T04:56:41.243+0000] {processor.py:161} INFO - Started process (PID=3487) to work on /home/airflow/.local/lib/python3.12/site-packages/airflow/example_dags/example_task_group_decorator.py
[2025-08-26T04:56:41.289+0000] {processor.py:830} INFO - Processing file /home/airflow/.local/lib/python3.12/site-packages/airflow/example_dags/example_task_group_decorator.py for tasks to queue
[2025-08-26T04:56:41.311+0000] {logging_mixin.py:188} INFO - [2025-08-26T04:56:41.310+0000] {dagbag.py:545} INFO - Filling up the DagBag from /home/airflow/.local/lib/python3.12/site-packages/airflow/example_dags/example_task_group_decorator.py
[2025-08-26T04:56:41.548+0000] {processor.py:840} INFO - DAG(s) 'example_task_group_decorator' retrieved from /home/airflow/.local/lib/python3.12/site-packages/airflow/example_dags/example_task_group_decorator.py
[2025-08-26T04:56:41.816+0000] {logging_mixin.py:188} INFO - [2025-08-26T04:56:41.815+0000] {dag.py:3096} INFO - Sync 1 DAGs
[2025-08-26T04:56:42.056+0000] {logging_mixin.py:188} INFO - [2025-08-26T04:56:42.055+0000] {dag.py:3954} INFO - Setting next_dagrun for example_task_group_decorator to 2025-08-25 00:00:00+00:00, run_after=2025-08-26 00:00:00+00:00
[2025-08-26T04:56:42.206+0000] {processor.py:183} INFO - Processing /home/airflow/.local/lib/python3.12/site-packages/airflow/example_dags/example_task_group_decorator.py took 1.047 seconds
[2025-08-26T04:57:17.438+0000] {processor.py:161} INFO - Started process (PID=3752) to work on /home/airflow/.local/lib/python3.12/site-packages/airflow/example_dags/example_task_group_decorator.py
[2025-08-26T04:57:17.442+0000] {processor.py:830} INFO - Processing file /home/airflow/.local/lib/python3.12/site-packages/airflow/example_dags/example_task_group_decorator.py for tasks to queue
[2025-08-26T04:57:17.460+0000] {logging_mixin.py:188} INFO - [2025-08-26T04:57:17.459+0000] {dagbag.py:545} INFO - Filling up the DagBag from /home/airflow/.local/lib/python3.12/site-packages/airflow/example_dags/example_task_group_decorator.py
[2025-08-26T04:57:17.549+0000] {processor.py:840} INFO - DAG(s) 'example_task_group_decorator' retrieved from /home/airflow/.local/lib/python3.12/site-packages/airflow/example_dags/example_task_group_decorator.py
[2025-08-26T04:57:17.658+0000] {logging_mixin.py:188} INFO - [2025-08-26T04:57:17.657+0000] {dag.py:3096} INFO - Sync 1 DAGs
[2025-08-26T04:57:17.731+0000] {logging_mixin.py:188} INFO - [2025-08-26T04:57:17.731+0000] {dag.py:3954} INFO - Setting next_dagrun for example_task_group_decorator to 2025-08-25 00:00:00+00:00, run_after=2025-08-26 00:00:00+00:00
[2025-08-26T04:57:17.865+0000] {processor.py:183} INFO - Processing /home/airflow/.local/lib/python3.12/site-packages/airflow/example_dags/example_task_group_decorator.py took 0.468 seconds
[2025-08-26T04:58:02.404+0000] {processor.py:161} INFO - Started process (PID=3947) to work on /home/airflow/.local/lib/python3.12/site-packages/airflow/example_dags/example_task_group_decorator.py
[2025-08-26T04:58:02.414+0000] {processor.py:830} INFO - Processing file /home/airflow/.local/lib/python3.12/site-packages/airflow/example_dags/example_task_group_decorator.py for tasks to queue
[2025-08-26T04:58:02.421+0000] {logging_mixin.py:188} INFO - [2025-08-26T04:58:02.420+0000] {dagbag.py:545} INFO - Filling up the DagBag from /home/airflow/.local/lib/python3.12/site-packages/airflow/example_dags/example_task_group_decorator.py
[2025-08-26T04:58:02.552+0000] {processor.py:840} INFO - DAG(s) 'example_task_group_decorator' retrieved from /home/airflow/.local/lib/python3.12/site-packages/airflow/example_dags/example_task_group_decorator.py
[2025-08-26T04:58:02.749+0000] {logging_mixin.py:188} INFO - [2025-08-26T04:58:02.748+0000] {dag.py:3096} INFO - Sync 1 DAGs
[2025-08-26T04:58:03.007+0000] {logging_mixin.py:188} INFO - [2025-08-26T04:58:03.007+0000] {dag.py:3954} INFO - Setting next_dagrun for example_task_group_decorator to 2025-08-25 00:00:00+00:00, run_after=2025-08-26 00:00:00+00:00
[2025-08-26T04:58:03.190+0000] {processor.py:183} INFO - Processing /home/airflow/.local/lib/python3.12/site-packages/airflow/example_dags/example_task_group_decorator.py took 0.832 seconds
[2025-08-26T05:35:10.616+0000] {processor.py:161} INFO - Started process (PID=4102) to work on /home/airflow/.local/lib/python3.12/site-packages/airflow/example_dags/example_task_group_decorator.py
[2025-08-26T05:35:10.630+0000] {processor.py:830} INFO - Processing file /home/airflow/.local/lib/python3.12/site-packages/airflow/example_dags/example_task_group_decorator.py for tasks to queue
[2025-08-26T05:35:10.647+0000] {logging_mixin.py:188} INFO - [2025-08-26T05:35:10.645+0000] {dagbag.py:545} INFO - Filling up the DagBag from /home/airflow/.local/lib/python3.12/site-packages/airflow/example_dags/example_task_group_decorator.py
[2025-08-26T05:35:10.863+0000] {processor.py:840} INFO - DAG(s) 'example_task_group_decorator' retrieved from /home/airflow/.local/lib/python3.12/site-packages/airflow/example_dags/example_task_group_decorator.py
[2025-08-26T05:35:11.155+0000] {logging_mixin.py:188} INFO - [2025-08-26T05:35:11.154+0000] {dag.py:3096} INFO - Sync 1 DAGs
[2025-08-26T05:35:11.513+0000] {logging_mixin.py:188} INFO - [2025-08-26T05:35:11.512+0000] {dag.py:3954} INFO - Setting next_dagrun for example_task_group_decorator to 2025-08-25 00:00:00+00:00, run_after=2025-08-26 00:00:00+00:00
[2025-08-26T05:35:11.833+0000] {processor.py:183} INFO - Processing /home/airflow/.local/lib/python3.12/site-packages/airflow/example_dags/example_task_group_decorator.py took 1.265 seconds
[2025-08-26T05:41:55.579+0000] {processor.py:161} INFO - Started process (PID=4260) to work on /home/airflow/.local/lib/python3.12/site-packages/airflow/example_dags/example_task_group_decorator.py
[2025-08-26T05:41:55.642+0000] {processor.py:830} INFO - Processing file /home/airflow/.local/lib/python3.12/site-packages/airflow/example_dags/example_task_group_decorator.py for tasks to queue
[2025-08-26T05:41:55.675+0000] {logging_mixin.py:188} INFO - [2025-08-26T05:41:55.674+0000] {dagbag.py:545} INFO - Filling up the DagBag from /home/airflow/.local/lib/python3.12/site-packages/airflow/example_dags/example_task_group_decorator.py
[2025-08-26T05:41:56.219+0000] {processor.py:840} INFO - DAG(s) 'example_task_group_decorator' retrieved from /home/airflow/.local/lib/python3.12/site-packages/airflow/example_dags/example_task_group_decorator.py
[2025-08-26T05:41:56.860+0000] {logging_mixin.py:188} INFO - [2025-08-26T05:41:56.860+0000] {dag.py:3096} INFO - Sync 1 DAGs
[2025-08-26T05:41:57.180+0000] {logging_mixin.py:188} INFO - [2025-08-26T05:41:57.179+0000] {dag.py:3954} INFO - Setting next_dagrun for example_task_group_decorator to 2025-08-25 00:00:00+00:00, run_after=2025-08-26 00:00:00+00:00
[2025-08-26T05:41:57.547+0000] {processor.py:183} INFO - Processing /home/airflow/.local/lib/python3.12/site-packages/airflow/example_dags/example_task_group_decorator.py took 2.192 seconds
[2025-08-26T05:42:46.907+0000] {processor.py:161} INFO - Started process (PID=4477) to work on /home/airflow/.local/lib/python3.12/site-packages/airflow/example_dags/example_task_group_decorator.py
[2025-08-26T05:42:46.931+0000] {processor.py:830} INFO - Processing file /home/airflow/.local/lib/python3.12/site-packages/airflow/example_dags/example_task_group_decorator.py for tasks to queue
[2025-08-26T05:42:46.956+0000] {logging_mixin.py:188} INFO - [2025-08-26T05:42:46.940+0000] {dagbag.py:545} INFO - Filling up the DagBag from /home/airflow/.local/lib/python3.12/site-packages/airflow/example_dags/example_task_group_decorator.py
[2025-08-26T05:42:47.220+0000] {processor.py:840} INFO - DAG(s) 'example_task_group_decorator' retrieved from /home/airflow/.local/lib/python3.12/site-packages/airflow/example_dags/example_task_group_decorator.py
[2025-08-26T05:42:47.528+0000] {logging_mixin.py:188} INFO - [2025-08-26T05:42:47.528+0000] {dag.py:3096} INFO - Sync 1 DAGs
[2025-08-26T05:42:47.855+0000] {logging_mixin.py:188} INFO - [2025-08-26T05:42:47.854+0000] {dag.py:3954} INFO - Setting next_dagrun for example_task_group_decorator to 2025-08-25 00:00:00+00:00, run_after=2025-08-26 00:00:00+00:00
[2025-08-26T05:42:48.144+0000] {processor.py:183} INFO - Processing /home/airflow/.local/lib/python3.12/site-packages/airflow/example_dags/example_task_group_decorator.py took 1.414 seconds
[2025-08-26T05:43:23.932+0000] {processor.py:161} INFO - Started process (PID=4614) to work on /home/airflow/.local/lib/python3.12/site-packages/airflow/example_dags/example_task_group_decorator.py
[2025-08-26T05:43:23.978+0000] {processor.py:830} INFO - Processing file /home/airflow/.local/lib/python3.12/site-packages/airflow/example_dags/example_task_group_decorator.py for tasks to queue
[2025-08-26T05:43:23.995+0000] {logging_mixin.py:188} INFO - [2025-08-26T05:43:23.994+0000] {dagbag.py:545} INFO - Filling up the DagBag from /home/airflow/.local/lib/python3.12/site-packages/airflow/example_dags/example_task_group_decorator.py
[2025-08-26T05:43:24.525+0000] {processor.py:840} INFO - DAG(s) 'example_task_group_decorator' retrieved from /home/airflow/.local/lib/python3.12/site-packages/airflow/example_dags/example_task_group_decorator.py
[2025-08-26T05:43:25.391+0000] {logging_mixin.py:188} INFO - [2025-08-26T05:43:25.390+0000] {dag.py:3096} INFO - Sync 1 DAGs
[2025-08-26T05:43:26.040+0000] {logging_mixin.py:188} INFO - [2025-08-26T05:43:26.040+0000] {dag.py:3954} INFO - Setting next_dagrun for example_task_group_decorator to 2025-08-25 00:00:00+00:00, run_after=2025-08-26 00:00:00+00:00
[2025-08-26T05:43:26.422+0000] {processor.py:183} INFO - Processing /home/airflow/.local/lib/python3.12/site-packages/airflow/example_dags/example_task_group_decorator.py took 2.568 seconds
[2025-08-26T05:44:05.964+0000] {processor.py:161} INFO - Started process (PID=4870) to work on /home/airflow/.local/lib/python3.12/site-packages/airflow/example_dags/example_task_group_decorator.py
[2025-08-26T05:44:05.971+0000] {processor.py:830} INFO - Processing file /home/airflow/.local/lib/python3.12/site-packages/airflow/example_dags/example_task_group_decorator.py for tasks to queue
[2025-08-26T05:44:05.976+0000] {logging_mixin.py:188} INFO - [2025-08-26T05:44:05.974+0000] {dagbag.py:545} INFO - Filling up the DagBag from /home/airflow/.local/lib/python3.12/site-packages/airflow/example_dags/example_task_group_decorator.py
[2025-08-26T05:44:06.113+0000] {processor.py:840} INFO - DAG(s) 'example_task_group_decorator' retrieved from /home/airflow/.local/lib/python3.12/site-packages/airflow/example_dags/example_task_group_decorator.py
[2025-08-26T05:44:06.284+0000] {logging_mixin.py:188} INFO - [2025-08-26T05:44:06.283+0000] {dag.py:3096} INFO - Sync 1 DAGs
[2025-08-26T05:44:06.410+0000] {logging_mixin.py:188} INFO - [2025-08-26T05:44:06.409+0000] {dag.py:3954} INFO - Setting next_dagrun for example_task_group_decorator to 2025-08-25 00:00:00+00:00, run_after=2025-08-26 00:00:00+00:00
[2025-08-26T05:44:06.536+0000] {processor.py:183} INFO - Processing /home/airflow/.local/lib/python3.12/site-packages/airflow/example_dags/example_task_group_decorator.py took 0.619 seconds
[2025-08-26T05:44:42.651+0000] {processor.py:161} INFO - Started process (PID=5130) to work on /home/airflow/.local/lib/python3.12/site-packages/airflow/example_dags/example_task_group_decorator.py
[2025-08-26T05:44:42.656+0000] {processor.py:830} INFO - Processing file /home/airflow/.local/lib/python3.12/site-packages/airflow/example_dags/example_task_group_decorator.py for tasks to queue
[2025-08-26T05:44:42.674+0000] {logging_mixin.py:188} INFO - [2025-08-26T05:44:42.670+0000] {dagbag.py:545} INFO - Filling up the DagBag from /home/airflow/.local/lib/python3.12/site-packages/airflow/example_dags/example_task_group_decorator.py
[2025-08-26T05:44:42.907+0000] {processor.py:840} INFO - DAG(s) 'example_task_group_decorator' retrieved from /home/airflow/.local/lib/python3.12/site-packages/airflow/example_dags/example_task_group_decorator.py
[2025-08-26T05:44:43.128+0000] {logging_mixin.py:188} INFO - [2025-08-26T05:44:43.127+0000] {dag.py:3096} INFO - Sync 1 DAGs
[2025-08-26T05:44:43.282+0000] {logging_mixin.py:188} INFO - [2025-08-26T05:44:43.281+0000] {dag.py:3954} INFO - Setting next_dagrun for example_task_group_decorator to 2025-08-25 00:00:00+00:00, run_after=2025-08-26 00:00:00+00:00
[2025-08-26T05:44:43.379+0000] {processor.py:183} INFO - Processing /home/airflow/.local/lib/python3.12/site-packages/airflow/example_dags/example_task_group_decorator.py took 0.779 seconds
[2025-08-26T05:45:14.881+0000] {processor.py:161} INFO - Started process (PID=5389) to work on /home/airflow/.local/lib/python3.12/site-packages/airflow/example_dags/example_task_group_decorator.py
[2025-08-26T05:45:14.898+0000] {processor.py:830} INFO - Processing file /home/airflow/.local/lib/python3.12/site-packages/airflow/example_dags/example_task_group_decorator.py for tasks to queue
[2025-08-26T05:45:14.904+0000] {logging_mixin.py:188} INFO - [2025-08-26T05:45:14.902+0000] {dagbag.py:545} INFO - Filling up the DagBag from /home/airflow/.local/lib/python3.12/site-packages/airflow/example_dags/example_task_group_decorator.py
[2025-08-26T05:45:15.090+0000] {processor.py:840} INFO - DAG(s) 'example_task_group_decorator' retrieved from /home/airflow/.local/lib/python3.12/site-packages/airflow/example_dags/example_task_group_decorator.py
[2025-08-26T05:45:15.465+0000] {logging_mixin.py:188} INFO - [2025-08-26T05:45:15.463+0000] {dag.py:3096} INFO - Sync 1 DAGs
[2025-08-26T05:45:15.902+0000] {logging_mixin.py:188} INFO - [2025-08-26T05:45:15.901+0000] {dag.py:3954} INFO - Setting next_dagrun for example_task_group_decorator to 2025-08-25 00:00:00+00:00, run_after=2025-08-26 00:00:00+00:00
[2025-08-26T05:45:16.124+0000] {processor.py:183} INFO - Processing /home/airflow/.local/lib/python3.12/site-packages/airflow/example_dags/example_task_group_decorator.py took 1.321 seconds
[2025-08-26T05:45:46.578+0000] {processor.py:161} INFO - Started process (PID=5652) to work on /home/airflow/.local/lib/python3.12/site-packages/airflow/example_dags/example_task_group_decorator.py
[2025-08-26T05:45:46.584+0000] {processor.py:830} INFO - Processing file /home/airflow/.local/lib/python3.12/site-packages/airflow/example_dags/example_task_group_decorator.py for tasks to queue
[2025-08-26T05:45:46.587+0000] {logging_mixin.py:188} INFO - [2025-08-26T05:45:46.586+0000] {dagbag.py:545} INFO - Filling up the DagBag from /home/airflow/.local/lib/python3.12/site-packages/airflow/example_dags/example_task_group_decorator.py
[2025-08-26T05:45:46.731+0000] {processor.py:840} INFO - DAG(s) 'example_task_group_decorator' retrieved from /home/airflow/.local/lib/python3.12/site-packages/airflow/example_dags/example_task_group_decorator.py
[2025-08-26T05:45:47.040+0000] {logging_mixin.py:188} INFO - [2025-08-26T05:45:47.040+0000] {dag.py:3096} INFO - Sync 1 DAGs
[2025-08-26T05:45:47.220+0000] {logging_mixin.py:188} INFO - [2025-08-26T05:45:47.219+0000] {dag.py:3954} INFO - Setting next_dagrun for example_task_group_decorator to 2025-08-25 00:00:00+00:00, run_after=2025-08-26 00:00:00+00:00
[2025-08-26T05:45:47.507+0000] {processor.py:183} INFO - Processing /home/airflow/.local/lib/python3.12/site-packages/airflow/example_dags/example_task_group_decorator.py took 1.057 seconds
[2025-08-26T05:46:17.870+0000] {processor.py:161} INFO - Started process (PID=5916) to work on /home/airflow/.local/lib/python3.12/site-packages/airflow/example_dags/example_task_group_decorator.py
[2025-08-26T05:46:17.873+0000] {processor.py:830} INFO - Processing file /home/airflow/.local/lib/python3.12/site-packages/airflow/example_dags/example_task_group_decorator.py for tasks to queue
[2025-08-26T05:46:17.877+0000] {logging_mixin.py:188} INFO - [2025-08-26T05:46:17.875+0000] {dagbag.py:545} INFO - Filling up the DagBag from /home/airflow/.local/lib/python3.12/site-packages/airflow/example_dags/example_task_group_decorator.py
[2025-08-26T05:46:17.983+0000] {processor.py:840} INFO - DAG(s) 'example_task_group_decorator' retrieved from /home/airflow/.local/lib/python3.12/site-packages/airflow/example_dags/example_task_group_decorator.py
[2025-08-26T05:46:18.148+0000] {logging_mixin.py:188} INFO - [2025-08-26T05:46:18.148+0000] {dag.py:3096} INFO - Sync 1 DAGs
[2025-08-26T05:46:18.268+0000] {logging_mixin.py:188} INFO - [2025-08-26T05:46:18.266+0000] {dag.py:3954} INFO - Setting next_dagrun for example_task_group_decorator to 2025-08-25 00:00:00+00:00, run_after=2025-08-26 00:00:00+00:00
[2025-08-26T05:46:18.461+0000] {processor.py:183} INFO - Processing /home/airflow/.local/lib/python3.12/site-packages/airflow/example_dags/example_task_group_decorator.py took 0.621 seconds
[2025-08-26T05:46:51.053+0000] {processor.py:161} INFO - Started process (PID=6176) to work on /home/airflow/.local/lib/python3.12/site-packages/airflow/example_dags/example_task_group_decorator.py
[2025-08-26T05:46:51.072+0000] {processor.py:830} INFO - Processing file /home/airflow/.local/lib/python3.12/site-packages/airflow/example_dags/example_task_group_decorator.py for tasks to queue
[2025-08-26T05:46:51.083+0000] {logging_mixin.py:188} INFO - [2025-08-26T05:46:51.082+0000] {dagbag.py:545} INFO - Filling up the DagBag from /home/airflow/.local/lib/python3.12/site-packages/airflow/example_dags/example_task_group_decorator.py
[2025-08-26T05:46:51.245+0000] {processor.py:840} INFO - DAG(s) 'example_task_group_decorator' retrieved from /home/airflow/.local/lib/python3.12/site-packages/airflow/example_dags/example_task_group_decorator.py
[2025-08-26T05:46:51.436+0000] {logging_mixin.py:188} INFO - [2025-08-26T05:46:51.435+0000] {dag.py:3096} INFO - Sync 1 DAGs
[2025-08-26T05:46:51.642+0000] {logging_mixin.py:188} INFO - [2025-08-26T05:46:51.642+0000] {dag.py:3954} INFO - Setting next_dagrun for example_task_group_decorator to 2025-08-25 00:00:00+00:00, run_after=2025-08-26 00:00:00+00:00
[2025-08-26T05:46:51.866+0000] {processor.py:183} INFO - Processing /home/airflow/.local/lib/python3.12/site-packages/airflow/example_dags/example_task_group_decorator.py took 0.864 seconds
[2025-08-26T05:47:32.253+0000] {processor.py:161} INFO - Started process (PID=6438) to work on /home/airflow/.local/lib/python3.12/site-packages/airflow/example_dags/example_task_group_decorator.py
[2025-08-26T05:47:32.260+0000] {processor.py:830} INFO - Processing file /home/airflow/.local/lib/python3.12/site-packages/airflow/example_dags/example_task_group_decorator.py for tasks to queue
[2025-08-26T05:47:32.272+0000] {logging_mixin.py:188} INFO - [2025-08-26T05:47:32.271+0000] {dagbag.py:545} INFO - Filling up the DagBag from /home/airflow/.local/lib/python3.12/site-packages/airflow/example_dags/example_task_group_decorator.py
[2025-08-26T05:47:32.408+0000] {processor.py:840} INFO - DAG(s) 'example_task_group_decorator' retrieved from /home/airflow/.local/lib/python3.12/site-packages/airflow/example_dags/example_task_group_decorator.py
[2025-08-26T05:47:32.534+0000] {logging_mixin.py:188} INFO - [2025-08-26T05:47:32.533+0000] {dag.py:3096} INFO - Sync 1 DAGs
[2025-08-26T05:47:32.683+0000] {logging_mixin.py:188} INFO - [2025-08-26T05:47:32.681+0000] {dag.py:3954} INFO - Setting next_dagrun for example_task_group_decorator to 2025-08-25 00:00:00+00:00, run_after=2025-08-26 00:00:00+00:00
[2025-08-26T05:47:32.813+0000] {processor.py:183} INFO - Processing /home/airflow/.local/lib/python3.12/site-packages/airflow/example_dags/example_task_group_decorator.py took 0.588 seconds
[2025-08-26T08:48:16.953+0000] {processor.py:161} INFO - Started process (PID=6711) to work on /home/airflow/.local/lib/python3.12/site-packages/airflow/example_dags/example_task_group_decorator.py
[2025-08-26T08:48:16.966+0000] {processor.py:830} INFO - Processing file /home/airflow/.local/lib/python3.12/site-packages/airflow/example_dags/example_task_group_decorator.py for tasks to queue
[2025-08-26T08:48:16.973+0000] {logging_mixin.py:188} INFO - [2025-08-26T08:48:16.972+0000] {dagbag.py:545} INFO - Filling up the DagBag from /home/airflow/.local/lib/python3.12/site-packages/airflow/example_dags/example_task_group_decorator.py
[2025-08-26T08:48:17.107+0000] {processor.py:840} INFO - DAG(s) 'example_task_group_decorator' retrieved from /home/airflow/.local/lib/python3.12/site-packages/airflow/example_dags/example_task_group_decorator.py
[2025-08-26T08:48:17.321+0000] {logging_mixin.py:188} INFO - [2025-08-26T08:48:17.304+0000] {dag.py:3096} INFO - Sync 1 DAGs
[2025-08-26T08:48:17.583+0000] {logging_mixin.py:188} INFO - [2025-08-26T08:48:17.582+0000] {dag.py:3954} INFO - Setting next_dagrun for example_task_group_decorator to 2025-08-25 00:00:00+00:00, run_after=2025-08-26 00:00:00+00:00
[2025-08-26T08:48:17.785+0000] {processor.py:183} INFO - Processing /home/airflow/.local/lib/python3.12/site-packages/airflow/example_dags/example_task_group_decorator.py took 0.925 seconds
