[2025-08-26T04:30:10.696+0000] {processor.py:161} INFO - Started process (PID=374) to work on /home/airflow/.local/lib/python3.12/site-packages/airflow/example_dags/example_task_group.py
[2025-08-26T04:30:10.706+0000] {processor.py:830} INFO - Processing file /home/airflow/.local/lib/python3.12/site-packages/airflow/example_dags/example_task_group.py for tasks to queue
[2025-08-26T04:30:10.731+0000] {logging_mixin.py:188} INFO - [2025-08-26T04:30:10.730+0000] {dagbag.py:545} INFO - Filling up the DagBag from /home/airflow/.local/lib/python3.12/site-packages/airflow/example_dags/example_task_group.py
[2025-08-26T04:30:10.899+0000] {processor.py:840} INFO - DAG(s) 'example_task_group' retrieved from /home/airflow/.local/lib/python3.12/site-packages/airflow/example_dags/example_task_group.py
[2025-08-26T04:30:12.971+0000] {logging_mixin.py:188} INFO - [2025-08-26T04:30:12.969+0000] {override.py:1829} INFO - Created Permission View: can delete on DAG:example_task_group
[2025-08-26T04:30:13.149+0000] {logging_mixin.py:188} INFO - [2025-08-26T04:30:13.148+0000] {override.py:1829} INFO - Created Permission View: can read on DAG:example_task_group
[2025-08-26T04:30:13.260+0000] {logging_mixin.py:188} INFO - [2025-08-26T04:30:13.259+0000] {override.py:1829} INFO - Created Permission View: can edit on DAG:example_task_group
[2025-08-26T04:30:13.275+0000] {logging_mixin.py:188} INFO - [2025-08-26T04:30:13.275+0000] {dag.py:3096} INFO - Sync 1 DAGs
[2025-08-26T04:30:13.599+0000] {logging_mixin.py:188} INFO - [2025-08-26T04:30:13.598+0000] {dag.py:3118} INFO - Creating ORM DAG for example_task_group
[2025-08-26T04:30:13.986+0000] {logging_mixin.py:188} INFO - [2025-08-26T04:30:13.985+0000] {dag.py:3954} INFO - Setting next_dagrun for example_task_group to 2025-08-25 00:00:00+00:00, run_after=2025-08-26 00:00:00+00:00
[2025-08-26T04:30:14.400+0000] {processor.py:183} INFO - Processing /home/airflow/.local/lib/python3.12/site-packages/airflow/example_dags/example_task_group.py took 3.777 seconds
[2025-08-26T04:31:05.243+0000] {processor.py:161} INFO - Started process (PID=642) to work on /home/airflow/.local/lib/python3.12/site-packages/airflow/example_dags/example_task_group.py
[2025-08-26T04:31:05.263+0000] {processor.py:830} INFO - Processing file /home/airflow/.local/lib/python3.12/site-packages/airflow/example_dags/example_task_group.py for tasks to queue
[2025-08-26T04:31:05.281+0000] {logging_mixin.py:188} INFO - [2025-08-26T04:31:05.280+0000] {dagbag.py:545} INFO - Filling up the DagBag from /home/airflow/.local/lib/python3.12/site-packages/airflow/example_dags/example_task_group.py
[2025-08-26T04:31:05.380+0000] {processor.py:840} INFO - DAG(s) 'example_task_group' retrieved from /home/airflow/.local/lib/python3.12/site-packages/airflow/example_dags/example_task_group.py
[2025-08-26T04:31:05.572+0000] {logging_mixin.py:188} INFO - [2025-08-26T04:31:05.571+0000] {dag.py:3096} INFO - Sync 1 DAGs
[2025-08-26T04:31:05.815+0000] {logging_mixin.py:188} INFO - [2025-08-26T04:31:05.815+0000] {dag.py:3954} INFO - Setting next_dagrun for example_task_group to 2025-08-25 00:00:00+00:00, run_after=2025-08-26 00:00:00+00:00
[2025-08-26T04:31:05.958+0000] {processor.py:183} INFO - Processing /home/airflow/.local/lib/python3.12/site-packages/airflow/example_dags/example_task_group.py took 0.789 seconds
[2025-08-26T04:31:41.822+0000] {processor.py:161} INFO - Started process (PID=905) to work on /home/airflow/.local/lib/python3.12/site-packages/airflow/example_dags/example_task_group.py
[2025-08-26T04:31:41.825+0000] {processor.py:830} INFO - Processing file /home/airflow/.local/lib/python3.12/site-packages/airflow/example_dags/example_task_group.py for tasks to queue
[2025-08-26T04:31:41.854+0000] {logging_mixin.py:188} INFO - [2025-08-26T04:31:41.849+0000] {dagbag.py:545} INFO - Filling up the DagBag from /home/airflow/.local/lib/python3.12/site-packages/airflow/example_dags/example_task_group.py
[2025-08-26T04:31:42.000+0000] {processor.py:840} INFO - DAG(s) 'example_task_group' retrieved from /home/airflow/.local/lib/python3.12/site-packages/airflow/example_dags/example_task_group.py
[2025-08-26T04:31:42.442+0000] {logging_mixin.py:188} INFO - [2025-08-26T04:31:42.441+0000] {dag.py:3096} INFO - Sync 1 DAGs
[2025-08-26T04:31:42.713+0000] {logging_mixin.py:188} INFO - [2025-08-26T04:31:42.712+0000] {dag.py:3954} INFO - Setting next_dagrun for example_task_group to 2025-08-25 00:00:00+00:00, run_after=2025-08-26 00:00:00+00:00
[2025-08-26T04:31:42.851+0000] {processor.py:183} INFO - Processing /home/airflow/.local/lib/python3.12/site-packages/airflow/example_dags/example_task_group.py took 1.120 seconds
[2025-08-26T04:32:15.590+0000] {processor.py:161} INFO - Started process (PID=1166) to work on /home/airflow/.local/lib/python3.12/site-packages/airflow/example_dags/example_task_group.py
[2025-08-26T04:32:15.611+0000] {processor.py:830} INFO - Processing file /home/airflow/.local/lib/python3.12/site-packages/airflow/example_dags/example_task_group.py for tasks to queue
[2025-08-26T04:32:15.627+0000] {logging_mixin.py:188} INFO - [2025-08-26T04:32:15.626+0000] {dagbag.py:545} INFO - Filling up the DagBag from /home/airflow/.local/lib/python3.12/site-packages/airflow/example_dags/example_task_group.py
[2025-08-26T04:32:15.669+0000] {processor.py:840} INFO - DAG(s) 'example_task_group' retrieved from /home/airflow/.local/lib/python3.12/site-packages/airflow/example_dags/example_task_group.py
[2025-08-26T04:32:15.800+0000] {logging_mixin.py:188} INFO - [2025-08-26T04:32:15.793+0000] {dag.py:3096} INFO - Sync 1 DAGs
[2025-08-26T04:32:16.030+0000] {logging_mixin.py:188} INFO - [2025-08-26T04:32:16.029+0000] {dag.py:3954} INFO - Setting next_dagrun for example_task_group to 2025-08-25 00:00:00+00:00, run_after=2025-08-26 00:00:00+00:00
[2025-08-26T04:32:16.121+0000] {processor.py:183} INFO - Processing /home/airflow/.local/lib/python3.12/site-packages/airflow/example_dags/example_task_group.py took 0.581 seconds
[2025-08-26T04:33:00.583+0000] {processor.py:161} INFO - Started process (PID=1454) to work on /home/airflow/.local/lib/python3.12/site-packages/airflow/example_dags/example_task_group.py
[2025-08-26T04:33:00.587+0000] {processor.py:830} INFO - Processing file /home/airflow/.local/lib/python3.12/site-packages/airflow/example_dags/example_task_group.py for tasks to queue
[2025-08-26T04:33:00.600+0000] {logging_mixin.py:188} INFO - [2025-08-26T04:33:00.599+0000] {dagbag.py:545} INFO - Filling up the DagBag from /home/airflow/.local/lib/python3.12/site-packages/airflow/example_dags/example_task_group.py
[2025-08-26T04:33:00.643+0000] {processor.py:840} INFO - DAG(s) 'example_task_group' retrieved from /home/airflow/.local/lib/python3.12/site-packages/airflow/example_dags/example_task_group.py
[2025-08-26T04:33:00.798+0000] {logging_mixin.py:188} INFO - [2025-08-26T04:33:00.797+0000] {dag.py:3096} INFO - Sync 1 DAGs
[2025-08-26T04:33:00.967+0000] {logging_mixin.py:188} INFO - [2025-08-26T04:33:00.965+0000] {dag.py:3954} INFO - Setting next_dagrun for example_task_group to 2025-08-25 00:00:00+00:00, run_after=2025-08-26 00:00:00+00:00
[2025-08-26T04:33:01.058+0000] {processor.py:183} INFO - Processing /home/airflow/.local/lib/python3.12/site-packages/airflow/example_dags/example_task_group.py took 0.503 seconds
[2025-08-26T04:33:32.280+0000] {processor.py:161} INFO - Started process (PID=1716) to work on /home/airflow/.local/lib/python3.12/site-packages/airflow/example_dags/example_task_group.py
[2025-08-26T04:33:32.283+0000] {processor.py:830} INFO - Processing file /home/airflow/.local/lib/python3.12/site-packages/airflow/example_dags/example_task_group.py for tasks to queue
[2025-08-26T04:33:32.337+0000] {logging_mixin.py:188} INFO - [2025-08-26T04:33:32.335+0000] {dagbag.py:545} INFO - Filling up the DagBag from /home/airflow/.local/lib/python3.12/site-packages/airflow/example_dags/example_task_group.py
[2025-08-26T04:33:32.527+0000] {processor.py:840} INFO - DAG(s) 'example_task_group' retrieved from /home/airflow/.local/lib/python3.12/site-packages/airflow/example_dags/example_task_group.py
[2025-08-26T04:33:32.826+0000] {logging_mixin.py:188} INFO - [2025-08-26T04:33:32.823+0000] {dag.py:3096} INFO - Sync 1 DAGs
[2025-08-26T04:33:32.946+0000] {logging_mixin.py:188} INFO - [2025-08-26T04:33:32.946+0000] {dag.py:3954} INFO - Setting next_dagrun for example_task_group to 2025-08-25 00:00:00+00:00, run_after=2025-08-26 00:00:00+00:00
[2025-08-26T04:33:33.065+0000] {processor.py:183} INFO - Processing /home/airflow/.local/lib/python3.12/site-packages/airflow/example_dags/example_task_group.py took 1.014 seconds
[2025-08-26T04:34:04.092+0000] {processor.py:161} INFO - Started process (PID=1978) to work on /home/airflow/.local/lib/python3.12/site-packages/airflow/example_dags/example_task_group.py
[2025-08-26T04:34:04.104+0000] {processor.py:830} INFO - Processing file /home/airflow/.local/lib/python3.12/site-packages/airflow/example_dags/example_task_group.py for tasks to queue
[2025-08-26T04:34:04.112+0000] {logging_mixin.py:188} INFO - [2025-08-26T04:34:04.111+0000] {dagbag.py:545} INFO - Filling up the DagBag from /home/airflow/.local/lib/python3.12/site-packages/airflow/example_dags/example_task_group.py
[2025-08-26T04:34:04.185+0000] {processor.py:840} INFO - DAG(s) 'example_task_group' retrieved from /home/airflow/.local/lib/python3.12/site-packages/airflow/example_dags/example_task_group.py
[2025-08-26T04:34:04.303+0000] {logging_mixin.py:188} INFO - [2025-08-26T04:34:04.302+0000] {dag.py:3096} INFO - Sync 1 DAGs
[2025-08-26T04:34:04.476+0000] {logging_mixin.py:188} INFO - [2025-08-26T04:34:04.475+0000] {dag.py:3954} INFO - Setting next_dagrun for example_task_group to 2025-08-25 00:00:00+00:00, run_after=2025-08-26 00:00:00+00:00
[2025-08-26T04:34:04.568+0000] {processor.py:183} INFO - Processing /home/airflow/.local/lib/python3.12/site-packages/airflow/example_dags/example_task_group.py took 0.518 seconds
[2025-08-26T04:34:35.529+0000] {processor.py:161} INFO - Started process (PID=2240) to work on /home/airflow/.local/lib/python3.12/site-packages/airflow/example_dags/example_task_group.py
[2025-08-26T04:34:35.541+0000] {processor.py:830} INFO - Processing file /home/airflow/.local/lib/python3.12/site-packages/airflow/example_dags/example_task_group.py for tasks to queue
[2025-08-26T04:34:35.547+0000] {logging_mixin.py:188} INFO - [2025-08-26T04:34:35.546+0000] {dagbag.py:545} INFO - Filling up the DagBag from /home/airflow/.local/lib/python3.12/site-packages/airflow/example_dags/example_task_group.py
[2025-08-26T04:34:35.608+0000] {processor.py:840} INFO - DAG(s) 'example_task_group' retrieved from /home/airflow/.local/lib/python3.12/site-packages/airflow/example_dags/example_task_group.py
[2025-08-26T04:34:35.759+0000] {logging_mixin.py:188} INFO - [2025-08-26T04:34:35.759+0000] {dag.py:3096} INFO - Sync 1 DAGs
[2025-08-26T04:34:35.968+0000] {logging_mixin.py:188} INFO - [2025-08-26T04:34:35.967+0000] {dag.py:3954} INFO - Setting next_dagrun for example_task_group to 2025-08-25 00:00:00+00:00, run_after=2025-08-26 00:00:00+00:00
[2025-08-26T04:34:36.136+0000] {processor.py:183} INFO - Processing /home/airflow/.local/lib/python3.12/site-packages/airflow/example_dags/example_task_group.py took 0.649 seconds
[2025-08-26T04:35:06.456+0000] {processor.py:161} INFO - Started process (PID=2501) to work on /home/airflow/.local/lib/python3.12/site-packages/airflow/example_dags/example_task_group.py
[2025-08-26T04:35:06.459+0000] {processor.py:830} INFO - Processing file /home/airflow/.local/lib/python3.12/site-packages/airflow/example_dags/example_task_group.py for tasks to queue
[2025-08-26T04:35:06.472+0000] {logging_mixin.py:188} INFO - [2025-08-26T04:35:06.471+0000] {dagbag.py:545} INFO - Filling up the DagBag from /home/airflow/.local/lib/python3.12/site-packages/airflow/example_dags/example_task_group.py
[2025-08-26T04:35:06.512+0000] {processor.py:840} INFO - DAG(s) 'example_task_group' retrieved from /home/airflow/.local/lib/python3.12/site-packages/airflow/example_dags/example_task_group.py
[2025-08-26T04:35:06.645+0000] {logging_mixin.py:188} INFO - [2025-08-26T04:35:06.644+0000] {dag.py:3096} INFO - Sync 1 DAGs
[2025-08-26T04:35:06.780+0000] {logging_mixin.py:188} INFO - [2025-08-26T04:35:06.780+0000] {dag.py:3954} INFO - Setting next_dagrun for example_task_group to 2025-08-25 00:00:00+00:00, run_after=2025-08-26 00:00:00+00:00
[2025-08-26T04:35:06.900+0000] {processor.py:183} INFO - Processing /home/airflow/.local/lib/python3.12/site-packages/airflow/example_dags/example_task_group.py took 0.474 seconds
[2025-08-26T04:35:38.288+0000] {processor.py:161} INFO - Started process (PID=2765) to work on /home/airflow/.local/lib/python3.12/site-packages/airflow/example_dags/example_task_group.py
[2025-08-26T04:35:38.314+0000] {processor.py:830} INFO - Processing file /home/airflow/.local/lib/python3.12/site-packages/airflow/example_dags/example_task_group.py for tasks to queue
[2025-08-26T04:35:38.332+0000] {logging_mixin.py:188} INFO - [2025-08-26T04:35:38.331+0000] {dagbag.py:545} INFO - Filling up the DagBag from /home/airflow/.local/lib/python3.12/site-packages/airflow/example_dags/example_task_group.py
[2025-08-26T04:35:38.391+0000] {processor.py:840} INFO - DAG(s) 'example_task_group' retrieved from /home/airflow/.local/lib/python3.12/site-packages/airflow/example_dags/example_task_group.py
[2025-08-26T04:35:38.532+0000] {logging_mixin.py:188} INFO - [2025-08-26T04:35:38.530+0000] {dag.py:3096} INFO - Sync 1 DAGs
[2025-08-26T04:35:38.726+0000] {logging_mixin.py:188} INFO - [2025-08-26T04:35:38.726+0000] {dag.py:3954} INFO - Setting next_dagrun for example_task_group to 2025-08-25 00:00:00+00:00, run_after=2025-08-26 00:00:00+00:00
[2025-08-26T04:35:38.923+0000] {processor.py:183} INFO - Processing /home/airflow/.local/lib/python3.12/site-packages/airflow/example_dags/example_task_group.py took 0.712 seconds
[2025-08-26T04:36:11.400+0000] {processor.py:161} INFO - Started process (PID=3025) to work on /home/airflow/.local/lib/python3.12/site-packages/airflow/example_dags/example_task_group.py
[2025-08-26T04:36:11.409+0000] {processor.py:830} INFO - Processing file /home/airflow/.local/lib/python3.12/site-packages/airflow/example_dags/example_task_group.py for tasks to queue
[2025-08-26T04:36:11.429+0000] {logging_mixin.py:188} INFO - [2025-08-26T04:36:11.428+0000] {dagbag.py:545} INFO - Filling up the DagBag from /home/airflow/.local/lib/python3.12/site-packages/airflow/example_dags/example_task_group.py
[2025-08-26T04:36:11.586+0000] {processor.py:840} INFO - DAG(s) 'example_task_group' retrieved from /home/airflow/.local/lib/python3.12/site-packages/airflow/example_dags/example_task_group.py
[2025-08-26T04:36:11.836+0000] {logging_mixin.py:188} INFO - [2025-08-26T04:36:11.835+0000] {dag.py:3096} INFO - Sync 1 DAGs
[2025-08-26T04:36:11.999+0000] {logging_mixin.py:188} INFO - [2025-08-26T04:36:11.998+0000] {dag.py:3954} INFO - Setting next_dagrun for example_task_group to 2025-08-25 00:00:00+00:00, run_after=2025-08-26 00:00:00+00:00
[2025-08-26T04:36:12.129+0000] {processor.py:183} INFO - Processing /home/airflow/.local/lib/python3.12/site-packages/airflow/example_dags/example_task_group.py took 0.788 seconds
[2025-08-26T04:36:44.672+0000] {processor.py:161} INFO - Started process (PID=3288) to work on /home/airflow/.local/lib/python3.12/site-packages/airflow/example_dags/example_task_group.py
[2025-08-26T04:36:44.677+0000] {processor.py:830} INFO - Processing file /home/airflow/.local/lib/python3.12/site-packages/airflow/example_dags/example_task_group.py for tasks to queue
[2025-08-26T04:36:44.701+0000] {logging_mixin.py:188} INFO - [2025-08-26T04:36:44.700+0000] {dagbag.py:545} INFO - Filling up the DagBag from /home/airflow/.local/lib/python3.12/site-packages/airflow/example_dags/example_task_group.py
[2025-08-26T04:36:44.757+0000] {processor.py:840} INFO - DAG(s) 'example_task_group' retrieved from /home/airflow/.local/lib/python3.12/site-packages/airflow/example_dags/example_task_group.py
[2025-08-26T04:36:45.017+0000] {logging_mixin.py:188} INFO - [2025-08-26T04:36:45.016+0000] {dag.py:3096} INFO - Sync 1 DAGs
[2025-08-26T04:36:45.138+0000] {logging_mixin.py:188} INFO - [2025-08-26T04:36:45.138+0000] {dag.py:3954} INFO - Setting next_dagrun for example_task_group to 2025-08-25 00:00:00+00:00, run_after=2025-08-26 00:00:00+00:00
[2025-08-26T04:36:45.234+0000] {processor.py:183} INFO - Processing /home/airflow/.local/lib/python3.12/site-packages/airflow/example_dags/example_task_group.py took 0.627 seconds
[2025-08-26T04:37:15.904+0000] {processor.py:161} INFO - Started process (PID=3550) to work on /home/airflow/.local/lib/python3.12/site-packages/airflow/example_dags/example_task_group.py
[2025-08-26T04:37:15.926+0000] {processor.py:830} INFO - Processing file /home/airflow/.local/lib/python3.12/site-packages/airflow/example_dags/example_task_group.py for tasks to queue
[2025-08-26T04:37:15.939+0000] {logging_mixin.py:188} INFO - [2025-08-26T04:37:15.938+0000] {dagbag.py:545} INFO - Filling up the DagBag from /home/airflow/.local/lib/python3.12/site-packages/airflow/example_dags/example_task_group.py
[2025-08-26T04:37:16.026+0000] {processor.py:840} INFO - DAG(s) 'example_task_group' retrieved from /home/airflow/.local/lib/python3.12/site-packages/airflow/example_dags/example_task_group.py
[2025-08-26T04:37:16.215+0000] {logging_mixin.py:188} INFO - [2025-08-26T04:37:16.214+0000] {dag.py:3096} INFO - Sync 1 DAGs
[2025-08-26T04:37:16.397+0000] {logging_mixin.py:188} INFO - [2025-08-26T04:37:16.396+0000] {dag.py:3954} INFO - Setting next_dagrun for example_task_group to 2025-08-25 00:00:00+00:00, run_after=2025-08-26 00:00:00+00:00
[2025-08-26T04:37:16.484+0000] {processor.py:183} INFO - Processing /home/airflow/.local/lib/python3.12/site-packages/airflow/example_dags/example_task_group.py took 0.648 seconds
[2025-08-26T04:37:46.675+0000] {processor.py:161} INFO - Started process (PID=3807) to work on /home/airflow/.local/lib/python3.12/site-packages/airflow/example_dags/example_task_group.py
[2025-08-26T04:37:46.678+0000] {processor.py:830} INFO - Processing file /home/airflow/.local/lib/python3.12/site-packages/airflow/example_dags/example_task_group.py for tasks to queue
[2025-08-26T04:37:46.684+0000] {logging_mixin.py:188} INFO - [2025-08-26T04:37:46.683+0000] {dagbag.py:545} INFO - Filling up the DagBag from /home/airflow/.local/lib/python3.12/site-packages/airflow/example_dags/example_task_group.py
[2025-08-26T04:37:46.704+0000] {processor.py:840} INFO - DAG(s) 'example_task_group' retrieved from /home/airflow/.local/lib/python3.12/site-packages/airflow/example_dags/example_task_group.py
[2025-08-26T04:37:46.773+0000] {logging_mixin.py:188} INFO - [2025-08-26T04:37:46.772+0000] {dag.py:3096} INFO - Sync 1 DAGs
[2025-08-26T04:37:46.852+0000] {logging_mixin.py:188} INFO - [2025-08-26T04:37:46.852+0000] {dag.py:3954} INFO - Setting next_dagrun for example_task_group to 2025-08-25 00:00:00+00:00, run_after=2025-08-26 00:00:00+00:00
[2025-08-26T04:37:46.923+0000] {processor.py:183} INFO - Processing /home/airflow/.local/lib/python3.12/site-packages/airflow/example_dags/example_task_group.py took 0.269 seconds
[2025-08-26T04:38:17.511+0000] {processor.py:161} INFO - Started process (PID=4069) to work on /home/airflow/.local/lib/python3.12/site-packages/airflow/example_dags/example_task_group.py
[2025-08-26T04:38:17.514+0000] {processor.py:830} INFO - Processing file /home/airflow/.local/lib/python3.12/site-packages/airflow/example_dags/example_task_group.py for tasks to queue
[2025-08-26T04:38:17.528+0000] {logging_mixin.py:188} INFO - [2025-08-26T04:38:17.527+0000] {dagbag.py:545} INFO - Filling up the DagBag from /home/airflow/.local/lib/python3.12/site-packages/airflow/example_dags/example_task_group.py
[2025-08-26T04:38:17.578+0000] {processor.py:840} INFO - DAG(s) 'example_task_group' retrieved from /home/airflow/.local/lib/python3.12/site-packages/airflow/example_dags/example_task_group.py
[2025-08-26T04:38:17.737+0000] {logging_mixin.py:188} INFO - [2025-08-26T04:38:17.736+0000] {dag.py:3096} INFO - Sync 1 DAGs
[2025-08-26T04:38:17.831+0000] {logging_mixin.py:188} INFO - [2025-08-26T04:38:17.830+0000] {dag.py:3954} INFO - Setting next_dagrun for example_task_group to 2025-08-25 00:00:00+00:00, run_after=2025-08-26 00:00:00+00:00
[2025-08-26T04:38:17.899+0000] {processor.py:183} INFO - Processing /home/airflow/.local/lib/python3.12/site-packages/airflow/example_dags/example_task_group.py took 0.424 seconds
[2025-08-26T04:38:48.229+0000] {processor.py:161} INFO - Started process (PID=4329) to work on /home/airflow/.local/lib/python3.12/site-packages/airflow/example_dags/example_task_group.py
[2025-08-26T04:38:48.232+0000] {processor.py:830} INFO - Processing file /home/airflow/.local/lib/python3.12/site-packages/airflow/example_dags/example_task_group.py for tasks to queue
[2025-08-26T04:38:48.255+0000] {logging_mixin.py:188} INFO - [2025-08-26T04:38:48.251+0000] {dagbag.py:545} INFO - Filling up the DagBag from /home/airflow/.local/lib/python3.12/site-packages/airflow/example_dags/example_task_group.py
[2025-08-26T04:38:48.324+0000] {processor.py:840} INFO - DAG(s) 'example_task_group' retrieved from /home/airflow/.local/lib/python3.12/site-packages/airflow/example_dags/example_task_group.py
[2025-08-26T04:38:48.609+0000] {logging_mixin.py:188} INFO - [2025-08-26T04:38:48.606+0000] {dag.py:3096} INFO - Sync 1 DAGs
[2025-08-26T04:38:48.991+0000] {logging_mixin.py:188} INFO - [2025-08-26T04:38:48.990+0000] {dag.py:3954} INFO - Setting next_dagrun for example_task_group to 2025-08-25 00:00:00+00:00, run_after=2025-08-26 00:00:00+00:00
[2025-08-26T04:38:49.142+0000] {processor.py:183} INFO - Processing /home/airflow/.local/lib/python3.12/site-packages/airflow/example_dags/example_task_group.py took 1.030 seconds
[2025-08-26T04:39:19.351+0000] {processor.py:161} INFO - Started process (PID=4591) to work on /home/airflow/.local/lib/python3.12/site-packages/airflow/example_dags/example_task_group.py
[2025-08-26T04:39:19.355+0000] {processor.py:830} INFO - Processing file /home/airflow/.local/lib/python3.12/site-packages/airflow/example_dags/example_task_group.py for tasks to queue
[2025-08-26T04:39:19.365+0000] {logging_mixin.py:188} INFO - [2025-08-26T04:39:19.364+0000] {dagbag.py:545} INFO - Filling up the DagBag from /home/airflow/.local/lib/python3.12/site-packages/airflow/example_dags/example_task_group.py
[2025-08-26T04:39:19.404+0000] {processor.py:840} INFO - DAG(s) 'example_task_group' retrieved from /home/airflow/.local/lib/python3.12/site-packages/airflow/example_dags/example_task_group.py
[2025-08-26T04:39:19.600+0000] {logging_mixin.py:188} INFO - [2025-08-26T04:39:19.599+0000] {dag.py:3096} INFO - Sync 1 DAGs
[2025-08-26T04:39:19.771+0000] {logging_mixin.py:188} INFO - [2025-08-26T04:39:19.770+0000] {dag.py:3954} INFO - Setting next_dagrun for example_task_group to 2025-08-25 00:00:00+00:00, run_after=2025-08-26 00:00:00+00:00
[2025-08-26T04:39:19.893+0000] {processor.py:183} INFO - Processing /home/airflow/.local/lib/python3.12/site-packages/airflow/example_dags/example_task_group.py took 0.575 seconds
[2025-08-26T04:40:06.641+0000] {processor.py:161} INFO - Started process (PID=4864) to work on /home/airflow/.local/lib/python3.12/site-packages/airflow/example_dags/example_task_group.py
[2025-08-26T04:40:06.656+0000] {processor.py:830} INFO - Processing file /home/airflow/.local/lib/python3.12/site-packages/airflow/example_dags/example_task_group.py for tasks to queue
[2025-08-26T04:40:06.673+0000] {logging_mixin.py:188} INFO - [2025-08-26T04:40:06.671+0000] {dagbag.py:545} INFO - Filling up the DagBag from /home/airflow/.local/lib/python3.12/site-packages/airflow/example_dags/example_task_group.py
[2025-08-26T04:40:06.732+0000] {processor.py:840} INFO - DAG(s) 'example_task_group' retrieved from /home/airflow/.local/lib/python3.12/site-packages/airflow/example_dags/example_task_group.py
[2025-08-26T04:40:07.042+0000] {logging_mixin.py:188} INFO - [2025-08-26T04:40:07.041+0000] {dag.py:3096} INFO - Sync 1 DAGs
[2025-08-26T04:40:07.366+0000] {logging_mixin.py:188} INFO - [2025-08-26T04:40:07.365+0000] {dag.py:3954} INFO - Setting next_dagrun for example_task_group to 2025-08-25 00:00:00+00:00, run_after=2025-08-26 00:00:00+00:00
[2025-08-26T04:40:07.793+0000] {processor.py:183} INFO - Processing /home/airflow/.local/lib/python3.12/site-packages/airflow/example_dags/example_task_group.py took 1.245 seconds
[2025-08-26T04:40:41.890+0000] {processor.py:161} INFO - Started process (PID=5126) to work on /home/airflow/.local/lib/python3.12/site-packages/airflow/example_dags/example_task_group.py
[2025-08-26T04:40:41.905+0000] {processor.py:830} INFO - Processing file /home/airflow/.local/lib/python3.12/site-packages/airflow/example_dags/example_task_group.py for tasks to queue
[2025-08-26T04:40:41.921+0000] {logging_mixin.py:188} INFO - [2025-08-26T04:40:41.920+0000] {dagbag.py:545} INFO - Filling up the DagBag from /home/airflow/.local/lib/python3.12/site-packages/airflow/example_dags/example_task_group.py
[2025-08-26T04:40:41.971+0000] {processor.py:840} INFO - DAG(s) 'example_task_group' retrieved from /home/airflow/.local/lib/python3.12/site-packages/airflow/example_dags/example_task_group.py
[2025-08-26T04:40:42.140+0000] {logging_mixin.py:188} INFO - [2025-08-26T04:40:42.140+0000] {dag.py:3096} INFO - Sync 1 DAGs
[2025-08-26T04:40:42.370+0000] {logging_mixin.py:188} INFO - [2025-08-26T04:40:42.369+0000] {dag.py:3954} INFO - Setting next_dagrun for example_task_group to 2025-08-25 00:00:00+00:00, run_after=2025-08-26 00:00:00+00:00
[2025-08-26T04:40:42.604+0000] {processor.py:183} INFO - Processing /home/airflow/.local/lib/python3.12/site-packages/airflow/example_dags/example_task_group.py took 0.756 seconds
[2025-08-26T04:41:13.664+0000] {processor.py:161} INFO - Started process (PID=5388) to work on /home/airflow/.local/lib/python3.12/site-packages/airflow/example_dags/example_task_group.py
[2025-08-26T04:41:13.668+0000] {processor.py:830} INFO - Processing file /home/airflow/.local/lib/python3.12/site-packages/airflow/example_dags/example_task_group.py for tasks to queue
[2025-08-26T04:41:13.685+0000] {logging_mixin.py:188} INFO - [2025-08-26T04:41:13.684+0000] {dagbag.py:545} INFO - Filling up the DagBag from /home/airflow/.local/lib/python3.12/site-packages/airflow/example_dags/example_task_group.py
[2025-08-26T04:41:13.747+0000] {processor.py:840} INFO - DAG(s) 'example_task_group' retrieved from /home/airflow/.local/lib/python3.12/site-packages/airflow/example_dags/example_task_group.py
[2025-08-26T04:41:13.886+0000] {logging_mixin.py:188} INFO - [2025-08-26T04:41:13.885+0000] {dag.py:3096} INFO - Sync 1 DAGs
[2025-08-26T04:41:14.140+0000] {logging_mixin.py:188} INFO - [2025-08-26T04:41:14.139+0000] {dag.py:3954} INFO - Setting next_dagrun for example_task_group to 2025-08-25 00:00:00+00:00, run_after=2025-08-26 00:00:00+00:00
[2025-08-26T04:41:14.359+0000] {processor.py:183} INFO - Processing /home/airflow/.local/lib/python3.12/site-packages/airflow/example_dags/example_task_group.py took 0.764 seconds
[2025-08-26T04:41:48.088+0000] {processor.py:161} INFO - Started process (PID=5651) to work on /home/airflow/.local/lib/python3.12/site-packages/airflow/example_dags/example_task_group.py
[2025-08-26T04:41:48.092+0000] {processor.py:830} INFO - Processing file /home/airflow/.local/lib/python3.12/site-packages/airflow/example_dags/example_task_group.py for tasks to queue
[2025-08-26T04:41:48.102+0000] {logging_mixin.py:188} INFO - [2025-08-26T04:41:48.101+0000] {dagbag.py:545} INFO - Filling up the DagBag from /home/airflow/.local/lib/python3.12/site-packages/airflow/example_dags/example_task_group.py
[2025-08-26T04:41:48.142+0000] {processor.py:840} INFO - DAG(s) 'example_task_group' retrieved from /home/airflow/.local/lib/python3.12/site-packages/airflow/example_dags/example_task_group.py
[2025-08-26T04:41:48.265+0000] {logging_mixin.py:188} INFO - [2025-08-26T04:41:48.264+0000] {dag.py:3096} INFO - Sync 1 DAGs
[2025-08-26T04:41:48.372+0000] {logging_mixin.py:188} INFO - [2025-08-26T04:41:48.372+0000] {dag.py:3954} INFO - Setting next_dagrun for example_task_group to 2025-08-25 00:00:00+00:00, run_after=2025-08-26 00:00:00+00:00
[2025-08-26T04:41:48.466+0000] {processor.py:183} INFO - Processing /home/airflow/.local/lib/python3.12/site-packages/airflow/example_dags/example_task_group.py took 0.413 seconds
[2025-08-26T04:42:32.379+0000] {processor.py:161} INFO - Started process (PID=5896) to work on /home/airflow/.local/lib/python3.12/site-packages/airflow/example_dags/example_task_group.py
[2025-08-26T04:42:32.395+0000] {processor.py:830} INFO - Processing file /home/airflow/.local/lib/python3.12/site-packages/airflow/example_dags/example_task_group.py for tasks to queue
[2025-08-26T04:42:32.403+0000] {logging_mixin.py:188} INFO - [2025-08-26T04:42:32.401+0000] {dagbag.py:545} INFO - Filling up the DagBag from /home/airflow/.local/lib/python3.12/site-packages/airflow/example_dags/example_task_group.py
[2025-08-26T04:42:32.509+0000] {processor.py:840} INFO - DAG(s) 'example_task_group' retrieved from /home/airflow/.local/lib/python3.12/site-packages/airflow/example_dags/example_task_group.py
[2025-08-26T04:42:32.819+0000] {logging_mixin.py:188} INFO - [2025-08-26T04:42:32.817+0000] {dag.py:3096} INFO - Sync 1 DAGs
[2025-08-26T04:42:33.165+0000] {logging_mixin.py:188} INFO - [2025-08-26T04:42:33.127+0000] {dag.py:3954} INFO - Setting next_dagrun for example_task_group to 2025-08-25 00:00:00+00:00, run_after=2025-08-26 00:00:00+00:00
[2025-08-26T04:42:33.305+0000] {processor.py:183} INFO - Processing /home/airflow/.local/lib/python3.12/site-packages/airflow/example_dags/example_task_group.py took 0.988 seconds
[2025-08-26T04:43:06.766+0000] {processor.py:161} INFO - Started process (PID=6169) to work on /home/airflow/.local/lib/python3.12/site-packages/airflow/example_dags/example_task_group.py
[2025-08-26T04:43:06.769+0000] {processor.py:830} INFO - Processing file /home/airflow/.local/lib/python3.12/site-packages/airflow/example_dags/example_task_group.py for tasks to queue
[2025-08-26T04:43:06.776+0000] {logging_mixin.py:188} INFO - [2025-08-26T04:43:06.775+0000] {dagbag.py:545} INFO - Filling up the DagBag from /home/airflow/.local/lib/python3.12/site-packages/airflow/example_dags/example_task_group.py
[2025-08-26T04:43:06.812+0000] {processor.py:840} INFO - DAG(s) 'example_task_group' retrieved from /home/airflow/.local/lib/python3.12/site-packages/airflow/example_dags/example_task_group.py
[2025-08-26T04:43:07.006+0000] {logging_mixin.py:188} INFO - [2025-08-26T04:43:07.006+0000] {dag.py:3096} INFO - Sync 1 DAGs
[2025-08-26T04:43:07.144+0000] {logging_mixin.py:188} INFO - [2025-08-26T04:43:07.144+0000] {dag.py:3954} INFO - Setting next_dagrun for example_task_group to 2025-08-25 00:00:00+00:00, run_after=2025-08-26 00:00:00+00:00
[2025-08-26T04:43:07.269+0000] {processor.py:183} INFO - Processing /home/airflow/.local/lib/python3.12/site-packages/airflow/example_dags/example_task_group.py took 0.533 seconds
[2025-08-26T04:43:43.740+0000] {processor.py:161} INFO - Started process (PID=6430) to work on /home/airflow/.local/lib/python3.12/site-packages/airflow/example_dags/example_task_group.py
[2025-08-26T04:43:43.748+0000] {processor.py:830} INFO - Processing file /home/airflow/.local/lib/python3.12/site-packages/airflow/example_dags/example_task_group.py for tasks to queue
[2025-08-26T04:43:43.762+0000] {logging_mixin.py:188} INFO - [2025-08-26T04:43:43.761+0000] {dagbag.py:545} INFO - Filling up the DagBag from /home/airflow/.local/lib/python3.12/site-packages/airflow/example_dags/example_task_group.py
[2025-08-26T04:43:43.924+0000] {processor.py:840} INFO - DAG(s) 'example_task_group' retrieved from /home/airflow/.local/lib/python3.12/site-packages/airflow/example_dags/example_task_group.py
[2025-08-26T04:43:44.159+0000] {logging_mixin.py:188} INFO - [2025-08-26T04:43:44.158+0000] {dag.py:3096} INFO - Sync 1 DAGs
[2025-08-26T04:43:44.479+0000] {logging_mixin.py:188} INFO - [2025-08-26T04:43:44.478+0000] {dag.py:3954} INFO - Setting next_dagrun for example_task_group to 2025-08-25 00:00:00+00:00, run_after=2025-08-26 00:00:00+00:00
[2025-08-26T04:43:44.814+0000] {processor.py:183} INFO - Processing /home/airflow/.local/lib/python3.12/site-packages/airflow/example_dags/example_task_group.py took 1.204 seconds
[2025-08-26T04:44:18.960+0000] {processor.py:161} INFO - Started process (PID=6693) to work on /home/airflow/.local/lib/python3.12/site-packages/airflow/example_dags/example_task_group.py
[2025-08-26T04:44:18.963+0000] {processor.py:830} INFO - Processing file /home/airflow/.local/lib/python3.12/site-packages/airflow/example_dags/example_task_group.py for tasks to queue
[2025-08-26T04:44:18.976+0000] {logging_mixin.py:188} INFO - [2025-08-26T04:44:18.974+0000] {dagbag.py:545} INFO - Filling up the DagBag from /home/airflow/.local/lib/python3.12/site-packages/airflow/example_dags/example_task_group.py
[2025-08-26T04:44:19.030+0000] {processor.py:840} INFO - DAG(s) 'example_task_group' retrieved from /home/airflow/.local/lib/python3.12/site-packages/airflow/example_dags/example_task_group.py
[2025-08-26T04:44:19.206+0000] {logging_mixin.py:188} INFO - [2025-08-26T04:44:19.205+0000] {dag.py:3096} INFO - Sync 1 DAGs
[2025-08-26T04:44:19.497+0000] {logging_mixin.py:188} INFO - [2025-08-26T04:44:19.496+0000] {dag.py:3954} INFO - Setting next_dagrun for example_task_group to 2025-08-25 00:00:00+00:00, run_after=2025-08-26 00:00:00+00:00
[2025-08-26T04:44:19.748+0000] {processor.py:183} INFO - Processing /home/airflow/.local/lib/python3.12/site-packages/airflow/example_dags/example_task_group.py took 0.822 seconds
[2025-08-26T04:44:55.019+0000] {processor.py:161} INFO - Started process (PID=6963) to work on /home/airflow/.local/lib/python3.12/site-packages/airflow/example_dags/example_task_group.py
[2025-08-26T04:44:55.054+0000] {processor.py:830} INFO - Processing file /home/airflow/.local/lib/python3.12/site-packages/airflow/example_dags/example_task_group.py for tasks to queue
[2025-08-26T04:44:55.107+0000] {logging_mixin.py:188} INFO - [2025-08-26T04:44:55.094+0000] {dagbag.py:545} INFO - Filling up the DagBag from /home/airflow/.local/lib/python3.12/site-packages/airflow/example_dags/example_task_group.py
[2025-08-26T04:44:55.223+0000] {processor.py:840} INFO - DAG(s) 'example_task_group' retrieved from /home/airflow/.local/lib/python3.12/site-packages/airflow/example_dags/example_task_group.py
[2025-08-26T04:44:55.361+0000] {logging_mixin.py:188} INFO - [2025-08-26T04:44:55.360+0000] {dag.py:3096} INFO - Sync 1 DAGs
[2025-08-26T04:44:55.492+0000] {logging_mixin.py:188} INFO - [2025-08-26T04:44:55.491+0000] {dag.py:3954} INFO - Setting next_dagrun for example_task_group to 2025-08-25 00:00:00+00:00, run_after=2025-08-26 00:00:00+00:00
[2025-08-26T04:44:55.637+0000] {processor.py:183} INFO - Processing /home/airflow/.local/lib/python3.12/site-packages/airflow/example_dags/example_task_group.py took 0.688 seconds
[2025-08-26T04:45:30.872+0000] {processor.py:161} INFO - Started process (PID=7232) to work on /home/airflow/.local/lib/python3.12/site-packages/airflow/example_dags/example_task_group.py
[2025-08-26T04:45:30.881+0000] {processor.py:830} INFO - Processing file /home/airflow/.local/lib/python3.12/site-packages/airflow/example_dags/example_task_group.py for tasks to queue
[2025-08-26T04:45:30.907+0000] {logging_mixin.py:188} INFO - [2025-08-26T04:45:30.905+0000] {dagbag.py:545} INFO - Filling up the DagBag from /home/airflow/.local/lib/python3.12/site-packages/airflow/example_dags/example_task_group.py
[2025-08-26T04:45:31.036+0000] {processor.py:840} INFO - DAG(s) 'example_task_group' retrieved from /home/airflow/.local/lib/python3.12/site-packages/airflow/example_dags/example_task_group.py
[2025-08-26T04:45:31.736+0000] {logging_mixin.py:188} INFO - [2025-08-26T04:45:31.735+0000] {dag.py:3096} INFO - Sync 1 DAGs
[2025-08-26T04:45:32.089+0000] {logging_mixin.py:188} INFO - [2025-08-26T04:45:32.088+0000] {dag.py:3954} INFO - Setting next_dagrun for example_task_group to 2025-08-25 00:00:00+00:00, run_after=2025-08-26 00:00:00+00:00
[2025-08-26T04:45:32.373+0000] {processor.py:183} INFO - Processing /home/airflow/.local/lib/python3.12/site-packages/airflow/example_dags/example_task_group.py took 1.552 seconds
[2025-08-26T04:46:17.089+0000] {processor.py:161} INFO - Started process (PID=7519) to work on /home/airflow/.local/lib/python3.12/site-packages/airflow/example_dags/example_task_group.py
[2025-08-26T04:46:17.098+0000] {processor.py:830} INFO - Processing file /home/airflow/.local/lib/python3.12/site-packages/airflow/example_dags/example_task_group.py for tasks to queue
[2025-08-26T04:46:17.108+0000] {logging_mixin.py:188} INFO - [2025-08-26T04:46:17.104+0000] {dagbag.py:545} INFO - Filling up the DagBag from /home/airflow/.local/lib/python3.12/site-packages/airflow/example_dags/example_task_group.py
[2025-08-26T04:46:17.148+0000] {processor.py:840} INFO - DAG(s) 'example_task_group' retrieved from /home/airflow/.local/lib/python3.12/site-packages/airflow/example_dags/example_task_group.py
[2025-08-26T04:46:17.355+0000] {logging_mixin.py:188} INFO - [2025-08-26T04:46:17.355+0000] {dag.py:3096} INFO - Sync 1 DAGs
[2025-08-26T04:46:17.561+0000] {logging_mixin.py:188} INFO - [2025-08-26T04:46:17.560+0000] {dag.py:3954} INFO - Setting next_dagrun for example_task_group to 2025-08-25 00:00:00+00:00, run_after=2025-08-26 00:00:00+00:00
[2025-08-26T04:46:17.660+0000] {processor.py:183} INFO - Processing /home/airflow/.local/lib/python3.12/site-packages/airflow/example_dags/example_task_group.py took 0.605 seconds
[2025-08-26T04:46:49.549+0000] {processor.py:161} INFO - Started process (PID=7772) to work on /home/airflow/.local/lib/python3.12/site-packages/airflow/example_dags/example_task_group.py
[2025-08-26T04:46:49.560+0000] {processor.py:830} INFO - Processing file /home/airflow/.local/lib/python3.12/site-packages/airflow/example_dags/example_task_group.py for tasks to queue
[2025-08-26T04:46:49.578+0000] {logging_mixin.py:188} INFO - [2025-08-26T04:46:49.567+0000] {dagbag.py:545} INFO - Filling up the DagBag from /home/airflow/.local/lib/python3.12/site-packages/airflow/example_dags/example_task_group.py
[2025-08-26T04:46:49.625+0000] {processor.py:840} INFO - DAG(s) 'example_task_group' retrieved from /home/airflow/.local/lib/python3.12/site-packages/airflow/example_dags/example_task_group.py
[2025-08-26T04:46:49.863+0000] {logging_mixin.py:188} INFO - [2025-08-26T04:46:49.863+0000] {dag.py:3096} INFO - Sync 1 DAGs
[2025-08-26T04:46:50.035+0000] {logging_mixin.py:188} INFO - [2025-08-26T04:46:50.034+0000] {dag.py:3954} INFO - Setting next_dagrun for example_task_group to 2025-08-25 00:00:00+00:00, run_after=2025-08-26 00:00:00+00:00
[2025-08-26T04:46:50.168+0000] {processor.py:183} INFO - Processing /home/airflow/.local/lib/python3.12/site-packages/airflow/example_dags/example_task_group.py took 0.661 seconds
[2025-08-26T04:47:24.125+0000] {processor.py:161} INFO - Started process (PID=8019) to work on /home/airflow/.local/lib/python3.12/site-packages/airflow/example_dags/example_task_group.py
[2025-08-26T04:47:24.141+0000] {processor.py:830} INFO - Processing file /home/airflow/.local/lib/python3.12/site-packages/airflow/example_dags/example_task_group.py for tasks to queue
[2025-08-26T04:47:24.159+0000] {logging_mixin.py:188} INFO - [2025-08-26T04:47:24.157+0000] {dagbag.py:545} INFO - Filling up the DagBag from /home/airflow/.local/lib/python3.12/site-packages/airflow/example_dags/example_task_group.py
[2025-08-26T04:47:24.242+0000] {processor.py:840} INFO - DAG(s) 'example_task_group' retrieved from /home/airflow/.local/lib/python3.12/site-packages/airflow/example_dags/example_task_group.py
[2025-08-26T04:47:24.551+0000] {logging_mixin.py:188} INFO - [2025-08-26T04:47:24.550+0000] {dag.py:3096} INFO - Sync 1 DAGs
[2025-08-26T04:47:24.714+0000] {logging_mixin.py:188} INFO - [2025-08-26T04:47:24.713+0000] {dag.py:3954} INFO - Setting next_dagrun for example_task_group to 2025-08-25 00:00:00+00:00, run_after=2025-08-26 00:00:00+00:00
[2025-08-26T04:47:24.824+0000] {processor.py:183} INFO - Processing /home/airflow/.local/lib/python3.12/site-packages/airflow/example_dags/example_task_group.py took 0.751 seconds
[2025-08-26T04:49:47.720+0000] {processor.py:161} INFO - Started process (PID=358) to work on /home/airflow/.local/lib/python3.12/site-packages/airflow/example_dags/example_task_group.py
[2025-08-26T04:49:47.723+0000] {processor.py:830} INFO - Processing file /home/airflow/.local/lib/python3.12/site-packages/airflow/example_dags/example_task_group.py for tasks to queue
[2025-08-26T04:49:47.734+0000] {logging_mixin.py:188} INFO - [2025-08-26T04:49:47.732+0000] {dagbag.py:545} INFO - Filling up the DagBag from /home/airflow/.local/lib/python3.12/site-packages/airflow/example_dags/example_task_group.py
[2025-08-26T04:49:47.799+0000] {processor.py:840} INFO - DAG(s) 'example_task_group' retrieved from /home/airflow/.local/lib/python3.12/site-packages/airflow/example_dags/example_task_group.py
[2025-08-26T04:49:48.938+0000] {logging_mixin.py:188} INFO - [2025-08-26T04:49:48.935+0000] {dag.py:3096} INFO - Sync 1 DAGs
[2025-08-26T04:49:49.064+0000] {logging_mixin.py:188} INFO - [2025-08-26T04:49:49.063+0000] {dag.py:3954} INFO - Setting next_dagrun for example_task_group to 2025-08-25 00:00:00+00:00, run_after=2025-08-26 00:00:00+00:00
[2025-08-26T04:49:49.197+0000] {processor.py:183} INFO - Processing /home/airflow/.local/lib/python3.12/site-packages/airflow/example_dags/example_task_group.py took 1.516 seconds
[2025-08-26T04:50:19.933+0000] {processor.py:161} INFO - Started process (PID=620) to work on /home/airflow/.local/lib/python3.12/site-packages/airflow/example_dags/example_task_group.py
[2025-08-26T04:50:19.972+0000] {processor.py:830} INFO - Processing file /home/airflow/.local/lib/python3.12/site-packages/airflow/example_dags/example_task_group.py for tasks to queue
[2025-08-26T04:50:20.027+0000] {logging_mixin.py:188} INFO - [2025-08-26T04:50:20.010+0000] {dagbag.py:545} INFO - Filling up the DagBag from /home/airflow/.local/lib/python3.12/site-packages/airflow/example_dags/example_task_group.py
[2025-08-26T04:50:20.158+0000] {processor.py:840} INFO - DAG(s) 'example_task_group' retrieved from /home/airflow/.local/lib/python3.12/site-packages/airflow/example_dags/example_task_group.py
[2025-08-26T04:50:20.463+0000] {logging_mixin.py:188} INFO - [2025-08-26T04:50:20.462+0000] {dag.py:3096} INFO - Sync 1 DAGs
[2025-08-26T04:50:20.897+0000] {logging_mixin.py:188} INFO - [2025-08-26T04:50:20.896+0000] {dag.py:3954} INFO - Setting next_dagrun for example_task_group to 2025-08-25 00:00:00+00:00, run_after=2025-08-26 00:00:00+00:00
[2025-08-26T04:50:21.205+0000] {processor.py:183} INFO - Processing /home/airflow/.local/lib/python3.12/site-packages/airflow/example_dags/example_task_group.py took 1.383 seconds
[2025-08-26T04:50:51.592+0000] {processor.py:161} INFO - Started process (PID=882) to work on /home/airflow/.local/lib/python3.12/site-packages/airflow/example_dags/example_task_group.py
[2025-08-26T04:50:51.598+0000] {processor.py:830} INFO - Processing file /home/airflow/.local/lib/python3.12/site-packages/airflow/example_dags/example_task_group.py for tasks to queue
[2025-08-26T04:50:51.609+0000] {logging_mixin.py:188} INFO - [2025-08-26T04:50:51.604+0000] {dagbag.py:545} INFO - Filling up the DagBag from /home/airflow/.local/lib/python3.12/site-packages/airflow/example_dags/example_task_group.py
[2025-08-26T04:50:51.653+0000] {processor.py:840} INFO - DAG(s) 'example_task_group' retrieved from /home/airflow/.local/lib/python3.12/site-packages/airflow/example_dags/example_task_group.py
[2025-08-26T04:50:51.779+0000] {logging_mixin.py:188} INFO - [2025-08-26T04:50:51.778+0000] {dag.py:3096} INFO - Sync 1 DAGs
[2025-08-26T04:50:51.947+0000] {logging_mixin.py:188} INFO - [2025-08-26T04:50:51.946+0000] {dag.py:3954} INFO - Setting next_dagrun for example_task_group to 2025-08-25 00:00:00+00:00, run_after=2025-08-26 00:00:00+00:00
[2025-08-26T04:50:52.080+0000] {processor.py:183} INFO - Processing /home/airflow/.local/lib/python3.12/site-packages/airflow/example_dags/example_task_group.py took 0.526 seconds
[2025-08-26T04:51:25.593+0000] {processor.py:161} INFO - Started process (PID=1144) to work on /home/airflow/.local/lib/python3.12/site-packages/airflow/example_dags/example_task_group.py
[2025-08-26T04:51:25.603+0000] {processor.py:830} INFO - Processing file /home/airflow/.local/lib/python3.12/site-packages/airflow/example_dags/example_task_group.py for tasks to queue
[2025-08-26T04:51:25.637+0000] {logging_mixin.py:188} INFO - [2025-08-26T04:51:25.636+0000] {dagbag.py:545} INFO - Filling up the DagBag from /home/airflow/.local/lib/python3.12/site-packages/airflow/example_dags/example_task_group.py
[2025-08-26T04:51:25.726+0000] {processor.py:840} INFO - DAG(s) 'example_task_group' retrieved from /home/airflow/.local/lib/python3.12/site-packages/airflow/example_dags/example_task_group.py
[2025-08-26T04:51:25.959+0000] {logging_mixin.py:188} INFO - [2025-08-26T04:51:25.959+0000] {dag.py:3096} INFO - Sync 1 DAGs
[2025-08-26T04:51:26.229+0000] {logging_mixin.py:188} INFO - [2025-08-26T04:51:26.228+0000] {dag.py:3954} INFO - Setting next_dagrun for example_task_group to 2025-08-25 00:00:00+00:00, run_after=2025-08-26 00:00:00+00:00
[2025-08-26T04:51:26.467+0000] {processor.py:183} INFO - Processing /home/airflow/.local/lib/python3.12/site-packages/airflow/example_dags/example_task_group.py took 0.922 seconds
[2025-08-26T04:51:58.935+0000] {processor.py:161} INFO - Started process (PID=1406) to work on /home/airflow/.local/lib/python3.12/site-packages/airflow/example_dags/example_task_group.py
[2025-08-26T04:51:58.938+0000] {processor.py:830} INFO - Processing file /home/airflow/.local/lib/python3.12/site-packages/airflow/example_dags/example_task_group.py for tasks to queue
[2025-08-26T04:51:58.958+0000] {logging_mixin.py:188} INFO - [2025-08-26T04:51:58.956+0000] {dagbag.py:545} INFO - Filling up the DagBag from /home/airflow/.local/lib/python3.12/site-packages/airflow/example_dags/example_task_group.py
[2025-08-26T04:51:58.995+0000] {processor.py:840} INFO - DAG(s) 'example_task_group' retrieved from /home/airflow/.local/lib/python3.12/site-packages/airflow/example_dags/example_task_group.py
[2025-08-26T04:51:59.094+0000] {logging_mixin.py:188} INFO - [2025-08-26T04:51:59.094+0000] {dag.py:3096} INFO - Sync 1 DAGs
[2025-08-26T04:51:59.218+0000] {logging_mixin.py:188} INFO - [2025-08-26T04:51:59.217+0000] {dag.py:3954} INFO - Setting next_dagrun for example_task_group to 2025-08-25 00:00:00+00:00, run_after=2025-08-26 00:00:00+00:00
[2025-08-26T04:51:59.294+0000] {processor.py:183} INFO - Processing /home/airflow/.local/lib/python3.12/site-packages/airflow/example_dags/example_task_group.py took 0.382 seconds
[2025-08-26T04:52:48.321+0000] {processor.py:161} INFO - Started process (PID=1694) to work on /home/airflow/.local/lib/python3.12/site-packages/airflow/example_dags/example_task_group.py
[2025-08-26T04:52:48.328+0000] {processor.py:830} INFO - Processing file /home/airflow/.local/lib/python3.12/site-packages/airflow/example_dags/example_task_group.py for tasks to queue
[2025-08-26T04:52:48.337+0000] {logging_mixin.py:188} INFO - [2025-08-26T04:52:48.336+0000] {dagbag.py:545} INFO - Filling up the DagBag from /home/airflow/.local/lib/python3.12/site-packages/airflow/example_dags/example_task_group.py
[2025-08-26T04:52:48.393+0000] {processor.py:840} INFO - DAG(s) 'example_task_group' retrieved from /home/airflow/.local/lib/python3.12/site-packages/airflow/example_dags/example_task_group.py
[2025-08-26T04:52:48.541+0000] {logging_mixin.py:188} INFO - [2025-08-26T04:52:48.536+0000] {dag.py:3096} INFO - Sync 1 DAGs
[2025-08-26T04:52:48.685+0000] {logging_mixin.py:188} INFO - [2025-08-26T04:52:48.683+0000] {dag.py:3954} INFO - Setting next_dagrun for example_task_group to 2025-08-25 00:00:00+00:00, run_after=2025-08-26 00:00:00+00:00
[2025-08-26T04:52:48.904+0000] {processor.py:183} INFO - Processing /home/airflow/.local/lib/python3.12/site-packages/airflow/example_dags/example_task_group.py took 0.615 seconds
[2025-08-26T04:53:19.656+0000] {processor.py:161} INFO - Started process (PID=1956) to work on /home/airflow/.local/lib/python3.12/site-packages/airflow/example_dags/example_task_group.py
[2025-08-26T04:53:19.669+0000] {processor.py:830} INFO - Processing file /home/airflow/.local/lib/python3.12/site-packages/airflow/example_dags/example_task_group.py for tasks to queue
[2025-08-26T04:53:19.681+0000] {logging_mixin.py:188} INFO - [2025-08-26T04:53:19.680+0000] {dagbag.py:545} INFO - Filling up the DagBag from /home/airflow/.local/lib/python3.12/site-packages/airflow/example_dags/example_task_group.py
[2025-08-26T04:53:19.729+0000] {processor.py:840} INFO - DAG(s) 'example_task_group' retrieved from /home/airflow/.local/lib/python3.12/site-packages/airflow/example_dags/example_task_group.py
[2025-08-26T04:53:19.930+0000] {logging_mixin.py:188} INFO - [2025-08-26T04:53:19.927+0000] {dag.py:3096} INFO - Sync 1 DAGs
[2025-08-26T04:53:20.158+0000] {logging_mixin.py:188} INFO - [2025-08-26T04:53:20.157+0000] {dag.py:3954} INFO - Setting next_dagrun for example_task_group to 2025-08-25 00:00:00+00:00, run_after=2025-08-26 00:00:00+00:00
[2025-08-26T04:53:20.323+0000] {processor.py:183} INFO - Processing /home/airflow/.local/lib/python3.12/site-packages/airflow/example_dags/example_task_group.py took 0.705 seconds
[2025-08-26T04:53:50.915+0000] {processor.py:161} INFO - Started process (PID=2216) to work on /home/airflow/.local/lib/python3.12/site-packages/airflow/example_dags/example_task_group.py
[2025-08-26T04:53:50.919+0000] {processor.py:830} INFO - Processing file /home/airflow/.local/lib/python3.12/site-packages/airflow/example_dags/example_task_group.py for tasks to queue
[2025-08-26T04:53:50.942+0000] {logging_mixin.py:188} INFO - [2025-08-26T04:53:50.941+0000] {dagbag.py:545} INFO - Filling up the DagBag from /home/airflow/.local/lib/python3.12/site-packages/airflow/example_dags/example_task_group.py
[2025-08-26T04:53:50.993+0000] {processor.py:840} INFO - DAG(s) 'example_task_group' retrieved from /home/airflow/.local/lib/python3.12/site-packages/airflow/example_dags/example_task_group.py
[2025-08-26T04:53:51.275+0000] {logging_mixin.py:188} INFO - [2025-08-26T04:53:51.274+0000] {dag.py:3096} INFO - Sync 1 DAGs
[2025-08-26T04:53:51.577+0000] {logging_mixin.py:188} INFO - [2025-08-26T04:53:51.576+0000] {dag.py:3954} INFO - Setting next_dagrun for example_task_group to 2025-08-25 00:00:00+00:00, run_after=2025-08-26 00:00:00+00:00
[2025-08-26T04:53:51.816+0000] {processor.py:183} INFO - Processing /home/airflow/.local/lib/python3.12/site-packages/airflow/example_dags/example_task_group.py took 0.949 seconds
[2025-08-26T04:54:22.506+0000] {processor.py:161} INFO - Started process (PID=2478) to work on /home/airflow/.local/lib/python3.12/site-packages/airflow/example_dags/example_task_group.py
[2025-08-26T04:54:22.515+0000] {processor.py:830} INFO - Processing file /home/airflow/.local/lib/python3.12/site-packages/airflow/example_dags/example_task_group.py for tasks to queue
[2025-08-26T04:54:22.529+0000] {logging_mixin.py:188} INFO - [2025-08-26T04:54:22.527+0000] {dagbag.py:545} INFO - Filling up the DagBag from /home/airflow/.local/lib/python3.12/site-packages/airflow/example_dags/example_task_group.py
[2025-08-26T04:54:22.638+0000] {processor.py:840} INFO - DAG(s) 'example_task_group' retrieved from /home/airflow/.local/lib/python3.12/site-packages/airflow/example_dags/example_task_group.py
[2025-08-26T04:54:22.828+0000] {logging_mixin.py:188} INFO - [2025-08-26T04:54:22.827+0000] {dag.py:3096} INFO - Sync 1 DAGs
[2025-08-26T04:54:23.087+0000] {logging_mixin.py:188} INFO - [2025-08-26T04:54:23.084+0000] {dag.py:3954} INFO - Setting next_dagrun for example_task_group to 2025-08-25 00:00:00+00:00, run_after=2025-08-26 00:00:00+00:00
[2025-08-26T04:54:23.300+0000] {processor.py:183} INFO - Processing /home/airflow/.local/lib/python3.12/site-packages/airflow/example_dags/example_task_group.py took 0.876 seconds
[2025-08-26T04:54:53.635+0000] {processor.py:161} INFO - Started process (PID=2740) to work on /home/airflow/.local/lib/python3.12/site-packages/airflow/example_dags/example_task_group.py
[2025-08-26T04:54:53.638+0000] {processor.py:830} INFO - Processing file /home/airflow/.local/lib/python3.12/site-packages/airflow/example_dags/example_task_group.py for tasks to queue
[2025-08-26T04:54:53.655+0000] {logging_mixin.py:188} INFO - [2025-08-26T04:54:53.654+0000] {dagbag.py:545} INFO - Filling up the DagBag from /home/airflow/.local/lib/python3.12/site-packages/airflow/example_dags/example_task_group.py
[2025-08-26T04:54:53.723+0000] {processor.py:840} INFO - DAG(s) 'example_task_group' retrieved from /home/airflow/.local/lib/python3.12/site-packages/airflow/example_dags/example_task_group.py
[2025-08-26T04:54:53.883+0000] {logging_mixin.py:188} INFO - [2025-08-26T04:54:53.883+0000] {dag.py:3096} INFO - Sync 1 DAGs
[2025-08-26T04:54:54.136+0000] {logging_mixin.py:188} INFO - [2025-08-26T04:54:54.135+0000] {dag.py:3954} INFO - Setting next_dagrun for example_task_group to 2025-08-25 00:00:00+00:00, run_after=2025-08-26 00:00:00+00:00
[2025-08-26T04:54:54.281+0000] {processor.py:183} INFO - Processing /home/airflow/.local/lib/python3.12/site-packages/airflow/example_dags/example_task_group.py took 0.681 seconds
[2025-08-26T04:55:34.529+0000] {processor.py:161} INFO - Started process (PID=3008) to work on /home/airflow/.local/lib/python3.12/site-packages/airflow/example_dags/example_task_group.py
[2025-08-26T04:55:34.558+0000] {processor.py:830} INFO - Processing file /home/airflow/.local/lib/python3.12/site-packages/airflow/example_dags/example_task_group.py for tasks to queue
[2025-08-26T04:55:34.575+0000] {logging_mixin.py:188} INFO - [2025-08-26T04:55:34.574+0000] {dagbag.py:545} INFO - Filling up the DagBag from /home/airflow/.local/lib/python3.12/site-packages/airflow/example_dags/example_task_group.py
[2025-08-26T04:55:34.752+0000] {processor.py:840} INFO - DAG(s) 'example_task_group' retrieved from /home/airflow/.local/lib/python3.12/site-packages/airflow/example_dags/example_task_group.py
[2025-08-26T04:55:35.188+0000] {logging_mixin.py:188} INFO - [2025-08-26T04:55:35.188+0000] {dag.py:3096} INFO - Sync 1 DAGs
[2025-08-26T04:55:35.556+0000] {logging_mixin.py:188} INFO - [2025-08-26T04:55:35.556+0000] {dag.py:3954} INFO - Setting next_dagrun for example_task_group to 2025-08-25 00:00:00+00:00, run_after=2025-08-26 00:00:00+00:00
[2025-08-26T04:55:35.980+0000] {processor.py:183} INFO - Processing /home/airflow/.local/lib/python3.12/site-packages/airflow/example_dags/example_task_group.py took 1.565 seconds
[2025-08-26T04:56:09.741+0000] {processor.py:161} INFO - Started process (PID=3270) to work on /home/airflow/.local/lib/python3.12/site-packages/airflow/example_dags/example_task_group.py
[2025-08-26T04:56:09.753+0000] {processor.py:830} INFO - Processing file /home/airflow/.local/lib/python3.12/site-packages/airflow/example_dags/example_task_group.py for tasks to queue
[2025-08-26T04:56:09.761+0000] {logging_mixin.py:188} INFO - [2025-08-26T04:56:09.760+0000] {dagbag.py:545} INFO - Filling up the DagBag from /home/airflow/.local/lib/python3.12/site-packages/airflow/example_dags/example_task_group.py
[2025-08-26T04:56:09.813+0000] {processor.py:840} INFO - DAG(s) 'example_task_group' retrieved from /home/airflow/.local/lib/python3.12/site-packages/airflow/example_dags/example_task_group.py
[2025-08-26T04:56:10.054+0000] {logging_mixin.py:188} INFO - [2025-08-26T04:56:10.041+0000] {dag.py:3096} INFO - Sync 1 DAGs
[2025-08-26T04:56:10.262+0000] {logging_mixin.py:188} INFO - [2025-08-26T04:56:10.262+0000] {dag.py:3954} INFO - Setting next_dagrun for example_task_group to 2025-08-25 00:00:00+00:00, run_after=2025-08-26 00:00:00+00:00
[2025-08-26T04:56:10.464+0000] {processor.py:183} INFO - Processing /home/airflow/.local/lib/python3.12/site-packages/airflow/example_dags/example_task_group.py took 0.771 seconds
[2025-08-26T04:56:49.484+0000] {processor.py:161} INFO - Started process (PID=3547) to work on /home/airflow/.local/lib/python3.12/site-packages/airflow/example_dags/example_task_group.py
[2025-08-26T04:56:49.498+0000] {processor.py:830} INFO - Processing file /home/airflow/.local/lib/python3.12/site-packages/airflow/example_dags/example_task_group.py for tasks to queue
[2025-08-26T04:56:49.513+0000] {logging_mixin.py:188} INFO - [2025-08-26T04:56:49.512+0000] {dagbag.py:545} INFO - Filling up the DagBag from /home/airflow/.local/lib/python3.12/site-packages/airflow/example_dags/example_task_group.py
[2025-08-26T04:56:49.570+0000] {processor.py:840} INFO - DAG(s) 'example_task_group' retrieved from /home/airflow/.local/lib/python3.12/site-packages/airflow/example_dags/example_task_group.py
[2025-08-26T04:56:49.756+0000] {logging_mixin.py:188} INFO - [2025-08-26T04:56:49.755+0000] {dag.py:3096} INFO - Sync 1 DAGs
[2025-08-26T04:56:50.007+0000] {logging_mixin.py:188} INFO - [2025-08-26T04:56:50.006+0000] {dag.py:3954} INFO - Setting next_dagrun for example_task_group to 2025-08-25 00:00:00+00:00, run_after=2025-08-26 00:00:00+00:00
[2025-08-26T04:56:50.286+0000] {processor.py:183} INFO - Processing /home/airflow/.local/lib/python3.12/site-packages/airflow/example_dags/example_task_group.py took 0.846 seconds
[2025-08-26T04:57:27.248+0000] {processor.py:161} INFO - Started process (PID=3812) to work on /home/airflow/.local/lib/python3.12/site-packages/airflow/example_dags/example_task_group.py
[2025-08-26T04:57:27.254+0000] {processor.py:830} INFO - Processing file /home/airflow/.local/lib/python3.12/site-packages/airflow/example_dags/example_task_group.py for tasks to queue
[2025-08-26T04:57:27.274+0000] {logging_mixin.py:188} INFO - [2025-08-26T04:57:27.273+0000] {dagbag.py:545} INFO - Filling up the DagBag from /home/airflow/.local/lib/python3.12/site-packages/airflow/example_dags/example_task_group.py
[2025-08-26T04:57:27.340+0000] {processor.py:840} INFO - DAG(s) 'example_task_group' retrieved from /home/airflow/.local/lib/python3.12/site-packages/airflow/example_dags/example_task_group.py
[2025-08-26T04:57:27.503+0000] {logging_mixin.py:188} INFO - [2025-08-26T04:57:27.502+0000] {dag.py:3096} INFO - Sync 1 DAGs
[2025-08-26T04:57:27.728+0000] {logging_mixin.py:188} INFO - [2025-08-26T04:57:27.728+0000] {dag.py:3954} INFO - Setting next_dagrun for example_task_group to 2025-08-25 00:00:00+00:00, run_after=2025-08-26 00:00:00+00:00
[2025-08-26T04:57:30.305+0000] {processor.py:183} INFO - Processing /home/airflow/.local/lib/python3.12/site-packages/airflow/example_dags/example_task_group.py took 3.111 seconds
[2025-08-26T05:35:00.384+0000] {processor.py:161} INFO - Started process (PID=4042) to work on /home/airflow/.local/lib/python3.12/site-packages/airflow/example_dags/example_task_group.py
[2025-08-26T05:35:00.400+0000] {processor.py:830} INFO - Processing file /home/airflow/.local/lib/python3.12/site-packages/airflow/example_dags/example_task_group.py for tasks to queue
[2025-08-26T05:35:00.425+0000] {logging_mixin.py:188} INFO - [2025-08-26T05:35:00.424+0000] {dagbag.py:545} INFO - Filling up the DagBag from /home/airflow/.local/lib/python3.12/site-packages/airflow/example_dags/example_task_group.py
[2025-08-26T05:35:00.663+0000] {processor.py:840} INFO - DAG(s) 'example_task_group' retrieved from /home/airflow/.local/lib/python3.12/site-packages/airflow/example_dags/example_task_group.py
[2025-08-26T05:35:01.209+0000] {logging_mixin.py:188} INFO - [2025-08-26T05:35:01.209+0000] {dag.py:3096} INFO - Sync 1 DAGs
[2025-08-26T05:35:01.803+0000] {logging_mixin.py:188} INFO - [2025-08-26T05:35:01.803+0000] {dag.py:3954} INFO - Setting next_dagrun for example_task_group to 2025-08-25 00:00:00+00:00, run_after=2025-08-26 00:00:00+00:00
[2025-08-26T05:35:02.193+0000] {processor.py:183} INFO - Processing /home/airflow/.local/lib/python3.12/site-packages/airflow/example_dags/example_task_group.py took 2.060 seconds
[2025-08-26T05:42:32.825+0000] {processor.py:161} INFO - Started process (PID=4411) to work on /home/airflow/.local/lib/python3.12/site-packages/airflow/example_dags/example_task_group.py
[2025-08-26T05:42:32.845+0000] {processor.py:830} INFO - Processing file /home/airflow/.local/lib/python3.12/site-packages/airflow/example_dags/example_task_group.py for tasks to queue
[2025-08-26T05:42:32.849+0000] {logging_mixin.py:188} INFO - [2025-08-26T05:42:32.848+0000] {dagbag.py:545} INFO - Filling up the DagBag from /home/airflow/.local/lib/python3.12/site-packages/airflow/example_dags/example_task_group.py
[2025-08-26T05:42:32.985+0000] {processor.py:840} INFO - DAG(s) 'example_task_group' retrieved from /home/airflow/.local/lib/python3.12/site-packages/airflow/example_dags/example_task_group.py
[2025-08-26T05:42:33.480+0000] {logging_mixin.py:188} INFO - [2025-08-26T05:42:33.437+0000] {dag.py:3096} INFO - Sync 1 DAGs
[2025-08-26T05:42:34.041+0000] {logging_mixin.py:188} INFO - [2025-08-26T05:42:34.040+0000] {dag.py:3954} INFO - Setting next_dagrun for example_task_group to 2025-08-25 00:00:00+00:00, run_after=2025-08-26 00:00:00+00:00
[2025-08-26T05:42:34.474+0000] {processor.py:183} INFO - Processing /home/airflow/.local/lib/python3.12/site-packages/airflow/example_dags/example_task_group.py took 1.755 seconds
[2025-08-26T05:43:40.938+0000] {processor.py:161} INFO - Started process (PID=4699) to work on /home/airflow/.local/lib/python3.12/site-packages/airflow/example_dags/example_task_group.py
[2025-08-26T05:43:40.957+0000] {processor.py:830} INFO - Processing file /home/airflow/.local/lib/python3.12/site-packages/airflow/example_dags/example_task_group.py for tasks to queue
[2025-08-26T05:43:40.971+0000] {logging_mixin.py:188} INFO - [2025-08-26T05:43:40.970+0000] {dagbag.py:545} INFO - Filling up the DagBag from /home/airflow/.local/lib/python3.12/site-packages/airflow/example_dags/example_task_group.py
[2025-08-26T05:43:41.151+0000] {processor.py:840} INFO - DAG(s) 'example_task_group' retrieved from /home/airflow/.local/lib/python3.12/site-packages/airflow/example_dags/example_task_group.py
[2025-08-26T05:43:41.393+0000] {logging_mixin.py:188} INFO - [2025-08-26T05:43:41.392+0000] {dag.py:3096} INFO - Sync 1 DAGs
[2025-08-26T05:43:41.648+0000] {logging_mixin.py:188} INFO - [2025-08-26T05:43:41.647+0000] {dag.py:3954} INFO - Setting next_dagrun for example_task_group to 2025-08-25 00:00:00+00:00, run_after=2025-08-26 00:00:00+00:00
[2025-08-26T05:43:41.856+0000] {processor.py:183} INFO - Processing /home/airflow/.local/lib/python3.12/site-packages/airflow/example_dags/example_task_group.py took 1.015 seconds
[2025-08-26T05:44:15.970+0000] {processor.py:161} INFO - Started process (PID=4961) to work on /home/airflow/.local/lib/python3.12/site-packages/airflow/example_dags/example_task_group.py
[2025-08-26T05:44:15.987+0000] {processor.py:830} INFO - Processing file /home/airflow/.local/lib/python3.12/site-packages/airflow/example_dags/example_task_group.py for tasks to queue
[2025-08-26T05:44:15.995+0000] {logging_mixin.py:188} INFO - [2025-08-26T05:44:15.994+0000] {dagbag.py:545} INFO - Filling up the DagBag from /home/airflow/.local/lib/python3.12/site-packages/airflow/example_dags/example_task_group.py
[2025-08-26T05:44:16.063+0000] {processor.py:840} INFO - DAG(s) 'example_task_group' retrieved from /home/airflow/.local/lib/python3.12/site-packages/airflow/example_dags/example_task_group.py
[2025-08-26T05:44:16.268+0000] {logging_mixin.py:188} INFO - [2025-08-26T05:44:16.268+0000] {dag.py:3096} INFO - Sync 1 DAGs
[2025-08-26T05:44:16.429+0000] {logging_mixin.py:188} INFO - [2025-08-26T05:44:16.429+0000] {dag.py:3954} INFO - Setting next_dagrun for example_task_group to 2025-08-25 00:00:00+00:00, run_after=2025-08-26 00:00:00+00:00
[2025-08-26T05:44:16.598+0000] {processor.py:183} INFO - Processing /home/airflow/.local/lib/python3.12/site-packages/airflow/example_dags/example_task_group.py took 0.701 seconds
[2025-08-26T05:44:52.866+0000] {processor.py:161} INFO - Started process (PID=5224) to work on /home/airflow/.local/lib/python3.12/site-packages/airflow/example_dags/example_task_group.py
[2025-08-26T05:44:52.872+0000] {processor.py:830} INFO - Processing file /home/airflow/.local/lib/python3.12/site-packages/airflow/example_dags/example_task_group.py for tasks to queue
[2025-08-26T05:44:52.877+0000] {logging_mixin.py:188} INFO - [2025-08-26T05:44:52.875+0000] {dagbag.py:545} INFO - Filling up the DagBag from /home/airflow/.local/lib/python3.12/site-packages/airflow/example_dags/example_task_group.py
[2025-08-26T05:44:52.922+0000] {processor.py:840} INFO - DAG(s) 'example_task_group' retrieved from /home/airflow/.local/lib/python3.12/site-packages/airflow/example_dags/example_task_group.py
[2025-08-26T05:44:53.050+0000] {logging_mixin.py:188} INFO - [2025-08-26T05:44:53.049+0000] {dag.py:3096} INFO - Sync 1 DAGs
[2025-08-26T05:44:53.197+0000] {logging_mixin.py:188} INFO - [2025-08-26T05:44:53.196+0000] {dag.py:3954} INFO - Setting next_dagrun for example_task_group to 2025-08-25 00:00:00+00:00, run_after=2025-08-26 00:00:00+00:00
[2025-08-26T05:44:53.351+0000] {processor.py:183} INFO - Processing /home/airflow/.local/lib/python3.12/site-packages/airflow/example_dags/example_task_group.py took 0.521 seconds
[2025-08-26T05:45:26.432+0000] {processor.py:161} INFO - Started process (PID=5481) to work on /home/airflow/.local/lib/python3.12/site-packages/airflow/example_dags/example_task_group.py
[2025-08-26T05:45:26.436+0000] {processor.py:830} INFO - Processing file /home/airflow/.local/lib/python3.12/site-packages/airflow/example_dags/example_task_group.py for tasks to queue
[2025-08-26T05:45:26.439+0000] {logging_mixin.py:188} INFO - [2025-08-26T05:45:26.438+0000] {dagbag.py:545} INFO - Filling up the DagBag from /home/airflow/.local/lib/python3.12/site-packages/airflow/example_dags/example_task_group.py
[2025-08-26T05:45:26.511+0000] {processor.py:840} INFO - DAG(s) 'example_task_group' retrieved from /home/airflow/.local/lib/python3.12/site-packages/airflow/example_dags/example_task_group.py
[2025-08-26T05:45:26.658+0000] {logging_mixin.py:188} INFO - [2025-08-26T05:45:26.657+0000] {dag.py:3096} INFO - Sync 1 DAGs
[2025-08-26T05:45:26.818+0000] {logging_mixin.py:188} INFO - [2025-08-26T05:45:26.817+0000] {dag.py:3954} INFO - Setting next_dagrun for example_task_group to 2025-08-25 00:00:00+00:00, run_after=2025-08-26 00:00:00+00:00
[2025-08-26T05:45:26.955+0000] {processor.py:183} INFO - Processing /home/airflow/.local/lib/python3.12/site-packages/airflow/example_dags/example_task_group.py took 0.568 seconds
[2025-08-26T05:46:00.190+0000] {processor.py:161} INFO - Started process (PID=5744) to work on /home/airflow/.local/lib/python3.12/site-packages/airflow/example_dags/example_task_group.py
[2025-08-26T05:46:00.201+0000] {processor.py:830} INFO - Processing file /home/airflow/.local/lib/python3.12/site-packages/airflow/example_dags/example_task_group.py for tasks to queue
[2025-08-26T05:46:00.205+0000] {logging_mixin.py:188} INFO - [2025-08-26T05:46:00.203+0000] {dagbag.py:545} INFO - Filling up the DagBag from /home/airflow/.local/lib/python3.12/site-packages/airflow/example_dags/example_task_group.py
[2025-08-26T05:46:00.260+0000] {processor.py:840} INFO - DAG(s) 'example_task_group' retrieved from /home/airflow/.local/lib/python3.12/site-packages/airflow/example_dags/example_task_group.py
[2025-08-26T05:46:00.426+0000] {logging_mixin.py:188} INFO - [2025-08-26T05:46:00.425+0000] {dag.py:3096} INFO - Sync 1 DAGs
[2025-08-26T05:46:00.621+0000] {logging_mixin.py:188} INFO - [2025-08-26T05:46:00.620+0000] {dag.py:3954} INFO - Setting next_dagrun for example_task_group to 2025-08-25 00:00:00+00:00, run_after=2025-08-26 00:00:00+00:00
[2025-08-26T05:46:00.714+0000] {processor.py:183} INFO - Processing /home/airflow/.local/lib/python3.12/site-packages/airflow/example_dags/example_task_group.py took 0.568 seconds
[2025-08-26T05:46:32.431+0000] {processor.py:161} INFO - Started process (PID=6009) to work on /home/airflow/.local/lib/python3.12/site-packages/airflow/example_dags/example_task_group.py
[2025-08-26T05:46:32.435+0000] {processor.py:830} INFO - Processing file /home/airflow/.local/lib/python3.12/site-packages/airflow/example_dags/example_task_group.py for tasks to queue
[2025-08-26T05:46:32.439+0000] {logging_mixin.py:188} INFO - [2025-08-26T05:46:32.438+0000] {dagbag.py:545} INFO - Filling up the DagBag from /home/airflow/.local/lib/python3.12/site-packages/airflow/example_dags/example_task_group.py
[2025-08-26T05:46:32.504+0000] {processor.py:840} INFO - DAG(s) 'example_task_group' retrieved from /home/airflow/.local/lib/python3.12/site-packages/airflow/example_dags/example_task_group.py
[2025-08-26T05:46:32.669+0000] {logging_mixin.py:188} INFO - [2025-08-26T05:46:32.655+0000] {dag.py:3096} INFO - Sync 1 DAGs
[2025-08-26T05:46:33.022+0000] {logging_mixin.py:188} INFO - [2025-08-26T05:46:33.021+0000] {dag.py:3954} INFO - Setting next_dagrun for example_task_group to 2025-08-25 00:00:00+00:00, run_after=2025-08-26 00:00:00+00:00
[2025-08-26T05:46:33.293+0000] {processor.py:183} INFO - Processing /home/airflow/.local/lib/python3.12/site-packages/airflow/example_dags/example_task_group.py took 0.905 seconds
[2025-08-26T05:47:04.114+0000] {processor.py:161} INFO - Started process (PID=6273) to work on /home/airflow/.local/lib/python3.12/site-packages/airflow/example_dags/example_task_group.py
[2025-08-26T05:47:04.118+0000] {processor.py:830} INFO - Processing file /home/airflow/.local/lib/python3.12/site-packages/airflow/example_dags/example_task_group.py for tasks to queue
[2025-08-26T05:47:04.122+0000] {logging_mixin.py:188} INFO - [2025-08-26T05:47:04.121+0000] {dagbag.py:545} INFO - Filling up the DagBag from /home/airflow/.local/lib/python3.12/site-packages/airflow/example_dags/example_task_group.py
[2025-08-26T05:47:04.282+0000] {processor.py:840} INFO - DAG(s) 'example_task_group' retrieved from /home/airflow/.local/lib/python3.12/site-packages/airflow/example_dags/example_task_group.py
[2025-08-26T05:47:04.682+0000] {logging_mixin.py:188} INFO - [2025-08-26T05:47:04.682+0000] {dag.py:3096} INFO - Sync 1 DAGs
[2025-08-26T05:47:04.908+0000] {logging_mixin.py:188} INFO - [2025-08-26T05:47:04.895+0000] {dag.py:3954} INFO - Setting next_dagrun for example_task_group to 2025-08-25 00:00:00+00:00, run_after=2025-08-26 00:00:00+00:00
[2025-08-26T05:47:05.152+0000] {processor.py:183} INFO - Processing /home/airflow/.local/lib/python3.12/site-packages/airflow/example_dags/example_task_group.py took 1.083 seconds
[2025-08-26T05:47:40.499+0000] {processor.py:161} INFO - Started process (PID=6533) to work on /home/airflow/.local/lib/python3.12/site-packages/airflow/example_dags/example_task_group.py
[2025-08-26T05:47:40.517+0000] {processor.py:830} INFO - Processing file /home/airflow/.local/lib/python3.12/site-packages/airflow/example_dags/example_task_group.py for tasks to queue
[2025-08-26T05:47:40.521+0000] {logging_mixin.py:188} INFO - [2025-08-26T05:47:40.520+0000] {dagbag.py:545} INFO - Filling up the DagBag from /home/airflow/.local/lib/python3.12/site-packages/airflow/example_dags/example_task_group.py
[2025-08-26T05:47:40.627+0000] {processor.py:840} INFO - DAG(s) 'example_task_group' retrieved from /home/airflow/.local/lib/python3.12/site-packages/airflow/example_dags/example_task_group.py
[2025-08-26T05:47:40.993+0000] {logging_mixin.py:188} INFO - [2025-08-26T05:47:40.992+0000] {dag.py:3096} INFO - Sync 1 DAGs
[2025-08-26T05:47:41.394+0000] {logging_mixin.py:188} INFO - [2025-08-26T05:47:41.394+0000] {dag.py:3954} INFO - Setting next_dagrun for example_task_group to 2025-08-25 00:00:00+00:00, run_after=2025-08-26 00:00:00+00:00
[2025-08-26T05:47:41.618+0000] {processor.py:183} INFO - Processing /home/airflow/.local/lib/python3.12/site-packages/airflow/example_dags/example_task_group.py took 1.210 seconds
