[2025-08-26T04:29:33.979+0000] {processor.py:161} INFO - Started process (PID=289) to work on /home/airflow/.local/lib/python3.12/site-packages/airflow/example_dags/example_xcom.py
[2025-08-26T04:29:34.011+0000] {processor.py:830} INFO - Processing file /home/airflow/.local/lib/python3.12/site-packages/airflow/example_dags/example_xcom.py for tasks to queue
[2025-08-26T04:29:34.032+0000] {logging_mixin.py:188} INFO - [2025-08-26T04:29:34.031+0000] {dagbag.py:545} INFO - Filling up the DagBag from /home/airflow/.local/lib/python3.12/site-packages/airflow/example_dags/example_xcom.py
[2025-08-26T04:29:34.168+0000] {processor.py:840} INFO - DAG(s) 'example_xcom' retrieved from /home/airflow/.local/lib/python3.12/site-packages/airflow/example_dags/example_xcom.py
[2025-08-26T04:29:35.321+0000] {logging_mixin.py:188} INFO - [2025-08-26T04:29:35.319+0000] {override.py:1829} INFO - Created Permission View: can delete on DAG:example_xcom
[2025-08-26T04:29:35.456+0000] {logging_mixin.py:188} INFO - [2025-08-26T04:29:35.455+0000] {override.py:1829} INFO - Created Permission View: can read on DAG:example_xcom
[2025-08-26T04:29:35.545+0000] {logging_mixin.py:188} INFO - [2025-08-26T04:29:35.545+0000] {override.py:1829} INFO - Created Permission View: can edit on DAG:example_xcom
[2025-08-26T04:29:35.548+0000] {logging_mixin.py:188} INFO - [2025-08-26T04:29:35.547+0000] {dag.py:3096} INFO - Sync 1 DAGs
[2025-08-26T04:29:35.641+0000] {logging_mixin.py:188} INFO - [2025-08-26T04:29:35.640+0000] {dag.py:3118} INFO - Creating ORM DAG for example_xcom
[2025-08-26T04:29:35.867+0000] {logging_mixin.py:188} INFO - [2025-08-26T04:29:35.867+0000] {dag.py:3954} INFO - Setting next_dagrun for example_xcom to 2021-01-01 00:00:00+00:00, run_after=2021-01-01 00:00:00+00:00
[2025-08-26T04:29:36.231+0000] {processor.py:183} INFO - Processing /home/airflow/.local/lib/python3.12/site-packages/airflow/example_dags/example_xcom.py took 2.439 seconds
[2025-08-26T04:30:55.922+0000] {processor.py:161} INFO - Started process (PID=563) to work on /home/airflow/.local/lib/python3.12/site-packages/airflow/example_dags/example_xcom.py
[2025-08-26T04:30:55.926+0000] {processor.py:830} INFO - Processing file /home/airflow/.local/lib/python3.12/site-packages/airflow/example_dags/example_xcom.py for tasks to queue
[2025-08-26T04:30:55.934+0000] {logging_mixin.py:188} INFO - [2025-08-26T04:30:55.933+0000] {dagbag.py:545} INFO - Filling up the DagBag from /home/airflow/.local/lib/python3.12/site-packages/airflow/example_dags/example_xcom.py
[2025-08-26T04:30:55.980+0000] {processor.py:840} INFO - DAG(s) 'example_xcom' retrieved from /home/airflow/.local/lib/python3.12/site-packages/airflow/example_dags/example_xcom.py
[2025-08-26T04:30:56.182+0000] {logging_mixin.py:188} INFO - [2025-08-26T04:30:56.181+0000] {dag.py:3096} INFO - Sync 1 DAGs
[2025-08-26T04:30:56.332+0000] {logging_mixin.py:188} INFO - [2025-08-26T04:30:56.332+0000] {dag.py:3954} INFO - Setting next_dagrun for example_xcom to 2021-01-01 00:00:00+00:00, run_after=2021-01-01 00:00:00+00:00
[2025-08-26T04:30:56.506+0000] {processor.py:183} INFO - Processing /home/airflow/.local/lib/python3.12/site-packages/airflow/example_dags/example_xcom.py took 0.623 seconds
[2025-08-26T04:31:31.409+0000] {processor.py:161} INFO - Started process (PID=825) to work on /home/airflow/.local/lib/python3.12/site-packages/airflow/example_dags/example_xcom.py
[2025-08-26T04:31:31.445+0000] {processor.py:830} INFO - Processing file /home/airflow/.local/lib/python3.12/site-packages/airflow/example_dags/example_xcom.py for tasks to queue
[2025-08-26T04:31:31.463+0000] {logging_mixin.py:188} INFO - [2025-08-26T04:31:31.462+0000] {dagbag.py:545} INFO - Filling up the DagBag from /home/airflow/.local/lib/python3.12/site-packages/airflow/example_dags/example_xcom.py
[2025-08-26T04:31:31.599+0000] {processor.py:840} INFO - DAG(s) 'example_xcom' retrieved from /home/airflow/.local/lib/python3.12/site-packages/airflow/example_dags/example_xcom.py
[2025-08-26T04:31:32.107+0000] {logging_mixin.py:188} INFO - [2025-08-26T04:31:32.105+0000] {dag.py:3096} INFO - Sync 1 DAGs
[2025-08-26T04:31:32.423+0000] {logging_mixin.py:188} INFO - [2025-08-26T04:31:32.422+0000] {dag.py:3954} INFO - Setting next_dagrun for example_xcom to 2021-01-01 00:00:00+00:00, run_after=2021-01-01 00:00:00+00:00
[2025-08-26T04:31:32.645+0000] {processor.py:183} INFO - Processing /home/airflow/.local/lib/python3.12/site-packages/airflow/example_dags/example_xcom.py took 1.326 seconds
[2025-08-26T04:32:08.087+0000] {processor.py:161} INFO - Started process (PID=1088) to work on /home/airflow/.local/lib/python3.12/site-packages/airflow/example_dags/example_xcom.py
[2025-08-26T04:32:08.096+0000] {processor.py:830} INFO - Processing file /home/airflow/.local/lib/python3.12/site-packages/airflow/example_dags/example_xcom.py for tasks to queue
[2025-08-26T04:32:08.107+0000] {logging_mixin.py:188} INFO - [2025-08-26T04:32:08.106+0000] {dagbag.py:545} INFO - Filling up the DagBag from /home/airflow/.local/lib/python3.12/site-packages/airflow/example_dags/example_xcom.py
[2025-08-26T04:32:08.144+0000] {processor.py:840} INFO - DAG(s) 'example_xcom' retrieved from /home/airflow/.local/lib/python3.12/site-packages/airflow/example_dags/example_xcom.py
[2025-08-26T04:32:08.287+0000] {logging_mixin.py:188} INFO - [2025-08-26T04:32:08.286+0000] {dag.py:3096} INFO - Sync 1 DAGs
[2025-08-26T04:32:08.702+0000] {logging_mixin.py:188} INFO - [2025-08-26T04:32:08.701+0000] {dag.py:3954} INFO - Setting next_dagrun for example_xcom to 2021-01-01 00:00:00+00:00, run_after=2021-01-01 00:00:00+00:00
[2025-08-26T04:32:08.955+0000] {processor.py:183} INFO - Processing /home/airflow/.local/lib/python3.12/site-packages/airflow/example_dags/example_xcom.py took 0.921 seconds
[2025-08-26T04:32:46.463+0000] {processor.py:161} INFO - Started process (PID=1350) to work on /home/airflow/.local/lib/python3.12/site-packages/airflow/example_dags/example_xcom.py
[2025-08-26T04:32:46.472+0000] {processor.py:830} INFO - Processing file /home/airflow/.local/lib/python3.12/site-packages/airflow/example_dags/example_xcom.py for tasks to queue
[2025-08-26T04:32:46.484+0000] {logging_mixin.py:188} INFO - [2025-08-26T04:32:46.482+0000] {dagbag.py:545} INFO - Filling up the DagBag from /home/airflow/.local/lib/python3.12/site-packages/airflow/example_dags/example_xcom.py
[2025-08-26T04:32:46.551+0000] {processor.py:840} INFO - DAG(s) 'example_xcom' retrieved from /home/airflow/.local/lib/python3.12/site-packages/airflow/example_dags/example_xcom.py
[2025-08-26T04:32:46.842+0000] {logging_mixin.py:188} INFO - [2025-08-26T04:32:46.840+0000] {dag.py:3096} INFO - Sync 1 DAGs
[2025-08-26T04:32:47.120+0000] {logging_mixin.py:188} INFO - [2025-08-26T04:32:47.119+0000] {dag.py:3954} INFO - Setting next_dagrun for example_xcom to 2021-01-01 00:00:00+00:00, run_after=2021-01-01 00:00:00+00:00
[2025-08-26T04:32:47.296+0000] {processor.py:183} INFO - Processing /home/airflow/.local/lib/python3.12/site-packages/airflow/example_dags/example_xcom.py took 0.861 seconds
[2025-08-26T04:33:17.656+0000] {processor.py:161} INFO - Started process (PID=1612) to work on /home/airflow/.local/lib/python3.12/site-packages/airflow/example_dags/example_xcom.py
[2025-08-26T04:33:17.659+0000] {processor.py:830} INFO - Processing file /home/airflow/.local/lib/python3.12/site-packages/airflow/example_dags/example_xcom.py for tasks to queue
[2025-08-26T04:33:17.666+0000] {logging_mixin.py:188} INFO - [2025-08-26T04:33:17.664+0000] {dagbag.py:545} INFO - Filling up the DagBag from /home/airflow/.local/lib/python3.12/site-packages/airflow/example_dags/example_xcom.py
[2025-08-26T04:33:17.694+0000] {processor.py:840} INFO - DAG(s) 'example_xcom' retrieved from /home/airflow/.local/lib/python3.12/site-packages/airflow/example_dags/example_xcom.py
[2025-08-26T04:33:17.781+0000] {logging_mixin.py:188} INFO - [2025-08-26T04:33:17.781+0000] {dag.py:3096} INFO - Sync 1 DAGs
[2025-08-26T04:33:17.867+0000] {logging_mixin.py:188} INFO - [2025-08-26T04:33:17.866+0000] {dag.py:3954} INFO - Setting next_dagrun for example_xcom to 2021-01-01 00:00:00+00:00, run_after=2021-01-01 00:00:00+00:00
[2025-08-26T04:33:17.945+0000] {processor.py:183} INFO - Processing /home/airflow/.local/lib/python3.12/site-packages/airflow/example_dags/example_xcom.py took 0.312 seconds
[2025-08-26T04:33:48.572+0000] {processor.py:161} INFO - Started process (PID=1871) to work on /home/airflow/.local/lib/python3.12/site-packages/airflow/example_dags/example_xcom.py
[2025-08-26T04:33:48.576+0000] {processor.py:830} INFO - Processing file /home/airflow/.local/lib/python3.12/site-packages/airflow/example_dags/example_xcom.py for tasks to queue
[2025-08-26T04:33:48.594+0000] {logging_mixin.py:188} INFO - [2025-08-26T04:33:48.593+0000] {dagbag.py:545} INFO - Filling up the DagBag from /home/airflow/.local/lib/python3.12/site-packages/airflow/example_dags/example_xcom.py
[2025-08-26T04:33:48.647+0000] {processor.py:840} INFO - DAG(s) 'example_xcom' retrieved from /home/airflow/.local/lib/python3.12/site-packages/airflow/example_dags/example_xcom.py
[2025-08-26T04:33:48.810+0000] {logging_mixin.py:188} INFO - [2025-08-26T04:33:48.809+0000] {dag.py:3096} INFO - Sync 1 DAGs
[2025-08-26T04:33:49.010+0000] {logging_mixin.py:188} INFO - [2025-08-26T04:33:49.008+0000] {dag.py:3954} INFO - Setting next_dagrun for example_xcom to 2021-01-01 00:00:00+00:00, run_after=2021-01-01 00:00:00+00:00
[2025-08-26T04:33:49.137+0000] {processor.py:183} INFO - Processing /home/airflow/.local/lib/python3.12/site-packages/airflow/example_dags/example_xcom.py took 0.631 seconds
[2025-08-26T04:34:19.513+0000] {processor.py:161} INFO - Started process (PID=2128) to work on /home/airflow/.local/lib/python3.12/site-packages/airflow/example_dags/example_xcom.py
[2025-08-26T04:34:19.518+0000] {processor.py:830} INFO - Processing file /home/airflow/.local/lib/python3.12/site-packages/airflow/example_dags/example_xcom.py for tasks to queue
[2025-08-26T04:34:19.524+0000] {logging_mixin.py:188} INFO - [2025-08-26T04:34:19.523+0000] {dagbag.py:545} INFO - Filling up the DagBag from /home/airflow/.local/lib/python3.12/site-packages/airflow/example_dags/example_xcom.py
[2025-08-26T04:34:19.557+0000] {processor.py:840} INFO - DAG(s) 'example_xcom' retrieved from /home/airflow/.local/lib/python3.12/site-packages/airflow/example_dags/example_xcom.py
[2025-08-26T04:34:19.682+0000] {logging_mixin.py:188} INFO - [2025-08-26T04:34:19.682+0000] {dag.py:3096} INFO - Sync 1 DAGs
[2025-08-26T04:34:19.826+0000] {logging_mixin.py:188} INFO - [2025-08-26T04:34:19.825+0000] {dag.py:3954} INFO - Setting next_dagrun for example_xcom to 2021-01-01 00:00:00+00:00, run_after=2021-01-01 00:00:00+00:00
[2025-08-26T04:34:19.932+0000] {processor.py:183} INFO - Processing /home/airflow/.local/lib/python3.12/site-packages/airflow/example_dags/example_xcom.py took 0.468 seconds
[2025-08-26T04:34:53.767+0000] {processor.py:161} INFO - Started process (PID=2390) to work on /home/airflow/.local/lib/python3.12/site-packages/airflow/example_dags/example_xcom.py
[2025-08-26T04:34:53.796+0000] {processor.py:830} INFO - Processing file /home/airflow/.local/lib/python3.12/site-packages/airflow/example_dags/example_xcom.py for tasks to queue
[2025-08-26T04:34:53.817+0000] {logging_mixin.py:188} INFO - [2025-08-26T04:34:53.814+0000] {dagbag.py:545} INFO - Filling up the DagBag from /home/airflow/.local/lib/python3.12/site-packages/airflow/example_dags/example_xcom.py
[2025-08-26T04:34:53.884+0000] {processor.py:840} INFO - DAG(s) 'example_xcom' retrieved from /home/airflow/.local/lib/python3.12/site-packages/airflow/example_dags/example_xcom.py
[2025-08-26T04:34:54.083+0000] {logging_mixin.py:188} INFO - [2025-08-26T04:34:54.082+0000] {dag.py:3096} INFO - Sync 1 DAGs
[2025-08-26T04:34:54.216+0000] {logging_mixin.py:188} INFO - [2025-08-26T04:34:54.215+0000] {dag.py:3954} INFO - Setting next_dagrun for example_xcom to 2021-01-01 00:00:00+00:00, run_after=2021-01-01 00:00:00+00:00
[2025-08-26T04:34:54.316+0000] {processor.py:183} INFO - Processing /home/airflow/.local/lib/python3.12/site-packages/airflow/example_dags/example_xcom.py took 0.592 seconds
[2025-08-26T04:35:25.615+0000] {processor.py:161} INFO - Started process (PID=2651) to work on /home/airflow/.local/lib/python3.12/site-packages/airflow/example_dags/example_xcom.py
[2025-08-26T04:35:25.630+0000] {processor.py:830} INFO - Processing file /home/airflow/.local/lib/python3.12/site-packages/airflow/example_dags/example_xcom.py for tasks to queue
[2025-08-26T04:35:25.648+0000] {logging_mixin.py:188} INFO - [2025-08-26T04:35:25.647+0000] {dagbag.py:545} INFO - Filling up the DagBag from /home/airflow/.local/lib/python3.12/site-packages/airflow/example_dags/example_xcom.py
[2025-08-26T04:35:25.718+0000] {processor.py:840} INFO - DAG(s) 'example_xcom' retrieved from /home/airflow/.local/lib/python3.12/site-packages/airflow/example_dags/example_xcom.py
[2025-08-26T04:35:26.015+0000] {logging_mixin.py:188} INFO - [2025-08-26T04:35:26.014+0000] {dag.py:3096} INFO - Sync 1 DAGs
[2025-08-26T04:35:26.155+0000] {logging_mixin.py:188} INFO - [2025-08-26T04:35:26.154+0000] {dag.py:3954} INFO - Setting next_dagrun for example_xcom to 2021-01-01 00:00:00+00:00, run_after=2021-01-01 00:00:00+00:00
[2025-08-26T04:35:26.284+0000] {processor.py:183} INFO - Processing /home/airflow/.local/lib/python3.12/site-packages/airflow/example_dags/example_xcom.py took 0.737 seconds
[2025-08-26T04:35:56.549+0000] {processor.py:161} INFO - Started process (PID=2910) to work on /home/airflow/.local/lib/python3.12/site-packages/airflow/example_dags/example_xcom.py
[2025-08-26T04:35:56.553+0000] {processor.py:830} INFO - Processing file /home/airflow/.local/lib/python3.12/site-packages/airflow/example_dags/example_xcom.py for tasks to queue
[2025-08-26T04:35:56.559+0000] {logging_mixin.py:188} INFO - [2025-08-26T04:35:56.558+0000] {dagbag.py:545} INFO - Filling up the DagBag from /home/airflow/.local/lib/python3.12/site-packages/airflow/example_dags/example_xcom.py
[2025-08-26T04:35:56.612+0000] {processor.py:840} INFO - DAG(s) 'example_xcom' retrieved from /home/airflow/.local/lib/python3.12/site-packages/airflow/example_dags/example_xcom.py
[2025-08-26T04:35:56.699+0000] {logging_mixin.py:188} INFO - [2025-08-26T04:35:56.698+0000] {dag.py:3096} INFO - Sync 1 DAGs
[2025-08-26T04:35:56.783+0000] {logging_mixin.py:188} INFO - [2025-08-26T04:35:56.782+0000] {dag.py:3954} INFO - Setting next_dagrun for example_xcom to 2021-01-01 00:00:00+00:00, run_after=2021-01-01 00:00:00+00:00
[2025-08-26T04:35:56.857+0000] {processor.py:183} INFO - Processing /home/airflow/.local/lib/python3.12/site-packages/airflow/example_dags/example_xcom.py took 0.331 seconds
[2025-08-26T04:36:27.176+0000] {processor.py:161} INFO - Started process (PID=3170) to work on /home/airflow/.local/lib/python3.12/site-packages/airflow/example_dags/example_xcom.py
[2025-08-26T04:36:27.181+0000] {processor.py:830} INFO - Processing file /home/airflow/.local/lib/python3.12/site-packages/airflow/example_dags/example_xcom.py for tasks to queue
[2025-08-26T04:36:27.196+0000] {logging_mixin.py:188} INFO - [2025-08-26T04:36:27.195+0000] {dagbag.py:545} INFO - Filling up the DagBag from /home/airflow/.local/lib/python3.12/site-packages/airflow/example_dags/example_xcom.py
[2025-08-26T04:36:27.290+0000] {processor.py:840} INFO - DAG(s) 'example_xcom' retrieved from /home/airflow/.local/lib/python3.12/site-packages/airflow/example_dags/example_xcom.py
[2025-08-26T04:36:27.532+0000] {logging_mixin.py:188} INFO - [2025-08-26T04:36:27.531+0000] {dag.py:3096} INFO - Sync 1 DAGs
[2025-08-26T04:36:27.657+0000] {logging_mixin.py:188} INFO - [2025-08-26T04:36:27.656+0000] {dag.py:3954} INFO - Setting next_dagrun for example_xcom to 2021-01-01 00:00:00+00:00, run_after=2021-01-01 00:00:00+00:00
[2025-08-26T04:36:27.749+0000] {processor.py:183} INFO - Processing /home/airflow/.local/lib/python3.12/site-packages/airflow/example_dags/example_xcom.py took 0.608 seconds
[2025-08-26T04:36:58.906+0000] {processor.py:161} INFO - Started process (PID=3439) to work on /home/airflow/.local/lib/python3.12/site-packages/airflow/example_dags/example_xcom.py
[2025-08-26T04:36:58.909+0000] {processor.py:830} INFO - Processing file /home/airflow/.local/lib/python3.12/site-packages/airflow/example_dags/example_xcom.py for tasks to queue
[2025-08-26T04:36:58.940+0000] {logging_mixin.py:188} INFO - [2025-08-26T04:36:58.939+0000] {dagbag.py:545} INFO - Filling up the DagBag from /home/airflow/.local/lib/python3.12/site-packages/airflow/example_dags/example_xcom.py
[2025-08-26T04:36:59.022+0000] {processor.py:840} INFO - DAG(s) 'example_xcom' retrieved from /home/airflow/.local/lib/python3.12/site-packages/airflow/example_dags/example_xcom.py
[2025-08-26T04:36:59.145+0000] {logging_mixin.py:188} INFO - [2025-08-26T04:36:59.144+0000] {dag.py:3096} INFO - Sync 1 DAGs
[2025-08-26T04:36:59.238+0000] {logging_mixin.py:188} INFO - [2025-08-26T04:36:59.237+0000] {dag.py:3954} INFO - Setting next_dagrun for example_xcom to 2021-01-01 00:00:00+00:00, run_after=2021-01-01 00:00:00+00:00
[2025-08-26T04:36:59.327+0000] {processor.py:183} INFO - Processing /home/airflow/.local/lib/python3.12/site-packages/airflow/example_dags/example_xcom.py took 0.492 seconds
[2025-08-26T04:37:31.835+0000] {processor.py:161} INFO - Started process (PID=3700) to work on /home/airflow/.local/lib/python3.12/site-packages/airflow/example_dags/example_xcom.py
[2025-08-26T04:37:31.839+0000] {processor.py:830} INFO - Processing file /home/airflow/.local/lib/python3.12/site-packages/airflow/example_dags/example_xcom.py for tasks to queue
[2025-08-26T04:37:31.857+0000] {logging_mixin.py:188} INFO - [2025-08-26T04:37:31.855+0000] {dagbag.py:545} INFO - Filling up the DagBag from /home/airflow/.local/lib/python3.12/site-packages/airflow/example_dags/example_xcom.py
[2025-08-26T04:37:31.953+0000] {processor.py:840} INFO - DAG(s) 'example_xcom' retrieved from /home/airflow/.local/lib/python3.12/site-packages/airflow/example_dags/example_xcom.py
[2025-08-26T04:37:32.158+0000] {logging_mixin.py:188} INFO - [2025-08-26T04:37:32.152+0000] {dag.py:3096} INFO - Sync 1 DAGs
[2025-08-26T04:37:32.317+0000] {logging_mixin.py:188} INFO - [2025-08-26T04:37:32.316+0000] {dag.py:3954} INFO - Setting next_dagrun for example_xcom to 2021-01-01 00:00:00+00:00, run_after=2021-01-01 00:00:00+00:00
[2025-08-26T04:37:32.711+0000] {processor.py:183} INFO - Processing /home/airflow/.local/lib/python3.12/site-packages/airflow/example_dags/example_xcom.py took 0.915 seconds
[2025-08-26T04:38:03.204+0000] {processor.py:161} INFO - Started process (PID=3962) to work on /home/airflow/.local/lib/python3.12/site-packages/airflow/example_dags/example_xcom.py
[2025-08-26T04:38:03.218+0000] {processor.py:830} INFO - Processing file /home/airflow/.local/lib/python3.12/site-packages/airflow/example_dags/example_xcom.py for tasks to queue
[2025-08-26T04:38:03.224+0000] {logging_mixin.py:188} INFO - [2025-08-26T04:38:03.223+0000] {dagbag.py:545} INFO - Filling up the DagBag from /home/airflow/.local/lib/python3.12/site-packages/airflow/example_dags/example_xcom.py
[2025-08-26T04:38:03.301+0000] {processor.py:840} INFO - DAG(s) 'example_xcom' retrieved from /home/airflow/.local/lib/python3.12/site-packages/airflow/example_dags/example_xcom.py
[2025-08-26T04:38:03.509+0000] {logging_mixin.py:188} INFO - [2025-08-26T04:38:03.508+0000] {dag.py:3096} INFO - Sync 1 DAGs
[2025-08-26T04:38:03.720+0000] {logging_mixin.py:188} INFO - [2025-08-26T04:38:03.716+0000] {dag.py:3954} INFO - Setting next_dagrun for example_xcom to 2021-01-01 00:00:00+00:00, run_after=2021-01-01 00:00:00+00:00
[2025-08-26T04:38:03.902+0000] {processor.py:183} INFO - Processing /home/airflow/.local/lib/python3.12/site-packages/airflow/example_dags/example_xcom.py took 0.752 seconds
[2025-08-26T04:38:34.439+0000] {processor.py:161} INFO - Started process (PID=4224) to work on /home/airflow/.local/lib/python3.12/site-packages/airflow/example_dags/example_xcom.py
[2025-08-26T04:38:34.443+0000] {processor.py:830} INFO - Processing file /home/airflow/.local/lib/python3.12/site-packages/airflow/example_dags/example_xcom.py for tasks to queue
[2025-08-26T04:38:34.452+0000] {logging_mixin.py:188} INFO - [2025-08-26T04:38:34.451+0000] {dagbag.py:545} INFO - Filling up the DagBag from /home/airflow/.local/lib/python3.12/site-packages/airflow/example_dags/example_xcom.py
[2025-08-26T04:38:34.484+0000] {processor.py:840} INFO - DAG(s) 'example_xcom' retrieved from /home/airflow/.local/lib/python3.12/site-packages/airflow/example_dags/example_xcom.py
[2025-08-26T04:38:34.560+0000] {logging_mixin.py:188} INFO - [2025-08-26T04:38:34.559+0000] {dag.py:3096} INFO - Sync 1 DAGs
[2025-08-26T04:38:34.648+0000] {logging_mixin.py:188} INFO - [2025-08-26T04:38:34.647+0000] {dag.py:3954} INFO - Setting next_dagrun for example_xcom to 2021-01-01 00:00:00+00:00, run_after=2021-01-01 00:00:00+00:00
[2025-08-26T04:38:34.714+0000] {processor.py:183} INFO - Processing /home/airflow/.local/lib/python3.12/site-packages/airflow/example_dags/example_xcom.py took 0.297 seconds
[2025-08-26T04:39:07.803+0000] {processor.py:161} INFO - Started process (PID=4487) to work on /home/airflow/.local/lib/python3.12/site-packages/airflow/example_dags/example_xcom.py
[2025-08-26T04:39:07.816+0000] {processor.py:830} INFO - Processing file /home/airflow/.local/lib/python3.12/site-packages/airflow/example_dags/example_xcom.py for tasks to queue
[2025-08-26T04:39:07.830+0000] {logging_mixin.py:188} INFO - [2025-08-26T04:39:07.829+0000] {dagbag.py:545} INFO - Filling up the DagBag from /home/airflow/.local/lib/python3.12/site-packages/airflow/example_dags/example_xcom.py
[2025-08-26T04:39:07.890+0000] {processor.py:840} INFO - DAG(s) 'example_xcom' retrieved from /home/airflow/.local/lib/python3.12/site-packages/airflow/example_dags/example_xcom.py
[2025-08-26T04:39:08.038+0000] {logging_mixin.py:188} INFO - [2025-08-26T04:39:08.037+0000] {dag.py:3096} INFO - Sync 1 DAGs
[2025-08-26T04:39:08.224+0000] {logging_mixin.py:188} INFO - [2025-08-26T04:39:08.215+0000] {dag.py:3954} INFO - Setting next_dagrun for example_xcom to 2021-01-01 00:00:00+00:00, run_after=2021-01-01 00:00:00+00:00
[2025-08-26T04:39:08.374+0000] {processor.py:183} INFO - Processing /home/airflow/.local/lib/python3.12/site-packages/airflow/example_dags/example_xcom.py took 0.618 seconds
[2025-08-26T04:39:46.845+0000] {processor.py:161} INFO - Started process (PID=4738) to work on /home/airflow/.local/lib/python3.12/site-packages/airflow/example_dags/example_xcom.py
[2025-08-26T04:39:46.849+0000] {processor.py:830} INFO - Processing file /home/airflow/.local/lib/python3.12/site-packages/airflow/example_dags/example_xcom.py for tasks to queue
[2025-08-26T04:39:46.855+0000] {logging_mixin.py:188} INFO - [2025-08-26T04:39:46.854+0000] {dagbag.py:545} INFO - Filling up the DagBag from /home/airflow/.local/lib/python3.12/site-packages/airflow/example_dags/example_xcom.py
[2025-08-26T04:39:46.921+0000] {processor.py:840} INFO - DAG(s) 'example_xcom' retrieved from /home/airflow/.local/lib/python3.12/site-packages/airflow/example_dags/example_xcom.py
[2025-08-26T04:39:47.349+0000] {logging_mixin.py:188} INFO - [2025-08-26T04:39:47.330+0000] {dag.py:3096} INFO - Sync 1 DAGs
[2025-08-26T04:39:47.759+0000] {logging_mixin.py:188} INFO - [2025-08-26T04:39:47.759+0000] {dag.py:3954} INFO - Setting next_dagrun for example_xcom to 2021-01-01 00:00:00+00:00, run_after=2021-01-01 00:00:00+00:00
[2025-08-26T04:39:48.083+0000] {processor.py:183} INFO - Processing /home/airflow/.local/lib/python3.12/site-packages/airflow/example_dags/example_xcom.py took 1.285 seconds
[2025-08-26T04:40:24.911+0000] {processor.py:161} INFO - Started process (PID=4972) to work on /home/airflow/.local/lib/python3.12/site-packages/airflow/example_dags/example_xcom.py
[2025-08-26T04:40:24.917+0000] {processor.py:830} INFO - Processing file /home/airflow/.local/lib/python3.12/site-packages/airflow/example_dags/example_xcom.py for tasks to queue
[2025-08-26T04:40:24.929+0000] {logging_mixin.py:188} INFO - [2025-08-26T04:40:24.928+0000] {dagbag.py:545} INFO - Filling up the DagBag from /home/airflow/.local/lib/python3.12/site-packages/airflow/example_dags/example_xcom.py
[2025-08-26T04:40:24.970+0000] {processor.py:840} INFO - DAG(s) 'example_xcom' retrieved from /home/airflow/.local/lib/python3.12/site-packages/airflow/example_dags/example_xcom.py
[2025-08-26T04:40:25.109+0000] {logging_mixin.py:188} INFO - [2025-08-26T04:40:25.109+0000] {dag.py:3096} INFO - Sync 1 DAGs
[2025-08-26T04:40:25.599+0000] {logging_mixin.py:188} INFO - [2025-08-26T04:40:25.598+0000] {dag.py:3954} INFO - Setting next_dagrun for example_xcom to 2021-01-01 00:00:00+00:00, run_after=2021-01-01 00:00:00+00:00
[2025-08-26T04:40:25.865+0000] {processor.py:183} INFO - Processing /home/airflow/.local/lib/python3.12/site-packages/airflow/example_dags/example_xcom.py took 1.002 seconds
[2025-08-26T04:40:58.327+0000] {processor.py:161} INFO - Started process (PID=5234) to work on /home/airflow/.local/lib/python3.12/site-packages/airflow/example_dags/example_xcom.py
[2025-08-26T04:40:58.344+0000] {processor.py:830} INFO - Processing file /home/airflow/.local/lib/python3.12/site-packages/airflow/example_dags/example_xcom.py for tasks to queue
[2025-08-26T04:40:58.362+0000] {logging_mixin.py:188} INFO - [2025-08-26T04:40:58.360+0000] {dagbag.py:545} INFO - Filling up the DagBag from /home/airflow/.local/lib/python3.12/site-packages/airflow/example_dags/example_xcom.py
[2025-08-26T04:40:58.402+0000] {processor.py:840} INFO - DAG(s) 'example_xcom' retrieved from /home/airflow/.local/lib/python3.12/site-packages/airflow/example_dags/example_xcom.py
[2025-08-26T04:40:58.514+0000] {logging_mixin.py:188} INFO - [2025-08-26T04:40:58.513+0000] {dag.py:3096} INFO - Sync 1 DAGs
[2025-08-26T04:40:58.725+0000] {logging_mixin.py:188} INFO - [2025-08-26T04:40:58.725+0000] {dag.py:3954} INFO - Setting next_dagrun for example_xcom to 2021-01-01 00:00:00+00:00, run_after=2021-01-01 00:00:00+00:00
[2025-08-26T04:40:59.065+0000] {processor.py:183} INFO - Processing /home/airflow/.local/lib/python3.12/site-packages/airflow/example_dags/example_xcom.py took 0.836 seconds
[2025-08-26T04:41:36.655+0000] {processor.py:161} INFO - Started process (PID=5509) to work on /home/airflow/.local/lib/python3.12/site-packages/airflow/example_dags/example_xcom.py
[2025-08-26T04:41:36.668+0000] {processor.py:830} INFO - Processing file /home/airflow/.local/lib/python3.12/site-packages/airflow/example_dags/example_xcom.py for tasks to queue
[2025-08-26T04:41:36.678+0000] {logging_mixin.py:188} INFO - [2025-08-26T04:41:36.677+0000] {dagbag.py:545} INFO - Filling up the DagBag from /home/airflow/.local/lib/python3.12/site-packages/airflow/example_dags/example_xcom.py
[2025-08-26T04:41:36.725+0000] {processor.py:840} INFO - DAG(s) 'example_xcom' retrieved from /home/airflow/.local/lib/python3.12/site-packages/airflow/example_dags/example_xcom.py
[2025-08-26T04:41:36.903+0000] {logging_mixin.py:188} INFO - [2025-08-26T04:41:36.903+0000] {dag.py:3096} INFO - Sync 1 DAGs
[2025-08-26T04:41:37.038+0000] {logging_mixin.py:188} INFO - [2025-08-26T04:41:37.037+0000] {dag.py:3954} INFO - Setting next_dagrun for example_xcom to 2021-01-01 00:00:00+00:00, run_after=2021-01-01 00:00:00+00:00
[2025-08-26T04:41:37.133+0000] {processor.py:183} INFO - Processing /home/airflow/.local/lib/python3.12/site-packages/airflow/example_dags/example_xcom.py took 0.524 seconds
[2025-08-26T04:42:09.624+0000] {processor.py:161} INFO - Started process (PID=5771) to work on /home/airflow/.local/lib/python3.12/site-packages/airflow/example_dags/example_xcom.py
[2025-08-26T04:42:09.627+0000] {processor.py:830} INFO - Processing file /home/airflow/.local/lib/python3.12/site-packages/airflow/example_dags/example_xcom.py for tasks to queue
[2025-08-26T04:42:09.636+0000] {logging_mixin.py:188} INFO - [2025-08-26T04:42:09.634+0000] {dagbag.py:545} INFO - Filling up the DagBag from /home/airflow/.local/lib/python3.12/site-packages/airflow/example_dags/example_xcom.py
[2025-08-26T04:42:09.681+0000] {processor.py:840} INFO - DAG(s) 'example_xcom' retrieved from /home/airflow/.local/lib/python3.12/site-packages/airflow/example_dags/example_xcom.py
[2025-08-26T04:42:09.806+0000] {logging_mixin.py:188} INFO - [2025-08-26T04:42:09.804+0000] {dag.py:3096} INFO - Sync 1 DAGs
[2025-08-26T04:42:09.957+0000] {logging_mixin.py:188} INFO - [2025-08-26T04:42:09.956+0000] {dag.py:3954} INFO - Setting next_dagrun for example_xcom to 2021-01-01 00:00:00+00:00, run_after=2021-01-01 00:00:00+00:00
[2025-08-26T04:42:10.088+0000] {processor.py:183} INFO - Processing /home/airflow/.local/lib/python3.12/site-packages/airflow/example_dags/example_xcom.py took 0.519 seconds
[2025-08-26T04:42:48.144+0000] {processor.py:161} INFO - Started process (PID=6029) to work on /home/airflow/.local/lib/python3.12/site-packages/airflow/example_dags/example_xcom.py
[2025-08-26T04:42:48.149+0000] {processor.py:830} INFO - Processing file /home/airflow/.local/lib/python3.12/site-packages/airflow/example_dags/example_xcom.py for tasks to queue
[2025-08-26T04:42:48.155+0000] {logging_mixin.py:188} INFO - [2025-08-26T04:42:48.154+0000] {dagbag.py:545} INFO - Filling up the DagBag from /home/airflow/.local/lib/python3.12/site-packages/airflow/example_dags/example_xcom.py
[2025-08-26T04:42:48.205+0000] {processor.py:840} INFO - DAG(s) 'example_xcom' retrieved from /home/airflow/.local/lib/python3.12/site-packages/airflow/example_dags/example_xcom.py
[2025-08-26T04:42:48.411+0000] {logging_mixin.py:188} INFO - [2025-08-26T04:42:48.410+0000] {dag.py:3096} INFO - Sync 1 DAGs
[2025-08-26T04:42:48.918+0000] {logging_mixin.py:188} INFO - [2025-08-26T04:42:48.917+0000] {dag.py:3954} INFO - Setting next_dagrun for example_xcom to 2021-01-01 00:00:00+00:00, run_after=2021-01-01 00:00:00+00:00
[2025-08-26T04:42:49.241+0000] {processor.py:183} INFO - Processing /home/airflow/.local/lib/python3.12/site-packages/airflow/example_dags/example_xcom.py took 1.137 seconds
[2025-08-26T04:43:20.918+0000] {processor.py:161} INFO - Started process (PID=6289) to work on /home/airflow/.local/lib/python3.12/site-packages/airflow/example_dags/example_xcom.py
[2025-08-26T04:43:20.921+0000] {processor.py:830} INFO - Processing file /home/airflow/.local/lib/python3.12/site-packages/airflow/example_dags/example_xcom.py for tasks to queue
[2025-08-26T04:43:20.930+0000] {logging_mixin.py:188} INFO - [2025-08-26T04:43:20.928+0000] {dagbag.py:545} INFO - Filling up the DagBag from /home/airflow/.local/lib/python3.12/site-packages/airflow/example_dags/example_xcom.py
[2025-08-26T04:43:20.977+0000] {processor.py:840} INFO - DAG(s) 'example_xcom' retrieved from /home/airflow/.local/lib/python3.12/site-packages/airflow/example_dags/example_xcom.py
[2025-08-26T04:43:21.100+0000] {logging_mixin.py:188} INFO - [2025-08-26T04:43:21.099+0000] {dag.py:3096} INFO - Sync 1 DAGs
[2025-08-26T04:43:21.215+0000] {logging_mixin.py:188} INFO - [2025-08-26T04:43:21.214+0000] {dag.py:3954} INFO - Setting next_dagrun for example_xcom to 2021-01-01 00:00:00+00:00, run_after=2021-01-01 00:00:00+00:00
[2025-08-26T04:43:21.312+0000] {processor.py:183} INFO - Processing /home/airflow/.local/lib/python3.12/site-packages/airflow/example_dags/example_xcom.py took 0.431 seconds
[2025-08-26T04:43:56.903+0000] {processor.py:161} INFO - Started process (PID=6510) to work on /home/airflow/.local/lib/python3.12/site-packages/airflow/example_dags/example_xcom.py
[2025-08-26T04:43:56.908+0000] {processor.py:830} INFO - Processing file /home/airflow/.local/lib/python3.12/site-packages/airflow/example_dags/example_xcom.py for tasks to queue
[2025-08-26T04:43:56.917+0000] {logging_mixin.py:188} INFO - [2025-08-26T04:43:56.916+0000] {dagbag.py:545} INFO - Filling up the DagBag from /home/airflow/.local/lib/python3.12/site-packages/airflow/example_dags/example_xcom.py
[2025-08-26T04:43:56.976+0000] {processor.py:840} INFO - DAG(s) 'example_xcom' retrieved from /home/airflow/.local/lib/python3.12/site-packages/airflow/example_dags/example_xcom.py
[2025-08-26T04:43:57.164+0000] {logging_mixin.py:188} INFO - [2025-08-26T04:43:57.162+0000] {dag.py:3096} INFO - Sync 1 DAGs
[2025-08-26T04:43:57.288+0000] {logging_mixin.py:188} INFO - [2025-08-26T04:43:57.286+0000] {dag.py:3954} INFO - Setting next_dagrun for example_xcom to 2021-01-01 00:00:00+00:00, run_after=2021-01-01 00:00:00+00:00
[2025-08-26T04:43:57.434+0000] {processor.py:183} INFO - Processing /home/airflow/.local/lib/python3.12/site-packages/airflow/example_dags/example_xcom.py took 0.571 seconds
[2025-08-26T04:44:31.761+0000] {processor.py:161} INFO - Started process (PID=6771) to work on /home/airflow/.local/lib/python3.12/site-packages/airflow/example_dags/example_xcom.py
[2025-08-26T04:44:31.764+0000] {processor.py:830} INFO - Processing file /home/airflow/.local/lib/python3.12/site-packages/airflow/example_dags/example_xcom.py for tasks to queue
[2025-08-26T04:44:31.780+0000] {logging_mixin.py:188} INFO - [2025-08-26T04:44:31.779+0000] {dagbag.py:545} INFO - Filling up the DagBag from /home/airflow/.local/lib/python3.12/site-packages/airflow/example_dags/example_xcom.py
[2025-08-26T04:44:31.826+0000] {processor.py:840} INFO - DAG(s) 'example_xcom' retrieved from /home/airflow/.local/lib/python3.12/site-packages/airflow/example_dags/example_xcom.py
[2025-08-26T04:44:32.036+0000] {logging_mixin.py:188} INFO - [2025-08-26T04:44:32.025+0000] {dag.py:3096} INFO - Sync 1 DAGs
[2025-08-26T04:44:32.236+0000] {logging_mixin.py:188} INFO - [2025-08-26T04:44:32.235+0000] {dag.py:3954} INFO - Setting next_dagrun for example_xcom to 2021-01-01 00:00:00+00:00, run_after=2021-01-01 00:00:00+00:00
[2025-08-26T04:44:32.373+0000] {processor.py:183} INFO - Processing /home/airflow/.local/lib/python3.12/site-packages/airflow/example_dags/example_xcom.py took 0.647 seconds
[2025-08-26T04:45:07.519+0000] {processor.py:161} INFO - Started process (PID=7034) to work on /home/airflow/.local/lib/python3.12/site-packages/airflow/example_dags/example_xcom.py
[2025-08-26T04:45:07.534+0000] {processor.py:830} INFO - Processing file /home/airflow/.local/lib/python3.12/site-packages/airflow/example_dags/example_xcom.py for tasks to queue
[2025-08-26T04:45:07.546+0000] {logging_mixin.py:188} INFO - [2025-08-26T04:45:07.544+0000] {dagbag.py:545} INFO - Filling up the DagBag from /home/airflow/.local/lib/python3.12/site-packages/airflow/example_dags/example_xcom.py
[2025-08-26T04:45:07.619+0000] {processor.py:840} INFO - DAG(s) 'example_xcom' retrieved from /home/airflow/.local/lib/python3.12/site-packages/airflow/example_dags/example_xcom.py
[2025-08-26T04:45:07.860+0000] {logging_mixin.py:188} INFO - [2025-08-26T04:45:07.859+0000] {dag.py:3096} INFO - Sync 1 DAGs
[2025-08-26T04:45:08.097+0000] {logging_mixin.py:188} INFO - [2025-08-26T04:45:08.097+0000] {dag.py:3954} INFO - Setting next_dagrun for example_xcom to 2021-01-01 00:00:00+00:00, run_after=2021-01-01 00:00:00+00:00
[2025-08-26T04:45:08.298+0000] {processor.py:183} INFO - Processing /home/airflow/.local/lib/python3.12/site-packages/airflow/example_dags/example_xcom.py took 0.829 seconds
[2025-08-26T04:45:41.383+0000] {processor.py:161} INFO - Started process (PID=7295) to work on /home/airflow/.local/lib/python3.12/site-packages/airflow/example_dags/example_xcom.py
[2025-08-26T04:45:41.405+0000] {processor.py:830} INFO - Processing file /home/airflow/.local/lib/python3.12/site-packages/airflow/example_dags/example_xcom.py for tasks to queue
[2025-08-26T04:45:41.453+0000] {logging_mixin.py:188} INFO - [2025-08-26T04:45:41.452+0000] {dagbag.py:545} INFO - Filling up the DagBag from /home/airflow/.local/lib/python3.12/site-packages/airflow/example_dags/example_xcom.py
[2025-08-26T04:45:41.663+0000] {processor.py:840} INFO - DAG(s) 'example_xcom' retrieved from /home/airflow/.local/lib/python3.12/site-packages/airflow/example_dags/example_xcom.py
[2025-08-26T04:45:42.662+0000] {logging_mixin.py:188} INFO - [2025-08-26T04:45:42.661+0000] {dag.py:3096} INFO - Sync 1 DAGs
[2025-08-26T04:45:43.114+0000] {logging_mixin.py:188} INFO - [2025-08-26T04:45:43.076+0000] {dag.py:3954} INFO - Setting next_dagrun for example_xcom to 2021-01-01 00:00:00+00:00, run_after=2021-01-01 00:00:00+00:00
[2025-08-26T04:45:43.324+0000] {processor.py:183} INFO - Processing /home/airflow/.local/lib/python3.12/site-packages/airflow/example_dags/example_xcom.py took 2.019 seconds
[2025-08-26T04:46:25.028+0000] {processor.py:161} INFO - Started process (PID=7567) to work on /home/airflow/.local/lib/python3.12/site-packages/airflow/example_dags/example_xcom.py
[2025-08-26T04:46:25.057+0000] {processor.py:830} INFO - Processing file /home/airflow/.local/lib/python3.12/site-packages/airflow/example_dags/example_xcom.py for tasks to queue
[2025-08-26T04:46:25.091+0000] {logging_mixin.py:188} INFO - [2025-08-26T04:46:25.089+0000] {dagbag.py:545} INFO - Filling up the DagBag from /home/airflow/.local/lib/python3.12/site-packages/airflow/example_dags/example_xcom.py
[2025-08-26T04:46:25.256+0000] {processor.py:840} INFO - DAG(s) 'example_xcom' retrieved from /home/airflow/.local/lib/python3.12/site-packages/airflow/example_dags/example_xcom.py
[2025-08-26T04:46:26.279+0000] {logging_mixin.py:188} INFO - [2025-08-26T04:46:26.278+0000] {dag.py:3096} INFO - Sync 1 DAGs
[2025-08-26T04:46:26.713+0000] {logging_mixin.py:188} INFO - [2025-08-26T04:46:26.713+0000] {dag.py:3954} INFO - Setting next_dagrun for example_xcom to 2021-01-01 00:00:00+00:00, run_after=2021-01-01 00:00:00+00:00
[2025-08-26T04:46:26.976+0000] {processor.py:183} INFO - Processing /home/airflow/.local/lib/python3.12/site-packages/airflow/example_dags/example_xcom.py took 2.079 seconds
[2025-08-26T04:46:58.365+0000] {processor.py:161} INFO - Started process (PID=7828) to work on /home/airflow/.local/lib/python3.12/site-packages/airflow/example_dags/example_xcom.py
[2025-08-26T04:46:58.373+0000] {processor.py:830} INFO - Processing file /home/airflow/.local/lib/python3.12/site-packages/airflow/example_dags/example_xcom.py for tasks to queue
[2025-08-26T04:46:58.409+0000] {logging_mixin.py:188} INFO - [2025-08-26T04:46:58.408+0000] {dagbag.py:545} INFO - Filling up the DagBag from /home/airflow/.local/lib/python3.12/site-packages/airflow/example_dags/example_xcom.py
[2025-08-26T04:46:58.593+0000] {processor.py:840} INFO - DAG(s) 'example_xcom' retrieved from /home/airflow/.local/lib/python3.12/site-packages/airflow/example_dags/example_xcom.py
[2025-08-26T04:46:58.898+0000] {logging_mixin.py:188} INFO - [2025-08-26T04:46:58.897+0000] {dag.py:3096} INFO - Sync 1 DAGs
[2025-08-26T04:46:59.146+0000] {logging_mixin.py:188} INFO - [2025-08-26T04:46:59.146+0000] {dag.py:3954} INFO - Setting next_dagrun for example_xcom to 2021-01-01 00:00:00+00:00, run_after=2021-01-01 00:00:00+00:00
[2025-08-26T04:46:59.339+0000] {processor.py:183} INFO - Processing /home/airflow/.local/lib/python3.12/site-packages/airflow/example_dags/example_xcom.py took 1.083 seconds
[2025-08-26T04:49:28.958+0000] {processor.py:161} INFO - Started process (PID=278) to work on /home/airflow/.local/lib/python3.12/site-packages/airflow/example_dags/example_xcom.py
[2025-08-26T04:49:28.993+0000] {processor.py:830} INFO - Processing file /home/airflow/.local/lib/python3.12/site-packages/airflow/example_dags/example_xcom.py for tasks to queue
[2025-08-26T04:49:29.029+0000] {logging_mixin.py:188} INFO - [2025-08-26T04:49:29.023+0000] {dagbag.py:545} INFO - Filling up the DagBag from /home/airflow/.local/lib/python3.12/site-packages/airflow/example_dags/example_xcom.py
[2025-08-26T04:49:29.102+0000] {processor.py:840} INFO - DAG(s) 'example_xcom' retrieved from /home/airflow/.local/lib/python3.12/site-packages/airflow/example_dags/example_xcom.py
[2025-08-26T04:49:31.142+0000] {logging_mixin.py:188} INFO - [2025-08-26T04:49:31.142+0000] {dag.py:3096} INFO - Sync 1 DAGs
[2025-08-26T04:49:31.288+0000] {logging_mixin.py:188} INFO - [2025-08-26T04:49:31.287+0000] {dag.py:3954} INFO - Setting next_dagrun for example_xcom to 2021-01-01 00:00:00+00:00, run_after=2021-01-01 00:00:00+00:00
[2025-08-26T04:49:31.534+0000] {processor.py:183} INFO - Processing /home/airflow/.local/lib/python3.12/site-packages/airflow/example_dags/example_xcom.py took 2.808 seconds
[2025-08-26T04:50:08.624+0000] {processor.py:161} INFO - Started process (PID=540) to work on /home/airflow/.local/lib/python3.12/site-packages/airflow/example_dags/example_xcom.py
[2025-08-26T04:50:08.628+0000] {processor.py:830} INFO - Processing file /home/airflow/.local/lib/python3.12/site-packages/airflow/example_dags/example_xcom.py for tasks to queue
[2025-08-26T04:50:08.640+0000] {logging_mixin.py:188} INFO - [2025-08-26T04:50:08.636+0000] {dagbag.py:545} INFO - Filling up the DagBag from /home/airflow/.local/lib/python3.12/site-packages/airflow/example_dags/example_xcom.py
[2025-08-26T04:50:08.672+0000] {processor.py:840} INFO - DAG(s) 'example_xcom' retrieved from /home/airflow/.local/lib/python3.12/site-packages/airflow/example_dags/example_xcom.py
[2025-08-26T04:50:08.773+0000] {logging_mixin.py:188} INFO - [2025-08-26T04:50:08.772+0000] {dag.py:3096} INFO - Sync 1 DAGs
[2025-08-26T04:50:08.927+0000] {logging_mixin.py:188} INFO - [2025-08-26T04:50:08.926+0000] {dag.py:3954} INFO - Setting next_dagrun for example_xcom to 2021-01-01 00:00:00+00:00, run_after=2021-01-01 00:00:00+00:00
[2025-08-26T04:50:09.088+0000] {processor.py:183} INFO - Processing /home/airflow/.local/lib/python3.12/site-packages/airflow/example_dags/example_xcom.py took 0.486 seconds
[2025-08-26T04:50:41.031+0000] {processor.py:161} INFO - Started process (PID=804) to work on /home/airflow/.local/lib/python3.12/site-packages/airflow/example_dags/example_xcom.py
[2025-08-26T04:50:41.035+0000] {processor.py:830} INFO - Processing file /home/airflow/.local/lib/python3.12/site-packages/airflow/example_dags/example_xcom.py for tasks to queue
[2025-08-26T04:50:41.046+0000] {logging_mixin.py:188} INFO - [2025-08-26T04:50:41.045+0000] {dagbag.py:545} INFO - Filling up the DagBag from /home/airflow/.local/lib/python3.12/site-packages/airflow/example_dags/example_xcom.py
[2025-08-26T04:50:41.129+0000] {processor.py:840} INFO - DAG(s) 'example_xcom' retrieved from /home/airflow/.local/lib/python3.12/site-packages/airflow/example_dags/example_xcom.py
[2025-08-26T04:50:41.316+0000] {logging_mixin.py:188} INFO - [2025-08-26T04:50:41.316+0000] {dag.py:3096} INFO - Sync 1 DAGs
[2025-08-26T04:50:41.430+0000] {logging_mixin.py:188} INFO - [2025-08-26T04:50:41.430+0000] {dag.py:3954} INFO - Setting next_dagrun for example_xcom to 2021-01-01 00:00:00+00:00, run_after=2021-01-01 00:00:00+00:00
[2025-08-26T04:50:41.574+0000] {processor.py:183} INFO - Processing /home/airflow/.local/lib/python3.12/site-packages/airflow/example_dags/example_xcom.py took 0.576 seconds
[2025-08-26T04:51:16.101+0000] {processor.py:161} INFO - Started process (PID=1064) to work on /home/airflow/.local/lib/python3.12/site-packages/airflow/example_dags/example_xcom.py
[2025-08-26T04:51:16.129+0000] {processor.py:830} INFO - Processing file /home/airflow/.local/lib/python3.12/site-packages/airflow/example_dags/example_xcom.py for tasks to queue
[2025-08-26T04:51:16.136+0000] {logging_mixin.py:188} INFO - [2025-08-26T04:51:16.135+0000] {dagbag.py:545} INFO - Filling up the DagBag from /home/airflow/.local/lib/python3.12/site-packages/airflow/example_dags/example_xcom.py
[2025-08-26T04:51:16.228+0000] {processor.py:840} INFO - DAG(s) 'example_xcom' retrieved from /home/airflow/.local/lib/python3.12/site-packages/airflow/example_dags/example_xcom.py
[2025-08-26T04:51:16.407+0000] {logging_mixin.py:188} INFO - [2025-08-26T04:51:16.406+0000] {dag.py:3096} INFO - Sync 1 DAGs
[2025-08-26T04:51:16.663+0000] {logging_mixin.py:188} INFO - [2025-08-26T04:51:16.662+0000] {dag.py:3954} INFO - Setting next_dagrun for example_xcom to 2021-01-01 00:00:00+00:00, run_after=2021-01-01 00:00:00+00:00
[2025-08-26T04:51:16.834+0000] {processor.py:183} INFO - Processing /home/airflow/.local/lib/python3.12/site-packages/airflow/example_dags/example_xcom.py took 0.840 seconds
[2025-08-26T04:51:49.775+0000] {processor.py:161} INFO - Started process (PID=1326) to work on /home/airflow/.local/lib/python3.12/site-packages/airflow/example_dags/example_xcom.py
[2025-08-26T04:51:49.808+0000] {processor.py:830} INFO - Processing file /home/airflow/.local/lib/python3.12/site-packages/airflow/example_dags/example_xcom.py for tasks to queue
[2025-08-26T04:51:49.819+0000] {logging_mixin.py:188} INFO - [2025-08-26T04:51:49.818+0000] {dagbag.py:545} INFO - Filling up the DagBag from /home/airflow/.local/lib/python3.12/site-packages/airflow/example_dags/example_xcom.py
[2025-08-26T04:51:49.899+0000] {processor.py:840} INFO - DAG(s) 'example_xcom' retrieved from /home/airflow/.local/lib/python3.12/site-packages/airflow/example_dags/example_xcom.py
[2025-08-26T04:51:50.158+0000] {logging_mixin.py:188} INFO - [2025-08-26T04:51:50.157+0000] {dag.py:3096} INFO - Sync 1 DAGs
[2025-08-26T04:51:50.335+0000] {logging_mixin.py:188} INFO - [2025-08-26T04:51:50.334+0000] {dag.py:3954} INFO - Setting next_dagrun for example_xcom to 2021-01-01 00:00:00+00:00, run_after=2021-01-01 00:00:00+00:00
[2025-08-26T04:51:50.437+0000] {processor.py:183} INFO - Processing /home/airflow/.local/lib/python3.12/site-packages/airflow/example_dags/example_xcom.py took 0.702 seconds
[2025-08-26T04:52:25.448+0000] {processor.py:161} INFO - Started process (PID=1587) to work on /home/airflow/.local/lib/python3.12/site-packages/airflow/example_dags/example_xcom.py
[2025-08-26T04:52:25.549+0000] {processor.py:830} INFO - Processing file /home/airflow/.local/lib/python3.12/site-packages/airflow/example_dags/example_xcom.py for tasks to queue
[2025-08-26T04:52:25.615+0000] {logging_mixin.py:188} INFO - [2025-08-26T04:52:25.614+0000] {dagbag.py:545} INFO - Filling up the DagBag from /home/airflow/.local/lib/python3.12/site-packages/airflow/example_dags/example_xcom.py
[2025-08-26T04:52:26.045+0000] {processor.py:840} INFO - DAG(s) 'example_xcom' retrieved from /home/airflow/.local/lib/python3.12/site-packages/airflow/example_dags/example_xcom.py
[2025-08-26T04:52:26.400+0000] {logging_mixin.py:188} INFO - [2025-08-26T04:52:26.399+0000] {dag.py:3096} INFO - Sync 1 DAGs
[2025-08-26T04:52:26.641+0000] {logging_mixin.py:188} INFO - [2025-08-26T04:52:26.640+0000] {dag.py:3954} INFO - Setting next_dagrun for example_xcom to 2021-01-01 00:00:00+00:00, run_after=2021-01-01 00:00:00+00:00
[2025-08-26T04:52:27.380+0000] {processor.py:183} INFO - Processing /home/airflow/.local/lib/python3.12/site-packages/airflow/example_dags/example_xcom.py took 2.193 seconds
[2025-08-26T04:53:03.330+0000] {processor.py:161} INFO - Started process (PID=1853) to work on /home/airflow/.local/lib/python3.12/site-packages/airflow/example_dags/example_xcom.py
[2025-08-26T04:53:03.349+0000] {processor.py:830} INFO - Processing file /home/airflow/.local/lib/python3.12/site-packages/airflow/example_dags/example_xcom.py for tasks to queue
[2025-08-26T04:53:03.399+0000] {logging_mixin.py:188} INFO - [2025-08-26T04:53:03.398+0000] {dagbag.py:545} INFO - Filling up the DagBag from /home/airflow/.local/lib/python3.12/site-packages/airflow/example_dags/example_xcom.py
[2025-08-26T04:53:03.462+0000] {processor.py:840} INFO - DAG(s) 'example_xcom' retrieved from /home/airflow/.local/lib/python3.12/site-packages/airflow/example_dags/example_xcom.py
[2025-08-26T04:53:03.644+0000] {logging_mixin.py:188} INFO - [2025-08-26T04:53:03.643+0000] {dag.py:3096} INFO - Sync 1 DAGs
[2025-08-26T04:53:03.849+0000] {logging_mixin.py:188} INFO - [2025-08-26T04:53:03.849+0000] {dag.py:3954} INFO - Setting next_dagrun for example_xcom to 2021-01-01 00:00:00+00:00, run_after=2021-01-01 00:00:00+00:00
[2025-08-26T04:53:04.152+0000] {processor.py:183} INFO - Processing /home/airflow/.local/lib/python3.12/site-packages/airflow/example_dags/example_xcom.py took 0.898 seconds
[2025-08-26T04:53:34.733+0000] {processor.py:161} INFO - Started process (PID=2110) to work on /home/airflow/.local/lib/python3.12/site-packages/airflow/example_dags/example_xcom.py
[2025-08-26T04:53:34.745+0000] {processor.py:830} INFO - Processing file /home/airflow/.local/lib/python3.12/site-packages/airflow/example_dags/example_xcom.py for tasks to queue
[2025-08-26T04:53:34.759+0000] {logging_mixin.py:188} INFO - [2025-08-26T04:53:34.758+0000] {dagbag.py:545} INFO - Filling up the DagBag from /home/airflow/.local/lib/python3.12/site-packages/airflow/example_dags/example_xcom.py
[2025-08-26T04:53:34.807+0000] {processor.py:840} INFO - DAG(s) 'example_xcom' retrieved from /home/airflow/.local/lib/python3.12/site-packages/airflow/example_dags/example_xcom.py
[2025-08-26T04:53:34.923+0000] {logging_mixin.py:188} INFO - [2025-08-26T04:53:34.923+0000] {dag.py:3096} INFO - Sync 1 DAGs
[2025-08-26T04:53:35.084+0000] {logging_mixin.py:188} INFO - [2025-08-26T04:53:35.081+0000] {dag.py:3954} INFO - Setting next_dagrun for example_xcom to 2021-01-01 00:00:00+00:00, run_after=2021-01-01 00:00:00+00:00
[2025-08-26T04:53:35.190+0000] {processor.py:183} INFO - Processing /home/airflow/.local/lib/python3.12/site-packages/airflow/example_dags/example_xcom.py took 0.514 seconds
[2025-08-26T04:54:05.981+0000] {processor.py:161} INFO - Started process (PID=2372) to work on /home/airflow/.local/lib/python3.12/site-packages/airflow/example_dags/example_xcom.py
[2025-08-26T04:54:05.984+0000] {processor.py:830} INFO - Processing file /home/airflow/.local/lib/python3.12/site-packages/airflow/example_dags/example_xcom.py for tasks to queue
[2025-08-26T04:54:05.989+0000] {logging_mixin.py:188} INFO - [2025-08-26T04:54:05.989+0000] {dagbag.py:545} INFO - Filling up the DagBag from /home/airflow/.local/lib/python3.12/site-packages/airflow/example_dags/example_xcom.py
[2025-08-26T04:54:06.036+0000] {processor.py:840} INFO - DAG(s) 'example_xcom' retrieved from /home/airflow/.local/lib/python3.12/site-packages/airflow/example_dags/example_xcom.py
[2025-08-26T04:54:06.174+0000] {logging_mixin.py:188} INFO - [2025-08-26T04:54:06.174+0000] {dag.py:3096} INFO - Sync 1 DAGs
[2025-08-26T04:54:06.297+0000] {logging_mixin.py:188} INFO - [2025-08-26T04:54:06.296+0000] {dag.py:3954} INFO - Setting next_dagrun for example_xcom to 2021-01-01 00:00:00+00:00, run_after=2021-01-01 00:00:00+00:00
[2025-08-26T04:54:06.377+0000] {processor.py:183} INFO - Processing /home/airflow/.local/lib/python3.12/site-packages/airflow/example_dags/example_xcom.py took 0.420 seconds
[2025-08-26T04:54:41.989+0000] {processor.py:161} INFO - Started process (PID=2634) to work on /home/airflow/.local/lib/python3.12/site-packages/airflow/example_dags/example_xcom.py
[2025-08-26T04:54:41.997+0000] {processor.py:830} INFO - Processing file /home/airflow/.local/lib/python3.12/site-packages/airflow/example_dags/example_xcom.py for tasks to queue
[2025-08-26T04:54:42.013+0000] {logging_mixin.py:188} INFO - [2025-08-26T04:54:42.003+0000] {dagbag.py:545} INFO - Filling up the DagBag from /home/airflow/.local/lib/python3.12/site-packages/airflow/example_dags/example_xcom.py
[2025-08-26T04:54:42.069+0000] {processor.py:840} INFO - DAG(s) 'example_xcom' retrieved from /home/airflow/.local/lib/python3.12/site-packages/airflow/example_dags/example_xcom.py
[2025-08-26T04:54:42.189+0000] {logging_mixin.py:188} INFO - [2025-08-26T04:54:42.188+0000] {dag.py:3096} INFO - Sync 1 DAGs
[2025-08-26T04:54:42.381+0000] {logging_mixin.py:188} INFO - [2025-08-26T04:54:42.378+0000] {dag.py:3954} INFO - Setting next_dagrun for example_xcom to 2021-01-01 00:00:00+00:00, run_after=2021-01-01 00:00:00+00:00
[2025-08-26T04:54:42.525+0000] {processor.py:183} INFO - Processing /home/airflow/.local/lib/python3.12/site-packages/airflow/example_dags/example_xcom.py took 0.576 seconds
[2025-08-26T04:55:14.923+0000] {processor.py:161} INFO - Started process (PID=2896) to work on /home/airflow/.local/lib/python3.12/site-packages/airflow/example_dags/example_xcom.py
[2025-08-26T04:55:14.930+0000] {processor.py:830} INFO - Processing file /home/airflow/.local/lib/python3.12/site-packages/airflow/example_dags/example_xcom.py for tasks to queue
[2025-08-26T04:55:14.939+0000] {logging_mixin.py:188} INFO - [2025-08-26T04:55:14.938+0000] {dagbag.py:545} INFO - Filling up the DagBag from /home/airflow/.local/lib/python3.12/site-packages/airflow/example_dags/example_xcom.py
[2025-08-26T04:55:14.986+0000] {processor.py:840} INFO - DAG(s) 'example_xcom' retrieved from /home/airflow/.local/lib/python3.12/site-packages/airflow/example_dags/example_xcom.py
[2025-08-26T04:55:15.102+0000] {logging_mixin.py:188} INFO - [2025-08-26T04:55:15.099+0000] {dag.py:3096} INFO - Sync 1 DAGs
[2025-08-26T04:55:15.240+0000] {logging_mixin.py:188} INFO - [2025-08-26T04:55:15.239+0000] {dag.py:3954} INFO - Setting next_dagrun for example_xcom to 2021-01-01 00:00:00+00:00, run_after=2021-01-01 00:00:00+00:00
[2025-08-26T04:55:15.424+0000] {processor.py:183} INFO - Processing /home/airflow/.local/lib/python3.12/site-packages/airflow/example_dags/example_xcom.py took 0.531 seconds
[2025-08-26T04:55:56.887+0000] {processor.py:161} INFO - Started process (PID=3120) to work on /home/airflow/.local/lib/python3.12/site-packages/airflow/example_dags/example_xcom.py
[2025-08-26T04:55:56.892+0000] {processor.py:830} INFO - Processing file /home/airflow/.local/lib/python3.12/site-packages/airflow/example_dags/example_xcom.py for tasks to queue
[2025-08-26T04:55:56.904+0000] {logging_mixin.py:188} INFO - [2025-08-26T04:55:56.903+0000] {dagbag.py:545} INFO - Filling up the DagBag from /home/airflow/.local/lib/python3.12/site-packages/airflow/example_dags/example_xcom.py
[2025-08-26T04:55:56.935+0000] {processor.py:840} INFO - DAG(s) 'example_xcom' retrieved from /home/airflow/.local/lib/python3.12/site-packages/airflow/example_dags/example_xcom.py
[2025-08-26T04:55:57.027+0000] {logging_mixin.py:188} INFO - [2025-08-26T04:55:57.026+0000] {dag.py:3096} INFO - Sync 1 DAGs
[2025-08-26T04:55:57.121+0000] {logging_mixin.py:188} INFO - [2025-08-26T04:55:57.120+0000] {dag.py:3954} INFO - Setting next_dagrun for example_xcom to 2021-01-01 00:00:00+00:00, run_after=2021-01-01 00:00:00+00:00
[2025-08-26T04:55:57.194+0000] {processor.py:183} INFO - Processing /home/airflow/.local/lib/python3.12/site-packages/airflow/example_dags/example_xcom.py took 0.342 seconds
[2025-08-26T04:56:27.995+0000] {processor.py:161} INFO - Started process (PID=3380) to work on /home/airflow/.local/lib/python3.12/site-packages/airflow/example_dags/example_xcom.py
[2025-08-26T04:56:27.998+0000] {processor.py:830} INFO - Processing file /home/airflow/.local/lib/python3.12/site-packages/airflow/example_dags/example_xcom.py for tasks to queue
[2025-08-26T04:56:28.007+0000] {logging_mixin.py:188} INFO - [2025-08-26T04:56:28.006+0000] {dagbag.py:545} INFO - Filling up the DagBag from /home/airflow/.local/lib/python3.12/site-packages/airflow/example_dags/example_xcom.py
[2025-08-26T04:56:28.054+0000] {processor.py:840} INFO - DAG(s) 'example_xcom' retrieved from /home/airflow/.local/lib/python3.12/site-packages/airflow/example_dags/example_xcom.py
[2025-08-26T04:56:28.245+0000] {logging_mixin.py:188} INFO - [2025-08-26T04:56:28.243+0000] {dag.py:3096} INFO - Sync 1 DAGs
[2025-08-26T04:56:28.382+0000] {logging_mixin.py:188} INFO - [2025-08-26T04:56:28.381+0000] {dag.py:3954} INFO - Setting next_dagrun for example_xcom to 2021-01-01 00:00:00+00:00, run_after=2021-01-01 00:00:00+00:00
[2025-08-26T04:56:28.676+0000] {processor.py:183} INFO - Processing /home/airflow/.local/lib/python3.12/site-packages/airflow/example_dags/example_xcom.py took 0.720 seconds
[2025-08-26T04:57:07.706+0000] {processor.py:161} INFO - Started process (PID=3645) to work on /home/airflow/.local/lib/python3.12/site-packages/airflow/example_dags/example_xcom.py
[2025-08-26T04:57:07.709+0000] {processor.py:830} INFO - Processing file /home/airflow/.local/lib/python3.12/site-packages/airflow/example_dags/example_xcom.py for tasks to queue
[2025-08-26T04:57:07.721+0000] {logging_mixin.py:188} INFO - [2025-08-26T04:57:07.718+0000] {dagbag.py:545} INFO - Filling up the DagBag from /home/airflow/.local/lib/python3.12/site-packages/airflow/example_dags/example_xcom.py
[2025-08-26T04:57:07.779+0000] {processor.py:840} INFO - DAG(s) 'example_xcom' retrieved from /home/airflow/.local/lib/python3.12/site-packages/airflow/example_dags/example_xcom.py
[2025-08-26T04:57:07.964+0000] {logging_mixin.py:188} INFO - [2025-08-26T04:57:07.964+0000] {dag.py:3096} INFO - Sync 1 DAGs
[2025-08-26T04:57:08.123+0000] {logging_mixin.py:188} INFO - [2025-08-26T04:57:08.122+0000] {dag.py:3954} INFO - Setting next_dagrun for example_xcom to 2021-01-01 00:00:00+00:00, run_after=2021-01-01 00:00:00+00:00
[2025-08-26T04:57:08.252+0000] {processor.py:183} INFO - Processing /home/airflow/.local/lib/python3.12/site-packages/airflow/example_dags/example_xcom.py took 0.586 seconds
[2025-08-26T04:57:56.642+0000] {processor.py:161} INFO - Started process (PID=3902) to work on /home/airflow/.local/lib/python3.12/site-packages/airflow/example_dags/example_xcom.py
[2025-08-26T04:57:56.704+0000] {processor.py:830} INFO - Processing file /home/airflow/.local/lib/python3.12/site-packages/airflow/example_dags/example_xcom.py for tasks to queue
[2025-08-26T04:57:56.841+0000] {logging_mixin.py:188} INFO - [2025-08-26T04:57:56.774+0000] {dagbag.py:545} INFO - Filling up the DagBag from /home/airflow/.local/lib/python3.12/site-packages/airflow/example_dags/example_xcom.py
[2025-08-26T04:57:57.025+0000] {processor.py:840} INFO - DAG(s) 'example_xcom' retrieved from /home/airflow/.local/lib/python3.12/site-packages/airflow/example_dags/example_xcom.py
[2025-08-26T04:57:57.383+0000] {logging_mixin.py:188} INFO - [2025-08-26T04:57:57.382+0000] {dag.py:3096} INFO - Sync 1 DAGs
[2025-08-26T04:57:57.611+0000] {logging_mixin.py:188} INFO - [2025-08-26T04:57:57.608+0000] {dag.py:3954} INFO - Setting next_dagrun for example_xcom to 2021-01-01 00:00:00+00:00, run_after=2021-01-01 00:00:00+00:00
[2025-08-26T04:57:57.847+0000] {processor.py:183} INFO - Processing /home/airflow/.local/lib/python3.12/site-packages/airflow/example_dags/example_xcom.py took 1.344 seconds
[2025-08-26T05:35:27.980+0000] {processor.py:161} INFO - Started process (PID=4163) to work on /home/airflow/.local/lib/python3.12/site-packages/airflow/example_dags/example_xcom.py
[2025-08-26T05:35:27.986+0000] {processor.py:830} INFO - Processing file /home/airflow/.local/lib/python3.12/site-packages/airflow/example_dags/example_xcom.py for tasks to queue
[2025-08-26T05:35:28.012+0000] {logging_mixin.py:188} INFO - [2025-08-26T05:35:28.009+0000] {dagbag.py:545} INFO - Filling up the DagBag from /home/airflow/.local/lib/python3.12/site-packages/airflow/example_dags/example_xcom.py
[2025-08-26T05:35:28.100+0000] {processor.py:840} INFO - DAG(s) 'example_xcom' retrieved from /home/airflow/.local/lib/python3.12/site-packages/airflow/example_dags/example_xcom.py
[2025-08-26T05:35:28.301+0000] {logging_mixin.py:188} INFO - [2025-08-26T05:35:28.301+0000] {dag.py:3096} INFO - Sync 1 DAGs
[2025-08-26T05:35:28.542+0000] {logging_mixin.py:188} INFO - [2025-08-26T05:35:28.541+0000] {dag.py:3954} INFO - Setting next_dagrun for example_xcom to 2021-01-01 00:00:00+00:00, run_after=2021-01-01 00:00:00+00:00
[2025-08-26T05:35:28.829+0000] {processor.py:183} INFO - Processing /home/airflow/.local/lib/python3.12/site-packages/airflow/example_dags/example_xcom.py took 0.925 seconds
[2025-08-26T05:42:11.288+0000] {processor.py:161} INFO - Started process (PID=4326) to work on /home/airflow/.local/lib/python3.12/site-packages/airflow/example_dags/example_xcom.py
[2025-08-26T05:42:11.304+0000] {processor.py:830} INFO - Processing file /home/airflow/.local/lib/python3.12/site-packages/airflow/example_dags/example_xcom.py for tasks to queue
[2025-08-26T05:42:11.321+0000] {logging_mixin.py:188} INFO - [2025-08-26T05:42:11.320+0000] {dagbag.py:545} INFO - Filling up the DagBag from /home/airflow/.local/lib/python3.12/site-packages/airflow/example_dags/example_xcom.py
[2025-08-26T05:42:11.464+0000] {processor.py:840} INFO - DAG(s) 'example_xcom' retrieved from /home/airflow/.local/lib/python3.12/site-packages/airflow/example_dags/example_xcom.py
[2025-08-26T05:42:11.714+0000] {logging_mixin.py:188} INFO - [2025-08-26T05:42:11.713+0000] {dag.py:3096} INFO - Sync 1 DAGs
[2025-08-26T05:42:12.128+0000] {logging_mixin.py:188} INFO - [2025-08-26T05:42:12.128+0000] {dag.py:3954} INFO - Setting next_dagrun for example_xcom to 2021-01-01 00:00:00+00:00, run_after=2021-01-01 00:00:00+00:00
[2025-08-26T05:42:12.464+0000] {processor.py:183} INFO - Processing /home/airflow/.local/lib/python3.12/site-packages/airflow/example_dags/example_xcom.py took 1.265 seconds
[2025-08-26T05:43:01.149+0000] {processor.py:161} INFO - Started process (PID=4537) to work on /home/airflow/.local/lib/python3.12/site-packages/airflow/example_dags/example_xcom.py
[2025-08-26T05:43:01.153+0000] {processor.py:830} INFO - Processing file /home/airflow/.local/lib/python3.12/site-packages/airflow/example_dags/example_xcom.py for tasks to queue
[2025-08-26T05:43:01.171+0000] {logging_mixin.py:188} INFO - [2025-08-26T05:43:01.169+0000] {dagbag.py:545} INFO - Filling up the DagBag from /home/airflow/.local/lib/python3.12/site-packages/airflow/example_dags/example_xcom.py
[2025-08-26T05:43:01.277+0000] {processor.py:840} INFO - DAG(s) 'example_xcom' retrieved from /home/airflow/.local/lib/python3.12/site-packages/airflow/example_dags/example_xcom.py
[2025-08-26T05:43:01.630+0000] {logging_mixin.py:188} INFO - [2025-08-26T05:43:01.630+0000] {dag.py:3096} INFO - Sync 1 DAGs
[2025-08-26T05:43:02.141+0000] {logging_mixin.py:188} INFO - [2025-08-26T05:43:02.112+0000] {dag.py:3954} INFO - Setting next_dagrun for example_xcom to 2021-01-01 00:00:00+00:00, run_after=2021-01-01 00:00:00+00:00
[2025-08-26T05:43:02.797+0000] {processor.py:183} INFO - Processing /home/airflow/.local/lib/python3.12/site-packages/airflow/example_dags/example_xcom.py took 1.770 seconds
[2025-08-26T05:43:58.153+0000] {processor.py:161} INFO - Started process (PID=4804) to work on /home/airflow/.local/lib/python3.12/site-packages/airflow/example_dags/example_xcom.py
[2025-08-26T05:43:58.178+0000] {processor.py:830} INFO - Processing file /home/airflow/.local/lib/python3.12/site-packages/airflow/example_dags/example_xcom.py for tasks to queue
[2025-08-26T05:43:58.202+0000] {logging_mixin.py:188} INFO - [2025-08-26T05:43:58.201+0000] {dagbag.py:545} INFO - Filling up the DagBag from /home/airflow/.local/lib/python3.12/site-packages/airflow/example_dags/example_xcom.py
[2025-08-26T05:43:58.386+0000] {processor.py:840} INFO - DAG(s) 'example_xcom' retrieved from /home/airflow/.local/lib/python3.12/site-packages/airflow/example_dags/example_xcom.py
[2025-08-26T05:43:58.961+0000] {logging_mixin.py:188} INFO - [2025-08-26T05:43:58.961+0000] {dag.py:3096} INFO - Sync 1 DAGs
[2025-08-26T05:43:59.228+0000] {logging_mixin.py:188} INFO - [2025-08-26T05:43:59.227+0000] {dag.py:3954} INFO - Setting next_dagrun for example_xcom to 2021-01-01 00:00:00+00:00, run_after=2021-01-01 00:00:00+00:00
[2025-08-26T05:43:59.477+0000] {processor.py:183} INFO - Processing /home/airflow/.local/lib/python3.12/site-packages/airflow/example_dags/example_xcom.py took 1.376 seconds
[2025-08-26T05:44:30.245+0000] {processor.py:161} INFO - Started process (PID=5066) to work on /home/airflow/.local/lib/python3.12/site-packages/airflow/example_dags/example_xcom.py
[2025-08-26T05:44:30.254+0000] {processor.py:830} INFO - Processing file /home/airflow/.local/lib/python3.12/site-packages/airflow/example_dags/example_xcom.py for tasks to queue
[2025-08-26T05:44:30.258+0000] {logging_mixin.py:188} INFO - [2025-08-26T05:44:30.257+0000] {dagbag.py:545} INFO - Filling up the DagBag from /home/airflow/.local/lib/python3.12/site-packages/airflow/example_dags/example_xcom.py
[2025-08-26T05:44:30.303+0000] {processor.py:840} INFO - DAG(s) 'example_xcom' retrieved from /home/airflow/.local/lib/python3.12/site-packages/airflow/example_dags/example_xcom.py
[2025-08-26T05:44:30.681+0000] {logging_mixin.py:188} INFO - [2025-08-26T05:44:30.680+0000] {dag.py:3096} INFO - Sync 1 DAGs
[2025-08-26T05:44:31.014+0000] {logging_mixin.py:188} INFO - [2025-08-26T05:44:31.013+0000] {dag.py:3954} INFO - Setting next_dagrun for example_xcom to 2021-01-01 00:00:00+00:00, run_after=2021-01-01 00:00:00+00:00
[2025-08-26T05:44:31.184+0000] {processor.py:183} INFO - Processing /home/airflow/.local/lib/python3.12/site-packages/airflow/example_dags/example_xcom.py took 1.011 seconds
[2025-08-26T05:45:03.334+0000] {processor.py:161} INFO - Started process (PID=5324) to work on /home/airflow/.local/lib/python3.12/site-packages/airflow/example_dags/example_xcom.py
[2025-08-26T05:45:03.355+0000] {processor.py:830} INFO - Processing file /home/airflow/.local/lib/python3.12/site-packages/airflow/example_dags/example_xcom.py for tasks to queue
[2025-08-26T05:45:03.358+0000] {logging_mixin.py:188} INFO - [2025-08-26T05:45:03.357+0000] {dagbag.py:545} INFO - Filling up the DagBag from /home/airflow/.local/lib/python3.12/site-packages/airflow/example_dags/example_xcom.py
[2025-08-26T05:45:03.425+0000] {processor.py:840} INFO - DAG(s) 'example_xcom' retrieved from /home/airflow/.local/lib/python3.12/site-packages/airflow/example_dags/example_xcom.py
[2025-08-26T05:45:03.559+0000] {logging_mixin.py:188} INFO - [2025-08-26T05:45:03.559+0000] {dag.py:3096} INFO - Sync 1 DAGs
[2025-08-26T05:45:03.702+0000] {logging_mixin.py:188} INFO - [2025-08-26T05:45:03.701+0000] {dag.py:3954} INFO - Setting next_dagrun for example_xcom to 2021-01-01 00:00:00+00:00, run_after=2021-01-01 00:00:00+00:00
[2025-08-26T05:45:03.811+0000] {processor.py:183} INFO - Processing /home/airflow/.local/lib/python3.12/site-packages/airflow/example_dags/example_xcom.py took 0.534 seconds
[2025-08-26T05:45:36.568+0000] {processor.py:161} INFO - Started process (PID=5592) to work on /home/airflow/.local/lib/python3.12/site-packages/airflow/example_dags/example_xcom.py
[2025-08-26T05:45:36.589+0000] {processor.py:830} INFO - Processing file /home/airflow/.local/lib/python3.12/site-packages/airflow/example_dags/example_xcom.py for tasks to queue
[2025-08-26T05:45:36.596+0000] {logging_mixin.py:188} INFO - [2025-08-26T05:45:36.595+0000] {dagbag.py:545} INFO - Filling up the DagBag from /home/airflow/.local/lib/python3.12/site-packages/airflow/example_dags/example_xcom.py
[2025-08-26T05:45:36.677+0000] {processor.py:840} INFO - DAG(s) 'example_xcom' retrieved from /home/airflow/.local/lib/python3.12/site-packages/airflow/example_dags/example_xcom.py
[2025-08-26T05:45:37.009+0000] {logging_mixin.py:188} INFO - [2025-08-26T05:45:37.008+0000] {dag.py:3096} INFO - Sync 1 DAGs
[2025-08-26T05:45:37.279+0000] {logging_mixin.py:188} INFO - [2025-08-26T05:45:37.278+0000] {dag.py:3954} INFO - Setting next_dagrun for example_xcom to 2021-01-01 00:00:00+00:00, run_after=2021-01-01 00:00:00+00:00
[2025-08-26T05:45:37.632+0000] {processor.py:183} INFO - Processing /home/airflow/.local/lib/python3.12/site-packages/airflow/example_dags/example_xcom.py took 1.109 seconds
[2025-08-26T05:46:10.754+0000] {processor.py:161} INFO - Started process (PID=5854) to work on /home/airflow/.local/lib/python3.12/site-packages/airflow/example_dags/example_xcom.py
[2025-08-26T05:46:10.759+0000] {processor.py:830} INFO - Processing file /home/airflow/.local/lib/python3.12/site-packages/airflow/example_dags/example_xcom.py for tasks to queue
[2025-08-26T05:46:10.764+0000] {logging_mixin.py:188} INFO - [2025-08-26T05:46:10.763+0000] {dagbag.py:545} INFO - Filling up the DagBag from /home/airflow/.local/lib/python3.12/site-packages/airflow/example_dags/example_xcom.py
[2025-08-26T05:46:10.846+0000] {processor.py:840} INFO - DAG(s) 'example_xcom' retrieved from /home/airflow/.local/lib/python3.12/site-packages/airflow/example_dags/example_xcom.py
[2025-08-26T05:46:10.976+0000] {logging_mixin.py:188} INFO - [2025-08-26T05:46:10.975+0000] {dag.py:3096} INFO - Sync 1 DAGs
[2025-08-26T05:46:11.120+0000] {logging_mixin.py:188} INFO - [2025-08-26T05:46:11.119+0000] {dag.py:3954} INFO - Setting next_dagrun for example_xcom to 2021-01-01 00:00:00+00:00, run_after=2021-01-01 00:00:00+00:00
[2025-08-26T05:46:11.277+0000] {processor.py:183} INFO - Processing /home/airflow/.local/lib/python3.12/site-packages/airflow/example_dags/example_xcom.py took 0.558 seconds
[2025-08-26T05:46:43.125+0000] {processor.py:161} INFO - Started process (PID=6116) to work on /home/airflow/.local/lib/python3.12/site-packages/airflow/example_dags/example_xcom.py
[2025-08-26T05:46:43.129+0000] {processor.py:830} INFO - Processing file /home/airflow/.local/lib/python3.12/site-packages/airflow/example_dags/example_xcom.py for tasks to queue
[2025-08-26T05:46:43.139+0000] {logging_mixin.py:188} INFO - [2025-08-26T05:46:43.137+0000] {dagbag.py:545} INFO - Filling up the DagBag from /home/airflow/.local/lib/python3.12/site-packages/airflow/example_dags/example_xcom.py
[2025-08-26T05:46:43.181+0000] {processor.py:840} INFO - DAG(s) 'example_xcom' retrieved from /home/airflow/.local/lib/python3.12/site-packages/airflow/example_dags/example_xcom.py
[2025-08-26T05:46:43.306+0000] {logging_mixin.py:188} INFO - [2025-08-26T05:46:43.305+0000] {dag.py:3096} INFO - Sync 1 DAGs
[2025-08-26T05:46:43.516+0000] {logging_mixin.py:188} INFO - [2025-08-26T05:46:43.514+0000] {dag.py:3954} INFO - Setting next_dagrun for example_xcom to 2021-01-01 00:00:00+00:00, run_after=2021-01-01 00:00:00+00:00
[2025-08-26T05:46:43.621+0000] {processor.py:183} INFO - Processing /home/airflow/.local/lib/python3.12/site-packages/airflow/example_dags/example_xcom.py took 0.525 seconds
[2025-08-26T05:47:23.057+0000] {processor.py:161} INFO - Started process (PID=6368) to work on /home/airflow/.local/lib/python3.12/site-packages/airflow/example_dags/example_xcom.py
[2025-08-26T05:47:23.071+0000] {processor.py:830} INFO - Processing file /home/airflow/.local/lib/python3.12/site-packages/airflow/example_dags/example_xcom.py for tasks to queue
[2025-08-26T05:47:23.078+0000] {logging_mixin.py:188} INFO - [2025-08-26T05:47:23.077+0000] {dagbag.py:545} INFO - Filling up the DagBag from /home/airflow/.local/lib/python3.12/site-packages/airflow/example_dags/example_xcom.py
[2025-08-26T05:47:23.162+0000] {processor.py:840} INFO - DAG(s) 'example_xcom' retrieved from /home/airflow/.local/lib/python3.12/site-packages/airflow/example_dags/example_xcom.py
[2025-08-26T05:47:23.391+0000] {logging_mixin.py:188} INFO - [2025-08-26T05:47:23.380+0000] {dag.py:3096} INFO - Sync 1 DAGs
[2025-08-26T05:47:23.641+0000] {logging_mixin.py:188} INFO - [2025-08-26T05:47:23.640+0000] {dag.py:3954} INFO - Setting next_dagrun for example_xcom to 2021-01-01 00:00:00+00:00, run_after=2021-01-01 00:00:00+00:00
[2025-08-26T05:47:23.824+0000] {processor.py:183} INFO - Processing /home/airflow/.local/lib/python3.12/site-packages/airflow/example_dags/example_xcom.py took 0.834 seconds
[2025-08-26T05:47:58.338+0000] {processor.py:161} INFO - Started process (PID=6630) to work on /home/airflow/.local/lib/python3.12/site-packages/airflow/example_dags/example_xcom.py
[2025-08-26T05:47:58.346+0000] {processor.py:830} INFO - Processing file /home/airflow/.local/lib/python3.12/site-packages/airflow/example_dags/example_xcom.py for tasks to queue
[2025-08-26T05:47:58.353+0000] {logging_mixin.py:188} INFO - [2025-08-26T05:47:58.352+0000] {dagbag.py:545} INFO - Filling up the DagBag from /home/airflow/.local/lib/python3.12/site-packages/airflow/example_dags/example_xcom.py
[2025-08-26T05:47:58.393+0000] {processor.py:840} INFO - DAG(s) 'example_xcom' retrieved from /home/airflow/.local/lib/python3.12/site-packages/airflow/example_dags/example_xcom.py
[2025-08-26T05:47:58.549+0000] {logging_mixin.py:188} INFO - [2025-08-26T05:47:58.548+0000] {dag.py:3096} INFO - Sync 1 DAGs
[2025-08-26T05:47:58.714+0000] {logging_mixin.py:188} INFO - [2025-08-26T05:47:58.709+0000] {dag.py:3954} INFO - Setting next_dagrun for example_xcom to 2021-01-01 00:00:00+00:00, run_after=2021-01-01 00:00:00+00:00
[2025-08-26T05:47:58.826+0000] {processor.py:183} INFO - Processing /home/airflow/.local/lib/python3.12/site-packages/airflow/example_dags/example_xcom.py took 0.523 seconds
