[2025-08-26T04:30:32.089+0000] {processor.py:161} INFO - Started process (PID=440) to work on /home/airflow/.local/lib/python3.12/site-packages/airflow/example_dags/example_branch_labels.py
[2025-08-26T04:30:32.092+0000] {processor.py:830} INFO - Processing file /home/airflow/.local/lib/python3.12/site-packages/airflow/example_dags/example_branch_labels.py for tasks to queue
[2025-08-26T04:30:32.111+0000] {logging_mixin.py:188} INFO - [2025-08-26T04:30:32.110+0000] {dagbag.py:545} INFO - Filling up the DagBag from /home/airflow/.local/lib/python3.12/site-packages/airflow/example_dags/example_branch_labels.py
[2025-08-26T04:30:32.182+0000] {processor.py:840} INFO - DAG(s) 'example_branch_labels' retrieved from /home/airflow/.local/lib/python3.12/site-packages/airflow/example_dags/example_branch_labels.py
[2025-08-26T04:30:33.689+0000] {logging_mixin.py:188} INFO - [2025-08-26T04:30:33.681+0000] {override.py:1829} INFO - Created Permission View: can delete on DAG:example_branch_labels
[2025-08-26T04:30:33.893+0000] {logging_mixin.py:188} INFO - [2025-08-26T04:30:33.892+0000] {override.py:1829} INFO - Created Permission View: can read on DAG:example_branch_labels
[2025-08-26T04:30:34.014+0000] {logging_mixin.py:188} INFO - [2025-08-26T04:30:34.012+0000] {override.py:1829} INFO - Created Permission View: can edit on DAG:example_branch_labels
[2025-08-26T04:30:34.017+0000] {logging_mixin.py:188} INFO - [2025-08-26T04:30:34.016+0000] {dag.py:3096} INFO - Sync 1 DAGs
[2025-08-26T04:30:34.166+0000] {logging_mixin.py:188} INFO - [2025-08-26T04:30:34.165+0000] {dag.py:3118} INFO - Creating ORM DAG for example_branch_labels
[2025-08-26T04:30:34.297+0000] {logging_mixin.py:188} INFO - [2025-08-26T04:30:34.296+0000] {dag.py:3954} INFO - Setting next_dagrun for example_branch_labels to 2025-08-25 00:00:00+00:00, run_after=2025-08-26 00:00:00+00:00
[2025-08-26T04:30:34.452+0000] {processor.py:183} INFO - Processing /home/airflow/.local/lib/python3.12/site-packages/airflow/example_dags/example_branch_labels.py took 2.415 seconds
[2025-08-26T04:31:12.623+0000] {processor.py:161} INFO - Started process (PID=705) to work on /home/airflow/.local/lib/python3.12/site-packages/airflow/example_dags/example_branch_labels.py
[2025-08-26T04:31:12.626+0000] {processor.py:830} INFO - Processing file /home/airflow/.local/lib/python3.12/site-packages/airflow/example_dags/example_branch_labels.py for tasks to queue
[2025-08-26T04:31:12.632+0000] {logging_mixin.py:188} INFO - [2025-08-26T04:31:12.631+0000] {dagbag.py:545} INFO - Filling up the DagBag from /home/airflow/.local/lib/python3.12/site-packages/airflow/example_dags/example_branch_labels.py
[2025-08-26T04:31:12.716+0000] {processor.py:840} INFO - DAG(s) 'example_branch_labels' retrieved from /home/airflow/.local/lib/python3.12/site-packages/airflow/example_dags/example_branch_labels.py
[2025-08-26T04:31:12.862+0000] {logging_mixin.py:188} INFO - [2025-08-26T04:31:12.860+0000] {dag.py:3096} INFO - Sync 1 DAGs
[2025-08-26T04:31:13.051+0000] {logging_mixin.py:188} INFO - [2025-08-26T04:31:13.049+0000] {dag.py:3954} INFO - Setting next_dagrun for example_branch_labels to 2025-08-25 00:00:00+00:00, run_after=2025-08-26 00:00:00+00:00
[2025-08-26T04:31:13.291+0000] {processor.py:183} INFO - Processing /home/airflow/.local/lib/python3.12/site-packages/airflow/example_dags/example_branch_labels.py took 0.701 seconds
[2025-08-26T04:31:50.405+0000] {processor.py:161} INFO - Started process (PID=970) to work on /home/airflow/.local/lib/python3.12/site-packages/airflow/example_dags/example_branch_labels.py
[2025-08-26T04:31:50.422+0000] {processor.py:830} INFO - Processing file /home/airflow/.local/lib/python3.12/site-packages/airflow/example_dags/example_branch_labels.py for tasks to queue
[2025-08-26T04:31:50.439+0000] {logging_mixin.py:188} INFO - [2025-08-26T04:31:50.438+0000] {dagbag.py:545} INFO - Filling up the DagBag from /home/airflow/.local/lib/python3.12/site-packages/airflow/example_dags/example_branch_labels.py
[2025-08-26T04:31:50.525+0000] {processor.py:840} INFO - DAG(s) 'example_branch_labels' retrieved from /home/airflow/.local/lib/python3.12/site-packages/airflow/example_dags/example_branch_labels.py
[2025-08-26T04:31:50.702+0000] {logging_mixin.py:188} INFO - [2025-08-26T04:31:50.699+0000] {dag.py:3096} INFO - Sync 1 DAGs
[2025-08-26T04:31:50.890+0000] {logging_mixin.py:188} INFO - [2025-08-26T04:31:50.890+0000] {dag.py:3954} INFO - Setting next_dagrun for example_branch_labels to 2025-08-25 00:00:00+00:00, run_after=2025-08-26 00:00:00+00:00
[2025-08-26T04:31:51.076+0000] {processor.py:183} INFO - Processing /home/airflow/.local/lib/python3.12/site-packages/airflow/example_dags/example_branch_labels.py took 0.725 seconds
[2025-08-26T04:32:21.675+0000] {processor.py:161} INFO - Started process (PID=1233) to work on /home/airflow/.local/lib/python3.12/site-packages/airflow/example_dags/example_branch_labels.py
[2025-08-26T04:32:21.685+0000] {processor.py:830} INFO - Processing file /home/airflow/.local/lib/python3.12/site-packages/airflow/example_dags/example_branch_labels.py for tasks to queue
[2025-08-26T04:32:21.694+0000] {logging_mixin.py:188} INFO - [2025-08-26T04:32:21.693+0000] {dagbag.py:545} INFO - Filling up the DagBag from /home/airflow/.local/lib/python3.12/site-packages/airflow/example_dags/example_branch_labels.py
[2025-08-26T04:32:21.764+0000] {processor.py:840} INFO - DAG(s) 'example_branch_labels' retrieved from /home/airflow/.local/lib/python3.12/site-packages/airflow/example_dags/example_branch_labels.py
[2025-08-26T04:32:22.031+0000] {logging_mixin.py:188} INFO - [2025-08-26T04:32:22.028+0000] {dag.py:3096} INFO - Sync 1 DAGs
[2025-08-26T04:32:22.305+0000] {logging_mixin.py:188} INFO - [2025-08-26T04:32:22.304+0000] {dag.py:3954} INFO - Setting next_dagrun for example_branch_labels to 2025-08-25 00:00:00+00:00, run_after=2025-08-26 00:00:00+00:00
[2025-08-26T04:32:22.461+0000] {processor.py:183} INFO - Processing /home/airflow/.local/lib/python3.12/site-packages/airflow/example_dags/example_branch_labels.py took 0.824 seconds
[2025-08-26T04:33:07.031+0000] {processor.py:161} INFO - Started process (PID=1514) to work on /home/airflow/.local/lib/python3.12/site-packages/airflow/example_dags/example_branch_labels.py
[2025-08-26T04:33:07.034+0000] {processor.py:830} INFO - Processing file /home/airflow/.local/lib/python3.12/site-packages/airflow/example_dags/example_branch_labels.py for tasks to queue
[2025-08-26T04:33:07.044+0000] {logging_mixin.py:188} INFO - [2025-08-26T04:33:07.043+0000] {dagbag.py:545} INFO - Filling up the DagBag from /home/airflow/.local/lib/python3.12/site-packages/airflow/example_dags/example_branch_labels.py
[2025-08-26T04:33:07.086+0000] {processor.py:840} INFO - DAG(s) 'example_branch_labels' retrieved from /home/airflow/.local/lib/python3.12/site-packages/airflow/example_dags/example_branch_labels.py
[2025-08-26T04:33:07.200+0000] {logging_mixin.py:188} INFO - [2025-08-26T04:33:07.199+0000] {dag.py:3096} INFO - Sync 1 DAGs
[2025-08-26T04:33:07.341+0000] {logging_mixin.py:188} INFO - [2025-08-26T04:33:07.338+0000] {dag.py:3954} INFO - Setting next_dagrun for example_branch_labels to 2025-08-25 00:00:00+00:00, run_after=2025-08-26 00:00:00+00:00
[2025-08-26T04:33:07.428+0000] {processor.py:183} INFO - Processing /home/airflow/.local/lib/python3.12/site-packages/airflow/example_dags/example_branch_labels.py took 0.431 seconds
[2025-08-26T04:33:38.227+0000] {processor.py:161} INFO - Started process (PID=1776) to work on /home/airflow/.local/lib/python3.12/site-packages/airflow/example_dags/example_branch_labels.py
[2025-08-26T04:33:38.231+0000] {processor.py:830} INFO - Processing file /home/airflow/.local/lib/python3.12/site-packages/airflow/example_dags/example_branch_labels.py for tasks to queue
[2025-08-26T04:33:38.239+0000] {logging_mixin.py:188} INFO - [2025-08-26T04:33:38.238+0000] {dagbag.py:545} INFO - Filling up the DagBag from /home/airflow/.local/lib/python3.12/site-packages/airflow/example_dags/example_branch_labels.py
[2025-08-26T04:33:38.291+0000] {processor.py:840} INFO - DAG(s) 'example_branch_labels' retrieved from /home/airflow/.local/lib/python3.12/site-packages/airflow/example_dags/example_branch_labels.py
[2025-08-26T04:33:38.424+0000] {logging_mixin.py:188} INFO - [2025-08-26T04:33:38.424+0000] {dag.py:3096} INFO - Sync 1 DAGs
[2025-08-26T04:33:38.707+0000] {logging_mixin.py:188} INFO - [2025-08-26T04:33:38.706+0000] {dag.py:3954} INFO - Setting next_dagrun for example_branch_labels to 2025-08-25 00:00:00+00:00, run_after=2025-08-26 00:00:00+00:00
[2025-08-26T04:33:39.017+0000] {processor.py:183} INFO - Processing /home/airflow/.local/lib/python3.12/site-packages/airflow/example_dags/example_branch_labels.py took 0.818 seconds
[2025-08-26T04:34:09.539+0000] {processor.py:161} INFO - Started process (PID=2038) to work on /home/airflow/.local/lib/python3.12/site-packages/airflow/example_dags/example_branch_labels.py
[2025-08-26T04:34:09.548+0000] {processor.py:830} INFO - Processing file /home/airflow/.local/lib/python3.12/site-packages/airflow/example_dags/example_branch_labels.py for tasks to queue
[2025-08-26T04:34:09.556+0000] {logging_mixin.py:188} INFO - [2025-08-26T04:34:09.554+0000] {dagbag.py:545} INFO - Filling up the DagBag from /home/airflow/.local/lib/python3.12/site-packages/airflow/example_dags/example_branch_labels.py
[2025-08-26T04:34:09.606+0000] {processor.py:840} INFO - DAG(s) 'example_branch_labels' retrieved from /home/airflow/.local/lib/python3.12/site-packages/airflow/example_dags/example_branch_labels.py
[2025-08-26T04:34:09.741+0000] {logging_mixin.py:188} INFO - [2025-08-26T04:34:09.740+0000] {dag.py:3096} INFO - Sync 1 DAGs
[2025-08-26T04:34:09.900+0000] {logging_mixin.py:188} INFO - [2025-08-26T04:34:09.899+0000] {dag.py:3954} INFO - Setting next_dagrun for example_branch_labels to 2025-08-25 00:00:00+00:00, run_after=2025-08-26 00:00:00+00:00
[2025-08-26T04:34:09.990+0000] {processor.py:183} INFO - Processing /home/airflow/.local/lib/python3.12/site-packages/airflow/example_dags/example_branch_labels.py took 0.488 seconds
[2025-08-26T04:34:43.055+0000] {processor.py:161} INFO - Started process (PID=2302) to work on /home/airflow/.local/lib/python3.12/site-packages/airflow/example_dags/example_branch_labels.py
[2025-08-26T04:34:43.075+0000] {processor.py:830} INFO - Processing file /home/airflow/.local/lib/python3.12/site-packages/airflow/example_dags/example_branch_labels.py for tasks to queue
[2025-08-26T04:34:43.083+0000] {logging_mixin.py:188} INFO - [2025-08-26T04:34:43.082+0000] {dagbag.py:545} INFO - Filling up the DagBag from /home/airflow/.local/lib/python3.12/site-packages/airflow/example_dags/example_branch_labels.py
[2025-08-26T04:34:43.153+0000] {processor.py:840} INFO - DAG(s) 'example_branch_labels' retrieved from /home/airflow/.local/lib/python3.12/site-packages/airflow/example_dags/example_branch_labels.py
[2025-08-26T04:34:43.273+0000] {logging_mixin.py:188} INFO - [2025-08-26T04:34:43.272+0000] {dag.py:3096} INFO - Sync 1 DAGs
[2025-08-26T04:34:43.561+0000] {logging_mixin.py:188} INFO - [2025-08-26T04:34:43.543+0000] {dag.py:3954} INFO - Setting next_dagrun for example_branch_labels to 2025-08-25 00:00:00+00:00, run_after=2025-08-26 00:00:00+00:00
[2025-08-26T04:34:43.860+0000] {processor.py:183} INFO - Processing /home/airflow/.local/lib/python3.12/site-packages/airflow/example_dags/example_branch_labels.py took 0.853 seconds
[2025-08-26T04:35:14.417+0000] {processor.py:161} INFO - Started process (PID=2563) to work on /home/airflow/.local/lib/python3.12/site-packages/airflow/example_dags/example_branch_labels.py
[2025-08-26T04:35:14.422+0000] {processor.py:830} INFO - Processing file /home/airflow/.local/lib/python3.12/site-packages/airflow/example_dags/example_branch_labels.py for tasks to queue
[2025-08-26T04:35:14.439+0000] {logging_mixin.py:188} INFO - [2025-08-26T04:35:14.438+0000] {dagbag.py:545} INFO - Filling up the DagBag from /home/airflow/.local/lib/python3.12/site-packages/airflow/example_dags/example_branch_labels.py
[2025-08-26T04:35:14.517+0000] {processor.py:840} INFO - DAG(s) 'example_branch_labels' retrieved from /home/airflow/.local/lib/python3.12/site-packages/airflow/example_dags/example_branch_labels.py
[2025-08-26T04:35:14.674+0000] {logging_mixin.py:188} INFO - [2025-08-26T04:35:14.673+0000] {dag.py:3096} INFO - Sync 1 DAGs
[2025-08-26T04:35:14.975+0000] {logging_mixin.py:188} INFO - [2025-08-26T04:35:14.974+0000] {dag.py:3954} INFO - Setting next_dagrun for example_branch_labels to 2025-08-25 00:00:00+00:00, run_after=2025-08-26 00:00:00+00:00
[2025-08-26T04:35:15.144+0000] {processor.py:183} INFO - Processing /home/airflow/.local/lib/python3.12/site-packages/airflow/example_dags/example_branch_labels.py took 0.785 seconds
[2025-08-26T04:35:45.500+0000] {processor.py:161} INFO - Started process (PID=2828) to work on /home/airflow/.local/lib/python3.12/site-packages/airflow/example_dags/example_branch_labels.py
[2025-08-26T04:35:45.511+0000] {processor.py:830} INFO - Processing file /home/airflow/.local/lib/python3.12/site-packages/airflow/example_dags/example_branch_labels.py for tasks to queue
[2025-08-26T04:35:45.530+0000] {logging_mixin.py:188} INFO - [2025-08-26T04:35:45.528+0000] {dagbag.py:545} INFO - Filling up the DagBag from /home/airflow/.local/lib/python3.12/site-packages/airflow/example_dags/example_branch_labels.py
[2025-08-26T04:35:45.651+0000] {processor.py:840} INFO - DAG(s) 'example_branch_labels' retrieved from /home/airflow/.local/lib/python3.12/site-packages/airflow/example_dags/example_branch_labels.py
[2025-08-26T04:35:45.815+0000] {logging_mixin.py:188} INFO - [2025-08-26T04:35:45.814+0000] {dag.py:3096} INFO - Sync 1 DAGs
[2025-08-26T04:35:45.977+0000] {logging_mixin.py:188} INFO - [2025-08-26T04:35:45.976+0000] {dag.py:3954} INFO - Setting next_dagrun for example_branch_labels to 2025-08-25 00:00:00+00:00, run_after=2025-08-26 00:00:00+00:00
[2025-08-26T04:35:46.154+0000] {processor.py:183} INFO - Processing /home/airflow/.local/lib/python3.12/site-packages/airflow/example_dags/example_branch_labels.py took 0.730 seconds
[2025-08-26T04:36:18.870+0000] {processor.py:161} INFO - Started process (PID=3095) to work on /home/airflow/.local/lib/python3.12/site-packages/airflow/example_dags/example_branch_labels.py
[2025-08-26T04:36:18.877+0000] {processor.py:830} INFO - Processing file /home/airflow/.local/lib/python3.12/site-packages/airflow/example_dags/example_branch_labels.py for tasks to queue
[2025-08-26T04:36:18.890+0000] {logging_mixin.py:188} INFO - [2025-08-26T04:36:18.888+0000] {dagbag.py:545} INFO - Filling up the DagBag from /home/airflow/.local/lib/python3.12/site-packages/airflow/example_dags/example_branch_labels.py
[2025-08-26T04:36:18.940+0000] {processor.py:840} INFO - DAG(s) 'example_branch_labels' retrieved from /home/airflow/.local/lib/python3.12/site-packages/airflow/example_dags/example_branch_labels.py
[2025-08-26T04:36:19.076+0000] {logging_mixin.py:188} INFO - [2025-08-26T04:36:19.075+0000] {dag.py:3096} INFO - Sync 1 DAGs
[2025-08-26T04:36:19.218+0000] {logging_mixin.py:188} INFO - [2025-08-26T04:36:19.216+0000] {dag.py:3954} INFO - Setting next_dagrun for example_branch_labels to 2025-08-25 00:00:00+00:00, run_after=2025-08-26 00:00:00+00:00
[2025-08-26T04:36:19.312+0000] {processor.py:183} INFO - Processing /home/airflow/.local/lib/python3.12/site-packages/airflow/example_dags/example_branch_labels.py took 0.572 seconds
[2025-08-26T04:36:53.097+0000] {processor.py:161} INFO - Started process (PID=3368) to work on /home/airflow/.local/lib/python3.12/site-packages/airflow/example_dags/example_branch_labels.py
[2025-08-26T04:36:53.110+0000] {processor.py:830} INFO - Processing file /home/airflow/.local/lib/python3.12/site-packages/airflow/example_dags/example_branch_labels.py for tasks to queue
[2025-08-26T04:36:53.117+0000] {logging_mixin.py:188} INFO - [2025-08-26T04:36:53.116+0000] {dagbag.py:545} INFO - Filling up the DagBag from /home/airflow/.local/lib/python3.12/site-packages/airflow/example_dags/example_branch_labels.py
[2025-08-26T04:36:53.185+0000] {processor.py:840} INFO - DAG(s) 'example_branch_labels' retrieved from /home/airflow/.local/lib/python3.12/site-packages/airflow/example_dags/example_branch_labels.py
[2025-08-26T04:36:53.332+0000] {logging_mixin.py:188} INFO - [2025-08-26T04:36:53.330+0000] {dag.py:3096} INFO - Sync 1 DAGs
[2025-08-26T04:36:53.494+0000] {logging_mixin.py:188} INFO - [2025-08-26T04:36:53.493+0000] {dag.py:3954} INFO - Setting next_dagrun for example_branch_labels to 2025-08-25 00:00:00+00:00, run_after=2025-08-26 00:00:00+00:00
[2025-08-26T04:36:53.603+0000] {processor.py:183} INFO - Processing /home/airflow/.local/lib/python3.12/site-packages/airflow/example_dags/example_branch_labels.py took 0.567 seconds
[2025-08-26T04:37:24.798+0000] {processor.py:161} INFO - Started process (PID=3630) to work on /home/airflow/.local/lib/python3.12/site-packages/airflow/example_dags/example_branch_labels.py
[2025-08-26T04:37:24.813+0000] {processor.py:830} INFO - Processing file /home/airflow/.local/lib/python3.12/site-packages/airflow/example_dags/example_branch_labels.py for tasks to queue
[2025-08-26T04:37:24.822+0000] {logging_mixin.py:188} INFO - [2025-08-26T04:37:24.821+0000] {dagbag.py:545} INFO - Filling up the DagBag from /home/airflow/.local/lib/python3.12/site-packages/airflow/example_dags/example_branch_labels.py
[2025-08-26T04:37:24.886+0000] {processor.py:840} INFO - DAG(s) 'example_branch_labels' retrieved from /home/airflow/.local/lib/python3.12/site-packages/airflow/example_dags/example_branch_labels.py
[2025-08-26T04:37:25.157+0000] {logging_mixin.py:188} INFO - [2025-08-26T04:37:25.156+0000] {dag.py:3096} INFO - Sync 1 DAGs
[2025-08-26T04:37:25.394+0000] {logging_mixin.py:188} INFO - [2025-08-26T04:37:25.393+0000] {dag.py:3954} INFO - Setting next_dagrun for example_branch_labels to 2025-08-25 00:00:00+00:00, run_after=2025-08-26 00:00:00+00:00
[2025-08-26T04:37:25.556+0000] {processor.py:183} INFO - Processing /home/airflow/.local/lib/python3.12/site-packages/airflow/example_dags/example_branch_labels.py took 0.832 seconds
[2025-08-26T04:37:56.547+0000] {processor.py:161} INFO - Started process (PID=3891) to work on /home/airflow/.local/lib/python3.12/site-packages/airflow/example_dags/example_branch_labels.py
[2025-08-26T04:37:56.576+0000] {processor.py:830} INFO - Processing file /home/airflow/.local/lib/python3.12/site-packages/airflow/example_dags/example_branch_labels.py for tasks to queue
[2025-08-26T04:37:56.612+0000] {logging_mixin.py:188} INFO - [2025-08-26T04:37:56.609+0000] {dagbag.py:545} INFO - Filling up the DagBag from /home/airflow/.local/lib/python3.12/site-packages/airflow/example_dags/example_branch_labels.py
[2025-08-26T04:37:56.722+0000] {processor.py:840} INFO - DAG(s) 'example_branch_labels' retrieved from /home/airflow/.local/lib/python3.12/site-packages/airflow/example_dags/example_branch_labels.py
[2025-08-26T04:37:56.895+0000] {logging_mixin.py:188} INFO - [2025-08-26T04:37:56.894+0000] {dag.py:3096} INFO - Sync 1 DAGs
[2025-08-26T04:37:57.068+0000] {logging_mixin.py:188} INFO - [2025-08-26T04:37:57.067+0000] {dag.py:3954} INFO - Setting next_dagrun for example_branch_labels to 2025-08-25 00:00:00+00:00, run_after=2025-08-26 00:00:00+00:00
[2025-08-26T04:37:57.181+0000] {processor.py:183} INFO - Processing /home/airflow/.local/lib/python3.12/site-packages/airflow/example_dags/example_branch_labels.py took 0.714 seconds
[2025-08-26T04:38:28.056+0000] {processor.py:161} INFO - Started process (PID=4153) to work on /home/airflow/.local/lib/python3.12/site-packages/airflow/example_dags/example_branch_labels.py
[2025-08-26T04:38:28.059+0000] {processor.py:830} INFO - Processing file /home/airflow/.local/lib/python3.12/site-packages/airflow/example_dags/example_branch_labels.py for tasks to queue
[2025-08-26T04:38:28.066+0000] {logging_mixin.py:188} INFO - [2025-08-26T04:38:28.065+0000] {dagbag.py:545} INFO - Filling up the DagBag from /home/airflow/.local/lib/python3.12/site-packages/airflow/example_dags/example_branch_labels.py
[2025-08-26T04:38:28.103+0000] {processor.py:840} INFO - DAG(s) 'example_branch_labels' retrieved from /home/airflow/.local/lib/python3.12/site-packages/airflow/example_dags/example_branch_labels.py
[2025-08-26T04:38:28.187+0000] {logging_mixin.py:188} INFO - [2025-08-26T04:38:28.186+0000] {dag.py:3096} INFO - Sync 1 DAGs
[2025-08-26T04:38:28.281+0000] {logging_mixin.py:188} INFO - [2025-08-26T04:38:28.280+0000] {dag.py:3954} INFO - Setting next_dagrun for example_branch_labels to 2025-08-25 00:00:00+00:00, run_after=2025-08-26 00:00:00+00:00
[2025-08-26T04:38:28.354+0000] {processor.py:183} INFO - Processing /home/airflow/.local/lib/python3.12/site-packages/airflow/example_dags/example_branch_labels.py took 0.320 seconds
[2025-08-26T04:39:02.422+0000] {processor.py:161} INFO - Started process (PID=4431) to work on /home/airflow/.local/lib/python3.12/site-packages/airflow/example_dags/example_branch_labels.py
[2025-08-26T04:39:02.431+0000] {processor.py:830} INFO - Processing file /home/airflow/.local/lib/python3.12/site-packages/airflow/example_dags/example_branch_labels.py for tasks to queue
[2025-08-26T04:39:02.446+0000] {logging_mixin.py:188} INFO - [2025-08-26T04:39:02.445+0000] {dagbag.py:545} INFO - Filling up the DagBag from /home/airflow/.local/lib/python3.12/site-packages/airflow/example_dags/example_branch_labels.py
[2025-08-26T04:39:02.586+0000] {processor.py:840} INFO - DAG(s) 'example_branch_labels' retrieved from /home/airflow/.local/lib/python3.12/site-packages/airflow/example_dags/example_branch_labels.py
[2025-08-26T04:39:02.805+0000] {logging_mixin.py:188} INFO - [2025-08-26T04:39:02.802+0000] {dag.py:3096} INFO - Sync 1 DAGs
[2025-08-26T04:39:02.978+0000] {logging_mixin.py:188} INFO - [2025-08-26T04:39:02.978+0000] {dag.py:3954} INFO - Setting next_dagrun for example_branch_labels to 2025-08-25 00:00:00+00:00, run_after=2025-08-26 00:00:00+00:00
[2025-08-26T04:39:03.106+0000] {processor.py:183} INFO - Processing /home/airflow/.local/lib/python3.12/site-packages/airflow/example_dags/example_branch_labels.py took 0.726 seconds
[2025-08-26T04:39:41.958+0000] {processor.py:161} INFO - Started process (PID=4703) to work on /home/airflow/.local/lib/python3.12/site-packages/airflow/example_dags/example_branch_labels.py
[2025-08-26T04:39:41.969+0000] {processor.py:830} INFO - Processing file /home/airflow/.local/lib/python3.12/site-packages/airflow/example_dags/example_branch_labels.py for tasks to queue
[2025-08-26T04:39:41.984+0000] {logging_mixin.py:188} INFO - [2025-08-26T04:39:41.977+0000] {dagbag.py:545} INFO - Filling up the DagBag from /home/airflow/.local/lib/python3.12/site-packages/airflow/example_dags/example_branch_labels.py
[2025-08-26T04:39:42.043+0000] {processor.py:840} INFO - DAG(s) 'example_branch_labels' retrieved from /home/airflow/.local/lib/python3.12/site-packages/airflow/example_dags/example_branch_labels.py
[2025-08-26T04:39:42.339+0000] {logging_mixin.py:188} INFO - [2025-08-26T04:39:42.337+0000] {dag.py:3096} INFO - Sync 1 DAGs
[2025-08-26T04:39:42.629+0000] {logging_mixin.py:188} INFO - [2025-08-26T04:39:42.629+0000] {dag.py:3954} INFO - Setting next_dagrun for example_branch_labels to 2025-08-25 00:00:00+00:00, run_after=2025-08-26 00:00:00+00:00
[2025-08-26T04:39:42.771+0000] {processor.py:183} INFO - Processing /home/airflow/.local/lib/python3.12/site-packages/airflow/example_dags/example_branch_labels.py took 0.907 seconds
[2025-08-26T04:40:26.066+0000] {processor.py:161} INFO - Started process (PID=4980) to work on /home/airflow/.local/lib/python3.12/site-packages/airflow/example_dags/example_branch_labels.py
[2025-08-26T04:40:26.070+0000] {processor.py:830} INFO - Processing file /home/airflow/.local/lib/python3.12/site-packages/airflow/example_dags/example_branch_labels.py for tasks to queue
[2025-08-26T04:40:26.085+0000] {logging_mixin.py:188} INFO - [2025-08-26T04:40:26.082+0000] {dagbag.py:545} INFO - Filling up the DagBag from /home/airflow/.local/lib/python3.12/site-packages/airflow/example_dags/example_branch_labels.py
[2025-08-26T04:40:26.143+0000] {processor.py:840} INFO - DAG(s) 'example_branch_labels' retrieved from /home/airflow/.local/lib/python3.12/site-packages/airflow/example_dags/example_branch_labels.py
[2025-08-26T04:40:26.441+0000] {logging_mixin.py:188} INFO - [2025-08-26T04:40:26.440+0000] {dag.py:3096} INFO - Sync 1 DAGs
[2025-08-26T04:40:26.850+0000] {logging_mixin.py:188} INFO - [2025-08-26T04:40:26.849+0000] {dag.py:3954} INFO - Setting next_dagrun for example_branch_labels to 2025-08-25 00:00:00+00:00, run_after=2025-08-26 00:00:00+00:00
[2025-08-26T04:40:27.050+0000] {processor.py:183} INFO - Processing /home/airflow/.local/lib/python3.12/site-packages/airflow/example_dags/example_branch_labels.py took 1.055 seconds
[2025-08-26T04:40:59.534+0000] {processor.py:161} INFO - Started process (PID=5244) to work on /home/airflow/.local/lib/python3.12/site-packages/airflow/example_dags/example_branch_labels.py
[2025-08-26T04:40:59.539+0000] {processor.py:830} INFO - Processing file /home/airflow/.local/lib/python3.12/site-packages/airflow/example_dags/example_branch_labels.py for tasks to queue
[2025-08-26T04:40:59.568+0000] {logging_mixin.py:188} INFO - [2025-08-26T04:40:59.557+0000] {dagbag.py:545} INFO - Filling up the DagBag from /home/airflow/.local/lib/python3.12/site-packages/airflow/example_dags/example_branch_labels.py
[2025-08-26T04:40:59.659+0000] {processor.py:840} INFO - DAG(s) 'example_branch_labels' retrieved from /home/airflow/.local/lib/python3.12/site-packages/airflow/example_dags/example_branch_labels.py
[2025-08-26T04:40:59.956+0000] {logging_mixin.py:188} INFO - [2025-08-26T04:40:59.954+0000] {dag.py:3096} INFO - Sync 1 DAGs
[2025-08-26T04:41:00.153+0000] {logging_mixin.py:188} INFO - [2025-08-26T04:41:00.152+0000] {dag.py:3954} INFO - Setting next_dagrun for example_branch_labels to 2025-08-25 00:00:00+00:00, run_after=2025-08-26 00:00:00+00:00
[2025-08-26T04:41:00.284+0000] {processor.py:183} INFO - Processing /home/airflow/.local/lib/python3.12/site-packages/airflow/example_dags/example_branch_labels.py took 0.841 seconds
[2025-08-26T04:41:37.636+0000] {processor.py:161} INFO - Started process (PID=5519) to work on /home/airflow/.local/lib/python3.12/site-packages/airflow/example_dags/example_branch_labels.py
[2025-08-26T04:41:37.663+0000] {processor.py:830} INFO - Processing file /home/airflow/.local/lib/python3.12/site-packages/airflow/example_dags/example_branch_labels.py for tasks to queue
[2025-08-26T04:41:37.679+0000] {logging_mixin.py:188} INFO - [2025-08-26T04:41:37.676+0000] {dagbag.py:545} INFO - Filling up the DagBag from /home/airflow/.local/lib/python3.12/site-packages/airflow/example_dags/example_branch_labels.py
[2025-08-26T04:41:37.719+0000] {processor.py:840} INFO - DAG(s) 'example_branch_labels' retrieved from /home/airflow/.local/lib/python3.12/site-packages/airflow/example_dags/example_branch_labels.py
[2025-08-26T04:41:37.833+0000] {logging_mixin.py:188} INFO - [2025-08-26T04:41:37.833+0000] {dag.py:3096} INFO - Sync 1 DAGs
[2025-08-26T04:41:37.982+0000] {logging_mixin.py:188} INFO - [2025-08-26T04:41:37.982+0000] {dag.py:3954} INFO - Setting next_dagrun for example_branch_labels to 2025-08-25 00:00:00+00:00, run_after=2025-08-26 00:00:00+00:00
[2025-08-26T04:41:38.084+0000] {processor.py:183} INFO - Processing /home/airflow/.local/lib/python3.12/site-packages/airflow/example_dags/example_branch_labels.py took 0.537 seconds
[2025-08-26T04:42:10.439+0000] {processor.py:161} INFO - Started process (PID=5780) to work on /home/airflow/.local/lib/python3.12/site-packages/airflow/example_dags/example_branch_labels.py
[2025-08-26T04:42:10.473+0000] {processor.py:830} INFO - Processing file /home/airflow/.local/lib/python3.12/site-packages/airflow/example_dags/example_branch_labels.py for tasks to queue
[2025-08-26T04:42:10.483+0000] {logging_mixin.py:188} INFO - [2025-08-26T04:42:10.482+0000] {dagbag.py:545} INFO - Filling up the DagBag from /home/airflow/.local/lib/python3.12/site-packages/airflow/example_dags/example_branch_labels.py
[2025-08-26T04:42:10.578+0000] {processor.py:840} INFO - DAG(s) 'example_branch_labels' retrieved from /home/airflow/.local/lib/python3.12/site-packages/airflow/example_dags/example_branch_labels.py
[2025-08-26T04:42:10.762+0000] {logging_mixin.py:188} INFO - [2025-08-26T04:42:10.760+0000] {dag.py:3096} INFO - Sync 1 DAGs
[2025-08-26T04:42:11.067+0000] {logging_mixin.py:188} INFO - [2025-08-26T04:42:11.066+0000] {dag.py:3954} INFO - Setting next_dagrun for example_branch_labels to 2025-08-25 00:00:00+00:00, run_after=2025-08-26 00:00:00+00:00
[2025-08-26T04:42:11.282+0000] {processor.py:183} INFO - Processing /home/airflow/.local/lib/python3.12/site-packages/airflow/example_dags/example_branch_labels.py took 0.914 seconds
[2025-08-26T04:42:51.588+0000] {processor.py:161} INFO - Started process (PID=6052) to work on /home/airflow/.local/lib/python3.12/site-packages/airflow/example_dags/example_branch_labels.py
[2025-08-26T04:42:51.592+0000] {processor.py:830} INFO - Processing file /home/airflow/.local/lib/python3.12/site-packages/airflow/example_dags/example_branch_labels.py for tasks to queue
[2025-08-26T04:42:51.612+0000] {logging_mixin.py:188} INFO - [2025-08-26T04:42:51.609+0000] {dagbag.py:545} INFO - Filling up the DagBag from /home/airflow/.local/lib/python3.12/site-packages/airflow/example_dags/example_branch_labels.py
[2025-08-26T04:42:51.654+0000] {processor.py:840} INFO - DAG(s) 'example_branch_labels' retrieved from /home/airflow/.local/lib/python3.12/site-packages/airflow/example_dags/example_branch_labels.py
[2025-08-26T04:42:51.950+0000] {logging_mixin.py:188} INFO - [2025-08-26T04:42:51.936+0000] {dag.py:3096} INFO - Sync 1 DAGs
[2025-08-26T04:42:52.186+0000] {logging_mixin.py:188} INFO - [2025-08-26T04:42:52.185+0000] {dag.py:3954} INFO - Setting next_dagrun for example_branch_labels to 2025-08-25 00:00:00+00:00, run_after=2025-08-26 00:00:00+00:00
[2025-08-26T04:42:52.375+0000] {processor.py:183} INFO - Processing /home/airflow/.local/lib/python3.12/site-packages/airflow/example_dags/example_branch_labels.py took 0.845 seconds
[2025-08-26T04:43:24.502+0000] {processor.py:161} INFO - Started process (PID=6314) to work on /home/airflow/.local/lib/python3.12/site-packages/airflow/example_dags/example_branch_labels.py
[2025-08-26T04:43:24.517+0000] {processor.py:830} INFO - Processing file /home/airflow/.local/lib/python3.12/site-packages/airflow/example_dags/example_branch_labels.py for tasks to queue
[2025-08-26T04:43:24.539+0000] {logging_mixin.py:188} INFO - [2025-08-26T04:43:24.538+0000] {dagbag.py:545} INFO - Filling up the DagBag from /home/airflow/.local/lib/python3.12/site-packages/airflow/example_dags/example_branch_labels.py
[2025-08-26T04:43:24.609+0000] {processor.py:840} INFO - DAG(s) 'example_branch_labels' retrieved from /home/airflow/.local/lib/python3.12/site-packages/airflow/example_dags/example_branch_labels.py
[2025-08-26T04:43:24.821+0000] {logging_mixin.py:188} INFO - [2025-08-26T04:43:24.820+0000] {dag.py:3096} INFO - Sync 1 DAGs
[2025-08-26T04:43:25.082+0000] {logging_mixin.py:188} INFO - [2025-08-26T04:43:25.081+0000] {dag.py:3954} INFO - Setting next_dagrun for example_branch_labels to 2025-08-25 00:00:00+00:00, run_after=2025-08-26 00:00:00+00:00
[2025-08-26T04:43:25.324+0000] {processor.py:183} INFO - Processing /home/airflow/.local/lib/python3.12/site-packages/airflow/example_dags/example_branch_labels.py took 0.878 seconds
[2025-08-26T04:44:07.776+0000] {processor.py:161} INFO - Started process (PID=6606) to work on /home/airflow/.local/lib/python3.12/site-packages/airflow/example_dags/example_branch_labels.py
[2025-08-26T04:44:07.780+0000] {processor.py:830} INFO - Processing file /home/airflow/.local/lib/python3.12/site-packages/airflow/example_dags/example_branch_labels.py for tasks to queue
[2025-08-26T04:44:07.790+0000] {logging_mixin.py:188} INFO - [2025-08-26T04:44:07.789+0000] {dagbag.py:545} INFO - Filling up the DagBag from /home/airflow/.local/lib/python3.12/site-packages/airflow/example_dags/example_branch_labels.py
[2025-08-26T04:44:07.835+0000] {processor.py:840} INFO - DAG(s) 'example_branch_labels' retrieved from /home/airflow/.local/lib/python3.12/site-packages/airflow/example_dags/example_branch_labels.py
[2025-08-26T04:44:08.012+0000] {logging_mixin.py:188} INFO - [2025-08-26T04:44:08.011+0000] {dag.py:3096} INFO - Sync 1 DAGs
[2025-08-26T04:44:08.187+0000] {logging_mixin.py:188} INFO - [2025-08-26T04:44:08.186+0000] {dag.py:3954} INFO - Setting next_dagrun for example_branch_labels to 2025-08-25 00:00:00+00:00, run_after=2025-08-26 00:00:00+00:00
[2025-08-26T04:44:08.283+0000] {processor.py:183} INFO - Processing /home/airflow/.local/lib/python3.12/site-packages/airflow/example_dags/example_branch_labels.py took 0.540 seconds
[2025-08-26T04:44:40.952+0000] {processor.py:161} INFO - Started process (PID=6867) to work on /home/airflow/.local/lib/python3.12/site-packages/airflow/example_dags/example_branch_labels.py
[2025-08-26T04:44:40.972+0000] {processor.py:830} INFO - Processing file /home/airflow/.local/lib/python3.12/site-packages/airflow/example_dags/example_branch_labels.py for tasks to queue
[2025-08-26T04:44:41.001+0000] {logging_mixin.py:188} INFO - [2025-08-26T04:44:40.997+0000] {dagbag.py:545} INFO - Filling up the DagBag from /home/airflow/.local/lib/python3.12/site-packages/airflow/example_dags/example_branch_labels.py
[2025-08-26T04:44:41.102+0000] {processor.py:840} INFO - DAG(s) 'example_branch_labels' retrieved from /home/airflow/.local/lib/python3.12/site-packages/airflow/example_dags/example_branch_labels.py
[2025-08-26T04:44:41.297+0000] {logging_mixin.py:188} INFO - [2025-08-26T04:44:41.296+0000] {dag.py:3096} INFO - Sync 1 DAGs
[2025-08-26T04:44:41.481+0000] {logging_mixin.py:188} INFO - [2025-08-26T04:44:41.479+0000] {dag.py:3954} INFO - Setting next_dagrun for example_branch_labels to 2025-08-25 00:00:00+00:00, run_after=2025-08-26 00:00:00+00:00
[2025-08-26T04:44:41.777+0000] {processor.py:183} INFO - Processing /home/airflow/.local/lib/python3.12/site-packages/airflow/example_dags/example_branch_labels.py took 0.880 seconds
[2025-08-26T04:45:19.787+0000] {processor.py:161} INFO - Started process (PID=7139) to work on /home/airflow/.local/lib/python3.12/site-packages/airflow/example_dags/example_branch_labels.py
[2025-08-26T04:45:19.793+0000] {processor.py:830} INFO - Processing file /home/airflow/.local/lib/python3.12/site-packages/airflow/example_dags/example_branch_labels.py for tasks to queue
[2025-08-26T04:45:19.828+0000] {logging_mixin.py:188} INFO - [2025-08-26T04:45:19.825+0000] {dagbag.py:545} INFO - Filling up the DagBag from /home/airflow/.local/lib/python3.12/site-packages/airflow/example_dags/example_branch_labels.py
[2025-08-26T04:45:19.901+0000] {processor.py:840} INFO - DAG(s) 'example_branch_labels' retrieved from /home/airflow/.local/lib/python3.12/site-packages/airflow/example_dags/example_branch_labels.py
[2025-08-26T04:45:20.166+0000] {logging_mixin.py:188} INFO - [2025-08-26T04:45:20.161+0000] {dag.py:3096} INFO - Sync 1 DAGs
[2025-08-26T04:45:20.426+0000] {logging_mixin.py:188} INFO - [2025-08-26T04:45:20.425+0000] {dag.py:3954} INFO - Setting next_dagrun for example_branch_labels to 2025-08-25 00:00:00+00:00, run_after=2025-08-26 00:00:00+00:00
[2025-08-26T04:45:20.775+0000] {processor.py:183} INFO - Processing /home/airflow/.local/lib/python3.12/site-packages/airflow/example_dags/example_branch_labels.py took 1.039 seconds
[2025-08-26T04:45:58.498+0000] {processor.py:161} INFO - Started process (PID=7400) to work on /home/airflow/.local/lib/python3.12/site-packages/airflow/example_dags/example_branch_labels.py
[2025-08-26T04:45:58.514+0000] {processor.py:830} INFO - Processing file /home/airflow/.local/lib/python3.12/site-packages/airflow/example_dags/example_branch_labels.py for tasks to queue
[2025-08-26T04:45:58.561+0000] {logging_mixin.py:188} INFO - [2025-08-26T04:45:58.560+0000] {dagbag.py:545} INFO - Filling up the DagBag from /home/airflow/.local/lib/python3.12/site-packages/airflow/example_dags/example_branch_labels.py
[2025-08-26T04:45:58.638+0000] {processor.py:840} INFO - DAG(s) 'example_branch_labels' retrieved from /home/airflow/.local/lib/python3.12/site-packages/airflow/example_dags/example_branch_labels.py
[2025-08-26T04:45:58.771+0000] {logging_mixin.py:188} INFO - [2025-08-26T04:45:58.770+0000] {dag.py:3096} INFO - Sync 1 DAGs
[2025-08-26T04:45:58.949+0000] {logging_mixin.py:188} INFO - [2025-08-26T04:45:58.948+0000] {dag.py:3954} INFO - Setting next_dagrun for example_branch_labels to 2025-08-25 00:00:00+00:00, run_after=2025-08-26 00:00:00+00:00
[2025-08-26T04:45:59.103+0000] {processor.py:183} INFO - Processing /home/airflow/.local/lib/python3.12/site-packages/airflow/example_dags/example_branch_labels.py took 0.700 seconds
[2025-08-26T04:46:40.267+0000] {processor.py:161} INFO - Started process (PID=7667) to work on /home/airflow/.local/lib/python3.12/site-packages/airflow/example_dags/example_branch_labels.py
[2025-08-26T04:46:40.270+0000] {processor.py:830} INFO - Processing file /home/airflow/.local/lib/python3.12/site-packages/airflow/example_dags/example_branch_labels.py for tasks to queue
[2025-08-26T04:46:40.284+0000] {logging_mixin.py:188} INFO - [2025-08-26T04:46:40.283+0000] {dagbag.py:545} INFO - Filling up the DagBag from /home/airflow/.local/lib/python3.12/site-packages/airflow/example_dags/example_branch_labels.py
[2025-08-26T04:46:40.335+0000] {processor.py:840} INFO - DAG(s) 'example_branch_labels' retrieved from /home/airflow/.local/lib/python3.12/site-packages/airflow/example_dags/example_branch_labels.py
[2025-08-26T04:46:40.569+0000] {logging_mixin.py:188} INFO - [2025-08-26T04:46:40.568+0000] {dag.py:3096} INFO - Sync 1 DAGs
[2025-08-26T04:46:40.927+0000] {logging_mixin.py:188} INFO - [2025-08-26T04:46:40.926+0000] {dag.py:3954} INFO - Setting next_dagrun for example_branch_labels to 2025-08-25 00:00:00+00:00, run_after=2025-08-26 00:00:00+00:00
[2025-08-26T04:46:41.132+0000] {processor.py:183} INFO - Processing /home/airflow/.local/lib/python3.12/site-packages/airflow/example_dags/example_branch_labels.py took 0.895 seconds
[2025-08-26T04:47:14.358+0000] {processor.py:161} INFO - Started process (PID=7934) to work on /home/airflow/.local/lib/python3.12/site-packages/airflow/example_dags/example_branch_labels.py
[2025-08-26T04:47:14.369+0000] {processor.py:830} INFO - Processing file /home/airflow/.local/lib/python3.12/site-packages/airflow/example_dags/example_branch_labels.py for tasks to queue
[2025-08-26T04:47:14.391+0000] {logging_mixin.py:188} INFO - [2025-08-26T04:47:14.387+0000] {dagbag.py:545} INFO - Filling up the DagBag from /home/airflow/.local/lib/python3.12/site-packages/airflow/example_dags/example_branch_labels.py
[2025-08-26T04:47:14.561+0000] {processor.py:840} INFO - DAG(s) 'example_branch_labels' retrieved from /home/airflow/.local/lib/python3.12/site-packages/airflow/example_dags/example_branch_labels.py
[2025-08-26T04:47:15.100+0000] {logging_mixin.py:188} INFO - [2025-08-26T04:47:15.099+0000] {dag.py:3096} INFO - Sync 1 DAGs
[2025-08-26T04:47:15.488+0000] {logging_mixin.py:188} INFO - [2025-08-26T04:47:15.487+0000] {dag.py:3954} INFO - Setting next_dagrun for example_branch_labels to 2025-08-25 00:00:00+00:00, run_after=2025-08-26 00:00:00+00:00
[2025-08-26T04:47:15.807+0000] {processor.py:183} INFO - Processing /home/airflow/.local/lib/python3.12/site-packages/airflow/example_dags/example_branch_labels.py took 1.549 seconds
[2025-08-26T04:49:57.750+0000] {processor.py:161} INFO - Started process (PID=418) to work on /home/airflow/.local/lib/python3.12/site-packages/airflow/example_dags/example_branch_labels.py
[2025-08-26T04:49:57.758+0000] {processor.py:830} INFO - Processing file /home/airflow/.local/lib/python3.12/site-packages/airflow/example_dags/example_branch_labels.py for tasks to queue
[2025-08-26T04:49:57.766+0000] {logging_mixin.py:188} INFO - [2025-08-26T04:49:57.765+0000] {dagbag.py:545} INFO - Filling up the DagBag from /home/airflow/.local/lib/python3.12/site-packages/airflow/example_dags/example_branch_labels.py
[2025-08-26T04:49:57.800+0000] {processor.py:840} INFO - DAG(s) 'example_branch_labels' retrieved from /home/airflow/.local/lib/python3.12/site-packages/airflow/example_dags/example_branch_labels.py
[2025-08-26T04:49:58.373+0000] {logging_mixin.py:188} INFO - [2025-08-26T04:49:58.372+0000] {dag.py:3096} INFO - Sync 1 DAGs
[2025-08-26T04:49:58.574+0000] {logging_mixin.py:188} INFO - [2025-08-26T04:49:58.573+0000] {dag.py:3954} INFO - Setting next_dagrun for example_branch_labels to 2025-08-25 00:00:00+00:00, run_after=2025-08-26 00:00:00+00:00
[2025-08-26T04:49:58.756+0000] {processor.py:183} INFO - Processing /home/airflow/.local/lib/python3.12/site-packages/airflow/example_dags/example_branch_labels.py took 1.032 seconds
[2025-08-26T04:50:29.284+0000] {processor.py:161} INFO - Started process (PID=680) to work on /home/airflow/.local/lib/python3.12/site-packages/airflow/example_dags/example_branch_labels.py
[2025-08-26T04:50:29.288+0000] {processor.py:830} INFO - Processing file /home/airflow/.local/lib/python3.12/site-packages/airflow/example_dags/example_branch_labels.py for tasks to queue
[2025-08-26T04:50:29.318+0000] {logging_mixin.py:188} INFO - [2025-08-26T04:50:29.317+0000] {dagbag.py:545} INFO - Filling up the DagBag from /home/airflow/.local/lib/python3.12/site-packages/airflow/example_dags/example_branch_labels.py
[2025-08-26T04:50:29.414+0000] {processor.py:840} INFO - DAG(s) 'example_branch_labels' retrieved from /home/airflow/.local/lib/python3.12/site-packages/airflow/example_dags/example_branch_labels.py
[2025-08-26T04:50:29.702+0000] {logging_mixin.py:188} INFO - [2025-08-26T04:50:29.701+0000] {dag.py:3096} INFO - Sync 1 DAGs
[2025-08-26T04:50:29.999+0000] {logging_mixin.py:188} INFO - [2025-08-26T04:50:29.999+0000] {dag.py:3954} INFO - Setting next_dagrun for example_branch_labels to 2025-08-25 00:00:00+00:00, run_after=2025-08-26 00:00:00+00:00
[2025-08-26T04:50:30.239+0000] {processor.py:183} INFO - Processing /home/airflow/.local/lib/python3.12/site-packages/airflow/example_dags/example_branch_labels.py took 1.062 seconds
[2025-08-26T04:51:00.624+0000] {processor.py:161} INFO - Started process (PID=950) to work on /home/airflow/.local/lib/python3.12/site-packages/airflow/example_dags/example_branch_labels.py
[2025-08-26T04:51:00.630+0000] {processor.py:830} INFO - Processing file /home/airflow/.local/lib/python3.12/site-packages/airflow/example_dags/example_branch_labels.py for tasks to queue
[2025-08-26T04:51:00.641+0000] {logging_mixin.py:188} INFO - [2025-08-26T04:51:00.640+0000] {dagbag.py:545} INFO - Filling up the DagBag from /home/airflow/.local/lib/python3.12/site-packages/airflow/example_dags/example_branch_labels.py
[2025-08-26T04:51:00.679+0000] {processor.py:840} INFO - DAG(s) 'example_branch_labels' retrieved from /home/airflow/.local/lib/python3.12/site-packages/airflow/example_dags/example_branch_labels.py
[2025-08-26T04:51:00.765+0000] {logging_mixin.py:188} INFO - [2025-08-26T04:51:00.763+0000] {dag.py:3096} INFO - Sync 1 DAGs
[2025-08-26T04:51:00.873+0000] {logging_mixin.py:188} INFO - [2025-08-26T04:51:00.873+0000] {dag.py:3954} INFO - Setting next_dagrun for example_branch_labels to 2025-08-25 00:00:00+00:00, run_after=2025-08-26 00:00:00+00:00
[2025-08-26T04:51:00.954+0000] {processor.py:183} INFO - Processing /home/airflow/.local/lib/python3.12/site-packages/airflow/example_dags/example_branch_labels.py took 0.370 seconds
[2025-08-26T04:51:31.568+0000] {processor.py:161} INFO - Started process (PID=1210) to work on /home/airflow/.local/lib/python3.12/site-packages/airflow/example_dags/example_branch_labels.py
[2025-08-26T04:51:31.572+0000] {processor.py:830} INFO - Processing file /home/airflow/.local/lib/python3.12/site-packages/airflow/example_dags/example_branch_labels.py for tasks to queue
[2025-08-26T04:51:31.578+0000] {logging_mixin.py:188} INFO - [2025-08-26T04:51:31.577+0000] {dagbag.py:545} INFO - Filling up the DagBag from /home/airflow/.local/lib/python3.12/site-packages/airflow/example_dags/example_branch_labels.py
[2025-08-26T04:51:31.649+0000] {processor.py:840} INFO - DAG(s) 'example_branch_labels' retrieved from /home/airflow/.local/lib/python3.12/site-packages/airflow/example_dags/example_branch_labels.py
[2025-08-26T04:51:31.777+0000] {logging_mixin.py:188} INFO - [2025-08-26T04:51:31.777+0000] {dag.py:3096} INFO - Sync 1 DAGs
[2025-08-26T04:51:31.972+0000] {logging_mixin.py:188} INFO - [2025-08-26T04:51:31.972+0000] {dag.py:3954} INFO - Setting next_dagrun for example_branch_labels to 2025-08-25 00:00:00+00:00, run_after=2025-08-26 00:00:00+00:00
[2025-08-26T04:51:32.146+0000] {processor.py:183} INFO - Processing /home/airflow/.local/lib/python3.12/site-packages/airflow/example_dags/example_branch_labels.py took 0.608 seconds
[2025-08-26T04:52:03.503+0000] {processor.py:161} INFO - Started process (PID=1471) to work on /home/airflow/.local/lib/python3.12/site-packages/airflow/example_dags/example_branch_labels.py
[2025-08-26T04:52:03.509+0000] {processor.py:830} INFO - Processing file /home/airflow/.local/lib/python3.12/site-packages/airflow/example_dags/example_branch_labels.py for tasks to queue
[2025-08-26T04:52:03.520+0000] {logging_mixin.py:188} INFO - [2025-08-26T04:52:03.515+0000] {dagbag.py:545} INFO - Filling up the DagBag from /home/airflow/.local/lib/python3.12/site-packages/airflow/example_dags/example_branch_labels.py
[2025-08-26T04:52:03.615+0000] {processor.py:840} INFO - DAG(s) 'example_branch_labels' retrieved from /home/airflow/.local/lib/python3.12/site-packages/airflow/example_dags/example_branch_labels.py
[2025-08-26T04:52:03.909+0000] {logging_mixin.py:188} INFO - [2025-08-26T04:52:03.909+0000] {dag.py:3096} INFO - Sync 1 DAGs
[2025-08-26T04:52:04.105+0000] {logging_mixin.py:188} INFO - [2025-08-26T04:52:04.104+0000] {dag.py:3954} INFO - Setting next_dagrun for example_branch_labels to 2025-08-25 00:00:00+00:00, run_after=2025-08-26 00:00:00+00:00
[2025-08-26T04:52:04.214+0000] {processor.py:183} INFO - Processing /home/airflow/.local/lib/python3.12/site-packages/airflow/example_dags/example_branch_labels.py took 0.756 seconds
[2025-08-26T04:52:54.153+0000] {processor.py:161} INFO - Started process (PID=1752) to work on /home/airflow/.local/lib/python3.12/site-packages/airflow/example_dags/example_branch_labels.py
[2025-08-26T04:52:54.166+0000] {processor.py:830} INFO - Processing file /home/airflow/.local/lib/python3.12/site-packages/airflow/example_dags/example_branch_labels.py for tasks to queue
[2025-08-26T04:52:54.174+0000] {logging_mixin.py:188} INFO - [2025-08-26T04:52:54.173+0000] {dagbag.py:545} INFO - Filling up the DagBag from /home/airflow/.local/lib/python3.12/site-packages/airflow/example_dags/example_branch_labels.py
[2025-08-26T04:52:54.240+0000] {processor.py:840} INFO - DAG(s) 'example_branch_labels' retrieved from /home/airflow/.local/lib/python3.12/site-packages/airflow/example_dags/example_branch_labels.py
[2025-08-26T04:52:54.383+0000] {logging_mixin.py:188} INFO - [2025-08-26T04:52:54.382+0000] {dag.py:3096} INFO - Sync 1 DAGs
[2025-08-26T04:52:54.519+0000] {logging_mixin.py:188} INFO - [2025-08-26T04:52:54.518+0000] {dag.py:3954} INFO - Setting next_dagrun for example_branch_labels to 2025-08-25 00:00:00+00:00, run_after=2025-08-26 00:00:00+00:00
[2025-08-26T04:52:54.610+0000] {processor.py:183} INFO - Processing /home/airflow/.local/lib/python3.12/site-packages/airflow/example_dags/example_branch_labels.py took 0.496 seconds
[2025-08-26T04:53:25.943+0000] {processor.py:161} INFO - Started process (PID=2014) to work on /home/airflow/.local/lib/python3.12/site-packages/airflow/example_dags/example_branch_labels.py
[2025-08-26T04:53:25.946+0000] {processor.py:830} INFO - Processing file /home/airflow/.local/lib/python3.12/site-packages/airflow/example_dags/example_branch_labels.py for tasks to queue
[2025-08-26T04:53:25.962+0000] {logging_mixin.py:188} INFO - [2025-08-26T04:53:25.961+0000] {dagbag.py:545} INFO - Filling up the DagBag from /home/airflow/.local/lib/python3.12/site-packages/airflow/example_dags/example_branch_labels.py
[2025-08-26T04:53:26.005+0000] {processor.py:840} INFO - DAG(s) 'example_branch_labels' retrieved from /home/airflow/.local/lib/python3.12/site-packages/airflow/example_dags/example_branch_labels.py
[2025-08-26T04:53:26.166+0000] {logging_mixin.py:188} INFO - [2025-08-26T04:53:26.166+0000] {dag.py:3096} INFO - Sync 1 DAGs
[2025-08-26T04:53:26.297+0000] {logging_mixin.py:188} INFO - [2025-08-26T04:53:26.296+0000] {dag.py:3954} INFO - Setting next_dagrun for example_branch_labels to 2025-08-25 00:00:00+00:00, run_after=2025-08-26 00:00:00+00:00
[2025-08-26T04:53:26.379+0000] {processor.py:183} INFO - Processing /home/airflow/.local/lib/python3.12/site-packages/airflow/example_dags/example_branch_labels.py took 0.474 seconds
[2025-08-26T04:53:57.924+0000] {processor.py:161} INFO - Started process (PID=2276) to work on /home/airflow/.local/lib/python3.12/site-packages/airflow/example_dags/example_branch_labels.py
[2025-08-26T04:53:57.929+0000] {processor.py:830} INFO - Processing file /home/airflow/.local/lib/python3.12/site-packages/airflow/example_dags/example_branch_labels.py for tasks to queue
[2025-08-26T04:53:57.941+0000] {logging_mixin.py:188} INFO - [2025-08-26T04:53:57.940+0000] {dagbag.py:545} INFO - Filling up the DagBag from /home/airflow/.local/lib/python3.12/site-packages/airflow/example_dags/example_branch_labels.py
[2025-08-26T04:53:57.994+0000] {processor.py:840} INFO - DAG(s) 'example_branch_labels' retrieved from /home/airflow/.local/lib/python3.12/site-packages/airflow/example_dags/example_branch_labels.py
[2025-08-26T04:53:58.106+0000] {logging_mixin.py:188} INFO - [2025-08-26T04:53:58.105+0000] {dag.py:3096} INFO - Sync 1 DAGs
[2025-08-26T04:53:58.235+0000] {logging_mixin.py:188} INFO - [2025-08-26T04:53:58.234+0000] {dag.py:3954} INFO - Setting next_dagrun for example_branch_labels to 2025-08-25 00:00:00+00:00, run_after=2025-08-26 00:00:00+00:00
[2025-08-26T04:53:58.337+0000] {processor.py:183} INFO - Processing /home/airflow/.local/lib/python3.12/site-packages/airflow/example_dags/example_branch_labels.py took 0.479 seconds
[2025-08-26T04:54:35.389+0000] {processor.py:161} INFO - Started process (PID=2564) to work on /home/airflow/.local/lib/python3.12/site-packages/airflow/example_dags/example_branch_labels.py
[2025-08-26T04:54:35.409+0000] {processor.py:830} INFO - Processing file /home/airflow/.local/lib/python3.12/site-packages/airflow/example_dags/example_branch_labels.py for tasks to queue
[2025-08-26T04:54:35.448+0000] {logging_mixin.py:188} INFO - [2025-08-26T04:54:35.444+0000] {dagbag.py:545} INFO - Filling up the DagBag from /home/airflow/.local/lib/python3.12/site-packages/airflow/example_dags/example_branch_labels.py
[2025-08-26T04:54:35.551+0000] {processor.py:840} INFO - DAG(s) 'example_branch_labels' retrieved from /home/airflow/.local/lib/python3.12/site-packages/airflow/example_dags/example_branch_labels.py
[2025-08-26T04:54:35.798+0000] {logging_mixin.py:188} INFO - [2025-08-26T04:54:35.797+0000] {dag.py:3096} INFO - Sync 1 DAGs
[2025-08-26T04:54:35.941+0000] {logging_mixin.py:188} INFO - [2025-08-26T04:54:35.940+0000] {dag.py:3954} INFO - Setting next_dagrun for example_branch_labels to 2025-08-25 00:00:00+00:00, run_after=2025-08-26 00:00:00+00:00
[2025-08-26T04:54:36.140+0000] {processor.py:183} INFO - Processing /home/airflow/.local/lib/python3.12/site-packages/airflow/example_dags/example_branch_labels.py took 0.813 seconds
[2025-08-26T04:55:06.665+0000] {processor.py:161} INFO - Started process (PID=2826) to work on /home/airflow/.local/lib/python3.12/site-packages/airflow/example_dags/example_branch_labels.py
[2025-08-26T04:55:06.678+0000] {processor.py:830} INFO - Processing file /home/airflow/.local/lib/python3.12/site-packages/airflow/example_dags/example_branch_labels.py for tasks to queue
[2025-08-26T04:55:06.684+0000] {logging_mixin.py:188} INFO - [2025-08-26T04:55:06.683+0000] {dagbag.py:545} INFO - Filling up the DagBag from /home/airflow/.local/lib/python3.12/site-packages/airflow/example_dags/example_branch_labels.py
[2025-08-26T04:55:06.845+0000] {processor.py:840} INFO - DAG(s) 'example_branch_labels' retrieved from /home/airflow/.local/lib/python3.12/site-packages/airflow/example_dags/example_branch_labels.py
[2025-08-26T04:55:07.009+0000] {logging_mixin.py:188} INFO - [2025-08-26T04:55:07.004+0000] {dag.py:3096} INFO - Sync 1 DAGs
[2025-08-26T04:55:07.161+0000] {logging_mixin.py:188} INFO - [2025-08-26T04:55:07.160+0000] {dag.py:3954} INFO - Setting next_dagrun for example_branch_labels to 2025-08-25 00:00:00+00:00, run_after=2025-08-26 00:00:00+00:00
[2025-08-26T04:55:07.268+0000] {processor.py:183} INFO - Processing /home/airflow/.local/lib/python3.12/site-packages/airflow/example_dags/example_branch_labels.py took 0.640 seconds
[2025-08-26T04:56:02.191+0000] {processor.py:161} INFO - Started process (PID=3168) to work on /home/airflow/.local/lib/python3.12/site-packages/airflow/example_dags/example_branch_labels.py
[2025-08-26T04:56:02.194+0000] {processor.py:830} INFO - Processing file /home/airflow/.local/lib/python3.12/site-packages/airflow/example_dags/example_branch_labels.py for tasks to queue
[2025-08-26T04:56:02.200+0000] {logging_mixin.py:188} INFO - [2025-08-26T04:56:02.199+0000] {dagbag.py:545} INFO - Filling up the DagBag from /home/airflow/.local/lib/python3.12/site-packages/airflow/example_dags/example_branch_labels.py
[2025-08-26T04:56:02.235+0000] {processor.py:840} INFO - DAG(s) 'example_branch_labels' retrieved from /home/airflow/.local/lib/python3.12/site-packages/airflow/example_dags/example_branch_labels.py
[2025-08-26T04:56:02.380+0000] {logging_mixin.py:188} INFO - [2025-08-26T04:56:02.379+0000] {dag.py:3096} INFO - Sync 1 DAGs
[2025-08-26T04:56:02.587+0000] {logging_mixin.py:188} INFO - [2025-08-26T04:56:02.587+0000] {dag.py:3954} INFO - Setting next_dagrun for example_branch_labels to 2025-08-25 00:00:00+00:00, run_after=2025-08-26 00:00:00+00:00
[2025-08-26T04:56:02.661+0000] {processor.py:183} INFO - Processing /home/airflow/.local/lib/python3.12/site-packages/airflow/example_dags/example_branch_labels.py took 0.500 seconds
[2025-08-26T04:56:36.403+0000] {processor.py:161} INFO - Started process (PID=3437) to work on /home/airflow/.local/lib/python3.12/site-packages/airflow/example_dags/example_branch_labels.py
[2025-08-26T04:56:36.436+0000] {processor.py:830} INFO - Processing file /home/airflow/.local/lib/python3.12/site-packages/airflow/example_dags/example_branch_labels.py for tasks to queue
[2025-08-26T04:56:36.449+0000] {logging_mixin.py:188} INFO - [2025-08-26T04:56:36.447+0000] {dagbag.py:545} INFO - Filling up the DagBag from /home/airflow/.local/lib/python3.12/site-packages/airflow/example_dags/example_branch_labels.py
[2025-08-26T04:56:36.573+0000] {processor.py:840} INFO - DAG(s) 'example_branch_labels' retrieved from /home/airflow/.local/lib/python3.12/site-packages/airflow/example_dags/example_branch_labels.py
[2025-08-26T04:56:36.800+0000] {logging_mixin.py:188} INFO - [2025-08-26T04:56:36.798+0000] {dag.py:3096} INFO - Sync 1 DAGs
[2025-08-26T04:56:36.985+0000] {logging_mixin.py:188} INFO - [2025-08-26T04:56:36.972+0000] {dag.py:3954} INFO - Setting next_dagrun for example_branch_labels to 2025-08-25 00:00:00+00:00, run_after=2025-08-26 00:00:00+00:00
[2025-08-26T04:56:37.384+0000] {processor.py:183} INFO - Processing /home/airflow/.local/lib/python3.12/site-packages/airflow/example_dags/example_branch_labels.py took 1.047 seconds
[2025-08-26T04:57:13.101+0000] {processor.py:161} INFO - Started process (PID=3700) to work on /home/airflow/.local/lib/python3.12/site-packages/airflow/example_dags/example_branch_labels.py
[2025-08-26T04:57:13.106+0000] {processor.py:830} INFO - Processing file /home/airflow/.local/lib/python3.12/site-packages/airflow/example_dags/example_branch_labels.py for tasks to queue
[2025-08-26T04:57:13.121+0000] {logging_mixin.py:188} INFO - [2025-08-26T04:57:13.119+0000] {dagbag.py:545} INFO - Filling up the DagBag from /home/airflow/.local/lib/python3.12/site-packages/airflow/example_dags/example_branch_labels.py
[2025-08-26T04:57:13.181+0000] {processor.py:840} INFO - DAG(s) 'example_branch_labels' retrieved from /home/airflow/.local/lib/python3.12/site-packages/airflow/example_dags/example_branch_labels.py
[2025-08-26T04:57:13.317+0000] {logging_mixin.py:188} INFO - [2025-08-26T04:57:13.316+0000] {dag.py:3096} INFO - Sync 1 DAGs
[2025-08-26T04:57:13.479+0000] {logging_mixin.py:188} INFO - [2025-08-26T04:57:13.478+0000] {dag.py:3954} INFO - Setting next_dagrun for example_branch_labels to 2025-08-25 00:00:00+00:00, run_after=2025-08-26 00:00:00+00:00
[2025-08-26T04:57:13.609+0000] {processor.py:183} INFO - Processing /home/airflow/.local/lib/python3.12/site-packages/airflow/example_dags/example_branch_labels.py took 0.551 seconds
[2025-08-26T05:35:03.591+0000] {processor.py:161} INFO - Started process (PID=4052) to work on /home/airflow/.local/lib/python3.12/site-packages/airflow/example_dags/example_branch_labels.py
[2025-08-26T05:35:03.595+0000] {processor.py:830} INFO - Processing file /home/airflow/.local/lib/python3.12/site-packages/airflow/example_dags/example_branch_labels.py for tasks to queue
[2025-08-26T05:35:03.608+0000] {logging_mixin.py:188} INFO - [2025-08-26T05:35:03.607+0000] {dagbag.py:545} INFO - Filling up the DagBag from /home/airflow/.local/lib/python3.12/site-packages/airflow/example_dags/example_branch_labels.py
[2025-08-26T05:35:03.760+0000] {processor.py:840} INFO - DAG(s) 'example_branch_labels' retrieved from /home/airflow/.local/lib/python3.12/site-packages/airflow/example_dags/example_branch_labels.py
[2025-08-26T05:35:04.257+0000] {logging_mixin.py:188} INFO - [2025-08-26T05:35:04.257+0000] {dag.py:3096} INFO - Sync 1 DAGs
[2025-08-26T05:35:04.734+0000] {logging_mixin.py:188} INFO - [2025-08-26T05:35:04.722+0000] {dag.py:3954} INFO - Setting next_dagrun for example_branch_labels to 2025-08-25 00:00:00+00:00, run_after=2025-08-26 00:00:00+00:00
[2025-08-26T05:35:04.985+0000] {processor.py:183} INFO - Processing /home/airflow/.local/lib/python3.12/site-packages/airflow/example_dags/example_branch_labels.py took 1.738 seconds
[2025-08-26T05:42:36.907+0000] {processor.py:161} INFO - Started process (PID=4427) to work on /home/airflow/.local/lib/python3.12/site-packages/airflow/example_dags/example_branch_labels.py
[2025-08-26T05:42:36.944+0000] {processor.py:830} INFO - Processing file /home/airflow/.local/lib/python3.12/site-packages/airflow/example_dags/example_branch_labels.py for tasks to queue
[2025-08-26T05:42:36.948+0000] {logging_mixin.py:188} INFO - [2025-08-26T05:42:36.946+0000] {dagbag.py:545} INFO - Filling up the DagBag from /home/airflow/.local/lib/python3.12/site-packages/airflow/example_dags/example_branch_labels.py
[2025-08-26T05:42:37.031+0000] {processor.py:840} INFO - DAG(s) 'example_branch_labels' retrieved from /home/airflow/.local/lib/python3.12/site-packages/airflow/example_dags/example_branch_labels.py
[2025-08-26T05:42:37.377+0000] {logging_mixin.py:188} INFO - [2025-08-26T05:42:37.377+0000] {dag.py:3096} INFO - Sync 1 DAGs
[2025-08-26T05:42:37.807+0000] {logging_mixin.py:188} INFO - [2025-08-26T05:42:37.806+0000] {dag.py:3954} INFO - Setting next_dagrun for example_branch_labels to 2025-08-25 00:00:00+00:00, run_after=2025-08-26 00:00:00+00:00
[2025-08-26T05:42:37.970+0000] {processor.py:183} INFO - Processing /home/airflow/.local/lib/python3.12/site-packages/airflow/example_dags/example_branch_labels.py took 1.283 seconds
[2025-08-26T05:43:43.574+0000] {processor.py:161} INFO - Started process (PID=4714) to work on /home/airflow/.local/lib/python3.12/site-packages/airflow/example_dags/example_branch_labels.py
[2025-08-26T05:43:43.591+0000] {processor.py:830} INFO - Processing file /home/airflow/.local/lib/python3.12/site-packages/airflow/example_dags/example_branch_labels.py for tasks to queue
[2025-08-26T05:43:43.608+0000] {logging_mixin.py:188} INFO - [2025-08-26T05:43:43.604+0000] {dagbag.py:545} INFO - Filling up the DagBag from /home/airflow/.local/lib/python3.12/site-packages/airflow/example_dags/example_branch_labels.py
[2025-08-26T05:43:43.693+0000] {processor.py:840} INFO - DAG(s) 'example_branch_labels' retrieved from /home/airflow/.local/lib/python3.12/site-packages/airflow/example_dags/example_branch_labels.py
[2025-08-26T05:43:43.912+0000] {logging_mixin.py:188} INFO - [2025-08-26T05:43:43.911+0000] {dag.py:3096} INFO - Sync 1 DAGs
[2025-08-26T05:43:44.304+0000] {logging_mixin.py:188} INFO - [2025-08-26T05:43:44.276+0000] {dag.py:3954} INFO - Setting next_dagrun for example_branch_labels to 2025-08-25 00:00:00+00:00, run_after=2025-08-26 00:00:00+00:00
[2025-08-26T05:43:44.567+0000] {processor.py:183} INFO - Processing /home/airflow/.local/lib/python3.12/site-packages/airflow/example_dags/example_branch_labels.py took 1.077 seconds
[2025-08-26T05:44:18.439+0000] {processor.py:161} INFO - Started process (PID=4976) to work on /home/airflow/.local/lib/python3.12/site-packages/airflow/example_dags/example_branch_labels.py
[2025-08-26T05:44:18.462+0000] {processor.py:830} INFO - Processing file /home/airflow/.local/lib/python3.12/site-packages/airflow/example_dags/example_branch_labels.py for tasks to queue
[2025-08-26T05:44:18.476+0000] {logging_mixin.py:188} INFO - [2025-08-26T05:44:18.474+0000] {dagbag.py:545} INFO - Filling up the DagBag from /home/airflow/.local/lib/python3.12/site-packages/airflow/example_dags/example_branch_labels.py
[2025-08-26T05:44:18.709+0000] {processor.py:840} INFO - DAG(s) 'example_branch_labels' retrieved from /home/airflow/.local/lib/python3.12/site-packages/airflow/example_dags/example_branch_labels.py
[2025-08-26T05:44:18.947+0000] {logging_mixin.py:188} INFO - [2025-08-26T05:44:18.946+0000] {dag.py:3096} INFO - Sync 1 DAGs
[2025-08-26T05:44:19.241+0000] {logging_mixin.py:188} INFO - [2025-08-26T05:44:19.241+0000] {dag.py:3954} INFO - Setting next_dagrun for example_branch_labels to 2025-08-25 00:00:00+00:00, run_after=2025-08-26 00:00:00+00:00
[2025-08-26T05:44:19.561+0000] {processor.py:183} INFO - Processing /home/airflow/.local/lib/python3.12/site-packages/airflow/example_dags/example_branch_labels.py took 1.282 seconds
[2025-08-26T05:44:54.231+0000] {processor.py:161} INFO - Started process (PID=5239) to work on /home/airflow/.local/lib/python3.12/site-packages/airflow/example_dags/example_branch_labels.py
[2025-08-26T05:44:54.254+0000] {processor.py:830} INFO - Processing file /home/airflow/.local/lib/python3.12/site-packages/airflow/example_dags/example_branch_labels.py for tasks to queue
[2025-08-26T05:44:54.280+0000] {logging_mixin.py:188} INFO - [2025-08-26T05:44:54.279+0000] {dagbag.py:545} INFO - Filling up the DagBag from /home/airflow/.local/lib/python3.12/site-packages/airflow/example_dags/example_branch_labels.py
[2025-08-26T05:44:54.367+0000] {processor.py:840} INFO - DAG(s) 'example_branch_labels' retrieved from /home/airflow/.local/lib/python3.12/site-packages/airflow/example_dags/example_branch_labels.py
[2025-08-26T05:44:54.652+0000] {logging_mixin.py:188} INFO - [2025-08-26T05:44:54.651+0000] {dag.py:3096} INFO - Sync 1 DAGs
[2025-08-26T05:44:55.051+0000] {logging_mixin.py:188} INFO - [2025-08-26T05:44:55.014+0000] {dag.py:3954} INFO - Setting next_dagrun for example_branch_labels to 2025-08-25 00:00:00+00:00, run_after=2025-08-26 00:00:00+00:00
[2025-08-26T05:44:55.483+0000] {processor.py:183} INFO - Processing /home/airflow/.local/lib/python3.12/site-packages/airflow/example_dags/example_branch_labels.py took 1.298 seconds
[2025-08-26T05:45:30.293+0000] {processor.py:161} INFO - Started process (PID=5505) to work on /home/airflow/.local/lib/python3.12/site-packages/airflow/example_dags/example_branch_labels.py
[2025-08-26T05:45:30.304+0000] {processor.py:830} INFO - Processing file /home/airflow/.local/lib/python3.12/site-packages/airflow/example_dags/example_branch_labels.py for tasks to queue
[2025-08-26T05:45:30.308+0000] {logging_mixin.py:188} INFO - [2025-08-26T05:45:30.307+0000] {dagbag.py:545} INFO - Filling up the DagBag from /home/airflow/.local/lib/python3.12/site-packages/airflow/example_dags/example_branch_labels.py
[2025-08-26T05:45:30.365+0000] {processor.py:840} INFO - DAG(s) 'example_branch_labels' retrieved from /home/airflow/.local/lib/python3.12/site-packages/airflow/example_dags/example_branch_labels.py
[2025-08-26T05:45:30.539+0000] {logging_mixin.py:188} INFO - [2025-08-26T05:45:30.539+0000] {dag.py:3096} INFO - Sync 1 DAGs
[2025-08-26T05:45:30.813+0000] {logging_mixin.py:188} INFO - [2025-08-26T05:45:30.812+0000] {dag.py:3954} INFO - Setting next_dagrun for example_branch_labels to 2025-08-25 00:00:00+00:00, run_after=2025-08-26 00:00:00+00:00
[2025-08-26T05:45:30.956+0000] {processor.py:183} INFO - Processing /home/airflow/.local/lib/python3.12/site-packages/airflow/example_dags/example_branch_labels.py took 0.713 seconds
[2025-08-26T05:46:01.690+0000] {processor.py:161} INFO - Started process (PID=5762) to work on /home/airflow/.local/lib/python3.12/site-packages/airflow/example_dags/example_branch_labels.py
[2025-08-26T05:46:01.695+0000] {processor.py:830} INFO - Processing file /home/airflow/.local/lib/python3.12/site-packages/airflow/example_dags/example_branch_labels.py for tasks to queue
[2025-08-26T05:46:01.703+0000] {logging_mixin.py:188} INFO - [2025-08-26T05:46:01.702+0000] {dagbag.py:545} INFO - Filling up the DagBag from /home/airflow/.local/lib/python3.12/site-packages/airflow/example_dags/example_branch_labels.py
[2025-08-26T05:46:01.742+0000] {processor.py:840} INFO - DAG(s) 'example_branch_labels' retrieved from /home/airflow/.local/lib/python3.12/site-packages/airflow/example_dags/example_branch_labels.py
[2025-08-26T05:46:01.870+0000] {logging_mixin.py:188} INFO - [2025-08-26T05:46:01.869+0000] {dag.py:3096} INFO - Sync 1 DAGs
[2025-08-26T05:46:02.081+0000] {logging_mixin.py:188} INFO - [2025-08-26T05:46:02.080+0000] {dag.py:3954} INFO - Setting next_dagrun for example_branch_labels to 2025-08-25 00:00:00+00:00, run_after=2025-08-26 00:00:00+00:00
[2025-08-26T05:46:02.189+0000] {processor.py:183} INFO - Processing /home/airflow/.local/lib/python3.12/site-packages/airflow/example_dags/example_branch_labels.py took 0.542 seconds
[2025-08-26T05:46:33.895+0000] {processor.py:161} INFO - Started process (PID=6024) to work on /home/airflow/.local/lib/python3.12/site-packages/airflow/example_dags/example_branch_labels.py
[2025-08-26T05:46:33.902+0000] {processor.py:830} INFO - Processing file /home/airflow/.local/lib/python3.12/site-packages/airflow/example_dags/example_branch_labels.py for tasks to queue
[2025-08-26T05:46:33.911+0000] {logging_mixin.py:188} INFO - [2025-08-26T05:46:33.910+0000] {dagbag.py:545} INFO - Filling up the DagBag from /home/airflow/.local/lib/python3.12/site-packages/airflow/example_dags/example_branch_labels.py
[2025-08-26T05:46:33.972+0000] {processor.py:840} INFO - DAG(s) 'example_branch_labels' retrieved from /home/airflow/.local/lib/python3.12/site-packages/airflow/example_dags/example_branch_labels.py
[2025-08-26T05:46:34.241+0000] {logging_mixin.py:188} INFO - [2025-08-26T05:46:34.240+0000] {dag.py:3096} INFO - Sync 1 DAGs
[2025-08-26T05:46:34.743+0000] {logging_mixin.py:188} INFO - [2025-08-26T05:46:34.728+0000] {dag.py:3954} INFO - Setting next_dagrun for example_branch_labels to 2025-08-25 00:00:00+00:00, run_after=2025-08-26 00:00:00+00:00
[2025-08-26T05:46:34.956+0000] {processor.py:183} INFO - Processing /home/airflow/.local/lib/python3.12/site-packages/airflow/example_dags/example_branch_labels.py took 1.119 seconds
[2025-08-26T05:47:05.976+0000] {processor.py:161} INFO - Started process (PID=6286) to work on /home/airflow/.local/lib/python3.12/site-packages/airflow/example_dags/example_branch_labels.py
[2025-08-26T05:47:05.990+0000] {processor.py:830} INFO - Processing file /home/airflow/.local/lib/python3.12/site-packages/airflow/example_dags/example_branch_labels.py for tasks to queue
[2025-08-26T05:47:05.997+0000] {logging_mixin.py:188} INFO - [2025-08-26T05:47:05.995+0000] {dagbag.py:545} INFO - Filling up the DagBag from /home/airflow/.local/lib/python3.12/site-packages/airflow/example_dags/example_branch_labels.py
[2025-08-26T05:47:06.114+0000] {processor.py:840} INFO - DAG(s) 'example_branch_labels' retrieved from /home/airflow/.local/lib/python3.12/site-packages/airflow/example_dags/example_branch_labels.py
[2025-08-26T05:47:06.363+0000] {logging_mixin.py:188} INFO - [2025-08-26T05:47:06.362+0000] {dag.py:3096} INFO - Sync 1 DAGs
[2025-08-26T05:47:06.751+0000] {logging_mixin.py:188} INFO - [2025-08-26T05:47:06.737+0000] {dag.py:3954} INFO - Setting next_dagrun for example_branch_labels to 2025-08-25 00:00:00+00:00, run_after=2025-08-26 00:00:00+00:00
[2025-08-26T05:47:06.977+0000] {processor.py:183} INFO - Processing /home/airflow/.local/lib/python3.12/site-packages/airflow/example_dags/example_branch_labels.py took 1.062 seconds
[2025-08-26T05:47:43.158+0000] {processor.py:161} INFO - Started process (PID=6554) to work on /home/airflow/.local/lib/python3.12/site-packages/airflow/example_dags/example_branch_labels.py
[2025-08-26T05:47:43.196+0000] {processor.py:830} INFO - Processing file /home/airflow/.local/lib/python3.12/site-packages/airflow/example_dags/example_branch_labels.py for tasks to queue
[2025-08-26T05:47:43.199+0000] {logging_mixin.py:188} INFO - [2025-08-26T05:47:43.198+0000] {dagbag.py:545} INFO - Filling up the DagBag from /home/airflow/.local/lib/python3.12/site-packages/airflow/example_dags/example_branch_labels.py
[2025-08-26T05:47:43.324+0000] {processor.py:840} INFO - DAG(s) 'example_branch_labels' retrieved from /home/airflow/.local/lib/python3.12/site-packages/airflow/example_dags/example_branch_labels.py
[2025-08-26T05:47:43.665+0000] {logging_mixin.py:188} INFO - [2025-08-26T05:47:43.665+0000] {dag.py:3096} INFO - Sync 1 DAGs
[2025-08-26T05:47:43.847+0000] {logging_mixin.py:188} INFO - [2025-08-26T05:47:43.847+0000] {dag.py:3954} INFO - Setting next_dagrun for example_branch_labels to 2025-08-25 00:00:00+00:00, run_after=2025-08-26 00:00:00+00:00
[2025-08-26T05:47:44.038+0000] {processor.py:183} INFO - Processing /home/airflow/.local/lib/python3.12/site-packages/airflow/example_dags/example_branch_labels.py took 0.942 seconds
