[2025-08-26T04:30:12.920+0000] {processor.py:161} INFO - Started process (PID=379) to work on /home/airflow/.local/lib/python3.12/site-packages/airflow/example_dags/example_kubernetes_executor.py
[2025-08-26T04:30:12.935+0000] {processor.py:830} INFO - Processing file /home/airflow/.local/lib/python3.12/site-packages/airflow/example_dags/example_kubernetes_executor.py for tasks to queue
[2025-08-26T04:30:12.948+0000] {logging_mixin.py:188} INFO - [2025-08-26T04:30:12.947+0000] {dagbag.py:545} INFO - Filling up the DagBag from /home/airflow/.local/lib/python3.12/site-packages/airflow/example_dags/example_kubernetes_executor.py
[2025-08-26T04:30:13.370+0000] {processor.py:840} INFO - DAG(s) 'example_kubernetes_executor' retrieved from /home/airflow/.local/lib/python3.12/site-packages/airflow/example_dags/example_kubernetes_executor.py
[2025-08-26T04:30:16.333+0000] {logging_mixin.py:188} INFO - [2025-08-26T04:30:16.331+0000] {override.py:1829} INFO - Created Permission View: can delete on DAG:example_kubernetes_executor
[2025-08-26T04:30:16.428+0000] {logging_mixin.py:188} INFO - [2025-08-26T04:30:16.427+0000] {override.py:1829} INFO - Created Permission View: can read on DAG:example_kubernetes_executor
[2025-08-26T04:30:16.497+0000] {logging_mixin.py:188} INFO - [2025-08-26T04:30:16.488+0000] {override.py:1829} INFO - Created Permission View: can edit on DAG:example_kubernetes_executor
[2025-08-26T04:30:16.500+0000] {logging_mixin.py:188} INFO - [2025-08-26T04:30:16.498+0000] {dag.py:3096} INFO - Sync 1 DAGs
[2025-08-26T04:30:16.689+0000] {logging_mixin.py:188} INFO - [2025-08-26T04:30:16.684+0000] {dag.py:3118} INFO - Creating ORM DAG for example_kubernetes_executor
[2025-08-26T04:30:16.714+0000] {logging_mixin.py:188} INFO - [2025-08-26T04:30:16.714+0000] {dag.py:3954} INFO - Setting next_dagrun for example_kubernetes_executor to None, run_after=None
[2025-08-26T04:30:16.895+0000] {processor.py:183} INFO - Processing /home/airflow/.local/lib/python3.12/site-packages/airflow/example_dags/example_kubernetes_executor.py took 4.125 seconds
[2025-08-26T04:31:06.050+0000] {processor.py:161} INFO - Started process (PID=648) to work on /home/airflow/.local/lib/python3.12/site-packages/airflow/example_dags/example_kubernetes_executor.py
[2025-08-26T04:31:06.060+0000] {processor.py:830} INFO - Processing file /home/airflow/.local/lib/python3.12/site-packages/airflow/example_dags/example_kubernetes_executor.py for tasks to queue
[2025-08-26T04:31:06.103+0000] {logging_mixin.py:188} INFO - [2025-08-26T04:31:06.099+0000] {dagbag.py:545} INFO - Filling up the DagBag from /home/airflow/.local/lib/python3.12/site-packages/airflow/example_dags/example_kubernetes_executor.py
[2025-08-26T04:31:06.192+0000] {processor.py:840} INFO - DAG(s) 'example_kubernetes_executor' retrieved from /home/airflow/.local/lib/python3.12/site-packages/airflow/example_dags/example_kubernetes_executor.py
[2025-08-26T04:31:06.470+0000] {logging_mixin.py:188} INFO - [2025-08-26T04:31:06.469+0000] {dag.py:3096} INFO - Sync 1 DAGs
[2025-08-26T04:31:06.659+0000] {logging_mixin.py:188} INFO - [2025-08-26T04:31:06.657+0000] {dag.py:3954} INFO - Setting next_dagrun for example_kubernetes_executor to None, run_after=None
[2025-08-26T04:31:06.812+0000] {processor.py:183} INFO - Processing /home/airflow/.local/lib/python3.12/site-packages/airflow/example_dags/example_kubernetes_executor.py took 0.843 seconds
[2025-08-26T04:31:42.689+0000] {processor.py:161} INFO - Started process (PID=910) to work on /home/airflow/.local/lib/python3.12/site-packages/airflow/example_dags/example_kubernetes_executor.py
[2025-08-26T04:31:42.704+0000] {processor.py:830} INFO - Processing file /home/airflow/.local/lib/python3.12/site-packages/airflow/example_dags/example_kubernetes_executor.py for tasks to queue
[2025-08-26T04:31:42.717+0000] {logging_mixin.py:188} INFO - [2025-08-26T04:31:42.716+0000] {dagbag.py:545} INFO - Filling up the DagBag from /home/airflow/.local/lib/python3.12/site-packages/airflow/example_dags/example_kubernetes_executor.py
[2025-08-26T04:31:42.818+0000] {processor.py:840} INFO - DAG(s) 'example_kubernetes_executor' retrieved from /home/airflow/.local/lib/python3.12/site-packages/airflow/example_dags/example_kubernetes_executor.py
[2025-08-26T04:31:43.127+0000] {logging_mixin.py:188} INFO - [2025-08-26T04:31:43.124+0000] {dag.py:3096} INFO - Sync 1 DAGs
[2025-08-26T04:31:43.232+0000] {logging_mixin.py:188} INFO - [2025-08-26T04:31:43.231+0000] {dag.py:3954} INFO - Setting next_dagrun for example_kubernetes_executor to None, run_after=None
[2025-08-26T04:31:43.373+0000] {processor.py:183} INFO - Processing /home/airflow/.local/lib/python3.12/site-packages/airflow/example_dags/example_kubernetes_executor.py took 0.808 seconds
[2025-08-26T04:32:16.087+0000] {processor.py:161} INFO - Started process (PID=1171) to work on /home/airflow/.local/lib/python3.12/site-packages/airflow/example_dags/example_kubernetes_executor.py
[2025-08-26T04:32:16.092+0000] {processor.py:830} INFO - Processing file /home/airflow/.local/lib/python3.12/site-packages/airflow/example_dags/example_kubernetes_executor.py for tasks to queue
[2025-08-26T04:32:16.098+0000] {logging_mixin.py:188} INFO - [2025-08-26T04:32:16.097+0000] {dagbag.py:545} INFO - Filling up the DagBag from /home/airflow/.local/lib/python3.12/site-packages/airflow/example_dags/example_kubernetes_executor.py
[2025-08-26T04:32:16.207+0000] {processor.py:840} INFO - DAG(s) 'example_kubernetes_executor' retrieved from /home/airflow/.local/lib/python3.12/site-packages/airflow/example_dags/example_kubernetes_executor.py
[2025-08-26T04:32:16.456+0000] {logging_mixin.py:188} INFO - [2025-08-26T04:32:16.456+0000] {dag.py:3096} INFO - Sync 1 DAGs
[2025-08-26T04:32:16.533+0000] {logging_mixin.py:188} INFO - [2025-08-26T04:32:16.532+0000] {dag.py:3954} INFO - Setting next_dagrun for example_kubernetes_executor to None, run_after=None
[2025-08-26T04:32:16.655+0000] {processor.py:183} INFO - Processing /home/airflow/.local/lib/python3.12/site-packages/airflow/example_dags/example_kubernetes_executor.py took 0.597 seconds
[2025-08-26T04:33:00.978+0000] {processor.py:161} INFO - Started process (PID=1459) to work on /home/airflow/.local/lib/python3.12/site-packages/airflow/example_dags/example_kubernetes_executor.py
[2025-08-26T04:33:00.982+0000] {processor.py:830} INFO - Processing file /home/airflow/.local/lib/python3.12/site-packages/airflow/example_dags/example_kubernetes_executor.py for tasks to queue
[2025-08-26T04:33:00.993+0000] {logging_mixin.py:188} INFO - [2025-08-26T04:33:00.992+0000] {dagbag.py:545} INFO - Filling up the DagBag from /home/airflow/.local/lib/python3.12/site-packages/airflow/example_dags/example_kubernetes_executor.py
[2025-08-26T04:33:01.074+0000] {processor.py:840} INFO - DAG(s) 'example_kubernetes_executor' retrieved from /home/airflow/.local/lib/python3.12/site-packages/airflow/example_dags/example_kubernetes_executor.py
[2025-08-26T04:33:01.742+0000] {logging_mixin.py:188} INFO - [2025-08-26T04:33:01.741+0000] {dag.py:3096} INFO - Sync 1 DAGs
[2025-08-26T04:33:01.937+0000] {logging_mixin.py:188} INFO - [2025-08-26T04:33:01.936+0000] {dag.py:3954} INFO - Setting next_dagrun for example_kubernetes_executor to None, run_after=None
[2025-08-26T04:33:02.136+0000] {processor.py:183} INFO - Processing /home/airflow/.local/lib/python3.12/site-packages/airflow/example_dags/example_kubernetes_executor.py took 1.196 seconds
[2025-08-26T04:33:33.038+0000] {processor.py:161} INFO - Started process (PID=1721) to work on /home/airflow/.local/lib/python3.12/site-packages/airflow/example_dags/example_kubernetes_executor.py
[2025-08-26T04:33:33.041+0000] {processor.py:830} INFO - Processing file /home/airflow/.local/lib/python3.12/site-packages/airflow/example_dags/example_kubernetes_executor.py for tasks to queue
[2025-08-26T04:33:33.052+0000] {logging_mixin.py:188} INFO - [2025-08-26T04:33:33.050+0000] {dagbag.py:545} INFO - Filling up the DagBag from /home/airflow/.local/lib/python3.12/site-packages/airflow/example_dags/example_kubernetes_executor.py
[2025-08-26T04:33:33.133+0000] {processor.py:840} INFO - DAG(s) 'example_kubernetes_executor' retrieved from /home/airflow/.local/lib/python3.12/site-packages/airflow/example_dags/example_kubernetes_executor.py
[2025-08-26T04:33:33.340+0000] {logging_mixin.py:188} INFO - [2025-08-26T04:33:33.339+0000] {dag.py:3096} INFO - Sync 1 DAGs
[2025-08-26T04:33:33.422+0000] {logging_mixin.py:188} INFO - [2025-08-26T04:33:33.421+0000] {dag.py:3954} INFO - Setting next_dagrun for example_kubernetes_executor to None, run_after=None
[2025-08-26T04:33:33.535+0000] {processor.py:183} INFO - Processing /home/airflow/.local/lib/python3.12/site-packages/airflow/example_dags/example_kubernetes_executor.py took 0.534 seconds
[2025-08-26T04:34:04.637+0000] {processor.py:161} INFO - Started process (PID=1983) to work on /home/airflow/.local/lib/python3.12/site-packages/airflow/example_dags/example_kubernetes_executor.py
[2025-08-26T04:34:04.640+0000] {processor.py:830} INFO - Processing file /home/airflow/.local/lib/python3.12/site-packages/airflow/example_dags/example_kubernetes_executor.py for tasks to queue
[2025-08-26T04:34:04.655+0000] {logging_mixin.py:188} INFO - [2025-08-26T04:34:04.645+0000] {dagbag.py:545} INFO - Filling up the DagBag from /home/airflow/.local/lib/python3.12/site-packages/airflow/example_dags/example_kubernetes_executor.py
[2025-08-26T04:34:04.723+0000] {processor.py:840} INFO - DAG(s) 'example_kubernetes_executor' retrieved from /home/airflow/.local/lib/python3.12/site-packages/airflow/example_dags/example_kubernetes_executor.py
[2025-08-26T04:34:04.939+0000] {logging_mixin.py:188} INFO - [2025-08-26T04:34:04.939+0000] {dag.py:3096} INFO - Sync 1 DAGs
[2025-08-26T04:34:05.065+0000] {logging_mixin.py:188} INFO - [2025-08-26T04:34:05.065+0000] {dag.py:3954} INFO - Setting next_dagrun for example_kubernetes_executor to None, run_after=None
[2025-08-26T04:34:05.151+0000] {processor.py:183} INFO - Processing /home/airflow/.local/lib/python3.12/site-packages/airflow/example_dags/example_kubernetes_executor.py took 0.558 seconds
[2025-08-26T04:34:35.647+0000] {processor.py:161} INFO - Started process (PID=2245) to work on /home/airflow/.local/lib/python3.12/site-packages/airflow/example_dags/example_kubernetes_executor.py
[2025-08-26T04:34:35.650+0000] {processor.py:830} INFO - Processing file /home/airflow/.local/lib/python3.12/site-packages/airflow/example_dags/example_kubernetes_executor.py for tasks to queue
[2025-08-26T04:34:35.661+0000] {logging_mixin.py:188} INFO - [2025-08-26T04:34:35.659+0000] {dagbag.py:545} INFO - Filling up the DagBag from /home/airflow/.local/lib/python3.12/site-packages/airflow/example_dags/example_kubernetes_executor.py
[2025-08-26T04:34:35.748+0000] {processor.py:840} INFO - DAG(s) 'example_kubernetes_executor' retrieved from /home/airflow/.local/lib/python3.12/site-packages/airflow/example_dags/example_kubernetes_executor.py
[2025-08-26T04:34:35.992+0000] {logging_mixin.py:188} INFO - [2025-08-26T04:34:35.987+0000] {dag.py:3096} INFO - Sync 1 DAGs
[2025-08-26T04:34:36.091+0000] {logging_mixin.py:188} INFO - [2025-08-26T04:34:36.090+0000] {dag.py:3954} INFO - Setting next_dagrun for example_kubernetes_executor to None, run_after=None
[2025-08-26T04:34:36.315+0000] {processor.py:183} INFO - Processing /home/airflow/.local/lib/python3.12/site-packages/airflow/example_dags/example_kubernetes_executor.py took 0.716 seconds
[2025-08-26T04:35:06.953+0000] {processor.py:161} INFO - Started process (PID=2506) to work on /home/airflow/.local/lib/python3.12/site-packages/airflow/example_dags/example_kubernetes_executor.py
[2025-08-26T04:35:06.966+0000] {processor.py:830} INFO - Processing file /home/airflow/.local/lib/python3.12/site-packages/airflow/example_dags/example_kubernetes_executor.py for tasks to queue
[2025-08-26T04:35:06.984+0000] {logging_mixin.py:188} INFO - [2025-08-26T04:35:06.978+0000] {dagbag.py:545} INFO - Filling up the DagBag from /home/airflow/.local/lib/python3.12/site-packages/airflow/example_dags/example_kubernetes_executor.py
[2025-08-26T04:35:07.077+0000] {processor.py:840} INFO - DAG(s) 'example_kubernetes_executor' retrieved from /home/airflow/.local/lib/python3.12/site-packages/airflow/example_dags/example_kubernetes_executor.py
[2025-08-26T04:35:07.251+0000] {logging_mixin.py:188} INFO - [2025-08-26T04:35:07.250+0000] {dag.py:3096} INFO - Sync 1 DAGs
[2025-08-26T04:35:07.310+0000] {logging_mixin.py:188} INFO - [2025-08-26T04:35:07.309+0000] {dag.py:3954} INFO - Setting next_dagrun for example_kubernetes_executor to None, run_after=None
[2025-08-26T04:35:07.390+0000] {processor.py:183} INFO - Processing /home/airflow/.local/lib/python3.12/site-packages/airflow/example_dags/example_kubernetes_executor.py took 0.487 seconds
[2025-08-26T04:35:38.277+0000] {processor.py:161} INFO - Started process (PID=2768) to work on /home/airflow/.local/lib/python3.12/site-packages/airflow/example_dags/example_kubernetes_executor.py
[2025-08-26T04:35:38.292+0000] {processor.py:830} INFO - Processing file /home/airflow/.local/lib/python3.12/site-packages/airflow/example_dags/example_kubernetes_executor.py for tasks to queue
[2025-08-26T04:35:38.309+0000] {logging_mixin.py:188} INFO - [2025-08-26T04:35:38.307+0000] {dagbag.py:545} INFO - Filling up the DagBag from /home/airflow/.local/lib/python3.12/site-packages/airflow/example_dags/example_kubernetes_executor.py
[2025-08-26T04:35:38.400+0000] {processor.py:840} INFO - DAG(s) 'example_kubernetes_executor' retrieved from /home/airflow/.local/lib/python3.12/site-packages/airflow/example_dags/example_kubernetes_executor.py
[2025-08-26T04:35:38.734+0000] {logging_mixin.py:188} INFO - [2025-08-26T04:35:38.733+0000] {dag.py:3096} INFO - Sync 1 DAGs
[2025-08-26T04:35:38.851+0000] {logging_mixin.py:188} INFO - [2025-08-26T04:35:38.850+0000] {dag.py:3954} INFO - Setting next_dagrun for example_kubernetes_executor to None, run_after=None
[2025-08-26T04:35:39.034+0000] {processor.py:183} INFO - Processing /home/airflow/.local/lib/python3.12/site-packages/airflow/example_dags/example_kubernetes_executor.py took 0.816 seconds
[2025-08-26T04:36:12.766+0000] {processor.py:161} INFO - Started process (PID=3032) to work on /home/airflow/.local/lib/python3.12/site-packages/airflow/example_dags/example_kubernetes_executor.py
[2025-08-26T04:36:12.769+0000] {processor.py:830} INFO - Processing file /home/airflow/.local/lib/python3.12/site-packages/airflow/example_dags/example_kubernetes_executor.py for tasks to queue
[2025-08-26T04:36:12.796+0000] {logging_mixin.py:188} INFO - [2025-08-26T04:36:12.793+0000] {dagbag.py:545} INFO - Filling up the DagBag from /home/airflow/.local/lib/python3.12/site-packages/airflow/example_dags/example_kubernetes_executor.py
[2025-08-26T04:36:12.888+0000] {processor.py:840} INFO - DAG(s) 'example_kubernetes_executor' retrieved from /home/airflow/.local/lib/python3.12/site-packages/airflow/example_dags/example_kubernetes_executor.py
[2025-08-26T04:36:13.123+0000] {logging_mixin.py:188} INFO - [2025-08-26T04:36:13.121+0000] {dag.py:3096} INFO - Sync 1 DAGs
[2025-08-26T04:36:13.262+0000] {logging_mixin.py:188} INFO - [2025-08-26T04:36:13.261+0000] {dag.py:3954} INFO - Setting next_dagrun for example_kubernetes_executor to None, run_after=None
[2025-08-26T04:36:13.406+0000] {processor.py:183} INFO - Processing /home/airflow/.local/lib/python3.12/site-packages/airflow/example_dags/example_kubernetes_executor.py took 0.746 seconds
[2025-08-26T04:36:45.310+0000] {processor.py:161} INFO - Started process (PID=3293) to work on /home/airflow/.local/lib/python3.12/site-packages/airflow/example_dags/example_kubernetes_executor.py
[2025-08-26T04:36:45.313+0000] {processor.py:830} INFO - Processing file /home/airflow/.local/lib/python3.12/site-packages/airflow/example_dags/example_kubernetes_executor.py for tasks to queue
[2025-08-26T04:36:45.324+0000] {logging_mixin.py:188} INFO - [2025-08-26T04:36:45.321+0000] {dagbag.py:545} INFO - Filling up the DagBag from /home/airflow/.local/lib/python3.12/site-packages/airflow/example_dags/example_kubernetes_executor.py
[2025-08-26T04:36:45.384+0000] {processor.py:840} INFO - DAG(s) 'example_kubernetes_executor' retrieved from /home/airflow/.local/lib/python3.12/site-packages/airflow/example_dags/example_kubernetes_executor.py
[2025-08-26T04:36:45.600+0000] {logging_mixin.py:188} INFO - [2025-08-26T04:36:45.600+0000] {dag.py:3096} INFO - Sync 1 DAGs
[2025-08-26T04:36:45.673+0000] {logging_mixin.py:188} INFO - [2025-08-26T04:36:45.673+0000] {dag.py:3954} INFO - Setting next_dagrun for example_kubernetes_executor to None, run_after=None
[2025-08-26T04:36:45.764+0000] {processor.py:183} INFO - Processing /home/airflow/.local/lib/python3.12/site-packages/airflow/example_dags/example_kubernetes_executor.py took 0.498 seconds
[2025-08-26T04:37:16.687+0000] {processor.py:161} INFO - Started process (PID=3555) to work on /home/airflow/.local/lib/python3.12/site-packages/airflow/example_dags/example_kubernetes_executor.py
[2025-08-26T04:37:16.690+0000] {processor.py:830} INFO - Processing file /home/airflow/.local/lib/python3.12/site-packages/airflow/example_dags/example_kubernetes_executor.py for tasks to queue
[2025-08-26T04:37:16.701+0000] {logging_mixin.py:188} INFO - [2025-08-26T04:37:16.699+0000] {dagbag.py:545} INFO - Filling up the DagBag from /home/airflow/.local/lib/python3.12/site-packages/airflow/example_dags/example_kubernetes_executor.py
[2025-08-26T04:37:16.771+0000] {processor.py:840} INFO - DAG(s) 'example_kubernetes_executor' retrieved from /home/airflow/.local/lib/python3.12/site-packages/airflow/example_dags/example_kubernetes_executor.py
[2025-08-26T04:37:17.002+0000] {logging_mixin.py:188} INFO - [2025-08-26T04:37:17.001+0000] {dag.py:3096} INFO - Sync 1 DAGs
[2025-08-26T04:37:17.082+0000] {logging_mixin.py:188} INFO - [2025-08-26T04:37:17.081+0000] {dag.py:3954} INFO - Setting next_dagrun for example_kubernetes_executor to None, run_after=None
[2025-08-26T04:37:17.213+0000] {processor.py:183} INFO - Processing /home/airflow/.local/lib/python3.12/site-packages/airflow/example_dags/example_kubernetes_executor.py took 0.559 seconds
[2025-08-26T04:37:47.681+0000] {processor.py:161} INFO - Started process (PID=3812) to work on /home/airflow/.local/lib/python3.12/site-packages/airflow/example_dags/example_kubernetes_executor.py
[2025-08-26T04:37:47.684+0000] {processor.py:830} INFO - Processing file /home/airflow/.local/lib/python3.12/site-packages/airflow/example_dags/example_kubernetes_executor.py for tasks to queue
[2025-08-26T04:37:47.690+0000] {logging_mixin.py:188} INFO - [2025-08-26T04:37:47.689+0000] {dagbag.py:545} INFO - Filling up the DagBag from /home/airflow/.local/lib/python3.12/site-packages/airflow/example_dags/example_kubernetes_executor.py
[2025-08-26T04:37:47.764+0000] {processor.py:840} INFO - DAG(s) 'example_kubernetes_executor' retrieved from /home/airflow/.local/lib/python3.12/site-packages/airflow/example_dags/example_kubernetes_executor.py
[2025-08-26T04:37:47.950+0000] {logging_mixin.py:188} INFO - [2025-08-26T04:37:47.949+0000] {dag.py:3096} INFO - Sync 1 DAGs
[2025-08-26T04:37:48.048+0000] {logging_mixin.py:188} INFO - [2025-08-26T04:37:48.044+0000] {dag.py:3954} INFO - Setting next_dagrun for example_kubernetes_executor to None, run_after=None
[2025-08-26T04:37:48.146+0000] {processor.py:183} INFO - Processing /home/airflow/.local/lib/python3.12/site-packages/airflow/example_dags/example_kubernetes_executor.py took 0.494 seconds
[2025-08-26T04:38:18.835+0000] {processor.py:161} INFO - Started process (PID=4074) to work on /home/airflow/.local/lib/python3.12/site-packages/airflow/example_dags/example_kubernetes_executor.py
[2025-08-26T04:38:18.841+0000] {processor.py:830} INFO - Processing file /home/airflow/.local/lib/python3.12/site-packages/airflow/example_dags/example_kubernetes_executor.py for tasks to queue
[2025-08-26T04:38:18.854+0000] {logging_mixin.py:188} INFO - [2025-08-26T04:38:18.853+0000] {dagbag.py:545} INFO - Filling up the DagBag from /home/airflow/.local/lib/python3.12/site-packages/airflow/example_dags/example_kubernetes_executor.py
[2025-08-26T04:38:19.052+0000] {processor.py:840} INFO - DAG(s) 'example_kubernetes_executor' retrieved from /home/airflow/.local/lib/python3.12/site-packages/airflow/example_dags/example_kubernetes_executor.py
[2025-08-26T04:38:19.240+0000] {logging_mixin.py:188} INFO - [2025-08-26T04:38:19.239+0000] {dag.py:3096} INFO - Sync 1 DAGs
[2025-08-26T04:38:19.311+0000] {logging_mixin.py:188} INFO - [2025-08-26T04:38:19.310+0000] {dag.py:3954} INFO - Setting next_dagrun for example_kubernetes_executor to None, run_after=None
[2025-08-26T04:38:19.419+0000] {processor.py:183} INFO - Processing /home/airflow/.local/lib/python3.12/site-packages/airflow/example_dags/example_kubernetes_executor.py took 0.674 seconds
[2025-08-26T04:38:50.241+0000] {processor.py:161} INFO - Started process (PID=4336) to work on /home/airflow/.local/lib/python3.12/site-packages/airflow/example_dags/example_kubernetes_executor.py
[2025-08-26T04:38:50.245+0000] {processor.py:830} INFO - Processing file /home/airflow/.local/lib/python3.12/site-packages/airflow/example_dags/example_kubernetes_executor.py for tasks to queue
[2025-08-26T04:38:50.278+0000] {logging_mixin.py:188} INFO - [2025-08-26T04:38:50.277+0000] {dagbag.py:545} INFO - Filling up the DagBag from /home/airflow/.local/lib/python3.12/site-packages/airflow/example_dags/example_kubernetes_executor.py
[2025-08-26T04:38:50.390+0000] {processor.py:840} INFO - DAG(s) 'example_kubernetes_executor' retrieved from /home/airflow/.local/lib/python3.12/site-packages/airflow/example_dags/example_kubernetes_executor.py
[2025-08-26T04:38:50.694+0000] {logging_mixin.py:188} INFO - [2025-08-26T04:38:50.693+0000] {dag.py:3096} INFO - Sync 1 DAGs
[2025-08-26T04:38:50.801+0000] {logging_mixin.py:188} INFO - [2025-08-26T04:38:50.800+0000] {dag.py:3954} INFO - Setting next_dagrun for example_kubernetes_executor to None, run_after=None
[2025-08-26T04:38:50.977+0000] {processor.py:183} INFO - Processing /home/airflow/.local/lib/python3.12/site-packages/airflow/example_dags/example_kubernetes_executor.py took 0.787 seconds
[2025-08-26T04:39:21.929+0000] {processor.py:161} INFO - Started process (PID=4603) to work on /home/airflow/.local/lib/python3.12/site-packages/airflow/example_dags/example_kubernetes_executor.py
[2025-08-26T04:39:21.932+0000] {processor.py:830} INFO - Processing file /home/airflow/.local/lib/python3.12/site-packages/airflow/example_dags/example_kubernetes_executor.py for tasks to queue
[2025-08-26T04:39:21.951+0000] {logging_mixin.py:188} INFO - [2025-08-26T04:39:21.950+0000] {dagbag.py:545} INFO - Filling up the DagBag from /home/airflow/.local/lib/python3.12/site-packages/airflow/example_dags/example_kubernetes_executor.py
[2025-08-26T04:39:22.026+0000] {processor.py:840} INFO - DAG(s) 'example_kubernetes_executor' retrieved from /home/airflow/.local/lib/python3.12/site-packages/airflow/example_dags/example_kubernetes_executor.py
[2025-08-26T04:39:22.339+0000] {logging_mixin.py:188} INFO - [2025-08-26T04:39:22.338+0000] {dag.py:3096} INFO - Sync 1 DAGs
[2025-08-26T04:39:22.454+0000] {logging_mixin.py:188} INFO - [2025-08-26T04:39:22.454+0000] {dag.py:3954} INFO - Setting next_dagrun for example_kubernetes_executor to None, run_after=None
[2025-08-26T04:39:22.626+0000] {processor.py:183} INFO - Processing /home/airflow/.local/lib/python3.12/site-packages/airflow/example_dags/example_kubernetes_executor.py took 0.749 seconds
[2025-08-26T04:40:07.630+0000] {processor.py:161} INFO - Started process (PID=4869) to work on /home/airflow/.local/lib/python3.12/site-packages/airflow/example_dags/example_kubernetes_executor.py
[2025-08-26T04:40:07.654+0000] {processor.py:830} INFO - Processing file /home/airflow/.local/lib/python3.12/site-packages/airflow/example_dags/example_kubernetes_executor.py for tasks to queue
[2025-08-26T04:40:07.702+0000] {logging_mixin.py:188} INFO - [2025-08-26T04:40:07.701+0000] {dagbag.py:545} INFO - Filling up the DagBag from /home/airflow/.local/lib/python3.12/site-packages/airflow/example_dags/example_kubernetes_executor.py
[2025-08-26T04:40:07.961+0000] {processor.py:840} INFO - DAG(s) 'example_kubernetes_executor' retrieved from /home/airflow/.local/lib/python3.12/site-packages/airflow/example_dags/example_kubernetes_executor.py
[2025-08-26T04:40:08.473+0000] {logging_mixin.py:188} INFO - [2025-08-26T04:40:08.468+0000] {dag.py:3096} INFO - Sync 1 DAGs
[2025-08-26T04:40:08.608+0000] {logging_mixin.py:188} INFO - [2025-08-26T04:40:08.607+0000] {dag.py:3954} INFO - Setting next_dagrun for example_kubernetes_executor to None, run_after=None
[2025-08-26T04:40:08.903+0000] {processor.py:183} INFO - Processing /home/airflow/.local/lib/python3.12/site-packages/airflow/example_dags/example_kubernetes_executor.py took 1.354 seconds
[2025-08-26T04:40:42.822+0000] {processor.py:161} INFO - Started process (PID=5131) to work on /home/airflow/.local/lib/python3.12/site-packages/airflow/example_dags/example_kubernetes_executor.py
[2025-08-26T04:40:42.836+0000] {processor.py:830} INFO - Processing file /home/airflow/.local/lib/python3.12/site-packages/airflow/example_dags/example_kubernetes_executor.py for tasks to queue
[2025-08-26T04:40:42.853+0000] {logging_mixin.py:188} INFO - [2025-08-26T04:40:42.852+0000] {dagbag.py:545} INFO - Filling up the DagBag from /home/airflow/.local/lib/python3.12/site-packages/airflow/example_dags/example_kubernetes_executor.py
[2025-08-26T04:40:43.025+0000] {processor.py:840} INFO - DAG(s) 'example_kubernetes_executor' retrieved from /home/airflow/.local/lib/python3.12/site-packages/airflow/example_dags/example_kubernetes_executor.py
[2025-08-26T04:40:43.400+0000] {logging_mixin.py:188} INFO - [2025-08-26T04:40:43.399+0000] {dag.py:3096} INFO - Sync 1 DAGs
[2025-08-26T04:40:43.537+0000] {logging_mixin.py:188} INFO - [2025-08-26T04:40:43.531+0000] {dag.py:3954} INFO - Setting next_dagrun for example_kubernetes_executor to None, run_after=None
[2025-08-26T04:40:43.738+0000] {processor.py:183} INFO - Processing /home/airflow/.local/lib/python3.12/site-packages/airflow/example_dags/example_kubernetes_executor.py took 0.976 seconds
[2025-08-26T04:41:14.267+0000] {processor.py:161} INFO - Started process (PID=5393) to work on /home/airflow/.local/lib/python3.12/site-packages/airflow/example_dags/example_kubernetes_executor.py
[2025-08-26T04:41:14.285+0000] {processor.py:830} INFO - Processing file /home/airflow/.local/lib/python3.12/site-packages/airflow/example_dags/example_kubernetes_executor.py for tasks to queue
[2025-08-26T04:41:14.306+0000] {logging_mixin.py:188} INFO - [2025-08-26T04:41:14.305+0000] {dagbag.py:545} INFO - Filling up the DagBag from /home/airflow/.local/lib/python3.12/site-packages/airflow/example_dags/example_kubernetes_executor.py
[2025-08-26T04:41:14.490+0000] {processor.py:840} INFO - DAG(s) 'example_kubernetes_executor' retrieved from /home/airflow/.local/lib/python3.12/site-packages/airflow/example_dags/example_kubernetes_executor.py
[2025-08-26T04:41:14.716+0000] {logging_mixin.py:188} INFO - [2025-08-26T04:41:14.715+0000] {dag.py:3096} INFO - Sync 1 DAGs
[2025-08-26T04:41:14.807+0000] {logging_mixin.py:188} INFO - [2025-08-26T04:41:14.806+0000] {dag.py:3954} INFO - Setting next_dagrun for example_kubernetes_executor to None, run_after=None
[2025-08-26T04:41:14.913+0000] {processor.py:183} INFO - Processing /home/airflow/.local/lib/python3.12/site-packages/airflow/example_dags/example_kubernetes_executor.py took 0.756 seconds
[2025-08-26T04:41:48.555+0000] {processor.py:161} INFO - Started process (PID=5654) to work on /home/airflow/.local/lib/python3.12/site-packages/airflow/example_dags/example_kubernetes_executor.py
[2025-08-26T04:41:48.562+0000] {processor.py:830} INFO - Processing file /home/airflow/.local/lib/python3.12/site-packages/airflow/example_dags/example_kubernetes_executor.py for tasks to queue
[2025-08-26T04:41:48.571+0000] {logging_mixin.py:188} INFO - [2025-08-26T04:41:48.570+0000] {dagbag.py:545} INFO - Filling up the DagBag from /home/airflow/.local/lib/python3.12/site-packages/airflow/example_dags/example_kubernetes_executor.py
[2025-08-26T04:41:48.638+0000] {processor.py:840} INFO - DAG(s) 'example_kubernetes_executor' retrieved from /home/airflow/.local/lib/python3.12/site-packages/airflow/example_dags/example_kubernetes_executor.py
[2025-08-26T04:41:48.999+0000] {logging_mixin.py:188} INFO - [2025-08-26T04:41:48.999+0000] {dag.py:3096} INFO - Sync 1 DAGs
[2025-08-26T04:41:49.196+0000] {logging_mixin.py:188} INFO - [2025-08-26T04:41:49.184+0000] {dag.py:3954} INFO - Setting next_dagrun for example_kubernetes_executor to None, run_after=None
[2025-08-26T04:41:49.422+0000] {processor.py:183} INFO - Processing /home/airflow/.local/lib/python3.12/site-packages/airflow/example_dags/example_kubernetes_executor.py took 0.898 seconds
[2025-08-26T04:42:33.058+0000] {processor.py:161} INFO - Started process (PID=5907) to work on /home/airflow/.local/lib/python3.12/site-packages/airflow/example_dags/example_kubernetes_executor.py
[2025-08-26T04:42:33.078+0000] {processor.py:830} INFO - Processing file /home/airflow/.local/lib/python3.12/site-packages/airflow/example_dags/example_kubernetes_executor.py for tasks to queue
[2025-08-26T04:42:33.090+0000] {logging_mixin.py:188} INFO - [2025-08-26T04:42:33.089+0000] {dagbag.py:545} INFO - Filling up the DagBag from /home/airflow/.local/lib/python3.12/site-packages/airflow/example_dags/example_kubernetes_executor.py
[2025-08-26T04:42:33.233+0000] {processor.py:840} INFO - DAG(s) 'example_kubernetes_executor' retrieved from /home/airflow/.local/lib/python3.12/site-packages/airflow/example_dags/example_kubernetes_executor.py
[2025-08-26T04:42:33.496+0000] {logging_mixin.py:188} INFO - [2025-08-26T04:42:33.495+0000] {dag.py:3096} INFO - Sync 1 DAGs
[2025-08-26T04:42:33.587+0000] {logging_mixin.py:188} INFO - [2025-08-26T04:42:33.585+0000] {dag.py:3954} INFO - Setting next_dagrun for example_kubernetes_executor to None, run_after=None
[2025-08-26T04:42:33.678+0000] {processor.py:183} INFO - Processing /home/airflow/.local/lib/python3.12/site-packages/airflow/example_dags/example_kubernetes_executor.py took 0.653 seconds
[2025-08-26T04:43:07.665+0000] {processor.py:161} INFO - Started process (PID=6174) to work on /home/airflow/.local/lib/python3.12/site-packages/airflow/example_dags/example_kubernetes_executor.py
[2025-08-26T04:43:07.674+0000] {processor.py:830} INFO - Processing file /home/airflow/.local/lib/python3.12/site-packages/airflow/example_dags/example_kubernetes_executor.py for tasks to queue
[2025-08-26T04:43:07.696+0000] {logging_mixin.py:188} INFO - [2025-08-26T04:43:07.693+0000] {dagbag.py:545} INFO - Filling up the DagBag from /home/airflow/.local/lib/python3.12/site-packages/airflow/example_dags/example_kubernetes_executor.py
[2025-08-26T04:43:07.818+0000] {processor.py:840} INFO - DAG(s) 'example_kubernetes_executor' retrieved from /home/airflow/.local/lib/python3.12/site-packages/airflow/example_dags/example_kubernetes_executor.py
[2025-08-26T04:43:08.202+0000] {logging_mixin.py:188} INFO - [2025-08-26T04:43:08.201+0000] {dag.py:3096} INFO - Sync 1 DAGs
[2025-08-26T04:43:08.348+0000] {logging_mixin.py:188} INFO - [2025-08-26T04:43:08.347+0000] {dag.py:3954} INFO - Setting next_dagrun for example_kubernetes_executor to None, run_after=None
[2025-08-26T04:43:08.534+0000] {processor.py:183} INFO - Processing /home/airflow/.local/lib/python3.12/site-packages/airflow/example_dags/example_kubernetes_executor.py took 0.906 seconds
[2025-08-26T04:43:50.002+0000] {processor.py:161} INFO - Started process (PID=6460) to work on /home/airflow/.local/lib/python3.12/site-packages/airflow/example_dags/example_kubernetes_executor.py
[2025-08-26T04:43:50.005+0000] {processor.py:830} INFO - Processing file /home/airflow/.local/lib/python3.12/site-packages/airflow/example_dags/example_kubernetes_executor.py for tasks to queue
[2025-08-26T04:43:50.046+0000] {logging_mixin.py:188} INFO - [2025-08-26T04:43:50.032+0000] {dagbag.py:545} INFO - Filling up the DagBag from /home/airflow/.local/lib/python3.12/site-packages/airflow/example_dags/example_kubernetes_executor.py
[2025-08-26T04:43:50.377+0000] {processor.py:840} INFO - DAG(s) 'example_kubernetes_executor' retrieved from /home/airflow/.local/lib/python3.12/site-packages/airflow/example_dags/example_kubernetes_executor.py
[2025-08-26T04:43:50.873+0000] {logging_mixin.py:188} INFO - [2025-08-26T04:43:50.873+0000] {dag.py:3096} INFO - Sync 1 DAGs
[2025-08-26T04:43:51.078+0000] {logging_mixin.py:188} INFO - [2025-08-26T04:43:51.078+0000] {dag.py:3954} INFO - Setting next_dagrun for example_kubernetes_executor to None, run_after=None
[2025-08-26T04:43:51.550+0000] {processor.py:183} INFO - Processing /home/airflow/.local/lib/python3.12/site-packages/airflow/example_dags/example_kubernetes_executor.py took 1.877 seconds
[2025-08-26T04:44:22.635+0000] {processor.py:161} INFO - Started process (PID=6721) to work on /home/airflow/.local/lib/python3.12/site-packages/airflow/example_dags/example_kubernetes_executor.py
[2025-08-26T04:44:22.665+0000] {processor.py:830} INFO - Processing file /home/airflow/.local/lib/python3.12/site-packages/airflow/example_dags/example_kubernetes_executor.py for tasks to queue
[2025-08-26T04:44:22.683+0000] {logging_mixin.py:188} INFO - [2025-08-26T04:44:22.682+0000] {dagbag.py:545} INFO - Filling up the DagBag from /home/airflow/.local/lib/python3.12/site-packages/airflow/example_dags/example_kubernetes_executor.py
[2025-08-26T04:44:22.911+0000] {processor.py:840} INFO - DAG(s) 'example_kubernetes_executor' retrieved from /home/airflow/.local/lib/python3.12/site-packages/airflow/example_dags/example_kubernetes_executor.py
[2025-08-26T04:44:23.535+0000] {logging_mixin.py:188} INFO - [2025-08-26T04:44:23.534+0000] {dag.py:3096} INFO - Sync 1 DAGs
[2025-08-26T04:44:23.760+0000] {logging_mixin.py:188} INFO - [2025-08-26T04:44:23.759+0000] {dag.py:3954} INFO - Setting next_dagrun for example_kubernetes_executor to None, run_after=None
[2025-08-26T04:44:24.077+0000] {processor.py:183} INFO - Processing /home/airflow/.local/lib/python3.12/site-packages/airflow/example_dags/example_kubernetes_executor.py took 1.624 seconds
[2025-08-26T04:44:58.567+0000] {processor.py:161} INFO - Started process (PID=6985) to work on /home/airflow/.local/lib/python3.12/site-packages/airflow/example_dags/example_kubernetes_executor.py
[2025-08-26T04:44:58.570+0000] {processor.py:830} INFO - Processing file /home/airflow/.local/lib/python3.12/site-packages/airflow/example_dags/example_kubernetes_executor.py for tasks to queue
[2025-08-26T04:44:58.586+0000] {logging_mixin.py:188} INFO - [2025-08-26T04:44:58.585+0000] {dagbag.py:545} INFO - Filling up the DagBag from /home/airflow/.local/lib/python3.12/site-packages/airflow/example_dags/example_kubernetes_executor.py
[2025-08-26T04:44:58.720+0000] {processor.py:840} INFO - DAG(s) 'example_kubernetes_executor' retrieved from /home/airflow/.local/lib/python3.12/site-packages/airflow/example_dags/example_kubernetes_executor.py
[2025-08-26T04:44:59.298+0000] {logging_mixin.py:188} INFO - [2025-08-26T04:44:59.297+0000] {dag.py:3096} INFO - Sync 1 DAGs
[2025-08-26T04:44:59.646+0000] {logging_mixin.py:188} INFO - [2025-08-26T04:44:59.633+0000] {dag.py:3954} INFO - Setting next_dagrun for example_kubernetes_executor to None, run_after=None
[2025-08-26T04:45:00.321+0000] {processor.py:183} INFO - Processing /home/airflow/.local/lib/python3.12/site-packages/airflow/example_dags/example_kubernetes_executor.py took 1.808 seconds
[2025-08-26T04:45:32.797+0000] {processor.py:161} INFO - Started process (PID=7245) to work on /home/airflow/.local/lib/python3.12/site-packages/airflow/example_dags/example_kubernetes_executor.py
[2025-08-26T04:45:32.803+0000] {processor.py:830} INFO - Processing file /home/airflow/.local/lib/python3.12/site-packages/airflow/example_dags/example_kubernetes_executor.py for tasks to queue
[2025-08-26T04:45:32.811+0000] {logging_mixin.py:188} INFO - [2025-08-26T04:45:32.809+0000] {dagbag.py:545} INFO - Filling up the DagBag from /home/airflow/.local/lib/python3.12/site-packages/airflow/example_dags/example_kubernetes_executor.py
[2025-08-26T04:45:32.886+0000] {processor.py:840} INFO - DAG(s) 'example_kubernetes_executor' retrieved from /home/airflow/.local/lib/python3.12/site-packages/airflow/example_dags/example_kubernetes_executor.py
[2025-08-26T04:45:33.305+0000] {logging_mixin.py:188} INFO - [2025-08-26T04:45:33.304+0000] {dag.py:3096} INFO - Sync 1 DAGs
[2025-08-26T04:45:33.421+0000] {logging_mixin.py:188} INFO - [2025-08-26T04:45:33.421+0000] {dag.py:3954} INFO - Setting next_dagrun for example_kubernetes_executor to None, run_after=None
[2025-08-26T04:45:33.668+0000] {processor.py:183} INFO - Processing /home/airflow/.local/lib/python3.12/site-packages/airflow/example_dags/example_kubernetes_executor.py took 0.899 seconds
[2025-08-26T04:46:17.094+0000] {processor.py:161} INFO - Started process (PID=7521) to work on /home/airflow/.local/lib/python3.12/site-packages/airflow/example_dags/example_kubernetes_executor.py
[2025-08-26T04:46:17.106+0000] {processor.py:830} INFO - Processing file /home/airflow/.local/lib/python3.12/site-packages/airflow/example_dags/example_kubernetes_executor.py for tasks to queue
[2025-08-26T04:46:17.130+0000] {logging_mixin.py:188} INFO - [2025-08-26T04:46:17.128+0000] {dagbag.py:545} INFO - Filling up the DagBag from /home/airflow/.local/lib/python3.12/site-packages/airflow/example_dags/example_kubernetes_executor.py
[2025-08-26T04:46:17.321+0000] {processor.py:840} INFO - DAG(s) 'example_kubernetes_executor' retrieved from /home/airflow/.local/lib/python3.12/site-packages/airflow/example_dags/example_kubernetes_executor.py
[2025-08-26T04:46:17.782+0000] {logging_mixin.py:188} INFO - [2025-08-26T04:46:17.781+0000] {dag.py:3096} INFO - Sync 1 DAGs
[2025-08-26T04:46:17.960+0000] {logging_mixin.py:188} INFO - [2025-08-26T04:46:17.958+0000] {dag.py:3954} INFO - Setting next_dagrun for example_kubernetes_executor to None, run_after=None
[2025-08-26T04:46:18.188+0000] {processor.py:183} INFO - Processing /home/airflow/.local/lib/python3.12/site-packages/airflow/example_dags/example_kubernetes_executor.py took 1.151 seconds
[2025-08-26T04:46:49.847+0000] {processor.py:161} INFO - Started process (PID=7777) to work on /home/airflow/.local/lib/python3.12/site-packages/airflow/example_dags/example_kubernetes_executor.py
[2025-08-26T04:46:49.854+0000] {processor.py:830} INFO - Processing file /home/airflow/.local/lib/python3.12/site-packages/airflow/example_dags/example_kubernetes_executor.py for tasks to queue
[2025-08-26T04:46:49.863+0000] {logging_mixin.py:188} INFO - [2025-08-26T04:46:49.861+0000] {dagbag.py:545} INFO - Filling up the DagBag from /home/airflow/.local/lib/python3.12/site-packages/airflow/example_dags/example_kubernetes_executor.py
[2025-08-26T04:46:49.924+0000] {processor.py:840} INFO - DAG(s) 'example_kubernetes_executor' retrieved from /home/airflow/.local/lib/python3.12/site-packages/airflow/example_dags/example_kubernetes_executor.py
[2025-08-26T04:46:50.252+0000] {logging_mixin.py:188} INFO - [2025-08-26T04:46:50.240+0000] {dag.py:3096} INFO - Sync 1 DAGs
[2025-08-26T04:46:50.343+0000] {logging_mixin.py:188} INFO - [2025-08-26T04:46:50.342+0000] {dag.py:3954} INFO - Setting next_dagrun for example_kubernetes_executor to None, run_after=None
[2025-08-26T04:46:50.443+0000] {processor.py:183} INFO - Processing /home/airflow/.local/lib/python3.12/site-packages/airflow/example_dags/example_kubernetes_executor.py took 0.710 seconds
[2025-08-26T04:47:24.291+0000] {processor.py:161} INFO - Started process (PID=8024) to work on /home/airflow/.local/lib/python3.12/site-packages/airflow/example_dags/example_kubernetes_executor.py
[2025-08-26T04:47:24.303+0000] {processor.py:830} INFO - Processing file /home/airflow/.local/lib/python3.12/site-packages/airflow/example_dags/example_kubernetes_executor.py for tasks to queue
[2025-08-26T04:47:24.327+0000] {logging_mixin.py:188} INFO - [2025-08-26T04:47:24.320+0000] {dagbag.py:545} INFO - Filling up the DagBag from /home/airflow/.local/lib/python3.12/site-packages/airflow/example_dags/example_kubernetes_executor.py
[2025-08-26T04:47:24.531+0000] {processor.py:840} INFO - DAG(s) 'example_kubernetes_executor' retrieved from /home/airflow/.local/lib/python3.12/site-packages/airflow/example_dags/example_kubernetes_executor.py
[2025-08-26T04:47:24.752+0000] {logging_mixin.py:188} INFO - [2025-08-26T04:47:24.751+0000] {dag.py:3096} INFO - Sync 1 DAGs
[2025-08-26T04:47:24.861+0000] {logging_mixin.py:188} INFO - [2025-08-26T04:47:24.861+0000] {dag.py:3954} INFO - Setting next_dagrun for example_kubernetes_executor to None, run_after=None
[2025-08-26T04:47:25.051+0000] {processor.py:183} INFO - Processing /home/airflow/.local/lib/python3.12/site-packages/airflow/example_dags/example_kubernetes_executor.py took 0.848 seconds
[2025-08-26T04:49:48.668+0000] {processor.py:161} INFO - Started process (PID=363) to work on /home/airflow/.local/lib/python3.12/site-packages/airflow/example_dags/example_kubernetes_executor.py
[2025-08-26T04:49:48.674+0000] {processor.py:830} INFO - Processing file /home/airflow/.local/lib/python3.12/site-packages/airflow/example_dags/example_kubernetes_executor.py for tasks to queue
[2025-08-26T04:49:48.697+0000] {logging_mixin.py:188} INFO - [2025-08-26T04:49:48.695+0000] {dagbag.py:545} INFO - Filling up the DagBag from /home/airflow/.local/lib/python3.12/site-packages/airflow/example_dags/example_kubernetes_executor.py
[2025-08-26T04:49:48.873+0000] {processor.py:840} INFO - DAG(s) 'example_kubernetes_executor' retrieved from /home/airflow/.local/lib/python3.12/site-packages/airflow/example_dags/example_kubernetes_executor.py
[2025-08-26T04:49:50.182+0000] {logging_mixin.py:188} INFO - [2025-08-26T04:49:50.182+0000] {dag.py:3096} INFO - Sync 1 DAGs
[2025-08-26T04:49:50.316+0000] {logging_mixin.py:188} INFO - [2025-08-26T04:49:50.315+0000] {dag.py:3954} INFO - Setting next_dagrun for example_kubernetes_executor to None, run_after=None
[2025-08-26T04:49:50.520+0000] {processor.py:183} INFO - Processing /home/airflow/.local/lib/python3.12/site-packages/airflow/example_dags/example_kubernetes_executor.py took 1.934 seconds
[2025-08-26T04:50:21.468+0000] {processor.py:161} INFO - Started process (PID=625) to work on /home/airflow/.local/lib/python3.12/site-packages/airflow/example_dags/example_kubernetes_executor.py
[2025-08-26T04:50:21.476+0000] {processor.py:830} INFO - Processing file /home/airflow/.local/lib/python3.12/site-packages/airflow/example_dags/example_kubernetes_executor.py for tasks to queue
[2025-08-26T04:50:21.499+0000] {logging_mixin.py:188} INFO - [2025-08-26T04:50:21.493+0000] {dagbag.py:545} INFO - Filling up the DagBag from /home/airflow/.local/lib/python3.12/site-packages/airflow/example_dags/example_kubernetes_executor.py
[2025-08-26T04:50:21.602+0000] {processor.py:840} INFO - DAG(s) 'example_kubernetes_executor' retrieved from /home/airflow/.local/lib/python3.12/site-packages/airflow/example_dags/example_kubernetes_executor.py
[2025-08-26T04:50:21.892+0000] {logging_mixin.py:188} INFO - [2025-08-26T04:50:21.891+0000] {dag.py:3096} INFO - Sync 1 DAGs
[2025-08-26T04:50:22.001+0000] {logging_mixin.py:188} INFO - [2025-08-26T04:50:22.001+0000] {dag.py:3954} INFO - Setting next_dagrun for example_kubernetes_executor to None, run_after=None
[2025-08-26T04:50:22.161+0000] {processor.py:183} INFO - Processing /home/airflow/.local/lib/python3.12/site-packages/airflow/example_dags/example_kubernetes_executor.py took 0.772 seconds
[2025-08-26T04:50:53.168+0000] {processor.py:161} INFO - Started process (PID=889) to work on /home/airflow/.local/lib/python3.12/site-packages/airflow/example_dags/example_kubernetes_executor.py
[2025-08-26T04:50:53.171+0000] {processor.py:830} INFO - Processing file /home/airflow/.local/lib/python3.12/site-packages/airflow/example_dags/example_kubernetes_executor.py for tasks to queue
[2025-08-26T04:50:53.195+0000] {logging_mixin.py:188} INFO - [2025-08-26T04:50:53.188+0000] {dagbag.py:545} INFO - Filling up the DagBag from /home/airflow/.local/lib/python3.12/site-packages/airflow/example_dags/example_kubernetes_executor.py
[2025-08-26T04:50:53.295+0000] {processor.py:840} INFO - DAG(s) 'example_kubernetes_executor' retrieved from /home/airflow/.local/lib/python3.12/site-packages/airflow/example_dags/example_kubernetes_executor.py
[2025-08-26T04:50:53.575+0000] {logging_mixin.py:188} INFO - [2025-08-26T04:50:53.574+0000] {dag.py:3096} INFO - Sync 1 DAGs
[2025-08-26T04:50:53.681+0000] {logging_mixin.py:188} INFO - [2025-08-26T04:50:53.681+0000] {dag.py:3954} INFO - Setting next_dagrun for example_kubernetes_executor to None, run_after=None
[2025-08-26T04:50:53.829+0000] {processor.py:183} INFO - Processing /home/airflow/.local/lib/python3.12/site-packages/airflow/example_dags/example_kubernetes_executor.py took 0.706 seconds
[2025-08-26T04:51:26.018+0000] {processor.py:161} INFO - Started process (PID=1149) to work on /home/airflow/.local/lib/python3.12/site-packages/airflow/example_dags/example_kubernetes_executor.py
[2025-08-26T04:51:26.021+0000] {processor.py:830} INFO - Processing file /home/airflow/.local/lib/python3.12/site-packages/airflow/example_dags/example_kubernetes_executor.py for tasks to queue
[2025-08-26T04:51:26.041+0000] {logging_mixin.py:188} INFO - [2025-08-26T04:51:26.040+0000] {dagbag.py:545} INFO - Filling up the DagBag from /home/airflow/.local/lib/python3.12/site-packages/airflow/example_dags/example_kubernetes_executor.py
[2025-08-26T04:51:26.205+0000] {processor.py:840} INFO - DAG(s) 'example_kubernetes_executor' retrieved from /home/airflow/.local/lib/python3.12/site-packages/airflow/example_dags/example_kubernetes_executor.py
[2025-08-26T04:51:26.496+0000] {logging_mixin.py:188} INFO - [2025-08-26T04:51:26.495+0000] {dag.py:3096} INFO - Sync 1 DAGs
[2025-08-26T04:51:26.641+0000] {logging_mixin.py:188} INFO - [2025-08-26T04:51:26.641+0000] {dag.py:3954} INFO - Setting next_dagrun for example_kubernetes_executor to None, run_after=None
[2025-08-26T04:51:26.738+0000] {processor.py:183} INFO - Processing /home/airflow/.local/lib/python3.12/site-packages/airflow/example_dags/example_kubernetes_executor.py took 0.766 seconds
[2025-08-26T04:51:59.217+0000] {processor.py:161} INFO - Started process (PID=1411) to work on /home/airflow/.local/lib/python3.12/site-packages/airflow/example_dags/example_kubernetes_executor.py
[2025-08-26T04:51:59.220+0000] {processor.py:830} INFO - Processing file /home/airflow/.local/lib/python3.12/site-packages/airflow/example_dags/example_kubernetes_executor.py for tasks to queue
[2025-08-26T04:51:59.229+0000] {logging_mixin.py:188} INFO - [2025-08-26T04:51:59.227+0000] {dagbag.py:545} INFO - Filling up the DagBag from /home/airflow/.local/lib/python3.12/site-packages/airflow/example_dags/example_kubernetes_executor.py
[2025-08-26T04:51:59.286+0000] {processor.py:840} INFO - DAG(s) 'example_kubernetes_executor' retrieved from /home/airflow/.local/lib/python3.12/site-packages/airflow/example_dags/example_kubernetes_executor.py
[2025-08-26T04:51:59.484+0000] {logging_mixin.py:188} INFO - [2025-08-26T04:51:59.484+0000] {dag.py:3096} INFO - Sync 1 DAGs
[2025-08-26T04:51:59.535+0000] {logging_mixin.py:188} INFO - [2025-08-26T04:51:59.534+0000] {dag.py:3954} INFO - Setting next_dagrun for example_kubernetes_executor to None, run_after=None
[2025-08-26T04:51:59.609+0000] {processor.py:183} INFO - Processing /home/airflow/.local/lib/python3.12/site-packages/airflow/example_dags/example_kubernetes_executor.py took 0.415 seconds
[2025-08-26T04:52:48.334+0000] {processor.py:161} INFO - Started process (PID=1697) to work on /home/airflow/.local/lib/python3.12/site-packages/airflow/example_dags/example_kubernetes_executor.py
[2025-08-26T04:52:48.337+0000] {processor.py:830} INFO - Processing file /home/airflow/.local/lib/python3.12/site-packages/airflow/example_dags/example_kubernetes_executor.py for tasks to queue
[2025-08-26T04:52:48.355+0000] {logging_mixin.py:188} INFO - [2025-08-26T04:52:48.354+0000] {dagbag.py:545} INFO - Filling up the DagBag from /home/airflow/.local/lib/python3.12/site-packages/airflow/example_dags/example_kubernetes_executor.py
[2025-08-26T04:52:48.447+0000] {processor.py:840} INFO - DAG(s) 'example_kubernetes_executor' retrieved from /home/airflow/.local/lib/python3.12/site-packages/airflow/example_dags/example_kubernetes_executor.py
[2025-08-26T04:52:48.669+0000] {logging_mixin.py:188} INFO - [2025-08-26T04:52:48.669+0000] {dag.py:3096} INFO - Sync 1 DAGs
[2025-08-26T04:52:48.742+0000] {logging_mixin.py:188} INFO - [2025-08-26T04:52:48.740+0000] {dag.py:3954} INFO - Setting next_dagrun for example_kubernetes_executor to None, run_after=None
[2025-08-26T04:52:48.899+0000] {processor.py:183} INFO - Processing /home/airflow/.local/lib/python3.12/site-packages/airflow/example_dags/example_kubernetes_executor.py took 0.600 seconds
[2025-08-26T04:53:19.669+0000] {processor.py:161} INFO - Started process (PID=1959) to work on /home/airflow/.local/lib/python3.12/site-packages/airflow/example_dags/example_kubernetes_executor.py
[2025-08-26T04:53:19.674+0000] {processor.py:830} INFO - Processing file /home/airflow/.local/lib/python3.12/site-packages/airflow/example_dags/example_kubernetes_executor.py for tasks to queue
[2025-08-26T04:53:19.685+0000] {logging_mixin.py:188} INFO - [2025-08-26T04:53:19.684+0000] {dagbag.py:545} INFO - Filling up the DagBag from /home/airflow/.local/lib/python3.12/site-packages/airflow/example_dags/example_kubernetes_executor.py
[2025-08-26T04:53:19.797+0000] {processor.py:840} INFO - DAG(s) 'example_kubernetes_executor' retrieved from /home/airflow/.local/lib/python3.12/site-packages/airflow/example_dags/example_kubernetes_executor.py
[2025-08-26T04:53:20.198+0000] {logging_mixin.py:188} INFO - [2025-08-26T04:53:20.197+0000] {dag.py:3096} INFO - Sync 1 DAGs
[2025-08-26T04:53:20.310+0000] {logging_mixin.py:188} INFO - [2025-08-26T04:53:20.309+0000] {dag.py:3954} INFO - Setting next_dagrun for example_kubernetes_executor to None, run_after=None
[2025-08-26T04:53:20.439+0000] {processor.py:183} INFO - Processing /home/airflow/.local/lib/python3.12/site-packages/airflow/example_dags/example_kubernetes_executor.py took 0.808 seconds
[2025-08-26T04:53:51.358+0000] {processor.py:161} INFO - Started process (PID=2221) to work on /home/airflow/.local/lib/python3.12/site-packages/airflow/example_dags/example_kubernetes_executor.py
[2025-08-26T04:53:51.378+0000] {processor.py:830} INFO - Processing file /home/airflow/.local/lib/python3.12/site-packages/airflow/example_dags/example_kubernetes_executor.py for tasks to queue
[2025-08-26T04:53:51.390+0000] {logging_mixin.py:188} INFO - [2025-08-26T04:53:51.383+0000] {dagbag.py:545} INFO - Filling up the DagBag from /home/airflow/.local/lib/python3.12/site-packages/airflow/example_dags/example_kubernetes_executor.py
[2025-08-26T04:53:51.490+0000] {processor.py:840} INFO - DAG(s) 'example_kubernetes_executor' retrieved from /home/airflow/.local/lib/python3.12/site-packages/airflow/example_dags/example_kubernetes_executor.py
[2025-08-26T04:53:51.855+0000] {logging_mixin.py:188} INFO - [2025-08-26T04:53:51.852+0000] {dag.py:3096} INFO - Sync 1 DAGs
[2025-08-26T04:53:51.948+0000] {logging_mixin.py:188} INFO - [2025-08-26T04:53:51.947+0000] {dag.py:3954} INFO - Setting next_dagrun for example_kubernetes_executor to None, run_after=None
[2025-08-26T04:53:52.194+0000] {processor.py:183} INFO - Processing /home/airflow/.local/lib/python3.12/site-packages/airflow/example_dags/example_kubernetes_executor.py took 0.905 seconds
[2025-08-26T04:54:23.246+0000] {processor.py:161} INFO - Started process (PID=2483) to work on /home/airflow/.local/lib/python3.12/site-packages/airflow/example_dags/example_kubernetes_executor.py
[2025-08-26T04:54:23.265+0000] {processor.py:830} INFO - Processing file /home/airflow/.local/lib/python3.12/site-packages/airflow/example_dags/example_kubernetes_executor.py for tasks to queue
[2025-08-26T04:54:23.290+0000] {logging_mixin.py:188} INFO - [2025-08-26T04:54:23.287+0000] {dagbag.py:545} INFO - Filling up the DagBag from /home/airflow/.local/lib/python3.12/site-packages/airflow/example_dags/example_kubernetes_executor.py
[2025-08-26T04:54:23.384+0000] {processor.py:840} INFO - DAG(s) 'example_kubernetes_executor' retrieved from /home/airflow/.local/lib/python3.12/site-packages/airflow/example_dags/example_kubernetes_executor.py
[2025-08-26T04:54:24.113+0000] {logging_mixin.py:188} INFO - [2025-08-26T04:54:24.112+0000] {dag.py:3096} INFO - Sync 1 DAGs
[2025-08-26T04:54:24.367+0000] {logging_mixin.py:188} INFO - [2025-08-26T04:54:24.364+0000] {dag.py:3954} INFO - Setting next_dagrun for example_kubernetes_executor to None, run_after=None
[2025-08-26T04:54:24.672+0000] {processor.py:183} INFO - Processing /home/airflow/.local/lib/python3.12/site-packages/airflow/example_dags/example_kubernetes_executor.py took 1.494 seconds
[2025-08-26T04:54:55.476+0000] {processor.py:161} INFO - Started process (PID=2747) to work on /home/airflow/.local/lib/python3.12/site-packages/airflow/example_dags/example_kubernetes_executor.py
[2025-08-26T04:54:55.480+0000] {processor.py:830} INFO - Processing file /home/airflow/.local/lib/python3.12/site-packages/airflow/example_dags/example_kubernetes_executor.py for tasks to queue
[2025-08-26T04:54:55.494+0000] {logging_mixin.py:188} INFO - [2025-08-26T04:54:55.493+0000] {dagbag.py:545} INFO - Filling up the DagBag from /home/airflow/.local/lib/python3.12/site-packages/airflow/example_dags/example_kubernetes_executor.py
[2025-08-26T04:54:55.608+0000] {processor.py:840} INFO - DAG(s) 'example_kubernetes_executor' retrieved from /home/airflow/.local/lib/python3.12/site-packages/airflow/example_dags/example_kubernetes_executor.py
[2025-08-26T04:54:55.907+0000] {logging_mixin.py:188} INFO - [2025-08-26T04:54:55.905+0000] {dag.py:3096} INFO - Sync 1 DAGs
[2025-08-26T04:54:55.960+0000] {logging_mixin.py:188} INFO - [2025-08-26T04:54:55.959+0000] {dag.py:3954} INFO - Setting next_dagrun for example_kubernetes_executor to None, run_after=None
[2025-08-26T04:54:56.030+0000] {processor.py:183} INFO - Processing /home/airflow/.local/lib/python3.12/site-packages/airflow/example_dags/example_kubernetes_executor.py took 0.589 seconds
[2025-08-26T04:55:35.630+0000] {processor.py:161} INFO - Started process (PID=3013) to work on /home/airflow/.local/lib/python3.12/site-packages/airflow/example_dags/example_kubernetes_executor.py
[2025-08-26T04:55:35.658+0000] {processor.py:830} INFO - Processing file /home/airflow/.local/lib/python3.12/site-packages/airflow/example_dags/example_kubernetes_executor.py for tasks to queue
[2025-08-26T04:55:35.682+0000] {logging_mixin.py:188} INFO - [2025-08-26T04:55:35.681+0000] {dagbag.py:545} INFO - Filling up the DagBag from /home/airflow/.local/lib/python3.12/site-packages/airflow/example_dags/example_kubernetes_executor.py
[2025-08-26T04:55:35.925+0000] {processor.py:840} INFO - DAG(s) 'example_kubernetes_executor' retrieved from /home/airflow/.local/lib/python3.12/site-packages/airflow/example_dags/example_kubernetes_executor.py
[2025-08-26T04:55:36.924+0000] {logging_mixin.py:188} INFO - [2025-08-26T04:55:36.923+0000] {dag.py:3096} INFO - Sync 1 DAGs
[2025-08-26T04:55:37.431+0000] {logging_mixin.py:188} INFO - [2025-08-26T04:55:37.427+0000] {dag.py:3954} INFO - Setting next_dagrun for example_kubernetes_executor to None, run_after=None
[2025-08-26T04:55:37.877+0000] {processor.py:183} INFO - Processing /home/airflow/.local/lib/python3.12/site-packages/airflow/example_dags/example_kubernetes_executor.py took 2.365 seconds
[2025-08-26T04:56:10.765+0000] {processor.py:161} INFO - Started process (PID=3275) to work on /home/airflow/.local/lib/python3.12/site-packages/airflow/example_dags/example_kubernetes_executor.py
[2025-08-26T04:56:10.768+0000] {processor.py:830} INFO - Processing file /home/airflow/.local/lib/python3.12/site-packages/airflow/example_dags/example_kubernetes_executor.py for tasks to queue
[2025-08-26T04:56:10.780+0000] {logging_mixin.py:188} INFO - [2025-08-26T04:56:10.777+0000] {dagbag.py:545} INFO - Filling up the DagBag from /home/airflow/.local/lib/python3.12/site-packages/airflow/example_dags/example_kubernetes_executor.py
[2025-08-26T04:56:10.876+0000] {processor.py:840} INFO - DAG(s) 'example_kubernetes_executor' retrieved from /home/airflow/.local/lib/python3.12/site-packages/airflow/example_dags/example_kubernetes_executor.py
[2025-08-26T04:56:11.233+0000] {logging_mixin.py:188} INFO - [2025-08-26T04:56:11.232+0000] {dag.py:3096} INFO - Sync 1 DAGs
[2025-08-26T04:56:11.339+0000] {logging_mixin.py:188} INFO - [2025-08-26T04:56:11.338+0000] {dag.py:3954} INFO - Setting next_dagrun for example_kubernetes_executor to None, run_after=None
[2025-08-26T04:56:11.472+0000] {processor.py:183} INFO - Processing /home/airflow/.local/lib/python3.12/site-packages/airflow/example_dags/example_kubernetes_executor.py took 0.760 seconds
[2025-08-26T04:56:49.737+0000] {processor.py:161} INFO - Started process (PID=3552) to work on /home/airflow/.local/lib/python3.12/site-packages/airflow/example_dags/example_kubernetes_executor.py
[2025-08-26T04:56:49.772+0000] {processor.py:830} INFO - Processing file /home/airflow/.local/lib/python3.12/site-packages/airflow/example_dags/example_kubernetes_executor.py for tasks to queue
[2025-08-26T04:56:49.793+0000] {logging_mixin.py:188} INFO - [2025-08-26T04:56:49.792+0000] {dagbag.py:545} INFO - Filling up the DagBag from /home/airflow/.local/lib/python3.12/site-packages/airflow/example_dags/example_kubernetes_executor.py
[2025-08-26T04:56:50.095+0000] {processor.py:840} INFO - DAG(s) 'example_kubernetes_executor' retrieved from /home/airflow/.local/lib/python3.12/site-packages/airflow/example_dags/example_kubernetes_executor.py
[2025-08-26T04:56:50.651+0000] {logging_mixin.py:188} INFO - [2025-08-26T04:56:50.639+0000] {dag.py:3096} INFO - Sync 1 DAGs
[2025-08-26T04:56:50.766+0000] {logging_mixin.py:188} INFO - [2025-08-26T04:56:50.765+0000] {dag.py:3954} INFO - Setting next_dagrun for example_kubernetes_executor to None, run_after=None
[2025-08-26T04:56:50.955+0000] {processor.py:183} INFO - Processing /home/airflow/.local/lib/python3.12/site-packages/airflow/example_dags/example_kubernetes_executor.py took 1.289 seconds
[2025-08-26T04:57:27.719+0000] {processor.py:161} INFO - Started process (PID=3815) to work on /home/airflow/.local/lib/python3.12/site-packages/airflow/example_dags/example_kubernetes_executor.py
[2025-08-26T04:57:27.750+0000] {processor.py:830} INFO - Processing file /home/airflow/.local/lib/python3.12/site-packages/airflow/example_dags/example_kubernetes_executor.py for tasks to queue
[2025-08-26T04:57:27.760+0000] {logging_mixin.py:188} INFO - [2025-08-26T04:57:27.759+0000] {dagbag.py:545} INFO - Filling up the DagBag from /home/airflow/.local/lib/python3.12/site-packages/airflow/example_dags/example_kubernetes_executor.py
[2025-08-26T04:57:27.866+0000] {processor.py:840} INFO - DAG(s) 'example_kubernetes_executor' retrieved from /home/airflow/.local/lib/python3.12/site-packages/airflow/example_dags/example_kubernetes_executor.py
[2025-08-26T04:57:28.107+0000] {logging_mixin.py:188} INFO - [2025-08-26T04:57:28.106+0000] {dag.py:3096} INFO - Sync 1 DAGs
[2025-08-26T04:57:28.201+0000] {logging_mixin.py:188} INFO - [2025-08-26T04:57:28.200+0000] {dag.py:3954} INFO - Setting next_dagrun for example_kubernetes_executor to None, run_after=None
[2025-08-26T04:57:30.351+0000] {processor.py:183} INFO - Processing /home/airflow/.local/lib/python3.12/site-packages/airflow/example_dags/example_kubernetes_executor.py took 2.700 seconds
[2025-08-26T05:35:01.481+0000] {processor.py:161} INFO - Started process (PID=4047) to work on /home/airflow/.local/lib/python3.12/site-packages/airflow/example_dags/example_kubernetes_executor.py
[2025-08-26T05:35:01.495+0000] {processor.py:830} INFO - Processing file /home/airflow/.local/lib/python3.12/site-packages/airflow/example_dags/example_kubernetes_executor.py for tasks to queue
[2025-08-26T05:35:01.503+0000] {logging_mixin.py:188} INFO - [2025-08-26T05:35:01.502+0000] {dagbag.py:545} INFO - Filling up the DagBag from /home/airflow/.local/lib/python3.12/site-packages/airflow/example_dags/example_kubernetes_executor.py
[2025-08-26T05:35:01.723+0000] {processor.py:840} INFO - DAG(s) 'example_kubernetes_executor' retrieved from /home/airflow/.local/lib/python3.12/site-packages/airflow/example_dags/example_kubernetes_executor.py
[2025-08-26T05:35:02.355+0000] {logging_mixin.py:188} INFO - [2025-08-26T05:35:02.354+0000] {dag.py:3096} INFO - Sync 1 DAGs
[2025-08-26T05:35:02.632+0000] {logging_mixin.py:188} INFO - [2025-08-26T05:35:02.620+0000] {dag.py:3954} INFO - Setting next_dagrun for example_kubernetes_executor to None, run_after=None
[2025-08-26T05:35:03.066+0000] {processor.py:183} INFO - Processing /home/airflow/.local/lib/python3.12/site-packages/airflow/example_dags/example_kubernetes_executor.py took 1.687 seconds
[2025-08-26T05:42:34.893+0000] {processor.py:161} INFO - Started process (PID=4417) to work on /home/airflow/.local/lib/python3.12/site-packages/airflow/example_dags/example_kubernetes_executor.py
[2025-08-26T05:42:34.903+0000] {processor.py:830} INFO - Processing file /home/airflow/.local/lib/python3.12/site-packages/airflow/example_dags/example_kubernetes_executor.py for tasks to queue
[2025-08-26T05:42:34.927+0000] {logging_mixin.py:188} INFO - [2025-08-26T05:42:34.927+0000] {dagbag.py:545} INFO - Filling up the DagBag from /home/airflow/.local/lib/python3.12/site-packages/airflow/example_dags/example_kubernetes_executor.py
[2025-08-26T05:42:35.092+0000] {processor.py:840} INFO - DAG(s) 'example_kubernetes_executor' retrieved from /home/airflow/.local/lib/python3.12/site-packages/airflow/example_dags/example_kubernetes_executor.py
[2025-08-26T05:42:35.640+0000] {logging_mixin.py:188} INFO - [2025-08-26T05:42:35.639+0000] {dag.py:3096} INFO - Sync 1 DAGs
[2025-08-26T05:42:35.784+0000] {logging_mixin.py:188} INFO - [2025-08-26T05:42:35.783+0000] {dag.py:3954} INFO - Setting next_dagrun for example_kubernetes_executor to None, run_after=None
[2025-08-26T05:42:36.087+0000] {processor.py:183} INFO - Processing /home/airflow/.local/lib/python3.12/site-packages/airflow/example_dags/example_kubernetes_executor.py took 1.508 seconds
[2025-08-26T05:43:41.960+0000] {processor.py:161} INFO - Started process (PID=4704) to work on /home/airflow/.local/lib/python3.12/site-packages/airflow/example_dags/example_kubernetes_executor.py
[2025-08-26T05:43:41.989+0000] {processor.py:830} INFO - Processing file /home/airflow/.local/lib/python3.12/site-packages/airflow/example_dags/example_kubernetes_executor.py for tasks to queue
[2025-08-26T05:43:41.996+0000] {logging_mixin.py:188} INFO - [2025-08-26T05:43:41.995+0000] {dagbag.py:545} INFO - Filling up the DagBag from /home/airflow/.local/lib/python3.12/site-packages/airflow/example_dags/example_kubernetes_executor.py
[2025-08-26T05:43:42.132+0000] {processor.py:840} INFO - DAG(s) 'example_kubernetes_executor' retrieved from /home/airflow/.local/lib/python3.12/site-packages/airflow/example_dags/example_kubernetes_executor.py
[2025-08-26T05:43:42.618+0000] {logging_mixin.py:188} INFO - [2025-08-26T05:43:42.617+0000] {dag.py:3096} INFO - Sync 1 DAGs
[2025-08-26T05:43:42.769+0000] {logging_mixin.py:188} INFO - [2025-08-26T05:43:42.769+0000] {dag.py:3954} INFO - Setting next_dagrun for example_kubernetes_executor to None, run_after=None
[2025-08-26T05:43:43.136+0000] {processor.py:183} INFO - Processing /home/airflow/.local/lib/python3.12/site-packages/airflow/example_dags/example_kubernetes_executor.py took 1.249 seconds
[2025-08-26T05:44:16.651+0000] {processor.py:161} INFO - Started process (PID=4966) to work on /home/airflow/.local/lib/python3.12/site-packages/airflow/example_dags/example_kubernetes_executor.py
[2025-08-26T05:44:16.655+0000] {processor.py:830} INFO - Processing file /home/airflow/.local/lib/python3.12/site-packages/airflow/example_dags/example_kubernetes_executor.py for tasks to queue
[2025-08-26T05:44:16.665+0000] {logging_mixin.py:188} INFO - [2025-08-26T05:44:16.663+0000] {dagbag.py:545} INFO - Filling up the DagBag from /home/airflow/.local/lib/python3.12/site-packages/airflow/example_dags/example_kubernetes_executor.py
[2025-08-26T05:44:16.832+0000] {processor.py:840} INFO - DAG(s) 'example_kubernetes_executor' retrieved from /home/airflow/.local/lib/python3.12/site-packages/airflow/example_dags/example_kubernetes_executor.py
[2025-08-26T05:44:17.237+0000] {logging_mixin.py:188} INFO - [2025-08-26T05:44:17.237+0000] {dag.py:3096} INFO - Sync 1 DAGs
[2025-08-26T05:44:17.345+0000] {logging_mixin.py:188} INFO - [2025-08-26T05:44:17.344+0000] {dag.py:3954} INFO - Setting next_dagrun for example_kubernetes_executor to None, run_after=None
[2025-08-26T05:44:17.625+0000] {processor.py:183} INFO - Processing /home/airflow/.local/lib/python3.12/site-packages/airflow/example_dags/example_kubernetes_executor.py took 1.001 seconds
[2025-08-26T05:44:53.563+0000] {processor.py:161} INFO - Started process (PID=5229) to work on /home/airflow/.local/lib/python3.12/site-packages/airflow/example_dags/example_kubernetes_executor.py
[2025-08-26T05:44:53.569+0000] {processor.py:830} INFO - Processing file /home/airflow/.local/lib/python3.12/site-packages/airflow/example_dags/example_kubernetes_executor.py for tasks to queue
[2025-08-26T05:44:53.575+0000] {logging_mixin.py:188} INFO - [2025-08-26T05:44:53.574+0000] {dagbag.py:545} INFO - Filling up the DagBag from /home/airflow/.local/lib/python3.12/site-packages/airflow/example_dags/example_kubernetes_executor.py
[2025-08-26T05:44:53.639+0000] {processor.py:840} INFO - DAG(s) 'example_kubernetes_executor' retrieved from /home/airflow/.local/lib/python3.12/site-packages/airflow/example_dags/example_kubernetes_executor.py
[2025-08-26T05:44:53.827+0000] {logging_mixin.py:188} INFO - [2025-08-26T05:44:53.827+0000] {dag.py:3096} INFO - Sync 1 DAGs
[2025-08-26T05:44:53.891+0000] {logging_mixin.py:188} INFO - [2025-08-26T05:44:53.890+0000] {dag.py:3954} INFO - Setting next_dagrun for example_kubernetes_executor to None, run_after=None
[2025-08-26T05:44:53.999+0000] {processor.py:183} INFO - Processing /home/airflow/.local/lib/python3.12/site-packages/airflow/example_dags/example_kubernetes_executor.py took 0.468 seconds
[2025-08-26T05:45:27.290+0000] {processor.py:161} INFO - Started process (PID=5486) to work on /home/airflow/.local/lib/python3.12/site-packages/airflow/example_dags/example_kubernetes_executor.py
[2025-08-26T05:45:27.307+0000] {processor.py:830} INFO - Processing file /home/airflow/.local/lib/python3.12/site-packages/airflow/example_dags/example_kubernetes_executor.py for tasks to queue
[2025-08-26T05:45:27.316+0000] {logging_mixin.py:188} INFO - [2025-08-26T05:45:27.309+0000] {dagbag.py:545} INFO - Filling up the DagBag from /home/airflow/.local/lib/python3.12/site-packages/airflow/example_dags/example_kubernetes_executor.py
[2025-08-26T05:45:27.463+0000] {processor.py:840} INFO - DAG(s) 'example_kubernetes_executor' retrieved from /home/airflow/.local/lib/python3.12/site-packages/airflow/example_dags/example_kubernetes_executor.py
[2025-08-26T05:45:27.830+0000] {logging_mixin.py:188} INFO - [2025-08-26T05:45:27.830+0000] {dag.py:3096} INFO - Sync 1 DAGs
[2025-08-26T05:45:27.945+0000] {logging_mixin.py:188} INFO - [2025-08-26T05:45:27.945+0000] {dag.py:3954} INFO - Setting next_dagrun for example_kubernetes_executor to None, run_after=None
[2025-08-26T05:45:28.112+0000] {processor.py:183} INFO - Processing /home/airflow/.local/lib/python3.12/site-packages/airflow/example_dags/example_kubernetes_executor.py took 0.873 seconds
[2025-08-26T05:46:00.907+0000] {processor.py:161} INFO - Started process (PID=5752) to work on /home/airflow/.local/lib/python3.12/site-packages/airflow/example_dags/example_kubernetes_executor.py
[2025-08-26T05:46:00.911+0000] {processor.py:830} INFO - Processing file /home/airflow/.local/lib/python3.12/site-packages/airflow/example_dags/example_kubernetes_executor.py for tasks to queue
[2025-08-26T05:46:00.916+0000] {logging_mixin.py:188} INFO - [2025-08-26T05:46:00.914+0000] {dagbag.py:545} INFO - Filling up the DagBag from /home/airflow/.local/lib/python3.12/site-packages/airflow/example_dags/example_kubernetes_executor.py
[2025-08-26T05:46:01.002+0000] {processor.py:840} INFO - DAG(s) 'example_kubernetes_executor' retrieved from /home/airflow/.local/lib/python3.12/site-packages/airflow/example_dags/example_kubernetes_executor.py
[2025-08-26T05:46:01.190+0000] {logging_mixin.py:188} INFO - [2025-08-26T05:46:01.190+0000] {dag.py:3096} INFO - Sync 1 DAGs
[2025-08-26T05:46:01.273+0000] {logging_mixin.py:188} INFO - [2025-08-26T05:46:01.266+0000] {dag.py:3954} INFO - Setting next_dagrun for example_kubernetes_executor to None, run_after=None
[2025-08-26T05:46:01.376+0000] {processor.py:183} INFO - Processing /home/airflow/.local/lib/python3.12/site-packages/airflow/example_dags/example_kubernetes_executor.py took 0.498 seconds
[2025-08-26T05:46:32.641+0000] {processor.py:161} INFO - Started process (PID=6014) to work on /home/airflow/.local/lib/python3.12/site-packages/airflow/example_dags/example_kubernetes_executor.py
[2025-08-26T05:46:32.656+0000] {processor.py:830} INFO - Processing file /home/airflow/.local/lib/python3.12/site-packages/airflow/example_dags/example_kubernetes_executor.py for tasks to queue
[2025-08-26T05:46:32.677+0000] {logging_mixin.py:188} INFO - [2025-08-26T05:46:32.668+0000] {dagbag.py:545} INFO - Filling up the DagBag from /home/airflow/.local/lib/python3.12/site-packages/airflow/example_dags/example_kubernetes_executor.py
[2025-08-26T05:46:32.825+0000] {processor.py:840} INFO - DAG(s) 'example_kubernetes_executor' retrieved from /home/airflow/.local/lib/python3.12/site-packages/airflow/example_dags/example_kubernetes_executor.py
[2025-08-26T05:46:33.336+0000] {logging_mixin.py:188} INFO - [2025-08-26T05:46:33.335+0000] {dag.py:3096} INFO - Sync 1 DAGs
[2025-08-26T05:46:33.455+0000] {logging_mixin.py:188} INFO - [2025-08-26T05:46:33.454+0000] {dag.py:3954} INFO - Setting next_dagrun for example_kubernetes_executor to None, run_after=None
[2025-08-26T05:46:33.639+0000] {processor.py:183} INFO - Processing /home/airflow/.local/lib/python3.12/site-packages/airflow/example_dags/example_kubernetes_executor.py took 1.046 seconds
[2025-08-26T05:47:04.223+0000] {processor.py:161} INFO - Started process (PID=6276) to work on /home/airflow/.local/lib/python3.12/site-packages/airflow/example_dags/example_kubernetes_executor.py
[2025-08-26T05:47:04.229+0000] {processor.py:830} INFO - Processing file /home/airflow/.local/lib/python3.12/site-packages/airflow/example_dags/example_kubernetes_executor.py for tasks to queue
[2025-08-26T05:47:04.247+0000] {logging_mixin.py:188} INFO - [2025-08-26T05:47:04.246+0000] {dagbag.py:545} INFO - Filling up the DagBag from /home/airflow/.local/lib/python3.12/site-packages/airflow/example_dags/example_kubernetes_executor.py
[2025-08-26T05:47:04.425+0000] {processor.py:840} INFO - DAG(s) 'example_kubernetes_executor' retrieved from /home/airflow/.local/lib/python3.12/site-packages/airflow/example_dags/example_kubernetes_executor.py
[2025-08-26T05:47:05.222+0000] {logging_mixin.py:188} INFO - [2025-08-26T05:47:05.220+0000] {dag.py:3096} INFO - Sync 1 DAGs
[2025-08-26T05:47:05.405+0000] {logging_mixin.py:188} INFO - [2025-08-26T05:47:05.404+0000] {dag.py:3954} INFO - Setting next_dagrun for example_kubernetes_executor to None, run_after=None
[2025-08-26T05:47:05.541+0000] {processor.py:183} INFO - Processing /home/airflow/.local/lib/python3.12/site-packages/airflow/example_dags/example_kubernetes_executor.py took 1.393 seconds
[2025-08-26T05:47:41.653+0000] {processor.py:161} INFO - Started process (PID=6539) to work on /home/airflow/.local/lib/python3.12/site-packages/airflow/example_dags/example_kubernetes_executor.py
[2025-08-26T05:47:41.675+0000] {processor.py:830} INFO - Processing file /home/airflow/.local/lib/python3.12/site-packages/airflow/example_dags/example_kubernetes_executor.py for tasks to queue
[2025-08-26T05:47:41.694+0000] {logging_mixin.py:188} INFO - [2025-08-26T05:47:41.687+0000] {dagbag.py:545} INFO - Filling up the DagBag from /home/airflow/.local/lib/python3.12/site-packages/airflow/example_dags/example_kubernetes_executor.py
[2025-08-26T05:47:41.774+0000] {processor.py:840} INFO - DAG(s) 'example_kubernetes_executor' retrieved from /home/airflow/.local/lib/python3.12/site-packages/airflow/example_dags/example_kubernetes_executor.py
[2025-08-26T05:47:42.288+0000] {logging_mixin.py:188} INFO - [2025-08-26T05:47:42.274+0000] {dag.py:3096} INFO - Sync 1 DAGs
[2025-08-26T05:47:42.453+0000] {logging_mixin.py:188} INFO - [2025-08-26T05:47:42.452+0000] {dag.py:3954} INFO - Setting next_dagrun for example_kubernetes_executor to None, run_after=None
[2025-08-26T05:47:42.731+0000] {processor.py:183} INFO - Processing /home/airflow/.local/lib/python3.12/site-packages/airflow/example_dags/example_kubernetes_executor.py took 1.106 seconds
