[2025-08-26T04:29:40.625+0000] {processor.py:161} INFO - Started process (PID=309) to work on /home/airflow/.local/lib/python3.12/site-packages/airflow/example_dags/example_local_kubernetes_executor.py
[2025-08-26T04:29:40.656+0000] {processor.py:830} INFO - Processing file /home/airflow/.local/lib/python3.12/site-packages/airflow/example_dags/example_local_kubernetes_executor.py for tasks to queue
[2025-08-26T04:29:40.678+0000] {logging_mixin.py:188} INFO - [2025-08-26T04:29:40.677+0000] {dagbag.py:545} INFO - Filling up the DagBag from /home/airflow/.local/lib/python3.12/site-packages/airflow/example_dags/example_local_kubernetes_executor.py
[2025-08-26T04:29:41.028+0000] {processor.py:840} INFO - DAG(s) 'example_local_kubernetes_executor' retrieved from /home/airflow/.local/lib/python3.12/site-packages/airflow/example_dags/example_local_kubernetes_executor.py
[2025-08-26T04:29:43.729+0000] {logging_mixin.py:188} INFO - [2025-08-26T04:29:43.727+0000] {override.py:1829} INFO - Created Permission View: can delete on DAG:example_local_kubernetes_executor
[2025-08-26T04:29:43.862+0000] {logging_mixin.py:188} INFO - [2025-08-26T04:29:43.861+0000] {override.py:1829} INFO - Created Permission View: can read on DAG:example_local_kubernetes_executor
[2025-08-26T04:29:43.937+0000] {logging_mixin.py:188} INFO - [2025-08-26T04:29:43.936+0000] {override.py:1829} INFO - Created Permission View: can edit on DAG:example_local_kubernetes_executor
[2025-08-26T04:29:43.961+0000] {logging_mixin.py:188} INFO - [2025-08-26T04:29:43.961+0000] {dag.py:3096} INFO - Sync 1 DAGs
[2025-08-26T04:29:44.116+0000] {logging_mixin.py:188} INFO - [2025-08-26T04:29:44.116+0000] {dag.py:3118} INFO - Creating ORM DAG for example_local_kubernetes_executor
[2025-08-26T04:29:44.137+0000] {logging_mixin.py:188} INFO - [2025-08-26T04:29:44.137+0000] {dag.py:3954} INFO - Setting next_dagrun for example_local_kubernetes_executor to None, run_after=None
[2025-08-26T04:29:44.422+0000] {processor.py:183} INFO - Processing /home/airflow/.local/lib/python3.12/site-packages/airflow/example_dags/example_local_kubernetes_executor.py took 3.972 seconds
[2025-08-26T04:30:58.058+0000] {processor.py:161} INFO - Started process (PID=581) to work on /home/airflow/.local/lib/python3.12/site-packages/airflow/example_dags/example_local_kubernetes_executor.py
[2025-08-26T04:30:58.064+0000] {processor.py:830} INFO - Processing file /home/airflow/.local/lib/python3.12/site-packages/airflow/example_dags/example_local_kubernetes_executor.py for tasks to queue
[2025-08-26T04:30:58.077+0000] {logging_mixin.py:188} INFO - [2025-08-26T04:30:58.076+0000] {dagbag.py:545} INFO - Filling up the DagBag from /home/airflow/.local/lib/python3.12/site-packages/airflow/example_dags/example_local_kubernetes_executor.py
[2025-08-26T04:30:58.120+0000] {processor.py:840} INFO - DAG(s) 'example_local_kubernetes_executor' retrieved from /home/airflow/.local/lib/python3.12/site-packages/airflow/example_dags/example_local_kubernetes_executor.py
[2025-08-26T04:30:58.376+0000] {logging_mixin.py:188} INFO - [2025-08-26T04:30:58.375+0000] {dag.py:3096} INFO - Sync 1 DAGs
[2025-08-26T04:30:58.574+0000] {logging_mixin.py:188} INFO - [2025-08-26T04:30:58.554+0000] {dag.py:3954} INFO - Setting next_dagrun for example_local_kubernetes_executor to None, run_after=None
[2025-08-26T04:30:58.874+0000] {processor.py:183} INFO - Processing /home/airflow/.local/lib/python3.12/site-packages/airflow/example_dags/example_local_kubernetes_executor.py took 0.888 seconds
[2025-08-26T04:31:34.439+0000] {processor.py:161} INFO - Started process (PID=847) to work on /home/airflow/.local/lib/python3.12/site-packages/airflow/example_dags/example_local_kubernetes_executor.py
[2025-08-26T04:31:34.446+0000] {processor.py:830} INFO - Processing file /home/airflow/.local/lib/python3.12/site-packages/airflow/example_dags/example_local_kubernetes_executor.py for tasks to queue
[2025-08-26T04:31:34.467+0000] {logging_mixin.py:188} INFO - [2025-08-26T04:31:34.465+0000] {dagbag.py:545} INFO - Filling up the DagBag from /home/airflow/.local/lib/python3.12/site-packages/airflow/example_dags/example_local_kubernetes_executor.py
[2025-08-26T04:31:34.557+0000] {processor.py:840} INFO - DAG(s) 'example_local_kubernetes_executor' retrieved from /home/airflow/.local/lib/python3.12/site-packages/airflow/example_dags/example_local_kubernetes_executor.py
[2025-08-26T04:31:34.846+0000] {logging_mixin.py:188} INFO - [2025-08-26T04:31:34.845+0000] {dag.py:3096} INFO - Sync 1 DAGs
[2025-08-26T04:31:34.965+0000] {logging_mixin.py:188} INFO - [2025-08-26T04:31:34.963+0000] {dag.py:3954} INFO - Setting next_dagrun for example_local_kubernetes_executor to None, run_after=None
[2025-08-26T04:31:35.120+0000] {processor.py:183} INFO - Processing /home/airflow/.local/lib/python3.12/site-packages/airflow/example_dags/example_local_kubernetes_executor.py took 0.729 seconds
[2025-08-26T04:32:10.083+0000] {processor.py:161} INFO - Started process (PID=1106) to work on /home/airflow/.local/lib/python3.12/site-packages/airflow/example_dags/example_local_kubernetes_executor.py
[2025-08-26T04:32:10.098+0000] {processor.py:830} INFO - Processing file /home/airflow/.local/lib/python3.12/site-packages/airflow/example_dags/example_local_kubernetes_executor.py for tasks to queue
[2025-08-26T04:32:10.118+0000] {logging_mixin.py:188} INFO - [2025-08-26T04:32:10.117+0000] {dagbag.py:545} INFO - Filling up the DagBag from /home/airflow/.local/lib/python3.12/site-packages/airflow/example_dags/example_local_kubernetes_executor.py
[2025-08-26T04:32:10.157+0000] {processor.py:840} INFO - DAG(s) 'example_local_kubernetes_executor' retrieved from /home/airflow/.local/lib/python3.12/site-packages/airflow/example_dags/example_local_kubernetes_executor.py
[2025-08-26T04:32:10.494+0000] {logging_mixin.py:188} INFO - [2025-08-26T04:32:10.493+0000] {dag.py:3096} INFO - Sync 1 DAGs
[2025-08-26T04:32:10.557+0000] {logging_mixin.py:188} INFO - [2025-08-26T04:32:10.556+0000] {dag.py:3954} INFO - Setting next_dagrun for example_local_kubernetes_executor to None, run_after=None
[2025-08-26T04:32:10.668+0000] {processor.py:183} INFO - Processing /home/airflow/.local/lib/python3.12/site-packages/airflow/example_dags/example_local_kubernetes_executor.py took 0.637 seconds
[2025-08-26T04:32:49.094+0000] {processor.py:161} INFO - Started process (PID=1370) to work on /home/airflow/.local/lib/python3.12/site-packages/airflow/example_dags/example_local_kubernetes_executor.py
[2025-08-26T04:32:49.106+0000] {processor.py:830} INFO - Processing file /home/airflow/.local/lib/python3.12/site-packages/airflow/example_dags/example_local_kubernetes_executor.py for tasks to queue
[2025-08-26T04:32:49.116+0000] {logging_mixin.py:188} INFO - [2025-08-26T04:32:49.115+0000] {dagbag.py:545} INFO - Filling up the DagBag from /home/airflow/.local/lib/python3.12/site-packages/airflow/example_dags/example_local_kubernetes_executor.py
[2025-08-26T04:32:49.169+0000] {processor.py:840} INFO - DAG(s) 'example_local_kubernetes_executor' retrieved from /home/airflow/.local/lib/python3.12/site-packages/airflow/example_dags/example_local_kubernetes_executor.py
[2025-08-26T04:32:49.532+0000] {logging_mixin.py:188} INFO - [2025-08-26T04:32:49.531+0000] {dag.py:3096} INFO - Sync 1 DAGs
[2025-08-26T04:32:49.591+0000] {logging_mixin.py:188} INFO - [2025-08-26T04:32:49.590+0000] {dag.py:3954} INFO - Setting next_dagrun for example_local_kubernetes_executor to None, run_after=None
[2025-08-26T04:32:49.719+0000] {processor.py:183} INFO - Processing /home/airflow/.local/lib/python3.12/site-packages/airflow/example_dags/example_local_kubernetes_executor.py took 0.667 seconds
[2025-08-26T04:33:20.618+0000] {processor.py:161} INFO - Started process (PID=1632) to work on /home/airflow/.local/lib/python3.12/site-packages/airflow/example_dags/example_local_kubernetes_executor.py
[2025-08-26T04:33:20.622+0000] {processor.py:830} INFO - Processing file /home/airflow/.local/lib/python3.12/site-packages/airflow/example_dags/example_local_kubernetes_executor.py for tasks to queue
[2025-08-26T04:33:20.634+0000] {logging_mixin.py:188} INFO - [2025-08-26T04:33:20.630+0000] {dagbag.py:545} INFO - Filling up the DagBag from /home/airflow/.local/lib/python3.12/site-packages/airflow/example_dags/example_local_kubernetes_executor.py
[2025-08-26T04:33:20.671+0000] {processor.py:840} INFO - DAG(s) 'example_local_kubernetes_executor' retrieved from /home/airflow/.local/lib/python3.12/site-packages/airflow/example_dags/example_local_kubernetes_executor.py
[2025-08-26T04:33:20.936+0000] {logging_mixin.py:188} INFO - [2025-08-26T04:33:20.935+0000] {dag.py:3096} INFO - Sync 1 DAGs
[2025-08-26T04:33:21.040+0000] {logging_mixin.py:188} INFO - [2025-08-26T04:33:21.039+0000] {dag.py:3954} INFO - Setting next_dagrun for example_local_kubernetes_executor to None, run_after=None
[2025-08-26T04:33:21.188+0000] {processor.py:183} INFO - Processing /home/airflow/.local/lib/python3.12/site-packages/airflow/example_dags/example_local_kubernetes_executor.py took 0.596 seconds
[2025-08-26T04:33:51.798+0000] {processor.py:161} INFO - Started process (PID=1892) to work on /home/airflow/.local/lib/python3.12/site-packages/airflow/example_dags/example_local_kubernetes_executor.py
[2025-08-26T04:33:51.815+0000] {processor.py:830} INFO - Processing file /home/airflow/.local/lib/python3.12/site-packages/airflow/example_dags/example_local_kubernetes_executor.py for tasks to queue
[2025-08-26T04:33:51.830+0000] {logging_mixin.py:188} INFO - [2025-08-26T04:33:51.829+0000] {dagbag.py:545} INFO - Filling up the DagBag from /home/airflow/.local/lib/python3.12/site-packages/airflow/example_dags/example_local_kubernetes_executor.py
[2025-08-26T04:33:51.896+0000] {processor.py:840} INFO - DAG(s) 'example_local_kubernetes_executor' retrieved from /home/airflow/.local/lib/python3.12/site-packages/airflow/example_dags/example_local_kubernetes_executor.py
[2025-08-26T04:33:52.213+0000] {logging_mixin.py:188} INFO - [2025-08-26T04:33:52.212+0000] {dag.py:3096} INFO - Sync 1 DAGs
[2025-08-26T04:33:52.393+0000] {logging_mixin.py:188} INFO - [2025-08-26T04:33:52.392+0000] {dag.py:3954} INFO - Setting next_dagrun for example_local_kubernetes_executor to None, run_after=None
[2025-08-26T04:33:52.602+0000] {processor.py:183} INFO - Processing /home/airflow/.local/lib/python3.12/site-packages/airflow/example_dags/example_local_kubernetes_executor.py took 0.846 seconds
[2025-08-26T04:34:24.210+0000] {processor.py:161} INFO - Started process (PID=2154) to work on /home/airflow/.local/lib/python3.12/site-packages/airflow/example_dags/example_local_kubernetes_executor.py
[2025-08-26T04:34:24.212+0000] {processor.py:830} INFO - Processing file /home/airflow/.local/lib/python3.12/site-packages/airflow/example_dags/example_local_kubernetes_executor.py for tasks to queue
[2025-08-26T04:34:24.220+0000] {logging_mixin.py:188} INFO - [2025-08-26T04:34:24.219+0000] {dagbag.py:545} INFO - Filling up the DagBag from /home/airflow/.local/lib/python3.12/site-packages/airflow/example_dags/example_local_kubernetes_executor.py
[2025-08-26T04:34:24.249+0000] {processor.py:840} INFO - DAG(s) 'example_local_kubernetes_executor' retrieved from /home/airflow/.local/lib/python3.12/site-packages/airflow/example_dags/example_local_kubernetes_executor.py
[2025-08-26T04:34:24.433+0000] {logging_mixin.py:188} INFO - [2025-08-26T04:34:24.433+0000] {dag.py:3096} INFO - Sync 1 DAGs
[2025-08-26T04:34:24.505+0000] {logging_mixin.py:188} INFO - [2025-08-26T04:34:24.504+0000] {dag.py:3954} INFO - Setting next_dagrun for example_local_kubernetes_executor to None, run_after=None
[2025-08-26T04:34:24.643+0000] {processor.py:183} INFO - Processing /home/airflow/.local/lib/python3.12/site-packages/airflow/example_dags/example_local_kubernetes_executor.py took 0.465 seconds
[2025-08-26T04:34:55.428+0000] {processor.py:161} INFO - Started process (PID=2410) to work on /home/airflow/.local/lib/python3.12/site-packages/airflow/example_dags/example_local_kubernetes_executor.py
[2025-08-26T04:34:55.444+0000] {processor.py:830} INFO - Processing file /home/airflow/.local/lib/python3.12/site-packages/airflow/example_dags/example_local_kubernetes_executor.py for tasks to queue
[2025-08-26T04:34:55.472+0000] {logging_mixin.py:188} INFO - [2025-08-26T04:34:55.471+0000] {dagbag.py:545} INFO - Filling up the DagBag from /home/airflow/.local/lib/python3.12/site-packages/airflow/example_dags/example_local_kubernetes_executor.py
[2025-08-26T04:34:55.570+0000] {processor.py:840} INFO - DAG(s) 'example_local_kubernetes_executor' retrieved from /home/airflow/.local/lib/python3.12/site-packages/airflow/example_dags/example_local_kubernetes_executor.py
[2025-08-26T04:34:55.992+0000] {logging_mixin.py:188} INFO - [2025-08-26T04:34:55.990+0000] {dag.py:3096} INFO - Sync 1 DAGs
[2025-08-26T04:34:56.109+0000] {logging_mixin.py:188} INFO - [2025-08-26T04:34:56.108+0000] {dag.py:3954} INFO - Setting next_dagrun for example_local_kubernetes_executor to None, run_after=None
[2025-08-26T04:34:56.181+0000] {processor.py:183} INFO - Processing /home/airflow/.local/lib/python3.12/site-packages/airflow/example_dags/example_local_kubernetes_executor.py took 0.836 seconds
[2025-08-26T04:35:27.863+0000] {processor.py:161} INFO - Started process (PID=2677) to work on /home/airflow/.local/lib/python3.12/site-packages/airflow/example_dags/example_local_kubernetes_executor.py
[2025-08-26T04:35:27.884+0000] {processor.py:830} INFO - Processing file /home/airflow/.local/lib/python3.12/site-packages/airflow/example_dags/example_local_kubernetes_executor.py for tasks to queue
[2025-08-26T04:35:27.922+0000] {logging_mixin.py:188} INFO - [2025-08-26T04:35:27.920+0000] {dagbag.py:545} INFO - Filling up the DagBag from /home/airflow/.local/lib/python3.12/site-packages/airflow/example_dags/example_local_kubernetes_executor.py
[2025-08-26T04:35:27.961+0000] {processor.py:840} INFO - DAG(s) 'example_local_kubernetes_executor' retrieved from /home/airflow/.local/lib/python3.12/site-packages/airflow/example_dags/example_local_kubernetes_executor.py
[2025-08-26T04:35:28.282+0000] {logging_mixin.py:188} INFO - [2025-08-26T04:35:28.281+0000] {dag.py:3096} INFO - Sync 1 DAGs
[2025-08-26T04:35:28.366+0000] {logging_mixin.py:188} INFO - [2025-08-26T04:35:28.364+0000] {dag.py:3954} INFO - Setting next_dagrun for example_local_kubernetes_executor to None, run_after=None
[2025-08-26T04:35:28.511+0000] {processor.py:183} INFO - Processing /home/airflow/.local/lib/python3.12/site-packages/airflow/example_dags/example_local_kubernetes_executor.py took 0.712 seconds
[2025-08-26T04:35:58.880+0000] {processor.py:161} INFO - Started process (PID=2939) to work on /home/airflow/.local/lib/python3.12/site-packages/airflow/example_dags/example_local_kubernetes_executor.py
[2025-08-26T04:35:58.920+0000] {processor.py:830} INFO - Processing file /home/airflow/.local/lib/python3.12/site-packages/airflow/example_dags/example_local_kubernetes_executor.py for tasks to queue
[2025-08-26T04:35:58.931+0000] {logging_mixin.py:188} INFO - [2025-08-26T04:35:58.930+0000] {dagbag.py:545} INFO - Filling up the DagBag from /home/airflow/.local/lib/python3.12/site-packages/airflow/example_dags/example_local_kubernetes_executor.py
[2025-08-26T04:35:59.006+0000] {processor.py:840} INFO - DAG(s) 'example_local_kubernetes_executor' retrieved from /home/airflow/.local/lib/python3.12/site-packages/airflow/example_dags/example_local_kubernetes_executor.py
[2025-08-26T04:35:59.198+0000] {logging_mixin.py:188} INFO - [2025-08-26T04:35:59.198+0000] {dag.py:3096} INFO - Sync 1 DAGs
[2025-08-26T04:35:59.280+0000] {logging_mixin.py:188} INFO - [2025-08-26T04:35:59.279+0000] {dag.py:3954} INFO - Setting next_dagrun for example_local_kubernetes_executor to None, run_after=None
[2025-08-26T04:35:59.357+0000] {processor.py:183} INFO - Processing /home/airflow/.local/lib/python3.12/site-packages/airflow/example_dags/example_local_kubernetes_executor.py took 0.574 seconds
[2025-08-26T04:36:30.244+0000] {processor.py:161} INFO - Started process (PID=3202) to work on /home/airflow/.local/lib/python3.12/site-packages/airflow/example_dags/example_local_kubernetes_executor.py
[2025-08-26T04:36:30.248+0000] {processor.py:830} INFO - Processing file /home/airflow/.local/lib/python3.12/site-packages/airflow/example_dags/example_local_kubernetes_executor.py for tasks to queue
[2025-08-26T04:36:30.257+0000] {logging_mixin.py:188} INFO - [2025-08-26T04:36:30.256+0000] {dagbag.py:545} INFO - Filling up the DagBag from /home/airflow/.local/lib/python3.12/site-packages/airflow/example_dags/example_local_kubernetes_executor.py
[2025-08-26T04:36:30.288+0000] {processor.py:840} INFO - DAG(s) 'example_local_kubernetes_executor' retrieved from /home/airflow/.local/lib/python3.12/site-packages/airflow/example_dags/example_local_kubernetes_executor.py
[2025-08-26T04:36:30.425+0000] {logging_mixin.py:188} INFO - [2025-08-26T04:36:30.424+0000] {dag.py:3096} INFO - Sync 1 DAGs
[2025-08-26T04:36:30.475+0000] {logging_mixin.py:188} INFO - [2025-08-26T04:36:30.474+0000] {dag.py:3954} INFO - Setting next_dagrun for example_local_kubernetes_executor to None, run_after=None
[2025-08-26T04:36:30.536+0000] {processor.py:183} INFO - Processing /home/airflow/.local/lib/python3.12/site-packages/airflow/example_dags/example_local_kubernetes_executor.py took 0.315 seconds
[2025-08-26T04:37:01.775+0000] {processor.py:161} INFO - Started process (PID=3464) to work on /home/airflow/.local/lib/python3.12/site-packages/airflow/example_dags/example_local_kubernetes_executor.py
[2025-08-26T04:37:01.791+0000] {processor.py:830} INFO - Processing file /home/airflow/.local/lib/python3.12/site-packages/airflow/example_dags/example_local_kubernetes_executor.py for tasks to queue
[2025-08-26T04:37:01.810+0000] {logging_mixin.py:188} INFO - [2025-08-26T04:37:01.808+0000] {dagbag.py:545} INFO - Filling up the DagBag from /home/airflow/.local/lib/python3.12/site-packages/airflow/example_dags/example_local_kubernetes_executor.py
[2025-08-26T04:37:01.912+0000] {processor.py:840} INFO - DAG(s) 'example_local_kubernetes_executor' retrieved from /home/airflow/.local/lib/python3.12/site-packages/airflow/example_dags/example_local_kubernetes_executor.py
[2025-08-26T04:37:02.242+0000] {logging_mixin.py:188} INFO - [2025-08-26T04:37:02.242+0000] {dag.py:3096} INFO - Sync 1 DAGs
[2025-08-26T04:37:02.431+0000] {logging_mixin.py:188} INFO - [2025-08-26T04:37:02.418+0000] {dag.py:3954} INFO - Setting next_dagrun for example_local_kubernetes_executor to None, run_after=None
[2025-08-26T04:37:02.581+0000] {processor.py:183} INFO - Processing /home/airflow/.local/lib/python3.12/site-packages/airflow/example_dags/example_local_kubernetes_executor.py took 0.912 seconds
[2025-08-26T04:37:34.295+0000] {processor.py:161} INFO - Started process (PID=3725) to work on /home/airflow/.local/lib/python3.12/site-packages/airflow/example_dags/example_local_kubernetes_executor.py
[2025-08-26T04:37:34.319+0000] {processor.py:830} INFO - Processing file /home/airflow/.local/lib/python3.12/site-packages/airflow/example_dags/example_local_kubernetes_executor.py for tasks to queue
[2025-08-26T04:37:34.337+0000] {logging_mixin.py:188} INFO - [2025-08-26T04:37:34.333+0000] {dagbag.py:545} INFO - Filling up the DagBag from /home/airflow/.local/lib/python3.12/site-packages/airflow/example_dags/example_local_kubernetes_executor.py
[2025-08-26T04:37:34.404+0000] {processor.py:840} INFO - DAG(s) 'example_local_kubernetes_executor' retrieved from /home/airflow/.local/lib/python3.12/site-packages/airflow/example_dags/example_local_kubernetes_executor.py
[2025-08-26T04:37:34.756+0000] {logging_mixin.py:188} INFO - [2025-08-26T04:37:34.755+0000] {dag.py:3096} INFO - Sync 1 DAGs
[2025-08-26T04:37:34.848+0000] {logging_mixin.py:188} INFO - [2025-08-26T04:37:34.847+0000] {dag.py:3954} INFO - Setting next_dagrun for example_local_kubernetes_executor to None, run_after=None
[2025-08-26T04:37:35.030+0000] {processor.py:183} INFO - Processing /home/airflow/.local/lib/python3.12/site-packages/airflow/example_dags/example_local_kubernetes_executor.py took 0.813 seconds
[2025-08-26T04:38:05.698+0000] {processor.py:161} INFO - Started process (PID=3984) to work on /home/airflow/.local/lib/python3.12/site-packages/airflow/example_dags/example_local_kubernetes_executor.py
[2025-08-26T04:38:05.705+0000] {processor.py:830} INFO - Processing file /home/airflow/.local/lib/python3.12/site-packages/airflow/example_dags/example_local_kubernetes_executor.py for tasks to queue
[2025-08-26T04:38:05.722+0000] {logging_mixin.py:188} INFO - [2025-08-26T04:38:05.721+0000] {dagbag.py:545} INFO - Filling up the DagBag from /home/airflow/.local/lib/python3.12/site-packages/airflow/example_dags/example_local_kubernetes_executor.py
[2025-08-26T04:38:05.801+0000] {processor.py:840} INFO - DAG(s) 'example_local_kubernetes_executor' retrieved from /home/airflow/.local/lib/python3.12/site-packages/airflow/example_dags/example_local_kubernetes_executor.py
[2025-08-26T04:38:06.016+0000] {logging_mixin.py:188} INFO - [2025-08-26T04:38:06.015+0000] {dag.py:3096} INFO - Sync 1 DAGs
[2025-08-26T04:38:06.090+0000] {logging_mixin.py:188} INFO - [2025-08-26T04:38:06.089+0000] {dag.py:3954} INFO - Setting next_dagrun for example_local_kubernetes_executor to None, run_after=None
[2025-08-26T04:38:06.180+0000] {processor.py:183} INFO - Processing /home/airflow/.local/lib/python3.12/site-packages/airflow/example_dags/example_local_kubernetes_executor.py took 0.526 seconds
[2025-08-26T04:38:36.989+0000] {processor.py:161} INFO - Started process (PID=4244) to work on /home/airflow/.local/lib/python3.12/site-packages/airflow/example_dags/example_local_kubernetes_executor.py
[2025-08-26T04:38:36.995+0000] {processor.py:830} INFO - Processing file /home/airflow/.local/lib/python3.12/site-packages/airflow/example_dags/example_local_kubernetes_executor.py for tasks to queue
[2025-08-26T04:38:37.005+0000] {logging_mixin.py:188} INFO - [2025-08-26T04:38:37.004+0000] {dagbag.py:545} INFO - Filling up the DagBag from /home/airflow/.local/lib/python3.12/site-packages/airflow/example_dags/example_local_kubernetes_executor.py
[2025-08-26T04:38:37.034+0000] {processor.py:840} INFO - DAG(s) 'example_local_kubernetes_executor' retrieved from /home/airflow/.local/lib/python3.12/site-packages/airflow/example_dags/example_local_kubernetes_executor.py
[2025-08-26T04:38:37.179+0000] {logging_mixin.py:188} INFO - [2025-08-26T04:38:37.178+0000] {dag.py:3096} INFO - Sync 1 DAGs
[2025-08-26T04:38:37.252+0000] {logging_mixin.py:188} INFO - [2025-08-26T04:38:37.251+0000] {dag.py:3954} INFO - Setting next_dagrun for example_local_kubernetes_executor to None, run_after=None
[2025-08-26T04:38:37.340+0000] {processor.py:183} INFO - Processing /home/airflow/.local/lib/python3.12/site-packages/airflow/example_dags/example_local_kubernetes_executor.py took 0.403 seconds
[2025-08-26T04:39:10.748+0000] {processor.py:161} INFO - Started process (PID=4508) to work on /home/airflow/.local/lib/python3.12/site-packages/airflow/example_dags/example_local_kubernetes_executor.py
[2025-08-26T04:39:10.763+0000] {processor.py:830} INFO - Processing file /home/airflow/.local/lib/python3.12/site-packages/airflow/example_dags/example_local_kubernetes_executor.py for tasks to queue
[2025-08-26T04:39:10.783+0000] {logging_mixin.py:188} INFO - [2025-08-26T04:39:10.781+0000] {dagbag.py:545} INFO - Filling up the DagBag from /home/airflow/.local/lib/python3.12/site-packages/airflow/example_dags/example_local_kubernetes_executor.py
[2025-08-26T04:39:10.874+0000] {processor.py:840} INFO - DAG(s) 'example_local_kubernetes_executor' retrieved from /home/airflow/.local/lib/python3.12/site-packages/airflow/example_dags/example_local_kubernetes_executor.py
[2025-08-26T04:39:11.079+0000] {logging_mixin.py:188} INFO - [2025-08-26T04:39:11.072+0000] {dag.py:3096} INFO - Sync 1 DAGs
[2025-08-26T04:39:11.161+0000] {logging_mixin.py:188} INFO - [2025-08-26T04:39:11.160+0000] {dag.py:3954} INFO - Setting next_dagrun for example_local_kubernetes_executor to None, run_after=None
[2025-08-26T04:39:11.269+0000] {processor.py:183} INFO - Processing /home/airflow/.local/lib/python3.12/site-packages/airflow/example_dags/example_local_kubernetes_executor.py took 0.588 seconds
[2025-08-26T04:39:50.670+0000] {processor.py:161} INFO - Started process (PID=4758) to work on /home/airflow/.local/lib/python3.12/site-packages/airflow/example_dags/example_local_kubernetes_executor.py
[2025-08-26T04:39:50.678+0000] {processor.py:830} INFO - Processing file /home/airflow/.local/lib/python3.12/site-packages/airflow/example_dags/example_local_kubernetes_executor.py for tasks to queue
[2025-08-26T04:39:50.705+0000] {logging_mixin.py:188} INFO - [2025-08-26T04:39:50.704+0000] {dagbag.py:545} INFO - Filling up the DagBag from /home/airflow/.local/lib/python3.12/site-packages/airflow/example_dags/example_local_kubernetes_executor.py
[2025-08-26T04:39:50.776+0000] {processor.py:840} INFO - DAG(s) 'example_local_kubernetes_executor' retrieved from /home/airflow/.local/lib/python3.12/site-packages/airflow/example_dags/example_local_kubernetes_executor.py
[2025-08-26T04:39:51.155+0000] {logging_mixin.py:188} INFO - [2025-08-26T04:39:51.154+0000] {dag.py:3096} INFO - Sync 1 DAGs
[2025-08-26T04:39:51.296+0000] {logging_mixin.py:188} INFO - [2025-08-26T04:39:51.295+0000] {dag.py:3954} INFO - Setting next_dagrun for example_local_kubernetes_executor to None, run_after=None
[2025-08-26T04:39:51.557+0000] {processor.py:183} INFO - Processing /home/airflow/.local/lib/python3.12/site-packages/airflow/example_dags/example_local_kubernetes_executor.py took 1.017 seconds
[2025-08-26T04:40:31.692+0000] {processor.py:161} INFO - Started process (PID=5036) to work on /home/airflow/.local/lib/python3.12/site-packages/airflow/example_dags/example_local_kubernetes_executor.py
[2025-08-26T04:40:31.697+0000] {processor.py:830} INFO - Processing file /home/airflow/.local/lib/python3.12/site-packages/airflow/example_dags/example_local_kubernetes_executor.py for tasks to queue
[2025-08-26T04:40:31.704+0000] {logging_mixin.py:188} INFO - [2025-08-26T04:40:31.703+0000] {dagbag.py:545} INFO - Filling up the DagBag from /home/airflow/.local/lib/python3.12/site-packages/airflow/example_dags/example_local_kubernetes_executor.py
[2025-08-26T04:40:31.770+0000] {processor.py:840} INFO - DAG(s) 'example_local_kubernetes_executor' retrieved from /home/airflow/.local/lib/python3.12/site-packages/airflow/example_dags/example_local_kubernetes_executor.py
[2025-08-26T04:40:32.086+0000] {logging_mixin.py:188} INFO - [2025-08-26T04:40:32.085+0000] {dag.py:3096} INFO - Sync 1 DAGs
[2025-08-26T04:40:32.235+0000] {logging_mixin.py:188} INFO - [2025-08-26T04:40:32.234+0000] {dag.py:3954} INFO - Setting next_dagrun for example_local_kubernetes_executor to None, run_after=None
[2025-08-26T04:40:32.498+0000] {processor.py:183} INFO - Processing /home/airflow/.local/lib/python3.12/site-packages/airflow/example_dags/example_local_kubernetes_executor.py took 0.850 seconds
[2025-08-26T04:41:06.054+0000] {processor.py:161} INFO - Started process (PID=5300) to work on /home/airflow/.local/lib/python3.12/site-packages/airflow/example_dags/example_local_kubernetes_executor.py
[2025-08-26T04:41:06.057+0000] {processor.py:830} INFO - Processing file /home/airflow/.local/lib/python3.12/site-packages/airflow/example_dags/example_local_kubernetes_executor.py for tasks to queue
[2025-08-26T04:41:06.069+0000] {logging_mixin.py:188} INFO - [2025-08-26T04:41:06.068+0000] {dagbag.py:545} INFO - Filling up the DagBag from /home/airflow/.local/lib/python3.12/site-packages/airflow/example_dags/example_local_kubernetes_executor.py
[2025-08-26T04:41:06.119+0000] {processor.py:840} INFO - DAG(s) 'example_local_kubernetes_executor' retrieved from /home/airflow/.local/lib/python3.12/site-packages/airflow/example_dags/example_local_kubernetes_executor.py
[2025-08-26T04:41:06.290+0000] {logging_mixin.py:188} INFO - [2025-08-26T04:41:06.289+0000] {dag.py:3096} INFO - Sync 1 DAGs
[2025-08-26T04:41:06.361+0000] {logging_mixin.py:188} INFO - [2025-08-26T04:41:06.360+0000] {dag.py:3954} INFO - Setting next_dagrun for example_local_kubernetes_executor to None, run_after=None
[2025-08-26T04:41:06.474+0000] {processor.py:183} INFO - Processing /home/airflow/.local/lib/python3.12/site-packages/airflow/example_dags/example_local_kubernetes_executor.py took 0.477 seconds
[2025-08-26T04:41:40.222+0000] {processor.py:161} INFO - Started process (PID=5559) to work on /home/airflow/.local/lib/python3.12/site-packages/airflow/example_dags/example_local_kubernetes_executor.py
[2025-08-26T04:41:40.226+0000] {processor.py:830} INFO - Processing file /home/airflow/.local/lib/python3.12/site-packages/airflow/example_dags/example_local_kubernetes_executor.py for tasks to queue
[2025-08-26T04:41:40.233+0000] {logging_mixin.py:188} INFO - [2025-08-26T04:41:40.232+0000] {dagbag.py:545} INFO - Filling up the DagBag from /home/airflow/.local/lib/python3.12/site-packages/airflow/example_dags/example_local_kubernetes_executor.py
[2025-08-26T04:41:40.268+0000] {processor.py:840} INFO - DAG(s) 'example_local_kubernetes_executor' retrieved from /home/airflow/.local/lib/python3.12/site-packages/airflow/example_dags/example_local_kubernetes_executor.py
[2025-08-26T04:41:40.473+0000] {logging_mixin.py:188} INFO - [2025-08-26T04:41:40.470+0000] {dag.py:3096} INFO - Sync 1 DAGs
[2025-08-26T04:41:40.542+0000] {logging_mixin.py:188} INFO - [2025-08-26T04:41:40.541+0000] {dag.py:3954} INFO - Setting next_dagrun for example_local_kubernetes_executor to None, run_after=None
[2025-08-26T04:41:40.718+0000] {processor.py:183} INFO - Processing /home/airflow/.local/lib/python3.12/site-packages/airflow/example_dags/example_local_kubernetes_executor.py took 0.568 seconds
[2025-08-26T04:42:15.653+0000] {processor.py:161} INFO - Started process (PID=5811) to work on /home/airflow/.local/lib/python3.12/site-packages/airflow/example_dags/example_local_kubernetes_executor.py
[2025-08-26T04:42:15.700+0000] {processor.py:830} INFO - Processing file /home/airflow/.local/lib/python3.12/site-packages/airflow/example_dags/example_local_kubernetes_executor.py for tasks to queue
[2025-08-26T04:42:15.749+0000] {logging_mixin.py:188} INFO - [2025-08-26T04:42:15.748+0000] {dagbag.py:545} INFO - Filling up the DagBag from /home/airflow/.local/lib/python3.12/site-packages/airflow/example_dags/example_local_kubernetes_executor.py
[2025-08-26T04:42:15.862+0000] {processor.py:840} INFO - DAG(s) 'example_local_kubernetes_executor' retrieved from /home/airflow/.local/lib/python3.12/site-packages/airflow/example_dags/example_local_kubernetes_executor.py
[2025-08-26T04:42:16.602+0000] {logging_mixin.py:188} INFO - [2025-08-26T04:42:16.601+0000] {dag.py:3096} INFO - Sync 1 DAGs
[2025-08-26T04:42:16.944+0000] {logging_mixin.py:188} INFO - [2025-08-26T04:42:16.932+0000] {dag.py:3954} INFO - Setting next_dagrun for example_local_kubernetes_executor to None, run_after=None
[2025-08-26T04:42:17.227+0000] {processor.py:183} INFO - Processing /home/airflow/.local/lib/python3.12/site-packages/airflow/example_dags/example_local_kubernetes_executor.py took 1.675 seconds
[2025-08-26T04:42:55.577+0000] {processor.py:161} INFO - Started process (PID=6083) to work on /home/airflow/.local/lib/python3.12/site-packages/airflow/example_dags/example_local_kubernetes_executor.py
[2025-08-26T04:42:55.580+0000] {processor.py:830} INFO - Processing file /home/airflow/.local/lib/python3.12/site-packages/airflow/example_dags/example_local_kubernetes_executor.py for tasks to queue
[2025-08-26T04:42:55.590+0000] {logging_mixin.py:188} INFO - [2025-08-26T04:42:55.588+0000] {dagbag.py:545} INFO - Filling up the DagBag from /home/airflow/.local/lib/python3.12/site-packages/airflow/example_dags/example_local_kubernetes_executor.py
[2025-08-26T04:42:55.626+0000] {processor.py:840} INFO - DAG(s) 'example_local_kubernetes_executor' retrieved from /home/airflow/.local/lib/python3.12/site-packages/airflow/example_dags/example_local_kubernetes_executor.py
[2025-08-26T04:42:55.801+0000] {logging_mixin.py:188} INFO - [2025-08-26T04:42:55.800+0000] {dag.py:3096} INFO - Sync 1 DAGs
[2025-08-26T04:42:55.878+0000] {logging_mixin.py:188} INFO - [2025-08-26T04:42:55.877+0000] {dag.py:3954} INFO - Setting next_dagrun for example_local_kubernetes_executor to None, run_after=None
[2025-08-26T04:42:55.976+0000] {processor.py:183} INFO - Processing /home/airflow/.local/lib/python3.12/site-packages/airflow/example_dags/example_local_kubernetes_executor.py took 0.434 seconds
[2025-08-26T04:43:26.820+0000] {processor.py:161} INFO - Started process (PID=6344) to work on /home/airflow/.local/lib/python3.12/site-packages/airflow/example_dags/example_local_kubernetes_executor.py
[2025-08-26T04:43:26.824+0000] {processor.py:830} INFO - Processing file /home/airflow/.local/lib/python3.12/site-packages/airflow/example_dags/example_local_kubernetes_executor.py for tasks to queue
[2025-08-26T04:43:26.832+0000] {logging_mixin.py:188} INFO - [2025-08-26T04:43:26.830+0000] {dagbag.py:545} INFO - Filling up the DagBag from /home/airflow/.local/lib/python3.12/site-packages/airflow/example_dags/example_local_kubernetes_executor.py
[2025-08-26T04:43:26.879+0000] {processor.py:840} INFO - DAG(s) 'example_local_kubernetes_executor' retrieved from /home/airflow/.local/lib/python3.12/site-packages/airflow/example_dags/example_local_kubernetes_executor.py
[2025-08-26T04:43:27.335+0000] {logging_mixin.py:188} INFO - [2025-08-26T04:43:27.334+0000] {dag.py:3096} INFO - Sync 1 DAGs
[2025-08-26T04:43:27.822+0000] {logging_mixin.py:188} INFO - [2025-08-26T04:43:27.821+0000] {dag.py:3954} INFO - Setting next_dagrun for example_local_kubernetes_executor to None, run_after=None
[2025-08-26T04:43:28.295+0000] {processor.py:183} INFO - Processing /home/airflow/.local/lib/python3.12/site-packages/airflow/example_dags/example_local_kubernetes_executor.py took 1.522 seconds
[2025-08-26T04:44:05.869+0000] {processor.py:161} INFO - Started process (PID=6585) to work on /home/airflow/.local/lib/python3.12/site-packages/airflow/example_dags/example_local_kubernetes_executor.py
[2025-08-26T04:44:05.875+0000] {processor.py:830} INFO - Processing file /home/airflow/.local/lib/python3.12/site-packages/airflow/example_dags/example_local_kubernetes_executor.py for tasks to queue
[2025-08-26T04:44:05.921+0000] {logging_mixin.py:188} INFO - [2025-08-26T04:44:05.920+0000] {dagbag.py:545} INFO - Filling up the DagBag from /home/airflow/.local/lib/python3.12/site-packages/airflow/example_dags/example_local_kubernetes_executor.py
[2025-08-26T04:44:05.999+0000] {processor.py:840} INFO - DAG(s) 'example_local_kubernetes_executor' retrieved from /home/airflow/.local/lib/python3.12/site-packages/airflow/example_dags/example_local_kubernetes_executor.py
[2025-08-26T04:44:06.434+0000] {logging_mixin.py:188} INFO - [2025-08-26T04:44:06.433+0000] {dag.py:3096} INFO - Sync 1 DAGs
[2025-08-26T04:44:06.587+0000] {logging_mixin.py:188} INFO - [2025-08-26T04:44:06.586+0000] {dag.py:3954} INFO - Setting next_dagrun for example_local_kubernetes_executor to None, run_after=None
[2025-08-26T04:44:06.715+0000] {processor.py:183} INFO - Processing /home/airflow/.local/lib/python3.12/site-packages/airflow/example_dags/example_local_kubernetes_executor.py took 0.964 seconds
[2025-08-26T04:44:38.802+0000] {processor.py:161} INFO - Started process (PID=6847) to work on /home/airflow/.local/lib/python3.12/site-packages/airflow/example_dags/example_local_kubernetes_executor.py
[2025-08-26T04:44:38.815+0000] {processor.py:830} INFO - Processing file /home/airflow/.local/lib/python3.12/site-packages/airflow/example_dags/example_local_kubernetes_executor.py for tasks to queue
[2025-08-26T04:44:38.826+0000] {logging_mixin.py:188} INFO - [2025-08-26T04:44:38.825+0000] {dagbag.py:545} INFO - Filling up the DagBag from /home/airflow/.local/lib/python3.12/site-packages/airflow/example_dags/example_local_kubernetes_executor.py
[2025-08-26T04:44:38.903+0000] {processor.py:840} INFO - DAG(s) 'example_local_kubernetes_executor' retrieved from /home/airflow/.local/lib/python3.12/site-packages/airflow/example_dags/example_local_kubernetes_executor.py
[2025-08-26T04:44:39.160+0000] {logging_mixin.py:188} INFO - [2025-08-26T04:44:39.160+0000] {dag.py:3096} INFO - Sync 1 DAGs
[2025-08-26T04:44:39.279+0000] {logging_mixin.py:188} INFO - [2025-08-26T04:44:39.278+0000] {dag.py:3954} INFO - Setting next_dagrun for example_local_kubernetes_executor to None, run_after=None
[2025-08-26T04:44:39.470+0000] {processor.py:183} INFO - Processing /home/airflow/.local/lib/python3.12/site-packages/airflow/example_dags/example_local_kubernetes_executor.py took 0.723 seconds
[2025-08-26T04:45:17.113+0000] {processor.py:161} INFO - Started process (PID=7119) to work on /home/airflow/.local/lib/python3.12/site-packages/airflow/example_dags/example_local_kubernetes_executor.py
[2025-08-26T04:45:17.117+0000] {processor.py:830} INFO - Processing file /home/airflow/.local/lib/python3.12/site-packages/airflow/example_dags/example_local_kubernetes_executor.py for tasks to queue
[2025-08-26T04:45:17.134+0000] {logging_mixin.py:188} INFO - [2025-08-26T04:45:17.133+0000] {dagbag.py:545} INFO - Filling up the DagBag from /home/airflow/.local/lib/python3.12/site-packages/airflow/example_dags/example_local_kubernetes_executor.py
[2025-08-26T04:45:17.229+0000] {processor.py:840} INFO - DAG(s) 'example_local_kubernetes_executor' retrieved from /home/airflow/.local/lib/python3.12/site-packages/airflow/example_dags/example_local_kubernetes_executor.py
[2025-08-26T04:45:17.557+0000] {logging_mixin.py:188} INFO - [2025-08-26T04:45:17.556+0000] {dag.py:3096} INFO - Sync 1 DAGs
[2025-08-26T04:45:17.657+0000] {logging_mixin.py:188} INFO - [2025-08-26T04:45:17.657+0000] {dag.py:3954} INFO - Setting next_dagrun for example_local_kubernetes_executor to None, run_after=None
[2025-08-26T04:45:17.858+0000] {processor.py:183} INFO - Processing /home/airflow/.local/lib/python3.12/site-packages/airflow/example_dags/example_local_kubernetes_executor.py took 0.798 seconds
[2025-08-26T04:45:53.241+0000] {processor.py:161} INFO - Started process (PID=7365) to work on /home/airflow/.local/lib/python3.12/site-packages/airflow/example_dags/example_local_kubernetes_executor.py
[2025-08-26T04:45:53.256+0000] {processor.py:830} INFO - Processing file /home/airflow/.local/lib/python3.12/site-packages/airflow/example_dags/example_local_kubernetes_executor.py for tasks to queue
[2025-08-26T04:45:53.267+0000] {logging_mixin.py:188} INFO - [2025-08-26T04:45:53.262+0000] {dagbag.py:545} INFO - Filling up the DagBag from /home/airflow/.local/lib/python3.12/site-packages/airflow/example_dags/example_local_kubernetes_executor.py
[2025-08-26T04:45:53.338+0000] {processor.py:840} INFO - DAG(s) 'example_local_kubernetes_executor' retrieved from /home/airflow/.local/lib/python3.12/site-packages/airflow/example_dags/example_local_kubernetes_executor.py
[2025-08-26T04:45:53.648+0000] {logging_mixin.py:188} INFO - [2025-08-26T04:45:53.648+0000] {dag.py:3096} INFO - Sync 1 DAGs
[2025-08-26T04:45:54.001+0000] {logging_mixin.py:188} INFO - [2025-08-26T04:45:53.984+0000] {dag.py:3954} INFO - Setting next_dagrun for example_local_kubernetes_executor to None, run_after=None
[2025-08-26T04:45:54.277+0000] {processor.py:183} INFO - Processing /home/airflow/.local/lib/python3.12/site-packages/airflow/example_dags/example_local_kubernetes_executor.py took 1.112 seconds
[2025-08-26T04:46:31.539+0000] {processor.py:161} INFO - Started process (PID=7607) to work on /home/airflow/.local/lib/python3.12/site-packages/airflow/example_dags/example_local_kubernetes_executor.py
[2025-08-26T04:46:31.576+0000] {processor.py:830} INFO - Processing file /home/airflow/.local/lib/python3.12/site-packages/airflow/example_dags/example_local_kubernetes_executor.py for tasks to queue
[2025-08-26T04:46:31.596+0000] {logging_mixin.py:188} INFO - [2025-08-26T04:46:31.593+0000] {dagbag.py:545} INFO - Filling up the DagBag from /home/airflow/.local/lib/python3.12/site-packages/airflow/example_dags/example_local_kubernetes_executor.py
[2025-08-26T04:46:31.749+0000] {processor.py:840} INFO - DAG(s) 'example_local_kubernetes_executor' retrieved from /home/airflow/.local/lib/python3.12/site-packages/airflow/example_dags/example_local_kubernetes_executor.py
[2025-08-26T04:46:32.103+0000] {logging_mixin.py:188} INFO - [2025-08-26T04:46:32.101+0000] {dag.py:3096} INFO - Sync 1 DAGs
[2025-08-26T04:46:32.308+0000] {logging_mixin.py:188} INFO - [2025-08-26T04:46:32.308+0000] {dag.py:3954} INFO - Setting next_dagrun for example_local_kubernetes_executor to None, run_after=None
[2025-08-26T04:46:32.574+0000] {processor.py:183} INFO - Processing /home/airflow/.local/lib/python3.12/site-packages/airflow/example_dags/example_local_kubernetes_executor.py took 1.100 seconds
[2025-08-26T04:47:04.116+0000] {processor.py:161} INFO - Started process (PID=7868) to work on /home/airflow/.local/lib/python3.12/site-packages/airflow/example_dags/example_local_kubernetes_executor.py
[2025-08-26T04:47:04.127+0000] {processor.py:830} INFO - Processing file /home/airflow/.local/lib/python3.12/site-packages/airflow/example_dags/example_local_kubernetes_executor.py for tasks to queue
[2025-08-26T04:47:04.149+0000] {logging_mixin.py:188} INFO - [2025-08-26T04:47:04.147+0000] {dagbag.py:545} INFO - Filling up the DagBag from /home/airflow/.local/lib/python3.12/site-packages/airflow/example_dags/example_local_kubernetes_executor.py
[2025-08-26T04:47:04.199+0000] {processor.py:840} INFO - DAG(s) 'example_local_kubernetes_executor' retrieved from /home/airflow/.local/lib/python3.12/site-packages/airflow/example_dags/example_local_kubernetes_executor.py
[2025-08-26T04:47:04.437+0000] {logging_mixin.py:188} INFO - [2025-08-26T04:47:04.436+0000] {dag.py:3096} INFO - Sync 1 DAGs
[2025-08-26T04:47:04.518+0000] {logging_mixin.py:188} INFO - [2025-08-26T04:47:04.517+0000] {dag.py:3954} INFO - Setting next_dagrun for example_local_kubernetes_executor to None, run_after=None
[2025-08-26T04:47:04.619+0000] {processor.py:183} INFO - Processing /home/airflow/.local/lib/python3.12/site-packages/airflow/example_dags/example_local_kubernetes_executor.py took 0.560 seconds
[2025-08-26T04:49:34.294+0000] {processor.py:161} INFO - Started process (PID=298) to work on /home/airflow/.local/lib/python3.12/site-packages/airflow/example_dags/example_local_kubernetes_executor.py
[2025-08-26T04:49:34.298+0000] {processor.py:830} INFO - Processing file /home/airflow/.local/lib/python3.12/site-packages/airflow/example_dags/example_local_kubernetes_executor.py for tasks to queue
[2025-08-26T04:49:34.334+0000] {logging_mixin.py:188} INFO - [2025-08-26T04:49:34.332+0000] {dagbag.py:545} INFO - Filling up the DagBag from /home/airflow/.local/lib/python3.12/site-packages/airflow/example_dags/example_local_kubernetes_executor.py
[2025-08-26T04:49:34.454+0000] {processor.py:840} INFO - DAG(s) 'example_local_kubernetes_executor' retrieved from /home/airflow/.local/lib/python3.12/site-packages/airflow/example_dags/example_local_kubernetes_executor.py
[2025-08-26T04:49:35.944+0000] {logging_mixin.py:188} INFO - [2025-08-26T04:49:35.943+0000] {dag.py:3096} INFO - Sync 1 DAGs
[2025-08-26T04:49:36.080+0000] {logging_mixin.py:188} INFO - [2025-08-26T04:49:36.080+0000] {dag.py:3954} INFO - Setting next_dagrun for example_local_kubernetes_executor to None, run_after=None
[2025-08-26T04:49:36.238+0000] {processor.py:183} INFO - Processing /home/airflow/.local/lib/python3.12/site-packages/airflow/example_dags/example_local_kubernetes_executor.py took 2.031 seconds
[2025-08-26T04:50:10.451+0000] {processor.py:161} INFO - Started process (PID=560) to work on /home/airflow/.local/lib/python3.12/site-packages/airflow/example_dags/example_local_kubernetes_executor.py
[2025-08-26T04:50:10.455+0000] {processor.py:830} INFO - Processing file /home/airflow/.local/lib/python3.12/site-packages/airflow/example_dags/example_local_kubernetes_executor.py for tasks to queue
[2025-08-26T04:50:10.479+0000] {logging_mixin.py:188} INFO - [2025-08-26T04:50:10.473+0000] {dagbag.py:545} INFO - Filling up the DagBag from /home/airflow/.local/lib/python3.12/site-packages/airflow/example_dags/example_local_kubernetes_executor.py
[2025-08-26T04:50:10.531+0000] {processor.py:840} INFO - DAG(s) 'example_local_kubernetes_executor' retrieved from /home/airflow/.local/lib/python3.12/site-packages/airflow/example_dags/example_local_kubernetes_executor.py
[2025-08-26T04:50:10.758+0000] {logging_mixin.py:188} INFO - [2025-08-26T04:50:10.757+0000] {dag.py:3096} INFO - Sync 1 DAGs
[2025-08-26T04:50:10.886+0000] {logging_mixin.py:188} INFO - [2025-08-26T04:50:10.885+0000] {dag.py:3954} INFO - Setting next_dagrun for example_local_kubernetes_executor to None, run_after=None
[2025-08-26T04:50:11.061+0000] {processor.py:183} INFO - Processing /home/airflow/.local/lib/python3.12/site-packages/airflow/example_dags/example_local_kubernetes_executor.py took 0.681 seconds
[2025-08-26T04:50:42.528+0000] {processor.py:161} INFO - Started process (PID=822) to work on /home/airflow/.local/lib/python3.12/site-packages/airflow/example_dags/example_local_kubernetes_executor.py
[2025-08-26T04:50:42.535+0000] {processor.py:830} INFO - Processing file /home/airflow/.local/lib/python3.12/site-packages/airflow/example_dags/example_local_kubernetes_executor.py for tasks to queue
[2025-08-26T04:50:42.552+0000] {logging_mixin.py:188} INFO - [2025-08-26T04:50:42.551+0000] {dagbag.py:545} INFO - Filling up the DagBag from /home/airflow/.local/lib/python3.12/site-packages/airflow/example_dags/example_local_kubernetes_executor.py
[2025-08-26T04:50:42.591+0000] {processor.py:840} INFO - DAG(s) 'example_local_kubernetes_executor' retrieved from /home/airflow/.local/lib/python3.12/site-packages/airflow/example_dags/example_local_kubernetes_executor.py
[2025-08-26T04:50:42.880+0000] {logging_mixin.py:188} INFO - [2025-08-26T04:50:42.879+0000] {dag.py:3096} INFO - Sync 1 DAGs
[2025-08-26T04:50:43.004+0000] {logging_mixin.py:188} INFO - [2025-08-26T04:50:43.004+0000] {dag.py:3954} INFO - Setting next_dagrun for example_local_kubernetes_executor to None, run_after=None
[2025-08-26T04:50:43.142+0000] {processor.py:183} INFO - Processing /home/airflow/.local/lib/python3.12/site-packages/airflow/example_dags/example_local_kubernetes_executor.py took 0.658 seconds
[2025-08-26T04:51:17.926+0000] {processor.py:161} INFO - Started process (PID=1084) to work on /home/airflow/.local/lib/python3.12/site-packages/airflow/example_dags/example_local_kubernetes_executor.py
[2025-08-26T04:51:17.931+0000] {processor.py:830} INFO - Processing file /home/airflow/.local/lib/python3.12/site-packages/airflow/example_dags/example_local_kubernetes_executor.py for tasks to queue
[2025-08-26T04:51:17.969+0000] {logging_mixin.py:188} INFO - [2025-08-26T04:51:17.955+0000] {dagbag.py:545} INFO - Filling up the DagBag from /home/airflow/.local/lib/python3.12/site-packages/airflow/example_dags/example_local_kubernetes_executor.py
[2025-08-26T04:51:18.028+0000] {processor.py:840} INFO - DAG(s) 'example_local_kubernetes_executor' retrieved from /home/airflow/.local/lib/python3.12/site-packages/airflow/example_dags/example_local_kubernetes_executor.py
[2025-08-26T04:51:18.331+0000] {logging_mixin.py:188} INFO - [2025-08-26T04:51:18.330+0000] {dag.py:3096} INFO - Sync 1 DAGs
[2025-08-26T04:51:18.450+0000] {logging_mixin.py:188} INFO - [2025-08-26T04:51:18.449+0000] {dag.py:3954} INFO - Setting next_dagrun for example_local_kubernetes_executor to None, run_after=None
[2025-08-26T04:51:18.656+0000] {processor.py:183} INFO - Processing /home/airflow/.local/lib/python3.12/site-packages/airflow/example_dags/example_local_kubernetes_executor.py took 0.794 seconds
[2025-08-26T04:51:51.521+0000] {processor.py:161} INFO - Started process (PID=1346) to work on /home/airflow/.local/lib/python3.12/site-packages/airflow/example_dags/example_local_kubernetes_executor.py
[2025-08-26T04:51:51.524+0000] {processor.py:830} INFO - Processing file /home/airflow/.local/lib/python3.12/site-packages/airflow/example_dags/example_local_kubernetes_executor.py for tasks to queue
[2025-08-26T04:51:51.535+0000] {logging_mixin.py:188} INFO - [2025-08-26T04:51:51.534+0000] {dagbag.py:545} INFO - Filling up the DagBag from /home/airflow/.local/lib/python3.12/site-packages/airflow/example_dags/example_local_kubernetes_executor.py
[2025-08-26T04:51:51.577+0000] {processor.py:840} INFO - DAG(s) 'example_local_kubernetes_executor' retrieved from /home/airflow/.local/lib/python3.12/site-packages/airflow/example_dags/example_local_kubernetes_executor.py
[2025-08-26T04:51:51.748+0000] {logging_mixin.py:188} INFO - [2025-08-26T04:51:51.747+0000] {dag.py:3096} INFO - Sync 1 DAGs
[2025-08-26T04:51:51.836+0000] {logging_mixin.py:188} INFO - [2025-08-26T04:51:51.836+0000] {dag.py:3954} INFO - Setting next_dagrun for example_local_kubernetes_executor to None, run_after=None
[2025-08-26T04:51:52.031+0000] {processor.py:183} INFO - Processing /home/airflow/.local/lib/python3.12/site-packages/airflow/example_dags/example_local_kubernetes_executor.py took 0.560 seconds
[2025-08-26T04:52:32.354+0000] {processor.py:161} INFO - Started process (PID=1612) to work on /home/airflow/.local/lib/python3.12/site-packages/airflow/example_dags/example_local_kubernetes_executor.py
[2025-08-26T04:52:32.398+0000] {processor.py:830} INFO - Processing file /home/airflow/.local/lib/python3.12/site-packages/airflow/example_dags/example_local_kubernetes_executor.py for tasks to queue
[2025-08-26T04:52:32.438+0000] {logging_mixin.py:188} INFO - [2025-08-26T04:52:32.436+0000] {dagbag.py:545} INFO - Filling up the DagBag from /home/airflow/.local/lib/python3.12/site-packages/airflow/example_dags/example_local_kubernetes_executor.py
[2025-08-26T04:52:32.545+0000] {processor.py:840} INFO - DAG(s) 'example_local_kubernetes_executor' retrieved from /home/airflow/.local/lib/python3.12/site-packages/airflow/example_dags/example_local_kubernetes_executor.py
[2025-08-26T04:52:33.356+0000] {logging_mixin.py:188} INFO - [2025-08-26T04:52:33.356+0000] {dag.py:3096} INFO - Sync 1 DAGs
[2025-08-26T04:52:33.608+0000] {logging_mixin.py:188} INFO - [2025-08-26T04:52:33.607+0000] {dag.py:3954} INFO - Setting next_dagrun for example_local_kubernetes_executor to None, run_after=None
[2025-08-26T04:52:34.266+0000] {processor.py:183} INFO - Processing /home/airflow/.local/lib/python3.12/site-packages/airflow/example_dags/example_local_kubernetes_executor.py took 1.979 seconds
[2025-08-26T04:53:06.371+0000] {processor.py:161} INFO - Started process (PID=1874) to work on /home/airflow/.local/lib/python3.12/site-packages/airflow/example_dags/example_local_kubernetes_executor.py
[2025-08-26T04:53:06.374+0000] {processor.py:830} INFO - Processing file /home/airflow/.local/lib/python3.12/site-packages/airflow/example_dags/example_local_kubernetes_executor.py for tasks to queue
[2025-08-26T04:53:06.394+0000] {logging_mixin.py:188} INFO - [2025-08-26T04:53:06.393+0000] {dagbag.py:545} INFO - Filling up the DagBag from /home/airflow/.local/lib/python3.12/site-packages/airflow/example_dags/example_local_kubernetes_executor.py
[2025-08-26T04:53:06.431+0000] {processor.py:840} INFO - DAG(s) 'example_local_kubernetes_executor' retrieved from /home/airflow/.local/lib/python3.12/site-packages/airflow/example_dags/example_local_kubernetes_executor.py
[2025-08-26T04:53:06.689+0000] {logging_mixin.py:188} INFO - [2025-08-26T04:53:06.688+0000] {dag.py:3096} INFO - Sync 1 DAGs
[2025-08-26T04:53:06.780+0000] {logging_mixin.py:188} INFO - [2025-08-26T04:53:06.779+0000] {dag.py:3954} INFO - Setting next_dagrun for example_local_kubernetes_executor to None, run_after=None
[2025-08-26T04:53:06.870+0000] {processor.py:183} INFO - Processing /home/airflow/.local/lib/python3.12/site-packages/airflow/example_dags/example_local_kubernetes_executor.py took 0.545 seconds
[2025-08-26T04:53:38.948+0000] {processor.py:161} INFO - Started process (PID=2136) to work on /home/airflow/.local/lib/python3.12/site-packages/airflow/example_dags/example_local_kubernetes_executor.py
[2025-08-26T04:53:38.959+0000] {processor.py:830} INFO - Processing file /home/airflow/.local/lib/python3.12/site-packages/airflow/example_dags/example_local_kubernetes_executor.py for tasks to queue
[2025-08-26T04:53:38.980+0000] {logging_mixin.py:188} INFO - [2025-08-26T04:53:38.975+0000] {dagbag.py:545} INFO - Filling up the DagBag from /home/airflow/.local/lib/python3.12/site-packages/airflow/example_dags/example_local_kubernetes_executor.py
[2025-08-26T04:53:39.129+0000] {processor.py:840} INFO - DAG(s) 'example_local_kubernetes_executor' retrieved from /home/airflow/.local/lib/python3.12/site-packages/airflow/example_dags/example_local_kubernetes_executor.py
[2025-08-26T04:53:39.503+0000] {logging_mixin.py:188} INFO - [2025-08-26T04:53:39.502+0000] {dag.py:3096} INFO - Sync 1 DAGs
[2025-08-26T04:53:39.736+0000] {logging_mixin.py:188} INFO - [2025-08-26T04:53:39.736+0000] {dag.py:3954} INFO - Setting next_dagrun for example_local_kubernetes_executor to None, run_after=None
[2025-08-26T04:53:40.013+0000] {processor.py:183} INFO - Processing /home/airflow/.local/lib/python3.12/site-packages/airflow/example_dags/example_local_kubernetes_executor.py took 1.087 seconds
[2025-08-26T04:54:10.378+0000] {processor.py:161} INFO - Started process (PID=2394) to work on /home/airflow/.local/lib/python3.12/site-packages/airflow/example_dags/example_local_kubernetes_executor.py
[2025-08-26T04:54:10.383+0000] {processor.py:830} INFO - Processing file /home/airflow/.local/lib/python3.12/site-packages/airflow/example_dags/example_local_kubernetes_executor.py for tasks to queue
[2025-08-26T04:54:10.390+0000] {logging_mixin.py:188} INFO - [2025-08-26T04:54:10.390+0000] {dagbag.py:545} INFO - Filling up the DagBag from /home/airflow/.local/lib/python3.12/site-packages/airflow/example_dags/example_local_kubernetes_executor.py
[2025-08-26T04:54:10.416+0000] {processor.py:840} INFO - DAG(s) 'example_local_kubernetes_executor' retrieved from /home/airflow/.local/lib/python3.12/site-packages/airflow/example_dags/example_local_kubernetes_executor.py
[2025-08-26T04:54:10.513+0000] {logging_mixin.py:188} INFO - [2025-08-26T04:54:10.513+0000] {dag.py:3096} INFO - Sync 1 DAGs
[2025-08-26T04:54:10.578+0000] {logging_mixin.py:188} INFO - [2025-08-26T04:54:10.578+0000] {dag.py:3954} INFO - Setting next_dagrun for example_local_kubernetes_executor to None, run_after=None
[2025-08-26T04:54:10.676+0000] {processor.py:183} INFO - Processing /home/airflow/.local/lib/python3.12/site-packages/airflow/example_dags/example_local_kubernetes_executor.py took 0.327 seconds
[2025-08-26T04:54:43.877+0000] {processor.py:161} INFO - Started process (PID=2654) to work on /home/airflow/.local/lib/python3.12/site-packages/airflow/example_dags/example_local_kubernetes_executor.py
[2025-08-26T04:54:43.881+0000] {processor.py:830} INFO - Processing file /home/airflow/.local/lib/python3.12/site-packages/airflow/example_dags/example_local_kubernetes_executor.py for tasks to queue
[2025-08-26T04:54:43.897+0000] {logging_mixin.py:188} INFO - [2025-08-26T04:54:43.896+0000] {dagbag.py:545} INFO - Filling up the DagBag from /home/airflow/.local/lib/python3.12/site-packages/airflow/example_dags/example_local_kubernetes_executor.py
[2025-08-26T04:54:43.952+0000] {processor.py:840} INFO - DAG(s) 'example_local_kubernetes_executor' retrieved from /home/airflow/.local/lib/python3.12/site-packages/airflow/example_dags/example_local_kubernetes_executor.py
[2025-08-26T04:54:44.246+0000] {logging_mixin.py:188} INFO - [2025-08-26T04:54:44.234+0000] {dag.py:3096} INFO - Sync 1 DAGs
[2025-08-26T04:54:44.380+0000] {logging_mixin.py:188} INFO - [2025-08-26T04:54:44.379+0000] {dag.py:3954} INFO - Setting next_dagrun for example_local_kubernetes_executor to None, run_after=None
[2025-08-26T04:54:44.539+0000] {processor.py:183} INFO - Processing /home/airflow/.local/lib/python3.12/site-packages/airflow/example_dags/example_local_kubernetes_executor.py took 0.717 seconds
[2025-08-26T04:55:16.701+0000] {processor.py:161} INFO - Started process (PID=2916) to work on /home/airflow/.local/lib/python3.12/site-packages/airflow/example_dags/example_local_kubernetes_executor.py
[2025-08-26T04:55:16.706+0000] {processor.py:830} INFO - Processing file /home/airflow/.local/lib/python3.12/site-packages/airflow/example_dags/example_local_kubernetes_executor.py for tasks to queue
[2025-08-26T04:55:16.724+0000] {logging_mixin.py:188} INFO - [2025-08-26T04:55:16.722+0000] {dagbag.py:545} INFO - Filling up the DagBag from /home/airflow/.local/lib/python3.12/site-packages/airflow/example_dags/example_local_kubernetes_executor.py
[2025-08-26T04:55:16.824+0000] {processor.py:840} INFO - DAG(s) 'example_local_kubernetes_executor' retrieved from /home/airflow/.local/lib/python3.12/site-packages/airflow/example_dags/example_local_kubernetes_executor.py
[2025-08-26T04:55:17.095+0000] {logging_mixin.py:188} INFO - [2025-08-26T04:55:17.090+0000] {dag.py:3096} INFO - Sync 1 DAGs
[2025-08-26T04:55:17.183+0000] {logging_mixin.py:188} INFO - [2025-08-26T04:55:17.174+0000] {dag.py:3954} INFO - Setting next_dagrun for example_local_kubernetes_executor to None, run_after=None
[2025-08-26T04:55:17.297+0000] {processor.py:183} INFO - Processing /home/airflow/.local/lib/python3.12/site-packages/airflow/example_dags/example_local_kubernetes_executor.py took 0.671 seconds
[2025-08-26T04:55:59.052+0000] {processor.py:161} INFO - Started process (PID=3140) to work on /home/airflow/.local/lib/python3.12/site-packages/airflow/example_dags/example_local_kubernetes_executor.py
[2025-08-26T04:55:59.060+0000] {processor.py:830} INFO - Processing file /home/airflow/.local/lib/python3.12/site-packages/airflow/example_dags/example_local_kubernetes_executor.py for tasks to queue
[2025-08-26T04:55:59.072+0000] {logging_mixin.py:188} INFO - [2025-08-26T04:55:59.071+0000] {dagbag.py:545} INFO - Filling up the DagBag from /home/airflow/.local/lib/python3.12/site-packages/airflow/example_dags/example_local_kubernetes_executor.py
[2025-08-26T04:55:59.132+0000] {processor.py:840} INFO - DAG(s) 'example_local_kubernetes_executor' retrieved from /home/airflow/.local/lib/python3.12/site-packages/airflow/example_dags/example_local_kubernetes_executor.py
[2025-08-26T04:55:59.305+0000] {logging_mixin.py:188} INFO - [2025-08-26T04:55:59.305+0000] {dag.py:3096} INFO - Sync 1 DAGs
[2025-08-26T04:55:59.378+0000] {logging_mixin.py:188} INFO - [2025-08-26T04:55:59.376+0000] {dag.py:3954} INFO - Setting next_dagrun for example_local_kubernetes_executor to None, run_after=None
[2025-08-26T04:55:59.478+0000] {processor.py:183} INFO - Processing /home/airflow/.local/lib/python3.12/site-packages/airflow/example_dags/example_local_kubernetes_executor.py took 0.495 seconds
[2025-08-26T04:56:31.422+0000] {processor.py:161} INFO - Started process (PID=3400) to work on /home/airflow/.local/lib/python3.12/site-packages/airflow/example_dags/example_local_kubernetes_executor.py
[2025-08-26T04:56:31.431+0000] {processor.py:830} INFO - Processing file /home/airflow/.local/lib/python3.12/site-packages/airflow/example_dags/example_local_kubernetes_executor.py for tasks to queue
[2025-08-26T04:56:31.461+0000] {logging_mixin.py:188} INFO - [2025-08-26T04:56:31.459+0000] {dagbag.py:545} INFO - Filling up the DagBag from /home/airflow/.local/lib/python3.12/site-packages/airflow/example_dags/example_local_kubernetes_executor.py
[2025-08-26T04:56:31.532+0000] {processor.py:840} INFO - DAG(s) 'example_local_kubernetes_executor' retrieved from /home/airflow/.local/lib/python3.12/site-packages/airflow/example_dags/example_local_kubernetes_executor.py
[2025-08-26T04:56:32.014+0000] {logging_mixin.py:188} INFO - [2025-08-26T04:56:32.013+0000] {dag.py:3096} INFO - Sync 1 DAGs
[2025-08-26T04:56:32.122+0000] {logging_mixin.py:188} INFO - [2025-08-26T04:56:32.121+0000] {dag.py:3954} INFO - Setting next_dagrun for example_local_kubernetes_executor to None, run_after=None
[2025-08-26T04:56:32.405+0000] {processor.py:183} INFO - Processing /home/airflow/.local/lib/python3.12/site-packages/airflow/example_dags/example_local_kubernetes_executor.py took 1.060 seconds
[2025-08-26T04:57:09.537+0000] {processor.py:161} INFO - Started process (PID=3665) to work on /home/airflow/.local/lib/python3.12/site-packages/airflow/example_dags/example_local_kubernetes_executor.py
[2025-08-26T04:57:09.553+0000] {processor.py:830} INFO - Processing file /home/airflow/.local/lib/python3.12/site-packages/airflow/example_dags/example_local_kubernetes_executor.py for tasks to queue
[2025-08-26T04:57:09.570+0000] {logging_mixin.py:188} INFO - [2025-08-26T04:57:09.569+0000] {dagbag.py:545} INFO - Filling up the DagBag from /home/airflow/.local/lib/python3.12/site-packages/airflow/example_dags/example_local_kubernetes_executor.py
[2025-08-26T04:57:09.604+0000] {processor.py:840} INFO - DAG(s) 'example_local_kubernetes_executor' retrieved from /home/airflow/.local/lib/python3.12/site-packages/airflow/example_dags/example_local_kubernetes_executor.py
[2025-08-26T04:57:09.772+0000] {logging_mixin.py:188} INFO - [2025-08-26T04:57:09.771+0000] {dag.py:3096} INFO - Sync 1 DAGs
[2025-08-26T04:57:09.849+0000] {logging_mixin.py:188} INFO - [2025-08-26T04:57:09.837+0000] {dag.py:3954} INFO - Setting next_dagrun for example_local_kubernetes_executor to None, run_after=None
[2025-08-26T04:57:09.997+0000] {processor.py:183} INFO - Processing /home/airflow/.local/lib/python3.12/site-packages/airflow/example_dags/example_local_kubernetes_executor.py took 0.500 seconds
[2025-08-26T04:57:59.620+0000] {processor.py:161} INFO - Started process (PID=3922) to work on /home/airflow/.local/lib/python3.12/site-packages/airflow/example_dags/example_local_kubernetes_executor.py
[2025-08-26T04:57:59.638+0000] {processor.py:830} INFO - Processing file /home/airflow/.local/lib/python3.12/site-packages/airflow/example_dags/example_local_kubernetes_executor.py for tasks to queue
[2025-08-26T04:57:59.672+0000] {logging_mixin.py:188} INFO - [2025-08-26T04:57:59.671+0000] {dagbag.py:545} INFO - Filling up the DagBag from /home/airflow/.local/lib/python3.12/site-packages/airflow/example_dags/example_local_kubernetes_executor.py
[2025-08-26T04:57:59.816+0000] {processor.py:840} INFO - DAG(s) 'example_local_kubernetes_executor' retrieved from /home/airflow/.local/lib/python3.12/site-packages/airflow/example_dags/example_local_kubernetes_executor.py
[2025-08-26T04:58:00.284+0000] {logging_mixin.py:188} INFO - [2025-08-26T04:58:00.273+0000] {dag.py:3096} INFO - Sync 1 DAGs
[2025-08-26T04:58:00.501+0000] {logging_mixin.py:188} INFO - [2025-08-26T04:58:00.500+0000] {dag.py:3954} INFO - Setting next_dagrun for example_local_kubernetes_executor to None, run_after=None
[2025-08-26T04:58:00.834+0000] {processor.py:183} INFO - Processing /home/airflow/.local/lib/python3.12/site-packages/airflow/example_dags/example_local_kubernetes_executor.py took 1.407 seconds
[2025-08-26T05:35:30.638+0000] {processor.py:161} INFO - Started process (PID=4183) to work on /home/airflow/.local/lib/python3.12/site-packages/airflow/example_dags/example_local_kubernetes_executor.py
[2025-08-26T05:35:30.644+0000] {processor.py:830} INFO - Processing file /home/airflow/.local/lib/python3.12/site-packages/airflow/example_dags/example_local_kubernetes_executor.py for tasks to queue
[2025-08-26T05:35:30.649+0000] {logging_mixin.py:188} INFO - [2025-08-26T05:35:30.648+0000] {dagbag.py:545} INFO - Filling up the DagBag from /home/airflow/.local/lib/python3.12/site-packages/airflow/example_dags/example_local_kubernetes_executor.py
[2025-08-26T05:35:30.721+0000] {processor.py:840} INFO - DAG(s) 'example_local_kubernetes_executor' retrieved from /home/airflow/.local/lib/python3.12/site-packages/airflow/example_dags/example_local_kubernetes_executor.py
[2025-08-26T05:35:31.173+0000] {logging_mixin.py:188} INFO - [2025-08-26T05:35:31.172+0000] {dag.py:3096} INFO - Sync 1 DAGs
[2025-08-26T05:35:31.380+0000] {logging_mixin.py:188} INFO - [2025-08-26T05:35:31.378+0000] {dag.py:3954} INFO - Setting next_dagrun for example_local_kubernetes_executor to None, run_after=None
[2025-08-26T05:35:31.615+0000] {processor.py:183} INFO - Processing /home/airflow/.local/lib/python3.12/site-packages/airflow/example_dags/example_local_kubernetes_executor.py took 1.026 seconds
[2025-08-26T05:42:16.682+0000] {processor.py:161} INFO - Started process (PID=4346) to work on /home/airflow/.local/lib/python3.12/site-packages/airflow/example_dags/example_local_kubernetes_executor.py
[2025-08-26T05:42:16.715+0000] {processor.py:830} INFO - Processing file /home/airflow/.local/lib/python3.12/site-packages/airflow/example_dags/example_local_kubernetes_executor.py for tasks to queue
[2025-08-26T05:42:16.746+0000] {logging_mixin.py:188} INFO - [2025-08-26T05:42:16.732+0000] {dagbag.py:545} INFO - Filling up the DagBag from /home/airflow/.local/lib/python3.12/site-packages/airflow/example_dags/example_local_kubernetes_executor.py
[2025-08-26T05:42:16.874+0000] {processor.py:840} INFO - DAG(s) 'example_local_kubernetes_executor' retrieved from /home/airflow/.local/lib/python3.12/site-packages/airflow/example_dags/example_local_kubernetes_executor.py
[2025-08-26T05:42:17.914+0000] {logging_mixin.py:188} INFO - [2025-08-26T05:42:17.913+0000] {dag.py:3096} INFO - Sync 1 DAGs
[2025-08-26T05:42:18.243+0000] {logging_mixin.py:188} INFO - [2025-08-26T05:42:18.242+0000] {dag.py:3954} INFO - Setting next_dagrun for example_local_kubernetes_executor to None, run_after=None
[2025-08-26T05:42:18.892+0000] {processor.py:183} INFO - Processing /home/airflow/.local/lib/python3.12/site-packages/airflow/example_dags/example_local_kubernetes_executor.py took 2.346 seconds
[2025-08-26T05:43:29.165+0000] {processor.py:161} INFO - Started process (PID=4634) to work on /home/airflow/.local/lib/python3.12/site-packages/airflow/example_dags/example_local_kubernetes_executor.py
[2025-08-26T05:43:29.169+0000] {processor.py:830} INFO - Processing file /home/airflow/.local/lib/python3.12/site-packages/airflow/example_dags/example_local_kubernetes_executor.py for tasks to queue
[2025-08-26T05:43:29.187+0000] {logging_mixin.py:188} INFO - [2025-08-26T05:43:29.186+0000] {dagbag.py:545} INFO - Filling up the DagBag from /home/airflow/.local/lib/python3.12/site-packages/airflow/example_dags/example_local_kubernetes_executor.py
[2025-08-26T05:43:29.270+0000] {processor.py:840} INFO - DAG(s) 'example_local_kubernetes_executor' retrieved from /home/airflow/.local/lib/python3.12/site-packages/airflow/example_dags/example_local_kubernetes_executor.py
[2025-08-26T05:43:30.003+0000] {logging_mixin.py:188} INFO - [2025-08-26T05:43:30.002+0000] {dag.py:3096} INFO - Sync 1 DAGs
[2025-08-26T05:43:30.220+0000] {logging_mixin.py:188} INFO - [2025-08-26T05:43:30.219+0000] {dag.py:3954} INFO - Setting next_dagrun for example_local_kubernetes_executor to None, run_after=None
[2025-08-26T05:43:30.531+0000] {processor.py:183} INFO - Processing /home/airflow/.local/lib/python3.12/site-packages/airflow/example_dags/example_local_kubernetes_executor.py took 1.439 seconds
[2025-08-26T05:44:07.974+0000] {processor.py:161} INFO - Started process (PID=4890) to work on /home/airflow/.local/lib/python3.12/site-packages/airflow/example_dags/example_local_kubernetes_executor.py
[2025-08-26T05:44:07.978+0000] {processor.py:830} INFO - Processing file /home/airflow/.local/lib/python3.12/site-packages/airflow/example_dags/example_local_kubernetes_executor.py for tasks to queue
[2025-08-26T05:44:07.997+0000] {logging_mixin.py:188} INFO - [2025-08-26T05:44:07.996+0000] {dagbag.py:545} INFO - Filling up the DagBag from /home/airflow/.local/lib/python3.12/site-packages/airflow/example_dags/example_local_kubernetes_executor.py
[2025-08-26T05:44:08.073+0000] {processor.py:840} INFO - DAG(s) 'example_local_kubernetes_executor' retrieved from /home/airflow/.local/lib/python3.12/site-packages/airflow/example_dags/example_local_kubernetes_executor.py
[2025-08-26T05:44:08.364+0000] {logging_mixin.py:188} INFO - [2025-08-26T05:44:08.363+0000] {dag.py:3096} INFO - Sync 1 DAGs
[2025-08-26T05:44:08.486+0000] {logging_mixin.py:188} INFO - [2025-08-26T05:44:08.485+0000] {dag.py:3954} INFO - Setting next_dagrun for example_local_kubernetes_executor to None, run_after=None
[2025-08-26T05:44:08.621+0000] {processor.py:183} INFO - Processing /home/airflow/.local/lib/python3.12/site-packages/airflow/example_dags/example_local_kubernetes_executor.py took 0.700 seconds
[2025-08-26T05:44:44.875+0000] {processor.py:161} INFO - Started process (PID=5148) to work on /home/airflow/.local/lib/python3.12/site-packages/airflow/example_dags/example_local_kubernetes_executor.py
[2025-08-26T05:44:44.895+0000] {processor.py:830} INFO - Processing file /home/airflow/.local/lib/python3.12/site-packages/airflow/example_dags/example_local_kubernetes_executor.py for tasks to queue
[2025-08-26T05:44:44.911+0000] {logging_mixin.py:188} INFO - [2025-08-26T05:44:44.910+0000] {dagbag.py:545} INFO - Filling up the DagBag from /home/airflow/.local/lib/python3.12/site-packages/airflow/example_dags/example_local_kubernetes_executor.py
[2025-08-26T05:44:45.156+0000] {processor.py:840} INFO - DAG(s) 'example_local_kubernetes_executor' retrieved from /home/airflow/.local/lib/python3.12/site-packages/airflow/example_dags/example_local_kubernetes_executor.py
[2025-08-26T05:44:45.408+0000] {logging_mixin.py:188} INFO - [2025-08-26T05:44:45.407+0000] {dag.py:3096} INFO - Sync 1 DAGs
[2025-08-26T05:44:45.478+0000] {logging_mixin.py:188} INFO - [2025-08-26T05:44:45.476+0000] {dag.py:3954} INFO - Setting next_dagrun for example_local_kubernetes_executor to None, run_after=None
[2025-08-26T05:44:45.614+0000] {processor.py:183} INFO - Processing /home/airflow/.local/lib/python3.12/site-packages/airflow/example_dags/example_local_kubernetes_executor.py took 0.827 seconds
[2025-08-26T05:45:18.249+0000] {processor.py:161} INFO - Started process (PID=5411) to work on /home/airflow/.local/lib/python3.12/site-packages/airflow/example_dags/example_local_kubernetes_executor.py
[2025-08-26T05:45:18.253+0000] {processor.py:830} INFO - Processing file /home/airflow/.local/lib/python3.12/site-packages/airflow/example_dags/example_local_kubernetes_executor.py for tasks to queue
[2025-08-26T05:45:18.268+0000] {logging_mixin.py:188} INFO - [2025-08-26T05:45:18.267+0000] {dagbag.py:545} INFO - Filling up the DagBag from /home/airflow/.local/lib/python3.12/site-packages/airflow/example_dags/example_local_kubernetes_executor.py
[2025-08-26T05:45:18.320+0000] {processor.py:840} INFO - DAG(s) 'example_local_kubernetes_executor' retrieved from /home/airflow/.local/lib/python3.12/site-packages/airflow/example_dags/example_local_kubernetes_executor.py
[2025-08-26T05:45:18.695+0000] {logging_mixin.py:188} INFO - [2025-08-26T05:45:18.694+0000] {dag.py:3096} INFO - Sync 1 DAGs
[2025-08-26T05:45:18.842+0000] {logging_mixin.py:188} INFO - [2025-08-26T05:45:18.840+0000] {dag.py:3954} INFO - Setting next_dagrun for example_local_kubernetes_executor to None, run_after=None
[2025-08-26T05:45:19.038+0000] {processor.py:183} INFO - Processing /home/airflow/.local/lib/python3.12/site-packages/airflow/example_dags/example_local_kubernetes_executor.py took 0.822 seconds
[2025-08-26T05:45:49.535+0000] {processor.py:161} INFO - Started process (PID=5674) to work on /home/airflow/.local/lib/python3.12/site-packages/airflow/example_dags/example_local_kubernetes_executor.py
[2025-08-26T05:45:49.545+0000] {processor.py:830} INFO - Processing file /home/airflow/.local/lib/python3.12/site-packages/airflow/example_dags/example_local_kubernetes_executor.py for tasks to queue
[2025-08-26T05:45:49.549+0000] {logging_mixin.py:188} INFO - [2025-08-26T05:45:49.548+0000] {dagbag.py:545} INFO - Filling up the DagBag from /home/airflow/.local/lib/python3.12/site-packages/airflow/example_dags/example_local_kubernetes_executor.py
[2025-08-26T05:45:49.589+0000] {processor.py:840} INFO - DAG(s) 'example_local_kubernetes_executor' retrieved from /home/airflow/.local/lib/python3.12/site-packages/airflow/example_dags/example_local_kubernetes_executor.py
[2025-08-26T05:45:49.894+0000] {logging_mixin.py:188} INFO - [2025-08-26T05:45:49.894+0000] {dag.py:3096} INFO - Sync 1 DAGs
[2025-08-26T05:45:50.014+0000] {logging_mixin.py:188} INFO - [2025-08-26T05:45:50.013+0000] {dag.py:3954} INFO - Setting next_dagrun for example_local_kubernetes_executor to None, run_after=None
[2025-08-26T05:45:50.169+0000] {processor.py:183} INFO - Processing /home/airflow/.local/lib/python3.12/site-packages/airflow/example_dags/example_local_kubernetes_executor.py took 0.665 seconds
[2025-08-26T05:46:21.262+0000] {processor.py:161} INFO - Started process (PID=5936) to work on /home/airflow/.local/lib/python3.12/site-packages/airflow/example_dags/example_local_kubernetes_executor.py
[2025-08-26T05:46:21.269+0000] {processor.py:830} INFO - Processing file /home/airflow/.local/lib/python3.12/site-packages/airflow/example_dags/example_local_kubernetes_executor.py for tasks to queue
[2025-08-26T05:46:21.278+0000] {logging_mixin.py:188} INFO - [2025-08-26T05:46:21.277+0000] {dagbag.py:545} INFO - Filling up the DagBag from /home/airflow/.local/lib/python3.12/site-packages/airflow/example_dags/example_local_kubernetes_executor.py
[2025-08-26T05:46:21.346+0000] {processor.py:840} INFO - DAG(s) 'example_local_kubernetes_executor' retrieved from /home/airflow/.local/lib/python3.12/site-packages/airflow/example_dags/example_local_kubernetes_executor.py
[2025-08-26T05:46:21.565+0000] {logging_mixin.py:188} INFO - [2025-08-26T05:46:21.564+0000] {dag.py:3096} INFO - Sync 1 DAGs
[2025-08-26T05:46:21.652+0000] {logging_mixin.py:188} INFO - [2025-08-26T05:46:21.651+0000] {dag.py:3954} INFO - Setting next_dagrun for example_local_kubernetes_executor to None, run_after=None
[2025-08-26T05:46:21.748+0000] {processor.py:183} INFO - Processing /home/airflow/.local/lib/python3.12/site-packages/airflow/example_dags/example_local_kubernetes_executor.py took 0.534 seconds
[2025-08-26T05:46:53.240+0000] {processor.py:161} INFO - Started process (PID=6196) to work on /home/airflow/.local/lib/python3.12/site-packages/airflow/example_dags/example_local_kubernetes_executor.py
[2025-08-26T05:46:53.244+0000] {processor.py:830} INFO - Processing file /home/airflow/.local/lib/python3.12/site-packages/airflow/example_dags/example_local_kubernetes_executor.py for tasks to queue
[2025-08-26T05:46:53.259+0000] {logging_mixin.py:188} INFO - [2025-08-26T05:46:53.258+0000] {dagbag.py:545} INFO - Filling up the DagBag from /home/airflow/.local/lib/python3.12/site-packages/airflow/example_dags/example_local_kubernetes_executor.py
[2025-08-26T05:46:53.341+0000] {processor.py:840} INFO - DAG(s) 'example_local_kubernetes_executor' retrieved from /home/airflow/.local/lib/python3.12/site-packages/airflow/example_dags/example_local_kubernetes_executor.py
[2025-08-26T05:46:53.598+0000] {logging_mixin.py:188} INFO - [2025-08-26T05:46:53.597+0000] {dag.py:3096} INFO - Sync 1 DAGs
[2025-08-26T05:46:53.692+0000] {logging_mixin.py:188} INFO - [2025-08-26T05:46:53.692+0000] {dag.py:3954} INFO - Setting next_dagrun for example_local_kubernetes_executor to None, run_after=None
[2025-08-26T05:46:53.895+0000] {processor.py:183} INFO - Processing /home/airflow/.local/lib/python3.12/site-packages/airflow/example_dags/example_local_kubernetes_executor.py took 0.690 seconds
[2025-08-26T05:47:33.812+0000] {processor.py:161} INFO - Started process (PID=6458) to work on /home/airflow/.local/lib/python3.12/site-packages/airflow/example_dags/example_local_kubernetes_executor.py
[2025-08-26T05:47:33.816+0000] {processor.py:830} INFO - Processing file /home/airflow/.local/lib/python3.12/site-packages/airflow/example_dags/example_local_kubernetes_executor.py for tasks to queue
[2025-08-26T05:47:33.822+0000] {logging_mixin.py:188} INFO - [2025-08-26T05:47:33.820+0000] {dagbag.py:545} INFO - Filling up the DagBag from /home/airflow/.local/lib/python3.12/site-packages/airflow/example_dags/example_local_kubernetes_executor.py
[2025-08-26T05:47:33.870+0000] {processor.py:840} INFO - DAG(s) 'example_local_kubernetes_executor' retrieved from /home/airflow/.local/lib/python3.12/site-packages/airflow/example_dags/example_local_kubernetes_executor.py
[2025-08-26T05:47:34.285+0000] {logging_mixin.py:188} INFO - [2025-08-26T05:47:34.285+0000] {dag.py:3096} INFO - Sync 1 DAGs
[2025-08-26T05:47:34.467+0000] {logging_mixin.py:188} INFO - [2025-08-26T05:47:34.466+0000] {dag.py:3954} INFO - Setting next_dagrun for example_local_kubernetes_executor to None, run_after=None
[2025-08-26T05:47:34.716+0000] {processor.py:183} INFO - Processing /home/airflow/.local/lib/python3.12/site-packages/airflow/example_dags/example_local_kubernetes_executor.py took 0.943 seconds
