[2025-08-26T04:30:07.635+0000] {processor.py:161} INFO - Started process (PID=364) to work on /home/airflow/.local/lib/python3.12/site-packages/airflow/example_dags/example_python_decorator.py
[2025-08-26T04:30:07.640+0000] {processor.py:830} INFO - Processing file /home/airflow/.local/lib/python3.12/site-packages/airflow/example_dags/example_python_decorator.py for tasks to queue
[2025-08-26T04:30:07.656+0000] {logging_mixin.py:188} INFO - [2025-08-26T04:30:07.655+0000] {dagbag.py:545} INFO - Filling up the DagBag from /home/airflow/.local/lib/python3.12/site-packages/airflow/example_dags/example_python_decorator.py
[2025-08-26T04:30:07.849+0000] {processor.py:840} INFO - DAG(s) 'example_python_decorator' retrieved from /home/airflow/.local/lib/python3.12/site-packages/airflow/example_dags/example_python_decorator.py
[2025-08-26T04:30:09.910+0000] {logging_mixin.py:188} INFO - [2025-08-26T04:30:09.907+0000] {override.py:1829} INFO - Created Permission View: can delete on DAG:example_python_decorator
[2025-08-26T04:30:09.994+0000] {logging_mixin.py:188} INFO - [2025-08-26T04:30:09.992+0000] {override.py:1829} INFO - Created Permission View: can read on DAG:example_python_decorator
[2025-08-26T04:30:10.028+0000] {logging_mixin.py:188} INFO - [2025-08-26T04:30:10.027+0000] {override.py:1829} INFO - Created Permission View: can edit on DAG:example_python_decorator
[2025-08-26T04:30:10.030+0000] {logging_mixin.py:188} INFO - [2025-08-26T04:30:10.030+0000] {dag.py:3096} INFO - Sync 1 DAGs
[2025-08-26T04:30:10.098+0000] {logging_mixin.py:188} INFO - [2025-08-26T04:30:10.096+0000] {dag.py:3118} INFO - Creating ORM DAG for example_python_decorator
[2025-08-26T04:30:10.102+0000] {logging_mixin.py:188} INFO - [2025-08-26T04:30:10.101+0000] {dag.py:3954} INFO - Setting next_dagrun for example_python_decorator to None, run_after=None
[2025-08-26T04:30:10.196+0000] {processor.py:183} INFO - Processing /home/airflow/.local/lib/python3.12/site-packages/airflow/example_dags/example_python_decorator.py took 2.640 seconds
[2025-08-26T04:31:04.439+0000] {processor.py:161} INFO - Started process (PID=633) to work on /home/airflow/.local/lib/python3.12/site-packages/airflow/example_dags/example_python_decorator.py
[2025-08-26T04:31:04.456+0000] {processor.py:830} INFO - Processing file /home/airflow/.local/lib/python3.12/site-packages/airflow/example_dags/example_python_decorator.py for tasks to queue
[2025-08-26T04:31:04.471+0000] {logging_mixin.py:188} INFO - [2025-08-26T04:31:04.470+0000] {dagbag.py:545} INFO - Filling up the DagBag from /home/airflow/.local/lib/python3.12/site-packages/airflow/example_dags/example_python_decorator.py
[2025-08-26T04:31:04.577+0000] {processor.py:840} INFO - DAG(s) 'example_python_decorator' retrieved from /home/airflow/.local/lib/python3.12/site-packages/airflow/example_dags/example_python_decorator.py
[2025-08-26T04:31:04.746+0000] {logging_mixin.py:188} INFO - [2025-08-26T04:31:04.745+0000] {dag.py:3096} INFO - Sync 1 DAGs
[2025-08-26T04:31:04.835+0000] {logging_mixin.py:188} INFO - [2025-08-26T04:31:04.833+0000] {dag.py:3954} INFO - Setting next_dagrun for example_python_decorator to None, run_after=None
[2025-08-26T04:31:04.962+0000] {processor.py:183} INFO - Processing /home/airflow/.local/lib/python3.12/site-packages/airflow/example_dags/example_python_decorator.py took 0.619 seconds
[2025-08-26T04:31:40.534+0000] {processor.py:161} INFO - Started process (PID=895) to work on /home/airflow/.local/lib/python3.12/site-packages/airflow/example_dags/example_python_decorator.py
[2025-08-26T04:31:40.544+0000] {processor.py:830} INFO - Processing file /home/airflow/.local/lib/python3.12/site-packages/airflow/example_dags/example_python_decorator.py for tasks to queue
[2025-08-26T04:31:40.556+0000] {logging_mixin.py:188} INFO - [2025-08-26T04:31:40.554+0000] {dagbag.py:545} INFO - Filling up the DagBag from /home/airflow/.local/lib/python3.12/site-packages/airflow/example_dags/example_python_decorator.py
[2025-08-26T04:31:40.658+0000] {processor.py:840} INFO - DAG(s) 'example_python_decorator' retrieved from /home/airflow/.local/lib/python3.12/site-packages/airflow/example_dags/example_python_decorator.py
[2025-08-26T04:31:40.989+0000] {logging_mixin.py:188} INFO - [2025-08-26T04:31:40.988+0000] {dag.py:3096} INFO - Sync 1 DAGs
[2025-08-26T04:31:41.143+0000] {logging_mixin.py:188} INFO - [2025-08-26T04:31:41.142+0000] {dag.py:3954} INFO - Setting next_dagrun for example_python_decorator to None, run_after=None
[2025-08-26T04:31:41.380+0000] {processor.py:183} INFO - Processing /home/airflow/.local/lib/python3.12/site-packages/airflow/example_dags/example_python_decorator.py took 0.879 seconds
[2025-08-26T04:32:15.052+0000] {processor.py:161} INFO - Started process (PID=1156) to work on /home/airflow/.local/lib/python3.12/site-packages/airflow/example_dags/example_python_decorator.py
[2025-08-26T04:32:15.059+0000] {processor.py:830} INFO - Processing file /home/airflow/.local/lib/python3.12/site-packages/airflow/example_dags/example_python_decorator.py for tasks to queue
[2025-08-26T04:32:15.068+0000] {logging_mixin.py:188} INFO - [2025-08-26T04:32:15.067+0000] {dagbag.py:545} INFO - Filling up the DagBag from /home/airflow/.local/lib/python3.12/site-packages/airflow/example_dags/example_python_decorator.py
[2025-08-26T04:32:15.133+0000] {processor.py:840} INFO - DAG(s) 'example_python_decorator' retrieved from /home/airflow/.local/lib/python3.12/site-packages/airflow/example_dags/example_python_decorator.py
[2025-08-26T04:32:15.246+0000] {logging_mixin.py:188} INFO - [2025-08-26T04:32:15.245+0000] {dag.py:3096} INFO - Sync 1 DAGs
[2025-08-26T04:32:15.309+0000] {logging_mixin.py:188} INFO - [2025-08-26T04:32:15.308+0000] {dag.py:3954} INFO - Setting next_dagrun for example_python_decorator to None, run_after=None
[2025-08-26T04:32:15.405+0000] {processor.py:183} INFO - Processing /home/airflow/.local/lib/python3.12/site-packages/airflow/example_dags/example_python_decorator.py took 0.387 seconds
[2025-08-26T04:32:57.182+0000] {processor.py:161} INFO - Started process (PID=1424) to work on /home/airflow/.local/lib/python3.12/site-packages/airflow/example_dags/example_python_decorator.py
[2025-08-26T04:32:57.193+0000] {processor.py:830} INFO - Processing file /home/airflow/.local/lib/python3.12/site-packages/airflow/example_dags/example_python_decorator.py for tasks to queue
[2025-08-26T04:32:57.213+0000] {logging_mixin.py:188} INFO - [2025-08-26T04:32:57.211+0000] {dagbag.py:545} INFO - Filling up the DagBag from /home/airflow/.local/lib/python3.12/site-packages/airflow/example_dags/example_python_decorator.py
[2025-08-26T04:32:57.506+0000] {processor.py:840} INFO - DAG(s) 'example_python_decorator' retrieved from /home/airflow/.local/lib/python3.12/site-packages/airflow/example_dags/example_python_decorator.py
[2025-08-26T04:32:57.833+0000] {logging_mixin.py:188} INFO - [2025-08-26T04:32:57.832+0000] {dag.py:3096} INFO - Sync 1 DAGs
[2025-08-26T04:32:58.157+0000] {logging_mixin.py:188} INFO - [2025-08-26T04:32:58.156+0000] {dag.py:3954} INFO - Setting next_dagrun for example_python_decorator to None, run_after=None
[2025-08-26T04:32:58.441+0000] {processor.py:183} INFO - Processing /home/airflow/.local/lib/python3.12/site-packages/airflow/example_dags/example_python_decorator.py took 1.321 seconds
[2025-08-26T04:33:29.071+0000] {processor.py:161} INFO - Started process (PID=1686) to work on /home/airflow/.local/lib/python3.12/site-packages/airflow/example_dags/example_python_decorator.py
[2025-08-26T04:33:29.085+0000] {processor.py:830} INFO - Processing file /home/airflow/.local/lib/python3.12/site-packages/airflow/example_dags/example_python_decorator.py for tasks to queue
[2025-08-26T04:33:29.093+0000] {logging_mixin.py:188} INFO - [2025-08-26T04:33:29.091+0000] {dagbag.py:545} INFO - Filling up the DagBag from /home/airflow/.local/lib/python3.12/site-packages/airflow/example_dags/example_python_decorator.py
[2025-08-26T04:33:29.168+0000] {processor.py:840} INFO - DAG(s) 'example_python_decorator' retrieved from /home/airflow/.local/lib/python3.12/site-packages/airflow/example_dags/example_python_decorator.py
[2025-08-26T04:33:29.313+0000] {logging_mixin.py:188} INFO - [2025-08-26T04:33:29.312+0000] {dag.py:3096} INFO - Sync 1 DAGs
[2025-08-26T04:33:29.384+0000] {logging_mixin.py:188} INFO - [2025-08-26T04:33:29.383+0000] {dag.py:3954} INFO - Setting next_dagrun for example_python_decorator to None, run_after=None
[2025-08-26T04:33:29.460+0000] {processor.py:183} INFO - Processing /home/airflow/.local/lib/python3.12/site-packages/airflow/example_dags/example_python_decorator.py took 0.435 seconds
[2025-08-26T04:34:00.168+0000] {processor.py:161} INFO - Started process (PID=1948) to work on /home/airflow/.local/lib/python3.12/site-packages/airflow/example_dags/example_python_decorator.py
[2025-08-26T04:34:00.176+0000] {processor.py:830} INFO - Processing file /home/airflow/.local/lib/python3.12/site-packages/airflow/example_dags/example_python_decorator.py for tasks to queue
[2025-08-26T04:34:00.191+0000] {logging_mixin.py:188} INFO - [2025-08-26T04:34:00.190+0000] {dagbag.py:545} INFO - Filling up the DagBag from /home/airflow/.local/lib/python3.12/site-packages/airflow/example_dags/example_python_decorator.py
[2025-08-26T04:34:00.313+0000] {processor.py:840} INFO - DAG(s) 'example_python_decorator' retrieved from /home/airflow/.local/lib/python3.12/site-packages/airflow/example_dags/example_python_decorator.py
[2025-08-26T04:34:00.535+0000] {logging_mixin.py:188} INFO - [2025-08-26T04:34:00.528+0000] {dag.py:3096} INFO - Sync 1 DAGs
[2025-08-26T04:34:00.661+0000] {logging_mixin.py:188} INFO - [2025-08-26T04:34:00.661+0000] {dag.py:3954} INFO - Setting next_dagrun for example_python_decorator to None, run_after=None
[2025-08-26T04:34:00.816+0000] {processor.py:183} INFO - Processing /home/airflow/.local/lib/python3.12/site-packages/airflow/example_dags/example_python_decorator.py took 0.702 seconds
[2025-08-26T04:34:31.807+0000] {processor.py:161} INFO - Started process (PID=2210) to work on /home/airflow/.local/lib/python3.12/site-packages/airflow/example_dags/example_python_decorator.py
[2025-08-26T04:34:31.811+0000] {processor.py:830} INFO - Processing file /home/airflow/.local/lib/python3.12/site-packages/airflow/example_dags/example_python_decorator.py for tasks to queue
[2025-08-26T04:34:31.826+0000] {logging_mixin.py:188} INFO - [2025-08-26T04:34:31.825+0000] {dagbag.py:545} INFO - Filling up the DagBag from /home/airflow/.local/lib/python3.12/site-packages/airflow/example_dags/example_python_decorator.py
[2025-08-26T04:34:31.950+0000] {processor.py:840} INFO - DAG(s) 'example_python_decorator' retrieved from /home/airflow/.local/lib/python3.12/site-packages/airflow/example_dags/example_python_decorator.py
[2025-08-26T04:34:32.268+0000] {logging_mixin.py:188} INFO - [2025-08-26T04:34:32.268+0000] {dag.py:3096} INFO - Sync 1 DAGs
[2025-08-26T04:34:32.349+0000] {logging_mixin.py:188} INFO - [2025-08-26T04:34:32.349+0000] {dag.py:3954} INFO - Setting next_dagrun for example_python_decorator to None, run_after=None
[2025-08-26T04:34:32.479+0000] {processor.py:183} INFO - Processing /home/airflow/.local/lib/python3.12/site-packages/airflow/example_dags/example_python_decorator.py took 0.727 seconds
[2025-08-26T04:35:02.731+0000] {processor.py:161} INFO - Started process (PID=2471) to work on /home/airflow/.local/lib/python3.12/site-packages/airflow/example_dags/example_python_decorator.py
[2025-08-26T04:35:02.734+0000] {processor.py:830} INFO - Processing file /home/airflow/.local/lib/python3.12/site-packages/airflow/example_dags/example_python_decorator.py for tasks to queue
[2025-08-26T04:35:02.741+0000] {logging_mixin.py:188} INFO - [2025-08-26T04:35:02.740+0000] {dagbag.py:545} INFO - Filling up the DagBag from /home/airflow/.local/lib/python3.12/site-packages/airflow/example_dags/example_python_decorator.py
[2025-08-26T04:35:02.796+0000] {processor.py:840} INFO - DAG(s) 'example_python_decorator' retrieved from /home/airflow/.local/lib/python3.12/site-packages/airflow/example_dags/example_python_decorator.py
[2025-08-26T04:35:02.887+0000] {logging_mixin.py:188} INFO - [2025-08-26T04:35:02.886+0000] {dag.py:3096} INFO - Sync 1 DAGs
[2025-08-26T04:35:02.946+0000] {logging_mixin.py:188} INFO - [2025-08-26T04:35:02.945+0000] {dag.py:3954} INFO - Setting next_dagrun for example_python_decorator to None, run_after=None
[2025-08-26T04:35:03.056+0000] {processor.py:183} INFO - Processing /home/airflow/.local/lib/python3.12/site-packages/airflow/example_dags/example_python_decorator.py took 0.349 seconds
[2025-08-26T04:35:36.542+0000] {processor.py:161} INFO - Started process (PID=2743) to work on /home/airflow/.local/lib/python3.12/site-packages/airflow/example_dags/example_python_decorator.py
[2025-08-26T04:35:36.553+0000] {processor.py:830} INFO - Processing file /home/airflow/.local/lib/python3.12/site-packages/airflow/example_dags/example_python_decorator.py for tasks to queue
[2025-08-26T04:35:36.560+0000] {logging_mixin.py:188} INFO - [2025-08-26T04:35:36.559+0000] {dagbag.py:545} INFO - Filling up the DagBag from /home/airflow/.local/lib/python3.12/site-packages/airflow/example_dags/example_python_decorator.py
[2025-08-26T04:35:36.638+0000] {processor.py:840} INFO - DAG(s) 'example_python_decorator' retrieved from /home/airflow/.local/lib/python3.12/site-packages/airflow/example_dags/example_python_decorator.py
[2025-08-26T04:35:36.789+0000] {logging_mixin.py:188} INFO - [2025-08-26T04:35:36.788+0000] {dag.py:3096} INFO - Sync 1 DAGs
[2025-08-26T04:35:36.869+0000] {logging_mixin.py:188} INFO - [2025-08-26T04:35:36.867+0000] {dag.py:3954} INFO - Setting next_dagrun for example_python_decorator to None, run_after=None
[2025-08-26T04:35:36.989+0000] {processor.py:183} INFO - Processing /home/airflow/.local/lib/python3.12/site-packages/airflow/example_dags/example_python_decorator.py took 0.484 seconds
[2025-08-26T04:36:09.874+0000] {processor.py:161} INFO - Started process (PID=3007) to work on /home/airflow/.local/lib/python3.12/site-packages/airflow/example_dags/example_python_decorator.py
[2025-08-26T04:36:09.878+0000] {processor.py:830} INFO - Processing file /home/airflow/.local/lib/python3.12/site-packages/airflow/example_dags/example_python_decorator.py for tasks to queue
[2025-08-26T04:36:09.888+0000] {logging_mixin.py:188} INFO - [2025-08-26T04:36:09.885+0000] {dagbag.py:545} INFO - Filling up the DagBag from /home/airflow/.local/lib/python3.12/site-packages/airflow/example_dags/example_python_decorator.py
[2025-08-26T04:36:09.960+0000] {processor.py:840} INFO - DAG(s) 'example_python_decorator' retrieved from /home/airflow/.local/lib/python3.12/site-packages/airflow/example_dags/example_python_decorator.py
[2025-08-26T04:36:10.065+0000] {logging_mixin.py:188} INFO - [2025-08-26T04:36:10.064+0000] {dag.py:3096} INFO - Sync 1 DAGs
[2025-08-26T04:36:10.145+0000] {logging_mixin.py:188} INFO - [2025-08-26T04:36:10.145+0000] {dag.py:3954} INFO - Setting next_dagrun for example_python_decorator to None, run_after=None
[2025-08-26T04:36:10.250+0000] {processor.py:183} INFO - Processing /home/airflow/.local/lib/python3.12/site-packages/airflow/example_dags/example_python_decorator.py took 0.430 seconds
[2025-08-26T04:36:41.797+0000] {processor.py:161} INFO - Started process (PID=3268) to work on /home/airflow/.local/lib/python3.12/site-packages/airflow/example_dags/example_python_decorator.py
[2025-08-26T04:36:41.817+0000] {processor.py:830} INFO - Processing file /home/airflow/.local/lib/python3.12/site-packages/airflow/example_dags/example_python_decorator.py for tasks to queue
[2025-08-26T04:36:41.862+0000] {logging_mixin.py:188} INFO - [2025-08-26T04:36:41.831+0000] {dagbag.py:545} INFO - Filling up the DagBag from /home/airflow/.local/lib/python3.12/site-packages/airflow/example_dags/example_python_decorator.py
[2025-08-26T04:36:42.112+0000] {processor.py:840} INFO - DAG(s) 'example_python_decorator' retrieved from /home/airflow/.local/lib/python3.12/site-packages/airflow/example_dags/example_python_decorator.py
[2025-08-26T04:36:42.335+0000] {logging_mixin.py:188} INFO - [2025-08-26T04:36:42.334+0000] {dag.py:3096} INFO - Sync 1 DAGs
[2025-08-26T04:36:42.469+0000] {logging_mixin.py:188} INFO - [2025-08-26T04:36:42.469+0000] {dag.py:3954} INFO - Setting next_dagrun for example_python_decorator to None, run_after=None
[2025-08-26T04:36:42.595+0000] {processor.py:183} INFO - Processing /home/airflow/.local/lib/python3.12/site-packages/airflow/example_dags/example_python_decorator.py took 0.864 seconds
[2025-08-26T04:37:13.518+0000] {processor.py:161} INFO - Started process (PID=3526) to work on /home/airflow/.local/lib/python3.12/site-packages/airflow/example_dags/example_python_decorator.py
[2025-08-26T04:37:13.522+0000] {processor.py:830} INFO - Processing file /home/airflow/.local/lib/python3.12/site-packages/airflow/example_dags/example_python_decorator.py for tasks to queue
[2025-08-26T04:37:13.530+0000] {logging_mixin.py:188} INFO - [2025-08-26T04:37:13.529+0000] {dagbag.py:545} INFO - Filling up the DagBag from /home/airflow/.local/lib/python3.12/site-packages/airflow/example_dags/example_python_decorator.py
[2025-08-26T04:37:13.586+0000] {processor.py:840} INFO - DAG(s) 'example_python_decorator' retrieved from /home/airflow/.local/lib/python3.12/site-packages/airflow/example_dags/example_python_decorator.py
[2025-08-26T04:37:13.750+0000] {logging_mixin.py:188} INFO - [2025-08-26T04:37:13.750+0000] {dag.py:3096} INFO - Sync 1 DAGs
[2025-08-26T04:37:13.906+0000] {logging_mixin.py:188} INFO - [2025-08-26T04:37:13.902+0000] {dag.py:3954} INFO - Setting next_dagrun for example_python_decorator to None, run_after=None
[2025-08-26T04:37:14.200+0000] {processor.py:183} INFO - Processing /home/airflow/.local/lib/python3.12/site-packages/airflow/example_dags/example_python_decorator.py took 0.709 seconds
[2025-08-26T04:37:44.428+0000] {processor.py:161} INFO - Started process (PID=3787) to work on /home/airflow/.local/lib/python3.12/site-packages/airflow/example_dags/example_python_decorator.py
[2025-08-26T04:37:44.431+0000] {processor.py:830} INFO - Processing file /home/airflow/.local/lib/python3.12/site-packages/airflow/example_dags/example_python_decorator.py for tasks to queue
[2025-08-26T04:37:44.438+0000] {logging_mixin.py:188} INFO - [2025-08-26T04:37:44.437+0000] {dagbag.py:545} INFO - Filling up the DagBag from /home/airflow/.local/lib/python3.12/site-packages/airflow/example_dags/example_python_decorator.py
[2025-08-26T04:37:44.491+0000] {processor.py:840} INFO - DAG(s) 'example_python_decorator' retrieved from /home/airflow/.local/lib/python3.12/site-packages/airflow/example_dags/example_python_decorator.py
[2025-08-26T04:37:44.608+0000] {logging_mixin.py:188} INFO - [2025-08-26T04:37:44.608+0000] {dag.py:3096} INFO - Sync 1 DAGs
[2025-08-26T04:37:44.675+0000] {logging_mixin.py:188} INFO - [2025-08-26T04:37:44.674+0000] {dag.py:3954} INFO - Setting next_dagrun for example_python_decorator to None, run_after=None
[2025-08-26T04:37:44.766+0000] {processor.py:183} INFO - Processing /home/airflow/.local/lib/python3.12/site-packages/airflow/example_dags/example_python_decorator.py took 0.361 seconds
[2025-08-26T04:38:15.396+0000] {processor.py:161} INFO - Started process (PID=4052) to work on /home/airflow/.local/lib/python3.12/site-packages/airflow/example_dags/example_python_decorator.py
[2025-08-26T04:38:15.409+0000] {processor.py:830} INFO - Processing file /home/airflow/.local/lib/python3.12/site-packages/airflow/example_dags/example_python_decorator.py for tasks to queue
[2025-08-26T04:38:15.416+0000] {logging_mixin.py:188} INFO - [2025-08-26T04:38:15.415+0000] {dagbag.py:545} INFO - Filling up the DagBag from /home/airflow/.local/lib/python3.12/site-packages/airflow/example_dags/example_python_decorator.py
[2025-08-26T04:38:15.553+0000] {processor.py:840} INFO - DAG(s) 'example_python_decorator' retrieved from /home/airflow/.local/lib/python3.12/site-packages/airflow/example_dags/example_python_decorator.py
[2025-08-26T04:38:15.671+0000] {logging_mixin.py:188} INFO - [2025-08-26T04:38:15.670+0000] {dag.py:3096} INFO - Sync 1 DAGs
[2025-08-26T04:38:15.762+0000] {logging_mixin.py:188} INFO - [2025-08-26T04:38:15.761+0000] {dag.py:3954} INFO - Setting next_dagrun for example_python_decorator to None, run_after=None
[2025-08-26T04:38:15.921+0000] {processor.py:183} INFO - Processing /home/airflow/.local/lib/python3.12/site-packages/airflow/example_dags/example_python_decorator.py took 0.572 seconds
[2025-08-26T04:38:46.575+0000] {processor.py:161} INFO - Started process (PID=4313) to work on /home/airflow/.local/lib/python3.12/site-packages/airflow/example_dags/example_python_decorator.py
[2025-08-26T04:38:46.607+0000] {processor.py:830} INFO - Processing file /home/airflow/.local/lib/python3.12/site-packages/airflow/example_dags/example_python_decorator.py for tasks to queue
[2025-08-26T04:38:46.631+0000] {logging_mixin.py:188} INFO - [2025-08-26T04:38:46.629+0000] {dagbag.py:545} INFO - Filling up the DagBag from /home/airflow/.local/lib/python3.12/site-packages/airflow/example_dags/example_python_decorator.py
[2025-08-26T04:38:46.750+0000] {processor.py:840} INFO - DAG(s) 'example_python_decorator' retrieved from /home/airflow/.local/lib/python3.12/site-packages/airflow/example_dags/example_python_decorator.py
[2025-08-26T04:38:46.964+0000] {logging_mixin.py:188} INFO - [2025-08-26T04:38:46.963+0000] {dag.py:3096} INFO - Sync 1 DAGs
[2025-08-26T04:38:47.114+0000] {logging_mixin.py:188} INFO - [2025-08-26T04:38:47.113+0000] {dag.py:3954} INFO - Setting next_dagrun for example_python_decorator to None, run_after=None
[2025-08-26T04:38:47.229+0000] {processor.py:183} INFO - Processing /home/airflow/.local/lib/python3.12/site-packages/airflow/example_dags/example_python_decorator.py took 0.695 seconds
[2025-08-26T04:39:17.634+0000] {processor.py:161} INFO - Started process (PID=4576) to work on /home/airflow/.local/lib/python3.12/site-packages/airflow/example_dags/example_python_decorator.py
[2025-08-26T04:39:17.638+0000] {processor.py:830} INFO - Processing file /home/airflow/.local/lib/python3.12/site-packages/airflow/example_dags/example_python_decorator.py for tasks to queue
[2025-08-26T04:39:17.644+0000] {logging_mixin.py:188} INFO - [2025-08-26T04:39:17.643+0000] {dagbag.py:545} INFO - Filling up the DagBag from /home/airflow/.local/lib/python3.12/site-packages/airflow/example_dags/example_python_decorator.py
[2025-08-26T04:39:17.718+0000] {processor.py:840} INFO - DAG(s) 'example_python_decorator' retrieved from /home/airflow/.local/lib/python3.12/site-packages/airflow/example_dags/example_python_decorator.py
[2025-08-26T04:39:17.862+0000] {logging_mixin.py:188} INFO - [2025-08-26T04:39:17.861+0000] {dag.py:3096} INFO - Sync 1 DAGs
[2025-08-26T04:39:17.934+0000] {logging_mixin.py:188} INFO - [2025-08-26T04:39:17.933+0000] {dag.py:3954} INFO - Setting next_dagrun for example_python_decorator to None, run_after=None
[2025-08-26T04:39:18.063+0000] {processor.py:183} INFO - Processing /home/airflow/.local/lib/python3.12/site-packages/airflow/example_dags/example_python_decorator.py took 0.463 seconds
[2025-08-26T04:40:04.923+0000] {processor.py:161} INFO - Started process (PID=4854) to work on /home/airflow/.local/lib/python3.12/site-packages/airflow/example_dags/example_python_decorator.py
[2025-08-26T04:40:04.937+0000] {processor.py:830} INFO - Processing file /home/airflow/.local/lib/python3.12/site-packages/airflow/example_dags/example_python_decorator.py for tasks to queue
[2025-08-26T04:40:04.968+0000] {logging_mixin.py:188} INFO - [2025-08-26T04:40:04.955+0000] {dagbag.py:545} INFO - Filling up the DagBag from /home/airflow/.local/lib/python3.12/site-packages/airflow/example_dags/example_python_decorator.py
[2025-08-26T04:40:05.150+0000] {processor.py:840} INFO - DAG(s) 'example_python_decorator' retrieved from /home/airflow/.local/lib/python3.12/site-packages/airflow/example_dags/example_python_decorator.py
[2025-08-26T04:40:05.436+0000] {logging_mixin.py:188} INFO - [2025-08-26T04:40:05.435+0000] {dag.py:3096} INFO - Sync 1 DAGs
[2025-08-26T04:40:05.552+0000] {logging_mixin.py:188} INFO - [2025-08-26T04:40:05.551+0000] {dag.py:3954} INFO - Setting next_dagrun for example_python_decorator to None, run_after=None
[2025-08-26T04:40:05.761+0000] {processor.py:183} INFO - Processing /home/airflow/.local/lib/python3.12/site-packages/airflow/example_dags/example_python_decorator.py took 1.028 seconds
[2025-08-26T04:40:41.007+0000] {processor.py:161} INFO - Started process (PID=5116) to work on /home/airflow/.local/lib/python3.12/site-packages/airflow/example_dags/example_python_decorator.py
[2025-08-26T04:40:41.010+0000] {processor.py:830} INFO - Processing file /home/airflow/.local/lib/python3.12/site-packages/airflow/example_dags/example_python_decorator.py for tasks to queue
[2025-08-26T04:40:41.041+0000] {logging_mixin.py:188} INFO - [2025-08-26T04:40:41.040+0000] {dagbag.py:545} INFO - Filling up the DagBag from /home/airflow/.local/lib/python3.12/site-packages/airflow/example_dags/example_python_decorator.py
[2025-08-26T04:40:41.146+0000] {processor.py:840} INFO - DAG(s) 'example_python_decorator' retrieved from /home/airflow/.local/lib/python3.12/site-packages/airflow/example_dags/example_python_decorator.py
[2025-08-26T04:40:41.427+0000] {logging_mixin.py:188} INFO - [2025-08-26T04:40:41.426+0000] {dag.py:3096} INFO - Sync 1 DAGs
[2025-08-26T04:40:41.559+0000] {logging_mixin.py:188} INFO - [2025-08-26T04:40:41.558+0000] {dag.py:3954} INFO - Setting next_dagrun for example_python_decorator to None, run_after=None
[2025-08-26T04:40:41.646+0000] {processor.py:183} INFO - Processing /home/airflow/.local/lib/python3.12/site-packages/airflow/example_dags/example_python_decorator.py took 0.691 seconds
[2025-08-26T04:41:12.640+0000] {processor.py:161} INFO - Started process (PID=5378) to work on /home/airflow/.local/lib/python3.12/site-packages/airflow/example_dags/example_python_decorator.py
[2025-08-26T04:41:12.656+0000] {processor.py:830} INFO - Processing file /home/airflow/.local/lib/python3.12/site-packages/airflow/example_dags/example_python_decorator.py for tasks to queue
[2025-08-26T04:41:12.671+0000] {logging_mixin.py:188} INFO - [2025-08-26T04:41:12.669+0000] {dagbag.py:545} INFO - Filling up the DagBag from /home/airflow/.local/lib/python3.12/site-packages/airflow/example_dags/example_python_decorator.py
[2025-08-26T04:41:12.748+0000] {processor.py:840} INFO - DAG(s) 'example_python_decorator' retrieved from /home/airflow/.local/lib/python3.12/site-packages/airflow/example_dags/example_python_decorator.py
[2025-08-26T04:41:12.932+0000] {logging_mixin.py:188} INFO - [2025-08-26T04:41:12.931+0000] {dag.py:3096} INFO - Sync 1 DAGs
[2025-08-26T04:41:13.033+0000] {logging_mixin.py:188} INFO - [2025-08-26T04:41:13.032+0000] {dag.py:3954} INFO - Setting next_dagrun for example_python_decorator to None, run_after=None
[2025-08-26T04:41:13.243+0000] {processor.py:183} INFO - Processing /home/airflow/.local/lib/python3.12/site-packages/airflow/example_dags/example_python_decorator.py took 0.734 seconds
[2025-08-26T04:41:46.947+0000] {processor.py:161} INFO - Started process (PID=5639) to work on /home/airflow/.local/lib/python3.12/site-packages/airflow/example_dags/example_python_decorator.py
[2025-08-26T04:41:46.953+0000] {processor.py:830} INFO - Processing file /home/airflow/.local/lib/python3.12/site-packages/airflow/example_dags/example_python_decorator.py for tasks to queue
[2025-08-26T04:41:46.962+0000] {logging_mixin.py:188} INFO - [2025-08-26T04:41:46.961+0000] {dagbag.py:545} INFO - Filling up the DagBag from /home/airflow/.local/lib/python3.12/site-packages/airflow/example_dags/example_python_decorator.py
[2025-08-26T04:41:47.034+0000] {processor.py:840} INFO - DAG(s) 'example_python_decorator' retrieved from /home/airflow/.local/lib/python3.12/site-packages/airflow/example_dags/example_python_decorator.py
[2025-08-26T04:41:47.165+0000] {logging_mixin.py:188} INFO - [2025-08-26T04:41:47.161+0000] {dag.py:3096} INFO - Sync 1 DAGs
[2025-08-26T04:41:47.242+0000] {logging_mixin.py:188} INFO - [2025-08-26T04:41:47.239+0000] {dag.py:3954} INFO - Setting next_dagrun for example_python_decorator to None, run_after=None
[2025-08-26T04:41:47.367+0000] {processor.py:183} INFO - Processing /home/airflow/.local/lib/python3.12/site-packages/airflow/example_dags/example_python_decorator.py took 0.452 seconds
[2025-08-26T04:42:31.205+0000] {processor.py:161} INFO - Started process (PID=5886) to work on /home/airflow/.local/lib/python3.12/site-packages/airflow/example_dags/example_python_decorator.py
[2025-08-26T04:42:31.249+0000] {processor.py:830} INFO - Processing file /home/airflow/.local/lib/python3.12/site-packages/airflow/example_dags/example_python_decorator.py for tasks to queue
[2025-08-26T04:42:31.309+0000] {logging_mixin.py:188} INFO - [2025-08-26T04:42:31.296+0000] {dagbag.py:545} INFO - Filling up the DagBag from /home/airflow/.local/lib/python3.12/site-packages/airflow/example_dags/example_python_decorator.py
[2025-08-26T04:42:31.408+0000] {processor.py:840} INFO - DAG(s) 'example_python_decorator' retrieved from /home/airflow/.local/lib/python3.12/site-packages/airflow/example_dags/example_python_decorator.py
[2025-08-26T04:42:31.644+0000] {logging_mixin.py:188} INFO - [2025-08-26T04:42:31.643+0000] {dag.py:3096} INFO - Sync 1 DAGs
[2025-08-26T04:42:31.767+0000] {logging_mixin.py:188} INFO - [2025-08-26T04:42:31.766+0000] {dag.py:3954} INFO - Setting next_dagrun for example_python_decorator to None, run_after=None
[2025-08-26T04:42:31.939+0000] {processor.py:183} INFO - Processing /home/airflow/.local/lib/python3.12/site-packages/airflow/example_dags/example_python_decorator.py took 0.880 seconds
[2025-08-26T04:43:04.387+0000] {processor.py:161} INFO - Started process (PID=6154) to work on /home/airflow/.local/lib/python3.12/site-packages/airflow/example_dags/example_python_decorator.py
[2025-08-26T04:43:04.401+0000] {processor.py:830} INFO - Processing file /home/airflow/.local/lib/python3.12/site-packages/airflow/example_dags/example_python_decorator.py for tasks to queue
[2025-08-26T04:43:04.418+0000] {logging_mixin.py:188} INFO - [2025-08-26T04:43:04.417+0000] {dagbag.py:545} INFO - Filling up the DagBag from /home/airflow/.local/lib/python3.12/site-packages/airflow/example_dags/example_python_decorator.py
[2025-08-26T04:43:04.658+0000] {processor.py:840} INFO - DAG(s) 'example_python_decorator' retrieved from /home/airflow/.local/lib/python3.12/site-packages/airflow/example_dags/example_python_decorator.py
[2025-08-26T04:43:05.148+0000] {logging_mixin.py:188} INFO - [2025-08-26T04:43:05.148+0000] {dag.py:3096} INFO - Sync 1 DAGs
[2025-08-26T04:43:05.353+0000] {logging_mixin.py:188} INFO - [2025-08-26T04:43:05.340+0000] {dag.py:3954} INFO - Setting next_dagrun for example_python_decorator to None, run_after=None
[2025-08-26T04:43:05.658+0000] {processor.py:183} INFO - Processing /home/airflow/.local/lib/python3.12/site-packages/airflow/example_dags/example_python_decorator.py took 1.421 seconds
[2025-08-26T04:43:41.914+0000] {processor.py:161} INFO - Started process (PID=6420) to work on /home/airflow/.local/lib/python3.12/site-packages/airflow/example_dags/example_python_decorator.py
[2025-08-26T04:43:41.928+0000] {processor.py:830} INFO - Processing file /home/airflow/.local/lib/python3.12/site-packages/airflow/example_dags/example_python_decorator.py for tasks to queue
[2025-08-26T04:43:41.946+0000] {logging_mixin.py:188} INFO - [2025-08-26T04:43:41.945+0000] {dagbag.py:545} INFO - Filling up the DagBag from /home/airflow/.local/lib/python3.12/site-packages/airflow/example_dags/example_python_decorator.py
[2025-08-26T04:43:42.235+0000] {processor.py:840} INFO - DAG(s) 'example_python_decorator' retrieved from /home/airflow/.local/lib/python3.12/site-packages/airflow/example_dags/example_python_decorator.py
[2025-08-26T04:43:42.554+0000] {logging_mixin.py:188} INFO - [2025-08-26T04:43:42.553+0000] {dag.py:3096} INFO - Sync 1 DAGs
[2025-08-26T04:43:42.792+0000] {logging_mixin.py:188} INFO - [2025-08-26T04:43:42.778+0000] {dag.py:3954} INFO - Setting next_dagrun for example_python_decorator to None, run_after=None
[2025-08-26T04:43:43.009+0000] {processor.py:183} INFO - Processing /home/airflow/.local/lib/python3.12/site-packages/airflow/example_dags/example_python_decorator.py took 1.223 seconds
[2025-08-26T04:44:17.242+0000] {processor.py:161} INFO - Started process (PID=6681) to work on /home/airflow/.local/lib/python3.12/site-packages/airflow/example_dags/example_python_decorator.py
[2025-08-26T04:44:17.253+0000] {processor.py:830} INFO - Processing file /home/airflow/.local/lib/python3.12/site-packages/airflow/example_dags/example_python_decorator.py for tasks to queue
[2025-08-26T04:44:17.341+0000] {logging_mixin.py:188} INFO - [2025-08-26T04:44:17.310+0000] {dagbag.py:545} INFO - Filling up the DagBag from /home/airflow/.local/lib/python3.12/site-packages/airflow/example_dags/example_python_decorator.py
[2025-08-26T04:44:17.681+0000] {processor.py:840} INFO - DAG(s) 'example_python_decorator' retrieved from /home/airflow/.local/lib/python3.12/site-packages/airflow/example_dags/example_python_decorator.py
[2025-08-26T04:44:17.917+0000] {logging_mixin.py:188} INFO - [2025-08-26T04:44:17.916+0000] {dag.py:3096} INFO - Sync 1 DAGs
[2025-08-26T04:44:18.113+0000] {logging_mixin.py:188} INFO - [2025-08-26T04:44:18.112+0000] {dag.py:3954} INFO - Setting next_dagrun for example_python_decorator to None, run_after=None
[2025-08-26T04:44:18.241+0000] {processor.py:183} INFO - Processing /home/airflow/.local/lib/python3.12/site-packages/airflow/example_dags/example_python_decorator.py took 1.089 seconds
[2025-08-26T04:44:53.510+0000] {processor.py:161} INFO - Started process (PID=6953) to work on /home/airflow/.local/lib/python3.12/site-packages/airflow/example_dags/example_python_decorator.py
[2025-08-26T04:44:53.515+0000] {processor.py:830} INFO - Processing file /home/airflow/.local/lib/python3.12/site-packages/airflow/example_dags/example_python_decorator.py for tasks to queue
[2025-08-26T04:44:53.535+0000] {logging_mixin.py:188} INFO - [2025-08-26T04:44:53.521+0000] {dagbag.py:545} INFO - Filling up the DagBag from /home/airflow/.local/lib/python3.12/site-packages/airflow/example_dags/example_python_decorator.py
[2025-08-26T04:44:53.711+0000] {processor.py:840} INFO - DAG(s) 'example_python_decorator' retrieved from /home/airflow/.local/lib/python3.12/site-packages/airflow/example_dags/example_python_decorator.py
[2025-08-26T04:44:53.968+0000] {logging_mixin.py:188} INFO - [2025-08-26T04:44:53.957+0000] {dag.py:3096} INFO - Sync 1 DAGs
[2025-08-26T04:44:54.148+0000] {logging_mixin.py:188} INFO - [2025-08-26T04:44:54.147+0000] {dag.py:3954} INFO - Setting next_dagrun for example_python_decorator to None, run_after=None
[2025-08-26T04:44:54.519+0000] {processor.py:183} INFO - Processing /home/airflow/.local/lib/python3.12/site-packages/airflow/example_dags/example_python_decorator.py took 1.091 seconds
[2025-08-26T04:45:27.208+0000] {processor.py:161} INFO - Started process (PID=7215) to work on /home/airflow/.local/lib/python3.12/site-packages/airflow/example_dags/example_python_decorator.py
[2025-08-26T04:45:27.216+0000] {processor.py:830} INFO - Processing file /home/airflow/.local/lib/python3.12/site-packages/airflow/example_dags/example_python_decorator.py for tasks to queue
[2025-08-26T04:45:27.247+0000] {logging_mixin.py:188} INFO - [2025-08-26T04:45:27.246+0000] {dagbag.py:545} INFO - Filling up the DagBag from /home/airflow/.local/lib/python3.12/site-packages/airflow/example_dags/example_python_decorator.py
[2025-08-26T04:45:27.380+0000] {processor.py:840} INFO - DAG(s) 'example_python_decorator' retrieved from /home/airflow/.local/lib/python3.12/site-packages/airflow/example_dags/example_python_decorator.py
[2025-08-26T04:45:27.903+0000] {logging_mixin.py:188} INFO - [2025-08-26T04:45:27.892+0000] {dag.py:3096} INFO - Sync 1 DAGs
[2025-08-26T04:45:28.095+0000] {logging_mixin.py:188} INFO - [2025-08-26T04:45:28.077+0000] {dag.py:3954} INFO - Setting next_dagrun for example_python_decorator to None, run_after=None
[2025-08-26T04:45:28.304+0000] {processor.py:183} INFO - Processing /home/airflow/.local/lib/python3.12/site-packages/airflow/example_dags/example_python_decorator.py took 1.138 seconds
[2025-08-26T04:46:06.250+0000] {processor.py:161} INFO - Started process (PID=7455) to work on /home/airflow/.local/lib/python3.12/site-packages/airflow/example_dags/example_python_decorator.py
[2025-08-26T04:46:06.274+0000] {processor.py:830} INFO - Processing file /home/airflow/.local/lib/python3.12/site-packages/airflow/example_dags/example_python_decorator.py for tasks to queue
[2025-08-26T04:46:06.323+0000] {logging_mixin.py:188} INFO - [2025-08-26T04:46:06.321+0000] {dagbag.py:545} INFO - Filling up the DagBag from /home/airflow/.local/lib/python3.12/site-packages/airflow/example_dags/example_python_decorator.py
[2025-08-26T04:46:06.603+0000] {processor.py:840} INFO - DAG(s) 'example_python_decorator' retrieved from /home/airflow/.local/lib/python3.12/site-packages/airflow/example_dags/example_python_decorator.py
[2025-08-26T04:46:06.800+0000] {logging_mixin.py:188} INFO - [2025-08-26T04:46:06.797+0000] {dag.py:3096} INFO - Sync 1 DAGs
[2025-08-26T04:46:06.906+0000] {logging_mixin.py:188} INFO - [2025-08-26T04:46:06.905+0000] {dag.py:3954} INFO - Setting next_dagrun for example_python_decorator to None, run_after=None
[2025-08-26T04:46:07.034+0000] {processor.py:183} INFO - Processing /home/airflow/.local/lib/python3.12/site-packages/airflow/example_dags/example_python_decorator.py took 0.922 seconds
[2025-08-26T04:46:46.947+0000] {processor.py:161} INFO - Started process (PID=7732) to work on /home/airflow/.local/lib/python3.12/site-packages/airflow/example_dags/example_python_decorator.py
[2025-08-26T04:46:46.950+0000] {processor.py:830} INFO - Processing file /home/airflow/.local/lib/python3.12/site-packages/airflow/example_dags/example_python_decorator.py for tasks to queue
[2025-08-26T04:46:46.961+0000] {logging_mixin.py:188} INFO - [2025-08-26T04:46:46.960+0000] {dagbag.py:545} INFO - Filling up the DagBag from /home/airflow/.local/lib/python3.12/site-packages/airflow/example_dags/example_python_decorator.py
[2025-08-26T04:46:47.035+0000] {processor.py:840} INFO - DAG(s) 'example_python_decorator' retrieved from /home/airflow/.local/lib/python3.12/site-packages/airflow/example_dags/example_python_decorator.py
[2025-08-26T04:46:47.160+0000] {logging_mixin.py:188} INFO - [2025-08-26T04:46:47.152+0000] {dag.py:3096} INFO - Sync 1 DAGs
[2025-08-26T04:46:47.242+0000] {logging_mixin.py:188} INFO - [2025-08-26T04:46:47.240+0000] {dag.py:3954} INFO - Setting next_dagrun for example_python_decorator to None, run_after=None
[2025-08-26T04:46:47.378+0000] {processor.py:183} INFO - Processing /home/airflow/.local/lib/python3.12/site-packages/airflow/example_dags/example_python_decorator.py took 0.462 seconds
[2025-08-26T04:47:20.482+0000] {processor.py:161} INFO - Started process (PID=7994) to work on /home/airflow/.local/lib/python3.12/site-packages/airflow/example_dags/example_python_decorator.py
[2025-08-26T04:47:20.485+0000] {processor.py:830} INFO - Processing file /home/airflow/.local/lib/python3.12/site-packages/airflow/example_dags/example_python_decorator.py for tasks to queue
[2025-08-26T04:47:20.497+0000] {logging_mixin.py:188} INFO - [2025-08-26T04:47:20.496+0000] {dagbag.py:545} INFO - Filling up the DagBag from /home/airflow/.local/lib/python3.12/site-packages/airflow/example_dags/example_python_decorator.py
[2025-08-26T04:47:20.570+0000] {processor.py:840} INFO - DAG(s) 'example_python_decorator' retrieved from /home/airflow/.local/lib/python3.12/site-packages/airflow/example_dags/example_python_decorator.py
[2025-08-26T04:47:20.710+0000] {logging_mixin.py:188} INFO - [2025-08-26T04:47:20.710+0000] {dag.py:3096} INFO - Sync 1 DAGs
[2025-08-26T04:47:20.814+0000] {logging_mixin.py:188} INFO - [2025-08-26T04:47:20.814+0000] {dag.py:3954} INFO - Setting next_dagrun for example_python_decorator to None, run_after=None
[2025-08-26T04:47:20.930+0000] {processor.py:183} INFO - Processing /home/airflow/.local/lib/python3.12/site-packages/airflow/example_dags/example_python_decorator.py took 0.490 seconds
[2025-08-26T04:49:45.924+0000] {processor.py:161} INFO - Started process (PID=348) to work on /home/airflow/.local/lib/python3.12/site-packages/airflow/example_dags/example_python_decorator.py
[2025-08-26T04:49:45.941+0000] {processor.py:830} INFO - Processing file /home/airflow/.local/lib/python3.12/site-packages/airflow/example_dags/example_python_decorator.py for tasks to queue
[2025-08-26T04:49:45.964+0000] {logging_mixin.py:188} INFO - [2025-08-26T04:49:45.962+0000] {dagbag.py:545} INFO - Filling up the DagBag from /home/airflow/.local/lib/python3.12/site-packages/airflow/example_dags/example_python_decorator.py
[2025-08-26T04:49:46.139+0000] {processor.py:840} INFO - DAG(s) 'example_python_decorator' retrieved from /home/airflow/.local/lib/python3.12/site-packages/airflow/example_dags/example_python_decorator.py
[2025-08-26T04:49:47.035+0000] {logging_mixin.py:188} INFO - [2025-08-26T04:49:47.034+0000] {dag.py:3096} INFO - Sync 1 DAGs
[2025-08-26T04:49:47.143+0000] {logging_mixin.py:188} INFO - [2025-08-26T04:49:47.143+0000] {dag.py:3954} INFO - Setting next_dagrun for example_python_decorator to None, run_after=None
[2025-08-26T04:49:47.412+0000] {processor.py:183} INFO - Processing /home/airflow/.local/lib/python3.12/site-packages/airflow/example_dags/example_python_decorator.py took 1.534 seconds
[2025-08-26T04:50:17.763+0000] {processor.py:161} INFO - Started process (PID=612) to work on /home/airflow/.local/lib/python3.12/site-packages/airflow/example_dags/example_python_decorator.py
[2025-08-26T04:50:17.766+0000] {processor.py:830} INFO - Processing file /home/airflow/.local/lib/python3.12/site-packages/airflow/example_dags/example_python_decorator.py for tasks to queue
[2025-08-26T04:50:17.778+0000] {logging_mixin.py:188} INFO - [2025-08-26T04:50:17.774+0000] {dagbag.py:545} INFO - Filling up the DagBag from /home/airflow/.local/lib/python3.12/site-packages/airflow/example_dags/example_python_decorator.py
[2025-08-26T04:50:17.872+0000] {processor.py:840} INFO - DAG(s) 'example_python_decorator' retrieved from /home/airflow/.local/lib/python3.12/site-packages/airflow/example_dags/example_python_decorator.py
[2025-08-26T04:50:18.050+0000] {logging_mixin.py:188} INFO - [2025-08-26T04:50:18.049+0000] {dag.py:3096} INFO - Sync 1 DAGs
[2025-08-26T04:50:18.154+0000] {logging_mixin.py:188} INFO - [2025-08-26T04:50:18.153+0000] {dag.py:3954} INFO - Setting next_dagrun for example_python_decorator to None, run_after=None
[2025-08-26T04:50:18.351+0000] {processor.py:183} INFO - Processing /home/airflow/.local/lib/python3.12/site-packages/airflow/example_dags/example_python_decorator.py took 0.627 seconds
[2025-08-26T04:50:49.090+0000] {processor.py:161} INFO - Started process (PID=874) to work on /home/airflow/.local/lib/python3.12/site-packages/airflow/example_dags/example_python_decorator.py
[2025-08-26T04:50:49.092+0000] {processor.py:830} INFO - Processing file /home/airflow/.local/lib/python3.12/site-packages/airflow/example_dags/example_python_decorator.py for tasks to queue
[2025-08-26T04:50:49.097+0000] {logging_mixin.py:188} INFO - [2025-08-26T04:50:49.096+0000] {dagbag.py:545} INFO - Filling up the DagBag from /home/airflow/.local/lib/python3.12/site-packages/airflow/example_dags/example_python_decorator.py
[2025-08-26T04:50:49.139+0000] {processor.py:840} INFO - DAG(s) 'example_python_decorator' retrieved from /home/airflow/.local/lib/python3.12/site-packages/airflow/example_dags/example_python_decorator.py
[2025-08-26T04:50:49.214+0000] {logging_mixin.py:188} INFO - [2025-08-26T04:50:49.213+0000] {dag.py:3096} INFO - Sync 1 DAGs
[2025-08-26T04:50:49.255+0000] {logging_mixin.py:188} INFO - [2025-08-26T04:50:49.255+0000] {dag.py:3954} INFO - Setting next_dagrun for example_python_decorator to None, run_after=None
[2025-08-26T04:50:49.312+0000] {processor.py:183} INFO - Processing /home/airflow/.local/lib/python3.12/site-packages/airflow/example_dags/example_python_decorator.py took 0.238 seconds
[2025-08-26T04:51:24.142+0000] {processor.py:161} INFO - Started process (PID=1134) to work on /home/airflow/.local/lib/python3.12/site-packages/airflow/example_dags/example_python_decorator.py
[2025-08-26T04:51:24.167+0000] {processor.py:830} INFO - Processing file /home/airflow/.local/lib/python3.12/site-packages/airflow/example_dags/example_python_decorator.py for tasks to queue
[2025-08-26T04:51:24.228+0000] {logging_mixin.py:188} INFO - [2025-08-26T04:51:24.203+0000] {dagbag.py:545} INFO - Filling up the DagBag from /home/airflow/.local/lib/python3.12/site-packages/airflow/example_dags/example_python_decorator.py
[2025-08-26T04:51:24.475+0000] {processor.py:840} INFO - DAG(s) 'example_python_decorator' retrieved from /home/airflow/.local/lib/python3.12/site-packages/airflow/example_dags/example_python_decorator.py
[2025-08-26T04:51:24.787+0000] {logging_mixin.py:188} INFO - [2025-08-26T04:51:24.786+0000] {dag.py:3096} INFO - Sync 1 DAGs
[2025-08-26T04:51:24.894+0000] {logging_mixin.py:188} INFO - [2025-08-26T04:51:24.893+0000] {dag.py:3954} INFO - Setting next_dagrun for example_python_decorator to None, run_after=None
[2025-08-26T04:51:25.106+0000] {processor.py:183} INFO - Processing /home/airflow/.local/lib/python3.12/site-packages/airflow/example_dags/example_python_decorator.py took 1.051 seconds
[2025-08-26T04:51:58.379+0000] {processor.py:161} INFO - Started process (PID=1396) to work on /home/airflow/.local/lib/python3.12/site-packages/airflow/example_dags/example_python_decorator.py
[2025-08-26T04:51:58.382+0000] {processor.py:830} INFO - Processing file /home/airflow/.local/lib/python3.12/site-packages/airflow/example_dags/example_python_decorator.py for tasks to queue
[2025-08-26T04:51:58.390+0000] {logging_mixin.py:188} INFO - [2025-08-26T04:51:58.388+0000] {dagbag.py:545} INFO - Filling up the DagBag from /home/airflow/.local/lib/python3.12/site-packages/airflow/example_dags/example_python_decorator.py
[2025-08-26T04:51:58.460+0000] {processor.py:840} INFO - DAG(s) 'example_python_decorator' retrieved from /home/airflow/.local/lib/python3.12/site-packages/airflow/example_dags/example_python_decorator.py
[2025-08-26T04:51:58.555+0000] {logging_mixin.py:188} INFO - [2025-08-26T04:51:58.554+0000] {dag.py:3096} INFO - Sync 1 DAGs
[2025-08-26T04:51:58.612+0000] {logging_mixin.py:188} INFO - [2025-08-26T04:51:58.611+0000] {dag.py:3954} INFO - Setting next_dagrun for example_python_decorator to None, run_after=None
[2025-08-26T04:51:58.740+0000] {processor.py:183} INFO - Processing /home/airflow/.local/lib/python3.12/site-packages/airflow/example_dags/example_python_decorator.py took 0.396 seconds
[2025-08-26T04:52:46.971+0000] {processor.py:161} INFO - Started process (PID=1682) to work on /home/airflow/.local/lib/python3.12/site-packages/airflow/example_dags/example_python_decorator.py
[2025-08-26T04:52:46.985+0000] {processor.py:830} INFO - Processing file /home/airflow/.local/lib/python3.12/site-packages/airflow/example_dags/example_python_decorator.py for tasks to queue
[2025-08-26T04:52:46.996+0000] {logging_mixin.py:188} INFO - [2025-08-26T04:52:46.994+0000] {dagbag.py:545} INFO - Filling up the DagBag from /home/airflow/.local/lib/python3.12/site-packages/airflow/example_dags/example_python_decorator.py
[2025-08-26T04:52:47.081+0000] {processor.py:840} INFO - DAG(s) 'example_python_decorator' retrieved from /home/airflow/.local/lib/python3.12/site-packages/airflow/example_dags/example_python_decorator.py
[2025-08-26T04:52:47.196+0000] {logging_mixin.py:188} INFO - [2025-08-26T04:52:47.195+0000] {dag.py:3096} INFO - Sync 1 DAGs
[2025-08-26T04:52:47.285+0000] {logging_mixin.py:188} INFO - [2025-08-26T04:52:47.284+0000] {dag.py:3954} INFO - Setting next_dagrun for example_python_decorator to None, run_after=None
[2025-08-26T04:52:47.451+0000] {processor.py:183} INFO - Processing /home/airflow/.local/lib/python3.12/site-packages/airflow/example_dags/example_python_decorator.py took 0.561 seconds
[2025-08-26T04:53:18.150+0000] {processor.py:161} INFO - Started process (PID=1944) to work on /home/airflow/.local/lib/python3.12/site-packages/airflow/example_dags/example_python_decorator.py
[2025-08-26T04:53:18.158+0000] {processor.py:830} INFO - Processing file /home/airflow/.local/lib/python3.12/site-packages/airflow/example_dags/example_python_decorator.py for tasks to queue
[2025-08-26T04:53:18.171+0000] {logging_mixin.py:188} INFO - [2025-08-26T04:53:18.168+0000] {dagbag.py:545} INFO - Filling up the DagBag from /home/airflow/.local/lib/python3.12/site-packages/airflow/example_dags/example_python_decorator.py
[2025-08-26T04:53:18.255+0000] {processor.py:840} INFO - DAG(s) 'example_python_decorator' retrieved from /home/airflow/.local/lib/python3.12/site-packages/airflow/example_dags/example_python_decorator.py
[2025-08-26T04:53:18.403+0000] {logging_mixin.py:188} INFO - [2025-08-26T04:53:18.402+0000] {dag.py:3096} INFO - Sync 1 DAGs
[2025-08-26T04:53:18.517+0000] {logging_mixin.py:188} INFO - [2025-08-26T04:53:18.515+0000] {dag.py:3954} INFO - Setting next_dagrun for example_python_decorator to None, run_after=None
[2025-08-26T04:53:18.632+0000] {processor.py:183} INFO - Processing /home/airflow/.local/lib/python3.12/site-packages/airflow/example_dags/example_python_decorator.py took 0.523 seconds
[2025-08-26T04:53:48.863+0000] {processor.py:161} INFO - Started process (PID=2203) to work on /home/airflow/.local/lib/python3.12/site-packages/airflow/example_dags/example_python_decorator.py
[2025-08-26T04:53:48.868+0000] {processor.py:830} INFO - Processing file /home/airflow/.local/lib/python3.12/site-packages/airflow/example_dags/example_python_decorator.py for tasks to queue
[2025-08-26T04:53:48.877+0000] {logging_mixin.py:188} INFO - [2025-08-26T04:53:48.876+0000] {dagbag.py:545} INFO - Filling up the DagBag from /home/airflow/.local/lib/python3.12/site-packages/airflow/example_dags/example_python_decorator.py
[2025-08-26T04:53:48.953+0000] {processor.py:840} INFO - DAG(s) 'example_python_decorator' retrieved from /home/airflow/.local/lib/python3.12/site-packages/airflow/example_dags/example_python_decorator.py
[2025-08-26T04:53:49.104+0000] {logging_mixin.py:188} INFO - [2025-08-26T04:53:49.103+0000] {dag.py:3096} INFO - Sync 1 DAGs
[2025-08-26T04:53:49.193+0000] {logging_mixin.py:188} INFO - [2025-08-26T04:53:49.192+0000] {dag.py:3954} INFO - Setting next_dagrun for example_python_decorator to None, run_after=None
[2025-08-26T04:53:49.290+0000] {processor.py:183} INFO - Processing /home/airflow/.local/lib/python3.12/site-packages/airflow/example_dags/example_python_decorator.py took 0.453 seconds
[2025-08-26T04:54:20.482+0000] {processor.py:161} INFO - Started process (PID=2463) to work on /home/airflow/.local/lib/python3.12/site-packages/airflow/example_dags/example_python_decorator.py
[2025-08-26T04:54:20.493+0000] {processor.py:830} INFO - Processing file /home/airflow/.local/lib/python3.12/site-packages/airflow/example_dags/example_python_decorator.py for tasks to queue
[2025-08-26T04:54:20.509+0000] {logging_mixin.py:188} INFO - [2025-08-26T04:54:20.507+0000] {dagbag.py:545} INFO - Filling up the DagBag from /home/airflow/.local/lib/python3.12/site-packages/airflow/example_dags/example_python_decorator.py
[2025-08-26T04:54:20.585+0000] {processor.py:840} INFO - DAG(s) 'example_python_decorator' retrieved from /home/airflow/.local/lib/python3.12/site-packages/airflow/example_dags/example_python_decorator.py
[2025-08-26T04:54:20.709+0000] {logging_mixin.py:188} INFO - [2025-08-26T04:54:20.708+0000] {dag.py:3096} INFO - Sync 1 DAGs
[2025-08-26T04:54:20.776+0000] {logging_mixin.py:188} INFO - [2025-08-26T04:54:20.775+0000] {dag.py:3954} INFO - Setting next_dagrun for example_python_decorator to None, run_after=None
[2025-08-26T04:54:20.916+0000] {processor.py:183} INFO - Processing /home/airflow/.local/lib/python3.12/site-packages/airflow/example_dags/example_python_decorator.py took 0.474 seconds
[2025-08-26T04:54:52.421+0000] {processor.py:161} INFO - Started process (PID=2727) to work on /home/airflow/.local/lib/python3.12/site-packages/airflow/example_dags/example_python_decorator.py
[2025-08-26T04:54:52.424+0000] {processor.py:830} INFO - Processing file /home/airflow/.local/lib/python3.12/site-packages/airflow/example_dags/example_python_decorator.py for tasks to queue
[2025-08-26T04:54:52.433+0000] {logging_mixin.py:188} INFO - [2025-08-26T04:54:52.432+0000] {dagbag.py:545} INFO - Filling up the DagBag from /home/airflow/.local/lib/python3.12/site-packages/airflow/example_dags/example_python_decorator.py
[2025-08-26T04:54:52.484+0000] {processor.py:840} INFO - DAG(s) 'example_python_decorator' retrieved from /home/airflow/.local/lib/python3.12/site-packages/airflow/example_dags/example_python_decorator.py
[2025-08-26T04:54:52.598+0000] {logging_mixin.py:188} INFO - [2025-08-26T04:54:52.597+0000] {dag.py:3096} INFO - Sync 1 DAGs
[2025-08-26T04:54:52.645+0000] {logging_mixin.py:188} INFO - [2025-08-26T04:54:52.644+0000] {dag.py:3954} INFO - Setting next_dagrun for example_python_decorator to None, run_after=None
[2025-08-26T04:54:52.713+0000] {processor.py:183} INFO - Processing /home/airflow/.local/lib/python3.12/site-packages/airflow/example_dags/example_python_decorator.py took 0.310 seconds
[2025-08-26T04:55:32.672+0000] {processor.py:161} INFO - Started process (PID=2992) to work on /home/airflow/.local/lib/python3.12/site-packages/airflow/example_dags/example_python_decorator.py
[2025-08-26T04:55:32.678+0000] {processor.py:830} INFO - Processing file /home/airflow/.local/lib/python3.12/site-packages/airflow/example_dags/example_python_decorator.py for tasks to queue
[2025-08-26T04:55:32.700+0000] {logging_mixin.py:188} INFO - [2025-08-26T04:55:32.697+0000] {dagbag.py:545} INFO - Filling up the DagBag from /home/airflow/.local/lib/python3.12/site-packages/airflow/example_dags/example_python_decorator.py
[2025-08-26T04:55:33.076+0000] {processor.py:840} INFO - DAG(s) 'example_python_decorator' retrieved from /home/airflow/.local/lib/python3.12/site-packages/airflow/example_dags/example_python_decorator.py
[2025-08-26T04:55:33.305+0000] {logging_mixin.py:188} INFO - [2025-08-26T04:55:33.305+0000] {dag.py:3096} INFO - Sync 1 DAGs
[2025-08-26T04:55:33.524+0000] {logging_mixin.py:188} INFO - [2025-08-26T04:55:33.523+0000] {dag.py:3954} INFO - Setting next_dagrun for example_python_decorator to None, run_after=None
[2025-08-26T04:55:33.752+0000] {processor.py:183} INFO - Processing /home/airflow/.local/lib/python3.12/site-packages/airflow/example_dags/example_python_decorator.py took 1.190 seconds
[2025-08-26T04:56:08.272+0000] {processor.py:161} INFO - Started process (PID=3254) to work on /home/airflow/.local/lib/python3.12/site-packages/airflow/example_dags/example_python_decorator.py
[2025-08-26T04:56:08.277+0000] {processor.py:830} INFO - Processing file /home/airflow/.local/lib/python3.12/site-packages/airflow/example_dags/example_python_decorator.py for tasks to queue
[2025-08-26T04:56:08.291+0000] {logging_mixin.py:188} INFO - [2025-08-26T04:56:08.290+0000] {dagbag.py:545} INFO - Filling up the DagBag from /home/airflow/.local/lib/python3.12/site-packages/airflow/example_dags/example_python_decorator.py
[2025-08-26T04:56:08.384+0000] {processor.py:840} INFO - DAG(s) 'example_python_decorator' retrieved from /home/airflow/.local/lib/python3.12/site-packages/airflow/example_dags/example_python_decorator.py
[2025-08-26T04:56:08.510+0000] {logging_mixin.py:188} INFO - [2025-08-26T04:56:08.507+0000] {dag.py:3096} INFO - Sync 1 DAGs
[2025-08-26T04:56:08.594+0000] {logging_mixin.py:188} INFO - [2025-08-26T04:56:08.593+0000] {dag.py:3954} INFO - Setting next_dagrun for example_python_decorator to None, run_after=None
[2025-08-26T04:56:08.767+0000] {processor.py:183} INFO - Processing /home/airflow/.local/lib/python3.12/site-packages/airflow/example_dags/example_python_decorator.py took 0.532 seconds
[2025-08-26T04:56:45.845+0000] {processor.py:161} INFO - Started process (PID=3517) to work on /home/airflow/.local/lib/python3.12/site-packages/airflow/example_dags/example_python_decorator.py
[2025-08-26T04:56:45.858+0000] {processor.py:830} INFO - Processing file /home/airflow/.local/lib/python3.12/site-packages/airflow/example_dags/example_python_decorator.py for tasks to queue
[2025-08-26T04:56:45.886+0000] {logging_mixin.py:188} INFO - [2025-08-26T04:56:45.868+0000] {dagbag.py:545} INFO - Filling up the DagBag from /home/airflow/.local/lib/python3.12/site-packages/airflow/example_dags/example_python_decorator.py
[2025-08-26T04:56:46.084+0000] {processor.py:840} INFO - DAG(s) 'example_python_decorator' retrieved from /home/airflow/.local/lib/python3.12/site-packages/airflow/example_dags/example_python_decorator.py
[2025-08-26T04:56:46.287+0000] {logging_mixin.py:188} INFO - [2025-08-26T04:56:46.286+0000] {dag.py:3096} INFO - Sync 1 DAGs
[2025-08-26T04:56:46.384+0000] {logging_mixin.py:188} INFO - [2025-08-26T04:56:46.383+0000] {dag.py:3954} INFO - Setting next_dagrun for example_python_decorator to None, run_after=None
[2025-08-26T04:56:46.602+0000] {processor.py:183} INFO - Processing /home/airflow/.local/lib/python3.12/site-packages/airflow/example_dags/example_python_decorator.py took 0.889 seconds
[2025-08-26T04:57:25.614+0000] {processor.py:161} INFO - Started process (PID=3802) to work on /home/airflow/.local/lib/python3.12/site-packages/airflow/example_dags/example_python_decorator.py
[2025-08-26T04:57:25.630+0000] {processor.py:830} INFO - Processing file /home/airflow/.local/lib/python3.12/site-packages/airflow/example_dags/example_python_decorator.py for tasks to queue
[2025-08-26T04:57:25.664+0000] {logging_mixin.py:188} INFO - [2025-08-26T04:57:25.663+0000] {dagbag.py:545} INFO - Filling up the DagBag from /home/airflow/.local/lib/python3.12/site-packages/airflow/example_dags/example_python_decorator.py
[2025-08-26T04:57:25.880+0000] {processor.py:840} INFO - DAG(s) 'example_python_decorator' retrieved from /home/airflow/.local/lib/python3.12/site-packages/airflow/example_dags/example_python_decorator.py
[2025-08-26T04:57:26.434+0000] {logging_mixin.py:188} INFO - [2025-08-26T04:57:26.433+0000] {dag.py:3096} INFO - Sync 1 DAGs
[2025-08-26T04:57:26.629+0000] {logging_mixin.py:188} INFO - [2025-08-26T04:57:26.628+0000] {dag.py:3954} INFO - Setting next_dagrun for example_python_decorator to None, run_after=None
[2025-08-26T04:57:26.880+0000] {processor.py:183} INFO - Processing /home/airflow/.local/lib/python3.12/site-packages/airflow/example_dags/example_python_decorator.py took 1.317 seconds
[2025-08-26T05:34:57.419+0000] {processor.py:161} INFO - Started process (PID=4032) to work on /home/airflow/.local/lib/python3.12/site-packages/airflow/example_dags/example_python_decorator.py
[2025-08-26T05:34:57.449+0000] {processor.py:830} INFO - Processing file /home/airflow/.local/lib/python3.12/site-packages/airflow/example_dags/example_python_decorator.py for tasks to queue
[2025-08-26T05:34:57.497+0000] {logging_mixin.py:188} INFO - [2025-08-26T05:34:57.496+0000] {dagbag.py:545} INFO - Filling up the DagBag from /home/airflow/.local/lib/python3.12/site-packages/airflow/example_dags/example_python_decorator.py
[2025-08-26T05:34:57.855+0000] {processor.py:840} INFO - DAG(s) 'example_python_decorator' retrieved from /home/airflow/.local/lib/python3.12/site-packages/airflow/example_dags/example_python_decorator.py
[2025-08-26T05:34:58.371+0000] {logging_mixin.py:188} INFO - [2025-08-26T05:34:58.370+0000] {dag.py:3096} INFO - Sync 1 DAGs
[2025-08-26T05:34:58.689+0000] {logging_mixin.py:188} INFO - [2025-08-26T05:34:58.688+0000] {dag.py:3954} INFO - Setting next_dagrun for example_python_decorator to None, run_after=None
[2025-08-26T05:34:59.593+0000] {processor.py:183} INFO - Processing /home/airflow/.local/lib/python3.12/site-packages/airflow/example_dags/example_python_decorator.py took 2.304 seconds
[2025-08-26T05:42:30.503+0000] {processor.py:161} INFO - Started process (PID=4396) to work on /home/airflow/.local/lib/python3.12/site-packages/airflow/example_dags/example_python_decorator.py
[2025-08-26T05:42:30.566+0000] {processor.py:830} INFO - Processing file /home/airflow/.local/lib/python3.12/site-packages/airflow/example_dags/example_python_decorator.py for tasks to queue
[2025-08-26T05:42:30.614+0000] {logging_mixin.py:188} INFO - [2025-08-26T05:42:30.613+0000] {dagbag.py:545} INFO - Filling up the DagBag from /home/airflow/.local/lib/python3.12/site-packages/airflow/example_dags/example_python_decorator.py
[2025-08-26T05:42:30.933+0000] {processor.py:840} INFO - DAG(s) 'example_python_decorator' retrieved from /home/airflow/.local/lib/python3.12/site-packages/airflow/example_dags/example_python_decorator.py
[2025-08-26T05:42:31.360+0000] {logging_mixin.py:188} INFO - [2025-08-26T05:42:31.359+0000] {dag.py:3096} INFO - Sync 1 DAGs
[2025-08-26T05:42:31.609+0000] {logging_mixin.py:188} INFO - [2025-08-26T05:42:31.608+0000] {dag.py:3954} INFO - Setting next_dagrun for example_python_decorator to None, run_after=None
[2025-08-26T05:42:32.259+0000] {processor.py:183} INFO - Processing /home/airflow/.local/lib/python3.12/site-packages/airflow/example_dags/example_python_decorator.py took 1.937 seconds
[2025-08-26T05:43:39.616+0000] {processor.py:161} INFO - Started process (PID=4689) to work on /home/airflow/.local/lib/python3.12/site-packages/airflow/example_dags/example_python_decorator.py
[2025-08-26T05:43:39.660+0000] {processor.py:830} INFO - Processing file /home/airflow/.local/lib/python3.12/site-packages/airflow/example_dags/example_python_decorator.py for tasks to queue
[2025-08-26T05:43:39.678+0000] {logging_mixin.py:188} INFO - [2025-08-26T05:43:39.677+0000] {dagbag.py:545} INFO - Filling up the DagBag from /home/airflow/.local/lib/python3.12/site-packages/airflow/example_dags/example_python_decorator.py
[2025-08-26T05:43:39.912+0000] {processor.py:840} INFO - DAG(s) 'example_python_decorator' retrieved from /home/airflow/.local/lib/python3.12/site-packages/airflow/example_dags/example_python_decorator.py
[2025-08-26T05:43:40.133+0000] {logging_mixin.py:188} INFO - [2025-08-26T05:43:40.132+0000] {dag.py:3096} INFO - Sync 1 DAGs
[2025-08-26T05:43:40.301+0000] {logging_mixin.py:188} INFO - [2025-08-26T05:43:40.301+0000] {dag.py:3954} INFO - Setting next_dagrun for example_python_decorator to None, run_after=None
[2025-08-26T05:43:40.493+0000] {processor.py:183} INFO - Processing /home/airflow/.local/lib/python3.12/site-packages/airflow/example_dags/example_python_decorator.py took 1.008 seconds
[2025-08-26T05:44:15.024+0000] {processor.py:161} INFO - Started process (PID=4951) to work on /home/airflow/.local/lib/python3.12/site-packages/airflow/example_dags/example_python_decorator.py
[2025-08-26T05:44:15.044+0000] {processor.py:830} INFO - Processing file /home/airflow/.local/lib/python3.12/site-packages/airflow/example_dags/example_python_decorator.py for tasks to queue
[2025-08-26T05:44:15.065+0000] {logging_mixin.py:188} INFO - [2025-08-26T05:44:15.064+0000] {dagbag.py:545} INFO - Filling up the DagBag from /home/airflow/.local/lib/python3.12/site-packages/airflow/example_dags/example_python_decorator.py
[2025-08-26T05:44:15.178+0000] {processor.py:840} INFO - DAG(s) 'example_python_decorator' retrieved from /home/airflow/.local/lib/python3.12/site-packages/airflow/example_dags/example_python_decorator.py
[2025-08-26T05:44:15.361+0000] {logging_mixin.py:188} INFO - [2025-08-26T05:44:15.361+0000] {dag.py:3096} INFO - Sync 1 DAGs
[2025-08-26T05:44:15.450+0000] {logging_mixin.py:188} INFO - [2025-08-26T05:44:15.449+0000] {dag.py:3954} INFO - Setting next_dagrun for example_python_decorator to None, run_after=None
[2025-08-26T05:44:15.588+0000] {processor.py:183} INFO - Processing /home/airflow/.local/lib/python3.12/site-packages/airflow/example_dags/example_python_decorator.py took 0.644 seconds
[2025-08-26T05:44:51.424+0000] {processor.py:161} INFO - Started process (PID=5213) to work on /home/airflow/.local/lib/python3.12/site-packages/airflow/example_dags/example_python_decorator.py
[2025-08-26T05:44:51.434+0000] {processor.py:830} INFO - Processing file /home/airflow/.local/lib/python3.12/site-packages/airflow/example_dags/example_python_decorator.py for tasks to queue
[2025-08-26T05:44:51.448+0000] {logging_mixin.py:188} INFO - [2025-08-26T05:44:51.446+0000] {dagbag.py:545} INFO - Filling up the DagBag from /home/airflow/.local/lib/python3.12/site-packages/airflow/example_dags/example_python_decorator.py
[2025-08-26T05:44:51.534+0000] {processor.py:840} INFO - DAG(s) 'example_python_decorator' retrieved from /home/airflow/.local/lib/python3.12/site-packages/airflow/example_dags/example_python_decorator.py
[2025-08-26T05:44:51.726+0000] {logging_mixin.py:188} INFO - [2025-08-26T05:44:51.723+0000] {dag.py:3096} INFO - Sync 1 DAGs
[2025-08-26T05:44:51.817+0000] {logging_mixin.py:188} INFO - [2025-08-26T05:44:51.816+0000] {dag.py:3954} INFO - Setting next_dagrun for example_python_decorator to None, run_after=None
[2025-08-26T05:44:51.924+0000] {processor.py:183} INFO - Processing /home/airflow/.local/lib/python3.12/site-packages/airflow/example_dags/example_python_decorator.py took 0.558 seconds
[2025-08-26T05:45:25.235+0000] {processor.py:161} INFO - Started process (PID=5469) to work on /home/airflow/.local/lib/python3.12/site-packages/airflow/example_dags/example_python_decorator.py
[2025-08-26T05:45:25.242+0000] {processor.py:830} INFO - Processing file /home/airflow/.local/lib/python3.12/site-packages/airflow/example_dags/example_python_decorator.py for tasks to queue
[2025-08-26T05:45:25.264+0000] {logging_mixin.py:188} INFO - [2025-08-26T05:45:25.262+0000] {dagbag.py:545} INFO - Filling up the DagBag from /home/airflow/.local/lib/python3.12/site-packages/airflow/example_dags/example_python_decorator.py
[2025-08-26T05:45:25.395+0000] {processor.py:840} INFO - DAG(s) 'example_python_decorator' retrieved from /home/airflow/.local/lib/python3.12/site-packages/airflow/example_dags/example_python_decorator.py
[2025-08-26T05:45:25.637+0000] {logging_mixin.py:188} INFO - [2025-08-26T05:45:25.632+0000] {dag.py:3096} INFO - Sync 1 DAGs
[2025-08-26T05:45:25.789+0000] {logging_mixin.py:188} INFO - [2025-08-26T05:45:25.788+0000] {dag.py:3954} INFO - Setting next_dagrun for example_python_decorator to None, run_after=None
[2025-08-26T05:45:26.142+0000] {processor.py:183} INFO - Processing /home/airflow/.local/lib/python3.12/site-packages/airflow/example_dags/example_python_decorator.py took 0.971 seconds
[2025-08-26T05:45:59.284+0000] {processor.py:161} INFO - Started process (PID=5732) to work on /home/airflow/.local/lib/python3.12/site-packages/airflow/example_dags/example_python_decorator.py
[2025-08-26T05:45:59.287+0000] {processor.py:830} INFO - Processing file /home/airflow/.local/lib/python3.12/site-packages/airflow/example_dags/example_python_decorator.py for tasks to queue
[2025-08-26T05:45:59.291+0000] {logging_mixin.py:188} INFO - [2025-08-26T05:45:59.290+0000] {dagbag.py:545} INFO - Filling up the DagBag from /home/airflow/.local/lib/python3.12/site-packages/airflow/example_dags/example_python_decorator.py
[2025-08-26T05:45:59.419+0000] {processor.py:840} INFO - DAG(s) 'example_python_decorator' retrieved from /home/airflow/.local/lib/python3.12/site-packages/airflow/example_dags/example_python_decorator.py
[2025-08-26T05:45:59.582+0000] {logging_mixin.py:188} INFO - [2025-08-26T05:45:59.582+0000] {dag.py:3096} INFO - Sync 1 DAGs
[2025-08-26T05:45:59.704+0000] {logging_mixin.py:188} INFO - [2025-08-26T05:45:59.690+0000] {dag.py:3954} INFO - Setting next_dagrun for example_python_decorator to None, run_after=None
[2025-08-26T05:45:59.896+0000] {processor.py:183} INFO - Processing /home/airflow/.local/lib/python3.12/site-packages/airflow/example_dags/example_python_decorator.py took 0.680 seconds
[2025-08-26T05:46:30.198+0000] {processor.py:161} INFO - Started process (PID=5991) to work on /home/airflow/.local/lib/python3.12/site-packages/airflow/example_dags/example_python_decorator.py
[2025-08-26T05:46:30.203+0000] {processor.py:830} INFO - Processing file /home/airflow/.local/lib/python3.12/site-packages/airflow/example_dags/example_python_decorator.py for tasks to queue
[2025-08-26T05:46:30.220+0000] {logging_mixin.py:188} INFO - [2025-08-26T05:46:30.219+0000] {dagbag.py:545} INFO - Filling up the DagBag from /home/airflow/.local/lib/python3.12/site-packages/airflow/example_dags/example_python_decorator.py
[2025-08-26T05:46:30.408+0000] {processor.py:840} INFO - DAG(s) 'example_python_decorator' retrieved from /home/airflow/.local/lib/python3.12/site-packages/airflow/example_dags/example_python_decorator.py
[2025-08-26T05:46:30.749+0000] {logging_mixin.py:188} INFO - [2025-08-26T05:46:30.748+0000] {dag.py:3096} INFO - Sync 1 DAGs
[2025-08-26T05:46:30.866+0000] {logging_mixin.py:188} INFO - [2025-08-26T05:46:30.866+0000] {dag.py:3954} INFO - Setting next_dagrun for example_python_decorator to None, run_after=None
[2025-08-26T05:46:31.002+0000] {processor.py:183} INFO - Processing /home/airflow/.local/lib/python3.12/site-packages/airflow/example_dags/example_python_decorator.py took 0.847 seconds
[2025-08-26T05:47:01.638+0000] {processor.py:161} INFO - Started process (PID=6251) to work on /home/airflow/.local/lib/python3.12/site-packages/airflow/example_dags/example_python_decorator.py
[2025-08-26T05:47:01.654+0000] {processor.py:830} INFO - Processing file /home/airflow/.local/lib/python3.12/site-packages/airflow/example_dags/example_python_decorator.py for tasks to queue
[2025-08-26T05:47:01.671+0000] {logging_mixin.py:188} INFO - [2025-08-26T05:47:01.669+0000] {dagbag.py:545} INFO - Filling up the DagBag from /home/airflow/.local/lib/python3.12/site-packages/airflow/example_dags/example_python_decorator.py
[2025-08-26T05:47:01.859+0000] {processor.py:840} INFO - DAG(s) 'example_python_decorator' retrieved from /home/airflow/.local/lib/python3.12/site-packages/airflow/example_dags/example_python_decorator.py
[2025-08-26T05:47:02.035+0000] {logging_mixin.py:188} INFO - [2025-08-26T05:47:02.034+0000] {dag.py:3096} INFO - Sync 1 DAGs
[2025-08-26T05:47:02.120+0000] {logging_mixin.py:188} INFO - [2025-08-26T05:47:02.119+0000] {dag.py:3954} INFO - Setting next_dagrun for example_python_decorator to None, run_after=None
[2025-08-26T05:47:02.287+0000] {processor.py:183} INFO - Processing /home/airflow/.local/lib/python3.12/site-packages/airflow/example_dags/example_python_decorator.py took 0.701 seconds
[2025-08-26T05:47:39.686+0000] {processor.py:161} INFO - Started process (PID=6524) to work on /home/airflow/.local/lib/python3.12/site-packages/airflow/example_dags/example_python_decorator.py
[2025-08-26T05:47:39.691+0000] {processor.py:830} INFO - Processing file /home/airflow/.local/lib/python3.12/site-packages/airflow/example_dags/example_python_decorator.py for tasks to queue
[2025-08-26T05:47:39.694+0000] {logging_mixin.py:188} INFO - [2025-08-26T05:47:39.693+0000] {dagbag.py:545} INFO - Filling up the DagBag from /home/airflow/.local/lib/python3.12/site-packages/airflow/example_dags/example_python_decorator.py
[2025-08-26T05:47:39.774+0000] {processor.py:840} INFO - DAG(s) 'example_python_decorator' retrieved from /home/airflow/.local/lib/python3.12/site-packages/airflow/example_dags/example_python_decorator.py
[2025-08-26T05:47:39.924+0000] {logging_mixin.py:188} INFO - [2025-08-26T05:47:39.923+0000] {dag.py:3096} INFO - Sync 1 DAGs
[2025-08-26T05:47:40.026+0000] {logging_mixin.py:188} INFO - [2025-08-26T05:47:40.025+0000] {dag.py:3954} INFO - Setting next_dagrun for example_python_decorator to None, run_after=None
[2025-08-26T05:47:40.157+0000] {processor.py:183} INFO - Processing /home/airflow/.local/lib/python3.12/site-packages/airflow/example_dags/example_python_decorator.py took 0.572 seconds
