[2025-08-26T04:29:36.639+0000] {processor.py:161} INFO - Started process (PID=299) to work on /home/airflow/.local/lib/python3.12/site-packages/airflow/example_dags/example_sla_dag.py
[2025-08-26T04:29:36.653+0000] {processor.py:830} INFO - Processing file /home/airflow/.local/lib/python3.12/site-packages/airflow/example_dags/example_sla_dag.py for tasks to queue
[2025-08-26T04:29:36.673+0000] {logging_mixin.py:188} INFO - [2025-08-26T04:29:36.672+0000] {dagbag.py:545} INFO - Filling up the DagBag from /home/airflow/.local/lib/python3.12/site-packages/airflow/example_dags/example_sla_dag.py
[2025-08-26T04:29:36.805+0000] {processor.py:840} INFO - DAG(s) 'example_sla_dag' retrieved from /home/airflow/.local/lib/python3.12/site-packages/airflow/example_dags/example_sla_dag.py
[2025-08-26T04:29:39.006+0000] {logging_mixin.py:188} INFO - [2025-08-26T04:29:38.997+0000] {override.py:1829} INFO - Created Permission View: can delete on DAG:example_sla_dag
[2025-08-26T04:29:39.210+0000] {logging_mixin.py:188} INFO - [2025-08-26T04:29:39.208+0000] {override.py:1829} INFO - Created Permission View: can read on DAG:example_sla_dag
[2025-08-26T04:29:39.286+0000] {logging_mixin.py:188} INFO - [2025-08-26T04:29:39.285+0000] {override.py:1829} INFO - Created Permission View: can edit on DAG:example_sla_dag
[2025-08-26T04:29:39.299+0000] {logging_mixin.py:188} INFO - [2025-08-26T04:29:39.297+0000] {dag.py:3096} INFO - Sync 1 DAGs
[2025-08-26T04:29:39.463+0000] {logging_mixin.py:188} INFO - [2025-08-26T04:29:39.443+0000] {dag.py:3118} INFO - Creating ORM DAG for example_sla_dag
[2025-08-26T04:29:39.604+0000] {logging_mixin.py:188} INFO - [2025-08-26T04:29:39.603+0000] {dag.py:3954} INFO - Setting next_dagrun for example_sla_dag to 2025-08-26 04:26:00+00:00, run_after=2025-08-26 04:28:00+00:00
[2025-08-26T04:29:39.767+0000] {processor.py:183} INFO - Processing /home/airflow/.local/lib/python3.12/site-packages/airflow/example_dags/example_sla_dag.py took 3.188 seconds
[2025-08-26T04:30:56.808+0000] {processor.py:161} INFO - Started process (PID=573) to work on /home/airflow/.local/lib/python3.12/site-packages/airflow/example_dags/example_sla_dag.py
[2025-08-26T04:30:56.822+0000] {processor.py:830} INFO - Processing file /home/airflow/.local/lib/python3.12/site-packages/airflow/example_dags/example_sla_dag.py for tasks to queue
[2025-08-26T04:30:56.856+0000] {logging_mixin.py:188} INFO - [2025-08-26T04:30:56.852+0000] {dagbag.py:545} INFO - Filling up the DagBag from /home/airflow/.local/lib/python3.12/site-packages/airflow/example_dags/example_sla_dag.py
[2025-08-26T04:30:56.906+0000] {processor.py:840} INFO - DAG(s) 'example_sla_dag' retrieved from /home/airflow/.local/lib/python3.12/site-packages/airflow/example_dags/example_sla_dag.py
[2025-08-26T04:30:57.149+0000] {logging_mixin.py:188} INFO - [2025-08-26T04:30:57.148+0000] {dag.py:3096} INFO - Sync 1 DAGs
[2025-08-26T04:30:57.404+0000] {logging_mixin.py:188} INFO - [2025-08-26T04:30:57.390+0000] {dag.py:3954} INFO - Setting next_dagrun for example_sla_dag to 2025-08-26 04:28:00+00:00, run_after=2025-08-26 04:30:00+00:00
[2025-08-26T04:30:57.588+0000] {processor.py:183} INFO - Processing /home/airflow/.local/lib/python3.12/site-packages/airflow/example_dags/example_sla_dag.py took 0.847 seconds
[2025-08-26T04:31:32.952+0000] {processor.py:161} INFO - Started process (PID=835) to work on /home/airflow/.local/lib/python3.12/site-packages/airflow/example_dags/example_sla_dag.py
[2025-08-26T04:31:32.983+0000] {processor.py:830} INFO - Processing file /home/airflow/.local/lib/python3.12/site-packages/airflow/example_dags/example_sla_dag.py for tasks to queue
[2025-08-26T04:31:33.000+0000] {logging_mixin.py:188} INFO - [2025-08-26T04:31:32.999+0000] {dagbag.py:545} INFO - Filling up the DagBag from /home/airflow/.local/lib/python3.12/site-packages/airflow/example_dags/example_sla_dag.py
[2025-08-26T04:31:33.092+0000] {processor.py:840} INFO - DAG(s) 'example_sla_dag' retrieved from /home/airflow/.local/lib/python3.12/site-packages/airflow/example_dags/example_sla_dag.py
[2025-08-26T04:31:33.419+0000] {logging_mixin.py:188} INFO - [2025-08-26T04:31:33.418+0000] {dag.py:3096} INFO - Sync 1 DAGs
[2025-08-26T04:31:33.927+0000] {logging_mixin.py:188} INFO - [2025-08-26T04:31:33.926+0000] {dag.py:3954} INFO - Setting next_dagrun for example_sla_dag to 2025-08-26 04:28:00+00:00, run_after=2025-08-26 04:30:00+00:00
[2025-08-26T04:31:34.077+0000] {processor.py:183} INFO - Processing /home/airflow/.local/lib/python3.12/site-packages/airflow/example_dags/example_sla_dag.py took 1.175 seconds
[2025-08-26T04:32:09.307+0000] {processor.py:161} INFO - Started process (PID=1098) to work on /home/airflow/.local/lib/python3.12/site-packages/airflow/example_dags/example_sla_dag.py
[2025-08-26T04:32:09.346+0000] {processor.py:830} INFO - Processing file /home/airflow/.local/lib/python3.12/site-packages/airflow/example_dags/example_sla_dag.py for tasks to queue
[2025-08-26T04:32:09.353+0000] {logging_mixin.py:188} INFO - [2025-08-26T04:32:09.352+0000] {dagbag.py:545} INFO - Filling up the DagBag from /home/airflow/.local/lib/python3.12/site-packages/airflow/example_dags/example_sla_dag.py
[2025-08-26T04:32:09.432+0000] {processor.py:840} INFO - DAG(s) 'example_sla_dag' retrieved from /home/airflow/.local/lib/python3.12/site-packages/airflow/example_dags/example_sla_dag.py
[2025-08-26T04:32:09.642+0000] {logging_mixin.py:188} INFO - [2025-08-26T04:32:09.642+0000] {dag.py:3096} INFO - Sync 1 DAGs
[2025-08-26T04:32:09.841+0000] {logging_mixin.py:188} INFO - [2025-08-26T04:32:09.841+0000] {dag.py:3954} INFO - Setting next_dagrun for example_sla_dag to 2025-08-26 04:30:00+00:00, run_after=2025-08-26 04:32:00+00:00
[2025-08-26T04:32:09.958+0000] {processor.py:183} INFO - Processing /home/airflow/.local/lib/python3.12/site-packages/airflow/example_dags/example_sla_dag.py took 0.700 seconds
[2025-08-26T04:32:47.684+0000] {processor.py:161} INFO - Started process (PID=1358) to work on /home/airflow/.local/lib/python3.12/site-packages/airflow/example_dags/example_sla_dag.py
[2025-08-26T04:32:47.692+0000] {processor.py:830} INFO - Processing file /home/airflow/.local/lib/python3.12/site-packages/airflow/example_dags/example_sla_dag.py for tasks to queue
[2025-08-26T04:32:47.708+0000] {logging_mixin.py:188} INFO - [2025-08-26T04:32:47.707+0000] {dagbag.py:545} INFO - Filling up the DagBag from /home/airflow/.local/lib/python3.12/site-packages/airflow/example_dags/example_sla_dag.py
[2025-08-26T04:32:47.889+0000] {processor.py:840} INFO - DAG(s) 'example_sla_dag' retrieved from /home/airflow/.local/lib/python3.12/site-packages/airflow/example_dags/example_sla_dag.py
[2025-08-26T04:32:48.108+0000] {logging_mixin.py:188} INFO - [2025-08-26T04:32:48.107+0000] {dag.py:3096} INFO - Sync 1 DAGs
[2025-08-26T04:32:48.343+0000] {logging_mixin.py:188} INFO - [2025-08-26T04:32:48.342+0000] {dag.py:3954} INFO - Setting next_dagrun for example_sla_dag to 2025-08-26 04:30:00+00:00, run_after=2025-08-26 04:32:00+00:00
[2025-08-26T04:32:48.782+0000] {processor.py:183} INFO - Processing /home/airflow/.local/lib/python3.12/site-packages/airflow/example_dags/example_sla_dag.py took 1.186 seconds
[2025-08-26T04:33:19.138+0000] {processor.py:161} INFO - Started process (PID=1622) to work on /home/airflow/.local/lib/python3.12/site-packages/airflow/example_dags/example_sla_dag.py
[2025-08-26T04:33:19.141+0000] {processor.py:830} INFO - Processing file /home/airflow/.local/lib/python3.12/site-packages/airflow/example_dags/example_sla_dag.py for tasks to queue
[2025-08-26T04:33:19.152+0000] {logging_mixin.py:188} INFO - [2025-08-26T04:33:19.150+0000] {dagbag.py:545} INFO - Filling up the DagBag from /home/airflow/.local/lib/python3.12/site-packages/airflow/example_dags/example_sla_dag.py
[2025-08-26T04:33:19.195+0000] {processor.py:840} INFO - DAG(s) 'example_sla_dag' retrieved from /home/airflow/.local/lib/python3.12/site-packages/airflow/example_dags/example_sla_dag.py
[2025-08-26T04:33:19.294+0000] {logging_mixin.py:188} INFO - [2025-08-26T04:33:19.292+0000] {dag.py:3096} INFO - Sync 1 DAGs
[2025-08-26T04:33:19.489+0000] {logging_mixin.py:188} INFO - [2025-08-26T04:33:19.488+0000] {dag.py:3954} INFO - Setting next_dagrun for example_sla_dag to 2025-08-26 04:30:00+00:00, run_after=2025-08-26 04:32:00+00:00
[2025-08-26T04:33:19.591+0000] {processor.py:183} INFO - Processing /home/airflow/.local/lib/python3.12/site-packages/airflow/example_dags/example_sla_dag.py took 0.481 seconds
[2025-08-26T04:33:50.475+0000] {processor.py:161} INFO - Started process (PID=1882) to work on /home/airflow/.local/lib/python3.12/site-packages/airflow/example_dags/example_sla_dag.py
[2025-08-26T04:33:50.482+0000] {processor.py:830} INFO - Processing file /home/airflow/.local/lib/python3.12/site-packages/airflow/example_dags/example_sla_dag.py for tasks to queue
[2025-08-26T04:33:50.494+0000] {logging_mixin.py:188} INFO - [2025-08-26T04:33:50.493+0000] {dagbag.py:545} INFO - Filling up the DagBag from /home/airflow/.local/lib/python3.12/site-packages/airflow/example_dags/example_sla_dag.py
[2025-08-26T04:33:50.564+0000] {processor.py:840} INFO - DAG(s) 'example_sla_dag' retrieved from /home/airflow/.local/lib/python3.12/site-packages/airflow/example_dags/example_sla_dag.py
[2025-08-26T04:33:50.711+0000] {logging_mixin.py:188} INFO - [2025-08-26T04:33:50.706+0000] {dag.py:3096} INFO - Sync 1 DAGs
[2025-08-26T04:33:50.951+0000] {logging_mixin.py:188} INFO - [2025-08-26T04:33:50.951+0000] {dag.py:3954} INFO - Setting next_dagrun for example_sla_dag to 2025-08-26 04:30:00+00:00, run_after=2025-08-26 04:32:00+00:00
[2025-08-26T04:33:51.076+0000] {processor.py:183} INFO - Processing /home/airflow/.local/lib/python3.12/site-packages/airflow/example_dags/example_sla_dag.py took 0.636 seconds
[2025-08-26T04:34:21.578+0000] {processor.py:161} INFO - Started process (PID=2140) to work on /home/airflow/.local/lib/python3.12/site-packages/airflow/example_dags/example_sla_dag.py
[2025-08-26T04:34:21.583+0000] {processor.py:830} INFO - Processing file /home/airflow/.local/lib/python3.12/site-packages/airflow/example_dags/example_sla_dag.py for tasks to queue
[2025-08-26T04:34:21.611+0000] {logging_mixin.py:188} INFO - [2025-08-26T04:34:21.610+0000] {dagbag.py:545} INFO - Filling up the DagBag from /home/airflow/.local/lib/python3.12/site-packages/airflow/example_dags/example_sla_dag.py
[2025-08-26T04:34:21.706+0000] {processor.py:840} INFO - DAG(s) 'example_sla_dag' retrieved from /home/airflow/.local/lib/python3.12/site-packages/airflow/example_dags/example_sla_dag.py
[2025-08-26T04:34:21.809+0000] {logging_mixin.py:188} INFO - [2025-08-26T04:34:21.808+0000] {dag.py:3096} INFO - Sync 1 DAGs
[2025-08-26T04:34:21.952+0000] {logging_mixin.py:188} INFO - [2025-08-26T04:34:21.951+0000] {dag.py:3954} INFO - Setting next_dagrun for example_sla_dag to 2025-08-26 04:32:00+00:00, run_after=2025-08-26 04:34:00+00:00
[2025-08-26T04:34:22.058+0000] {processor.py:183} INFO - Processing /home/airflow/.local/lib/python3.12/site-packages/airflow/example_dags/example_sla_dag.py took 0.521 seconds
[2025-08-26T04:34:54.522+0000] {processor.py:161} INFO - Started process (PID=2400) to work on /home/airflow/.local/lib/python3.12/site-packages/airflow/example_dags/example_sla_dag.py
[2025-08-26T04:34:54.534+0000] {processor.py:830} INFO - Processing file /home/airflow/.local/lib/python3.12/site-packages/airflow/example_dags/example_sla_dag.py for tasks to queue
[2025-08-26T04:34:54.547+0000] {logging_mixin.py:188} INFO - [2025-08-26T04:34:54.545+0000] {dagbag.py:545} INFO - Filling up the DagBag from /home/airflow/.local/lib/python3.12/site-packages/airflow/example_dags/example_sla_dag.py
[2025-08-26T04:34:54.617+0000] {processor.py:840} INFO - DAG(s) 'example_sla_dag' retrieved from /home/airflow/.local/lib/python3.12/site-packages/airflow/example_dags/example_sla_dag.py
[2025-08-26T04:34:54.744+0000] {logging_mixin.py:188} INFO - [2025-08-26T04:34:54.742+0000] {dag.py:3096} INFO - Sync 1 DAGs
[2025-08-26T04:34:54.880+0000] {logging_mixin.py:188} INFO - [2025-08-26T04:34:54.879+0000] {dag.py:3954} INFO - Setting next_dagrun for example_sla_dag to 2025-08-26 04:32:00+00:00, run_after=2025-08-26 04:34:00+00:00
[2025-08-26T04:34:55.063+0000] {processor.py:183} INFO - Processing /home/airflow/.local/lib/python3.12/site-packages/airflow/example_dags/example_sla_dag.py took 0.576 seconds
[2025-08-26T04:35:26.816+0000] {processor.py:161} INFO - Started process (PID=2661) to work on /home/airflow/.local/lib/python3.12/site-packages/airflow/example_dags/example_sla_dag.py
[2025-08-26T04:35:26.830+0000] {processor.py:830} INFO - Processing file /home/airflow/.local/lib/python3.12/site-packages/airflow/example_dags/example_sla_dag.py for tasks to queue
[2025-08-26T04:35:26.870+0000] {logging_mixin.py:188} INFO - [2025-08-26T04:35:26.853+0000] {dagbag.py:545} INFO - Filling up the DagBag from /home/airflow/.local/lib/python3.12/site-packages/airflow/example_dags/example_sla_dag.py
[2025-08-26T04:35:26.996+0000] {processor.py:840} INFO - DAG(s) 'example_sla_dag' retrieved from /home/airflow/.local/lib/python3.12/site-packages/airflow/example_dags/example_sla_dag.py
[2025-08-26T04:35:27.193+0000] {logging_mixin.py:188} INFO - [2025-08-26T04:35:27.191+0000] {dag.py:3096} INFO - Sync 1 DAGs
[2025-08-26T04:35:27.334+0000] {logging_mixin.py:188} INFO - [2025-08-26T04:35:27.332+0000] {dag.py:3954} INFO - Setting next_dagrun for example_sla_dag to 2025-08-26 04:32:00+00:00, run_after=2025-08-26 04:34:00+00:00
[2025-08-26T04:35:27.433+0000] {processor.py:183} INFO - Processing /home/airflow/.local/lib/python3.12/site-packages/airflow/example_dags/example_sla_dag.py took 0.674 seconds
[2025-08-26T04:35:57.966+0000] {processor.py:161} INFO - Started process (PID=2929) to work on /home/airflow/.local/lib/python3.12/site-packages/airflow/example_dags/example_sla_dag.py
[2025-08-26T04:35:57.969+0000] {processor.py:830} INFO - Processing file /home/airflow/.local/lib/python3.12/site-packages/airflow/example_dags/example_sla_dag.py for tasks to queue
[2025-08-26T04:35:57.977+0000] {logging_mixin.py:188} INFO - [2025-08-26T04:35:57.975+0000] {dagbag.py:545} INFO - Filling up the DagBag from /home/airflow/.local/lib/python3.12/site-packages/airflow/example_dags/example_sla_dag.py
[2025-08-26T04:35:58.023+0000] {processor.py:840} INFO - DAG(s) 'example_sla_dag' retrieved from /home/airflow/.local/lib/python3.12/site-packages/airflow/example_dags/example_sla_dag.py
[2025-08-26T04:35:58.153+0000] {logging_mixin.py:188} INFO - [2025-08-26T04:35:58.152+0000] {dag.py:3096} INFO - Sync 1 DAGs
[2025-08-26T04:35:58.325+0000] {logging_mixin.py:188} INFO - [2025-08-26T04:35:58.324+0000] {dag.py:3954} INFO - Setting next_dagrun for example_sla_dag to 2025-08-26 04:32:00+00:00, run_after=2025-08-26 04:34:00+00:00
[2025-08-26T04:35:58.417+0000] {processor.py:183} INFO - Processing /home/airflow/.local/lib/python3.12/site-packages/airflow/example_dags/example_sla_dag.py took 0.482 seconds
[2025-08-26T04:36:29.525+0000] {processor.py:161} INFO - Started process (PID=3192) to work on /home/airflow/.local/lib/python3.12/site-packages/airflow/example_dags/example_sla_dag.py
[2025-08-26T04:36:29.528+0000] {processor.py:830} INFO - Processing file /home/airflow/.local/lib/python3.12/site-packages/airflow/example_dags/example_sla_dag.py for tasks to queue
[2025-08-26T04:36:29.537+0000] {logging_mixin.py:188} INFO - [2025-08-26T04:36:29.536+0000] {dagbag.py:545} INFO - Filling up the DagBag from /home/airflow/.local/lib/python3.12/site-packages/airflow/example_dags/example_sla_dag.py
[2025-08-26T04:36:29.581+0000] {processor.py:840} INFO - DAG(s) 'example_sla_dag' retrieved from /home/airflow/.local/lib/python3.12/site-packages/airflow/example_dags/example_sla_dag.py
[2025-08-26T04:36:29.658+0000] {logging_mixin.py:188} INFO - [2025-08-26T04:36:29.657+0000] {dag.py:3096} INFO - Sync 1 DAGs
[2025-08-26T04:36:29.756+0000] {logging_mixin.py:188} INFO - [2025-08-26T04:36:29.755+0000] {dag.py:3954} INFO - Setting next_dagrun for example_sla_dag to 2025-08-26 04:34:00+00:00, run_after=2025-08-26 04:36:00+00:00
[2025-08-26T04:36:29.860+0000] {processor.py:183} INFO - Processing /home/airflow/.local/lib/python3.12/site-packages/airflow/example_dags/example_sla_dag.py took 0.361 seconds
[2025-08-26T04:37:00.235+0000] {processor.py:161} INFO - Started process (PID=3449) to work on /home/airflow/.local/lib/python3.12/site-packages/airflow/example_dags/example_sla_dag.py
[2025-08-26T04:37:00.241+0000] {processor.py:830} INFO - Processing file /home/airflow/.local/lib/python3.12/site-packages/airflow/example_dags/example_sla_dag.py for tasks to queue
[2025-08-26T04:37:00.250+0000] {logging_mixin.py:188} INFO - [2025-08-26T04:37:00.249+0000] {dagbag.py:545} INFO - Filling up the DagBag from /home/airflow/.local/lib/python3.12/site-packages/airflow/example_dags/example_sla_dag.py
[2025-08-26T04:37:00.303+0000] {processor.py:840} INFO - DAG(s) 'example_sla_dag' retrieved from /home/airflow/.local/lib/python3.12/site-packages/airflow/example_dags/example_sla_dag.py
[2025-08-26T04:37:00.399+0000] {logging_mixin.py:188} INFO - [2025-08-26T04:37:00.398+0000] {dag.py:3096} INFO - Sync 1 DAGs
[2025-08-26T04:37:00.597+0000] {logging_mixin.py:188} INFO - [2025-08-26T04:37:00.596+0000] {dag.py:3954} INFO - Setting next_dagrun for example_sla_dag to 2025-08-26 04:34:00+00:00, run_after=2025-08-26 04:36:00+00:00
[2025-08-26T04:37:00.692+0000] {processor.py:183} INFO - Processing /home/airflow/.local/lib/python3.12/site-packages/airflow/example_dags/example_sla_dag.py took 0.486 seconds
[2025-08-26T04:37:33.040+0000] {processor.py:161} INFO - Started process (PID=3710) to work on /home/airflow/.local/lib/python3.12/site-packages/airflow/example_dags/example_sla_dag.py
[2025-08-26T04:37:33.051+0000] {processor.py:830} INFO - Processing file /home/airflow/.local/lib/python3.12/site-packages/airflow/example_dags/example_sla_dag.py for tasks to queue
[2025-08-26T04:37:33.067+0000] {logging_mixin.py:188} INFO - [2025-08-26T04:37:33.064+0000] {dagbag.py:545} INFO - Filling up the DagBag from /home/airflow/.local/lib/python3.12/site-packages/airflow/example_dags/example_sla_dag.py
[2025-08-26T04:37:33.150+0000] {processor.py:840} INFO - DAG(s) 'example_sla_dag' retrieved from /home/airflow/.local/lib/python3.12/site-packages/airflow/example_dags/example_sla_dag.py
[2025-08-26T04:37:33.291+0000] {logging_mixin.py:188} INFO - [2025-08-26T04:37:33.289+0000] {dag.py:3096} INFO - Sync 1 DAGs
[2025-08-26T04:37:33.464+0000] {logging_mixin.py:188} INFO - [2025-08-26T04:37:33.462+0000] {dag.py:3954} INFO - Setting next_dagrun for example_sla_dag to 2025-08-26 04:34:00+00:00, run_after=2025-08-26 04:36:00+00:00
[2025-08-26T04:37:33.613+0000] {processor.py:183} INFO - Processing /home/airflow/.local/lib/python3.12/site-packages/airflow/example_dags/example_sla_dag.py took 0.655 seconds
[2025-08-26T04:38:04.710+0000] {processor.py:161} INFO - Started process (PID=3974) to work on /home/airflow/.local/lib/python3.12/site-packages/airflow/example_dags/example_sla_dag.py
[2025-08-26T04:38:04.713+0000] {processor.py:830} INFO - Processing file /home/airflow/.local/lib/python3.12/site-packages/airflow/example_dags/example_sla_dag.py for tasks to queue
[2025-08-26T04:38:04.729+0000] {logging_mixin.py:188} INFO - [2025-08-26T04:38:04.728+0000] {dagbag.py:545} INFO - Filling up the DagBag from /home/airflow/.local/lib/python3.12/site-packages/airflow/example_dags/example_sla_dag.py
[2025-08-26T04:38:04.815+0000] {processor.py:840} INFO - DAG(s) 'example_sla_dag' retrieved from /home/airflow/.local/lib/python3.12/site-packages/airflow/example_dags/example_sla_dag.py
[2025-08-26T04:38:04.946+0000] {logging_mixin.py:188} INFO - [2025-08-26T04:38:04.945+0000] {dag.py:3096} INFO - Sync 1 DAGs
[2025-08-26T04:38:05.225+0000] {logging_mixin.py:188} INFO - [2025-08-26T04:38:05.224+0000] {dag.py:3954} INFO - Setting next_dagrun for example_sla_dag to 2025-08-26 04:36:00+00:00, run_after=2025-08-26 04:38:00+00:00
[2025-08-26T04:38:05.373+0000] {processor.py:183} INFO - Processing /home/airflow/.local/lib/python3.12/site-packages/airflow/example_dags/example_sla_dag.py took 0.722 seconds
[2025-08-26T04:38:35.872+0000] {processor.py:161} INFO - Started process (PID=4236) to work on /home/airflow/.local/lib/python3.12/site-packages/airflow/example_dags/example_sla_dag.py
[2025-08-26T04:38:35.876+0000] {processor.py:830} INFO - Processing file /home/airflow/.local/lib/python3.12/site-packages/airflow/example_dags/example_sla_dag.py for tasks to queue
[2025-08-26T04:38:35.933+0000] {logging_mixin.py:188} INFO - [2025-08-26T04:38:35.931+0000] {dagbag.py:545} INFO - Filling up the DagBag from /home/airflow/.local/lib/python3.12/site-packages/airflow/example_dags/example_sla_dag.py
[2025-08-26T04:38:36.281+0000] {processor.py:840} INFO - DAG(s) 'example_sla_dag' retrieved from /home/airflow/.local/lib/python3.12/site-packages/airflow/example_dags/example_sla_dag.py
[2025-08-26T04:38:36.528+0000] {logging_mixin.py:188} INFO - [2025-08-26T04:38:36.527+0000] {dag.py:3096} INFO - Sync 1 DAGs
[2025-08-26T04:38:36.790+0000] {logging_mixin.py:188} INFO - [2025-08-26T04:38:36.789+0000] {dag.py:3954} INFO - Setting next_dagrun for example_sla_dag to 2025-08-26 04:36:00+00:00, run_after=2025-08-26 04:38:00+00:00
[2025-08-26T04:38:36.927+0000] {processor.py:183} INFO - Processing /home/airflow/.local/lib/python3.12/site-packages/airflow/example_dags/example_sla_dag.py took 1.080 seconds
[2025-08-26T04:39:09.112+0000] {processor.py:161} INFO - Started process (PID=4498) to work on /home/airflow/.local/lib/python3.12/site-packages/airflow/example_dags/example_sla_dag.py
[2025-08-26T04:39:09.123+0000] {processor.py:830} INFO - Processing file /home/airflow/.local/lib/python3.12/site-packages/airflow/example_dags/example_sla_dag.py for tasks to queue
[2025-08-26T04:39:09.139+0000] {logging_mixin.py:188} INFO - [2025-08-26T04:39:09.138+0000] {dagbag.py:545} INFO - Filling up the DagBag from /home/airflow/.local/lib/python3.12/site-packages/airflow/example_dags/example_sla_dag.py
[2025-08-26T04:39:09.322+0000] {processor.py:840} INFO - DAG(s) 'example_sla_dag' retrieved from /home/airflow/.local/lib/python3.12/site-packages/airflow/example_dags/example_sla_dag.py
[2025-08-26T04:39:09.429+0000] {logging_mixin.py:188} INFO - [2025-08-26T04:39:09.428+0000] {dag.py:3096} INFO - Sync 1 DAGs
[2025-08-26T04:39:09.670+0000] {logging_mixin.py:188} INFO - [2025-08-26T04:39:09.660+0000] {dag.py:3954} INFO - Setting next_dagrun for example_sla_dag to 2025-08-26 04:36:00+00:00, run_after=2025-08-26 04:38:00+00:00
[2025-08-26T04:39:10.114+0000] {processor.py:183} INFO - Processing /home/airflow/.local/lib/python3.12/site-packages/airflow/example_dags/example_sla_dag.py took 1.059 seconds
[2025-08-26T04:39:49.332+0000] {processor.py:161} INFO - Started process (PID=4748) to work on /home/airflow/.local/lib/python3.12/site-packages/airflow/example_dags/example_sla_dag.py
[2025-08-26T04:39:49.372+0000] {processor.py:830} INFO - Processing file /home/airflow/.local/lib/python3.12/site-packages/airflow/example_dags/example_sla_dag.py for tasks to queue
[2025-08-26T04:39:49.454+0000] {logging_mixin.py:188} INFO - [2025-08-26T04:39:49.453+0000] {dagbag.py:545} INFO - Filling up the DagBag from /home/airflow/.local/lib/python3.12/site-packages/airflow/example_dags/example_sla_dag.py
[2025-08-26T04:39:49.577+0000] {processor.py:840} INFO - DAG(s) 'example_sla_dag' retrieved from /home/airflow/.local/lib/python3.12/site-packages/airflow/example_dags/example_sla_dag.py
[2025-08-26T04:39:49.768+0000] {logging_mixin.py:188} INFO - [2025-08-26T04:39:49.756+0000] {dag.py:3096} INFO - Sync 1 DAGs
[2025-08-26T04:39:50.008+0000] {logging_mixin.py:188} INFO - [2025-08-26T04:39:50.007+0000] {dag.py:3954} INFO - Setting next_dagrun for example_sla_dag to 2025-08-26 04:36:00+00:00, run_after=2025-08-26 04:38:00+00:00
[2025-08-26T04:39:50.234+0000] {processor.py:183} INFO - Processing /home/airflow/.local/lib/python3.12/site-packages/airflow/example_dags/example_sla_dag.py took 1.096 seconds
[2025-08-26T04:40:30.362+0000] {processor.py:161} INFO - Started process (PID=5020) to work on /home/airflow/.local/lib/python3.12/site-packages/airflow/example_dags/example_sla_dag.py
[2025-08-26T04:40:30.366+0000] {processor.py:830} INFO - Processing file /home/airflow/.local/lib/python3.12/site-packages/airflow/example_dags/example_sla_dag.py for tasks to queue
[2025-08-26T04:40:30.380+0000] {logging_mixin.py:188} INFO - [2025-08-26T04:40:30.379+0000] {dagbag.py:545} INFO - Filling up the DagBag from /home/airflow/.local/lib/python3.12/site-packages/airflow/example_dags/example_sla_dag.py
[2025-08-26T04:40:30.488+0000] {processor.py:840} INFO - DAG(s) 'example_sla_dag' retrieved from /home/airflow/.local/lib/python3.12/site-packages/airflow/example_dags/example_sla_dag.py
[2025-08-26T04:40:30.809+0000] {logging_mixin.py:188} INFO - [2025-08-26T04:40:30.808+0000] {dag.py:3096} INFO - Sync 1 DAGs
[2025-08-26T04:40:31.222+0000] {logging_mixin.py:188} INFO - [2025-08-26T04:40:31.221+0000] {dag.py:3954} INFO - Setting next_dagrun for example_sla_dag to 2025-08-26 04:38:00+00:00, run_after=2025-08-26 04:40:00+00:00
[2025-08-26T04:40:31.454+0000] {processor.py:183} INFO - Processing /home/airflow/.local/lib/python3.12/site-packages/airflow/example_dags/example_sla_dag.py took 1.131 seconds
[2025-08-26T04:41:04.121+0000] {processor.py:161} INFO - Started process (PID=5286) to work on /home/airflow/.local/lib/python3.12/site-packages/airflow/example_dags/example_sla_dag.py
[2025-08-26T04:41:04.125+0000] {processor.py:830} INFO - Processing file /home/airflow/.local/lib/python3.12/site-packages/airflow/example_dags/example_sla_dag.py for tasks to queue
[2025-08-26T04:41:04.143+0000] {logging_mixin.py:188} INFO - [2025-08-26T04:41:04.142+0000] {dagbag.py:545} INFO - Filling up the DagBag from /home/airflow/.local/lib/python3.12/site-packages/airflow/example_dags/example_sla_dag.py
[2025-08-26T04:41:04.255+0000] {processor.py:840} INFO - DAG(s) 'example_sla_dag' retrieved from /home/airflow/.local/lib/python3.12/site-packages/airflow/example_dags/example_sla_dag.py
[2025-08-26T04:41:04.640+0000] {logging_mixin.py:188} INFO - [2025-08-26T04:41:04.640+0000] {dag.py:3096} INFO - Sync 1 DAGs
[2025-08-26T04:41:04.970+0000] {logging_mixin.py:188} INFO - [2025-08-26T04:41:04.966+0000] {dag.py:3954} INFO - Setting next_dagrun for example_sla_dag to 2025-08-26 04:38:00+00:00, run_after=2025-08-26 04:40:00+00:00
[2025-08-26T04:41:05.153+0000] {processor.py:183} INFO - Processing /home/airflow/.local/lib/python3.12/site-packages/airflow/example_dags/example_sla_dag.py took 1.171 seconds
[2025-08-26T04:41:39.424+0000] {processor.py:161} INFO - Started process (PID=5549) to work on /home/airflow/.local/lib/python3.12/site-packages/airflow/example_dags/example_sla_dag.py
[2025-08-26T04:41:39.427+0000] {processor.py:830} INFO - Processing file /home/airflow/.local/lib/python3.12/site-packages/airflow/example_dags/example_sla_dag.py for tasks to queue
[2025-08-26T04:41:39.442+0000] {logging_mixin.py:188} INFO - [2025-08-26T04:41:39.441+0000] {dagbag.py:545} INFO - Filling up the DagBag from /home/airflow/.local/lib/python3.12/site-packages/airflow/example_dags/example_sla_dag.py
[2025-08-26T04:41:39.495+0000] {processor.py:840} INFO - DAG(s) 'example_sla_dag' retrieved from /home/airflow/.local/lib/python3.12/site-packages/airflow/example_dags/example_sla_dag.py
[2025-08-26T04:41:39.618+0000] {logging_mixin.py:188} INFO - [2025-08-26T04:41:39.617+0000] {dag.py:3096} INFO - Sync 1 DAGs
[2025-08-26T04:41:39.846+0000] {logging_mixin.py:188} INFO - [2025-08-26T04:41:39.845+0000] {dag.py:3954} INFO - Setting next_dagrun for example_sla_dag to 2025-08-26 04:38:00+00:00, run_after=2025-08-26 04:40:00+00:00
[2025-08-26T04:41:39.978+0000] {processor.py:183} INFO - Processing /home/airflow/.local/lib/python3.12/site-packages/airflow/example_dags/example_sla_dag.py took 0.626 seconds
[2025-08-26T04:42:12.955+0000] {processor.py:161} INFO - Started process (PID=5801) to work on /home/airflow/.local/lib/python3.12/site-packages/airflow/example_dags/example_sla_dag.py
[2025-08-26T04:42:12.964+0000] {processor.py:830} INFO - Processing file /home/airflow/.local/lib/python3.12/site-packages/airflow/example_dags/example_sla_dag.py for tasks to queue
[2025-08-26T04:42:13.010+0000] {logging_mixin.py:188} INFO - [2025-08-26T04:42:13.000+0000] {dagbag.py:545} INFO - Filling up the DagBag from /home/airflow/.local/lib/python3.12/site-packages/airflow/example_dags/example_sla_dag.py
[2025-08-26T04:42:13.090+0000] {processor.py:840} INFO - DAG(s) 'example_sla_dag' retrieved from /home/airflow/.local/lib/python3.12/site-packages/airflow/example_dags/example_sla_dag.py
[2025-08-26T04:42:13.296+0000] {logging_mixin.py:188} INFO - [2025-08-26T04:42:13.295+0000] {dag.py:3096} INFO - Sync 1 DAGs
[2025-08-26T04:42:13.542+0000] {logging_mixin.py:188} INFO - [2025-08-26T04:42:13.541+0000] {dag.py:3954} INFO - Setting next_dagrun for example_sla_dag to 2025-08-26 04:40:00+00:00, run_after=2025-08-26 04:42:00+00:00
[2025-08-26T04:42:13.912+0000] {processor.py:183} INFO - Processing /home/airflow/.local/lib/python3.12/site-packages/airflow/example_dags/example_sla_dag.py took 1.069 seconds
[2025-08-26T04:42:50.792+0000] {processor.py:161} INFO - Started process (PID=6039) to work on /home/airflow/.local/lib/python3.12/site-packages/airflow/example_dags/example_sla_dag.py
[2025-08-26T04:42:50.859+0000] {processor.py:830} INFO - Processing file /home/airflow/.local/lib/python3.12/site-packages/airflow/example_dags/example_sla_dag.py for tasks to queue
[2025-08-26T04:42:50.884+0000] {logging_mixin.py:188} INFO - [2025-08-26T04:42:50.882+0000] {dagbag.py:545} INFO - Filling up the DagBag from /home/airflow/.local/lib/python3.12/site-packages/airflow/example_dags/example_sla_dag.py
[2025-08-26T04:42:50.970+0000] {processor.py:840} INFO - DAG(s) 'example_sla_dag' retrieved from /home/airflow/.local/lib/python3.12/site-packages/airflow/example_dags/example_sla_dag.py
[2025-08-26T04:42:51.091+0000] {logging_mixin.py:188} INFO - [2025-08-26T04:42:51.090+0000] {dag.py:3096} INFO - Sync 1 DAGs
[2025-08-26T04:42:51.239+0000] {logging_mixin.py:188} INFO - [2025-08-26T04:42:51.232+0000] {dag.py:3954} INFO - Setting next_dagrun for example_sla_dag to 2025-08-26 04:40:00+00:00, run_after=2025-08-26 04:42:00+00:00
[2025-08-26T04:42:51.366+0000] {processor.py:183} INFO - Processing /home/airflow/.local/lib/python3.12/site-packages/airflow/example_dags/example_sla_dag.py took 0.669 seconds
[2025-08-26T04:43:22.104+0000] {processor.py:161} INFO - Started process (PID=6299) to work on /home/airflow/.local/lib/python3.12/site-packages/airflow/example_dags/example_sla_dag.py
[2025-08-26T04:43:22.116+0000] {processor.py:830} INFO - Processing file /home/airflow/.local/lib/python3.12/site-packages/airflow/example_dags/example_sla_dag.py for tasks to queue
[2025-08-26T04:43:22.123+0000] {logging_mixin.py:188} INFO - [2025-08-26T04:43:22.122+0000] {dagbag.py:545} INFO - Filling up the DagBag from /home/airflow/.local/lib/python3.12/site-packages/airflow/example_dags/example_sla_dag.py
[2025-08-26T04:43:22.207+0000] {processor.py:840} INFO - DAG(s) 'example_sla_dag' retrieved from /home/airflow/.local/lib/python3.12/site-packages/airflow/example_dags/example_sla_dag.py
[2025-08-26T04:43:22.482+0000] {logging_mixin.py:188} INFO - [2025-08-26T04:43:22.481+0000] {dag.py:3096} INFO - Sync 1 DAGs
[2025-08-26T04:43:22.792+0000] {logging_mixin.py:188} INFO - [2025-08-26T04:43:22.791+0000] {dag.py:3954} INFO - Setting next_dagrun for example_sla_dag to 2025-08-26 04:40:00+00:00, run_after=2025-08-26 04:42:00+00:00
[2025-08-26T04:43:23.028+0000] {processor.py:183} INFO - Processing /home/airflow/.local/lib/python3.12/site-packages/airflow/example_dags/example_sla_dag.py took 0.955 seconds
[2025-08-26T04:44:03.916+0000] {processor.py:161} INFO - Started process (PID=6570) to work on /home/airflow/.local/lib/python3.12/site-packages/airflow/example_dags/example_sla_dag.py
[2025-08-26T04:44:03.921+0000] {processor.py:830} INFO - Processing file /home/airflow/.local/lib/python3.12/site-packages/airflow/example_dags/example_sla_dag.py for tasks to queue
[2025-08-26T04:44:03.938+0000] {logging_mixin.py:188} INFO - [2025-08-26T04:44:03.937+0000] {dagbag.py:545} INFO - Filling up the DagBag from /home/airflow/.local/lib/python3.12/site-packages/airflow/example_dags/example_sla_dag.py
[2025-08-26T04:44:04.024+0000] {processor.py:840} INFO - DAG(s) 'example_sla_dag' retrieved from /home/airflow/.local/lib/python3.12/site-packages/airflow/example_dags/example_sla_dag.py
[2025-08-26T04:44:04.355+0000] {logging_mixin.py:188} INFO - [2025-08-26T04:44:04.354+0000] {dag.py:3096} INFO - Sync 1 DAGs
[2025-08-26T04:44:04.743+0000] {logging_mixin.py:188} INFO - [2025-08-26T04:44:04.742+0000] {dag.py:3954} INFO - Setting next_dagrun for example_sla_dag to 2025-08-26 04:42:00+00:00, run_after=2025-08-26 04:44:00+00:00
[2025-08-26T04:44:05.027+0000] {processor.py:183} INFO - Processing /home/airflow/.local/lib/python3.12/site-packages/airflow/example_dags/example_sla_dag.py took 1.169 seconds
[2025-08-26T04:44:37.972+0000] {processor.py:161} INFO - Started process (PID=6837) to work on /home/airflow/.local/lib/python3.12/site-packages/airflow/example_dags/example_sla_dag.py
[2025-08-26T04:44:37.977+0000] {processor.py:830} INFO - Processing file /home/airflow/.local/lib/python3.12/site-packages/airflow/example_dags/example_sla_dag.py for tasks to queue
[2025-08-26T04:44:37.984+0000] {logging_mixin.py:188} INFO - [2025-08-26T04:44:37.982+0000] {dagbag.py:545} INFO - Filling up the DagBag from /home/airflow/.local/lib/python3.12/site-packages/airflow/example_dags/example_sla_dag.py
[2025-08-26T04:44:38.041+0000] {processor.py:840} INFO - DAG(s) 'example_sla_dag' retrieved from /home/airflow/.local/lib/python3.12/site-packages/airflow/example_dags/example_sla_dag.py
[2025-08-26T04:44:38.163+0000] {logging_mixin.py:188} INFO - [2025-08-26T04:44:38.162+0000] {dag.py:3096} INFO - Sync 1 DAGs
[2025-08-26T04:44:38.406+0000] {logging_mixin.py:188} INFO - [2025-08-26T04:44:38.405+0000] {dag.py:3954} INFO - Setting next_dagrun for example_sla_dag to 2025-08-26 04:42:00+00:00, run_after=2025-08-26 04:44:00+00:00
[2025-08-26T04:44:38.514+0000] {processor.py:183} INFO - Processing /home/airflow/.local/lib/python3.12/site-packages/airflow/example_dags/example_sla_dag.py took 0.604 seconds
[2025-08-26T04:45:10.946+0000] {processor.py:161} INFO - Started process (PID=7064) to work on /home/airflow/.local/lib/python3.12/site-packages/airflow/example_dags/example_sla_dag.py
[2025-08-26T04:45:10.953+0000] {processor.py:830} INFO - Processing file /home/airflow/.local/lib/python3.12/site-packages/airflow/example_dags/example_sla_dag.py for tasks to queue
[2025-08-26T04:45:11.004+0000] {logging_mixin.py:188} INFO - [2025-08-26T04:45:10.971+0000] {dagbag.py:545} INFO - Filling up the DagBag from /home/airflow/.local/lib/python3.12/site-packages/airflow/example_dags/example_sla_dag.py
[2025-08-26T04:45:11.127+0000] {processor.py:840} INFO - DAG(s) 'example_sla_dag' retrieved from /home/airflow/.local/lib/python3.12/site-packages/airflow/example_dags/example_sla_dag.py
[2025-08-26T04:45:11.226+0000] {logging_mixin.py:188} INFO - [2025-08-26T04:45:11.226+0000] {dag.py:3096} INFO - Sync 1 DAGs
[2025-08-26T04:45:11.354+0000] {logging_mixin.py:188} INFO - [2025-08-26T04:45:11.354+0000] {dag.py:3954} INFO - Setting next_dagrun for example_sla_dag to 2025-08-26 04:42:00+00:00, run_after=2025-08-26 04:44:00+00:00
[2025-08-26T04:45:11.447+0000] {processor.py:183} INFO - Processing /home/airflow/.local/lib/python3.12/site-packages/airflow/example_dags/example_sla_dag.py took 0.559 seconds
[2025-08-26T04:45:47.224+0000] {processor.py:161} INFO - Started process (PID=7327) to work on /home/airflow/.local/lib/python3.12/site-packages/airflow/example_dags/example_sla_dag.py
[2025-08-26T04:45:47.239+0000] {processor.py:830} INFO - Processing file /home/airflow/.local/lib/python3.12/site-packages/airflow/example_dags/example_sla_dag.py for tasks to queue
[2025-08-26T04:45:47.275+0000] {logging_mixin.py:188} INFO - [2025-08-26T04:45:47.274+0000] {dagbag.py:545} INFO - Filling up the DagBag from /home/airflow/.local/lib/python3.12/site-packages/airflow/example_dags/example_sla_dag.py
[2025-08-26T04:45:47.334+0000] {processor.py:840} INFO - DAG(s) 'example_sla_dag' retrieved from /home/airflow/.local/lib/python3.12/site-packages/airflow/example_dags/example_sla_dag.py
[2025-08-26T04:45:47.530+0000] {logging_mixin.py:188} INFO - [2025-08-26T04:45:47.530+0000] {dag.py:3096} INFO - Sync 1 DAGs
[2025-08-26T04:45:47.684+0000] {logging_mixin.py:188} INFO - [2025-08-26T04:45:47.683+0000] {dag.py:3954} INFO - Setting next_dagrun for example_sla_dag to 2025-08-26 04:42:00+00:00, run_after=2025-08-26 04:44:00+00:00
[2025-08-26T04:45:48.134+0000] {processor.py:183} INFO - Processing /home/airflow/.local/lib/python3.12/site-packages/airflow/example_dags/example_sla_dag.py took 0.975 seconds
[2025-08-26T04:46:27.463+0000] {processor.py:161} INFO - Started process (PID=7577) to work on /home/airflow/.local/lib/python3.12/site-packages/airflow/example_dags/example_sla_dag.py
[2025-08-26T04:46:27.482+0000] {processor.py:830} INFO - Processing file /home/airflow/.local/lib/python3.12/site-packages/airflow/example_dags/example_sla_dag.py for tasks to queue
[2025-08-26T04:46:27.516+0000] {logging_mixin.py:188} INFO - [2025-08-26T04:46:27.515+0000] {dagbag.py:545} INFO - Filling up the DagBag from /home/airflow/.local/lib/python3.12/site-packages/airflow/example_dags/example_sla_dag.py
[2025-08-26T04:46:27.591+0000] {processor.py:840} INFO - DAG(s) 'example_sla_dag' retrieved from /home/airflow/.local/lib/python3.12/site-packages/airflow/example_dags/example_sla_dag.py
[2025-08-26T04:46:27.795+0000] {logging_mixin.py:188} INFO - [2025-08-26T04:46:27.794+0000] {dag.py:3096} INFO - Sync 1 DAGs
[2025-08-26T04:46:28.014+0000] {logging_mixin.py:188} INFO - [2025-08-26T04:46:28.013+0000] {dag.py:3954} INFO - Setting next_dagrun for example_sla_dag to 2025-08-26 04:44:00+00:00, run_after=2025-08-26 04:46:00+00:00
[2025-08-26T04:46:28.180+0000] {processor.py:183} INFO - Processing /home/airflow/.local/lib/python3.12/site-packages/airflow/example_dags/example_sla_dag.py took 0.787 seconds
[2025-08-26T04:47:01.202+0000] {processor.py:161} INFO - Started process (PID=7840) to work on /home/airflow/.local/lib/python3.12/site-packages/airflow/example_dags/example_sla_dag.py
[2025-08-26T04:47:01.206+0000] {processor.py:830} INFO - Processing file /home/airflow/.local/lib/python3.12/site-packages/airflow/example_dags/example_sla_dag.py for tasks to queue
[2025-08-26T04:47:01.221+0000] {logging_mixin.py:188} INFO - [2025-08-26T04:47:01.218+0000] {dagbag.py:545} INFO - Filling up the DagBag from /home/airflow/.local/lib/python3.12/site-packages/airflow/example_dags/example_sla_dag.py
[2025-08-26T04:47:01.265+0000] {processor.py:840} INFO - DAG(s) 'example_sla_dag' retrieved from /home/airflow/.local/lib/python3.12/site-packages/airflow/example_dags/example_sla_dag.py
[2025-08-26T04:47:01.410+0000] {logging_mixin.py:188} INFO - [2025-08-26T04:47:01.409+0000] {dag.py:3096} INFO - Sync 1 DAGs
[2025-08-26T04:47:01.541+0000] {logging_mixin.py:188} INFO - [2025-08-26T04:47:01.541+0000] {dag.py:3954} INFO - Setting next_dagrun for example_sla_dag to 2025-08-26 04:44:00+00:00, run_after=2025-08-26 04:46:00+00:00
[2025-08-26T04:47:01.619+0000] {processor.py:183} INFO - Processing /home/airflow/.local/lib/python3.12/site-packages/airflow/example_dags/example_sla_dag.py took 0.468 seconds
[2025-08-26T04:49:32.004+0000] {processor.py:161} INFO - Started process (PID=288) to work on /home/airflow/.local/lib/python3.12/site-packages/airflow/example_dags/example_sla_dag.py
[2025-08-26T04:49:32.022+0000] {processor.py:830} INFO - Processing file /home/airflow/.local/lib/python3.12/site-packages/airflow/example_dags/example_sla_dag.py for tasks to queue
[2025-08-26T04:49:32.047+0000] {logging_mixin.py:188} INFO - [2025-08-26T04:49:32.043+0000] {dagbag.py:545} INFO - Filling up the DagBag from /home/airflow/.local/lib/python3.12/site-packages/airflow/example_dags/example_sla_dag.py
[2025-08-26T04:49:32.176+0000] {processor.py:840} INFO - DAG(s) 'example_sla_dag' retrieved from /home/airflow/.local/lib/python3.12/site-packages/airflow/example_dags/example_sla_dag.py
[2025-08-26T04:49:33.266+0000] {logging_mixin.py:188} INFO - [2025-08-26T04:49:33.265+0000] {dag.py:3096} INFO - Sync 1 DAGs
[2025-08-26T04:49:33.527+0000] {logging_mixin.py:188} INFO - [2025-08-26T04:49:33.526+0000] {dag.py:3954} INFO - Setting next_dagrun for example_sla_dag to 2025-08-26 04:46:00+00:00, run_after=2025-08-26 04:48:00+00:00
[2025-08-26T04:49:33.812+0000] {processor.py:183} INFO - Processing /home/airflow/.local/lib/python3.12/site-packages/airflow/example_dags/example_sla_dag.py took 1.860 seconds
[2025-08-26T04:50:09.378+0000] {processor.py:161} INFO - Started process (PID=550) to work on /home/airflow/.local/lib/python3.12/site-packages/airflow/example_dags/example_sla_dag.py
[2025-08-26T04:50:09.382+0000] {processor.py:830} INFO - Processing file /home/airflow/.local/lib/python3.12/site-packages/airflow/example_dags/example_sla_dag.py for tasks to queue
[2025-08-26T04:50:09.391+0000] {logging_mixin.py:188} INFO - [2025-08-26T04:50:09.390+0000] {dagbag.py:545} INFO - Filling up the DagBag from /home/airflow/.local/lib/python3.12/site-packages/airflow/example_dags/example_sla_dag.py
[2025-08-26T04:50:09.442+0000] {processor.py:840} INFO - DAG(s) 'example_sla_dag' retrieved from /home/airflow/.local/lib/python3.12/site-packages/airflow/example_dags/example_sla_dag.py
[2025-08-26T04:50:09.539+0000] {logging_mixin.py:188} INFO - [2025-08-26T04:50:09.539+0000] {dag.py:3096} INFO - Sync 1 DAGs
[2025-08-26T04:50:09.729+0000] {logging_mixin.py:188} INFO - [2025-08-26T04:50:09.729+0000] {dag.py:3954} INFO - Setting next_dagrun for example_sla_dag to 2025-08-26 04:48:00+00:00, run_after=2025-08-26 04:50:00+00:00
[2025-08-26T04:50:09.878+0000] {processor.py:183} INFO - Processing /home/airflow/.local/lib/python3.12/site-packages/airflow/example_dags/example_sla_dag.py took 0.532 seconds
[2025-08-26T04:50:41.817+0000] {processor.py:161} INFO - Started process (PID=812) to work on /home/airflow/.local/lib/python3.12/site-packages/airflow/example_dags/example_sla_dag.py
[2025-08-26T04:50:41.822+0000] {processor.py:830} INFO - Processing file /home/airflow/.local/lib/python3.12/site-packages/airflow/example_dags/example_sla_dag.py for tasks to queue
[2025-08-26T04:50:41.833+0000] {logging_mixin.py:188} INFO - [2025-08-26T04:50:41.832+0000] {dagbag.py:545} INFO - Filling up the DagBag from /home/airflow/.local/lib/python3.12/site-packages/airflow/example_dags/example_sla_dag.py
[2025-08-26T04:50:41.894+0000] {processor.py:840} INFO - DAG(s) 'example_sla_dag' retrieved from /home/airflow/.local/lib/python3.12/site-packages/airflow/example_dags/example_sla_dag.py
[2025-08-26T04:50:42.044+0000] {logging_mixin.py:188} INFO - [2025-08-26T04:50:42.043+0000] {dag.py:3096} INFO - Sync 1 DAGs
[2025-08-26T04:50:42.251+0000] {logging_mixin.py:188} INFO - [2025-08-26T04:50:42.248+0000] {dag.py:3954} INFO - Setting next_dagrun for example_sla_dag to 2025-08-26 04:48:00+00:00, run_after=2025-08-26 04:50:00+00:00
[2025-08-26T04:50:42.325+0000] {processor.py:183} INFO - Processing /home/airflow/.local/lib/python3.12/site-packages/airflow/example_dags/example_sla_dag.py took 0.544 seconds
[2025-08-26T04:51:17.129+0000] {processor.py:161} INFO - Started process (PID=1074) to work on /home/airflow/.local/lib/python3.12/site-packages/airflow/example_dags/example_sla_dag.py
[2025-08-26T04:51:17.133+0000] {processor.py:830} INFO - Processing file /home/airflow/.local/lib/python3.12/site-packages/airflow/example_dags/example_sla_dag.py for tasks to queue
[2025-08-26T04:51:17.156+0000] {logging_mixin.py:188} INFO - [2025-08-26T04:51:17.153+0000] {dagbag.py:545} INFO - Filling up the DagBag from /home/airflow/.local/lib/python3.12/site-packages/airflow/example_dags/example_sla_dag.py
[2025-08-26T04:51:17.218+0000] {processor.py:840} INFO - DAG(s) 'example_sla_dag' retrieved from /home/airflow/.local/lib/python3.12/site-packages/airflow/example_dags/example_sla_dag.py
[2025-08-26T04:51:17.328+0000] {logging_mixin.py:188} INFO - [2025-08-26T04:51:17.326+0000] {dag.py:3096} INFO - Sync 1 DAGs
[2025-08-26T04:51:17.484+0000] {logging_mixin.py:188} INFO - [2025-08-26T04:51:17.483+0000] {dag.py:3954} INFO - Setting next_dagrun for example_sla_dag to 2025-08-26 04:48:00+00:00, run_after=2025-08-26 04:50:00+00:00
[2025-08-26T04:51:17.662+0000] {processor.py:183} INFO - Processing /home/airflow/.local/lib/python3.12/site-packages/airflow/example_dags/example_sla_dag.py took 0.621 seconds
[2025-08-26T04:51:50.781+0000] {processor.py:161} INFO - Started process (PID=1336) to work on /home/airflow/.local/lib/python3.12/site-packages/airflow/example_dags/example_sla_dag.py
[2025-08-26T04:51:50.786+0000] {processor.py:830} INFO - Processing file /home/airflow/.local/lib/python3.12/site-packages/airflow/example_dags/example_sla_dag.py for tasks to queue
[2025-08-26T04:51:50.807+0000] {logging_mixin.py:188} INFO - [2025-08-26T04:51:50.806+0000] {dagbag.py:545} INFO - Filling up the DagBag from /home/airflow/.local/lib/python3.12/site-packages/airflow/example_dags/example_sla_dag.py
[2025-08-26T04:51:50.877+0000] {processor.py:840} INFO - DAG(s) 'example_sla_dag' retrieved from /home/airflow/.local/lib/python3.12/site-packages/airflow/example_dags/example_sla_dag.py
[2025-08-26T04:51:50.991+0000] {logging_mixin.py:188} INFO - [2025-08-26T04:51:50.990+0000] {dag.py:3096} INFO - Sync 1 DAGs
[2025-08-26T04:51:51.181+0000] {logging_mixin.py:188} INFO - [2025-08-26T04:51:51.179+0000] {dag.py:3954} INFO - Setting next_dagrun for example_sla_dag to 2025-08-26 04:48:00+00:00, run_after=2025-08-26 04:50:00+00:00
[2025-08-26T04:51:51.286+0000] {processor.py:183} INFO - Processing /home/airflow/.local/lib/python3.12/site-packages/airflow/example_dags/example_sla_dag.py took 0.571 seconds
[2025-08-26T04:52:29.063+0000] {processor.py:161} INFO - Started process (PID=1597) to work on /home/airflow/.local/lib/python3.12/site-packages/airflow/example_dags/example_sla_dag.py
[2025-08-26T04:52:29.068+0000] {processor.py:830} INFO - Processing file /home/airflow/.local/lib/python3.12/site-packages/airflow/example_dags/example_sla_dag.py for tasks to queue
[2025-08-26T04:52:29.152+0000] {logging_mixin.py:188} INFO - [2025-08-26T04:52:29.151+0000] {dagbag.py:545} INFO - Filling up the DagBag from /home/airflow/.local/lib/python3.12/site-packages/airflow/example_dags/example_sla_dag.py
[2025-08-26T04:52:29.374+0000] {processor.py:840} INFO - DAG(s) 'example_sla_dag' retrieved from /home/airflow/.local/lib/python3.12/site-packages/airflow/example_dags/example_sla_dag.py
[2025-08-26T04:52:29.756+0000] {logging_mixin.py:188} INFO - [2025-08-26T04:52:29.755+0000] {dag.py:3096} INFO - Sync 1 DAGs
[2025-08-26T04:52:30.377+0000] {logging_mixin.py:188} INFO - [2025-08-26T04:52:30.376+0000] {dag.py:3954} INFO - Setting next_dagrun for example_sla_dag to 2025-08-26 04:50:00+00:00, run_after=2025-08-26 04:52:00+00:00
[2025-08-26T04:52:31.011+0000] {processor.py:183} INFO - Processing /home/airflow/.local/lib/python3.12/site-packages/airflow/example_dags/example_sla_dag.py took 2.122 seconds
[2025-08-26T04:53:04.910+0000] {processor.py:161} INFO - Started process (PID=1864) to work on /home/airflow/.local/lib/python3.12/site-packages/airflow/example_dags/example_sla_dag.py
[2025-08-26T04:53:04.917+0000] {processor.py:830} INFO - Processing file /home/airflow/.local/lib/python3.12/site-packages/airflow/example_dags/example_sla_dag.py for tasks to queue
[2025-08-26T04:53:04.928+0000] {logging_mixin.py:188} INFO - [2025-08-26T04:53:04.927+0000] {dagbag.py:545} INFO - Filling up the DagBag from /home/airflow/.local/lib/python3.12/site-packages/airflow/example_dags/example_sla_dag.py
[2025-08-26T04:53:04.982+0000] {processor.py:840} INFO - DAG(s) 'example_sla_dag' retrieved from /home/airflow/.local/lib/python3.12/site-packages/airflow/example_dags/example_sla_dag.py
[2025-08-26T04:53:05.100+0000] {logging_mixin.py:188} INFO - [2025-08-26T04:53:05.100+0000] {dag.py:3096} INFO - Sync 1 DAGs
[2025-08-26T04:53:05.562+0000] {logging_mixin.py:188} INFO - [2025-08-26T04:53:05.561+0000] {dag.py:3954} INFO - Setting next_dagrun for example_sla_dag to 2025-08-26 04:50:00+00:00, run_after=2025-08-26 04:52:00+00:00
[2025-08-26T04:53:05.782+0000] {processor.py:183} INFO - Processing /home/airflow/.local/lib/python3.12/site-packages/airflow/example_dags/example_sla_dag.py took 0.901 seconds
[2025-08-26T04:53:36.723+0000] {processor.py:161} INFO - Started process (PID=2122) to work on /home/airflow/.local/lib/python3.12/site-packages/airflow/example_dags/example_sla_dag.py
[2025-08-26T04:53:36.732+0000] {processor.py:830} INFO - Processing file /home/airflow/.local/lib/python3.12/site-packages/airflow/example_dags/example_sla_dag.py for tasks to queue
[2025-08-26T04:53:36.743+0000] {logging_mixin.py:188} INFO - [2025-08-26T04:53:36.742+0000] {dagbag.py:545} INFO - Filling up the DagBag from /home/airflow/.local/lib/python3.12/site-packages/airflow/example_dags/example_sla_dag.py
[2025-08-26T04:53:36.874+0000] {processor.py:840} INFO - DAG(s) 'example_sla_dag' retrieved from /home/airflow/.local/lib/python3.12/site-packages/airflow/example_dags/example_sla_dag.py
[2025-08-26T04:53:37.096+0000] {logging_mixin.py:188} INFO - [2025-08-26T04:53:37.095+0000] {dag.py:3096} INFO - Sync 1 DAGs
[2025-08-26T04:53:37.326+0000] {logging_mixin.py:188} INFO - [2025-08-26T04:53:37.326+0000] {dag.py:3954} INFO - Setting next_dagrun for example_sla_dag to 2025-08-26 04:50:00+00:00, run_after=2025-08-26 04:52:00+00:00
[2025-08-26T04:53:37.433+0000] {processor.py:183} INFO - Processing /home/airflow/.local/lib/python3.12/site-packages/airflow/example_dags/example_sla_dag.py took 0.780 seconds
[2025-08-26T04:54:07.761+0000] {processor.py:161} INFO - Started process (PID=2384) to work on /home/airflow/.local/lib/python3.12/site-packages/airflow/example_dags/example_sla_dag.py
[2025-08-26T04:54:07.764+0000] {processor.py:830} INFO - Processing file /home/airflow/.local/lib/python3.12/site-packages/airflow/example_dags/example_sla_dag.py for tasks to queue
[2025-08-26T04:54:07.780+0000] {logging_mixin.py:188} INFO - [2025-08-26T04:54:07.775+0000] {dagbag.py:545} INFO - Filling up the DagBag from /home/airflow/.local/lib/python3.12/site-packages/airflow/example_dags/example_sla_dag.py
[2025-08-26T04:54:07.838+0000] {processor.py:840} INFO - DAG(s) 'example_sla_dag' retrieved from /home/airflow/.local/lib/python3.12/site-packages/airflow/example_dags/example_sla_dag.py
[2025-08-26T04:54:07.959+0000] {logging_mixin.py:188} INFO - [2025-08-26T04:54:07.958+0000] {dag.py:3096} INFO - Sync 1 DAGs
[2025-08-26T04:54:08.195+0000] {logging_mixin.py:188} INFO - [2025-08-26T04:54:08.194+0000] {dag.py:3954} INFO - Setting next_dagrun for example_sla_dag to 2025-08-26 04:52:00+00:00, run_after=2025-08-26 04:54:00+00:00
[2025-08-26T04:54:08.313+0000] {processor.py:183} INFO - Processing /home/airflow/.local/lib/python3.12/site-packages/airflow/example_dags/example_sla_dag.py took 0.591 seconds
[2025-08-26T04:54:42.740+0000] {processor.py:161} INFO - Started process (PID=2644) to work on /home/airflow/.local/lib/python3.12/site-packages/airflow/example_dags/example_sla_dag.py
[2025-08-26T04:54:42.744+0000] {processor.py:830} INFO - Processing file /home/airflow/.local/lib/python3.12/site-packages/airflow/example_dags/example_sla_dag.py for tasks to queue
[2025-08-26T04:54:42.761+0000] {logging_mixin.py:188} INFO - [2025-08-26T04:54:42.760+0000] {dagbag.py:545} INFO - Filling up the DagBag from /home/airflow/.local/lib/python3.12/site-packages/airflow/example_dags/example_sla_dag.py
[2025-08-26T04:54:42.834+0000] {processor.py:840} INFO - DAG(s) 'example_sla_dag' retrieved from /home/airflow/.local/lib/python3.12/site-packages/airflow/example_dags/example_sla_dag.py
[2025-08-26T04:54:42.981+0000] {logging_mixin.py:188} INFO - [2025-08-26T04:54:42.978+0000] {dag.py:3096} INFO - Sync 1 DAGs
[2025-08-26T04:54:43.218+0000] {logging_mixin.py:188} INFO - [2025-08-26T04:54:43.218+0000] {dag.py:3954} INFO - Setting next_dagrun for example_sla_dag to 2025-08-26 04:52:00+00:00, run_after=2025-08-26 04:54:00+00:00
[2025-08-26T04:54:43.509+0000] {processor.py:183} INFO - Processing /home/airflow/.local/lib/python3.12/site-packages/airflow/example_dags/example_sla_dag.py took 0.800 seconds
[2025-08-26T04:55:15.907+0000] {processor.py:161} INFO - Started process (PID=2906) to work on /home/airflow/.local/lib/python3.12/site-packages/airflow/example_dags/example_sla_dag.py
[2025-08-26T04:55:15.911+0000] {processor.py:830} INFO - Processing file /home/airflow/.local/lib/python3.12/site-packages/airflow/example_dags/example_sla_dag.py for tasks to queue
[2025-08-26T04:55:15.920+0000] {logging_mixin.py:188} INFO - [2025-08-26T04:55:15.919+0000] {dagbag.py:545} INFO - Filling up the DagBag from /home/airflow/.local/lib/python3.12/site-packages/airflow/example_dags/example_sla_dag.py
[2025-08-26T04:55:15.967+0000] {processor.py:840} INFO - DAG(s) 'example_sla_dag' retrieved from /home/airflow/.local/lib/python3.12/site-packages/airflow/example_dags/example_sla_dag.py
[2025-08-26T04:55:16.076+0000] {logging_mixin.py:188} INFO - [2025-08-26T04:55:16.074+0000] {dag.py:3096} INFO - Sync 1 DAGs
[2025-08-26T04:55:16.230+0000] {logging_mixin.py:188} INFO - [2025-08-26T04:55:16.230+0000] {dag.py:3954} INFO - Setting next_dagrun for example_sla_dag to 2025-08-26 04:52:00+00:00, run_after=2025-08-26 04:54:00+00:00
[2025-08-26T04:55:16.334+0000] {processor.py:183} INFO - Processing /home/airflow/.local/lib/python3.12/site-packages/airflow/example_dags/example_sla_dag.py took 0.504 seconds
[2025-08-26T04:55:57.365+0000] {processor.py:161} INFO - Started process (PID=3128) to work on /home/airflow/.local/lib/python3.12/site-packages/airflow/example_dags/example_sla_dag.py
[2025-08-26T04:55:57.377+0000] {processor.py:830} INFO - Processing file /home/airflow/.local/lib/python3.12/site-packages/airflow/example_dags/example_sla_dag.py for tasks to queue
[2025-08-26T04:55:57.395+0000] {logging_mixin.py:188} INFO - [2025-08-26T04:55:57.394+0000] {dagbag.py:545} INFO - Filling up the DagBag from /home/airflow/.local/lib/python3.12/site-packages/airflow/example_dags/example_sla_dag.py
[2025-08-26T04:55:57.479+0000] {processor.py:840} INFO - DAG(s) 'example_sla_dag' retrieved from /home/airflow/.local/lib/python3.12/site-packages/airflow/example_dags/example_sla_dag.py
[2025-08-26T04:55:57.832+0000] {logging_mixin.py:188} INFO - [2025-08-26T04:55:57.831+0000] {dag.py:3096} INFO - Sync 1 DAGs
[2025-08-26T04:55:58.102+0000] {logging_mixin.py:188} INFO - [2025-08-26T04:55:58.101+0000] {dag.py:3954} INFO - Setting next_dagrun for example_sla_dag to 2025-08-26 04:52:00+00:00, run_after=2025-08-26 04:54:00+00:00
[2025-08-26T04:55:58.290+0000] {processor.py:183} INFO - Processing /home/airflow/.local/lib/python3.12/site-packages/airflow/example_dags/example_sla_dag.py took 0.956 seconds
[2025-08-26T04:56:29.707+0000] {processor.py:161} INFO - Started process (PID=3390) to work on /home/airflow/.local/lib/python3.12/site-packages/airflow/example_dags/example_sla_dag.py
[2025-08-26T04:56:29.726+0000] {processor.py:830} INFO - Processing file /home/airflow/.local/lib/python3.12/site-packages/airflow/example_dags/example_sla_dag.py for tasks to queue
[2025-08-26T04:56:29.738+0000] {logging_mixin.py:188} INFO - [2025-08-26T04:56:29.736+0000] {dagbag.py:545} INFO - Filling up the DagBag from /home/airflow/.local/lib/python3.12/site-packages/airflow/example_dags/example_sla_dag.py
[2025-08-26T04:56:29.822+0000] {processor.py:840} INFO - DAG(s) 'example_sla_dag' retrieved from /home/airflow/.local/lib/python3.12/site-packages/airflow/example_dags/example_sla_dag.py
[2025-08-26T04:56:30.253+0000] {logging_mixin.py:188} INFO - [2025-08-26T04:56:30.253+0000] {dag.py:3096} INFO - Sync 1 DAGs
[2025-08-26T04:56:30.679+0000] {logging_mixin.py:188} INFO - [2025-08-26T04:56:30.679+0000] {dag.py:3954} INFO - Setting next_dagrun for example_sla_dag to 2025-08-26 04:54:00+00:00, run_after=2025-08-26 04:56:00+00:00
[2025-08-26T04:56:31.022+0000] {processor.py:183} INFO - Processing /home/airflow/.local/lib/python3.12/site-packages/airflow/example_dags/example_sla_dag.py took 1.369 seconds
[2025-08-26T04:57:08.684+0000] {processor.py:161} INFO - Started process (PID=3655) to work on /home/airflow/.local/lib/python3.12/site-packages/airflow/example_dags/example_sla_dag.py
[2025-08-26T04:57:08.690+0000] {processor.py:830} INFO - Processing file /home/airflow/.local/lib/python3.12/site-packages/airflow/example_dags/example_sla_dag.py for tasks to queue
[2025-08-26T04:57:08.710+0000] {logging_mixin.py:188} INFO - [2025-08-26T04:57:08.709+0000] {dagbag.py:545} INFO - Filling up the DagBag from /home/airflow/.local/lib/python3.12/site-packages/airflow/example_dags/example_sla_dag.py
[2025-08-26T04:57:08.815+0000] {processor.py:840} INFO - DAG(s) 'example_sla_dag' retrieved from /home/airflow/.local/lib/python3.12/site-packages/airflow/example_dags/example_sla_dag.py
[2025-08-26T04:57:09.015+0000] {logging_mixin.py:188} INFO - [2025-08-26T04:57:09.015+0000] {dag.py:3096} INFO - Sync 1 DAGs
[2025-08-26T04:57:09.195+0000] {logging_mixin.py:188} INFO - [2025-08-26T04:57:09.195+0000] {dag.py:3954} INFO - Setting next_dagrun for example_sla_dag to 2025-08-26 04:54:00+00:00, run_after=2025-08-26 04:56:00+00:00
[2025-08-26T04:57:09.326+0000] {processor.py:183} INFO - Processing /home/airflow/.local/lib/python3.12/site-packages/airflow/example_dags/example_sla_dag.py took 0.678 seconds
[2025-08-26T04:57:58.180+0000] {processor.py:161} INFO - Started process (PID=3912) to work on /home/airflow/.local/lib/python3.12/site-packages/airflow/example_dags/example_sla_dag.py
[2025-08-26T04:57:58.198+0000] {processor.py:830} INFO - Processing file /home/airflow/.local/lib/python3.12/site-packages/airflow/example_dags/example_sla_dag.py for tasks to queue
[2025-08-26T04:57:58.219+0000] {logging_mixin.py:188} INFO - [2025-08-26T04:57:58.215+0000] {dagbag.py:545} INFO - Filling up the DagBag from /home/airflow/.local/lib/python3.12/site-packages/airflow/example_dags/example_sla_dag.py
[2025-08-26T04:57:58.282+0000] {processor.py:840} INFO - DAG(s) 'example_sla_dag' retrieved from /home/airflow/.local/lib/python3.12/site-packages/airflow/example_dags/example_sla_dag.py
[2025-08-26T04:57:58.493+0000] {logging_mixin.py:188} INFO - [2025-08-26T04:57:58.492+0000] {dag.py:3096} INFO - Sync 1 DAGs
[2025-08-26T04:57:58.778+0000] {logging_mixin.py:188} INFO - [2025-08-26T04:57:58.778+0000] {dag.py:3954} INFO - Setting next_dagrun for example_sla_dag to 2025-08-26 04:54:00+00:00, run_after=2025-08-26 04:56:00+00:00
[2025-08-26T04:57:59.046+0000] {processor.py:183} INFO - Processing /home/airflow/.local/lib/python3.12/site-packages/airflow/example_dags/example_sla_dag.py took 0.909 seconds
[2025-08-26T05:35:29.473+0000] {processor.py:161} INFO - Started process (PID=4173) to work on /home/airflow/.local/lib/python3.12/site-packages/airflow/example_dags/example_sla_dag.py
[2025-08-26T05:35:29.483+0000] {processor.py:830} INFO - Processing file /home/airflow/.local/lib/python3.12/site-packages/airflow/example_dags/example_sla_dag.py for tasks to queue
[2025-08-26T05:35:29.503+0000] {logging_mixin.py:188} INFO - [2025-08-26T05:35:29.501+0000] {dagbag.py:545} INFO - Filling up the DagBag from /home/airflow/.local/lib/python3.12/site-packages/airflow/example_dags/example_sla_dag.py
[2025-08-26T05:35:29.606+0000] {processor.py:840} INFO - DAG(s) 'example_sla_dag' retrieved from /home/airflow/.local/lib/python3.12/site-packages/airflow/example_dags/example_sla_dag.py
[2025-08-26T05:35:29.832+0000] {logging_mixin.py:188} INFO - [2025-08-26T05:35:29.832+0000] {dag.py:3096} INFO - Sync 1 DAGs
[2025-08-26T05:35:29.977+0000] {logging_mixin.py:188} INFO - [2025-08-26T05:35:29.976+0000] {dag.py:3954} INFO - Setting next_dagrun for example_sla_dag to 2025-08-26 05:32:00+00:00, run_after=2025-08-26 05:34:00+00:00
[2025-08-26T05:35:30.099+0000] {processor.py:183} INFO - Processing /home/airflow/.local/lib/python3.12/site-packages/airflow/example_dags/example_sla_dag.py took 0.685 seconds
[2025-08-26T05:42:14.185+0000] {processor.py:161} INFO - Started process (PID=4338) to work on /home/airflow/.local/lib/python3.12/site-packages/airflow/example_dags/example_sla_dag.py
[2025-08-26T05:42:14.202+0000] {processor.py:830} INFO - Processing file /home/airflow/.local/lib/python3.12/site-packages/airflow/example_dags/example_sla_dag.py for tasks to queue
[2025-08-26T05:42:14.241+0000] {logging_mixin.py:188} INFO - [2025-08-26T05:42:14.240+0000] {dagbag.py:545} INFO - Filling up the DagBag from /home/airflow/.local/lib/python3.12/site-packages/airflow/example_dags/example_sla_dag.py
[2025-08-26T05:42:14.315+0000] {processor.py:840} INFO - DAG(s) 'example_sla_dag' retrieved from /home/airflow/.local/lib/python3.12/site-packages/airflow/example_dags/example_sla_dag.py
[2025-08-26T05:42:14.621+0000] {logging_mixin.py:188} INFO - [2025-08-26T05:42:14.620+0000] {dag.py:3096} INFO - Sync 1 DAGs
[2025-08-26T05:42:15.255+0000] {logging_mixin.py:188} INFO - [2025-08-26T05:42:15.228+0000] {dag.py:3954} INFO - Setting next_dagrun for example_sla_dag to 2025-08-26 05:40:00+00:00, run_after=2025-08-26 05:42:00+00:00
[2025-08-26T05:42:15.603+0000] {processor.py:183} INFO - Processing /home/airflow/.local/lib/python3.12/site-packages/airflow/example_dags/example_sla_dag.py took 1.586 seconds
[2025-08-26T05:43:26.944+0000] {processor.py:161} INFO - Started process (PID=4624) to work on /home/airflow/.local/lib/python3.12/site-packages/airflow/example_dags/example_sla_dag.py
[2025-08-26T05:43:26.958+0000] {processor.py:830} INFO - Processing file /home/airflow/.local/lib/python3.12/site-packages/airflow/example_dags/example_sla_dag.py for tasks to queue
[2025-08-26T05:43:26.961+0000] {logging_mixin.py:188} INFO - [2025-08-26T05:43:26.960+0000] {dagbag.py:545} INFO - Filling up the DagBag from /home/airflow/.local/lib/python3.12/site-packages/airflow/example_dags/example_sla_dag.py
[2025-08-26T05:43:27.088+0000] {processor.py:840} INFO - DAG(s) 'example_sla_dag' retrieved from /home/airflow/.local/lib/python3.12/site-packages/airflow/example_dags/example_sla_dag.py
[2025-08-26T05:43:27.402+0000] {logging_mixin.py:188} INFO - [2025-08-26T05:43:27.401+0000] {dag.py:3096} INFO - Sync 1 DAGs
[2025-08-26T05:43:27.973+0000] {logging_mixin.py:188} INFO - [2025-08-26T05:43:27.972+0000] {dag.py:3954} INFO - Setting next_dagrun for example_sla_dag to 2025-08-26 05:40:00+00:00, run_after=2025-08-26 05:42:00+00:00
[2025-08-26T05:43:28.425+0000] {processor.py:183} INFO - Processing /home/airflow/.local/lib/python3.12/site-packages/airflow/example_dags/example_sla_dag.py took 1.604 seconds
[2025-08-26T05:44:06.736+0000] {processor.py:161} INFO - Started process (PID=4880) to work on /home/airflow/.local/lib/python3.12/site-packages/airflow/example_dags/example_sla_dag.py
[2025-08-26T05:44:06.754+0000] {processor.py:830} INFO - Processing file /home/airflow/.local/lib/python3.12/site-packages/airflow/example_dags/example_sla_dag.py for tasks to queue
[2025-08-26T05:44:06.757+0000] {logging_mixin.py:188} INFO - [2025-08-26T05:44:06.756+0000] {dagbag.py:545} INFO - Filling up the DagBag from /home/airflow/.local/lib/python3.12/site-packages/airflow/example_dags/example_sla_dag.py
[2025-08-26T05:44:06.837+0000] {processor.py:840} INFO - DAG(s) 'example_sla_dag' retrieved from /home/airflow/.local/lib/python3.12/site-packages/airflow/example_dags/example_sla_dag.py
[2025-08-26T05:44:06.968+0000] {logging_mixin.py:188} INFO - [2025-08-26T05:44:06.968+0000] {dag.py:3096} INFO - Sync 1 DAGs
[2025-08-26T05:44:07.322+0000] {logging_mixin.py:188} INFO - [2025-08-26T05:44:07.322+0000] {dag.py:3954} INFO - Setting next_dagrun for example_sla_dag to 2025-08-26 05:42:00+00:00, run_after=2025-08-26 05:44:00+00:00
[2025-08-26T05:44:07.498+0000] {processor.py:183} INFO - Processing /home/airflow/.local/lib/python3.12/site-packages/airflow/example_dags/example_sla_dag.py took 0.801 seconds
[2025-08-26T05:44:43.718+0000] {processor.py:161} INFO - Started process (PID=5140) to work on /home/airflow/.local/lib/python3.12/site-packages/airflow/example_dags/example_sla_dag.py
[2025-08-26T05:44:43.730+0000] {processor.py:830} INFO - Processing file /home/airflow/.local/lib/python3.12/site-packages/airflow/example_dags/example_sla_dag.py for tasks to queue
[2025-08-26T05:44:43.733+0000] {logging_mixin.py:188} INFO - [2025-08-26T05:44:43.732+0000] {dagbag.py:545} INFO - Filling up the DagBag from /home/airflow/.local/lib/python3.12/site-packages/airflow/example_dags/example_sla_dag.py
[2025-08-26T05:44:43.829+0000] {processor.py:840} INFO - DAG(s) 'example_sla_dag' retrieved from /home/airflow/.local/lib/python3.12/site-packages/airflow/example_dags/example_sla_dag.py
[2025-08-26T05:44:44.054+0000] {logging_mixin.py:188} INFO - [2025-08-26T05:44:44.051+0000] {dag.py:3096} INFO - Sync 1 DAGs
[2025-08-26T05:44:44.374+0000] {logging_mixin.py:188} INFO - [2025-08-26T05:44:44.373+0000] {dag.py:3954} INFO - Setting next_dagrun for example_sla_dag to 2025-08-26 05:42:00+00:00, run_after=2025-08-26 05:44:00+00:00
[2025-08-26T05:44:44.611+0000] {processor.py:183} INFO - Processing /home/airflow/.local/lib/python3.12/site-packages/airflow/example_dags/example_sla_dag.py took 1.060 seconds
[2025-08-26T05:45:16.431+0000] {processor.py:161} INFO - Started process (PID=5401) to work on /home/airflow/.local/lib/python3.12/site-packages/airflow/example_dags/example_sla_dag.py
[2025-08-26T05:45:16.441+0000] {processor.py:830} INFO - Processing file /home/airflow/.local/lib/python3.12/site-packages/airflow/example_dags/example_sla_dag.py for tasks to queue
[2025-08-26T05:45:16.452+0000] {logging_mixin.py:188} INFO - [2025-08-26T05:45:16.445+0000] {dagbag.py:545} INFO - Filling up the DagBag from /home/airflow/.local/lib/python3.12/site-packages/airflow/example_dags/example_sla_dag.py
[2025-08-26T05:45:16.577+0000] {processor.py:840} INFO - DAG(s) 'example_sla_dag' retrieved from /home/airflow/.local/lib/python3.12/site-packages/airflow/example_dags/example_sla_dag.py
[2025-08-26T05:45:16.713+0000] {logging_mixin.py:188} INFO - [2025-08-26T05:45:16.712+0000] {dag.py:3096} INFO - Sync 1 DAGs
[2025-08-26T05:45:16.920+0000] {logging_mixin.py:188} INFO - [2025-08-26T05:45:16.920+0000] {dag.py:3954} INFO - Setting next_dagrun for example_sla_dag to 2025-08-26 05:42:00+00:00, run_after=2025-08-26 05:44:00+00:00
[2025-08-26T05:45:17.132+0000] {processor.py:183} INFO - Processing /home/airflow/.local/lib/python3.12/site-packages/airflow/example_dags/example_sla_dag.py took 0.811 seconds
[2025-08-26T05:45:48.208+0000] {processor.py:161} INFO - Started process (PID=5662) to work on /home/airflow/.local/lib/python3.12/site-packages/airflow/example_dags/example_sla_dag.py
[2025-08-26T05:45:48.225+0000] {processor.py:830} INFO - Processing file /home/airflow/.local/lib/python3.12/site-packages/airflow/example_dags/example_sla_dag.py for tasks to queue
[2025-08-26T05:45:48.264+0000] {logging_mixin.py:188} INFO - [2025-08-26T05:45:48.229+0000] {dagbag.py:545} INFO - Filling up the DagBag from /home/airflow/.local/lib/python3.12/site-packages/airflow/example_dags/example_sla_dag.py
[2025-08-26T05:45:48.367+0000] {processor.py:840} INFO - DAG(s) 'example_sla_dag' retrieved from /home/airflow/.local/lib/python3.12/site-packages/airflow/example_dags/example_sla_dag.py
[2025-08-26T05:45:48.674+0000] {logging_mixin.py:188} INFO - [2025-08-26T05:45:48.674+0000] {dag.py:3096} INFO - Sync 1 DAGs
[2025-08-26T05:45:48.876+0000] {logging_mixin.py:188} INFO - [2025-08-26T05:45:48.875+0000] {dag.py:3954} INFO - Setting next_dagrun for example_sla_dag to 2025-08-26 05:42:00+00:00, run_after=2025-08-26 05:44:00+00:00
[2025-08-26T05:45:49.155+0000] {processor.py:183} INFO - Processing /home/airflow/.local/lib/python3.12/site-packages/airflow/example_dags/example_sla_dag.py took 1.013 seconds
[2025-08-26T05:46:19.416+0000] {processor.py:161} INFO - Started process (PID=5926) to work on /home/airflow/.local/lib/python3.12/site-packages/airflow/example_dags/example_sla_dag.py
[2025-08-26T05:46:19.420+0000] {processor.py:830} INFO - Processing file /home/airflow/.local/lib/python3.12/site-packages/airflow/example_dags/example_sla_dag.py for tasks to queue
[2025-08-26T05:46:19.423+0000] {logging_mixin.py:188} INFO - [2025-08-26T05:46:19.422+0000] {dagbag.py:545} INFO - Filling up the DagBag from /home/airflow/.local/lib/python3.12/site-packages/airflow/example_dags/example_sla_dag.py
[2025-08-26T05:46:19.469+0000] {processor.py:840} INFO - DAG(s) 'example_sla_dag' retrieved from /home/airflow/.local/lib/python3.12/site-packages/airflow/example_dags/example_sla_dag.py
[2025-08-26T05:46:19.653+0000] {logging_mixin.py:188} INFO - [2025-08-26T05:46:19.653+0000] {dag.py:3096} INFO - Sync 1 DAGs
[2025-08-26T05:46:19.889+0000] {logging_mixin.py:188} INFO - [2025-08-26T05:46:19.889+0000] {dag.py:3954} INFO - Setting next_dagrun for example_sla_dag to 2025-08-26 05:44:00+00:00, run_after=2025-08-26 05:46:00+00:00
[2025-08-26T05:46:20.009+0000] {processor.py:183} INFO - Processing /home/airflow/.local/lib/python3.12/site-packages/airflow/example_dags/example_sla_dag.py took 0.620 seconds
[2025-08-26T05:46:52.189+0000] {processor.py:161} INFO - Started process (PID=6186) to work on /home/airflow/.local/lib/python3.12/site-packages/airflow/example_dags/example_sla_dag.py
[2025-08-26T05:46:52.205+0000] {processor.py:830} INFO - Processing file /home/airflow/.local/lib/python3.12/site-packages/airflow/example_dags/example_sla_dag.py for tasks to queue
[2025-08-26T05:46:52.209+0000] {logging_mixin.py:188} INFO - [2025-08-26T05:46:52.207+0000] {dagbag.py:545} INFO - Filling up the DagBag from /home/airflow/.local/lib/python3.12/site-packages/airflow/example_dags/example_sla_dag.py
[2025-08-26T05:46:52.277+0000] {processor.py:840} INFO - DAG(s) 'example_sla_dag' retrieved from /home/airflow/.local/lib/python3.12/site-packages/airflow/example_dags/example_sla_dag.py
[2025-08-26T05:46:52.444+0000] {logging_mixin.py:188} INFO - [2025-08-26T05:46:52.443+0000] {dag.py:3096} INFO - Sync 1 DAGs
[2025-08-26T05:46:52.684+0000] {logging_mixin.py:188} INFO - [2025-08-26T05:46:52.684+0000] {dag.py:3954} INFO - Setting next_dagrun for example_sla_dag to 2025-08-26 05:44:00+00:00, run_after=2025-08-26 05:46:00+00:00
[2025-08-26T05:46:52.829+0000] {processor.py:183} INFO - Processing /home/airflow/.local/lib/python3.12/site-packages/airflow/example_dags/example_sla_dag.py took 0.692 seconds
[2025-08-26T05:47:33.036+0000] {processor.py:161} INFO - Started process (PID=6450) to work on /home/airflow/.local/lib/python3.12/site-packages/airflow/example_dags/example_sla_dag.py
[2025-08-26T05:47:33.047+0000] {processor.py:830} INFO - Processing file /home/airflow/.local/lib/python3.12/site-packages/airflow/example_dags/example_sla_dag.py for tasks to queue
[2025-08-26T05:47:33.051+0000] {logging_mixin.py:188} INFO - [2025-08-26T05:47:33.050+0000] {dagbag.py:545} INFO - Filling up the DagBag from /home/airflow/.local/lib/python3.12/site-packages/airflow/example_dags/example_sla_dag.py
[2025-08-26T05:47:33.104+0000] {processor.py:840} INFO - DAG(s) 'example_sla_dag' retrieved from /home/airflow/.local/lib/python3.12/site-packages/airflow/example_dags/example_sla_dag.py
[2025-08-26T05:47:33.243+0000] {logging_mixin.py:188} INFO - [2025-08-26T05:47:33.242+0000] {dag.py:3096} INFO - Sync 1 DAGs
[2025-08-26T05:47:33.447+0000] {logging_mixin.py:188} INFO - [2025-08-26T05:47:33.446+0000] {dag.py:3954} INFO - Setting next_dagrun for example_sla_dag to 2025-08-26 05:44:00+00:00, run_after=2025-08-26 05:46:00+00:00
[2025-08-26T05:47:33.584+0000] {processor.py:183} INFO - Processing /home/airflow/.local/lib/python3.12/site-packages/airflow/example_dags/example_sla_dag.py took 0.581 seconds
