[2025-08-26T04:29:56.605+0000] {processor.py:161} INFO - Started process (PID=341) to work on /home/airflow/.local/lib/python3.12/site-packages/airflow/example_dags/example_skip_dag.py
[2025-08-26T04:29:56.641+0000] {processor.py:830} INFO - Processing file /home/airflow/.local/lib/python3.12/site-packages/airflow/example_dags/example_skip_dag.py for tasks to queue
[2025-08-26T04:29:56.689+0000] {logging_mixin.py:188} INFO - [2025-08-26T04:29:56.688+0000] {dagbag.py:545} INFO - Filling up the DagBag from /home/airflow/.local/lib/python3.12/site-packages/airflow/example_dags/example_skip_dag.py
[2025-08-26T04:29:56.994+0000] {processor.py:840} INFO - DAG(s) 'example_skip_dag' retrieved from /home/airflow/.local/lib/python3.12/site-packages/airflow/example_dags/example_skip_dag.py
[2025-08-26T04:29:59.837+0000] {logging_mixin.py:188} INFO - [2025-08-26T04:29:59.835+0000] {override.py:1829} INFO - Created Permission View: can delete on DAG:example_skip_dag
[2025-08-26T04:29:59.954+0000] {logging_mixin.py:188} INFO - [2025-08-26T04:29:59.953+0000] {override.py:1829} INFO - Created Permission View: can read on DAG:example_skip_dag
[2025-08-26T04:30:00.062+0000] {logging_mixin.py:188} INFO - [2025-08-26T04:30:00.060+0000] {override.py:1829} INFO - Created Permission View: can edit on DAG:example_skip_dag
[2025-08-26T04:30:00.075+0000] {logging_mixin.py:188} INFO - [2025-08-26T04:30:00.072+0000] {dag.py:3096} INFO - Sync 1 DAGs
[2025-08-26T04:30:00.366+0000] {logging_mixin.py:188} INFO - [2025-08-26T04:30:00.331+0000] {dag.py:3118} INFO - Creating ORM DAG for example_skip_dag
[2025-08-26T04:30:00.637+0000] {logging_mixin.py:188} INFO - [2025-08-26T04:30:00.636+0000] {dag.py:3954} INFO - Setting next_dagrun for example_skip_dag to 2025-08-25 00:00:00+00:00, run_after=2025-08-26 00:00:00+00:00
[2025-08-26T04:30:00.843+0000] {processor.py:183} INFO - Processing /home/airflow/.local/lib/python3.12/site-packages/airflow/example_dags/example_skip_dag.py took 4.358 seconds
[2025-08-26T04:31:01.446+0000] {processor.py:161} INFO - Started process (PID=608) to work on /home/airflow/.local/lib/python3.12/site-packages/airflow/example_dags/example_skip_dag.py
[2025-08-26T04:31:01.460+0000] {processor.py:830} INFO - Processing file /home/airflow/.local/lib/python3.12/site-packages/airflow/example_dags/example_skip_dag.py for tasks to queue
[2025-08-26T04:31:01.474+0000] {logging_mixin.py:188} INFO - [2025-08-26T04:31:01.473+0000] {dagbag.py:545} INFO - Filling up the DagBag from /home/airflow/.local/lib/python3.12/site-packages/airflow/example_dags/example_skip_dag.py
[2025-08-26T04:31:01.515+0000] {processor.py:840} INFO - DAG(s) 'example_skip_dag' retrieved from /home/airflow/.local/lib/python3.12/site-packages/airflow/example_dags/example_skip_dag.py
[2025-08-26T04:31:01.676+0000] {logging_mixin.py:188} INFO - [2025-08-26T04:31:01.675+0000] {dag.py:3096} INFO - Sync 1 DAGs
[2025-08-26T04:31:01.831+0000] {logging_mixin.py:188} INFO - [2025-08-26T04:31:01.830+0000] {dag.py:3954} INFO - Setting next_dagrun for example_skip_dag to 2025-08-25 00:00:00+00:00, run_after=2025-08-26 00:00:00+00:00
[2025-08-26T04:31:02.025+0000] {processor.py:183} INFO - Processing /home/airflow/.local/lib/python3.12/site-packages/airflow/example_dags/example_skip_dag.py took 0.617 seconds
[2025-08-26T04:31:37.546+0000] {processor.py:161} INFO - Started process (PID=872) to work on /home/airflow/.local/lib/python3.12/site-packages/airflow/example_dags/example_skip_dag.py
[2025-08-26T04:31:37.551+0000] {processor.py:830} INFO - Processing file /home/airflow/.local/lib/python3.12/site-packages/airflow/example_dags/example_skip_dag.py for tasks to queue
[2025-08-26T04:31:37.558+0000] {logging_mixin.py:188} INFO - [2025-08-26T04:31:37.557+0000] {dagbag.py:545} INFO - Filling up the DagBag from /home/airflow/.local/lib/python3.12/site-packages/airflow/example_dags/example_skip_dag.py
[2025-08-26T04:31:37.594+0000] {processor.py:840} INFO - DAG(s) 'example_skip_dag' retrieved from /home/airflow/.local/lib/python3.12/site-packages/airflow/example_dags/example_skip_dag.py
[2025-08-26T04:31:37.705+0000] {logging_mixin.py:188} INFO - [2025-08-26T04:31:37.704+0000] {dag.py:3096} INFO - Sync 1 DAGs
[2025-08-26T04:31:37.844+0000] {logging_mixin.py:188} INFO - [2025-08-26T04:31:37.843+0000] {dag.py:3954} INFO - Setting next_dagrun for example_skip_dag to 2025-08-25 00:00:00+00:00, run_after=2025-08-26 00:00:00+00:00
[2025-08-26T04:31:38.010+0000] {processor.py:183} INFO - Processing /home/airflow/.local/lib/python3.12/site-packages/airflow/example_dags/example_skip_dag.py took 0.505 seconds
[2025-08-26T04:32:13.412+0000] {processor.py:161} INFO - Started process (PID=1131) to work on /home/airflow/.local/lib/python3.12/site-packages/airflow/example_dags/example_skip_dag.py
[2025-08-26T04:32:13.419+0000] {processor.py:830} INFO - Processing file /home/airflow/.local/lib/python3.12/site-packages/airflow/example_dags/example_skip_dag.py for tasks to queue
[2025-08-26T04:32:13.440+0000] {logging_mixin.py:188} INFO - [2025-08-26T04:32:13.439+0000] {dagbag.py:545} INFO - Filling up the DagBag from /home/airflow/.local/lib/python3.12/site-packages/airflow/example_dags/example_skip_dag.py
[2025-08-26T04:32:13.483+0000] {processor.py:840} INFO - DAG(s) 'example_skip_dag' retrieved from /home/airflow/.local/lib/python3.12/site-packages/airflow/example_dags/example_skip_dag.py
[2025-08-26T04:32:13.677+0000] {logging_mixin.py:188} INFO - [2025-08-26T04:32:13.665+0000] {dag.py:3096} INFO - Sync 1 DAGs
[2025-08-26T04:32:13.910+0000] {logging_mixin.py:188} INFO - [2025-08-26T04:32:13.909+0000] {dag.py:3954} INFO - Setting next_dagrun for example_skip_dag to 2025-08-25 00:00:00+00:00, run_after=2025-08-26 00:00:00+00:00
[2025-08-26T04:32:14.083+0000] {processor.py:183} INFO - Processing /home/airflow/.local/lib/python3.12/site-packages/airflow/example_dags/example_skip_dag.py took 0.699 seconds
[2025-08-26T04:32:54.103+0000] {processor.py:161} INFO - Started process (PID=1394) to work on /home/airflow/.local/lib/python3.12/site-packages/airflow/example_dags/example_skip_dag.py
[2025-08-26T04:32:54.133+0000] {processor.py:830} INFO - Processing file /home/airflow/.local/lib/python3.12/site-packages/airflow/example_dags/example_skip_dag.py for tasks to queue
[2025-08-26T04:32:54.163+0000] {logging_mixin.py:188} INFO - [2025-08-26T04:32:54.162+0000] {dagbag.py:545} INFO - Filling up the DagBag from /home/airflow/.local/lib/python3.12/site-packages/airflow/example_dags/example_skip_dag.py
[2025-08-26T04:32:54.256+0000] {processor.py:840} INFO - DAG(s) 'example_skip_dag' retrieved from /home/airflow/.local/lib/python3.12/site-packages/airflow/example_dags/example_skip_dag.py
[2025-08-26T04:32:54.682+0000] {logging_mixin.py:188} INFO - [2025-08-26T04:32:54.681+0000] {dag.py:3096} INFO - Sync 1 DAGs
[2025-08-26T04:32:55.030+0000] {logging_mixin.py:188} INFO - [2025-08-26T04:32:55.028+0000] {dag.py:3954} INFO - Setting next_dagrun for example_skip_dag to 2025-08-25 00:00:00+00:00, run_after=2025-08-26 00:00:00+00:00
[2025-08-26T04:32:55.360+0000] {processor.py:183} INFO - Processing /home/airflow/.local/lib/python3.12/site-packages/airflow/example_dags/example_skip_dag.py took 1.302 seconds
[2025-08-26T04:33:26.065+0000] {processor.py:161} INFO - Started process (PID=1663) to work on /home/airflow/.local/lib/python3.12/site-packages/airflow/example_dags/example_skip_dag.py
[2025-08-26T04:33:26.082+0000] {processor.py:830} INFO - Processing file /home/airflow/.local/lib/python3.12/site-packages/airflow/example_dags/example_skip_dag.py for tasks to queue
[2025-08-26T04:33:26.090+0000] {logging_mixin.py:188} INFO - [2025-08-26T04:33:26.089+0000] {dagbag.py:545} INFO - Filling up the DagBag from /home/airflow/.local/lib/python3.12/site-packages/airflow/example_dags/example_skip_dag.py
[2025-08-26T04:33:26.201+0000] {processor.py:840} INFO - DAG(s) 'example_skip_dag' retrieved from /home/airflow/.local/lib/python3.12/site-packages/airflow/example_dags/example_skip_dag.py
[2025-08-26T04:33:26.309+0000] {logging_mixin.py:188} INFO - [2025-08-26T04:33:26.307+0000] {dag.py:3096} INFO - Sync 1 DAGs
[2025-08-26T04:33:26.430+0000] {logging_mixin.py:188} INFO - [2025-08-26T04:33:26.429+0000] {dag.py:3954} INFO - Setting next_dagrun for example_skip_dag to 2025-08-25 00:00:00+00:00, run_after=2025-08-26 00:00:00+00:00
[2025-08-26T04:33:26.605+0000] {processor.py:183} INFO - Processing /home/airflow/.local/lib/python3.12/site-packages/airflow/example_dags/example_skip_dag.py took 0.590 seconds
[2025-08-26T04:33:56.940+0000] {processor.py:161} INFO - Started process (PID=1925) to work on /home/airflow/.local/lib/python3.12/site-packages/airflow/example_dags/example_skip_dag.py
[2025-08-26T04:33:56.959+0000] {processor.py:830} INFO - Processing file /home/airflow/.local/lib/python3.12/site-packages/airflow/example_dags/example_skip_dag.py for tasks to queue
[2025-08-26T04:33:56.976+0000] {logging_mixin.py:188} INFO - [2025-08-26T04:33:56.966+0000] {dagbag.py:545} INFO - Filling up the DagBag from /home/airflow/.local/lib/python3.12/site-packages/airflow/example_dags/example_skip_dag.py
[2025-08-26T04:33:57.025+0000] {processor.py:840} INFO - DAG(s) 'example_skip_dag' retrieved from /home/airflow/.local/lib/python3.12/site-packages/airflow/example_dags/example_skip_dag.py
[2025-08-26T04:33:57.232+0000] {logging_mixin.py:188} INFO - [2025-08-26T04:33:57.231+0000] {dag.py:3096} INFO - Sync 1 DAGs
[2025-08-26T04:33:57.371+0000] {logging_mixin.py:188} INFO - [2025-08-26T04:33:57.370+0000] {dag.py:3954} INFO - Setting next_dagrun for example_skip_dag to 2025-08-25 00:00:00+00:00, run_after=2025-08-26 00:00:00+00:00
[2025-08-26T04:33:57.566+0000] {processor.py:183} INFO - Processing /home/airflow/.local/lib/python3.12/site-packages/airflow/example_dags/example_skip_dag.py took 0.670 seconds
[2025-08-26T04:34:28.008+0000] {processor.py:161} INFO - Started process (PID=2185) to work on /home/airflow/.local/lib/python3.12/site-packages/airflow/example_dags/example_skip_dag.py
[2025-08-26T04:34:28.012+0000] {processor.py:830} INFO - Processing file /home/airflow/.local/lib/python3.12/site-packages/airflow/example_dags/example_skip_dag.py for tasks to queue
[2025-08-26T04:34:28.023+0000] {logging_mixin.py:188} INFO - [2025-08-26T04:34:28.021+0000] {dagbag.py:545} INFO - Filling up the DagBag from /home/airflow/.local/lib/python3.12/site-packages/airflow/example_dags/example_skip_dag.py
[2025-08-26T04:34:28.063+0000] {processor.py:840} INFO - DAG(s) 'example_skip_dag' retrieved from /home/airflow/.local/lib/python3.12/site-packages/airflow/example_dags/example_skip_dag.py
[2025-08-26T04:34:28.407+0000] {logging_mixin.py:188} INFO - [2025-08-26T04:34:28.406+0000] {dag.py:3096} INFO - Sync 1 DAGs
[2025-08-26T04:34:28.683+0000] {logging_mixin.py:188} INFO - [2025-08-26T04:34:28.682+0000] {dag.py:3954} INFO - Setting next_dagrun for example_skip_dag to 2025-08-25 00:00:00+00:00, run_after=2025-08-26 00:00:00+00:00
[2025-08-26T04:34:28.926+0000] {processor.py:183} INFO - Processing /home/airflow/.local/lib/python3.12/site-packages/airflow/example_dags/example_skip_dag.py took 0.960 seconds
[2025-08-26T04:34:59.421+0000] {processor.py:161} INFO - Started process (PID=2453) to work on /home/airflow/.local/lib/python3.12/site-packages/airflow/example_dags/example_skip_dag.py
[2025-08-26T04:34:59.424+0000] {processor.py:830} INFO - Processing file /home/airflow/.local/lib/python3.12/site-packages/airflow/example_dags/example_skip_dag.py for tasks to queue
[2025-08-26T04:34:59.429+0000] {logging_mixin.py:188} INFO - [2025-08-26T04:34:59.428+0000] {dagbag.py:545} INFO - Filling up the DagBag from /home/airflow/.local/lib/python3.12/site-packages/airflow/example_dags/example_skip_dag.py
[2025-08-26T04:34:59.449+0000] {processor.py:840} INFO - DAG(s) 'example_skip_dag' retrieved from /home/airflow/.local/lib/python3.12/site-packages/airflow/example_dags/example_skip_dag.py
[2025-08-26T04:34:59.511+0000] {logging_mixin.py:188} INFO - [2025-08-26T04:34:59.510+0000] {dag.py:3096} INFO - Sync 1 DAGs
[2025-08-26T04:34:59.606+0000] {logging_mixin.py:188} INFO - [2025-08-26T04:34:59.605+0000] {dag.py:3954} INFO - Setting next_dagrun for example_skip_dag to 2025-08-25 00:00:00+00:00, run_after=2025-08-26 00:00:00+00:00
[2025-08-26T04:34:59.684+0000] {processor.py:183} INFO - Processing /home/airflow/.local/lib/python3.12/site-packages/airflow/example_dags/example_skip_dag.py took 0.287 seconds
[2025-08-26T04:35:32.503+0000] {processor.py:161} INFO - Started process (PID=2713) to work on /home/airflow/.local/lib/python3.12/site-packages/airflow/example_dags/example_skip_dag.py
[2025-08-26T04:35:32.520+0000] {processor.py:830} INFO - Processing file /home/airflow/.local/lib/python3.12/site-packages/airflow/example_dags/example_skip_dag.py for tasks to queue
[2025-08-26T04:35:32.552+0000] {logging_mixin.py:188} INFO - [2025-08-26T04:35:32.547+0000] {dagbag.py:545} INFO - Filling up the DagBag from /home/airflow/.local/lib/python3.12/site-packages/airflow/example_dags/example_skip_dag.py
[2025-08-26T04:35:32.618+0000] {processor.py:840} INFO - DAG(s) 'example_skip_dag' retrieved from /home/airflow/.local/lib/python3.12/site-packages/airflow/example_dags/example_skip_dag.py
[2025-08-26T04:35:32.816+0000] {logging_mixin.py:188} INFO - [2025-08-26T04:35:32.814+0000] {dag.py:3096} INFO - Sync 1 DAGs
[2025-08-26T04:35:33.045+0000] {logging_mixin.py:188} INFO - [2025-08-26T04:35:33.045+0000] {dag.py:3954} INFO - Setting next_dagrun for example_skip_dag to 2025-08-25 00:00:00+00:00, run_after=2025-08-26 00:00:00+00:00
[2025-08-26T04:35:33.229+0000] {processor.py:183} INFO - Processing /home/airflow/.local/lib/python3.12/site-packages/airflow/example_dags/example_skip_dag.py took 0.945 seconds
[2025-08-26T04:36:04.022+0000] {processor.py:161} INFO - Started process (PID=2971) to work on /home/airflow/.local/lib/python3.12/site-packages/airflow/example_dags/example_skip_dag.py
[2025-08-26T04:36:04.035+0000] {processor.py:830} INFO - Processing file /home/airflow/.local/lib/python3.12/site-packages/airflow/example_dags/example_skip_dag.py for tasks to queue
[2025-08-26T04:36:04.042+0000] {logging_mixin.py:188} INFO - [2025-08-26T04:36:04.041+0000] {dagbag.py:545} INFO - Filling up the DagBag from /home/airflow/.local/lib/python3.12/site-packages/airflow/example_dags/example_skip_dag.py
[2025-08-26T04:36:04.076+0000] {processor.py:840} INFO - DAG(s) 'example_skip_dag' retrieved from /home/airflow/.local/lib/python3.12/site-packages/airflow/example_dags/example_skip_dag.py
[2025-08-26T04:36:04.174+0000] {logging_mixin.py:188} INFO - [2025-08-26T04:36:04.174+0000] {dag.py:3096} INFO - Sync 1 DAGs
[2025-08-26T04:36:04.265+0000] {logging_mixin.py:188} INFO - [2025-08-26T04:36:04.264+0000] {dag.py:3954} INFO - Setting next_dagrun for example_skip_dag to 2025-08-25 00:00:00+00:00, run_after=2025-08-26 00:00:00+00:00
[2025-08-26T04:36:04.341+0000] {processor.py:183} INFO - Processing /home/airflow/.local/lib/python3.12/site-packages/airflow/example_dags/example_skip_dag.py took 0.399 seconds
[2025-08-26T04:36:34.551+0000] {processor.py:161} INFO - Started process (PID=3234) to work on /home/airflow/.local/lib/python3.12/site-packages/airflow/example_dags/example_skip_dag.py
[2025-08-26T04:36:34.554+0000] {processor.py:830} INFO - Processing file /home/airflow/.local/lib/python3.12/site-packages/airflow/example_dags/example_skip_dag.py for tasks to queue
[2025-08-26T04:36:34.561+0000] {logging_mixin.py:188} INFO - [2025-08-26T04:36:34.560+0000] {dagbag.py:545} INFO - Filling up the DagBag from /home/airflow/.local/lib/python3.12/site-packages/airflow/example_dags/example_skip_dag.py
[2025-08-26T04:36:34.586+0000] {processor.py:840} INFO - DAG(s) 'example_skip_dag' retrieved from /home/airflow/.local/lib/python3.12/site-packages/airflow/example_dags/example_skip_dag.py
[2025-08-26T04:36:34.769+0000] {logging_mixin.py:188} INFO - [2025-08-26T04:36:34.768+0000] {dag.py:3096} INFO - Sync 1 DAGs
[2025-08-26T04:36:34.943+0000] {logging_mixin.py:188} INFO - [2025-08-26T04:36:34.943+0000] {dag.py:3954} INFO - Setting next_dagrun for example_skip_dag to 2025-08-25 00:00:00+00:00, run_after=2025-08-26 00:00:00+00:00
[2025-08-26T04:36:35.031+0000] {processor.py:183} INFO - Processing /home/airflow/.local/lib/python3.12/site-packages/airflow/example_dags/example_skip_dag.py took 0.502 seconds
[2025-08-26T04:37:05.373+0000] {processor.py:161} INFO - Started process (PID=3496) to work on /home/airflow/.local/lib/python3.12/site-packages/airflow/example_dags/example_skip_dag.py
[2025-08-26T04:37:05.376+0000] {processor.py:830} INFO - Processing file /home/airflow/.local/lib/python3.12/site-packages/airflow/example_dags/example_skip_dag.py for tasks to queue
[2025-08-26T04:37:05.380+0000] {logging_mixin.py:188} INFO - [2025-08-26T04:37:05.379+0000] {dagbag.py:545} INFO - Filling up the DagBag from /home/airflow/.local/lib/python3.12/site-packages/airflow/example_dags/example_skip_dag.py
[2025-08-26T04:37:05.400+0000] {processor.py:840} INFO - DAG(s) 'example_skip_dag' retrieved from /home/airflow/.local/lib/python3.12/site-packages/airflow/example_dags/example_skip_dag.py
[2025-08-26T04:37:05.471+0000] {logging_mixin.py:188} INFO - [2025-08-26T04:37:05.470+0000] {dag.py:3096} INFO - Sync 1 DAGs
[2025-08-26T04:37:05.546+0000] {logging_mixin.py:188} INFO - [2025-08-26T04:37:05.545+0000] {dag.py:3954} INFO - Setting next_dagrun for example_skip_dag to 2025-08-25 00:00:00+00:00, run_after=2025-08-26 00:00:00+00:00
[2025-08-26T04:37:05.593+0000] {processor.py:183} INFO - Processing /home/airflow/.local/lib/python3.12/site-packages/airflow/example_dags/example_skip_dag.py took 0.236 seconds
[2025-08-26T04:37:38.085+0000] {processor.py:161} INFO - Started process (PID=3750) to work on /home/airflow/.local/lib/python3.12/site-packages/airflow/example_dags/example_skip_dag.py
[2025-08-26T04:37:38.088+0000] {processor.py:830} INFO - Processing file /home/airflow/.local/lib/python3.12/site-packages/airflow/example_dags/example_skip_dag.py for tasks to queue
[2025-08-26T04:37:38.099+0000] {logging_mixin.py:188} INFO - [2025-08-26T04:37:38.095+0000] {dagbag.py:545} INFO - Filling up the DagBag from /home/airflow/.local/lib/python3.12/site-packages/airflow/example_dags/example_skip_dag.py
[2025-08-26T04:37:38.143+0000] {processor.py:840} INFO - DAG(s) 'example_skip_dag' retrieved from /home/airflow/.local/lib/python3.12/site-packages/airflow/example_dags/example_skip_dag.py
[2025-08-26T04:37:38.271+0000] {logging_mixin.py:188} INFO - [2025-08-26T04:37:38.270+0000] {dag.py:3096} INFO - Sync 1 DAGs
[2025-08-26T04:37:38.450+0000] {logging_mixin.py:188} INFO - [2025-08-26T04:37:38.449+0000] {dag.py:3954} INFO - Setting next_dagrun for example_skip_dag to 2025-08-25 00:00:00+00:00, run_after=2025-08-26 00:00:00+00:00
[2025-08-26T04:37:38.646+0000] {processor.py:183} INFO - Processing /home/airflow/.local/lib/python3.12/site-packages/airflow/example_dags/example_skip_dag.py took 0.595 seconds
[2025-08-26T04:38:10.587+0000] {processor.py:161} INFO - Started process (PID=4012) to work on /home/airflow/.local/lib/python3.12/site-packages/airflow/example_dags/example_skip_dag.py
[2025-08-26T04:38:10.590+0000] {processor.py:830} INFO - Processing file /home/airflow/.local/lib/python3.12/site-packages/airflow/example_dags/example_skip_dag.py for tasks to queue
[2025-08-26T04:38:10.619+0000] {logging_mixin.py:188} INFO - [2025-08-26T04:38:10.618+0000] {dagbag.py:545} INFO - Filling up the DagBag from /home/airflow/.local/lib/python3.12/site-packages/airflow/example_dags/example_skip_dag.py
[2025-08-26T04:38:10.689+0000] {processor.py:840} INFO - DAG(s) 'example_skip_dag' retrieved from /home/airflow/.local/lib/python3.12/site-packages/airflow/example_dags/example_skip_dag.py
[2025-08-26T04:38:10.803+0000] {logging_mixin.py:188} INFO - [2025-08-26T04:38:10.802+0000] {dag.py:3096} INFO - Sync 1 DAGs
[2025-08-26T04:38:11.024+0000] {logging_mixin.py:188} INFO - [2025-08-26T04:38:11.012+0000] {dag.py:3954} INFO - Setting next_dagrun for example_skip_dag to 2025-08-25 00:00:00+00:00, run_after=2025-08-26 00:00:00+00:00
[2025-08-26T04:38:11.251+0000] {processor.py:183} INFO - Processing /home/airflow/.local/lib/python3.12/site-packages/airflow/example_dags/example_skip_dag.py took 0.739 seconds
[2025-08-26T04:38:42.496+0000] {processor.py:161} INFO - Started process (PID=4279) to work on /home/airflow/.local/lib/python3.12/site-packages/airflow/example_dags/example_skip_dag.py
[2025-08-26T04:38:42.514+0000] {processor.py:830} INFO - Processing file /home/airflow/.local/lib/python3.12/site-packages/airflow/example_dags/example_skip_dag.py for tasks to queue
[2025-08-26T04:38:42.534+0000] {logging_mixin.py:188} INFO - [2025-08-26T04:38:42.522+0000] {dagbag.py:545} INFO - Filling up the DagBag from /home/airflow/.local/lib/python3.12/site-packages/airflow/example_dags/example_skip_dag.py
[2025-08-26T04:38:42.709+0000] {processor.py:840} INFO - DAG(s) 'example_skip_dag' retrieved from /home/airflow/.local/lib/python3.12/site-packages/airflow/example_dags/example_skip_dag.py
[2025-08-26T04:38:43.019+0000] {logging_mixin.py:188} INFO - [2025-08-26T04:38:43.019+0000] {dag.py:3096} INFO - Sync 1 DAGs
[2025-08-26T04:38:43.185+0000] {logging_mixin.py:188} INFO - [2025-08-26T04:38:43.184+0000] {dag.py:3954} INFO - Setting next_dagrun for example_skip_dag to 2025-08-25 00:00:00+00:00, run_after=2025-08-26 00:00:00+00:00
[2025-08-26T04:38:43.304+0000] {processor.py:183} INFO - Processing /home/airflow/.local/lib/python3.12/site-packages/airflow/example_dags/example_skip_dag.py took 0.905 seconds
[2025-08-26T04:39:15.216+0000] {processor.py:161} INFO - Started process (PID=4541) to work on /home/airflow/.local/lib/python3.12/site-packages/airflow/example_dags/example_skip_dag.py
[2025-08-26T04:39:15.233+0000] {processor.py:830} INFO - Processing file /home/airflow/.local/lib/python3.12/site-packages/airflow/example_dags/example_skip_dag.py for tasks to queue
[2025-08-26T04:39:15.260+0000] {logging_mixin.py:188} INFO - [2025-08-26T04:39:15.259+0000] {dagbag.py:545} INFO - Filling up the DagBag from /home/airflow/.local/lib/python3.12/site-packages/airflow/example_dags/example_skip_dag.py
[2025-08-26T04:39:15.315+0000] {processor.py:840} INFO - DAG(s) 'example_skip_dag' retrieved from /home/airflow/.local/lib/python3.12/site-packages/airflow/example_dags/example_skip_dag.py
[2025-08-26T04:39:15.514+0000] {logging_mixin.py:188} INFO - [2025-08-26T04:39:15.514+0000] {dag.py:3096} INFO - Sync 1 DAGs
[2025-08-26T04:39:15.641+0000] {logging_mixin.py:188} INFO - [2025-08-26T04:39:15.640+0000] {dag.py:3954} INFO - Setting next_dagrun for example_skip_dag to 2025-08-25 00:00:00+00:00, run_after=2025-08-26 00:00:00+00:00
[2025-08-26T04:39:15.761+0000] {processor.py:183} INFO - Processing /home/airflow/.local/lib/python3.12/site-packages/airflow/example_dags/example_skip_dag.py took 0.588 seconds
[2025-08-26T04:40:00.955+0000] {processor.py:161} INFO - Started process (PID=4829) to work on /home/airflow/.local/lib/python3.12/site-packages/airflow/example_dags/example_skip_dag.py
[2025-08-26T04:40:00.973+0000] {processor.py:830} INFO - Processing file /home/airflow/.local/lib/python3.12/site-packages/airflow/example_dags/example_skip_dag.py for tasks to queue
[2025-08-26T04:40:00.991+0000] {logging_mixin.py:188} INFO - [2025-08-26T04:40:00.990+0000] {dagbag.py:545} INFO - Filling up the DagBag from /home/airflow/.local/lib/python3.12/site-packages/airflow/example_dags/example_skip_dag.py
[2025-08-26T04:40:01.061+0000] {processor.py:840} INFO - DAG(s) 'example_skip_dag' retrieved from /home/airflow/.local/lib/python3.12/site-packages/airflow/example_dags/example_skip_dag.py
[2025-08-26T04:40:01.305+0000] {logging_mixin.py:188} INFO - [2025-08-26T04:40:01.304+0000] {dag.py:3096} INFO - Sync 1 DAGs
[2025-08-26T04:40:01.557+0000] {logging_mixin.py:188} INFO - [2025-08-26T04:40:01.551+0000] {dag.py:3954} INFO - Setting next_dagrun for example_skip_dag to 2025-08-25 00:00:00+00:00, run_after=2025-08-26 00:00:00+00:00
[2025-08-26T04:40:01.760+0000] {processor.py:183} INFO - Processing /home/airflow/.local/lib/python3.12/site-packages/airflow/example_dags/example_skip_dag.py took 0.856 seconds
[2025-08-26T04:40:39.450+0000] {processor.py:161} INFO - Started process (PID=5093) to work on /home/airflow/.local/lib/python3.12/site-packages/airflow/example_dags/example_skip_dag.py
[2025-08-26T04:40:39.458+0000] {processor.py:830} INFO - Processing file /home/airflow/.local/lib/python3.12/site-packages/airflow/example_dags/example_skip_dag.py for tasks to queue
[2025-08-26T04:40:39.467+0000] {logging_mixin.py:188} INFO - [2025-08-26T04:40:39.465+0000] {dagbag.py:545} INFO - Filling up the DagBag from /home/airflow/.local/lib/python3.12/site-packages/airflow/example_dags/example_skip_dag.py
[2025-08-26T04:40:39.502+0000] {processor.py:840} INFO - DAG(s) 'example_skip_dag' retrieved from /home/airflow/.local/lib/python3.12/site-packages/airflow/example_dags/example_skip_dag.py
[2025-08-26T04:40:39.620+0000] {logging_mixin.py:188} INFO - [2025-08-26T04:40:39.619+0000] {dag.py:3096} INFO - Sync 1 DAGs
[2025-08-26T04:40:39.758+0000] {logging_mixin.py:188} INFO - [2025-08-26T04:40:39.758+0000] {dag.py:3954} INFO - Setting next_dagrun for example_skip_dag to 2025-08-25 00:00:00+00:00, run_after=2025-08-26 00:00:00+00:00
[2025-08-26T04:40:39.876+0000] {processor.py:183} INFO - Processing /home/airflow/.local/lib/python3.12/site-packages/airflow/example_dags/example_skip_dag.py took 0.457 seconds
[2025-08-26T04:41:10.121+0000] {processor.py:161} INFO - Started process (PID=5353) to work on /home/airflow/.local/lib/python3.12/site-packages/airflow/example_dags/example_skip_dag.py
[2025-08-26T04:41:10.125+0000] {processor.py:830} INFO - Processing file /home/airflow/.local/lib/python3.12/site-packages/airflow/example_dags/example_skip_dag.py for tasks to queue
[2025-08-26T04:41:10.133+0000] {logging_mixin.py:188} INFO - [2025-08-26T04:41:10.131+0000] {dagbag.py:545} INFO - Filling up the DagBag from /home/airflow/.local/lib/python3.12/site-packages/airflow/example_dags/example_skip_dag.py
[2025-08-26T04:41:10.197+0000] {processor.py:840} INFO - DAG(s) 'example_skip_dag' retrieved from /home/airflow/.local/lib/python3.12/site-packages/airflow/example_dags/example_skip_dag.py
[2025-08-26T04:41:10.396+0000] {logging_mixin.py:188} INFO - [2025-08-26T04:41:10.395+0000] {dag.py:3096} INFO - Sync 1 DAGs
[2025-08-26T04:41:10.508+0000] {logging_mixin.py:188} INFO - [2025-08-26T04:41:10.506+0000] {dag.py:3954} INFO - Setting next_dagrun for example_skip_dag to 2025-08-25 00:00:00+00:00, run_after=2025-08-26 00:00:00+00:00
[2025-08-26T04:41:10.674+0000] {processor.py:183} INFO - Processing /home/airflow/.local/lib/python3.12/site-packages/airflow/example_dags/example_skip_dag.py took 0.595 seconds
[2025-08-26T04:41:45.192+0000] {processor.py:161} INFO - Started process (PID=5609) to work on /home/airflow/.local/lib/python3.12/site-packages/airflow/example_dags/example_skip_dag.py
[2025-08-26T04:41:45.196+0000] {processor.py:830} INFO - Processing file /home/airflow/.local/lib/python3.12/site-packages/airflow/example_dags/example_skip_dag.py for tasks to queue
[2025-08-26T04:41:45.208+0000] {logging_mixin.py:188} INFO - [2025-08-26T04:41:45.206+0000] {dagbag.py:545} INFO - Filling up the DagBag from /home/airflow/.local/lib/python3.12/site-packages/airflow/example_dags/example_skip_dag.py
[2025-08-26T04:41:45.246+0000] {processor.py:840} INFO - DAG(s) 'example_skip_dag' retrieved from /home/airflow/.local/lib/python3.12/site-packages/airflow/example_dags/example_skip_dag.py
[2025-08-26T04:41:45.363+0000] {logging_mixin.py:188} INFO - [2025-08-26T04:41:45.362+0000] {dag.py:3096} INFO - Sync 1 DAGs
[2025-08-26T04:41:45.474+0000] {logging_mixin.py:188} INFO - [2025-08-26T04:41:45.472+0000] {dag.py:3954} INFO - Setting next_dagrun for example_skip_dag to 2025-08-25 00:00:00+00:00, run_after=2025-08-26 00:00:00+00:00
[2025-08-26T04:41:45.603+0000] {processor.py:183} INFO - Processing /home/airflow/.local/lib/python3.12/site-packages/airflow/example_dags/example_skip_dag.py took 0.436 seconds
[2025-08-26T04:42:26.114+0000] {processor.py:161} INFO - Started process (PID=5861) to work on /home/airflow/.local/lib/python3.12/site-packages/airflow/example_dags/example_skip_dag.py
[2025-08-26T04:42:26.119+0000] {processor.py:830} INFO - Processing file /home/airflow/.local/lib/python3.12/site-packages/airflow/example_dags/example_skip_dag.py for tasks to queue
[2025-08-26T04:42:26.142+0000] {logging_mixin.py:188} INFO - [2025-08-26T04:42:26.141+0000] {dagbag.py:545} INFO - Filling up the DagBag from /home/airflow/.local/lib/python3.12/site-packages/airflow/example_dags/example_skip_dag.py
[2025-08-26T04:42:26.248+0000] {processor.py:840} INFO - DAG(s) 'example_skip_dag' retrieved from /home/airflow/.local/lib/python3.12/site-packages/airflow/example_dags/example_skip_dag.py
[2025-08-26T04:42:26.476+0000] {logging_mixin.py:188} INFO - [2025-08-26T04:42:26.476+0000] {dag.py:3096} INFO - Sync 1 DAGs
[2025-08-26T04:42:26.867+0000] {logging_mixin.py:188} INFO - [2025-08-26T04:42:26.866+0000] {dag.py:3954} INFO - Setting next_dagrun for example_skip_dag to 2025-08-25 00:00:00+00:00, run_after=2025-08-26 00:00:00+00:00
[2025-08-26T04:42:27.014+0000] {processor.py:183} INFO - Processing /home/airflow/.local/lib/python3.12/site-packages/airflow/example_dags/example_skip_dag.py took 0.959 seconds
[2025-08-26T04:43:00.967+0000] {processor.py:161} INFO - Started process (PID=6123) to work on /home/airflow/.local/lib/python3.12/site-packages/airflow/example_dags/example_skip_dag.py
[2025-08-26T04:43:00.987+0000] {processor.py:830} INFO - Processing file /home/airflow/.local/lib/python3.12/site-packages/airflow/example_dags/example_skip_dag.py for tasks to queue
[2025-08-26T04:43:01.002+0000] {logging_mixin.py:188} INFO - [2025-08-26T04:43:01.000+0000] {dagbag.py:545} INFO - Filling up the DagBag from /home/airflow/.local/lib/python3.12/site-packages/airflow/example_dags/example_skip_dag.py
[2025-08-26T04:43:01.044+0000] {processor.py:840} INFO - DAG(s) 'example_skip_dag' retrieved from /home/airflow/.local/lib/python3.12/site-packages/airflow/example_dags/example_skip_dag.py
[2025-08-26T04:43:01.192+0000] {logging_mixin.py:188} INFO - [2025-08-26T04:43:01.191+0000] {dag.py:3096} INFO - Sync 1 DAGs
[2025-08-26T04:43:01.574+0000] {logging_mixin.py:188} INFO - [2025-08-26T04:43:01.573+0000] {dag.py:3954} INFO - Setting next_dagrun for example_skip_dag to 2025-08-25 00:00:00+00:00, run_after=2025-08-26 00:00:00+00:00
[2025-08-26T04:43:01.685+0000] {processor.py:183} INFO - Processing /home/airflow/.local/lib/python3.12/site-packages/airflow/example_dags/example_skip_dag.py took 0.750 seconds
[2025-08-26T04:43:35.998+0000] {processor.py:161} INFO - Started process (PID=6385) to work on /home/airflow/.local/lib/python3.12/site-packages/airflow/example_dags/example_skip_dag.py
[2025-08-26T04:43:36.014+0000] {processor.py:830} INFO - Processing file /home/airflow/.local/lib/python3.12/site-packages/airflow/example_dags/example_skip_dag.py for tasks to queue
[2025-08-26T04:43:36.032+0000] {logging_mixin.py:188} INFO - [2025-08-26T04:43:36.031+0000] {dagbag.py:545} INFO - Filling up the DagBag from /home/airflow/.local/lib/python3.12/site-packages/airflow/example_dags/example_skip_dag.py
[2025-08-26T04:43:36.197+0000] {processor.py:840} INFO - DAG(s) 'example_skip_dag' retrieved from /home/airflow/.local/lib/python3.12/site-packages/airflow/example_dags/example_skip_dag.py
[2025-08-26T04:43:36.656+0000] {logging_mixin.py:188} INFO - [2025-08-26T04:43:36.655+0000] {dag.py:3096} INFO - Sync 1 DAGs
[2025-08-26T04:43:37.119+0000] {logging_mixin.py:188} INFO - [2025-08-26T04:43:37.119+0000] {dag.py:3954} INFO - Setting next_dagrun for example_skip_dag to 2025-08-25 00:00:00+00:00, run_after=2025-08-26 00:00:00+00:00
[2025-08-26T04:43:37.491+0000] {processor.py:183} INFO - Processing /home/airflow/.local/lib/python3.12/site-packages/airflow/example_dags/example_skip_dag.py took 1.651 seconds
[2025-08-26T04:44:14.614+0000] {processor.py:161} INFO - Started process (PID=6653) to work on /home/airflow/.local/lib/python3.12/site-packages/airflow/example_dags/example_skip_dag.py
[2025-08-26T04:44:14.618+0000] {processor.py:830} INFO - Processing file /home/airflow/.local/lib/python3.12/site-packages/airflow/example_dags/example_skip_dag.py for tasks to queue
[2025-08-26T04:44:14.629+0000] {logging_mixin.py:188} INFO - [2025-08-26T04:44:14.626+0000] {dagbag.py:545} INFO - Filling up the DagBag from /home/airflow/.local/lib/python3.12/site-packages/airflow/example_dags/example_skip_dag.py
[2025-08-26T04:44:14.658+0000] {processor.py:840} INFO - DAG(s) 'example_skip_dag' retrieved from /home/airflow/.local/lib/python3.12/site-packages/airflow/example_dags/example_skip_dag.py
[2025-08-26T04:44:14.770+0000] {logging_mixin.py:188} INFO - [2025-08-26T04:44:14.769+0000] {dag.py:3096} INFO - Sync 1 DAGs
[2025-08-26T04:44:14.889+0000] {logging_mixin.py:188} INFO - [2025-08-26T04:44:14.888+0000] {dag.py:3954} INFO - Setting next_dagrun for example_skip_dag to 2025-08-25 00:00:00+00:00, run_after=2025-08-26 00:00:00+00:00
[2025-08-26T04:44:15.035+0000] {processor.py:183} INFO - Processing /home/airflow/.local/lib/python3.12/site-packages/airflow/example_dags/example_skip_dag.py took 0.456 seconds
[2025-08-26T04:44:47.356+0000] {processor.py:161} INFO - Started process (PID=6913) to work on /home/airflow/.local/lib/python3.12/site-packages/airflow/example_dags/example_skip_dag.py
[2025-08-26T04:44:47.364+0000] {processor.py:830} INFO - Processing file /home/airflow/.local/lib/python3.12/site-packages/airflow/example_dags/example_skip_dag.py for tasks to queue
[2025-08-26T04:44:47.378+0000] {logging_mixin.py:188} INFO - [2025-08-26T04:44:47.376+0000] {dagbag.py:545} INFO - Filling up the DagBag from /home/airflow/.local/lib/python3.12/site-packages/airflow/example_dags/example_skip_dag.py
[2025-08-26T04:44:47.454+0000] {processor.py:840} INFO - DAG(s) 'example_skip_dag' retrieved from /home/airflow/.local/lib/python3.12/site-packages/airflow/example_dags/example_skip_dag.py
[2025-08-26T04:44:47.581+0000] {logging_mixin.py:188} INFO - [2025-08-26T04:44:47.581+0000] {dag.py:3096} INFO - Sync 1 DAGs
[2025-08-26T04:44:47.717+0000] {logging_mixin.py:188} INFO - [2025-08-26T04:44:47.716+0000] {dag.py:3954} INFO - Setting next_dagrun for example_skip_dag to 2025-08-25 00:00:00+00:00, run_after=2025-08-26 00:00:00+00:00
[2025-08-26T04:44:47.818+0000] {processor.py:183} INFO - Processing /home/airflow/.local/lib/python3.12/site-packages/airflow/example_dags/example_skip_dag.py took 0.518 seconds
[2025-08-26T04:45:23.124+0000] {processor.py:161} INFO - Started process (PID=7169) to work on /home/airflow/.local/lib/python3.12/site-packages/airflow/example_dags/example_skip_dag.py
[2025-08-26T04:45:23.139+0000] {processor.py:830} INFO - Processing file /home/airflow/.local/lib/python3.12/site-packages/airflow/example_dags/example_skip_dag.py for tasks to queue
[2025-08-26T04:45:23.159+0000] {logging_mixin.py:188} INFO - [2025-08-26T04:45:23.158+0000] {dagbag.py:545} INFO - Filling up the DagBag from /home/airflow/.local/lib/python3.12/site-packages/airflow/example_dags/example_skip_dag.py
[2025-08-26T04:45:23.202+0000] {processor.py:840} INFO - DAG(s) 'example_skip_dag' retrieved from /home/airflow/.local/lib/python3.12/site-packages/airflow/example_dags/example_skip_dag.py
[2025-08-26T04:45:23.335+0000] {logging_mixin.py:188} INFO - [2025-08-26T04:45:23.335+0000] {dag.py:3096} INFO - Sync 1 DAGs
[2025-08-26T04:45:23.635+0000] {logging_mixin.py:188} INFO - [2025-08-26T04:45:23.619+0000] {dag.py:3954} INFO - Setting next_dagrun for example_skip_dag to 2025-08-25 00:00:00+00:00, run_after=2025-08-26 00:00:00+00:00
[2025-08-26T04:45:23.838+0000] {processor.py:183} INFO - Processing /home/airflow/.local/lib/python3.12/site-packages/airflow/example_dags/example_skip_dag.py took 0.780 seconds
[2025-08-26T04:46:02.111+0000] {processor.py:161} INFO - Started process (PID=7430) to work on /home/airflow/.local/lib/python3.12/site-packages/airflow/example_dags/example_skip_dag.py
[2025-08-26T04:46:02.114+0000] {processor.py:830} INFO - Processing file /home/airflow/.local/lib/python3.12/site-packages/airflow/example_dags/example_skip_dag.py for tasks to queue
[2025-08-26T04:46:02.129+0000] {logging_mixin.py:188} INFO - [2025-08-26T04:46:02.128+0000] {dagbag.py:545} INFO - Filling up the DagBag from /home/airflow/.local/lib/python3.12/site-packages/airflow/example_dags/example_skip_dag.py
[2025-08-26T04:46:02.175+0000] {processor.py:840} INFO - DAG(s) 'example_skip_dag' retrieved from /home/airflow/.local/lib/python3.12/site-packages/airflow/example_dags/example_skip_dag.py
[2025-08-26T04:46:02.341+0000] {logging_mixin.py:188} INFO - [2025-08-26T04:46:02.340+0000] {dag.py:3096} INFO - Sync 1 DAGs
[2025-08-26T04:46:02.504+0000] {logging_mixin.py:188} INFO - [2025-08-26T04:46:02.503+0000] {dag.py:3954} INFO - Setting next_dagrun for example_skip_dag to 2025-08-25 00:00:00+00:00, run_after=2025-08-26 00:00:00+00:00
[2025-08-26T04:46:02.785+0000] {processor.py:183} INFO - Processing /home/airflow/.local/lib/python3.12/site-packages/airflow/example_dags/example_skip_dag.py took 0.693 seconds
[2025-08-26T04:46:44.537+0000] {processor.py:161} INFO - Started process (PID=7707) to work on /home/airflow/.local/lib/python3.12/site-packages/airflow/example_dags/example_skip_dag.py
[2025-08-26T04:46:44.544+0000] {processor.py:830} INFO - Processing file /home/airflow/.local/lib/python3.12/site-packages/airflow/example_dags/example_skip_dag.py for tasks to queue
[2025-08-26T04:46:44.556+0000] {logging_mixin.py:188} INFO - [2025-08-26T04:46:44.554+0000] {dagbag.py:545} INFO - Filling up the DagBag from /home/airflow/.local/lib/python3.12/site-packages/airflow/example_dags/example_skip_dag.py
[2025-08-26T04:46:44.605+0000] {processor.py:840} INFO - DAG(s) 'example_skip_dag' retrieved from /home/airflow/.local/lib/python3.12/site-packages/airflow/example_dags/example_skip_dag.py
[2025-08-26T04:46:44.776+0000] {logging_mixin.py:188} INFO - [2025-08-26T04:46:44.774+0000] {dag.py:3096} INFO - Sync 1 DAGs
[2025-08-26T04:46:44.958+0000] {logging_mixin.py:188} INFO - [2025-08-26T04:46:44.957+0000] {dag.py:3954} INFO - Setting next_dagrun for example_skip_dag to 2025-08-25 00:00:00+00:00, run_after=2025-08-26 00:00:00+00:00
[2025-08-26T04:46:45.198+0000] {processor.py:183} INFO - Processing /home/airflow/.local/lib/python3.12/site-packages/airflow/example_dags/example_skip_dag.py took 0.734 seconds
[2025-08-26T04:47:18.151+0000] {processor.py:161} INFO - Started process (PID=7969) to work on /home/airflow/.local/lib/python3.12/site-packages/airflow/example_dags/example_skip_dag.py
[2025-08-26T04:47:18.154+0000] {processor.py:830} INFO - Processing file /home/airflow/.local/lib/python3.12/site-packages/airflow/example_dags/example_skip_dag.py for tasks to queue
[2025-08-26T04:47:18.167+0000] {logging_mixin.py:188} INFO - [2025-08-26T04:47:18.164+0000] {dagbag.py:545} INFO - Filling up the DagBag from /home/airflow/.local/lib/python3.12/site-packages/airflow/example_dags/example_skip_dag.py
[2025-08-26T04:47:18.230+0000] {processor.py:840} INFO - DAG(s) 'example_skip_dag' retrieved from /home/airflow/.local/lib/python3.12/site-packages/airflow/example_dags/example_skip_dag.py
[2025-08-26T04:47:18.365+0000] {logging_mixin.py:188} INFO - [2025-08-26T04:47:18.365+0000] {dag.py:3096} INFO - Sync 1 DAGs
[2025-08-26T04:47:18.560+0000] {logging_mixin.py:188} INFO - [2025-08-26T04:47:18.559+0000] {dag.py:3954} INFO - Setting next_dagrun for example_skip_dag to 2025-08-25 00:00:00+00:00, run_after=2025-08-26 00:00:00+00:00
[2025-08-26T04:47:18.700+0000] {processor.py:183} INFO - Processing /home/airflow/.local/lib/python3.12/site-packages/airflow/example_dags/example_skip_dag.py took 0.586 seconds
[2025-08-26T04:49:40.716+0000] {processor.py:161} INFO - Started process (PID=323) to work on /home/airflow/.local/lib/python3.12/site-packages/airflow/example_dags/example_skip_dag.py
[2025-08-26T04:49:40.732+0000] {processor.py:830} INFO - Processing file /home/airflow/.local/lib/python3.12/site-packages/airflow/example_dags/example_skip_dag.py for tasks to queue
[2025-08-26T04:49:40.744+0000] {logging_mixin.py:188} INFO - [2025-08-26T04:49:40.743+0000] {dagbag.py:545} INFO - Filling up the DagBag from /home/airflow/.local/lib/python3.12/site-packages/airflow/example_dags/example_skip_dag.py
[2025-08-26T04:49:40.829+0000] {processor.py:840} INFO - DAG(s) 'example_skip_dag' retrieved from /home/airflow/.local/lib/python3.12/site-packages/airflow/example_dags/example_skip_dag.py
[2025-08-26T04:49:41.760+0000] {logging_mixin.py:188} INFO - [2025-08-26T04:49:41.759+0000] {dag.py:3096} INFO - Sync 1 DAGs
[2025-08-26T04:49:41.988+0000] {logging_mixin.py:188} INFO - [2025-08-26T04:49:41.986+0000] {dag.py:3954} INFO - Setting next_dagrun for example_skip_dag to 2025-08-25 00:00:00+00:00, run_after=2025-08-26 00:00:00+00:00
[2025-08-26T04:49:42.166+0000] {processor.py:183} INFO - Processing /home/airflow/.local/lib/python3.12/site-packages/airflow/example_dags/example_skip_dag.py took 1.528 seconds
[2025-08-26T04:50:12.789+0000] {processor.py:161} INFO - Started process (PID=585) to work on /home/airflow/.local/lib/python3.12/site-packages/airflow/example_dags/example_skip_dag.py
[2025-08-26T04:50:12.805+0000] {processor.py:830} INFO - Processing file /home/airflow/.local/lib/python3.12/site-packages/airflow/example_dags/example_skip_dag.py for tasks to queue
[2025-08-26T04:50:12.826+0000] {logging_mixin.py:188} INFO - [2025-08-26T04:50:12.825+0000] {dagbag.py:545} INFO - Filling up the DagBag from /home/airflow/.local/lib/python3.12/site-packages/airflow/example_dags/example_skip_dag.py
[2025-08-26T04:50:12.883+0000] {processor.py:840} INFO - DAG(s) 'example_skip_dag' retrieved from /home/airflow/.local/lib/python3.12/site-packages/airflow/example_dags/example_skip_dag.py
[2025-08-26T04:50:13.107+0000] {logging_mixin.py:188} INFO - [2025-08-26T04:50:13.101+0000] {dag.py:3096} INFO - Sync 1 DAGs
[2025-08-26T04:50:13.231+0000] {logging_mixin.py:188} INFO - [2025-08-26T04:50:13.231+0000] {dag.py:3954} INFO - Setting next_dagrun for example_skip_dag to 2025-08-25 00:00:00+00:00, run_after=2025-08-26 00:00:00+00:00
[2025-08-26T04:50:13.341+0000] {processor.py:183} INFO - Processing /home/airflow/.local/lib/python3.12/site-packages/airflow/example_dags/example_skip_dag.py took 0.645 seconds
[2025-08-26T04:50:44.695+0000] {processor.py:161} INFO - Started process (PID=847) to work on /home/airflow/.local/lib/python3.12/site-packages/airflow/example_dags/example_skip_dag.py
[2025-08-26T04:50:44.701+0000] {processor.py:830} INFO - Processing file /home/airflow/.local/lib/python3.12/site-packages/airflow/example_dags/example_skip_dag.py for tasks to queue
[2025-08-26T04:50:44.708+0000] {logging_mixin.py:188} INFO - [2025-08-26T04:50:44.707+0000] {dagbag.py:545} INFO - Filling up the DagBag from /home/airflow/.local/lib/python3.12/site-packages/airflow/example_dags/example_skip_dag.py
[2025-08-26T04:50:44.744+0000] {processor.py:840} INFO - DAG(s) 'example_skip_dag' retrieved from /home/airflow/.local/lib/python3.12/site-packages/airflow/example_dags/example_skip_dag.py
[2025-08-26T04:50:44.850+0000] {logging_mixin.py:188} INFO - [2025-08-26T04:50:44.850+0000] {dag.py:3096} INFO - Sync 1 DAGs
[2025-08-26T04:50:45.019+0000] {logging_mixin.py:188} INFO - [2025-08-26T04:50:45.018+0000] {dag.py:3954} INFO - Setting next_dagrun for example_skip_dag to 2025-08-25 00:00:00+00:00, run_after=2025-08-26 00:00:00+00:00
[2025-08-26T04:50:45.214+0000] {processor.py:183} INFO - Processing /home/airflow/.local/lib/python3.12/site-packages/airflow/example_dags/example_skip_dag.py took 0.555 seconds
[2025-08-26T04:51:20.426+0000] {processor.py:161} INFO - Started process (PID=1109) to work on /home/airflow/.local/lib/python3.12/site-packages/airflow/example_dags/example_skip_dag.py
[2025-08-26T04:51:20.430+0000] {processor.py:830} INFO - Processing file /home/airflow/.local/lib/python3.12/site-packages/airflow/example_dags/example_skip_dag.py for tasks to queue
[2025-08-26T04:51:20.455+0000] {logging_mixin.py:188} INFO - [2025-08-26T04:51:20.454+0000] {dagbag.py:545} INFO - Filling up the DagBag from /home/airflow/.local/lib/python3.12/site-packages/airflow/example_dags/example_skip_dag.py
[2025-08-26T04:51:20.522+0000] {processor.py:840} INFO - DAG(s) 'example_skip_dag' retrieved from /home/airflow/.local/lib/python3.12/site-packages/airflow/example_dags/example_skip_dag.py
[2025-08-26T04:51:20.695+0000] {logging_mixin.py:188} INFO - [2025-08-26T04:51:20.693+0000] {dag.py:3096} INFO - Sync 1 DAGs
[2025-08-26T04:51:20.891+0000] {logging_mixin.py:188} INFO - [2025-08-26T04:51:20.890+0000] {dag.py:3954} INFO - Setting next_dagrun for example_skip_dag to 2025-08-25 00:00:00+00:00, run_after=2025-08-26 00:00:00+00:00
[2025-08-26T04:51:21.051+0000] {processor.py:183} INFO - Processing /home/airflow/.local/lib/python3.12/site-packages/airflow/example_dags/example_skip_dag.py took 0.655 seconds
[2025-08-26T04:51:55.143+0000] {processor.py:161} INFO - Started process (PID=1371) to work on /home/airflow/.local/lib/python3.12/site-packages/airflow/example_dags/example_skip_dag.py
[2025-08-26T04:51:55.190+0000] {processor.py:830} INFO - Processing file /home/airflow/.local/lib/python3.12/site-packages/airflow/example_dags/example_skip_dag.py for tasks to queue
[2025-08-26T04:51:55.222+0000] {logging_mixin.py:188} INFO - [2025-08-26T04:51:55.221+0000] {dagbag.py:545} INFO - Filling up the DagBag from /home/airflow/.local/lib/python3.12/site-packages/airflow/example_dags/example_skip_dag.py
[2025-08-26T04:51:55.423+0000] {processor.py:840} INFO - DAG(s) 'example_skip_dag' retrieved from /home/airflow/.local/lib/python3.12/site-packages/airflow/example_dags/example_skip_dag.py
[2025-08-26T04:51:55.872+0000] {logging_mixin.py:188} INFO - [2025-08-26T04:51:55.871+0000] {dag.py:3096} INFO - Sync 1 DAGs
[2025-08-26T04:51:56.402+0000] {logging_mixin.py:188} INFO - [2025-08-26T04:51:56.401+0000] {dag.py:3954} INFO - Setting next_dagrun for example_skip_dag to 2025-08-25 00:00:00+00:00, run_after=2025-08-26 00:00:00+00:00
[2025-08-26T04:51:56.735+0000] {processor.py:183} INFO - Processing /home/airflow/.local/lib/python3.12/site-packages/airflow/example_dags/example_skip_dag.py took 1.720 seconds
[2025-08-26T04:52:38.235+0000] {processor.py:161} INFO - Started process (PID=1637) to work on /home/airflow/.local/lib/python3.12/site-packages/airflow/example_dags/example_skip_dag.py
[2025-08-26T04:52:38.265+0000] {processor.py:830} INFO - Processing file /home/airflow/.local/lib/python3.12/site-packages/airflow/example_dags/example_skip_dag.py for tasks to queue
[2025-08-26T04:52:38.297+0000] {logging_mixin.py:188} INFO - [2025-08-26T04:52:38.283+0000] {dagbag.py:545} INFO - Filling up the DagBag from /home/airflow/.local/lib/python3.12/site-packages/airflow/example_dags/example_skip_dag.py
[2025-08-26T04:52:38.368+0000] {processor.py:840} INFO - DAG(s) 'example_skip_dag' retrieved from /home/airflow/.local/lib/python3.12/site-packages/airflow/example_dags/example_skip_dag.py
[2025-08-26T04:52:38.667+0000] {logging_mixin.py:188} INFO - [2025-08-26T04:52:38.666+0000] {dag.py:3096} INFO - Sync 1 DAGs
[2025-08-26T04:52:39.177+0000] {logging_mixin.py:188} INFO - [2025-08-26T04:52:39.175+0000] {dag.py:3954} INFO - Setting next_dagrun for example_skip_dag to 2025-08-25 00:00:00+00:00, run_after=2025-08-26 00:00:00+00:00
[2025-08-26T04:52:39.646+0000] {processor.py:183} INFO - Processing /home/airflow/.local/lib/python3.12/site-packages/airflow/example_dags/example_skip_dag.py took 1.480 seconds
[2025-08-26T04:53:10.542+0000] {processor.py:161} INFO - Started process (PID=1898) to work on /home/airflow/.local/lib/python3.12/site-packages/airflow/example_dags/example_skip_dag.py
[2025-08-26T04:53:10.566+0000] {processor.py:830} INFO - Processing file /home/airflow/.local/lib/python3.12/site-packages/airflow/example_dags/example_skip_dag.py for tasks to queue
[2025-08-26T04:53:10.576+0000] {logging_mixin.py:188} INFO - [2025-08-26T04:53:10.575+0000] {dagbag.py:545} INFO - Filling up the DagBag from /home/airflow/.local/lib/python3.12/site-packages/airflow/example_dags/example_skip_dag.py
[2025-08-26T04:53:10.682+0000] {processor.py:840} INFO - DAG(s) 'example_skip_dag' retrieved from /home/airflow/.local/lib/python3.12/site-packages/airflow/example_dags/example_skip_dag.py
[2025-08-26T04:53:10.850+0000] {logging_mixin.py:188} INFO - [2025-08-26T04:53:10.849+0000] {dag.py:3096} INFO - Sync 1 DAGs
[2025-08-26T04:53:11.018+0000] {logging_mixin.py:188} INFO - [2025-08-26T04:53:11.017+0000] {dag.py:3954} INFO - Setting next_dagrun for example_skip_dag to 2025-08-25 00:00:00+00:00, run_after=2025-08-26 00:00:00+00:00
[2025-08-26T04:53:11.273+0000] {processor.py:183} INFO - Processing /home/airflow/.local/lib/python3.12/site-packages/airflow/example_dags/example_skip_dag.py took 0.834 seconds
[2025-08-26T04:53:43.385+0000] {processor.py:161} INFO - Started process (PID=2163) to work on /home/airflow/.local/lib/python3.12/site-packages/airflow/example_dags/example_skip_dag.py
[2025-08-26T04:53:43.397+0000] {processor.py:830} INFO - Processing file /home/airflow/.local/lib/python3.12/site-packages/airflow/example_dags/example_skip_dag.py for tasks to queue
[2025-08-26T04:53:43.415+0000] {logging_mixin.py:188} INFO - [2025-08-26T04:53:43.403+0000] {dagbag.py:545} INFO - Filling up the DagBag from /home/airflow/.local/lib/python3.12/site-packages/airflow/example_dags/example_skip_dag.py
[2025-08-26T04:53:43.456+0000] {processor.py:840} INFO - DAG(s) 'example_skip_dag' retrieved from /home/airflow/.local/lib/python3.12/site-packages/airflow/example_dags/example_skip_dag.py
[2025-08-26T04:53:43.655+0000] {logging_mixin.py:188} INFO - [2025-08-26T04:53:43.643+0000] {dag.py:3096} INFO - Sync 1 DAGs
[2025-08-26T04:53:43.882+0000] {logging_mixin.py:188} INFO - [2025-08-26T04:53:43.881+0000] {dag.py:3954} INFO - Setting next_dagrun for example_skip_dag to 2025-08-25 00:00:00+00:00, run_after=2025-08-26 00:00:00+00:00
[2025-08-26T04:53:44.121+0000] {processor.py:183} INFO - Processing /home/airflow/.local/lib/python3.12/site-packages/airflow/example_dags/example_skip_dag.py took 0.781 seconds
[2025-08-26T04:54:14.981+0000] {processor.py:161} INFO - Started process (PID=2424) to work on /home/airflow/.local/lib/python3.12/site-packages/airflow/example_dags/example_skip_dag.py
[2025-08-26T04:54:14.988+0000] {processor.py:830} INFO - Processing file /home/airflow/.local/lib/python3.12/site-packages/airflow/example_dags/example_skip_dag.py for tasks to queue
[2025-08-26T04:54:14.995+0000] {logging_mixin.py:188} INFO - [2025-08-26T04:54:14.993+0000] {dagbag.py:545} INFO - Filling up the DagBag from /home/airflow/.local/lib/python3.12/site-packages/airflow/example_dags/example_skip_dag.py
[2025-08-26T04:54:15.061+0000] {processor.py:840} INFO - DAG(s) 'example_skip_dag' retrieved from /home/airflow/.local/lib/python3.12/site-packages/airflow/example_dags/example_skip_dag.py
[2025-08-26T04:54:15.226+0000] {logging_mixin.py:188} INFO - [2025-08-26T04:54:15.226+0000] {dag.py:3096} INFO - Sync 1 DAGs
[2025-08-26T04:54:15.417+0000] {logging_mixin.py:188} INFO - [2025-08-26T04:54:15.417+0000] {dag.py:3954} INFO - Setting next_dagrun for example_skip_dag to 2025-08-25 00:00:00+00:00, run_after=2025-08-26 00:00:00+00:00
[2025-08-26T04:54:15.598+0000] {processor.py:183} INFO - Processing /home/airflow/.local/lib/python3.12/site-packages/airflow/example_dags/example_skip_dag.py took 0.654 seconds
[2025-08-26T04:54:48.571+0000] {processor.py:161} INFO - Started process (PID=2685) to work on /home/airflow/.local/lib/python3.12/site-packages/airflow/example_dags/example_skip_dag.py
[2025-08-26T04:54:48.588+0000] {processor.py:830} INFO - Processing file /home/airflow/.local/lib/python3.12/site-packages/airflow/example_dags/example_skip_dag.py for tasks to queue
[2025-08-26T04:54:48.609+0000] {logging_mixin.py:188} INFO - [2025-08-26T04:54:48.608+0000] {dagbag.py:545} INFO - Filling up the DagBag from /home/airflow/.local/lib/python3.12/site-packages/airflow/example_dags/example_skip_dag.py
[2025-08-26T04:54:48.674+0000] {processor.py:840} INFO - DAG(s) 'example_skip_dag' retrieved from /home/airflow/.local/lib/python3.12/site-packages/airflow/example_dags/example_skip_dag.py
[2025-08-26T04:54:48.847+0000] {logging_mixin.py:188} INFO - [2025-08-26T04:54:48.846+0000] {dag.py:3096} INFO - Sync 1 DAGs
[2025-08-26T04:54:49.025+0000] {logging_mixin.py:188} INFO - [2025-08-26T04:54:49.022+0000] {dag.py:3954} INFO - Setting next_dagrun for example_skip_dag to 2025-08-25 00:00:00+00:00, run_after=2025-08-26 00:00:00+00:00
[2025-08-26T04:54:49.222+0000] {processor.py:183} INFO - Processing /home/airflow/.local/lib/python3.12/site-packages/airflow/example_dags/example_skip_dag.py took 0.705 seconds
[2025-08-26T04:55:19.795+0000] {processor.py:161} INFO - Started process (PID=2943) to work on /home/airflow/.local/lib/python3.12/site-packages/airflow/example_dags/example_skip_dag.py
[2025-08-26T04:55:19.808+0000] {processor.py:830} INFO - Processing file /home/airflow/.local/lib/python3.12/site-packages/airflow/example_dags/example_skip_dag.py for tasks to queue
[2025-08-26T04:55:19.829+0000] {logging_mixin.py:188} INFO - [2025-08-26T04:55:19.829+0000] {dagbag.py:545} INFO - Filling up the DagBag from /home/airflow/.local/lib/python3.12/site-packages/airflow/example_dags/example_skip_dag.py
[2025-08-26T04:55:19.900+0000] {processor.py:840} INFO - DAG(s) 'example_skip_dag' retrieved from /home/airflow/.local/lib/python3.12/site-packages/airflow/example_dags/example_skip_dag.py
[2025-08-26T04:55:20.177+0000] {logging_mixin.py:188} INFO - [2025-08-26T04:55:20.176+0000] {dag.py:3096} INFO - Sync 1 DAGs
[2025-08-26T04:55:20.507+0000] {logging_mixin.py:188} INFO - [2025-08-26T04:55:20.501+0000] {dag.py:3954} INFO - Setting next_dagrun for example_skip_dag to 2025-08-25 00:00:00+00:00, run_after=2025-08-26 00:00:00+00:00
[2025-08-26T04:55:20.725+0000] {processor.py:183} INFO - Processing /home/airflow/.local/lib/python3.12/site-packages/airflow/example_dags/example_skip_dag.py took 0.978 seconds
[2025-08-26T04:56:01.960+0000] {processor.py:161} INFO - Started process (PID=3163) to work on /home/airflow/.local/lib/python3.12/site-packages/airflow/example_dags/example_skip_dag.py
[2025-08-26T04:56:01.963+0000] {processor.py:830} INFO - Processing file /home/airflow/.local/lib/python3.12/site-packages/airflow/example_dags/example_skip_dag.py for tasks to queue
[2025-08-26T04:56:01.971+0000] {logging_mixin.py:188} INFO - [2025-08-26T04:56:01.970+0000] {dagbag.py:545} INFO - Filling up the DagBag from /home/airflow/.local/lib/python3.12/site-packages/airflow/example_dags/example_skip_dag.py
[2025-08-26T04:56:01.999+0000] {processor.py:840} INFO - DAG(s) 'example_skip_dag' retrieved from /home/airflow/.local/lib/python3.12/site-packages/airflow/example_dags/example_skip_dag.py
[2025-08-26T04:56:02.112+0000] {logging_mixin.py:188} INFO - [2025-08-26T04:56:02.108+0000] {dag.py:3096} INFO - Sync 1 DAGs
[2025-08-26T04:56:02.216+0000] {logging_mixin.py:188} INFO - [2025-08-26T04:56:02.216+0000] {dag.py:3954} INFO - Setting next_dagrun for example_skip_dag to 2025-08-25 00:00:00+00:00, run_after=2025-08-26 00:00:00+00:00
[2025-08-26T04:56:02.310+0000] {processor.py:183} INFO - Processing /home/airflow/.local/lib/python3.12/site-packages/airflow/example_dags/example_skip_dag.py took 0.403 seconds
[2025-08-26T04:56:35.947+0000] {processor.py:161} INFO - Started process (PID=3432) to work on /home/airflow/.local/lib/python3.12/site-packages/airflow/example_dags/example_skip_dag.py
[2025-08-26T04:56:35.952+0000] {processor.py:830} INFO - Processing file /home/airflow/.local/lib/python3.12/site-packages/airflow/example_dags/example_skip_dag.py for tasks to queue
[2025-08-26T04:56:35.973+0000] {logging_mixin.py:188} INFO - [2025-08-26T04:56:35.972+0000] {dagbag.py:545} INFO - Filling up the DagBag from /home/airflow/.local/lib/python3.12/site-packages/airflow/example_dags/example_skip_dag.py
[2025-08-26T04:56:36.007+0000] {processor.py:840} INFO - DAG(s) 'example_skip_dag' retrieved from /home/airflow/.local/lib/python3.12/site-packages/airflow/example_dags/example_skip_dag.py
[2025-08-26T04:56:36.158+0000] {logging_mixin.py:188} INFO - [2025-08-26T04:56:36.157+0000] {dag.py:3096} INFO - Sync 1 DAGs
[2025-08-26T04:56:36.313+0000] {logging_mixin.py:188} INFO - [2025-08-26T04:56:36.313+0000] {dag.py:3954} INFO - Setting next_dagrun for example_skip_dag to 2025-08-25 00:00:00+00:00, run_after=2025-08-26 00:00:00+00:00
[2025-08-26T04:56:36.440+0000] {processor.py:183} INFO - Processing /home/airflow/.local/lib/python3.12/site-packages/airflow/example_dags/example_skip_dag.py took 0.534 seconds
[2025-08-26T04:57:12.576+0000] {processor.py:161} INFO - Started process (PID=3697) to work on /home/airflow/.local/lib/python3.12/site-packages/airflow/example_dags/example_skip_dag.py
[2025-08-26T04:57:12.580+0000] {processor.py:830} INFO - Processing file /home/airflow/.local/lib/python3.12/site-packages/airflow/example_dags/example_skip_dag.py for tasks to queue
[2025-08-26T04:57:12.587+0000] {logging_mixin.py:188} INFO - [2025-08-26T04:57:12.586+0000] {dagbag.py:545} INFO - Filling up the DagBag from /home/airflow/.local/lib/python3.12/site-packages/airflow/example_dags/example_skip_dag.py
[2025-08-26T04:57:12.616+0000] {processor.py:840} INFO - DAG(s) 'example_skip_dag' retrieved from /home/airflow/.local/lib/python3.12/site-packages/airflow/example_dags/example_skip_dag.py
[2025-08-26T04:57:12.702+0000] {logging_mixin.py:188} INFO - [2025-08-26T04:57:12.701+0000] {dag.py:3096} INFO - Sync 1 DAGs
[2025-08-26T04:57:12.845+0000] {logging_mixin.py:188} INFO - [2025-08-26T04:57:12.844+0000] {dag.py:3954} INFO - Setting next_dagrun for example_skip_dag to 2025-08-25 00:00:00+00:00, run_after=2025-08-26 00:00:00+00:00
[2025-08-26T04:57:13.062+0000] {processor.py:183} INFO - Processing /home/airflow/.local/lib/python3.12/site-packages/airflow/example_dags/example_skip_dag.py took 0.507 seconds
[2025-08-26T05:34:49.670+0000] {processor.py:161} INFO - Started process (PID=4002) to work on /home/airflow/.local/lib/python3.12/site-packages/airflow/example_dags/example_skip_dag.py
[2025-08-26T05:34:49.677+0000] {processor.py:830} INFO - Processing file /home/airflow/.local/lib/python3.12/site-packages/airflow/example_dags/example_skip_dag.py for tasks to queue
[2025-08-26T05:34:49.694+0000] {logging_mixin.py:188} INFO - [2025-08-26T05:34:49.693+0000] {dagbag.py:545} INFO - Filling up the DagBag from /home/airflow/.local/lib/python3.12/site-packages/airflow/example_dags/example_skip_dag.py
[2025-08-26T05:34:49.872+0000] {processor.py:840} INFO - DAG(s) 'example_skip_dag' retrieved from /home/airflow/.local/lib/python3.12/site-packages/airflow/example_dags/example_skip_dag.py
[2025-08-26T05:34:50.428+0000] {logging_mixin.py:188} INFO - [2025-08-26T05:34:50.418+0000] {dag.py:3096} INFO - Sync 1 DAGs
[2025-08-26T05:34:50.717+0000] {logging_mixin.py:188} INFO - [2025-08-26T05:34:50.716+0000] {dag.py:3954} INFO - Setting next_dagrun for example_skip_dag to 2025-08-25 00:00:00+00:00, run_after=2025-08-26 00:00:00+00:00
[2025-08-26T05:34:50.956+0000] {processor.py:183} INFO - Processing /home/airflow/.local/lib/python3.12/site-packages/airflow/example_dags/example_skip_dag.py took 1.471 seconds
[2025-08-26T05:42:24.413+0000] {processor.py:161} INFO - Started process (PID=4371) to work on /home/airflow/.local/lib/python3.12/site-packages/airflow/example_dags/example_skip_dag.py
[2025-08-26T05:42:24.484+0000] {processor.py:830} INFO - Processing file /home/airflow/.local/lib/python3.12/site-packages/airflow/example_dags/example_skip_dag.py for tasks to queue
[2025-08-26T05:42:24.536+0000] {logging_mixin.py:188} INFO - [2025-08-26T05:42:24.519+0000] {dagbag.py:545} INFO - Filling up the DagBag from /home/airflow/.local/lib/python3.12/site-packages/airflow/example_dags/example_skip_dag.py
[2025-08-26T05:42:24.676+0000] {processor.py:840} INFO - DAG(s) 'example_skip_dag' retrieved from /home/airflow/.local/lib/python3.12/site-packages/airflow/example_dags/example_skip_dag.py
[2025-08-26T05:42:25.190+0000] {logging_mixin.py:188} INFO - [2025-08-26T05:42:25.189+0000] {dag.py:3096} INFO - Sync 1 DAGs
[2025-08-26T05:42:25.705+0000] {logging_mixin.py:188} INFO - [2025-08-26T05:42:25.704+0000] {dag.py:3954} INFO - Setting next_dagrun for example_skip_dag to 2025-08-25 00:00:00+00:00, run_after=2025-08-26 00:00:00+00:00
[2025-08-26T05:42:26.007+0000] {processor.py:183} INFO - Processing /home/airflow/.local/lib/python3.12/site-packages/airflow/example_dags/example_skip_dag.py took 1.713 seconds
[2025-08-26T05:43:35.484+0000] {processor.py:161} INFO - Started process (PID=4666) to work on /home/airflow/.local/lib/python3.12/site-packages/airflow/example_dags/example_skip_dag.py
[2025-08-26T05:43:35.488+0000] {processor.py:830} INFO - Processing file /home/airflow/.local/lib/python3.12/site-packages/airflow/example_dags/example_skip_dag.py for tasks to queue
[2025-08-26T05:43:35.506+0000] {logging_mixin.py:188} INFO - [2025-08-26T05:43:35.505+0000] {dagbag.py:545} INFO - Filling up the DagBag from /home/airflow/.local/lib/python3.12/site-packages/airflow/example_dags/example_skip_dag.py
[2025-08-26T05:43:35.566+0000] {processor.py:840} INFO - DAG(s) 'example_skip_dag' retrieved from /home/airflow/.local/lib/python3.12/site-packages/airflow/example_dags/example_skip_dag.py
[2025-08-26T05:43:35.775+0000] {logging_mixin.py:188} INFO - [2025-08-26T05:43:35.774+0000] {dag.py:3096} INFO - Sync 1 DAGs
[2025-08-26T05:43:36.048+0000] {logging_mixin.py:188} INFO - [2025-08-26T05:43:36.037+0000] {dag.py:3954} INFO - Setting next_dagrun for example_skip_dag to 2025-08-25 00:00:00+00:00, run_after=2025-08-26 00:00:00+00:00
[2025-08-26T05:43:36.402+0000] {processor.py:183} INFO - Processing /home/airflow/.local/lib/python3.12/site-packages/airflow/example_dags/example_skip_dag.py took 0.966 seconds
[2025-08-26T05:44:12.216+0000] {processor.py:161} INFO - Started process (PID=4926) to work on /home/airflow/.local/lib/python3.12/site-packages/airflow/example_dags/example_skip_dag.py
[2025-08-26T05:44:12.219+0000] {processor.py:830} INFO - Processing file /home/airflow/.local/lib/python3.12/site-packages/airflow/example_dags/example_skip_dag.py for tasks to queue
[2025-08-26T05:44:12.230+0000] {logging_mixin.py:188} INFO - [2025-08-26T05:44:12.229+0000] {dagbag.py:545} INFO - Filling up the DagBag from /home/airflow/.local/lib/python3.12/site-packages/airflow/example_dags/example_skip_dag.py
[2025-08-26T05:44:12.288+0000] {processor.py:840} INFO - DAG(s) 'example_skip_dag' retrieved from /home/airflow/.local/lib/python3.12/site-packages/airflow/example_dags/example_skip_dag.py
[2025-08-26T05:44:12.424+0000] {logging_mixin.py:188} INFO - [2025-08-26T05:44:12.424+0000] {dag.py:3096} INFO - Sync 1 DAGs
[2025-08-26T05:44:12.586+0000] {logging_mixin.py:188} INFO - [2025-08-26T05:44:12.585+0000] {dag.py:3954} INFO - Setting next_dagrun for example_skip_dag to 2025-08-25 00:00:00+00:00, run_after=2025-08-26 00:00:00+00:00
[2025-08-26T05:44:12.754+0000] {processor.py:183} INFO - Processing /home/airflow/.local/lib/python3.12/site-packages/airflow/example_dags/example_skip_dag.py took 0.589 seconds
[2025-08-26T05:44:48.420+0000] {processor.py:161} INFO - Started process (PID=5180) to work on /home/airflow/.local/lib/python3.12/site-packages/airflow/example_dags/example_skip_dag.py
[2025-08-26T05:44:48.438+0000] {processor.py:830} INFO - Processing file /home/airflow/.local/lib/python3.12/site-packages/airflow/example_dags/example_skip_dag.py for tasks to queue
[2025-08-26T05:44:48.445+0000] {logging_mixin.py:188} INFO - [2025-08-26T05:44:48.444+0000] {dagbag.py:545} INFO - Filling up the DagBag from /home/airflow/.local/lib/python3.12/site-packages/airflow/example_dags/example_skip_dag.py
[2025-08-26T05:44:48.507+0000] {processor.py:840} INFO - DAG(s) 'example_skip_dag' retrieved from /home/airflow/.local/lib/python3.12/site-packages/airflow/example_dags/example_skip_dag.py
[2025-08-26T05:44:48.712+0000] {logging_mixin.py:188} INFO - [2025-08-26T05:44:48.711+0000] {dag.py:3096} INFO - Sync 1 DAGs
[2025-08-26T05:44:48.981+0000] {logging_mixin.py:188} INFO - [2025-08-26T05:44:48.980+0000] {dag.py:3954} INFO - Setting next_dagrun for example_skip_dag to 2025-08-25 00:00:00+00:00, run_after=2025-08-26 00:00:00+00:00
[2025-08-26T05:44:49.187+0000] {processor.py:183} INFO - Processing /home/airflow/.local/lib/python3.12/site-packages/airflow/example_dags/example_skip_dag.py took 0.817 seconds
[2025-08-26T05:45:21.628+0000] {processor.py:161} INFO - Started process (PID=5439) to work on /home/airflow/.local/lib/python3.12/site-packages/airflow/example_dags/example_skip_dag.py
[2025-08-26T05:45:21.664+0000] {processor.py:830} INFO - Processing file /home/airflow/.local/lib/python3.12/site-packages/airflow/example_dags/example_skip_dag.py for tasks to queue
[2025-08-26T05:45:21.686+0000] {logging_mixin.py:188} INFO - [2025-08-26T05:45:21.685+0000] {dagbag.py:545} INFO - Filling up the DagBag from /home/airflow/.local/lib/python3.12/site-packages/airflow/example_dags/example_skip_dag.py
[2025-08-26T05:45:21.769+0000] {processor.py:840} INFO - DAG(s) 'example_skip_dag' retrieved from /home/airflow/.local/lib/python3.12/site-packages/airflow/example_dags/example_skip_dag.py
[2025-08-26T05:45:21.928+0000] {logging_mixin.py:188} INFO - [2025-08-26T05:45:21.927+0000] {dag.py:3096} INFO - Sync 1 DAGs
[2025-08-26T05:45:22.237+0000] {logging_mixin.py:188} INFO - [2025-08-26T05:45:22.237+0000] {dag.py:3954} INFO - Setting next_dagrun for example_skip_dag to 2025-08-25 00:00:00+00:00, run_after=2025-08-26 00:00:00+00:00
[2025-08-26T05:45:22.458+0000] {processor.py:183} INFO - Processing /home/airflow/.local/lib/python3.12/site-packages/airflow/example_dags/example_skip_dag.py took 0.898 seconds
[2025-08-26T05:45:53.919+0000] {processor.py:161} INFO - Started process (PID=5702) to work on /home/airflow/.local/lib/python3.12/site-packages/airflow/example_dags/example_skip_dag.py
[2025-08-26T05:45:53.969+0000] {processor.py:830} INFO - Processing file /home/airflow/.local/lib/python3.12/site-packages/airflow/example_dags/example_skip_dag.py for tasks to queue
[2025-08-26T05:45:54.085+0000] {logging_mixin.py:188} INFO - [2025-08-26T05:45:54.025+0000] {dagbag.py:545} INFO - Filling up the DagBag from /home/airflow/.local/lib/python3.12/site-packages/airflow/example_dags/example_skip_dag.py
[2025-08-26T05:45:54.302+0000] {processor.py:840} INFO - DAG(s) 'example_skip_dag' retrieved from /home/airflow/.local/lib/python3.12/site-packages/airflow/example_dags/example_skip_dag.py
[2025-08-26T05:45:54.678+0000] {logging_mixin.py:188} INFO - [2025-08-26T05:45:54.677+0000] {dag.py:3096} INFO - Sync 1 DAGs
[2025-08-26T05:45:55.255+0000] {logging_mixin.py:188} INFO - [2025-08-26T05:45:55.254+0000] {dag.py:3954} INFO - Setting next_dagrun for example_skip_dag to 2025-08-25 00:00:00+00:00, run_after=2025-08-26 00:00:00+00:00
[2025-08-26T05:45:55.548+0000] {processor.py:183} INFO - Processing /home/airflow/.local/lib/python3.12/site-packages/airflow/example_dags/example_skip_dag.py took 1.763 seconds
[2025-08-26T05:46:26.261+0000] {processor.py:161} INFO - Started process (PID=5966) to work on /home/airflow/.local/lib/python3.12/site-packages/airflow/example_dags/example_skip_dag.py
[2025-08-26T05:46:26.269+0000] {processor.py:830} INFO - Processing file /home/airflow/.local/lib/python3.12/site-packages/airflow/example_dags/example_skip_dag.py for tasks to queue
[2025-08-26T05:46:26.274+0000] {logging_mixin.py:188} INFO - [2025-08-26T05:46:26.272+0000] {dagbag.py:545} INFO - Filling up the DagBag from /home/airflow/.local/lib/python3.12/site-packages/airflow/example_dags/example_skip_dag.py
[2025-08-26T05:46:26.318+0000] {processor.py:840} INFO - DAG(s) 'example_skip_dag' retrieved from /home/airflow/.local/lib/python3.12/site-packages/airflow/example_dags/example_skip_dag.py
[2025-08-26T05:46:26.438+0000] {logging_mixin.py:188} INFO - [2025-08-26T05:46:26.437+0000] {dag.py:3096} INFO - Sync 1 DAGs
[2025-08-26T05:46:26.565+0000] {logging_mixin.py:188} INFO - [2025-08-26T05:46:26.564+0000] {dag.py:3954} INFO - Setting next_dagrun for example_skip_dag to 2025-08-25 00:00:00+00:00, run_after=2025-08-26 00:00:00+00:00
[2025-08-26T05:46:26.939+0000] {processor.py:183} INFO - Processing /home/airflow/.local/lib/python3.12/site-packages/airflow/example_dags/example_skip_dag.py took 0.707 seconds
[2025-08-26T05:46:57.383+0000] {processor.py:161} INFO - Started process (PID=6228) to work on /home/airflow/.local/lib/python3.12/site-packages/airflow/example_dags/example_skip_dag.py
[2025-08-26T05:46:57.391+0000] {processor.py:830} INFO - Processing file /home/airflow/.local/lib/python3.12/site-packages/airflow/example_dags/example_skip_dag.py for tasks to queue
[2025-08-26T05:46:57.398+0000] {logging_mixin.py:188} INFO - [2025-08-26T05:46:57.393+0000] {dagbag.py:545} INFO - Filling up the DagBag from /home/airflow/.local/lib/python3.12/site-packages/airflow/example_dags/example_skip_dag.py
[2025-08-26T05:46:57.474+0000] {processor.py:840} INFO - DAG(s) 'example_skip_dag' retrieved from /home/airflow/.local/lib/python3.12/site-packages/airflow/example_dags/example_skip_dag.py
[2025-08-26T05:46:57.645+0000] {logging_mixin.py:188} INFO - [2025-08-26T05:46:57.630+0000] {dag.py:3096} INFO - Sync 1 DAGs
[2025-08-26T05:46:57.856+0000] {logging_mixin.py:188} INFO - [2025-08-26T05:46:57.855+0000] {dag.py:3954} INFO - Setting next_dagrun for example_skip_dag to 2025-08-25 00:00:00+00:00, run_after=2025-08-26 00:00:00+00:00
[2025-08-26T05:46:58.071+0000] {processor.py:183} INFO - Processing /home/airflow/.local/lib/python3.12/site-packages/airflow/example_dags/example_skip_dag.py took 0.734 seconds
[2025-08-26T05:47:36.445+0000] {processor.py:161} INFO - Started process (PID=6483) to work on /home/airflow/.local/lib/python3.12/site-packages/airflow/example_dags/example_skip_dag.py
[2025-08-26T05:47:36.448+0000] {processor.py:830} INFO - Processing file /home/airflow/.local/lib/python3.12/site-packages/airflow/example_dags/example_skip_dag.py for tasks to queue
[2025-08-26T05:47:36.456+0000] {logging_mixin.py:188} INFO - [2025-08-26T05:47:36.455+0000] {dagbag.py:545} INFO - Filling up the DagBag from /home/airflow/.local/lib/python3.12/site-packages/airflow/example_dags/example_skip_dag.py
[2025-08-26T05:47:36.496+0000] {processor.py:840} INFO - DAG(s) 'example_skip_dag' retrieved from /home/airflow/.local/lib/python3.12/site-packages/airflow/example_dags/example_skip_dag.py
[2025-08-26T05:47:36.711+0000] {logging_mixin.py:188} INFO - [2025-08-26T05:47:36.701+0000] {dag.py:3096} INFO - Sync 1 DAGs
[2025-08-26T05:47:36.968+0000] {logging_mixin.py:188} INFO - [2025-08-26T05:47:36.967+0000] {dag.py:3954} INFO - Setting next_dagrun for example_skip_dag to 2025-08-25 00:00:00+00:00, run_after=2025-08-26 00:00:00+00:00
[2025-08-26T05:47:37.179+0000] {processor.py:183} INFO - Processing /home/airflow/.local/lib/python3.12/site-packages/airflow/example_dags/example_skip_dag.py took 0.770 seconds
