[2025-08-26T04:29:18.919+0000] {processor.py:161} INFO - Started process (PID=252) to work on /home/airflow/.local/lib/python3.12/site-packages/airflow/example_dags/example_complex.py
[2025-08-26T04:29:18.936+0000] {processor.py:830} INFO - Processing file /home/airflow/.local/lib/python3.12/site-packages/airflow/example_dags/example_complex.py for tasks to queue
[2025-08-26T04:29:19.048+0000] {logging_mixin.py:188} INFO - [2025-08-26T04:29:19.047+0000] {dagbag.py:545} INFO - Filling up the DagBag from /home/airflow/.local/lib/python3.12/site-packages/airflow/example_dags/example_complex.py
[2025-08-26T04:29:19.316+0000] {processor.py:840} INFO - DAG(s) 'example_complex' retrieved from /home/airflow/.local/lib/python3.12/site-packages/airflow/example_dags/example_complex.py
[2025-08-26T04:29:22.645+0000] {logging_mixin.py:188} INFO - [2025-08-26T04:29:22.614+0000] {override.py:1829} INFO - Created Permission View: can delete on DAG:example_complex
[2025-08-26T04:29:22.827+0000] {logging_mixin.py:188} INFO - [2025-08-26T04:29:22.826+0000] {override.py:1829} INFO - Created Permission View: can read on DAG:example_complex
[2025-08-26T04:29:22.924+0000] {logging_mixin.py:188} INFO - [2025-08-26T04:29:22.923+0000] {override.py:1829} INFO - Created Permission View: can edit on DAG:example_complex
[2025-08-26T04:29:22.929+0000] {logging_mixin.py:188} INFO - [2025-08-26T04:29:22.927+0000] {dag.py:3096} INFO - Sync 1 DAGs
[2025-08-26T04:29:23.086+0000] {logging_mixin.py:188} INFO - [2025-08-26T04:29:23.085+0000] {dag.py:3118} INFO - Creating ORM DAG for example_complex
[2025-08-26T04:29:23.100+0000] {logging_mixin.py:188} INFO - [2025-08-26T04:29:23.099+0000] {dag.py:3954} INFO - Setting next_dagrun for example_complex to None, run_after=None
[2025-08-26T04:29:23.415+0000] {processor.py:183} INFO - Processing /home/airflow/.local/lib/python3.12/site-packages/airflow/example_dags/example_complex.py took 4.779 seconds
[2025-08-26T04:30:52.838+0000] {processor.py:161} INFO - Started process (PID=526) to work on /home/airflow/.local/lib/python3.12/site-packages/airflow/example_dags/example_complex.py
[2025-08-26T04:30:52.842+0000] {processor.py:830} INFO - Processing file /home/airflow/.local/lib/python3.12/site-packages/airflow/example_dags/example_complex.py for tasks to queue
[2025-08-26T04:30:52.852+0000] {logging_mixin.py:188} INFO - [2025-08-26T04:30:52.850+0000] {dagbag.py:545} INFO - Filling up the DagBag from /home/airflow/.local/lib/python3.12/site-packages/airflow/example_dags/example_complex.py
[2025-08-26T04:30:52.929+0000] {processor.py:840} INFO - DAG(s) 'example_complex' retrieved from /home/airflow/.local/lib/python3.12/site-packages/airflow/example_dags/example_complex.py
[2025-08-26T04:30:53.164+0000] {logging_mixin.py:188} INFO - [2025-08-26T04:30:53.163+0000] {dag.py:3096} INFO - Sync 1 DAGs
[2025-08-26T04:30:53.356+0000] {logging_mixin.py:188} INFO - [2025-08-26T04:30:53.355+0000] {dag.py:3954} INFO - Setting next_dagrun for example_complex to None, run_after=None
[2025-08-26T04:30:53.516+0000] {processor.py:183} INFO - Processing /home/airflow/.local/lib/python3.12/site-packages/airflow/example_dags/example_complex.py took 0.718 seconds
[2025-08-26T04:31:24.622+0000] {processor.py:161} INFO - Started process (PID=795) to work on /home/airflow/.local/lib/python3.12/site-packages/airflow/example_dags/example_complex.py
[2025-08-26T04:31:24.625+0000] {processor.py:830} INFO - Processing file /home/airflow/.local/lib/python3.12/site-packages/airflow/example_dags/example_complex.py for tasks to queue
[2025-08-26T04:31:24.657+0000] {logging_mixin.py:188} INFO - [2025-08-26T04:31:24.656+0000] {dagbag.py:545} INFO - Filling up the DagBag from /home/airflow/.local/lib/python3.12/site-packages/airflow/example_dags/example_complex.py
[2025-08-26T04:31:24.923+0000] {processor.py:840} INFO - DAG(s) 'example_complex' retrieved from /home/airflow/.local/lib/python3.12/site-packages/airflow/example_dags/example_complex.py
[2025-08-26T04:31:25.252+0000] {logging_mixin.py:188} INFO - [2025-08-26T04:31:25.240+0000] {dag.py:3096} INFO - Sync 1 DAGs
[2025-08-26T04:31:25.363+0000] {logging_mixin.py:188} INFO - [2025-08-26T04:31:25.352+0000] {dag.py:3954} INFO - Setting next_dagrun for example_complex to None, run_after=None
[2025-08-26T04:31:25.525+0000] {processor.py:183} INFO - Processing /home/airflow/.local/lib/python3.12/site-packages/airflow/example_dags/example_complex.py took 1.013 seconds
[2025-08-26T04:31:59.645+0000] {processor.py:161} INFO - Started process (PID=1052) to work on /home/airflow/.local/lib/python3.12/site-packages/airflow/example_dags/example_complex.py
[2025-08-26T04:31:59.669+0000] {processor.py:830} INFO - Processing file /home/airflow/.local/lib/python3.12/site-packages/airflow/example_dags/example_complex.py for tasks to queue
[2025-08-26T04:31:59.681+0000] {logging_mixin.py:188} INFO - [2025-08-26T04:31:59.678+0000] {dagbag.py:545} INFO - Filling up the DagBag from /home/airflow/.local/lib/python3.12/site-packages/airflow/example_dags/example_complex.py
[2025-08-26T04:31:59.785+0000] {processor.py:840} INFO - DAG(s) 'example_complex' retrieved from /home/airflow/.local/lib/python3.12/site-packages/airflow/example_dags/example_complex.py
[2025-08-26T04:32:00.336+0000] {logging_mixin.py:188} INFO - [2025-08-26T04:32:00.335+0000] {dag.py:3096} INFO - Sync 1 DAGs
[2025-08-26T04:32:00.462+0000] {logging_mixin.py:188} INFO - [2025-08-26T04:32:00.462+0000] {dag.py:3954} INFO - Setting next_dagrun for example_complex to None, run_after=None
[2025-08-26T04:32:00.730+0000] {processor.py:183} INFO - Processing /home/airflow/.local/lib/python3.12/site-packages/airflow/example_dags/example_complex.py took 1.140 seconds
[2025-08-26T04:32:31.748+0000] {processor.py:161} INFO - Started process (PID=1314) to work on /home/airflow/.local/lib/python3.12/site-packages/airflow/example_dags/example_complex.py
[2025-08-26T04:32:31.774+0000] {processor.py:830} INFO - Processing file /home/airflow/.local/lib/python3.12/site-packages/airflow/example_dags/example_complex.py for tasks to queue
[2025-08-26T04:32:31.793+0000] {logging_mixin.py:188} INFO - [2025-08-26T04:32:31.792+0000] {dagbag.py:545} INFO - Filling up the DagBag from /home/airflow/.local/lib/python3.12/site-packages/airflow/example_dags/example_complex.py
[2025-08-26T04:32:31.888+0000] {processor.py:840} INFO - DAG(s) 'example_complex' retrieved from /home/airflow/.local/lib/python3.12/site-packages/airflow/example_dags/example_complex.py
[2025-08-26T04:32:32.260+0000] {logging_mixin.py:188} INFO - [2025-08-26T04:32:32.259+0000] {dag.py:3096} INFO - Sync 1 DAGs
[2025-08-26T04:32:32.532+0000] {logging_mixin.py:188} INFO - [2025-08-26T04:32:32.531+0000] {dag.py:3954} INFO - Setting next_dagrun for example_complex to None, run_after=None
[2025-08-26T04:32:32.910+0000] {processor.py:183} INFO - Processing /home/airflow/.local/lib/python3.12/site-packages/airflow/example_dags/example_complex.py took 1.284 seconds
[2025-08-26T04:33:10.240+0000] {processor.py:161} INFO - Started process (PID=1569) to work on /home/airflow/.local/lib/python3.12/site-packages/airflow/example_dags/example_complex.py
[2025-08-26T04:33:10.243+0000] {processor.py:830} INFO - Processing file /home/airflow/.local/lib/python3.12/site-packages/airflow/example_dags/example_complex.py for tasks to queue
[2025-08-26T04:33:10.265+0000] {logging_mixin.py:188} INFO - [2025-08-26T04:33:10.251+0000] {dagbag.py:545} INFO - Filling up the DagBag from /home/airflow/.local/lib/python3.12/site-packages/airflow/example_dags/example_complex.py
[2025-08-26T04:33:10.319+0000] {processor.py:840} INFO - DAG(s) 'example_complex' retrieved from /home/airflow/.local/lib/python3.12/site-packages/airflow/example_dags/example_complex.py
[2025-08-26T04:33:10.522+0000] {logging_mixin.py:188} INFO - [2025-08-26T04:33:10.521+0000] {dag.py:3096} INFO - Sync 1 DAGs
[2025-08-26T04:33:10.602+0000] {logging_mixin.py:188} INFO - [2025-08-26T04:33:10.601+0000] {dag.py:3954} INFO - Setting next_dagrun for example_complex to None, run_after=None
[2025-08-26T04:33:10.695+0000] {processor.py:183} INFO - Processing /home/airflow/.local/lib/python3.12/site-packages/airflow/example_dags/example_complex.py took 0.539 seconds
[2025-08-26T04:33:42.947+0000] {processor.py:161} INFO - Started process (PID=1831) to work on /home/airflow/.local/lib/python3.12/site-packages/airflow/example_dags/example_complex.py
[2025-08-26T04:33:42.952+0000] {processor.py:830} INFO - Processing file /home/airflow/.local/lib/python3.12/site-packages/airflow/example_dags/example_complex.py for tasks to queue
[2025-08-26T04:33:42.968+0000] {logging_mixin.py:188} INFO - [2025-08-26T04:33:42.965+0000] {dagbag.py:545} INFO - Filling up the DagBag from /home/airflow/.local/lib/python3.12/site-packages/airflow/example_dags/example_complex.py
[2025-08-26T04:33:43.032+0000] {processor.py:840} INFO - DAG(s) 'example_complex' retrieved from /home/airflow/.local/lib/python3.12/site-packages/airflow/example_dags/example_complex.py
[2025-08-26T04:33:43.225+0000] {logging_mixin.py:188} INFO - [2025-08-26T04:33:43.224+0000] {dag.py:3096} INFO - Sync 1 DAGs
[2025-08-26T04:33:43.356+0000] {logging_mixin.py:188} INFO - [2025-08-26T04:33:43.355+0000] {dag.py:3954} INFO - Setting next_dagrun for example_complex to None, run_after=None
[2025-08-26T04:33:43.507+0000] {processor.py:183} INFO - Processing /home/airflow/.local/lib/python3.12/site-packages/airflow/example_dags/example_complex.py took 0.597 seconds
[2025-08-26T04:34:14.081+0000] {processor.py:161} INFO - Started process (PID=2092) to work on /home/airflow/.local/lib/python3.12/site-packages/airflow/example_dags/example_complex.py
[2025-08-26T04:34:14.097+0000] {processor.py:830} INFO - Processing file /home/airflow/.local/lib/python3.12/site-packages/airflow/example_dags/example_complex.py for tasks to queue
[2025-08-26T04:34:14.134+0000] {logging_mixin.py:188} INFO - [2025-08-26T04:34:14.105+0000] {dagbag.py:545} INFO - Filling up the DagBag from /home/airflow/.local/lib/python3.12/site-packages/airflow/example_dags/example_complex.py
[2025-08-26T04:34:14.330+0000] {processor.py:840} INFO - DAG(s) 'example_complex' retrieved from /home/airflow/.local/lib/python3.12/site-packages/airflow/example_dags/example_complex.py
[2025-08-26T04:34:14.666+0000] {logging_mixin.py:188} INFO - [2025-08-26T04:34:14.665+0000] {dag.py:3096} INFO - Sync 1 DAGs
[2025-08-26T04:34:14.804+0000] {logging_mixin.py:188} INFO - [2025-08-26T04:34:14.802+0000] {dag.py:3954} INFO - Setting next_dagrun for example_complex to None, run_after=None
[2025-08-26T04:34:14.985+0000] {processor.py:183} INFO - Processing /home/airflow/.local/lib/python3.12/site-packages/airflow/example_dags/example_complex.py took 0.968 seconds
[2025-08-26T04:34:48.439+0000] {processor.py:161} INFO - Started process (PID=2357) to work on /home/airflow/.local/lib/python3.12/site-packages/airflow/example_dags/example_complex.py
[2025-08-26T04:34:48.476+0000] {processor.py:830} INFO - Processing file /home/airflow/.local/lib/python3.12/site-packages/airflow/example_dags/example_complex.py for tasks to queue
[2025-08-26T04:34:48.517+0000] {logging_mixin.py:188} INFO - [2025-08-26T04:34:48.516+0000] {dagbag.py:545} INFO - Filling up the DagBag from /home/airflow/.local/lib/python3.12/site-packages/airflow/example_dags/example_complex.py
[2025-08-26T04:34:48.715+0000] {processor.py:840} INFO - DAG(s) 'example_complex' retrieved from /home/airflow/.local/lib/python3.12/site-packages/airflow/example_dags/example_complex.py
[2025-08-26T04:34:49.345+0000] {logging_mixin.py:188} INFO - [2025-08-26T04:34:49.344+0000] {dag.py:3096} INFO - Sync 1 DAGs
[2025-08-26T04:34:49.446+0000] {logging_mixin.py:188} INFO - [2025-08-26T04:34:49.445+0000] {dag.py:3954} INFO - Setting next_dagrun for example_complex to None, run_after=None
[2025-08-26T04:34:49.580+0000] {processor.py:183} INFO - Processing /home/airflow/.local/lib/python3.12/site-packages/airflow/example_dags/example_complex.py took 1.207 seconds
[2025-08-26T04:35:20.208+0000] {processor.py:161} INFO - Started process (PID=2621) to work on /home/airflow/.local/lib/python3.12/site-packages/airflow/example_dags/example_complex.py
[2025-08-26T04:35:20.222+0000] {processor.py:830} INFO - Processing file /home/airflow/.local/lib/python3.12/site-packages/airflow/example_dags/example_complex.py for tasks to queue
[2025-08-26T04:35:20.272+0000] {logging_mixin.py:188} INFO - [2025-08-26T04:35:20.271+0000] {dagbag.py:545} INFO - Filling up the DagBag from /home/airflow/.local/lib/python3.12/site-packages/airflow/example_dags/example_complex.py
[2025-08-26T04:35:20.460+0000] {processor.py:840} INFO - DAG(s) 'example_complex' retrieved from /home/airflow/.local/lib/python3.12/site-packages/airflow/example_dags/example_complex.py
[2025-08-26T04:35:20.774+0000] {logging_mixin.py:188} INFO - [2025-08-26T04:35:20.773+0000] {dag.py:3096} INFO - Sync 1 DAGs
[2025-08-26T04:35:20.860+0000] {logging_mixin.py:188} INFO - [2025-08-26T04:35:20.859+0000] {dag.py:3954} INFO - Setting next_dagrun for example_complex to None, run_after=None
[2025-08-26T04:35:21.067+0000] {processor.py:183} INFO - Processing /home/airflow/.local/lib/python3.12/site-packages/airflow/example_dags/example_complex.py took 0.944 seconds
[2025-08-26T04:35:52.033+0000] {processor.py:161} INFO - Started process (PID=2885) to work on /home/airflow/.local/lib/python3.12/site-packages/airflow/example_dags/example_complex.py
[2025-08-26T04:35:52.036+0000] {processor.py:830} INFO - Processing file /home/airflow/.local/lib/python3.12/site-packages/airflow/example_dags/example_complex.py for tasks to queue
[2025-08-26T04:35:52.051+0000] {logging_mixin.py:188} INFO - [2025-08-26T04:35:52.050+0000] {dagbag.py:545} INFO - Filling up the DagBag from /home/airflow/.local/lib/python3.12/site-packages/airflow/example_dags/example_complex.py
[2025-08-26T04:35:52.140+0000] {processor.py:840} INFO - DAG(s) 'example_complex' retrieved from /home/airflow/.local/lib/python3.12/site-packages/airflow/example_dags/example_complex.py
[2025-08-26T04:35:52.447+0000] {logging_mixin.py:188} INFO - [2025-08-26T04:35:52.447+0000] {dag.py:3096} INFO - Sync 1 DAGs
[2025-08-26T04:35:52.552+0000] {logging_mixin.py:188} INFO - [2025-08-26T04:35:52.549+0000] {dag.py:3954} INFO - Setting next_dagrun for example_complex to None, run_after=None
[2025-08-26T04:35:52.728+0000] {processor.py:183} INFO - Processing /home/airflow/.local/lib/python3.12/site-packages/airflow/example_dags/example_complex.py took 0.796 seconds
[2025-08-26T04:36:23.201+0000] {processor.py:161} INFO - Started process (PID=3152) to work on /home/airflow/.local/lib/python3.12/site-packages/airflow/example_dags/example_complex.py
[2025-08-26T04:36:23.204+0000] {processor.py:830} INFO - Processing file /home/airflow/.local/lib/python3.12/site-packages/airflow/example_dags/example_complex.py for tasks to queue
[2025-08-26T04:36:23.212+0000] {logging_mixin.py:188} INFO - [2025-08-26T04:36:23.211+0000] {dagbag.py:545} INFO - Filling up the DagBag from /home/airflow/.local/lib/python3.12/site-packages/airflow/example_dags/example_complex.py
[2025-08-26T04:36:23.260+0000] {processor.py:840} INFO - DAG(s) 'example_complex' retrieved from /home/airflow/.local/lib/python3.12/site-packages/airflow/example_dags/example_complex.py
[2025-08-26T04:36:23.427+0000] {logging_mixin.py:188} INFO - [2025-08-26T04:36:23.426+0000] {dag.py:3096} INFO - Sync 1 DAGs
[2025-08-26T04:36:23.488+0000] {logging_mixin.py:188} INFO - [2025-08-26T04:36:23.486+0000] {dag.py:3954} INFO - Setting next_dagrun for example_complex to None, run_after=None
[2025-08-26T04:36:23.582+0000] {processor.py:183} INFO - Processing /home/airflow/.local/lib/python3.12/site-packages/airflow/example_dags/example_complex.py took 0.440 seconds
[2025-08-26T04:36:55.489+0000] {processor.py:161} INFO - Started process (PID=3395) to work on /home/airflow/.local/lib/python3.12/site-packages/airflow/example_dags/example_complex.py
[2025-08-26T04:36:55.492+0000] {processor.py:830} INFO - Processing file /home/airflow/.local/lib/python3.12/site-packages/airflow/example_dags/example_complex.py for tasks to queue
[2025-08-26T04:36:55.505+0000] {logging_mixin.py:188} INFO - [2025-08-26T04:36:55.504+0000] {dagbag.py:545} INFO - Filling up the DagBag from /home/airflow/.local/lib/python3.12/site-packages/airflow/example_dags/example_complex.py
[2025-08-26T04:36:55.584+0000] {processor.py:840} INFO - DAG(s) 'example_complex' retrieved from /home/airflow/.local/lib/python3.12/site-packages/airflow/example_dags/example_complex.py
[2025-08-26T04:36:55.974+0000] {logging_mixin.py:188} INFO - [2025-08-26T04:36:55.973+0000] {dag.py:3096} INFO - Sync 1 DAGs
[2025-08-26T04:36:56.110+0000] {logging_mixin.py:188} INFO - [2025-08-26T04:36:56.109+0000] {dag.py:3954} INFO - Setting next_dagrun for example_complex to None, run_after=None
[2025-08-26T04:36:56.316+0000] {processor.py:183} INFO - Processing /home/airflow/.local/lib/python3.12/site-packages/airflow/example_dags/example_complex.py took 0.856 seconds
[2025-08-26T04:37:26.865+0000] {processor.py:161} INFO - Started process (PID=3650) to work on /home/airflow/.local/lib/python3.12/site-packages/airflow/example_dags/example_complex.py
[2025-08-26T04:37:26.869+0000] {processor.py:830} INFO - Processing file /home/airflow/.local/lib/python3.12/site-packages/airflow/example_dags/example_complex.py for tasks to queue
[2025-08-26T04:37:26.876+0000] {logging_mixin.py:188} INFO - [2025-08-26T04:37:26.875+0000] {dagbag.py:545} INFO - Filling up the DagBag from /home/airflow/.local/lib/python3.12/site-packages/airflow/example_dags/example_complex.py
[2025-08-26T04:37:27.038+0000] {processor.py:840} INFO - DAG(s) 'example_complex' retrieved from /home/airflow/.local/lib/python3.12/site-packages/airflow/example_dags/example_complex.py
[2025-08-26T04:37:27.324+0000] {logging_mixin.py:188} INFO - [2025-08-26T04:37:27.322+0000] {dag.py:3096} INFO - Sync 1 DAGs
[2025-08-26T04:37:27.485+0000] {logging_mixin.py:188} INFO - [2025-08-26T04:37:27.485+0000] {dag.py:3954} INFO - Setting next_dagrun for example_complex to None, run_after=None
[2025-08-26T04:37:27.763+0000] {processor.py:183} INFO - Processing /home/airflow/.local/lib/python3.12/site-packages/airflow/example_dags/example_complex.py took 0.941 seconds
[2025-08-26T04:37:58.425+0000] {processor.py:161} INFO - Started process (PID=3913) to work on /home/airflow/.local/lib/python3.12/site-packages/airflow/example_dags/example_complex.py
[2025-08-26T04:37:58.430+0000] {processor.py:830} INFO - Processing file /home/airflow/.local/lib/python3.12/site-packages/airflow/example_dags/example_complex.py for tasks to queue
[2025-08-26T04:37:58.440+0000] {logging_mixin.py:188} INFO - [2025-08-26T04:37:58.438+0000] {dagbag.py:545} INFO - Filling up the DagBag from /home/airflow/.local/lib/python3.12/site-packages/airflow/example_dags/example_complex.py
[2025-08-26T04:37:58.516+0000] {processor.py:840} INFO - DAG(s) 'example_complex' retrieved from /home/airflow/.local/lib/python3.12/site-packages/airflow/example_dags/example_complex.py
[2025-08-26T04:37:58.716+0000] {logging_mixin.py:188} INFO - [2025-08-26T04:37:58.714+0000] {dag.py:3096} INFO - Sync 1 DAGs
[2025-08-26T04:37:58.802+0000] {logging_mixin.py:188} INFO - [2025-08-26T04:37:58.802+0000] {dag.py:3954} INFO - Setting next_dagrun for example_complex to None, run_after=None
[2025-08-26T04:37:59.015+0000] {processor.py:183} INFO - Processing /home/airflow/.local/lib/python3.12/site-packages/airflow/example_dags/example_complex.py took 0.646 seconds
[2025-08-26T04:38:29.421+0000] {processor.py:161} INFO - Started process (PID=4179) to work on /home/airflow/.local/lib/python3.12/site-packages/airflow/example_dags/example_complex.py
[2025-08-26T04:38:29.424+0000] {processor.py:830} INFO - Processing file /home/airflow/.local/lib/python3.12/site-packages/airflow/example_dags/example_complex.py for tasks to queue
[2025-08-26T04:38:29.431+0000] {logging_mixin.py:188} INFO - [2025-08-26T04:38:29.429+0000] {dagbag.py:545} INFO - Filling up the DagBag from /home/airflow/.local/lib/python3.12/site-packages/airflow/example_dags/example_complex.py
[2025-08-26T04:38:29.467+0000] {processor.py:840} INFO - DAG(s) 'example_complex' retrieved from /home/airflow/.local/lib/python3.12/site-packages/airflow/example_dags/example_complex.py
[2025-08-26T04:38:29.628+0000] {logging_mixin.py:188} INFO - [2025-08-26T04:38:29.627+0000] {dag.py:3096} INFO - Sync 1 DAGs
[2025-08-26T04:38:29.699+0000] {logging_mixin.py:188} INFO - [2025-08-26T04:38:29.698+0000] {dag.py:3954} INFO - Setting next_dagrun for example_complex to None, run_after=None
[2025-08-26T04:38:29.753+0000] {processor.py:183} INFO - Processing /home/airflow/.local/lib/python3.12/site-packages/airflow/example_dags/example_complex.py took 0.361 seconds
[2025-08-26T04:39:01.641+0000] {processor.py:161} INFO - Started process (PID=4421) to work on /home/airflow/.local/lib/python3.12/site-packages/airflow/example_dags/example_complex.py
[2025-08-26T04:39:01.649+0000] {processor.py:830} INFO - Processing file /home/airflow/.local/lib/python3.12/site-packages/airflow/example_dags/example_complex.py for tasks to queue
[2025-08-26T04:39:01.664+0000] {logging_mixin.py:188} INFO - [2025-08-26T04:39:01.655+0000] {dagbag.py:545} INFO - Filling up the DagBag from /home/airflow/.local/lib/python3.12/site-packages/airflow/example_dags/example_complex.py
[2025-08-26T04:39:01.741+0000] {processor.py:840} INFO - DAG(s) 'example_complex' retrieved from /home/airflow/.local/lib/python3.12/site-packages/airflow/example_dags/example_complex.py
[2025-08-26T04:39:01.925+0000] {logging_mixin.py:188} INFO - [2025-08-26T04:39:01.923+0000] {dag.py:3096} INFO - Sync 1 DAGs
[2025-08-26T04:39:02.027+0000] {logging_mixin.py:188} INFO - [2025-08-26T04:39:02.026+0000] {dag.py:3954} INFO - Setting next_dagrun for example_complex to None, run_after=None
[2025-08-26T04:39:02.147+0000] {processor.py:183} INFO - Processing /home/airflow/.local/lib/python3.12/site-packages/airflow/example_dags/example_complex.py took 0.583 seconds
[2025-08-26T04:39:36.876+0000] {processor.py:161} INFO - Started process (PID=4678) to work on /home/airflow/.local/lib/python3.12/site-packages/airflow/example_dags/example_complex.py
[2025-08-26T04:39:36.995+0000] {processor.py:830} INFO - Processing file /home/airflow/.local/lib/python3.12/site-packages/airflow/example_dags/example_complex.py for tasks to queue
[2025-08-26T04:39:37.047+0000] {logging_mixin.py:188} INFO - [2025-08-26T04:39:37.045+0000] {dagbag.py:545} INFO - Filling up the DagBag from /home/airflow/.local/lib/python3.12/site-packages/airflow/example_dags/example_complex.py
[2025-08-26T04:39:37.465+0000] {processor.py:840} INFO - DAG(s) 'example_complex' retrieved from /home/airflow/.local/lib/python3.12/site-packages/airflow/example_dags/example_complex.py
[2025-08-26T04:39:38.056+0000] {logging_mixin.py:188} INFO - [2025-08-26T04:39:38.044+0000] {dag.py:3096} INFO - Sync 1 DAGs
[2025-08-26T04:39:38.352+0000] {logging_mixin.py:188} INFO - [2025-08-26T04:39:38.339+0000] {dag.py:3954} INFO - Setting next_dagrun for example_complex to None, run_after=None
[2025-08-26T04:39:38.593+0000] {processor.py:183} INFO - Processing /home/airflow/.local/lib/python3.12/site-packages/airflow/example_dags/example_complex.py took 1.883 seconds
[2025-08-26T04:40:14.950+0000] {processor.py:161} INFO - Started process (PID=4904) to work on /home/airflow/.local/lib/python3.12/site-packages/airflow/example_dags/example_complex.py
[2025-08-26T04:40:14.957+0000] {processor.py:830} INFO - Processing file /home/airflow/.local/lib/python3.12/site-packages/airflow/example_dags/example_complex.py for tasks to queue
[2025-08-26T04:40:14.974+0000] {logging_mixin.py:188} INFO - [2025-08-26T04:40:14.972+0000] {dagbag.py:545} INFO - Filling up the DagBag from /home/airflow/.local/lib/python3.12/site-packages/airflow/example_dags/example_complex.py
[2025-08-26T04:40:15.079+0000] {processor.py:840} INFO - DAG(s) 'example_complex' retrieved from /home/airflow/.local/lib/python3.12/site-packages/airflow/example_dags/example_complex.py
[2025-08-26T04:40:15.456+0000] {logging_mixin.py:188} INFO - [2025-08-26T04:40:15.455+0000] {dag.py:3096} INFO - Sync 1 DAGs
[2025-08-26T04:40:15.633+0000] {logging_mixin.py:188} INFO - [2025-08-26T04:40:15.633+0000] {dag.py:3954} INFO - Setting next_dagrun for example_complex to None, run_after=None
[2025-08-26T04:40:15.901+0000] {processor.py:183} INFO - Processing /home/airflow/.local/lib/python3.12/site-packages/airflow/example_dags/example_complex.py took 1.049 seconds
[2025-08-26T04:40:48.200+0000] {processor.py:161} INFO - Started process (PID=5168) to work on /home/airflow/.local/lib/python3.12/site-packages/airflow/example_dags/example_complex.py
[2025-08-26T04:40:48.203+0000] {processor.py:830} INFO - Processing file /home/airflow/.local/lib/python3.12/site-packages/airflow/example_dags/example_complex.py for tasks to queue
[2025-08-26T04:40:48.212+0000] {logging_mixin.py:188} INFO - [2025-08-26T04:40:48.210+0000] {dagbag.py:545} INFO - Filling up the DagBag from /home/airflow/.local/lib/python3.12/site-packages/airflow/example_dags/example_complex.py
[2025-08-26T04:40:48.277+0000] {processor.py:840} INFO - DAG(s) 'example_complex' retrieved from /home/airflow/.local/lib/python3.12/site-packages/airflow/example_dags/example_complex.py
[2025-08-26T04:40:48.496+0000] {logging_mixin.py:188} INFO - [2025-08-26T04:40:48.495+0000] {dag.py:3096} INFO - Sync 1 DAGs
[2025-08-26T04:40:48.562+0000] {logging_mixin.py:188} INFO - [2025-08-26T04:40:48.561+0000] {dag.py:3954} INFO - Setting next_dagrun for example_complex to None, run_after=None
[2025-08-26T04:40:48.648+0000] {processor.py:183} INFO - Processing /home/airflow/.local/lib/python3.12/site-packages/airflow/example_dags/example_complex.py took 0.504 seconds
[2025-08-26T04:41:19.296+0000] {processor.py:161} INFO - Started process (PID=5428) to work on /home/airflow/.local/lib/python3.12/site-packages/airflow/example_dags/example_complex.py
[2025-08-26T04:41:19.315+0000] {processor.py:830} INFO - Processing file /home/airflow/.local/lib/python3.12/site-packages/airflow/example_dags/example_complex.py for tasks to queue
[2025-08-26T04:41:19.342+0000] {logging_mixin.py:188} INFO - [2025-08-26T04:41:19.341+0000] {dagbag.py:545} INFO - Filling up the DagBag from /home/airflow/.local/lib/python3.12/site-packages/airflow/example_dags/example_complex.py
[2025-08-26T04:41:19.479+0000] {processor.py:840} INFO - DAG(s) 'example_complex' retrieved from /home/airflow/.local/lib/python3.12/site-packages/airflow/example_dags/example_complex.py
[2025-08-26T04:41:19.659+0000] {logging_mixin.py:188} INFO - [2025-08-26T04:41:19.658+0000] {dag.py:3096} INFO - Sync 1 DAGs
[2025-08-26T04:41:19.747+0000] {logging_mixin.py:188} INFO - [2025-08-26T04:41:19.744+0000] {dag.py:3954} INFO - Setting next_dagrun for example_complex to None, run_after=None
[2025-08-26T04:41:19.830+0000] {processor.py:183} INFO - Processing /home/airflow/.local/lib/python3.12/site-packages/airflow/example_dags/example_complex.py took 0.752 seconds
[2025-08-26T04:41:55.911+0000] {processor.py:161} INFO - Started process (PID=5684) to work on /home/airflow/.local/lib/python3.12/site-packages/airflow/example_dags/example_complex.py
[2025-08-26T04:41:55.917+0000] {processor.py:830} INFO - Processing file /home/airflow/.local/lib/python3.12/site-packages/airflow/example_dags/example_complex.py for tasks to queue
[2025-08-26T04:41:55.945+0000] {logging_mixin.py:188} INFO - [2025-08-26T04:41:55.944+0000] {dagbag.py:545} INFO - Filling up the DagBag from /home/airflow/.local/lib/python3.12/site-packages/airflow/example_dags/example_complex.py
[2025-08-26T04:41:56.070+0000] {processor.py:840} INFO - DAG(s) 'example_complex' retrieved from /home/airflow/.local/lib/python3.12/site-packages/airflow/example_dags/example_complex.py
[2025-08-26T04:41:56.388+0000] {logging_mixin.py:188} INFO - [2025-08-26T04:41:56.375+0000] {dag.py:3096} INFO - Sync 1 DAGs
[2025-08-26T04:41:56.522+0000] {logging_mixin.py:188} INFO - [2025-08-26T04:41:56.521+0000] {dag.py:3954} INFO - Setting next_dagrun for example_complex to None, run_after=None
[2025-08-26T04:41:56.763+0000] {processor.py:183} INFO - Processing /home/airflow/.local/lib/python3.12/site-packages/airflow/example_dags/example_complex.py took 0.932 seconds
[2025-08-26T04:42:37.392+0000] {processor.py:161} INFO - Started process (PID=5942) to work on /home/airflow/.local/lib/python3.12/site-packages/airflow/example_dags/example_complex.py
[2025-08-26T04:42:37.397+0000] {processor.py:830} INFO - Processing file /home/airflow/.local/lib/python3.12/site-packages/airflow/example_dags/example_complex.py for tasks to queue
[2025-08-26T04:42:37.406+0000] {logging_mixin.py:188} INFO - [2025-08-26T04:42:37.405+0000] {dagbag.py:545} INFO - Filling up the DagBag from /home/airflow/.local/lib/python3.12/site-packages/airflow/example_dags/example_complex.py
[2025-08-26T04:42:37.512+0000] {processor.py:840} INFO - DAG(s) 'example_complex' retrieved from /home/airflow/.local/lib/python3.12/site-packages/airflow/example_dags/example_complex.py
[2025-08-26T04:42:37.774+0000] {logging_mixin.py:188} INFO - [2025-08-26T04:42:37.773+0000] {dag.py:3096} INFO - Sync 1 DAGs
[2025-08-26T04:42:37.850+0000] {logging_mixin.py:188} INFO - [2025-08-26T04:42:37.849+0000] {dag.py:3954} INFO - Setting next_dagrun for example_complex to None, run_after=None
[2025-08-26T04:42:37.946+0000] {processor.py:183} INFO - Processing /home/airflow/.local/lib/python3.12/site-packages/airflow/example_dags/example_complex.py took 0.598 seconds
[2025-08-26T04:43:11.442+0000] {processor.py:161} INFO - Started process (PID=6206) to work on /home/airflow/.local/lib/python3.12/site-packages/airflow/example_dags/example_complex.py
[2025-08-26T04:43:11.450+0000] {processor.py:830} INFO - Processing file /home/airflow/.local/lib/python3.12/site-packages/airflow/example_dags/example_complex.py for tasks to queue
[2025-08-26T04:43:11.468+0000] {logging_mixin.py:188} INFO - [2025-08-26T04:43:11.467+0000] {dagbag.py:545} INFO - Filling up the DagBag from /home/airflow/.local/lib/python3.12/site-packages/airflow/example_dags/example_complex.py
[2025-08-26T04:43:11.545+0000] {processor.py:840} INFO - DAG(s) 'example_complex' retrieved from /home/airflow/.local/lib/python3.12/site-packages/airflow/example_dags/example_complex.py
[2025-08-26T04:43:11.853+0000] {logging_mixin.py:188} INFO - [2025-08-26T04:43:11.852+0000] {dag.py:3096} INFO - Sync 1 DAGs
[2025-08-26T04:43:11.957+0000] {logging_mixin.py:188} INFO - [2025-08-26T04:43:11.956+0000] {dag.py:3954} INFO - Setting next_dagrun for example_complex to None, run_after=None
[2025-08-26T04:43:12.200+0000] {processor.py:183} INFO - Processing /home/airflow/.local/lib/python3.12/site-packages/airflow/example_dags/example_complex.py took 0.801 seconds
[2025-08-26T04:43:46.853+0000] {processor.py:161} INFO - Started process (PID=6445) to work on /home/airflow/.local/lib/python3.12/site-packages/airflow/example_dags/example_complex.py
[2025-08-26T04:43:46.883+0000] {processor.py:830} INFO - Processing file /home/airflow/.local/lib/python3.12/site-packages/airflow/example_dags/example_complex.py for tasks to queue
[2025-08-26T04:43:46.900+0000] {logging_mixin.py:188} INFO - [2025-08-26T04:43:46.897+0000] {dagbag.py:545} INFO - Filling up the DagBag from /home/airflow/.local/lib/python3.12/site-packages/airflow/example_dags/example_complex.py
[2025-08-26T04:43:47.042+0000] {processor.py:840} INFO - DAG(s) 'example_complex' retrieved from /home/airflow/.local/lib/python3.12/site-packages/airflow/example_dags/example_complex.py
[2025-08-26T04:43:47.445+0000] {logging_mixin.py:188} INFO - [2025-08-26T04:43:47.444+0000] {dag.py:3096} INFO - Sync 1 DAGs
[2025-08-26T04:43:47.574+0000] {logging_mixin.py:188} INFO - [2025-08-26T04:43:47.573+0000] {dag.py:3954} INFO - Setting next_dagrun for example_complex to None, run_after=None
[2025-08-26T04:43:47.699+0000] {processor.py:183} INFO - Processing /home/airflow/.local/lib/python3.12/site-packages/airflow/example_dags/example_complex.py took 0.979 seconds
[2025-08-26T04:44:20.770+0000] {processor.py:161} INFO - Started process (PID=6706) to work on /home/airflow/.local/lib/python3.12/site-packages/airflow/example_dags/example_complex.py
[2025-08-26T04:44:20.785+0000] {processor.py:830} INFO - Processing file /home/airflow/.local/lib/python3.12/site-packages/airflow/example_dags/example_complex.py for tasks to queue
[2025-08-26T04:44:20.803+0000] {logging_mixin.py:188} INFO - [2025-08-26T04:44:20.801+0000] {dagbag.py:545} INFO - Filling up the DagBag from /home/airflow/.local/lib/python3.12/site-packages/airflow/example_dags/example_complex.py
[2025-08-26T04:44:20.902+0000] {processor.py:840} INFO - DAG(s) 'example_complex' retrieved from /home/airflow/.local/lib/python3.12/site-packages/airflow/example_dags/example_complex.py
[2025-08-26T04:44:21.269+0000] {logging_mixin.py:188} INFO - [2025-08-26T04:44:21.268+0000] {dag.py:3096} INFO - Sync 1 DAGs
[2025-08-26T04:44:21.406+0000] {logging_mixin.py:188} INFO - [2025-08-26T04:44:21.405+0000] {dag.py:3954} INFO - Setting next_dagrun for example_complex to None, run_after=None
[2025-08-26T04:44:21.669+0000] {processor.py:183} INFO - Processing /home/airflow/.local/lib/python3.12/site-packages/airflow/example_dags/example_complex.py took 0.965 seconds
[2025-08-26T04:44:55.540+0000] {processor.py:161} INFO - Started process (PID=6968) to work on /home/airflow/.local/lib/python3.12/site-packages/airflow/example_dags/example_complex.py
[2025-08-26T04:44:55.556+0000] {processor.py:830} INFO - Processing file /home/airflow/.local/lib/python3.12/site-packages/airflow/example_dags/example_complex.py for tasks to queue
[2025-08-26T04:44:55.578+0000] {logging_mixin.py:188} INFO - [2025-08-26T04:44:55.577+0000] {dagbag.py:545} INFO - Filling up the DagBag from /home/airflow/.local/lib/python3.12/site-packages/airflow/example_dags/example_complex.py
[2025-08-26T04:44:55.741+0000] {processor.py:840} INFO - DAG(s) 'example_complex' retrieved from /home/airflow/.local/lib/python3.12/site-packages/airflow/example_dags/example_complex.py
[2025-08-26T04:44:56.178+0000] {logging_mixin.py:188} INFO - [2025-08-26T04:44:56.177+0000] {dag.py:3096} INFO - Sync 1 DAGs
[2025-08-26T04:44:56.321+0000] {logging_mixin.py:188} INFO - [2025-08-26T04:44:56.320+0000] {dag.py:3954} INFO - Setting next_dagrun for example_complex to None, run_after=None
[2025-08-26T04:44:56.467+0000] {processor.py:183} INFO - Processing /home/airflow/.local/lib/python3.12/site-packages/airflow/example_dags/example_complex.py took 0.990 seconds
[2025-08-26T04:45:29.577+0000] {processor.py:161} INFO - Started process (PID=7222) to work on /home/airflow/.local/lib/python3.12/site-packages/airflow/example_dags/example_complex.py
[2025-08-26T04:45:29.588+0000] {processor.py:830} INFO - Processing file /home/airflow/.local/lib/python3.12/site-packages/airflow/example_dags/example_complex.py for tasks to queue
[2025-08-26T04:45:29.609+0000] {logging_mixin.py:188} INFO - [2025-08-26T04:45:29.607+0000] {dagbag.py:545} INFO - Filling up the DagBag from /home/airflow/.local/lib/python3.12/site-packages/airflow/example_dags/example_complex.py
[2025-08-26T04:45:29.747+0000] {processor.py:840} INFO - DAG(s) 'example_complex' retrieved from /home/airflow/.local/lib/python3.12/site-packages/airflow/example_dags/example_complex.py
[2025-08-26T04:45:30.374+0000] {logging_mixin.py:188} INFO - [2025-08-26T04:45:30.373+0000] {dag.py:3096} INFO - Sync 1 DAGs
[2025-08-26T04:45:30.499+0000] {logging_mixin.py:188} INFO - [2025-08-26T04:45:30.495+0000] {dag.py:3954} INFO - Setting next_dagrun for example_complex to None, run_after=None
[2025-08-26T04:45:30.619+0000] {processor.py:183} INFO - Processing /home/airflow/.local/lib/python3.12/site-packages/airflow/example_dags/example_complex.py took 1.101 seconds
[2025-08-26T04:46:10.694+0000] {processor.py:161} INFO - Started process (PID=7497) to work on /home/airflow/.local/lib/python3.12/site-packages/airflow/example_dags/example_complex.py
[2025-08-26T04:46:10.699+0000] {processor.py:830} INFO - Processing file /home/airflow/.local/lib/python3.12/site-packages/airflow/example_dags/example_complex.py for tasks to queue
[2025-08-26T04:46:10.712+0000] {logging_mixin.py:188} INFO - [2025-08-26T04:46:10.710+0000] {dagbag.py:545} INFO - Filling up the DagBag from /home/airflow/.local/lib/python3.12/site-packages/airflow/example_dags/example_complex.py
[2025-08-26T04:46:10.772+0000] {processor.py:840} INFO - DAG(s) 'example_complex' retrieved from /home/airflow/.local/lib/python3.12/site-packages/airflow/example_dags/example_complex.py
[2025-08-26T04:46:11.255+0000] {logging_mixin.py:188} INFO - [2025-08-26T04:46:11.255+0000] {dag.py:3096} INFO - Sync 1 DAGs
[2025-08-26T04:46:11.543+0000] {logging_mixin.py:188} INFO - [2025-08-26T04:46:11.542+0000] {dag.py:3954} INFO - Setting next_dagrun for example_complex to None, run_after=None
[2025-08-26T04:46:11.747+0000] {processor.py:183} INFO - Processing /home/airflow/.local/lib/python3.12/site-packages/airflow/example_dags/example_complex.py took 1.112 seconds
[2025-08-26T04:46:48.412+0000] {processor.py:161} INFO - Started process (PID=7752) to work on /home/airflow/.local/lib/python3.12/site-packages/airflow/example_dags/example_complex.py
[2025-08-26T04:46:48.416+0000] {processor.py:830} INFO - Processing file /home/airflow/.local/lib/python3.12/site-packages/airflow/example_dags/example_complex.py for tasks to queue
[2025-08-26T04:46:48.429+0000] {logging_mixin.py:188} INFO - [2025-08-26T04:46:48.428+0000] {dagbag.py:545} INFO - Filling up the DagBag from /home/airflow/.local/lib/python3.12/site-packages/airflow/example_dags/example_complex.py
[2025-08-26T04:46:48.490+0000] {processor.py:840} INFO - DAG(s) 'example_complex' retrieved from /home/airflow/.local/lib/python3.12/site-packages/airflow/example_dags/example_complex.py
[2025-08-26T04:46:48.654+0000] {logging_mixin.py:188} INFO - [2025-08-26T04:46:48.653+0000] {dag.py:3096} INFO - Sync 1 DAGs
[2025-08-26T04:46:48.710+0000] {logging_mixin.py:188} INFO - [2025-08-26T04:46:48.709+0000] {dag.py:3954} INFO - Setting next_dagrun for example_complex to None, run_after=None
[2025-08-26T04:46:48.797+0000] {processor.py:183} INFO - Processing /home/airflow/.local/lib/python3.12/site-packages/airflow/example_dags/example_complex.py took 0.423 seconds
[2025-08-26T04:47:21.389+0000] {processor.py:161} INFO - Started process (PID=7999) to work on /home/airflow/.local/lib/python3.12/site-packages/airflow/example_dags/example_complex.py
[2025-08-26T04:47:21.399+0000] {processor.py:830} INFO - Processing file /home/airflow/.local/lib/python3.12/site-packages/airflow/example_dags/example_complex.py for tasks to queue
[2025-08-26T04:47:21.422+0000] {logging_mixin.py:188} INFO - [2025-08-26T04:47:21.410+0000] {dagbag.py:545} INFO - Filling up the DagBag from /home/airflow/.local/lib/python3.12/site-packages/airflow/example_dags/example_complex.py
[2025-08-26T04:47:21.594+0000] {processor.py:840} INFO - DAG(s) 'example_complex' retrieved from /home/airflow/.local/lib/python3.12/site-packages/airflow/example_dags/example_complex.py
[2025-08-26T04:47:21.992+0000] {logging_mixin.py:188} INFO - [2025-08-26T04:47:21.992+0000] {dag.py:3096} INFO - Sync 1 DAGs
[2025-08-26T04:47:22.083+0000] {logging_mixin.py:188} INFO - [2025-08-26T04:47:22.079+0000] {dag.py:3954} INFO - Setting next_dagrun for example_complex to None, run_after=None
[2025-08-26T04:47:22.293+0000] {processor.py:183} INFO - Processing /home/airflow/.local/lib/python3.12/site-packages/airflow/example_dags/example_complex.py took 0.975 seconds
[2025-08-26T04:49:21.722+0000] {processor.py:161} INFO - Started process (PID=243) to work on /home/airflow/.local/lib/python3.12/site-packages/airflow/example_dags/example_complex.py
[2025-08-26T04:49:21.737+0000] {processor.py:830} INFO - Processing file /home/airflow/.local/lib/python3.12/site-packages/airflow/example_dags/example_complex.py for tasks to queue
[2025-08-26T04:49:21.752+0000] {logging_mixin.py:188} INFO - [2025-08-26T04:49:21.750+0000] {dagbag.py:545} INFO - Filling up the DagBag from /home/airflow/.local/lib/python3.12/site-packages/airflow/example_dags/example_complex.py
[2025-08-26T04:49:21.856+0000] {processor.py:840} INFO - DAG(s) 'example_complex' retrieved from /home/airflow/.local/lib/python3.12/site-packages/airflow/example_dags/example_complex.py
[2025-08-26T04:49:23.147+0000] {logging_mixin.py:188} INFO - [2025-08-26T04:49:23.146+0000] {dag.py:3096} INFO - Sync 1 DAGs
[2025-08-26T04:49:23.334+0000] {logging_mixin.py:188} INFO - [2025-08-26T04:49:23.305+0000] {dag.py:3954} INFO - Setting next_dagrun for example_complex to None, run_after=None
[2025-08-26T04:49:23.768+0000] {processor.py:183} INFO - Processing /home/airflow/.local/lib/python3.12/site-packages/airflow/example_dags/example_complex.py took 2.076 seconds
[2025-08-26T04:50:05.946+0000] {processor.py:161} INFO - Started process (PID=510) to work on /home/airflow/.local/lib/python3.12/site-packages/airflow/example_dags/example_complex.py
[2025-08-26T04:50:05.954+0000] {processor.py:830} INFO - Processing file /home/airflow/.local/lib/python3.12/site-packages/airflow/example_dags/example_complex.py for tasks to queue
[2025-08-26T04:50:05.961+0000] {logging_mixin.py:188} INFO - [2025-08-26T04:50:05.960+0000] {dagbag.py:545} INFO - Filling up the DagBag from /home/airflow/.local/lib/python3.12/site-packages/airflow/example_dags/example_complex.py
[2025-08-26T04:50:06.036+0000] {processor.py:840} INFO - DAG(s) 'example_complex' retrieved from /home/airflow/.local/lib/python3.12/site-packages/airflow/example_dags/example_complex.py
[2025-08-26T04:50:06.254+0000] {logging_mixin.py:188} INFO - [2025-08-26T04:50:06.254+0000] {dag.py:3096} INFO - Sync 1 DAGs
[2025-08-26T04:50:06.337+0000] {logging_mixin.py:188} INFO - [2025-08-26T04:50:06.337+0000] {dag.py:3954} INFO - Setting next_dagrun for example_complex to None, run_after=None
[2025-08-26T04:50:06.453+0000] {processor.py:183} INFO - Processing /home/airflow/.local/lib/python3.12/site-packages/airflow/example_dags/example_complex.py took 0.533 seconds
[2025-08-26T04:50:37.987+0000] {processor.py:161} INFO - Started process (PID=772) to work on /home/airflow/.local/lib/python3.12/site-packages/airflow/example_dags/example_complex.py
[2025-08-26T04:50:37.993+0000] {processor.py:830} INFO - Processing file /home/airflow/.local/lib/python3.12/site-packages/airflow/example_dags/example_complex.py for tasks to queue
[2025-08-26T04:50:38.003+0000] {logging_mixin.py:188} INFO - [2025-08-26T04:50:38.002+0000] {dagbag.py:545} INFO - Filling up the DagBag from /home/airflow/.local/lib/python3.12/site-packages/airflow/example_dags/example_complex.py
[2025-08-26T04:50:38.075+0000] {processor.py:840} INFO - DAG(s) 'example_complex' retrieved from /home/airflow/.local/lib/python3.12/site-packages/airflow/example_dags/example_complex.py
[2025-08-26T04:50:38.301+0000] {logging_mixin.py:188} INFO - [2025-08-26T04:50:38.299+0000] {dag.py:3096} INFO - Sync 1 DAGs
[2025-08-26T04:50:38.381+0000] {logging_mixin.py:188} INFO - [2025-08-26T04:50:38.381+0000] {dag.py:3954} INFO - Setting next_dagrun for example_complex to None, run_after=None
[2025-08-26T04:50:38.562+0000] {processor.py:183} INFO - Processing /home/airflow/.local/lib/python3.12/site-packages/airflow/example_dags/example_complex.py took 0.643 seconds
[2025-08-26T04:51:11.031+0000] {processor.py:161} INFO - Started process (PID=1034) to work on /home/airflow/.local/lib/python3.12/site-packages/airflow/example_dags/example_complex.py
[2025-08-26T04:51:11.065+0000] {processor.py:830} INFO - Processing file /home/airflow/.local/lib/python3.12/site-packages/airflow/example_dags/example_complex.py for tasks to queue
[2025-08-26T04:51:11.097+0000] {logging_mixin.py:188} INFO - [2025-08-26T04:51:11.096+0000] {dagbag.py:545} INFO - Filling up the DagBag from /home/airflow/.local/lib/python3.12/site-packages/airflow/example_dags/example_complex.py
[2025-08-26T04:51:11.186+0000] {processor.py:840} INFO - DAG(s) 'example_complex' retrieved from /home/airflow/.local/lib/python3.12/site-packages/airflow/example_dags/example_complex.py
[2025-08-26T04:51:11.579+0000] {logging_mixin.py:188} INFO - [2025-08-26T04:51:11.563+0000] {dag.py:3096} INFO - Sync 1 DAGs
[2025-08-26T04:51:11.892+0000] {logging_mixin.py:188} INFO - [2025-08-26T04:51:11.892+0000] {dag.py:3954} INFO - Setting next_dagrun for example_complex to None, run_after=None
[2025-08-26T04:51:12.055+0000] {processor.py:183} INFO - Processing /home/airflow/.local/lib/python3.12/site-packages/airflow/example_dags/example_complex.py took 1.067 seconds
[2025-08-26T04:51:43.128+0000] {processor.py:161} INFO - Started process (PID=1290) to work on /home/airflow/.local/lib/python3.12/site-packages/airflow/example_dags/example_complex.py
[2025-08-26T04:51:43.144+0000] {processor.py:830} INFO - Processing file /home/airflow/.local/lib/python3.12/site-packages/airflow/example_dags/example_complex.py for tasks to queue
[2025-08-26T04:51:43.157+0000] {logging_mixin.py:188} INFO - [2025-08-26T04:51:43.156+0000] {dagbag.py:545} INFO - Filling up the DagBag from /home/airflow/.local/lib/python3.12/site-packages/airflow/example_dags/example_complex.py
[2025-08-26T04:51:43.274+0000] {processor.py:840} INFO - DAG(s) 'example_complex' retrieved from /home/airflow/.local/lib/python3.12/site-packages/airflow/example_dags/example_complex.py
[2025-08-26T04:51:43.639+0000] {logging_mixin.py:188} INFO - [2025-08-26T04:51:43.638+0000] {dag.py:3096} INFO - Sync 1 DAGs
[2025-08-26T04:51:43.897+0000] {logging_mixin.py:188} INFO - [2025-08-26T04:51:43.897+0000] {dag.py:3954} INFO - Setting next_dagrun for example_complex to None, run_after=None
[2025-08-26T04:51:44.224+0000] {processor.py:183} INFO - Processing /home/airflow/.local/lib/python3.12/site-packages/airflow/example_dags/example_complex.py took 1.143 seconds
[2025-08-26T04:52:14.790+0000] {processor.py:161} INFO - Started process (PID=1551) to work on /home/airflow/.local/lib/python3.12/site-packages/airflow/example_dags/example_complex.py
[2025-08-26T04:52:14.801+0000] {processor.py:830} INFO - Processing file /home/airflow/.local/lib/python3.12/site-packages/airflow/example_dags/example_complex.py for tasks to queue
[2025-08-26T04:52:14.820+0000] {logging_mixin.py:188} INFO - [2025-08-26T04:52:14.819+0000] {dagbag.py:545} INFO - Filling up the DagBag from /home/airflow/.local/lib/python3.12/site-packages/airflow/example_dags/example_complex.py
[2025-08-26T04:52:14.932+0000] {processor.py:840} INFO - DAG(s) 'example_complex' retrieved from /home/airflow/.local/lib/python3.12/site-packages/airflow/example_dags/example_complex.py
[2025-08-26T04:52:15.559+0000] {logging_mixin.py:188} INFO - [2025-08-26T04:52:15.558+0000] {dag.py:3096} INFO - Sync 1 DAGs
[2025-08-26T04:52:15.741+0000] {logging_mixin.py:188} INFO - [2025-08-26T04:52:15.740+0000] {dag.py:3954} INFO - Setting next_dagrun for example_complex to None, run_after=None
[2025-08-26T04:52:15.950+0000] {processor.py:183} INFO - Processing /home/airflow/.local/lib/python3.12/site-packages/airflow/example_dags/example_complex.py took 1.227 seconds
[2025-08-26T04:52:59.157+0000] {processor.py:161} INFO - Started process (PID=1813) to work on /home/airflow/.local/lib/python3.12/site-packages/airflow/example_dags/example_complex.py
[2025-08-26T04:52:59.166+0000] {processor.py:830} INFO - Processing file /home/airflow/.local/lib/python3.12/site-packages/airflow/example_dags/example_complex.py for tasks to queue
[2025-08-26T04:52:59.183+0000] {logging_mixin.py:188} INFO - [2025-08-26T04:52:59.182+0000] {dagbag.py:545} INFO - Filling up the DagBag from /home/airflow/.local/lib/python3.12/site-packages/airflow/example_dags/example_complex.py
[2025-08-26T04:52:59.295+0000] {processor.py:840} INFO - DAG(s) 'example_complex' retrieved from /home/airflow/.local/lib/python3.12/site-packages/airflow/example_dags/example_complex.py
[2025-08-26T04:52:59.552+0000] {logging_mixin.py:188} INFO - [2025-08-26T04:52:59.551+0000] {dag.py:3096} INFO - Sync 1 DAGs
[2025-08-26T04:52:59.701+0000] {logging_mixin.py:188} INFO - [2025-08-26T04:52:59.700+0000] {dag.py:3954} INFO - Setting next_dagrun for example_complex to None, run_after=None
[2025-08-26T04:52:59.905+0000] {processor.py:183} INFO - Processing /home/airflow/.local/lib/python3.12/site-packages/airflow/example_dags/example_complex.py took 0.789 seconds
[2025-08-26T04:53:30.513+0000] {processor.py:161} INFO - Started process (PID=2074) to work on /home/airflow/.local/lib/python3.12/site-packages/airflow/example_dags/example_complex.py
[2025-08-26T04:53:30.520+0000] {processor.py:830} INFO - Processing file /home/airflow/.local/lib/python3.12/site-packages/airflow/example_dags/example_complex.py for tasks to queue
[2025-08-26T04:53:30.534+0000] {logging_mixin.py:188} INFO - [2025-08-26T04:53:30.530+0000] {dagbag.py:545} INFO - Filling up the DagBag from /home/airflow/.local/lib/python3.12/site-packages/airflow/example_dags/example_complex.py
[2025-08-26T04:53:30.594+0000] {processor.py:840} INFO - DAG(s) 'example_complex' retrieved from /home/airflow/.local/lib/python3.12/site-packages/airflow/example_dags/example_complex.py
[2025-08-26T04:53:30.763+0000] {logging_mixin.py:188} INFO - [2025-08-26T04:53:30.762+0000] {dag.py:3096} INFO - Sync 1 DAGs
[2025-08-26T04:53:30.837+0000] {logging_mixin.py:188} INFO - [2025-08-26T04:53:30.836+0000] {dag.py:3954} INFO - Setting next_dagrun for example_complex to None, run_after=None
[2025-08-26T04:53:31.010+0000] {processor.py:183} INFO - Processing /home/airflow/.local/lib/python3.12/site-packages/airflow/example_dags/example_complex.py took 0.532 seconds
[2025-08-26T04:54:01.843+0000] {processor.py:161} INFO - Started process (PID=2338) to work on /home/airflow/.local/lib/python3.12/site-packages/airflow/example_dags/example_complex.py
[2025-08-26T04:54:01.850+0000] {processor.py:830} INFO - Processing file /home/airflow/.local/lib/python3.12/site-packages/airflow/example_dags/example_complex.py for tasks to queue
[2025-08-26T04:54:01.861+0000] {logging_mixin.py:188} INFO - [2025-08-26T04:54:01.858+0000] {dagbag.py:545} INFO - Filling up the DagBag from /home/airflow/.local/lib/python3.12/site-packages/airflow/example_dags/example_complex.py
[2025-08-26T04:54:01.963+0000] {processor.py:840} INFO - DAG(s) 'example_complex' retrieved from /home/airflow/.local/lib/python3.12/site-packages/airflow/example_dags/example_complex.py
[2025-08-26T04:54:02.217+0000] {logging_mixin.py:188} INFO - [2025-08-26T04:54:02.215+0000] {dag.py:3096} INFO - Sync 1 DAGs
[2025-08-26T04:54:02.275+0000] {logging_mixin.py:188} INFO - [2025-08-26T04:54:02.274+0000] {dag.py:3954} INFO - Setting next_dagrun for example_complex to None, run_after=None
[2025-08-26T04:54:02.353+0000] {processor.py:183} INFO - Processing /home/airflow/.local/lib/python3.12/site-packages/airflow/example_dags/example_complex.py took 0.547 seconds
[2025-08-26T04:54:38.872+0000] {processor.py:161} INFO - Started process (PID=2604) to work on /home/airflow/.local/lib/python3.12/site-packages/airflow/example_dags/example_complex.py
[2025-08-26T04:54:38.878+0000] {processor.py:830} INFO - Processing file /home/airflow/.local/lib/python3.12/site-packages/airflow/example_dags/example_complex.py for tasks to queue
[2025-08-26T04:54:38.893+0000] {logging_mixin.py:188} INFO - [2025-08-26T04:54:38.892+0000] {dagbag.py:545} INFO - Filling up the DagBag from /home/airflow/.local/lib/python3.12/site-packages/airflow/example_dags/example_complex.py
[2025-08-26T04:54:38.959+0000] {processor.py:840} INFO - DAG(s) 'example_complex' retrieved from /home/airflow/.local/lib/python3.12/site-packages/airflow/example_dags/example_complex.py
[2025-08-26T04:54:39.177+0000] {logging_mixin.py:188} INFO - [2025-08-26T04:54:39.174+0000] {dag.py:3096} INFO - Sync 1 DAGs
[2025-08-26T04:54:39.270+0000] {logging_mixin.py:188} INFO - [2025-08-26T04:54:39.265+0000] {dag.py:3954} INFO - Setting next_dagrun for example_complex to None, run_after=None
[2025-08-26T04:54:39.388+0000] {processor.py:183} INFO - Processing /home/airflow/.local/lib/python3.12/site-packages/airflow/example_dags/example_complex.py took 0.546 seconds
[2025-08-26T04:55:11.100+0000] {processor.py:161} INFO - Started process (PID=2868) to work on /home/airflow/.local/lib/python3.12/site-packages/airflow/example_dags/example_complex.py
[2025-08-26T04:55:11.106+0000] {processor.py:830} INFO - Processing file /home/airflow/.local/lib/python3.12/site-packages/airflow/example_dags/example_complex.py for tasks to queue
[2025-08-26T04:55:11.125+0000] {logging_mixin.py:188} INFO - [2025-08-26T04:55:11.114+0000] {dagbag.py:545} INFO - Filling up the DagBag from /home/airflow/.local/lib/python3.12/site-packages/airflow/example_dags/example_complex.py
[2025-08-26T04:55:11.305+0000] {processor.py:840} INFO - DAG(s) 'example_complex' retrieved from /home/airflow/.local/lib/python3.12/site-packages/airflow/example_dags/example_complex.py
[2025-08-26T04:55:11.679+0000] {logging_mixin.py:188} INFO - [2025-08-26T04:55:11.678+0000] {dag.py:3096} INFO - Sync 1 DAGs
[2025-08-26T04:55:11.799+0000] {logging_mixin.py:188} INFO - [2025-08-26T04:55:11.797+0000] {dag.py:3954} INFO - Setting next_dagrun for example_complex to None, run_after=None
[2025-08-26T04:55:11.957+0000] {processor.py:183} INFO - Processing /home/airflow/.local/lib/python3.12/site-packages/airflow/example_dags/example_complex.py took 0.934 seconds
[2025-08-26T04:55:51.765+0000] {processor.py:161} INFO - Started process (PID=3088) to work on /home/airflow/.local/lib/python3.12/site-packages/airflow/example_dags/example_complex.py
[2025-08-26T04:55:51.771+0000] {processor.py:830} INFO - Processing file /home/airflow/.local/lib/python3.12/site-packages/airflow/example_dags/example_complex.py for tasks to queue
[2025-08-26T04:55:51.781+0000] {logging_mixin.py:188} INFO - [2025-08-26T04:55:51.780+0000] {dagbag.py:545} INFO - Filling up the DagBag from /home/airflow/.local/lib/python3.12/site-packages/airflow/example_dags/example_complex.py
[2025-08-26T04:55:51.847+0000] {processor.py:840} INFO - DAG(s) 'example_complex' retrieved from /home/airflow/.local/lib/python3.12/site-packages/airflow/example_dags/example_complex.py
[2025-08-26T04:55:52.254+0000] {logging_mixin.py:188} INFO - [2025-08-26T04:55:52.254+0000] {dag.py:3096} INFO - Sync 1 DAGs
[2025-08-26T04:55:52.400+0000] {logging_mixin.py:188} INFO - [2025-08-26T04:55:52.399+0000] {dag.py:3954} INFO - Setting next_dagrun for example_complex to None, run_after=None
[2025-08-26T04:55:52.612+0000] {processor.py:183} INFO - Processing /home/airflow/.local/lib/python3.12/site-packages/airflow/example_dags/example_complex.py took 0.985 seconds
[2025-08-26T04:56:22.952+0000] {processor.py:161} INFO - Started process (PID=3350) to work on /home/airflow/.local/lib/python3.12/site-packages/airflow/example_dags/example_complex.py
[2025-08-26T04:56:22.955+0000] {processor.py:830} INFO - Processing file /home/airflow/.local/lib/python3.12/site-packages/airflow/example_dags/example_complex.py for tasks to queue
[2025-08-26T04:56:22.976+0000] {logging_mixin.py:188} INFO - [2025-08-26T04:56:22.974+0000] {dagbag.py:545} INFO - Filling up the DagBag from /home/airflow/.local/lib/python3.12/site-packages/airflow/example_dags/example_complex.py
[2025-08-26T04:56:23.045+0000] {processor.py:840} INFO - DAG(s) 'example_complex' retrieved from /home/airflow/.local/lib/python3.12/site-packages/airflow/example_dags/example_complex.py
[2025-08-26T04:56:23.459+0000] {logging_mixin.py:188} INFO - [2025-08-26T04:56:23.458+0000] {dag.py:3096} INFO - Sync 1 DAGs
[2025-08-26T04:56:23.590+0000] {logging_mixin.py:188} INFO - [2025-08-26T04:56:23.590+0000] {dag.py:3954} INFO - Setting next_dagrun for example_complex to None, run_after=None
[2025-08-26T04:56:23.736+0000] {processor.py:183} INFO - Processing /home/airflow/.local/lib/python3.12/site-packages/airflow/example_dags/example_complex.py took 0.827 seconds
[2025-08-26T04:57:03.477+0000] {processor.py:161} INFO - Started process (PID=3608) to work on /home/airflow/.local/lib/python3.12/site-packages/airflow/example_dags/example_complex.py
[2025-08-26T04:57:03.525+0000] {processor.py:830} INFO - Processing file /home/airflow/.local/lib/python3.12/site-packages/airflow/example_dags/example_complex.py for tasks to queue
[2025-08-26T04:57:03.607+0000] {logging_mixin.py:188} INFO - [2025-08-26T04:57:03.605+0000] {dagbag.py:545} INFO - Filling up the DagBag from /home/airflow/.local/lib/python3.12/site-packages/airflow/example_dags/example_complex.py
[2025-08-26T04:57:03.803+0000] {processor.py:840} INFO - DAG(s) 'example_complex' retrieved from /home/airflow/.local/lib/python3.12/site-packages/airflow/example_dags/example_complex.py
[2025-08-26T04:57:04.384+0000] {logging_mixin.py:188} INFO - [2025-08-26T04:57:04.383+0000] {dag.py:3096} INFO - Sync 1 DAGs
[2025-08-26T04:57:04.544+0000] {logging_mixin.py:188} INFO - [2025-08-26T04:57:04.543+0000] {dag.py:3954} INFO - Setting next_dagrun for example_complex to None, run_after=None
[2025-08-26T04:57:04.807+0000] {processor.py:183} INFO - Processing /home/airflow/.local/lib/python3.12/site-packages/airflow/example_dags/example_complex.py took 1.507 seconds
[2025-08-26T04:57:45.256+0000] {processor.py:161} INFO - Started process (PID=3872) to work on /home/airflow/.local/lib/python3.12/site-packages/airflow/example_dags/example_complex.py
[2025-08-26T04:57:45.847+0000] {processor.py:830} INFO - Processing file /home/airflow/.local/lib/python3.12/site-packages/airflow/example_dags/example_complex.py for tasks to queue
[2025-08-26T04:57:46.219+0000] {logging_mixin.py:188} INFO - [2025-08-26T04:57:46.217+0000] {dagbag.py:545} INFO - Filling up the DagBag from /home/airflow/.local/lib/python3.12/site-packages/airflow/example_dags/example_complex.py
[2025-08-26T04:57:46.645+0000] {processor.py:840} INFO - DAG(s) 'example_complex' retrieved from /home/airflow/.local/lib/python3.12/site-packages/airflow/example_dags/example_complex.py
[2025-08-26T04:57:47.623+0000] {logging_mixin.py:188} INFO - [2025-08-26T04:57:47.622+0000] {dag.py:3096} INFO - Sync 1 DAGs
[2025-08-26T04:57:48.119+0000] {logging_mixin.py:188} INFO - [2025-08-26T04:57:48.118+0000] {dag.py:3954} INFO - Setting next_dagrun for example_complex to None, run_after=None
[2025-08-26T04:57:48.578+0000] {processor.py:183} INFO - Processing /home/airflow/.local/lib/python3.12/site-packages/airflow/example_dags/example_complex.py took 3.477 seconds
[2025-08-26T05:35:16.931+0000] {processor.py:161} INFO - Started process (PID=4127) to work on /home/airflow/.local/lib/python3.12/site-packages/airflow/example_dags/example_complex.py
[2025-08-26T05:35:16.947+0000] {processor.py:830} INFO - Processing file /home/airflow/.local/lib/python3.12/site-packages/airflow/example_dags/example_complex.py for tasks to queue
[2025-08-26T05:35:16.965+0000] {logging_mixin.py:188} INFO - [2025-08-26T05:35:16.964+0000] {dagbag.py:545} INFO - Filling up the DagBag from /home/airflow/.local/lib/python3.12/site-packages/airflow/example_dags/example_complex.py
[2025-08-26T05:35:17.398+0000] {processor.py:840} INFO - DAG(s) 'example_complex' retrieved from /home/airflow/.local/lib/python3.12/site-packages/airflow/example_dags/example_complex.py
[2025-08-26T05:35:18.323+0000] {logging_mixin.py:188} INFO - [2025-08-26T05:35:18.322+0000] {dag.py:3096} INFO - Sync 1 DAGs
[2025-08-26T05:35:18.482+0000] {logging_mixin.py:188} INFO - [2025-08-26T05:35:18.481+0000] {dag.py:3954} INFO - Setting next_dagrun for example_complex to None, run_after=None
[2025-08-26T05:35:18.863+0000] {processor.py:183} INFO - Processing /home/airflow/.local/lib/python3.12/site-packages/airflow/example_dags/example_complex.py took 2.027 seconds
[2025-08-26T05:42:04.144+0000] {processor.py:161} INFO - Started process (PID=4296) to work on /home/airflow/.local/lib/python3.12/site-packages/airflow/example_dags/example_complex.py
[2025-08-26T05:42:04.163+0000] {processor.py:830} INFO - Processing file /home/airflow/.local/lib/python3.12/site-packages/airflow/example_dags/example_complex.py for tasks to queue
[2025-08-26T05:42:04.171+0000] {logging_mixin.py:188} INFO - [2025-08-26T05:42:04.170+0000] {dagbag.py:545} INFO - Filling up the DagBag from /home/airflow/.local/lib/python3.12/site-packages/airflow/example_dags/example_complex.py
[2025-08-26T05:42:04.290+0000] {processor.py:840} INFO - DAG(s) 'example_complex' retrieved from /home/airflow/.local/lib/python3.12/site-packages/airflow/example_dags/example_complex.py
[2025-08-26T05:42:04.982+0000] {logging_mixin.py:188} INFO - [2025-08-26T05:42:04.964+0000] {dag.py:3096} INFO - Sync 1 DAGs
[2025-08-26T05:42:05.319+0000] {logging_mixin.py:188} INFO - [2025-08-26T05:42:05.319+0000] {dag.py:3954} INFO - Setting next_dagrun for example_complex to None, run_after=None
[2025-08-26T05:42:05.690+0000] {processor.py:183} INFO - Processing /home/airflow/.local/lib/python3.12/site-packages/airflow/example_dags/example_complex.py took 1.611 seconds
[2025-08-26T05:42:53.814+0000] {processor.py:161} INFO - Started process (PID=4509) to work on /home/airflow/.local/lib/python3.12/site-packages/airflow/example_dags/example_complex.py
[2025-08-26T05:42:53.818+0000] {processor.py:830} INFO - Processing file /home/airflow/.local/lib/python3.12/site-packages/airflow/example_dags/example_complex.py for tasks to queue
[2025-08-26T05:42:53.828+0000] {logging_mixin.py:188} INFO - [2025-08-26T05:42:53.826+0000] {dagbag.py:545} INFO - Filling up the DagBag from /home/airflow/.local/lib/python3.12/site-packages/airflow/example_dags/example_complex.py
[2025-08-26T05:42:53.909+0000] {processor.py:840} INFO - DAG(s) 'example_complex' retrieved from /home/airflow/.local/lib/python3.12/site-packages/airflow/example_dags/example_complex.py
[2025-08-26T05:42:54.279+0000] {logging_mixin.py:188} INFO - [2025-08-26T05:42:54.279+0000] {dag.py:3096} INFO - Sync 1 DAGs
[2025-08-26T05:42:54.475+0000] {logging_mixin.py:188} INFO - [2025-08-26T05:42:54.474+0000] {dag.py:3954} INFO - Setting next_dagrun for example_complex to None, run_after=None
[2025-08-26T05:42:54.795+0000] {processor.py:183} INFO - Processing /home/airflow/.local/lib/python3.12/site-packages/airflow/example_dags/example_complex.py took 1.024 seconds
[2025-08-26T05:43:50.878+0000] {processor.py:161} INFO - Started process (PID=4774) to work on /home/airflow/.local/lib/python3.12/site-packages/airflow/example_dags/example_complex.py
[2025-08-26T05:43:50.893+0000] {processor.py:830} INFO - Processing file /home/airflow/.local/lib/python3.12/site-packages/airflow/example_dags/example_complex.py for tasks to queue
[2025-08-26T05:43:50.911+0000] {logging_mixin.py:188} INFO - [2025-08-26T05:43:50.910+0000] {dagbag.py:545} INFO - Filling up the DagBag from /home/airflow/.local/lib/python3.12/site-packages/airflow/example_dags/example_complex.py
[2025-08-26T05:43:51.061+0000] {processor.py:840} INFO - DAG(s) 'example_complex' retrieved from /home/airflow/.local/lib/python3.12/site-packages/airflow/example_dags/example_complex.py
[2025-08-26T05:43:51.699+0000] {logging_mixin.py:188} INFO - [2025-08-26T05:43:51.698+0000] {dag.py:3096} INFO - Sync 1 DAGs
[2025-08-26T05:43:51.897+0000] {logging_mixin.py:188} INFO - [2025-08-26T05:43:51.882+0000] {dag.py:3954} INFO - Setting next_dagrun for example_complex to None, run_after=None
[2025-08-26T05:43:52.094+0000] {processor.py:183} INFO - Processing /home/airflow/.local/lib/python3.12/site-packages/airflow/example_dags/example_complex.py took 1.260 seconds
[2025-08-26T05:44:25.108+0000] {processor.py:161} INFO - Started process (PID=5036) to work on /home/airflow/.local/lib/python3.12/site-packages/airflow/example_dags/example_complex.py
[2025-08-26T05:44:25.111+0000] {processor.py:830} INFO - Processing file /home/airflow/.local/lib/python3.12/site-packages/airflow/example_dags/example_complex.py for tasks to queue
[2025-08-26T05:44:25.115+0000] {logging_mixin.py:188} INFO - [2025-08-26T05:44:25.114+0000] {dagbag.py:545} INFO - Filling up the DagBag from /home/airflow/.local/lib/python3.12/site-packages/airflow/example_dags/example_complex.py
[2025-08-26T05:44:25.226+0000] {processor.py:840} INFO - DAG(s) 'example_complex' retrieved from /home/airflow/.local/lib/python3.12/site-packages/airflow/example_dags/example_complex.py
[2025-08-26T05:44:25.459+0000] {logging_mixin.py:188} INFO - [2025-08-26T05:44:25.459+0000] {dag.py:3096} INFO - Sync 1 DAGs
[2025-08-26T05:44:25.529+0000] {logging_mixin.py:188} INFO - [2025-08-26T05:44:25.528+0000] {dag.py:3954} INFO - Setting next_dagrun for example_complex to None, run_after=None
[2025-08-26T05:44:25.697+0000] {processor.py:183} INFO - Processing /home/airflow/.local/lib/python3.12/site-packages/airflow/example_dags/example_complex.py took 0.626 seconds
[2025-08-26T05:44:59.370+0000] {processor.py:161} INFO - Started process (PID=5274) to work on /home/airflow/.local/lib/python3.12/site-packages/airflow/example_dags/example_complex.py
[2025-08-26T05:44:59.375+0000] {processor.py:830} INFO - Processing file /home/airflow/.local/lib/python3.12/site-packages/airflow/example_dags/example_complex.py for tasks to queue
[2025-08-26T05:44:59.387+0000] {logging_mixin.py:188} INFO - [2025-08-26T05:44:59.383+0000] {dagbag.py:545} INFO - Filling up the DagBag from /home/airflow/.local/lib/python3.12/site-packages/airflow/example_dags/example_complex.py
[2025-08-26T05:44:59.480+0000] {processor.py:840} INFO - DAG(s) 'example_complex' retrieved from /home/airflow/.local/lib/python3.12/site-packages/airflow/example_dags/example_complex.py
[2025-08-26T05:44:59.777+0000] {logging_mixin.py:188} INFO - [2025-08-26T05:44:59.777+0000] {dag.py:3096} INFO - Sync 1 DAGs
[2025-08-26T05:44:59.954+0000] {logging_mixin.py:188} INFO - [2025-08-26T05:44:59.953+0000] {dag.py:3954} INFO - Setting next_dagrun for example_complex to None, run_after=None
[2025-08-26T05:45:00.135+0000] {processor.py:183} INFO - Processing /home/airflow/.local/lib/python3.12/site-packages/airflow/example_dags/example_complex.py took 0.816 seconds
[2025-08-26T05:45:33.293+0000] {processor.py:161} INFO - Started process (PID=5535) to work on /home/airflow/.local/lib/python3.12/site-packages/airflow/example_dags/example_complex.py
[2025-08-26T05:45:33.303+0000] {processor.py:830} INFO - Processing file /home/airflow/.local/lib/python3.12/site-packages/airflow/example_dags/example_complex.py for tasks to queue
[2025-08-26T05:45:33.306+0000] {logging_mixin.py:188} INFO - [2025-08-26T05:45:33.305+0000] {dagbag.py:545} INFO - Filling up the DagBag from /home/airflow/.local/lib/python3.12/site-packages/airflow/example_dags/example_complex.py
[2025-08-26T05:45:33.369+0000] {processor.py:840} INFO - DAG(s) 'example_complex' retrieved from /home/airflow/.local/lib/python3.12/site-packages/airflow/example_dags/example_complex.py
[2025-08-26T05:45:33.619+0000] {logging_mixin.py:188} INFO - [2025-08-26T05:45:33.619+0000] {dag.py:3096} INFO - Sync 1 DAGs
[2025-08-26T05:45:33.704+0000] {logging_mixin.py:188} INFO - [2025-08-26T05:45:33.693+0000] {dag.py:3954} INFO - Setting next_dagrun for example_complex to None, run_after=None
[2025-08-26T05:45:33.803+0000] {processor.py:183} INFO - Processing /home/airflow/.local/lib/python3.12/site-packages/airflow/example_dags/example_complex.py took 0.542 seconds
[2025-08-26T05:46:06.327+0000] {processor.py:161} INFO - Started process (PID=5806) to work on /home/airflow/.local/lib/python3.12/site-packages/airflow/example_dags/example_complex.py
[2025-08-26T05:46:06.332+0000] {processor.py:830} INFO - Processing file /home/airflow/.local/lib/python3.12/site-packages/airflow/example_dags/example_complex.py for tasks to queue
[2025-08-26T05:46:06.338+0000] {logging_mixin.py:188} INFO - [2025-08-26T05:46:06.337+0000] {dagbag.py:545} INFO - Filling up the DagBag from /home/airflow/.local/lib/python3.12/site-packages/airflow/example_dags/example_complex.py
[2025-08-26T05:46:06.406+0000] {processor.py:840} INFO - DAG(s) 'example_complex' retrieved from /home/airflow/.local/lib/python3.12/site-packages/airflow/example_dags/example_complex.py
[2025-08-26T05:46:06.750+0000] {logging_mixin.py:188} INFO - [2025-08-26T05:46:06.747+0000] {dag.py:3096} INFO - Sync 1 DAGs
[2025-08-26T05:46:06.833+0000] {logging_mixin.py:188} INFO - [2025-08-26T05:46:06.832+0000] {dag.py:3954} INFO - Setting next_dagrun for example_complex to None, run_after=None
[2025-08-26T05:46:06.996+0000] {processor.py:183} INFO - Processing /home/airflow/.local/lib/python3.12/site-packages/airflow/example_dags/example_complex.py took 0.700 seconds
[2025-08-26T05:46:39.693+0000] {processor.py:161} INFO - Started process (PID=6066) to work on /home/airflow/.local/lib/python3.12/site-packages/airflow/example_dags/example_complex.py
[2025-08-26T05:46:39.712+0000] {processor.py:830} INFO - Processing file /home/airflow/.local/lib/python3.12/site-packages/airflow/example_dags/example_complex.py for tasks to queue
[2025-08-26T05:46:39.738+0000] {logging_mixin.py:188} INFO - [2025-08-26T05:46:39.737+0000] {dagbag.py:545} INFO - Filling up the DagBag from /home/airflow/.local/lib/python3.12/site-packages/airflow/example_dags/example_complex.py
[2025-08-26T05:46:39.822+0000] {processor.py:840} INFO - DAG(s) 'example_complex' retrieved from /home/airflow/.local/lib/python3.12/site-packages/airflow/example_dags/example_complex.py
[2025-08-26T05:46:40.143+0000] {logging_mixin.py:188} INFO - [2025-08-26T05:46:40.142+0000] {dag.py:3096} INFO - Sync 1 DAGs
[2025-08-26T05:46:40.242+0000] {logging_mixin.py:188} INFO - [2025-08-26T05:46:40.241+0000] {dag.py:3954} INFO - Setting next_dagrun for example_complex to None, run_after=None
[2025-08-26T05:46:40.383+0000] {processor.py:183} INFO - Processing /home/airflow/.local/lib/python3.12/site-packages/airflow/example_dags/example_complex.py took 0.766 seconds
[2025-08-26T05:47:11.415+0000] {processor.py:161} INFO - Started process (PID=6322) to work on /home/airflow/.local/lib/python3.12/site-packages/airflow/example_dags/example_complex.py
[2025-08-26T05:47:11.418+0000] {processor.py:830} INFO - Processing file /home/airflow/.local/lib/python3.12/site-packages/airflow/example_dags/example_complex.py for tasks to queue
[2025-08-26T05:47:11.422+0000] {logging_mixin.py:188} INFO - [2025-08-26T05:47:11.421+0000] {dagbag.py:545} INFO - Filling up the DagBag from /home/airflow/.local/lib/python3.12/site-packages/airflow/example_dags/example_complex.py
[2025-08-26T05:47:11.538+0000] {processor.py:840} INFO - DAG(s) 'example_complex' retrieved from /home/airflow/.local/lib/python3.12/site-packages/airflow/example_dags/example_complex.py
[2025-08-26T05:47:11.970+0000] {logging_mixin.py:188} INFO - [2025-08-26T05:47:11.969+0000] {dag.py:3096} INFO - Sync 1 DAGs
[2025-08-26T05:47:12.120+0000] {logging_mixin.py:188} INFO - [2025-08-26T05:47:12.119+0000] {dag.py:3954} INFO - Setting next_dagrun for example_complex to None, run_after=None
[2025-08-26T05:47:12.456+0000] {processor.py:183} INFO - Processing /home/airflow/.local/lib/python3.12/site-packages/airflow/example_dags/example_complex.py took 1.136 seconds
[2025-08-26T05:47:46.022+0000] {processor.py:161} INFO - Started process (PID=6574) to work on /home/airflow/.local/lib/python3.12/site-packages/airflow/example_dags/example_complex.py
[2025-08-26T05:47:46.044+0000] {processor.py:830} INFO - Processing file /home/airflow/.local/lib/python3.12/site-packages/airflow/example_dags/example_complex.py for tasks to queue
[2025-08-26T05:47:46.050+0000] {logging_mixin.py:188} INFO - [2025-08-26T05:47:46.049+0000] {dagbag.py:545} INFO - Filling up the DagBag from /home/airflow/.local/lib/python3.12/site-packages/airflow/example_dags/example_complex.py
[2025-08-26T05:47:46.205+0000] {processor.py:840} INFO - DAG(s) 'example_complex' retrieved from /home/airflow/.local/lib/python3.12/site-packages/airflow/example_dags/example_complex.py
[2025-08-26T05:47:46.539+0000] {logging_mixin.py:188} INFO - [2025-08-26T05:47:46.533+0000] {dag.py:3096} INFO - Sync 1 DAGs
[2025-08-26T05:47:46.727+0000] {logging_mixin.py:188} INFO - [2025-08-26T05:47:46.725+0000] {dag.py:3954} INFO - Setting next_dagrun for example_complex to None, run_after=None
[2025-08-26T05:47:47.232+0000] {processor.py:183} INFO - Processing /home/airflow/.local/lib/python3.12/site-packages/airflow/example_dags/example_complex.py took 1.343 seconds
