[2025-08-26T04:30:26.114+0000] {processor.py:161} INFO - Started process (PID=420) to work on /home/airflow/.local/lib/python3.12/site-packages/airflow/example_dags/example_params_ui_tutorial.py
[2025-08-26T04:30:26.131+0000] {processor.py:830} INFO - Processing file /home/airflow/.local/lib/python3.12/site-packages/airflow/example_dags/example_params_ui_tutorial.py for tasks to queue
[2025-08-26T04:30:26.148+0000] {logging_mixin.py:188} INFO - [2025-08-26T04:30:26.143+0000] {dagbag.py:545} INFO - Filling up the DagBag from /home/airflow/.local/lib/python3.12/site-packages/airflow/example_dags/example_params_ui_tutorial.py
[2025-08-26T04:30:26.226+0000] {processor.py:840} INFO - DAG(s) 'example_params_ui_tutorial' retrieved from /home/airflow/.local/lib/python3.12/site-packages/airflow/example_dags/example_params_ui_tutorial.py
[2025-08-26T04:30:27.584+0000] {logging_mixin.py:188} INFO - [2025-08-26T04:30:27.581+0000] {override.py:1829} INFO - Created Permission View: can delete on DAG:example_params_ui_tutorial
[2025-08-26T04:30:27.692+0000] {logging_mixin.py:188} INFO - [2025-08-26T04:30:27.691+0000] {override.py:1829} INFO - Created Permission View: can read on DAG:example_params_ui_tutorial
[2025-08-26T04:30:27.726+0000] {logging_mixin.py:188} INFO - [2025-08-26T04:30:27.725+0000] {override.py:1829} INFO - Created Permission View: can edit on DAG:example_params_ui_tutorial
[2025-08-26T04:30:27.728+0000] {logging_mixin.py:188} INFO - [2025-08-26T04:30:27.727+0000] {dag.py:3096} INFO - Sync 1 DAGs
[2025-08-26T04:30:27.803+0000] {logging_mixin.py:188} INFO - [2025-08-26T04:30:27.802+0000] {dag.py:3118} INFO - Creating ORM DAG for example_params_ui_tutorial
[2025-08-26T04:30:27.809+0000] {logging_mixin.py:188} INFO - [2025-08-26T04:30:27.808+0000] {dag.py:3954} INFO - Setting next_dagrun for example_params_ui_tutorial to None, run_after=None
[2025-08-26T04:30:27.904+0000] {processor.py:183} INFO - Processing /home/airflow/.local/lib/python3.12/site-packages/airflow/example_dags/example_params_ui_tutorial.py took 1.858 seconds
[2025-08-26T04:31:09.815+0000] {processor.py:161} INFO - Started process (PID=683) to work on /home/airflow/.local/lib/python3.12/site-packages/airflow/example_dags/example_params_ui_tutorial.py
[2025-08-26T04:31:09.826+0000] {processor.py:830} INFO - Processing file /home/airflow/.local/lib/python3.12/site-packages/airflow/example_dags/example_params_ui_tutorial.py for tasks to queue
[2025-08-26T04:31:09.839+0000] {logging_mixin.py:188} INFO - [2025-08-26T04:31:09.834+0000] {dagbag.py:545} INFO - Filling up the DagBag from /home/airflow/.local/lib/python3.12/site-packages/airflow/example_dags/example_params_ui_tutorial.py
[2025-08-26T04:31:09.960+0000] {processor.py:840} INFO - DAG(s) 'example_params_ui_tutorial' retrieved from /home/airflow/.local/lib/python3.12/site-packages/airflow/example_dags/example_params_ui_tutorial.py
[2025-08-26T04:31:10.585+0000] {logging_mixin.py:188} INFO - [2025-08-26T04:31:10.584+0000] {dag.py:3096} INFO - Sync 1 DAGs
[2025-08-26T04:31:10.683+0000] {logging_mixin.py:188} INFO - [2025-08-26T04:31:10.681+0000] {dag.py:3954} INFO - Setting next_dagrun for example_params_ui_tutorial to None, run_after=None
[2025-08-26T04:31:11.032+0000] {processor.py:183} INFO - Processing /home/airflow/.local/lib/python3.12/site-packages/airflow/example_dags/example_params_ui_tutorial.py took 1.276 seconds
[2025-08-26T04:31:47.076+0000] {processor.py:161} INFO - Started process (PID=945) to work on /home/airflow/.local/lib/python3.12/site-packages/airflow/example_dags/example_params_ui_tutorial.py
[2025-08-26T04:31:47.092+0000] {processor.py:830} INFO - Processing file /home/airflow/.local/lib/python3.12/site-packages/airflow/example_dags/example_params_ui_tutorial.py for tasks to queue
[2025-08-26T04:31:47.107+0000] {logging_mixin.py:188} INFO - [2025-08-26T04:31:47.100+0000] {dagbag.py:545} INFO - Filling up the DagBag from /home/airflow/.local/lib/python3.12/site-packages/airflow/example_dags/example_params_ui_tutorial.py
[2025-08-26T04:31:47.169+0000] {processor.py:840} INFO - DAG(s) 'example_params_ui_tutorial' retrieved from /home/airflow/.local/lib/python3.12/site-packages/airflow/example_dags/example_params_ui_tutorial.py
[2025-08-26T04:31:47.800+0000] {logging_mixin.py:188} INFO - [2025-08-26T04:31:47.799+0000] {dag.py:3096} INFO - Sync 1 DAGs
[2025-08-26T04:31:47.938+0000] {logging_mixin.py:188} INFO - [2025-08-26T04:31:47.938+0000] {dag.py:3954} INFO - Setting next_dagrun for example_params_ui_tutorial to None, run_after=None
[2025-08-26T04:31:48.112+0000] {processor.py:183} INFO - Processing /home/airflow/.local/lib/python3.12/site-packages/airflow/example_dags/example_params_ui_tutorial.py took 1.081 seconds
[2025-08-26T04:32:18.326+0000] {processor.py:161} INFO - Started process (PID=1206) to work on /home/airflow/.local/lib/python3.12/site-packages/airflow/example_dags/example_params_ui_tutorial.py
[2025-08-26T04:32:18.330+0000] {processor.py:830} INFO - Processing file /home/airflow/.local/lib/python3.12/site-packages/airflow/example_dags/example_params_ui_tutorial.py for tasks to queue
[2025-08-26T04:32:18.352+0000] {logging_mixin.py:188} INFO - [2025-08-26T04:32:18.351+0000] {dagbag.py:545} INFO - Filling up the DagBag from /home/airflow/.local/lib/python3.12/site-packages/airflow/example_dags/example_params_ui_tutorial.py
[2025-08-26T04:32:18.453+0000] {processor.py:840} INFO - DAG(s) 'example_params_ui_tutorial' retrieved from /home/airflow/.local/lib/python3.12/site-packages/airflow/example_dags/example_params_ui_tutorial.py
[2025-08-26T04:32:18.922+0000] {logging_mixin.py:188} INFO - [2025-08-26T04:32:18.921+0000] {dag.py:3096} INFO - Sync 1 DAGs
[2025-08-26T04:32:19.008+0000] {logging_mixin.py:188} INFO - [2025-08-26T04:32:19.007+0000] {dag.py:3954} INFO - Setting next_dagrun for example_params_ui_tutorial to None, run_after=None
[2025-08-26T04:32:19.105+0000] {processor.py:183} INFO - Processing /home/airflow/.local/lib/python3.12/site-packages/airflow/example_dags/example_params_ui_tutorial.py took 0.810 seconds
[2025-08-26T04:33:05.344+0000] {processor.py:161} INFO - Started process (PID=1494) to work on /home/airflow/.local/lib/python3.12/site-packages/airflow/example_dags/example_params_ui_tutorial.py
[2025-08-26T04:33:05.351+0000] {processor.py:830} INFO - Processing file /home/airflow/.local/lib/python3.12/site-packages/airflow/example_dags/example_params_ui_tutorial.py for tasks to queue
[2025-08-26T04:33:05.362+0000] {logging_mixin.py:188} INFO - [2025-08-26T04:33:05.358+0000] {dagbag.py:545} INFO - Filling up the DagBag from /home/airflow/.local/lib/python3.12/site-packages/airflow/example_dags/example_params_ui_tutorial.py
[2025-08-26T04:33:05.434+0000] {processor.py:840} INFO - DAG(s) 'example_params_ui_tutorial' retrieved from /home/airflow/.local/lib/python3.12/site-packages/airflow/example_dags/example_params_ui_tutorial.py
[2025-08-26T04:33:05.903+0000] {logging_mixin.py:188} INFO - [2025-08-26T04:33:05.902+0000] {dag.py:3096} INFO - Sync 1 DAGs
[2025-08-26T04:33:06.041+0000] {logging_mixin.py:188} INFO - [2025-08-26T04:33:06.040+0000] {dag.py:3954} INFO - Setting next_dagrun for example_params_ui_tutorial to None, run_after=None
[2025-08-26T04:33:06.171+0000] {processor.py:183} INFO - Processing /home/airflow/.local/lib/python3.12/site-packages/airflow/example_dags/example_params_ui_tutorial.py took 0.888 seconds
[2025-08-26T04:33:36.812+0000] {processor.py:161} INFO - Started process (PID=1756) to work on /home/airflow/.local/lib/python3.12/site-packages/airflow/example_dags/example_params_ui_tutorial.py
[2025-08-26T04:33:36.819+0000] {processor.py:830} INFO - Processing file /home/airflow/.local/lib/python3.12/site-packages/airflow/example_dags/example_params_ui_tutorial.py for tasks to queue
[2025-08-26T04:33:36.837+0000] {logging_mixin.py:188} INFO - [2025-08-26T04:33:36.824+0000] {dagbag.py:545} INFO - Filling up the DagBag from /home/airflow/.local/lib/python3.12/site-packages/airflow/example_dags/example_params_ui_tutorial.py
[2025-08-26T04:33:36.907+0000] {processor.py:840} INFO - DAG(s) 'example_params_ui_tutorial' retrieved from /home/airflow/.local/lib/python3.12/site-packages/airflow/example_dags/example_params_ui_tutorial.py
[2025-08-26T04:33:37.283+0000] {logging_mixin.py:188} INFO - [2025-08-26T04:33:37.283+0000] {dag.py:3096} INFO - Sync 1 DAGs
[2025-08-26T04:33:37.373+0000] {logging_mixin.py:188} INFO - [2025-08-26T04:33:37.372+0000] {dag.py:3954} INFO - Setting next_dagrun for example_params_ui_tutorial to None, run_after=None
[2025-08-26T04:33:37.494+0000] {processor.py:183} INFO - Processing /home/airflow/.local/lib/python3.12/site-packages/airflow/example_dags/example_params_ui_tutorial.py took 0.739 seconds
[2025-08-26T04:34:07.779+0000] {processor.py:161} INFO - Started process (PID=2018) to work on /home/airflow/.local/lib/python3.12/site-packages/airflow/example_dags/example_params_ui_tutorial.py
[2025-08-26T04:34:07.783+0000] {processor.py:830} INFO - Processing file /home/airflow/.local/lib/python3.12/site-packages/airflow/example_dags/example_params_ui_tutorial.py for tasks to queue
[2025-08-26T04:34:07.806+0000] {logging_mixin.py:188} INFO - [2025-08-26T04:34:07.804+0000] {dagbag.py:545} INFO - Filling up the DagBag from /home/airflow/.local/lib/python3.12/site-packages/airflow/example_dags/example_params_ui_tutorial.py
[2025-08-26T04:34:07.925+0000] {processor.py:840} INFO - DAG(s) 'example_params_ui_tutorial' retrieved from /home/airflow/.local/lib/python3.12/site-packages/airflow/example_dags/example_params_ui_tutorial.py
[2025-08-26T04:34:08.253+0000] {logging_mixin.py:188} INFO - [2025-08-26T04:34:08.252+0000] {dag.py:3096} INFO - Sync 1 DAGs
[2025-08-26T04:34:08.381+0000] {logging_mixin.py:188} INFO - [2025-08-26T04:34:08.380+0000] {dag.py:3954} INFO - Setting next_dagrun for example_params_ui_tutorial to None, run_after=None
[2025-08-26T04:34:08.503+0000] {processor.py:183} INFO - Processing /home/airflow/.local/lib/python3.12/site-packages/airflow/example_dags/example_params_ui_tutorial.py took 0.801 seconds
[2025-08-26T04:34:40.293+0000] {processor.py:161} INFO - Started process (PID=2282) to work on /home/airflow/.local/lib/python3.12/site-packages/airflow/example_dags/example_params_ui_tutorial.py
[2025-08-26T04:34:40.299+0000] {processor.py:830} INFO - Processing file /home/airflow/.local/lib/python3.12/site-packages/airflow/example_dags/example_params_ui_tutorial.py for tasks to queue
[2025-08-26T04:34:40.306+0000] {logging_mixin.py:188} INFO - [2025-08-26T04:34:40.305+0000] {dagbag.py:545} INFO - Filling up the DagBag from /home/airflow/.local/lib/python3.12/site-packages/airflow/example_dags/example_params_ui_tutorial.py
[2025-08-26T04:34:40.363+0000] {processor.py:840} INFO - DAG(s) 'example_params_ui_tutorial' retrieved from /home/airflow/.local/lib/python3.12/site-packages/airflow/example_dags/example_params_ui_tutorial.py
[2025-08-26T04:34:40.711+0000] {logging_mixin.py:188} INFO - [2025-08-26T04:34:40.709+0000] {dag.py:3096} INFO - Sync 1 DAGs
[2025-08-26T04:34:40.787+0000] {logging_mixin.py:188} INFO - [2025-08-26T04:34:40.786+0000] {dag.py:3954} INFO - Setting next_dagrun for example_params_ui_tutorial to None, run_after=None
[2025-08-26T04:34:40.885+0000] {processor.py:183} INFO - Processing /home/airflow/.local/lib/python3.12/site-packages/airflow/example_dags/example_params_ui_tutorial.py took 0.636 seconds
[2025-08-26T04:35:11.697+0000] {processor.py:161} INFO - Started process (PID=2541) to work on /home/airflow/.local/lib/python3.12/site-packages/airflow/example_dags/example_params_ui_tutorial.py
[2025-08-26T04:35:11.704+0000] {processor.py:830} INFO - Processing file /home/airflow/.local/lib/python3.12/site-packages/airflow/example_dags/example_params_ui_tutorial.py for tasks to queue
[2025-08-26T04:35:11.716+0000] {logging_mixin.py:188} INFO - [2025-08-26T04:35:11.711+0000] {dagbag.py:545} INFO - Filling up the DagBag from /home/airflow/.local/lib/python3.12/site-packages/airflow/example_dags/example_params_ui_tutorial.py
[2025-08-26T04:35:11.793+0000] {processor.py:840} INFO - DAG(s) 'example_params_ui_tutorial' retrieved from /home/airflow/.local/lib/python3.12/site-packages/airflow/example_dags/example_params_ui_tutorial.py
[2025-08-26T04:35:12.333+0000] {logging_mixin.py:188} INFO - [2025-08-26T04:35:12.333+0000] {dag.py:3096} INFO - Sync 1 DAGs
[2025-08-26T04:35:12.442+0000] {logging_mixin.py:188} INFO - [2025-08-26T04:35:12.441+0000] {dag.py:3954} INFO - Setting next_dagrun for example_params_ui_tutorial to None, run_after=None
[2025-08-26T04:35:12.581+0000] {processor.py:183} INFO - Processing /home/airflow/.local/lib/python3.12/site-packages/airflow/example_dags/example_params_ui_tutorial.py took 0.926 seconds
[2025-08-26T04:35:42.929+0000] {processor.py:161} INFO - Started process (PID=2803) to work on /home/airflow/.local/lib/python3.12/site-packages/airflow/example_dags/example_params_ui_tutorial.py
[2025-08-26T04:35:42.933+0000] {processor.py:830} INFO - Processing file /home/airflow/.local/lib/python3.12/site-packages/airflow/example_dags/example_params_ui_tutorial.py for tasks to queue
[2025-08-26T04:35:42.940+0000] {logging_mixin.py:188} INFO - [2025-08-26T04:35:42.938+0000] {dagbag.py:545} INFO - Filling up the DagBag from /home/airflow/.local/lib/python3.12/site-packages/airflow/example_dags/example_params_ui_tutorial.py
[2025-08-26T04:35:42.989+0000] {processor.py:840} INFO - DAG(s) 'example_params_ui_tutorial' retrieved from /home/airflow/.local/lib/python3.12/site-packages/airflow/example_dags/example_params_ui_tutorial.py
[2025-08-26T04:35:43.253+0000] {logging_mixin.py:188} INFO - [2025-08-26T04:35:43.252+0000] {dag.py:3096} INFO - Sync 1 DAGs
[2025-08-26T04:35:43.316+0000] {logging_mixin.py:188} INFO - [2025-08-26T04:35:43.315+0000] {dag.py:3954} INFO - Setting next_dagrun for example_params_ui_tutorial to None, run_after=None
[2025-08-26T04:35:43.393+0000] {processor.py:183} INFO - Processing /home/airflow/.local/lib/python3.12/site-packages/airflow/example_dags/example_params_ui_tutorial.py took 0.491 seconds
[2025-08-26T04:36:16.748+0000] {processor.py:161} INFO - Started process (PID=3065) to work on /home/airflow/.local/lib/python3.12/site-packages/airflow/example_dags/example_params_ui_tutorial.py
[2025-08-26T04:36:16.758+0000] {processor.py:830} INFO - Processing file /home/airflow/.local/lib/python3.12/site-packages/airflow/example_dags/example_params_ui_tutorial.py for tasks to queue
[2025-08-26T04:36:16.774+0000] {logging_mixin.py:188} INFO - [2025-08-26T04:36:16.773+0000] {dagbag.py:545} INFO - Filling up the DagBag from /home/airflow/.local/lib/python3.12/site-packages/airflow/example_dags/example_params_ui_tutorial.py
[2025-08-26T04:36:16.844+0000] {processor.py:840} INFO - DAG(s) 'example_params_ui_tutorial' retrieved from /home/airflow/.local/lib/python3.12/site-packages/airflow/example_dags/example_params_ui_tutorial.py
[2025-08-26T04:36:17.147+0000] {logging_mixin.py:188} INFO - [2025-08-26T04:36:17.146+0000] {dag.py:3096} INFO - Sync 1 DAGs
[2025-08-26T04:36:17.222+0000] {logging_mixin.py:188} INFO - [2025-08-26T04:36:17.222+0000] {dag.py:3954} INFO - Setting next_dagrun for example_params_ui_tutorial to None, run_after=None
[2025-08-26T04:36:17.310+0000] {processor.py:183} INFO - Processing /home/airflow/.local/lib/python3.12/site-packages/airflow/example_dags/example_params_ui_tutorial.py took 0.664 seconds
[2025-08-26T04:36:49.557+0000] {processor.py:161} INFO - Started process (PID=3333) to work on /home/airflow/.local/lib/python3.12/site-packages/airflow/example_dags/example_params_ui_tutorial.py
[2025-08-26T04:36:49.584+0000] {processor.py:830} INFO - Processing file /home/airflow/.local/lib/python3.12/site-packages/airflow/example_dags/example_params_ui_tutorial.py for tasks to queue
[2025-08-26T04:36:49.603+0000] {logging_mixin.py:188} INFO - [2025-08-26T04:36:49.602+0000] {dagbag.py:545} INFO - Filling up the DagBag from /home/airflow/.local/lib/python3.12/site-packages/airflow/example_dags/example_params_ui_tutorial.py
[2025-08-26T04:36:49.706+0000] {processor.py:840} INFO - DAG(s) 'example_params_ui_tutorial' retrieved from /home/airflow/.local/lib/python3.12/site-packages/airflow/example_dags/example_params_ui_tutorial.py
[2025-08-26T04:36:50.159+0000] {logging_mixin.py:188} INFO - [2025-08-26T04:36:50.158+0000] {dag.py:3096} INFO - Sync 1 DAGs
[2025-08-26T04:36:50.284+0000] {logging_mixin.py:188} INFO - [2025-08-26T04:36:50.283+0000] {dag.py:3954} INFO - Setting next_dagrun for example_params_ui_tutorial to None, run_after=None
[2025-08-26T04:36:50.475+0000] {processor.py:183} INFO - Processing /home/airflow/.local/lib/python3.12/site-packages/airflow/example_dags/example_params_ui_tutorial.py took 0.993 seconds
[2025-08-26T04:37:21.381+0000] {processor.py:161} INFO - Started process (PID=3597) to work on /home/airflow/.local/lib/python3.12/site-packages/airflow/example_dags/example_params_ui_tutorial.py
[2025-08-26T04:37:21.393+0000] {processor.py:830} INFO - Processing file /home/airflow/.local/lib/python3.12/site-packages/airflow/example_dags/example_params_ui_tutorial.py for tasks to queue
[2025-08-26T04:37:21.405+0000] {logging_mixin.py:188} INFO - [2025-08-26T04:37:21.404+0000] {dagbag.py:545} INFO - Filling up the DagBag from /home/airflow/.local/lib/python3.12/site-packages/airflow/example_dags/example_params_ui_tutorial.py
[2025-08-26T04:37:21.461+0000] {processor.py:840} INFO - DAG(s) 'example_params_ui_tutorial' retrieved from /home/airflow/.local/lib/python3.12/site-packages/airflow/example_dags/example_params_ui_tutorial.py
[2025-08-26T04:37:22.117+0000] {logging_mixin.py:188} INFO - [2025-08-26T04:37:22.116+0000] {dag.py:3096} INFO - Sync 1 DAGs
[2025-08-26T04:37:22.296+0000] {logging_mixin.py:188} INFO - [2025-08-26T04:37:22.296+0000] {dag.py:3954} INFO - Setting next_dagrun for example_params_ui_tutorial to None, run_after=None
[2025-08-26T04:37:22.595+0000] {processor.py:183} INFO - Processing /home/airflow/.local/lib/python3.12/site-packages/airflow/example_dags/example_params_ui_tutorial.py took 1.284 seconds
[2025-08-26T04:37:52.871+0000] {processor.py:161} INFO - Started process (PID=3863) to work on /home/airflow/.local/lib/python3.12/site-packages/airflow/example_dags/example_params_ui_tutorial.py
[2025-08-26T04:37:52.873+0000] {processor.py:830} INFO - Processing file /home/airflow/.local/lib/python3.12/site-packages/airflow/example_dags/example_params_ui_tutorial.py for tasks to queue
[2025-08-26T04:37:52.879+0000] {logging_mixin.py:188} INFO - [2025-08-26T04:37:52.878+0000] {dagbag.py:545} INFO - Filling up the DagBag from /home/airflow/.local/lib/python3.12/site-packages/airflow/example_dags/example_params_ui_tutorial.py
[2025-08-26T04:37:52.913+0000] {processor.py:840} INFO - DAG(s) 'example_params_ui_tutorial' retrieved from /home/airflow/.local/lib/python3.12/site-packages/airflow/example_dags/example_params_ui_tutorial.py
[2025-08-26T04:37:53.095+0000] {logging_mixin.py:188} INFO - [2025-08-26T04:37:53.094+0000] {dag.py:3096} INFO - Sync 1 DAGs
[2025-08-26T04:37:53.143+0000] {logging_mixin.py:188} INFO - [2025-08-26T04:37:53.142+0000] {dag.py:3954} INFO - Setting next_dagrun for example_params_ui_tutorial to None, run_after=None
[2025-08-26T04:37:53.214+0000] {processor.py:183} INFO - Processing /home/airflow/.local/lib/python3.12/site-packages/airflow/example_dags/example_params_ui_tutorial.py took 0.363 seconds
[2025-08-26T04:38:24.196+0000] {processor.py:161} INFO - Started process (PID=4118) to work on /home/airflow/.local/lib/python3.12/site-packages/airflow/example_dags/example_params_ui_tutorial.py
[2025-08-26T04:38:24.199+0000] {processor.py:830} INFO - Processing file /home/airflow/.local/lib/python3.12/site-packages/airflow/example_dags/example_params_ui_tutorial.py for tasks to queue
[2025-08-26T04:38:24.207+0000] {logging_mixin.py:188} INFO - [2025-08-26T04:38:24.206+0000] {dagbag.py:545} INFO - Filling up the DagBag from /home/airflow/.local/lib/python3.12/site-packages/airflow/example_dags/example_params_ui_tutorial.py
[2025-08-26T04:38:24.254+0000] {processor.py:840} INFO - DAG(s) 'example_params_ui_tutorial' retrieved from /home/airflow/.local/lib/python3.12/site-packages/airflow/example_dags/example_params_ui_tutorial.py
[2025-08-26T04:38:24.540+0000] {logging_mixin.py:188} INFO - [2025-08-26T04:38:24.539+0000] {dag.py:3096} INFO - Sync 1 DAGs
[2025-08-26T04:38:24.643+0000] {logging_mixin.py:188} INFO - [2025-08-26T04:38:24.642+0000] {dag.py:3954} INFO - Setting next_dagrun for example_params_ui_tutorial to None, run_after=None
[2025-08-26T04:38:24.759+0000] {processor.py:183} INFO - Processing /home/airflow/.local/lib/python3.12/site-packages/airflow/example_dags/example_params_ui_tutorial.py took 0.589 seconds
[2025-08-26T04:38:58.376+0000] {processor.py:161} INFO - Started process (PID=4390) to work on /home/airflow/.local/lib/python3.12/site-packages/airflow/example_dags/example_params_ui_tutorial.py
[2025-08-26T04:38:58.388+0000] {processor.py:830} INFO - Processing file /home/airflow/.local/lib/python3.12/site-packages/airflow/example_dags/example_params_ui_tutorial.py for tasks to queue
[2025-08-26T04:38:58.438+0000] {logging_mixin.py:188} INFO - [2025-08-26T04:38:58.403+0000] {dagbag.py:545} INFO - Filling up the DagBag from /home/airflow/.local/lib/python3.12/site-packages/airflow/example_dags/example_params_ui_tutorial.py
[2025-08-26T04:38:58.613+0000] {processor.py:840} INFO - DAG(s) 'example_params_ui_tutorial' retrieved from /home/airflow/.local/lib/python3.12/site-packages/airflow/example_dags/example_params_ui_tutorial.py
[2025-08-26T04:38:59.891+0000] {logging_mixin.py:188} INFO - [2025-08-26T04:38:59.890+0000] {dag.py:3096} INFO - Sync 1 DAGs
[2025-08-26T04:39:00.014+0000] {logging_mixin.py:188} INFO - [2025-08-26T04:39:00.014+0000] {dag.py:3954} INFO - Setting next_dagrun for example_params_ui_tutorial to None, run_after=None
[2025-08-26T04:39:00.155+0000] {processor.py:183} INFO - Processing /home/airflow/.local/lib/python3.12/site-packages/airflow/example_dags/example_params_ui_tutorial.py took 1.867 seconds
[2025-08-26T04:39:33.284+0000] {processor.py:161} INFO - Started process (PID=4658) to work on /home/airflow/.local/lib/python3.12/site-packages/airflow/example_dags/example_params_ui_tutorial.py
[2025-08-26T04:39:33.305+0000] {processor.py:830} INFO - Processing file /home/airflow/.local/lib/python3.12/site-packages/airflow/example_dags/example_params_ui_tutorial.py for tasks to queue
[2025-08-26T04:39:33.348+0000] {logging_mixin.py:188} INFO - [2025-08-26T04:39:33.322+0000] {dagbag.py:545} INFO - Filling up the DagBag from /home/airflow/.local/lib/python3.12/site-packages/airflow/example_dags/example_params_ui_tutorial.py
[2025-08-26T04:39:33.488+0000] {processor.py:840} INFO - DAG(s) 'example_params_ui_tutorial' retrieved from /home/airflow/.local/lib/python3.12/site-packages/airflow/example_dags/example_params_ui_tutorial.py
[2025-08-26T04:39:34.446+0000] {logging_mixin.py:188} INFO - [2025-08-26T04:39:34.443+0000] {dag.py:3096} INFO - Sync 1 DAGs
[2025-08-26T04:39:34.646+0000] {logging_mixin.py:188} INFO - [2025-08-26T04:39:34.644+0000] {dag.py:3954} INFO - Setting next_dagrun for example_params_ui_tutorial to None, run_after=None
[2025-08-26T04:39:34.867+0000] {processor.py:183} INFO - Processing /home/airflow/.local/lib/python3.12/site-packages/airflow/example_dags/example_params_ui_tutorial.py took 1.657 seconds
[2025-08-26T04:40:17.798+0000] {processor.py:161} INFO - Started process (PID=4931) to work on /home/airflow/.local/lib/python3.12/site-packages/airflow/example_dags/example_params_ui_tutorial.py
[2025-08-26T04:40:17.804+0000] {processor.py:830} INFO - Processing file /home/airflow/.local/lib/python3.12/site-packages/airflow/example_dags/example_params_ui_tutorial.py for tasks to queue
[2025-08-26T04:40:17.813+0000] {logging_mixin.py:188} INFO - [2025-08-26T04:40:17.812+0000] {dagbag.py:545} INFO - Filling up the DagBag from /home/airflow/.local/lib/python3.12/site-packages/airflow/example_dags/example_params_ui_tutorial.py
[2025-08-26T04:40:17.876+0000] {processor.py:840} INFO - DAG(s) 'example_params_ui_tutorial' retrieved from /home/airflow/.local/lib/python3.12/site-packages/airflow/example_dags/example_params_ui_tutorial.py
[2025-08-26T04:40:18.236+0000] {logging_mixin.py:188} INFO - [2025-08-26T04:40:18.222+0000] {dag.py:3096} INFO - Sync 1 DAGs
[2025-08-26T04:40:18.347+0000] {logging_mixin.py:188} INFO - [2025-08-26T04:40:18.346+0000] {dag.py:3954} INFO - Setting next_dagrun for example_params_ui_tutorial to None, run_after=None
[2025-08-26T04:40:18.521+0000] {processor.py:183} INFO - Processing /home/airflow/.local/lib/python3.12/site-packages/airflow/example_dags/example_params_ui_tutorial.py took 0.750 seconds
[2025-08-26T04:40:50.766+0000] {processor.py:161} INFO - Started process (PID=5191) to work on /home/airflow/.local/lib/python3.12/site-packages/airflow/example_dags/example_params_ui_tutorial.py
[2025-08-26T04:40:50.772+0000] {processor.py:830} INFO - Processing file /home/airflow/.local/lib/python3.12/site-packages/airflow/example_dags/example_params_ui_tutorial.py for tasks to queue
[2025-08-26T04:40:50.781+0000] {logging_mixin.py:188} INFO - [2025-08-26T04:40:50.777+0000] {dagbag.py:545} INFO - Filling up the DagBag from /home/airflow/.local/lib/python3.12/site-packages/airflow/example_dags/example_params_ui_tutorial.py
[2025-08-26T04:40:50.878+0000] {processor.py:840} INFO - DAG(s) 'example_params_ui_tutorial' retrieved from /home/airflow/.local/lib/python3.12/site-packages/airflow/example_dags/example_params_ui_tutorial.py
[2025-08-26T04:40:51.644+0000] {logging_mixin.py:188} INFO - [2025-08-26T04:40:51.644+0000] {dag.py:3096} INFO - Sync 1 DAGs
[2025-08-26T04:40:51.811+0000] {logging_mixin.py:188} INFO - [2025-08-26T04:40:51.810+0000] {dag.py:3954} INFO - Setting next_dagrun for example_params_ui_tutorial to None, run_after=None
[2025-08-26T04:40:51.999+0000] {processor.py:183} INFO - Processing /home/airflow/.local/lib/python3.12/site-packages/airflow/example_dags/example_params_ui_tutorial.py took 1.287 seconds
[2025-08-26T04:41:22.673+0000] {processor.py:161} INFO - Started process (PID=5458) to work on /home/airflow/.local/lib/python3.12/site-packages/airflow/example_dags/example_params_ui_tutorial.py
[2025-08-26T04:41:22.691+0000] {processor.py:830} INFO - Processing file /home/airflow/.local/lib/python3.12/site-packages/airflow/example_dags/example_params_ui_tutorial.py for tasks to queue
[2025-08-26T04:41:22.739+0000] {logging_mixin.py:188} INFO - [2025-08-26T04:41:22.738+0000] {dagbag.py:545} INFO - Filling up the DagBag from /home/airflow/.local/lib/python3.12/site-packages/airflow/example_dags/example_params_ui_tutorial.py
[2025-08-26T04:41:22.922+0000] {processor.py:840} INFO - DAG(s) 'example_params_ui_tutorial' retrieved from /home/airflow/.local/lib/python3.12/site-packages/airflow/example_dags/example_params_ui_tutorial.py
[2025-08-26T04:41:23.606+0000] {logging_mixin.py:188} INFO - [2025-08-26T04:41:23.605+0000] {dag.py:3096} INFO - Sync 1 DAGs
[2025-08-26T04:41:23.724+0000] {logging_mixin.py:188} INFO - [2025-08-26T04:41:23.723+0000] {dag.py:3954} INFO - Setting next_dagrun for example_params_ui_tutorial to None, run_after=None
[2025-08-26T04:41:23.928+0000] {processor.py:183} INFO - Processing /home/airflow/.local/lib/python3.12/site-packages/airflow/example_dags/example_params_ui_tutorial.py took 1.319 seconds
[2025-08-26T04:42:00.001+0000] {processor.py:161} INFO - Started process (PID=5719) to work on /home/airflow/.local/lib/python3.12/site-packages/airflow/example_dags/example_params_ui_tutorial.py
[2025-08-26T04:42:00.023+0000] {processor.py:830} INFO - Processing file /home/airflow/.local/lib/python3.12/site-packages/airflow/example_dags/example_params_ui_tutorial.py for tasks to queue
[2025-08-26T04:42:00.063+0000] {logging_mixin.py:188} INFO - [2025-08-26T04:42:00.062+0000] {dagbag.py:545} INFO - Filling up the DagBag from /home/airflow/.local/lib/python3.12/site-packages/airflow/example_dags/example_params_ui_tutorial.py
[2025-08-26T04:42:00.196+0000] {processor.py:840} INFO - DAG(s) 'example_params_ui_tutorial' retrieved from /home/airflow/.local/lib/python3.12/site-packages/airflow/example_dags/example_params_ui_tutorial.py
[2025-08-26T04:42:00.685+0000] {logging_mixin.py:188} INFO - [2025-08-26T04:42:00.680+0000] {dag.py:3096} INFO - Sync 1 DAGs
[2025-08-26T04:42:00.773+0000] {logging_mixin.py:188} INFO - [2025-08-26T04:42:00.772+0000] {dag.py:3954} INFO - Setting next_dagrun for example_params_ui_tutorial to None, run_after=None
[2025-08-26T04:42:00.905+0000] {processor.py:183} INFO - Processing /home/airflow/.local/lib/python3.12/site-packages/airflow/example_dags/example_params_ui_tutorial.py took 0.970 seconds
[2025-08-26T04:42:43.349+0000] {processor.py:161} INFO - Started process (PID=5987) to work on /home/airflow/.local/lib/python3.12/site-packages/airflow/example_dags/example_params_ui_tutorial.py
[2025-08-26T04:42:43.353+0000] {processor.py:830} INFO - Processing file /home/airflow/.local/lib/python3.12/site-packages/airflow/example_dags/example_params_ui_tutorial.py for tasks to queue
[2025-08-26T04:42:43.370+0000] {logging_mixin.py:188} INFO - [2025-08-26T04:42:43.360+0000] {dagbag.py:545} INFO - Filling up the DagBag from /home/airflow/.local/lib/python3.12/site-packages/airflow/example_dags/example_params_ui_tutorial.py
[2025-08-26T04:42:43.452+0000] {processor.py:840} INFO - DAG(s) 'example_params_ui_tutorial' retrieved from /home/airflow/.local/lib/python3.12/site-packages/airflow/example_dags/example_params_ui_tutorial.py
[2025-08-26T04:42:44.144+0000] {logging_mixin.py:188} INFO - [2025-08-26T04:42:44.138+0000] {dag.py:3096} INFO - Sync 1 DAGs
[2025-08-26T04:42:44.261+0000] {logging_mixin.py:188} INFO - [2025-08-26T04:42:44.261+0000] {dag.py:3954} INFO - Setting next_dagrun for example_params_ui_tutorial to None, run_after=None
[2025-08-26T04:42:44.358+0000] {processor.py:183} INFO - Processing /home/airflow/.local/lib/python3.12/site-packages/airflow/example_dags/example_params_ui_tutorial.py took 1.071 seconds
[2025-08-26T04:43:15.963+0000] {processor.py:161} INFO - Started process (PID=6249) to work on /home/airflow/.local/lib/python3.12/site-packages/airflow/example_dags/example_params_ui_tutorial.py
[2025-08-26T04:43:15.972+0000] {processor.py:830} INFO - Processing file /home/airflow/.local/lib/python3.12/site-packages/airflow/example_dags/example_params_ui_tutorial.py for tasks to queue
[2025-08-26T04:43:15.989+0000] {logging_mixin.py:188} INFO - [2025-08-26T04:43:15.988+0000] {dagbag.py:545} INFO - Filling up the DagBag from /home/airflow/.local/lib/python3.12/site-packages/airflow/example_dags/example_params_ui_tutorial.py
[2025-08-26T04:43:16.133+0000] {processor.py:840} INFO - DAG(s) 'example_params_ui_tutorial' retrieved from /home/airflow/.local/lib/python3.12/site-packages/airflow/example_dags/example_params_ui_tutorial.py
[2025-08-26T04:43:16.696+0000] {logging_mixin.py:188} INFO - [2025-08-26T04:43:16.696+0000] {dag.py:3096} INFO - Sync 1 DAGs
[2025-08-26T04:43:16.773+0000] {logging_mixin.py:188} INFO - [2025-08-26T04:43:16.773+0000] {dag.py:3954} INFO - Setting next_dagrun for example_params_ui_tutorial to None, run_after=None
[2025-08-26T04:43:16.896+0000] {processor.py:183} INFO - Processing /home/airflow/.local/lib/python3.12/site-packages/airflow/example_dags/example_params_ui_tutorial.py took 1.007 seconds
[2025-08-26T04:44:01.852+0000] {processor.py:161} INFO - Started process (PID=6545) to work on /home/airflow/.local/lib/python3.12/site-packages/airflow/example_dags/example_params_ui_tutorial.py
[2025-08-26T04:44:01.866+0000] {processor.py:830} INFO - Processing file /home/airflow/.local/lib/python3.12/site-packages/airflow/example_dags/example_params_ui_tutorial.py for tasks to queue
[2025-08-26T04:44:01.894+0000] {logging_mixin.py:188} INFO - [2025-08-26T04:44:01.884+0000] {dagbag.py:545} INFO - Filling up the DagBag from /home/airflow/.local/lib/python3.12/site-packages/airflow/example_dags/example_params_ui_tutorial.py
[2025-08-26T04:44:02.019+0000] {processor.py:840} INFO - DAG(s) 'example_params_ui_tutorial' retrieved from /home/airflow/.local/lib/python3.12/site-packages/airflow/example_dags/example_params_ui_tutorial.py
[2025-08-26T04:44:02.548+0000] {logging_mixin.py:188} INFO - [2025-08-26T04:44:02.547+0000] {dag.py:3096} INFO - Sync 1 DAGs
[2025-08-26T04:44:02.722+0000] {logging_mixin.py:188} INFO - [2025-08-26T04:44:02.721+0000] {dag.py:3954} INFO - Setting next_dagrun for example_params_ui_tutorial to None, run_after=None
[2025-08-26T04:44:02.851+0000] {processor.py:183} INFO - Processing /home/airflow/.local/lib/python3.12/site-packages/airflow/example_dags/example_params_ui_tutorial.py took 1.066 seconds
[2025-08-26T04:44:35.876+0000] {processor.py:161} INFO - Started process (PID=6812) to work on /home/airflow/.local/lib/python3.12/site-packages/airflow/example_dags/example_params_ui_tutorial.py
[2025-08-26T04:44:35.885+0000] {processor.py:830} INFO - Processing file /home/airflow/.local/lib/python3.12/site-packages/airflow/example_dags/example_params_ui_tutorial.py for tasks to queue
[2025-08-26T04:44:35.895+0000] {logging_mixin.py:188} INFO - [2025-08-26T04:44:35.893+0000] {dagbag.py:545} INFO - Filling up the DagBag from /home/airflow/.local/lib/python3.12/site-packages/airflow/example_dags/example_params_ui_tutorial.py
[2025-08-26T04:44:36.012+0000] {processor.py:840} INFO - DAG(s) 'example_params_ui_tutorial' retrieved from /home/airflow/.local/lib/python3.12/site-packages/airflow/example_dags/example_params_ui_tutorial.py
[2025-08-26T04:44:36.584+0000] {logging_mixin.py:188} INFO - [2025-08-26T04:44:36.583+0000] {dag.py:3096} INFO - Sync 1 DAGs
[2025-08-26T04:44:36.725+0000] {logging_mixin.py:188} INFO - [2025-08-26T04:44:36.725+0000] {dag.py:3954} INFO - Setting next_dagrun for example_params_ui_tutorial to None, run_after=None
[2025-08-26T04:44:36.857+0000] {processor.py:183} INFO - Processing /home/airflow/.local/lib/python3.12/site-packages/airflow/example_dags/example_params_ui_tutorial.py took 1.008 seconds
[2025-08-26T04:45:14.973+0000] {processor.py:161} INFO - Started process (PID=7094) to work on /home/airflow/.local/lib/python3.12/site-packages/airflow/example_dags/example_params_ui_tutorial.py
[2025-08-26T04:45:14.983+0000] {processor.py:830} INFO - Processing file /home/airflow/.local/lib/python3.12/site-packages/airflow/example_dags/example_params_ui_tutorial.py for tasks to queue
[2025-08-26T04:45:14.992+0000] {logging_mixin.py:188} INFO - [2025-08-26T04:45:14.989+0000] {dagbag.py:545} INFO - Filling up the DagBag from /home/airflow/.local/lib/python3.12/site-packages/airflow/example_dags/example_params_ui_tutorial.py
[2025-08-26T04:45:15.070+0000] {processor.py:840} INFO - DAG(s) 'example_params_ui_tutorial' retrieved from /home/airflow/.local/lib/python3.12/site-packages/airflow/example_dags/example_params_ui_tutorial.py
[2025-08-26T04:45:15.362+0000] {logging_mixin.py:188} INFO - [2025-08-26T04:45:15.360+0000] {dag.py:3096} INFO - Sync 1 DAGs
[2025-08-26T04:45:15.440+0000] {logging_mixin.py:188} INFO - [2025-08-26T04:45:15.439+0000] {dag.py:3954} INFO - Setting next_dagrun for example_params_ui_tutorial to None, run_after=None
[2025-08-26T04:45:15.541+0000] {processor.py:183} INFO - Processing /home/airflow/.local/lib/python3.12/site-packages/airflow/example_dags/example_params_ui_tutorial.py took 0.605 seconds
[2025-08-26T04:45:56.183+0000] {processor.py:161} INFO - Started process (PID=7382) to work on /home/airflow/.local/lib/python3.12/site-packages/airflow/example_dags/example_params_ui_tutorial.py
[2025-08-26T04:45:56.217+0000] {processor.py:830} INFO - Processing file /home/airflow/.local/lib/python3.12/site-packages/airflow/example_dags/example_params_ui_tutorial.py for tasks to queue
[2025-08-26T04:45:56.265+0000] {logging_mixin.py:188} INFO - [2025-08-26T04:45:56.264+0000] {dagbag.py:545} INFO - Filling up the DagBag from /home/airflow/.local/lib/python3.12/site-packages/airflow/example_dags/example_params_ui_tutorial.py
[2025-08-26T04:45:56.389+0000] {processor.py:840} INFO - DAG(s) 'example_params_ui_tutorial' retrieved from /home/airflow/.local/lib/python3.12/site-packages/airflow/example_dags/example_params_ui_tutorial.py
[2025-08-26T04:45:56.779+0000] {logging_mixin.py:188} INFO - [2025-08-26T04:45:56.779+0000] {dag.py:3096} INFO - Sync 1 DAGs
[2025-08-26T04:45:56.941+0000] {logging_mixin.py:188} INFO - [2025-08-26T04:45:56.941+0000] {dag.py:3954} INFO - Setting next_dagrun for example_params_ui_tutorial to None, run_after=None
[2025-08-26T04:45:57.212+0000] {processor.py:183} INFO - Processing /home/airflow/.local/lib/python3.12/site-packages/airflow/example_dags/example_params_ui_tutorial.py took 1.097 seconds
[2025-08-26T04:46:36.499+0000] {processor.py:161} INFO - Started process (PID=7642) to work on /home/airflow/.local/lib/python3.12/site-packages/airflow/example_dags/example_params_ui_tutorial.py
[2025-08-26T04:46:36.507+0000] {processor.py:830} INFO - Processing file /home/airflow/.local/lib/python3.12/site-packages/airflow/example_dags/example_params_ui_tutorial.py for tasks to queue
[2025-08-26T04:46:36.516+0000] {logging_mixin.py:188} INFO - [2025-08-26T04:46:36.515+0000] {dagbag.py:545} INFO - Filling up the DagBag from /home/airflow/.local/lib/python3.12/site-packages/airflow/example_dags/example_params_ui_tutorial.py
[2025-08-26T04:46:36.717+0000] {processor.py:840} INFO - DAG(s) 'example_params_ui_tutorial' retrieved from /home/airflow/.local/lib/python3.12/site-packages/airflow/example_dags/example_params_ui_tutorial.py
[2025-08-26T04:46:37.814+0000] {logging_mixin.py:188} INFO - [2025-08-26T04:46:37.813+0000] {dag.py:3096} INFO - Sync 1 DAGs
[2025-08-26T04:46:38.071+0000] {logging_mixin.py:188} INFO - [2025-08-26T04:46:38.070+0000] {dag.py:3954} INFO - Setting next_dagrun for example_params_ui_tutorial to None, run_after=None
[2025-08-26T04:46:38.357+0000] {processor.py:183} INFO - Processing /home/airflow/.local/lib/python3.12/site-packages/airflow/example_dags/example_params_ui_tutorial.py took 1.888 seconds
[2025-08-26T04:47:10.612+0000] {processor.py:161} INFO - Started process (PID=7909) to work on /home/airflow/.local/lib/python3.12/site-packages/airflow/example_dags/example_params_ui_tutorial.py
[2025-08-26T04:47:10.640+0000] {processor.py:830} INFO - Processing file /home/airflow/.local/lib/python3.12/site-packages/airflow/example_dags/example_params_ui_tutorial.py for tasks to queue
[2025-08-26T04:47:10.672+0000] {logging_mixin.py:188} INFO - [2025-08-26T04:47:10.667+0000] {dagbag.py:545} INFO - Filling up the DagBag from /home/airflow/.local/lib/python3.12/site-packages/airflow/example_dags/example_params_ui_tutorial.py
[2025-08-26T04:47:10.965+0000] {processor.py:840} INFO - DAG(s) 'example_params_ui_tutorial' retrieved from /home/airflow/.local/lib/python3.12/site-packages/airflow/example_dags/example_params_ui_tutorial.py
[2025-08-26T04:47:11.903+0000] {logging_mixin.py:188} INFO - [2025-08-26T04:47:11.902+0000] {dag.py:3096} INFO - Sync 1 DAGs
[2025-08-26T04:47:12.020+0000] {logging_mixin.py:188} INFO - [2025-08-26T04:47:12.019+0000] {dag.py:3954} INFO - Setting next_dagrun for example_params_ui_tutorial to None, run_after=None
[2025-08-26T04:47:12.128+0000] {processor.py:183} INFO - Processing /home/airflow/.local/lib/python3.12/site-packages/airflow/example_dags/example_params_ui_tutorial.py took 1.596 seconds
[2025-08-26T04:49:54.874+0000] {processor.py:161} INFO - Started process (PID=398) to work on /home/airflow/.local/lib/python3.12/site-packages/airflow/example_dags/example_params_ui_tutorial.py
[2025-08-26T04:49:54.877+0000] {processor.py:830} INFO - Processing file /home/airflow/.local/lib/python3.12/site-packages/airflow/example_dags/example_params_ui_tutorial.py for tasks to queue
[2025-08-26T04:49:54.891+0000] {logging_mixin.py:188} INFO - [2025-08-26T04:49:54.889+0000] {dagbag.py:545} INFO - Filling up the DagBag from /home/airflow/.local/lib/python3.12/site-packages/airflow/example_dags/example_params_ui_tutorial.py
[2025-08-26T04:49:54.983+0000] {processor.py:840} INFO - DAG(s) 'example_params_ui_tutorial' retrieved from /home/airflow/.local/lib/python3.12/site-packages/airflow/example_dags/example_params_ui_tutorial.py
[2025-08-26T04:49:56.169+0000] {logging_mixin.py:188} INFO - [2025-08-26T04:49:56.169+0000] {dag.py:3096} INFO - Sync 1 DAGs
[2025-08-26T04:49:56.239+0000] {logging_mixin.py:188} INFO - [2025-08-26T04:49:56.238+0000] {dag.py:3954} INFO - Setting next_dagrun for example_params_ui_tutorial to None, run_after=None
[2025-08-26T04:49:56.397+0000] {processor.py:183} INFO - Processing /home/airflow/.local/lib/python3.12/site-packages/airflow/example_dags/example_params_ui_tutorial.py took 1.560 seconds
[2025-08-26T04:50:26.854+0000] {processor.py:161} INFO - Started process (PID=660) to work on /home/airflow/.local/lib/python3.12/site-packages/airflow/example_dags/example_params_ui_tutorial.py
[2025-08-26T04:50:26.872+0000] {processor.py:830} INFO - Processing file /home/airflow/.local/lib/python3.12/site-packages/airflow/example_dags/example_params_ui_tutorial.py for tasks to queue
[2025-08-26T04:50:26.890+0000] {logging_mixin.py:188} INFO - [2025-08-26T04:50:26.889+0000] {dagbag.py:545} INFO - Filling up the DagBag from /home/airflow/.local/lib/python3.12/site-packages/airflow/example_dags/example_params_ui_tutorial.py
[2025-08-26T04:50:27.015+0000] {processor.py:840} INFO - DAG(s) 'example_params_ui_tutorial' retrieved from /home/airflow/.local/lib/python3.12/site-packages/airflow/example_dags/example_params_ui_tutorial.py
[2025-08-26T04:50:27.564+0000] {logging_mixin.py:188} INFO - [2025-08-26T04:50:27.563+0000] {dag.py:3096} INFO - Sync 1 DAGs
[2025-08-26T04:50:27.666+0000] {logging_mixin.py:188} INFO - [2025-08-26T04:50:27.665+0000] {dag.py:3954} INFO - Setting next_dagrun for example_params_ui_tutorial to None, run_after=None
[2025-08-26T04:50:27.800+0000] {processor.py:183} INFO - Processing /home/airflow/.local/lib/python3.12/site-packages/airflow/example_dags/example_params_ui_tutorial.py took 1.004 seconds
[2025-08-26T04:50:58.152+0000] {processor.py:161} INFO - Started process (PID=922) to work on /home/airflow/.local/lib/python3.12/site-packages/airflow/example_dags/example_params_ui_tutorial.py
[2025-08-26T04:50:58.155+0000] {processor.py:830} INFO - Processing file /home/airflow/.local/lib/python3.12/site-packages/airflow/example_dags/example_params_ui_tutorial.py for tasks to queue
[2025-08-26T04:50:58.167+0000] {logging_mixin.py:188} INFO - [2025-08-26T04:50:58.166+0000] {dagbag.py:545} INFO - Filling up the DagBag from /home/airflow/.local/lib/python3.12/site-packages/airflow/example_dags/example_params_ui_tutorial.py
[2025-08-26T04:50:58.228+0000] {processor.py:840} INFO - DAG(s) 'example_params_ui_tutorial' retrieved from /home/airflow/.local/lib/python3.12/site-packages/airflow/example_dags/example_params_ui_tutorial.py
[2025-08-26T04:50:58.671+0000] {logging_mixin.py:188} INFO - [2025-08-26T04:50:58.670+0000] {dag.py:3096} INFO - Sync 1 DAGs
[2025-08-26T04:50:58.737+0000] {logging_mixin.py:188} INFO - [2025-08-26T04:50:58.736+0000] {dag.py:3954} INFO - Setting next_dagrun for example_params_ui_tutorial to None, run_after=None
[2025-08-26T04:50:58.849+0000] {processor.py:183} INFO - Processing /home/airflow/.local/lib/python3.12/site-packages/airflow/example_dags/example_params_ui_tutorial.py took 0.755 seconds
[2025-08-26T04:51:29.292+0000] {processor.py:161} INFO - Started process (PID=1184) to work on /home/airflow/.local/lib/python3.12/site-packages/airflow/example_dags/example_params_ui_tutorial.py
[2025-08-26T04:51:29.297+0000] {processor.py:830} INFO - Processing file /home/airflow/.local/lib/python3.12/site-packages/airflow/example_dags/example_params_ui_tutorial.py for tasks to queue
[2025-08-26T04:51:29.306+0000] {logging_mixin.py:188} INFO - [2025-08-26T04:51:29.304+0000] {dagbag.py:545} INFO - Filling up the DagBag from /home/airflow/.local/lib/python3.12/site-packages/airflow/example_dags/example_params_ui_tutorial.py
[2025-08-26T04:51:29.367+0000] {processor.py:840} INFO - DAG(s) 'example_params_ui_tutorial' retrieved from /home/airflow/.local/lib/python3.12/site-packages/airflow/example_dags/example_params_ui_tutorial.py
[2025-08-26T04:51:29.865+0000] {logging_mixin.py:188} INFO - [2025-08-26T04:51:29.864+0000] {dag.py:3096} INFO - Sync 1 DAGs
[2025-08-26T04:51:30.021+0000] {logging_mixin.py:188} INFO - [2025-08-26T04:51:30.003+0000] {dag.py:3954} INFO - Setting next_dagrun for example_params_ui_tutorial to None, run_after=None
[2025-08-26T04:51:30.308+0000] {processor.py:183} INFO - Processing /home/airflow/.local/lib/python3.12/site-packages/airflow/example_dags/example_params_ui_tutorial.py took 1.052 seconds
[2025-08-26T04:52:01.418+0000] {processor.py:161} INFO - Started process (PID=1451) to work on /home/airflow/.local/lib/python3.12/site-packages/airflow/example_dags/example_params_ui_tutorial.py
[2025-08-26T04:52:01.423+0000] {processor.py:830} INFO - Processing file /home/airflow/.local/lib/python3.12/site-packages/airflow/example_dags/example_params_ui_tutorial.py for tasks to queue
[2025-08-26T04:52:01.433+0000] {logging_mixin.py:188} INFO - [2025-08-26T04:52:01.432+0000] {dagbag.py:545} INFO - Filling up the DagBag from /home/airflow/.local/lib/python3.12/site-packages/airflow/example_dags/example_params_ui_tutorial.py
[2025-08-26T04:52:01.494+0000] {processor.py:840} INFO - DAG(s) 'example_params_ui_tutorial' retrieved from /home/airflow/.local/lib/python3.12/site-packages/airflow/example_dags/example_params_ui_tutorial.py
[2025-08-26T04:52:01.863+0000] {logging_mixin.py:188} INFO - [2025-08-26T04:52:01.862+0000] {dag.py:3096} INFO - Sync 1 DAGs
[2025-08-26T04:52:01.951+0000] {logging_mixin.py:188} INFO - [2025-08-26T04:52:01.951+0000] {dag.py:3954} INFO - Setting next_dagrun for example_params_ui_tutorial to None, run_after=None
[2025-08-26T04:52:02.034+0000] {processor.py:183} INFO - Processing /home/airflow/.local/lib/python3.12/site-packages/airflow/example_dags/example_params_ui_tutorial.py took 0.640 seconds
[2025-08-26T04:52:52.404+0000] {processor.py:161} INFO - Started process (PID=1732) to work on /home/airflow/.local/lib/python3.12/site-packages/airflow/example_dags/example_params_ui_tutorial.py
[2025-08-26T04:52:52.407+0000] {processor.py:830} INFO - Processing file /home/airflow/.local/lib/python3.12/site-packages/airflow/example_dags/example_params_ui_tutorial.py for tasks to queue
[2025-08-26T04:52:52.415+0000] {logging_mixin.py:188} INFO - [2025-08-26T04:52:52.413+0000] {dagbag.py:545} INFO - Filling up the DagBag from /home/airflow/.local/lib/python3.12/site-packages/airflow/example_dags/example_params_ui_tutorial.py
[2025-08-26T04:52:52.472+0000] {processor.py:840} INFO - DAG(s) 'example_params_ui_tutorial' retrieved from /home/airflow/.local/lib/python3.12/site-packages/airflow/example_dags/example_params_ui_tutorial.py
[2025-08-26T04:52:52.894+0000] {logging_mixin.py:188} INFO - [2025-08-26T04:52:52.893+0000] {dag.py:3096} INFO - Sync 1 DAGs
[2025-08-26T04:52:53.003+0000] {logging_mixin.py:188} INFO - [2025-08-26T04:52:53.002+0000] {dag.py:3954} INFO - Setting next_dagrun for example_params_ui_tutorial to None, run_after=None
[2025-08-26T04:52:53.231+0000] {processor.py:183} INFO - Processing /home/airflow/.local/lib/python3.12/site-packages/airflow/example_dags/example_params_ui_tutorial.py took 0.863 seconds
[2025-08-26T04:53:24.457+0000] {processor.py:161} INFO - Started process (PID=1999) to work on /home/airflow/.local/lib/python3.12/site-packages/airflow/example_dags/example_params_ui_tutorial.py
[2025-08-26T04:53:24.464+0000] {processor.py:830} INFO - Processing file /home/airflow/.local/lib/python3.12/site-packages/airflow/example_dags/example_params_ui_tutorial.py for tasks to queue
[2025-08-26T04:53:24.476+0000] {logging_mixin.py:188} INFO - [2025-08-26T04:53:24.470+0000] {dagbag.py:545} INFO - Filling up the DagBag from /home/airflow/.local/lib/python3.12/site-packages/airflow/example_dags/example_params_ui_tutorial.py
[2025-08-26T04:53:24.548+0000] {processor.py:840} INFO - DAG(s) 'example_params_ui_tutorial' retrieved from /home/airflow/.local/lib/python3.12/site-packages/airflow/example_dags/example_params_ui_tutorial.py
[2025-08-26T04:53:24.886+0000] {logging_mixin.py:188} INFO - [2025-08-26T04:53:24.885+0000] {dag.py:3096} INFO - Sync 1 DAGs
[2025-08-26T04:53:24.952+0000] {logging_mixin.py:188} INFO - [2025-08-26T04:53:24.947+0000] {dag.py:3954} INFO - Setting next_dagrun for example_params_ui_tutorial to None, run_after=None
[2025-08-26T04:53:25.045+0000] {processor.py:183} INFO - Processing /home/airflow/.local/lib/python3.12/site-packages/airflow/example_dags/example_params_ui_tutorial.py took 0.613 seconds
[2025-08-26T04:53:55.967+0000] {processor.py:161} INFO - Started process (PID=2256) to work on /home/airflow/.local/lib/python3.12/site-packages/airflow/example_dags/example_params_ui_tutorial.py
[2025-08-26T04:53:55.971+0000] {processor.py:830} INFO - Processing file /home/airflow/.local/lib/python3.12/site-packages/airflow/example_dags/example_params_ui_tutorial.py for tasks to queue
[2025-08-26T04:53:55.980+0000] {logging_mixin.py:188} INFO - [2025-08-26T04:53:55.978+0000] {dagbag.py:545} INFO - Filling up the DagBag from /home/airflow/.local/lib/python3.12/site-packages/airflow/example_dags/example_params_ui_tutorial.py
[2025-08-26T04:53:56.046+0000] {processor.py:840} INFO - DAG(s) 'example_params_ui_tutorial' retrieved from /home/airflow/.local/lib/python3.12/site-packages/airflow/example_dags/example_params_ui_tutorial.py
[2025-08-26T04:53:56.480+0000] {logging_mixin.py:188} INFO - [2025-08-26T04:53:56.479+0000] {dag.py:3096} INFO - Sync 1 DAGs
[2025-08-26T04:53:56.678+0000] {logging_mixin.py:188} INFO - [2025-08-26T04:53:56.677+0000] {dag.py:3954} INFO - Setting next_dagrun for example_params_ui_tutorial to None, run_after=None
[2025-08-26T04:53:56.952+0000] {processor.py:183} INFO - Processing /home/airflow/.local/lib/python3.12/site-packages/airflow/example_dags/example_params_ui_tutorial.py took 1.014 seconds
[2025-08-26T04:54:29.082+0000] {processor.py:161} INFO - Started process (PID=2520) to work on /home/airflow/.local/lib/python3.12/site-packages/airflow/example_dags/example_params_ui_tutorial.py
[2025-08-26T04:54:29.097+0000] {processor.py:830} INFO - Processing file /home/airflow/.local/lib/python3.12/site-packages/airflow/example_dags/example_params_ui_tutorial.py for tasks to queue
[2025-08-26T04:54:29.116+0000] {logging_mixin.py:188} INFO - [2025-08-26T04:54:29.115+0000] {dagbag.py:545} INFO - Filling up the DagBag from /home/airflow/.local/lib/python3.12/site-packages/airflow/example_dags/example_params_ui_tutorial.py
[2025-08-26T04:54:29.321+0000] {processor.py:840} INFO - DAG(s) 'example_params_ui_tutorial' retrieved from /home/airflow/.local/lib/python3.12/site-packages/airflow/example_dags/example_params_ui_tutorial.py
[2025-08-26T04:54:30.283+0000] {logging_mixin.py:188} INFO - [2025-08-26T04:54:30.282+0000] {dag.py:3096} INFO - Sync 1 DAGs
[2025-08-26T04:54:30.646+0000] {logging_mixin.py:188} INFO - [2025-08-26T04:54:30.645+0000] {dag.py:3954} INFO - Setting next_dagrun for example_params_ui_tutorial to None, run_after=None
[2025-08-26T04:54:30.857+0000] {processor.py:183} INFO - Processing /home/airflow/.local/lib/python3.12/site-packages/airflow/example_dags/example_params_ui_tutorial.py took 1.845 seconds
[2025-08-26T04:55:01.386+0000] {processor.py:161} INFO - Started process (PID=2782) to work on /home/airflow/.local/lib/python3.12/site-packages/airflow/example_dags/example_params_ui_tutorial.py
[2025-08-26T04:55:01.390+0000] {processor.py:830} INFO - Processing file /home/airflow/.local/lib/python3.12/site-packages/airflow/example_dags/example_params_ui_tutorial.py for tasks to queue
[2025-08-26T04:55:01.398+0000] {logging_mixin.py:188} INFO - [2025-08-26T04:55:01.396+0000] {dagbag.py:545} INFO - Filling up the DagBag from /home/airflow/.local/lib/python3.12/site-packages/airflow/example_dags/example_params_ui_tutorial.py
[2025-08-26T04:55:01.505+0000] {processor.py:840} INFO - DAG(s) 'example_params_ui_tutorial' retrieved from /home/airflow/.local/lib/python3.12/site-packages/airflow/example_dags/example_params_ui_tutorial.py
[2025-08-26T04:55:01.903+0000] {logging_mixin.py:188} INFO - [2025-08-26T04:55:01.903+0000] {dag.py:3096} INFO - Sync 1 DAGs
[2025-08-26T04:55:02.027+0000] {logging_mixin.py:188} INFO - [2025-08-26T04:55:02.014+0000] {dag.py:3954} INFO - Setting next_dagrun for example_params_ui_tutorial to None, run_after=None
[2025-08-26T04:55:02.179+0000] {processor.py:183} INFO - Processing /home/airflow/.local/lib/python3.12/site-packages/airflow/example_dags/example_params_ui_tutorial.py took 0.843 seconds
[2025-08-26T04:55:48.180+0000] {processor.py:161} INFO - Started process (PID=3068) to work on /home/airflow/.local/lib/python3.12/site-packages/airflow/example_dags/example_params_ui_tutorial.py
[2025-08-26T04:55:48.198+0000] {processor.py:830} INFO - Processing file /home/airflow/.local/lib/python3.12/site-packages/airflow/example_dags/example_params_ui_tutorial.py for tasks to queue
[2025-08-26T04:55:48.227+0000] {logging_mixin.py:188} INFO - [2025-08-26T04:55:48.225+0000] {dagbag.py:545} INFO - Filling up the DagBag from /home/airflow/.local/lib/python3.12/site-packages/airflow/example_dags/example_params_ui_tutorial.py
[2025-08-26T04:55:48.379+0000] {processor.py:840} INFO - DAG(s) 'example_params_ui_tutorial' retrieved from /home/airflow/.local/lib/python3.12/site-packages/airflow/example_dags/example_params_ui_tutorial.py
[2025-08-26T04:55:49.178+0000] {logging_mixin.py:188} INFO - [2025-08-26T04:55:49.172+0000] {dag.py:3096} INFO - Sync 1 DAGs
[2025-08-26T04:55:49.366+0000] {logging_mixin.py:188} INFO - [2025-08-26T04:55:49.366+0000] {dag.py:3954} INFO - Setting next_dagrun for example_params_ui_tutorial to None, run_after=None
[2025-08-26T04:55:49.694+0000] {processor.py:183} INFO - Processing /home/airflow/.local/lib/python3.12/site-packages/airflow/example_dags/example_params_ui_tutorial.py took 1.578 seconds
[2025-08-26T04:56:20.489+0000] {processor.py:161} INFO - Started process (PID=3330) to work on /home/airflow/.local/lib/python3.12/site-packages/airflow/example_dags/example_params_ui_tutorial.py
[2025-08-26T04:56:20.500+0000] {processor.py:830} INFO - Processing file /home/airflow/.local/lib/python3.12/site-packages/airflow/example_dags/example_params_ui_tutorial.py for tasks to queue
[2025-08-26T04:56:20.556+0000] {logging_mixin.py:188} INFO - [2025-08-26T04:56:20.555+0000] {dagbag.py:545} INFO - Filling up the DagBag from /home/airflow/.local/lib/python3.12/site-packages/airflow/example_dags/example_params_ui_tutorial.py
[2025-08-26T04:56:20.724+0000] {processor.py:840} INFO - DAG(s) 'example_params_ui_tutorial' retrieved from /home/airflow/.local/lib/python3.12/site-packages/airflow/example_dags/example_params_ui_tutorial.py
[2025-08-26T04:56:21.252+0000] {logging_mixin.py:188} INFO - [2025-08-26T04:56:21.250+0000] {dag.py:3096} INFO - Sync 1 DAGs
[2025-08-26T04:56:21.349+0000] {logging_mixin.py:188} INFO - [2025-08-26T04:56:21.348+0000] {dag.py:3954} INFO - Setting next_dagrun for example_params_ui_tutorial to None, run_after=None
[2025-08-26T04:56:21.635+0000] {processor.py:183} INFO - Processing /home/airflow/.local/lib/python3.12/site-packages/airflow/example_dags/example_params_ui_tutorial.py took 1.200 seconds
[2025-08-26T04:57:01.794+0000] {processor.py:161} INFO - Started process (PID=3595) to work on /home/airflow/.local/lib/python3.12/site-packages/airflow/example_dags/example_params_ui_tutorial.py
[2025-08-26T04:57:01.801+0000] {processor.py:830} INFO - Processing file /home/airflow/.local/lib/python3.12/site-packages/airflow/example_dags/example_params_ui_tutorial.py for tasks to queue
[2025-08-26T04:57:01.826+0000] {logging_mixin.py:188} INFO - [2025-08-26T04:57:01.825+0000] {dagbag.py:545} INFO - Filling up the DagBag from /home/airflow/.local/lib/python3.12/site-packages/airflow/example_dags/example_params_ui_tutorial.py
[2025-08-26T04:57:01.938+0000] {processor.py:840} INFO - DAG(s) 'example_params_ui_tutorial' retrieved from /home/airflow/.local/lib/python3.12/site-packages/airflow/example_dags/example_params_ui_tutorial.py
[2025-08-26T04:57:02.442+0000] {logging_mixin.py:188} INFO - [2025-08-26T04:57:02.441+0000] {dag.py:3096} INFO - Sync 1 DAGs
[2025-08-26T04:57:02.576+0000] {logging_mixin.py:188} INFO - [2025-08-26T04:57:02.575+0000] {dag.py:3954} INFO - Setting next_dagrun for example_params_ui_tutorial to None, run_after=None
[2025-08-26T04:57:02.798+0000] {processor.py:183} INFO - Processing /home/airflow/.local/lib/python3.12/site-packages/airflow/example_dags/example_params_ui_tutorial.py took 1.030 seconds
[2025-08-26T04:57:38.503+0000] {processor.py:161} INFO - Started process (PID=3856) to work on /home/airflow/.local/lib/python3.12/site-packages/airflow/example_dags/example_params_ui_tutorial.py
[2025-08-26T04:57:38.507+0000] {processor.py:830} INFO - Processing file /home/airflow/.local/lib/python3.12/site-packages/airflow/example_dags/example_params_ui_tutorial.py for tasks to queue
[2025-08-26T04:57:38.540+0000] {logging_mixin.py:188} INFO - [2025-08-26T04:57:38.539+0000] {dagbag.py:545} INFO - Filling up the DagBag from /home/airflow/.local/lib/python3.12/site-packages/airflow/example_dags/example_params_ui_tutorial.py
[2025-08-26T04:57:38.701+0000] {processor.py:840} INFO - DAG(s) 'example_params_ui_tutorial' retrieved from /home/airflow/.local/lib/python3.12/site-packages/airflow/example_dags/example_params_ui_tutorial.py
[2025-08-26T04:57:39.407+0000] {logging_mixin.py:188} INFO - [2025-08-26T04:57:39.407+0000] {dag.py:3096} INFO - Sync 1 DAGs
[2025-08-26T04:57:39.559+0000] {logging_mixin.py:188} INFO - [2025-08-26T04:57:39.559+0000] {dag.py:3954} INFO - Setting next_dagrun for example_params_ui_tutorial to None, run_after=None
[2025-08-26T04:57:39.743+0000] {processor.py:183} INFO - Processing /home/airflow/.local/lib/python3.12/site-packages/airflow/example_dags/example_params_ui_tutorial.py took 1.329 seconds
[2025-08-26T05:41:33.089+0000] {processor.py:161} INFO - Started process (PID=4224) to work on /home/airflow/.local/lib/python3.12/site-packages/airflow/example_dags/example_params_ui_tutorial.py
[2025-08-26T05:41:33.122+0000] {processor.py:830} INFO - Processing file /home/airflow/.local/lib/python3.12/site-packages/airflow/example_dags/example_params_ui_tutorial.py for tasks to queue
[2025-08-26T05:41:33.139+0000] {logging_mixin.py:188} INFO - [2025-08-26T05:41:33.138+0000] {dagbag.py:545} INFO - Filling up the DagBag from /home/airflow/.local/lib/python3.12/site-packages/airflow/example_dags/example_params_ui_tutorial.py
[2025-08-26T05:41:33.348+0000] {processor.py:840} INFO - DAG(s) 'example_params_ui_tutorial' retrieved from /home/airflow/.local/lib/python3.12/site-packages/airflow/example_dags/example_params_ui_tutorial.py
[2025-08-26T05:41:34.389+0000] {logging_mixin.py:188} INFO - [2025-08-26T05:41:34.388+0000] {dag.py:3096} INFO - Sync 1 DAGs
[2025-08-26T05:41:34.754+0000] {logging_mixin.py:188} INFO - [2025-08-26T05:41:34.753+0000] {dag.py:3954} INFO - Setting next_dagrun for example_params_ui_tutorial to None, run_after=None
[2025-08-26T05:41:35.252+0000] {processor.py:183} INFO - Processing /home/airflow/.local/lib/python3.12/site-packages/airflow/example_dags/example_params_ui_tutorial.py took 2.425 seconds
[2025-08-26T05:43:13.925+0000] {processor.py:161} INFO - Started process (PID=4578) to work on /home/airflow/.local/lib/python3.12/site-packages/airflow/example_dags/example_params_ui_tutorial.py
[2025-08-26T05:43:13.940+0000] {processor.py:830} INFO - Processing file /home/airflow/.local/lib/python3.12/site-packages/airflow/example_dags/example_params_ui_tutorial.py for tasks to queue
[2025-08-26T05:43:13.956+0000] {logging_mixin.py:188} INFO - [2025-08-26T05:43:13.955+0000] {dagbag.py:545} INFO - Filling up the DagBag from /home/airflow/.local/lib/python3.12/site-packages/airflow/example_dags/example_params_ui_tutorial.py
[2025-08-26T05:43:14.188+0000] {processor.py:840} INFO - DAG(s) 'example_params_ui_tutorial' retrieved from /home/airflow/.local/lib/python3.12/site-packages/airflow/example_dags/example_params_ui_tutorial.py
[2025-08-26T05:43:15.551+0000] {logging_mixin.py:188} INFO - [2025-08-26T05:43:15.550+0000] {dag.py:3096} INFO - Sync 1 DAGs
[2025-08-26T05:43:15.772+0000] {logging_mixin.py:188} INFO - [2025-08-26T05:43:15.771+0000] {dag.py:3954} INFO - Setting next_dagrun for example_params_ui_tutorial to None, run_after=None
[2025-08-26T05:43:16.219+0000] {processor.py:183} INFO - Processing /home/airflow/.local/lib/python3.12/site-packages/airflow/example_dags/example_params_ui_tutorial.py took 2.407 seconds
[2025-08-26T05:44:03.724+0000] {processor.py:161} INFO - Started process (PID=4839) to work on /home/airflow/.local/lib/python3.12/site-packages/airflow/example_dags/example_params_ui_tutorial.py
[2025-08-26T05:44:03.771+0000] {processor.py:830} INFO - Processing file /home/airflow/.local/lib/python3.12/site-packages/airflow/example_dags/example_params_ui_tutorial.py for tasks to queue
[2025-08-26T05:44:03.781+0000] {logging_mixin.py:188} INFO - [2025-08-26T05:44:03.780+0000] {dagbag.py:545} INFO - Filling up the DagBag from /home/airflow/.local/lib/python3.12/site-packages/airflow/example_dags/example_params_ui_tutorial.py
[2025-08-26T05:44:03.968+0000] {processor.py:840} INFO - DAG(s) 'example_params_ui_tutorial' retrieved from /home/airflow/.local/lib/python3.12/site-packages/airflow/example_dags/example_params_ui_tutorial.py
[2025-08-26T05:44:04.638+0000] {logging_mixin.py:188} INFO - [2025-08-26T05:44:04.638+0000] {dag.py:3096} INFO - Sync 1 DAGs
[2025-08-26T05:44:04.767+0000] {logging_mixin.py:188} INFO - [2025-08-26T05:44:04.766+0000] {dag.py:3954} INFO - Setting next_dagrun for example_params_ui_tutorial to None, run_after=None
[2025-08-26T05:44:04.915+0000] {processor.py:183} INFO - Processing /home/airflow/.local/lib/python3.12/site-packages/airflow/example_dags/example_params_ui_tutorial.py took 1.271 seconds
[2025-08-26T05:44:38.951+0000] {processor.py:161} INFO - Started process (PID=5110) to work on /home/airflow/.local/lib/python3.12/site-packages/airflow/example_dags/example_params_ui_tutorial.py
[2025-08-26T05:44:38.964+0000] {processor.py:830} INFO - Processing file /home/airflow/.local/lib/python3.12/site-packages/airflow/example_dags/example_params_ui_tutorial.py for tasks to queue
[2025-08-26T05:44:38.978+0000] {logging_mixin.py:188} INFO - [2025-08-26T05:44:38.977+0000] {dagbag.py:545} INFO - Filling up the DagBag from /home/airflow/.local/lib/python3.12/site-packages/airflow/example_dags/example_params_ui_tutorial.py
[2025-08-26T05:44:39.233+0000] {processor.py:840} INFO - DAG(s) 'example_params_ui_tutorial' retrieved from /home/airflow/.local/lib/python3.12/site-packages/airflow/example_dags/example_params_ui_tutorial.py
[2025-08-26T05:44:40.625+0000] {logging_mixin.py:188} INFO - [2025-08-26T05:44:40.624+0000] {dag.py:3096} INFO - Sync 1 DAGs
[2025-08-26T05:44:40.889+0000] {logging_mixin.py:188} INFO - [2025-08-26T05:44:40.888+0000] {dag.py:3954} INFO - Setting next_dagrun for example_params_ui_tutorial to None, run_after=None
[2025-08-26T05:44:41.288+0000] {processor.py:183} INFO - Processing /home/airflow/.local/lib/python3.12/site-packages/airflow/example_dags/example_params_ui_tutorial.py took 2.498 seconds
[2025-08-26T05:45:11.878+0000] {processor.py:161} INFO - Started process (PID=5371) to work on /home/airflow/.local/lib/python3.12/site-packages/airflow/example_dags/example_params_ui_tutorial.py
[2025-08-26T05:45:11.902+0000] {processor.py:830} INFO - Processing file /home/airflow/.local/lib/python3.12/site-packages/airflow/example_dags/example_params_ui_tutorial.py for tasks to queue
[2025-08-26T05:45:11.907+0000] {logging_mixin.py:188} INFO - [2025-08-26T05:45:11.905+0000] {dagbag.py:545} INFO - Filling up the DagBag from /home/airflow/.local/lib/python3.12/site-packages/airflow/example_dags/example_params_ui_tutorial.py
[2025-08-26T05:45:12.066+0000] {processor.py:840} INFO - DAG(s) 'example_params_ui_tutorial' retrieved from /home/airflow/.local/lib/python3.12/site-packages/airflow/example_dags/example_params_ui_tutorial.py
[2025-08-26T05:45:12.988+0000] {logging_mixin.py:188} INFO - [2025-08-26T05:45:12.987+0000] {dag.py:3096} INFO - Sync 1 DAGs
[2025-08-26T05:45:13.147+0000] {logging_mixin.py:188} INFO - [2025-08-26T05:45:13.134+0000] {dag.py:3954} INFO - Setting next_dagrun for example_params_ui_tutorial to None, run_after=None
[2025-08-26T05:45:13.348+0000] {processor.py:183} INFO - Processing /home/airflow/.local/lib/python3.12/site-packages/airflow/example_dags/example_params_ui_tutorial.py took 1.547 seconds
[2025-08-26T05:45:44.134+0000] {processor.py:161} INFO - Started process (PID=5639) to work on /home/airflow/.local/lib/python3.12/site-packages/airflow/example_dags/example_params_ui_tutorial.py
[2025-08-26T05:45:44.155+0000] {processor.py:830} INFO - Processing file /home/airflow/.local/lib/python3.12/site-packages/airflow/example_dags/example_params_ui_tutorial.py for tasks to queue
[2025-08-26T05:45:44.161+0000] {logging_mixin.py:188} INFO - [2025-08-26T05:45:44.160+0000] {dagbag.py:545} INFO - Filling up the DagBag from /home/airflow/.local/lib/python3.12/site-packages/airflow/example_dags/example_params_ui_tutorial.py
[2025-08-26T05:45:44.260+0000] {processor.py:840} INFO - DAG(s) 'example_params_ui_tutorial' retrieved from /home/airflow/.local/lib/python3.12/site-packages/airflow/example_dags/example_params_ui_tutorial.py
[2025-08-26T05:45:45.117+0000] {logging_mixin.py:188} INFO - [2025-08-26T05:45:45.116+0000] {dag.py:3096} INFO - Sync 1 DAGs
[2025-08-26T05:45:45.243+0000] {logging_mixin.py:188} INFO - [2025-08-26T05:45:45.243+0000] {dag.py:3954} INFO - Setting next_dagrun for example_params_ui_tutorial to None, run_after=None
[2025-08-26T05:45:45.559+0000] {processor.py:183} INFO - Processing /home/airflow/.local/lib/python3.12/site-packages/airflow/example_dags/example_params_ui_tutorial.py took 1.477 seconds
[2025-08-26T05:46:16.013+0000] {processor.py:161} INFO - Started process (PID=5901) to work on /home/airflow/.local/lib/python3.12/site-packages/airflow/example_dags/example_params_ui_tutorial.py
[2025-08-26T05:46:16.019+0000] {processor.py:830} INFO - Processing file /home/airflow/.local/lib/python3.12/site-packages/airflow/example_dags/example_params_ui_tutorial.py for tasks to queue
[2025-08-26T05:46:16.022+0000] {logging_mixin.py:188} INFO - [2025-08-26T05:46:16.021+0000] {dagbag.py:545} INFO - Filling up the DagBag from /home/airflow/.local/lib/python3.12/site-packages/airflow/example_dags/example_params_ui_tutorial.py
[2025-08-26T05:46:16.084+0000] {processor.py:840} INFO - DAG(s) 'example_params_ui_tutorial' retrieved from /home/airflow/.local/lib/python3.12/site-packages/airflow/example_dags/example_params_ui_tutorial.py
[2025-08-26T05:46:16.359+0000] {logging_mixin.py:188} INFO - [2025-08-26T05:46:16.356+0000] {dag.py:3096} INFO - Sync 1 DAGs
[2025-08-26T05:46:16.416+0000] {logging_mixin.py:188} INFO - [2025-08-26T05:46:16.416+0000] {dag.py:3954} INFO - Setting next_dagrun for example_params_ui_tutorial to None, run_after=None
[2025-08-26T05:46:16.532+0000] {processor.py:183} INFO - Processing /home/airflow/.local/lib/python3.12/site-packages/airflow/example_dags/example_params_ui_tutorial.py took 0.547 seconds
[2025-08-26T05:46:48.219+0000] {processor.py:161} INFO - Started process (PID=6156) to work on /home/airflow/.local/lib/python3.12/site-packages/airflow/example_dags/example_params_ui_tutorial.py
[2025-08-26T05:46:48.238+0000] {processor.py:830} INFO - Processing file /home/airflow/.local/lib/python3.12/site-packages/airflow/example_dags/example_params_ui_tutorial.py for tasks to queue
[2025-08-26T05:46:48.242+0000] {logging_mixin.py:188} INFO - [2025-08-26T05:46:48.241+0000] {dagbag.py:545} INFO - Filling up the DagBag from /home/airflow/.local/lib/python3.12/site-packages/airflow/example_dags/example_params_ui_tutorial.py
[2025-08-26T05:46:48.407+0000] {processor.py:840} INFO - DAG(s) 'example_params_ui_tutorial' retrieved from /home/airflow/.local/lib/python3.12/site-packages/airflow/example_dags/example_params_ui_tutorial.py
[2025-08-26T05:46:49.073+0000] {logging_mixin.py:188} INFO - [2025-08-26T05:46:49.073+0000] {dag.py:3096} INFO - Sync 1 DAGs
[2025-08-26T05:46:49.265+0000] {logging_mixin.py:188} INFO - [2025-08-26T05:46:49.250+0000] {dag.py:3954} INFO - Setting next_dagrun for example_params_ui_tutorial to None, run_after=None
[2025-08-26T05:46:49.454+0000] {processor.py:183} INFO - Processing /home/airflow/.local/lib/python3.12/site-packages/airflow/example_dags/example_params_ui_tutorial.py took 1.281 seconds
[2025-08-26T05:47:28.621+0000] {processor.py:161} INFO - Started process (PID=6405) to work on /home/airflow/.local/lib/python3.12/site-packages/airflow/example_dags/example_params_ui_tutorial.py
[2025-08-26T05:47:28.627+0000] {processor.py:830} INFO - Processing file /home/airflow/.local/lib/python3.12/site-packages/airflow/example_dags/example_params_ui_tutorial.py for tasks to queue
[2025-08-26T05:47:28.643+0000] {logging_mixin.py:188} INFO - [2025-08-26T05:47:28.629+0000] {dagbag.py:545} INFO - Filling up the DagBag from /home/airflow/.local/lib/python3.12/site-packages/airflow/example_dags/example_params_ui_tutorial.py
[2025-08-26T05:47:28.788+0000] {processor.py:840} INFO - DAG(s) 'example_params_ui_tutorial' retrieved from /home/airflow/.local/lib/python3.12/site-packages/airflow/example_dags/example_params_ui_tutorial.py
[2025-08-26T05:47:29.470+0000] {logging_mixin.py:188} INFO - [2025-08-26T05:47:29.469+0000] {dag.py:3096} INFO - Sync 1 DAGs
[2025-08-26T05:47:29.644+0000] {logging_mixin.py:188} INFO - [2025-08-26T05:47:29.633+0000] {dag.py:3954} INFO - Setting next_dagrun for example_params_ui_tutorial to None, run_after=None
[2025-08-26T05:47:29.942+0000] {processor.py:183} INFO - Processing /home/airflow/.local/lib/python3.12/site-packages/airflow/example_dags/example_params_ui_tutorial.py took 1.374 seconds
[2025-08-26T05:48:03.539+0000] {processor.py:161} INFO - Started process (PID=6670) to work on /home/airflow/.local/lib/python3.12/site-packages/airflow/example_dags/example_params_ui_tutorial.py
[2025-08-26T05:48:03.545+0000] {processor.py:830} INFO - Processing file /home/airflow/.local/lib/python3.12/site-packages/airflow/example_dags/example_params_ui_tutorial.py for tasks to queue
[2025-08-26T05:48:03.552+0000] {logging_mixin.py:188} INFO - [2025-08-26T05:48:03.550+0000] {dagbag.py:545} INFO - Filling up the DagBag from /home/airflow/.local/lib/python3.12/site-packages/airflow/example_dags/example_params_ui_tutorial.py
[2025-08-26T05:48:03.650+0000] {processor.py:840} INFO - DAG(s) 'example_params_ui_tutorial' retrieved from /home/airflow/.local/lib/python3.12/site-packages/airflow/example_dags/example_params_ui_tutorial.py
[2025-08-26T05:48:07.026+0000] {logging_mixin.py:188} INFO - [2025-08-26T05:48:07.013+0000] {dag.py:3096} INFO - Sync 1 DAGs
[2025-08-26T08:48:08.133+0000] {logging_mixin.py:188} INFO - [2025-08-26T08:48:08.071+0000] {dag.py:3954} INFO - Setting next_dagrun for example_params_ui_tutorial to None, run_after=None
[2025-08-26T08:48:11.799+0000] {processor.py:183} INFO - Processing /home/airflow/.local/lib/python3.12/site-packages/airflow/example_dags/example_params_ui_tutorial.py took 8.256 seconds
