[2025-08-26T04:30:02.019+0000] {processor.py:161} INFO - Started process (PID=349) to work on /home/airflow/.local/lib/python3.12/site-packages/airflow/example_dags/example_setup_teardown.py
[2025-08-26T04:30:02.051+0000] {processor.py:830} INFO - Processing file /home/airflow/.local/lib/python3.12/site-packages/airflow/example_dags/example_setup_teardown.py for tasks to queue
[2025-08-26T04:30:02.135+0000] {logging_mixin.py:188} INFO - [2025-08-26T04:30:02.133+0000] {dagbag.py:545} INFO - Filling up the DagBag from /home/airflow/.local/lib/python3.12/site-packages/airflow/example_dags/example_setup_teardown.py
[2025-08-26T04:30:02.603+0000] {processor.py:840} INFO - DAG(s) 'example_setup_teardown' retrieved from /home/airflow/.local/lib/python3.12/site-packages/airflow/example_dags/example_setup_teardown.py
[2025-08-26T04:30:05.383+0000] {logging_mixin.py:188} INFO - [2025-08-26T04:30:05.381+0000] {override.py:1829} INFO - Created Permission View: can delete on DAG:example_setup_teardown
[2025-08-26T04:30:05.502+0000] {logging_mixin.py:188} INFO - [2025-08-26T04:30:05.500+0000] {override.py:1829} INFO - Created Permission View: can read on DAG:example_setup_teardown
[2025-08-26T04:30:05.554+0000] {logging_mixin.py:188} INFO - [2025-08-26T04:30:05.554+0000] {override.py:1829} INFO - Created Permission View: can edit on DAG:example_setup_teardown
[2025-08-26T04:30:05.556+0000] {logging_mixin.py:188} INFO - [2025-08-26T04:30:05.556+0000] {dag.py:3096} INFO - Sync 1 DAGs
[2025-08-26T04:30:05.667+0000] {logging_mixin.py:188} INFO - [2025-08-26T04:30:05.666+0000] {dag.py:3118} INFO - Creating ORM DAG for example_setup_teardown
[2025-08-26T04:30:05.829+0000] {logging_mixin.py:188} INFO - [2025-08-26T04:30:05.828+0000] {dag.py:3954} INFO - Setting next_dagrun for example_setup_teardown to 2025-08-25 00:00:00+00:00, run_after=2025-08-26 00:00:00+00:00
[2025-08-26T04:30:06.061+0000] {processor.py:183} INFO - Processing /home/airflow/.local/lib/python3.12/site-packages/airflow/example_dags/example_setup_teardown.py took 4.409 seconds
[2025-08-26T04:31:02.668+0000] {processor.py:161} INFO - Started process (PID=618) to work on /home/airflow/.local/lib/python3.12/site-packages/airflow/example_dags/example_setup_teardown.py
[2025-08-26T04:31:02.691+0000] {processor.py:830} INFO - Processing file /home/airflow/.local/lib/python3.12/site-packages/airflow/example_dags/example_setup_teardown.py for tasks to queue
[2025-08-26T04:31:02.707+0000] {logging_mixin.py:188} INFO - [2025-08-26T04:31:02.706+0000] {dagbag.py:545} INFO - Filling up the DagBag from /home/airflow/.local/lib/python3.12/site-packages/airflow/example_dags/example_setup_teardown.py
[2025-08-26T04:31:02.747+0000] {processor.py:840} INFO - DAG(s) 'example_setup_teardown' retrieved from /home/airflow/.local/lib/python3.12/site-packages/airflow/example_dags/example_setup_teardown.py
[2025-08-26T04:31:02.848+0000] {logging_mixin.py:188} INFO - [2025-08-26T04:31:02.848+0000] {dag.py:3096} INFO - Sync 1 DAGs
[2025-08-26T04:31:02.993+0000] {logging_mixin.py:188} INFO - [2025-08-26T04:31:02.992+0000] {dag.py:3954} INFO - Setting next_dagrun for example_setup_teardown to 2025-08-25 00:00:00+00:00, run_after=2025-08-26 00:00:00+00:00
[2025-08-26T04:31:03.106+0000] {processor.py:183} INFO - Processing /home/airflow/.local/lib/python3.12/site-packages/airflow/example_dags/example_setup_teardown.py took 0.523 seconds
[2025-08-26T04:31:38.318+0000] {processor.py:161} INFO - Started process (PID=878) to work on /home/airflow/.local/lib/python3.12/site-packages/airflow/example_dags/example_setup_teardown.py
[2025-08-26T04:31:38.336+0000] {processor.py:830} INFO - Processing file /home/airflow/.local/lib/python3.12/site-packages/airflow/example_dags/example_setup_teardown.py for tasks to queue
[2025-08-26T04:31:38.357+0000] {logging_mixin.py:188} INFO - [2025-08-26T04:31:38.356+0000] {dagbag.py:545} INFO - Filling up the DagBag from /home/airflow/.local/lib/python3.12/site-packages/airflow/example_dags/example_setup_teardown.py
[2025-08-26T04:31:38.443+0000] {processor.py:840} INFO - DAG(s) 'example_setup_teardown' retrieved from /home/airflow/.local/lib/python3.12/site-packages/airflow/example_dags/example_setup_teardown.py
[2025-08-26T04:31:38.787+0000] {logging_mixin.py:188} INFO - [2025-08-26T04:31:38.785+0000] {dag.py:3096} INFO - Sync 1 DAGs
[2025-08-26T04:31:38.908+0000] {logging_mixin.py:188} INFO - [2025-08-26T04:31:38.908+0000] {dag.py:3954} INFO - Setting next_dagrun for example_setup_teardown to 2025-08-25 00:00:00+00:00, run_after=2025-08-26 00:00:00+00:00
[2025-08-26T04:31:39.057+0000] {processor.py:183} INFO - Processing /home/airflow/.local/lib/python3.12/site-packages/airflow/example_dags/example_setup_teardown.py took 0.821 seconds
[2025-08-26T04:32:14.264+0000] {processor.py:161} INFO - Started process (PID=1143) to work on /home/airflow/.local/lib/python3.12/site-packages/airflow/example_dags/example_setup_teardown.py
[2025-08-26T04:32:14.268+0000] {processor.py:830} INFO - Processing file /home/airflow/.local/lib/python3.12/site-packages/airflow/example_dags/example_setup_teardown.py for tasks to queue
[2025-08-26T04:32:14.275+0000] {logging_mixin.py:188} INFO - [2025-08-26T04:32:14.274+0000] {dagbag.py:545} INFO - Filling up the DagBag from /home/airflow/.local/lib/python3.12/site-packages/airflow/example_dags/example_setup_teardown.py
[2025-08-26T04:32:14.302+0000] {processor.py:840} INFO - DAG(s) 'example_setup_teardown' retrieved from /home/airflow/.local/lib/python3.12/site-packages/airflow/example_dags/example_setup_teardown.py
[2025-08-26T04:32:14.407+0000] {logging_mixin.py:188} INFO - [2025-08-26T04:32:14.407+0000] {dag.py:3096} INFO - Sync 1 DAGs
[2025-08-26T04:32:14.518+0000] {logging_mixin.py:188} INFO - [2025-08-26T04:32:14.518+0000] {dag.py:3954} INFO - Setting next_dagrun for example_setup_teardown to 2025-08-25 00:00:00+00:00, run_after=2025-08-26 00:00:00+00:00
[2025-08-26T04:32:14.603+0000] {processor.py:183} INFO - Processing /home/airflow/.local/lib/python3.12/site-packages/airflow/example_dags/example_setup_teardown.py took 0.362 seconds
[2025-08-26T04:32:55.770+0000] {processor.py:161} INFO - Started process (PID=1411) to work on /home/airflow/.local/lib/python3.12/site-packages/airflow/example_dags/example_setup_teardown.py
[2025-08-26T04:32:55.786+0000] {processor.py:830} INFO - Processing file /home/airflow/.local/lib/python3.12/site-packages/airflow/example_dags/example_setup_teardown.py for tasks to queue
[2025-08-26T04:32:55.804+0000] {logging_mixin.py:188} INFO - [2025-08-26T04:32:55.802+0000] {dagbag.py:545} INFO - Filling up the DagBag from /home/airflow/.local/lib/python3.12/site-packages/airflow/example_dags/example_setup_teardown.py
[2025-08-26T04:32:55.913+0000] {processor.py:840} INFO - DAG(s) 'example_setup_teardown' retrieved from /home/airflow/.local/lib/python3.12/site-packages/airflow/example_dags/example_setup_teardown.py
[2025-08-26T04:32:56.103+0000] {logging_mixin.py:188} INFO - [2025-08-26T04:32:56.102+0000] {dag.py:3096} INFO - Sync 1 DAGs
[2025-08-26T04:32:56.436+0000] {logging_mixin.py:188} INFO - [2025-08-26T04:32:56.435+0000] {dag.py:3954} INFO - Setting next_dagrun for example_setup_teardown to 2025-08-25 00:00:00+00:00, run_after=2025-08-26 00:00:00+00:00
[2025-08-26T04:32:56.712+0000] {processor.py:183} INFO - Processing /home/airflow/.local/lib/python3.12/site-packages/airflow/example_dags/example_setup_teardown.py took 1.035 seconds
[2025-08-26T04:33:26.997+0000] {processor.py:161} INFO - Started process (PID=1676) to work on /home/airflow/.local/lib/python3.12/site-packages/airflow/example_dags/example_setup_teardown.py
[2025-08-26T04:33:27.001+0000] {processor.py:830} INFO - Processing file /home/airflow/.local/lib/python3.12/site-packages/airflow/example_dags/example_setup_teardown.py for tasks to queue
[2025-08-26T04:33:27.011+0000] {logging_mixin.py:188} INFO - [2025-08-26T04:33:27.008+0000] {dagbag.py:545} INFO - Filling up the DagBag from /home/airflow/.local/lib/python3.12/site-packages/airflow/example_dags/example_setup_teardown.py
[2025-08-26T04:33:27.084+0000] {processor.py:840} INFO - DAG(s) 'example_setup_teardown' retrieved from /home/airflow/.local/lib/python3.12/site-packages/airflow/example_dags/example_setup_teardown.py
[2025-08-26T04:33:27.375+0000] {logging_mixin.py:188} INFO - [2025-08-26T04:33:27.374+0000] {dag.py:3096} INFO - Sync 1 DAGs
[2025-08-26T04:33:27.612+0000] {logging_mixin.py:188} INFO - [2025-08-26T04:33:27.611+0000] {dag.py:3954} INFO - Setting next_dagrun for example_setup_teardown to 2025-08-25 00:00:00+00:00, run_after=2025-08-26 00:00:00+00:00
[2025-08-26T04:33:27.759+0000] {processor.py:183} INFO - Processing /home/airflow/.local/lib/python3.12/site-packages/airflow/example_dags/example_setup_teardown.py took 0.801 seconds
[2025-08-26T04:33:58.033+0000] {processor.py:161} INFO - Started process (PID=1938) to work on /home/airflow/.local/lib/python3.12/site-packages/airflow/example_dags/example_setup_teardown.py
[2025-08-26T04:33:58.037+0000] {processor.py:830} INFO - Processing file /home/airflow/.local/lib/python3.12/site-packages/airflow/example_dags/example_setup_teardown.py for tasks to queue
[2025-08-26T04:33:58.048+0000] {logging_mixin.py:188} INFO - [2025-08-26T04:33:58.047+0000] {dagbag.py:545} INFO - Filling up the DagBag from /home/airflow/.local/lib/python3.12/site-packages/airflow/example_dags/example_setup_teardown.py
[2025-08-26T04:33:58.087+0000] {processor.py:840} INFO - DAG(s) 'example_setup_teardown' retrieved from /home/airflow/.local/lib/python3.12/site-packages/airflow/example_dags/example_setup_teardown.py
[2025-08-26T04:33:58.254+0000] {logging_mixin.py:188} INFO - [2025-08-26T04:33:58.242+0000] {dag.py:3096} INFO - Sync 1 DAGs
[2025-08-26T04:33:58.605+0000] {logging_mixin.py:188} INFO - [2025-08-26T04:33:58.604+0000] {dag.py:3954} INFO - Setting next_dagrun for example_setup_teardown to 2025-08-25 00:00:00+00:00, run_after=2025-08-26 00:00:00+00:00
[2025-08-26T04:33:58.844+0000] {processor.py:183} INFO - Processing /home/airflow/.local/lib/python3.12/site-packages/airflow/example_dags/example_setup_teardown.py took 0.844 seconds
[2025-08-26T04:34:29.153+0000] {processor.py:161} INFO - Started process (PID=2200) to work on /home/airflow/.local/lib/python3.12/site-packages/airflow/example_dags/example_setup_teardown.py
[2025-08-26T04:34:29.160+0000] {processor.py:830} INFO - Processing file /home/airflow/.local/lib/python3.12/site-packages/airflow/example_dags/example_setup_teardown.py for tasks to queue
[2025-08-26T04:34:29.169+0000] {logging_mixin.py:188} INFO - [2025-08-26T04:34:29.167+0000] {dagbag.py:545} INFO - Filling up the DagBag from /home/airflow/.local/lib/python3.12/site-packages/airflow/example_dags/example_setup_teardown.py
[2025-08-26T04:34:29.203+0000] {processor.py:840} INFO - DAG(s) 'example_setup_teardown' retrieved from /home/airflow/.local/lib/python3.12/site-packages/airflow/example_dags/example_setup_teardown.py
[2025-08-26T04:34:29.384+0000] {logging_mixin.py:188} INFO - [2025-08-26T04:34:29.384+0000] {dag.py:3096} INFO - Sync 1 DAGs
[2025-08-26T04:34:29.642+0000] {logging_mixin.py:188} INFO - [2025-08-26T04:34:29.642+0000] {dag.py:3954} INFO - Setting next_dagrun for example_setup_teardown to 2025-08-25 00:00:00+00:00, run_after=2025-08-26 00:00:00+00:00
[2025-08-26T04:34:29.816+0000] {processor.py:183} INFO - Processing /home/airflow/.local/lib/python3.12/site-packages/airflow/example_dags/example_setup_teardown.py took 0.689 seconds
[2025-08-26T04:35:00.329+0000] {processor.py:161} INFO - Started process (PID=2463) to work on /home/airflow/.local/lib/python3.12/site-packages/airflow/example_dags/example_setup_teardown.py
[2025-08-26T04:35:00.334+0000] {processor.py:830} INFO - Processing file /home/airflow/.local/lib/python3.12/site-packages/airflow/example_dags/example_setup_teardown.py for tasks to queue
[2025-08-26T04:35:00.345+0000] {logging_mixin.py:188} INFO - [2025-08-26T04:35:00.344+0000] {dagbag.py:545} INFO - Filling up the DagBag from /home/airflow/.local/lib/python3.12/site-packages/airflow/example_dags/example_setup_teardown.py
[2025-08-26T04:35:00.393+0000] {processor.py:840} INFO - DAG(s) 'example_setup_teardown' retrieved from /home/airflow/.local/lib/python3.12/site-packages/airflow/example_dags/example_setup_teardown.py
[2025-08-26T04:35:00.463+0000] {logging_mixin.py:188} INFO - [2025-08-26T04:35:00.462+0000] {dag.py:3096} INFO - Sync 1 DAGs
[2025-08-26T04:35:00.534+0000] {logging_mixin.py:188} INFO - [2025-08-26T04:35:00.533+0000] {dag.py:3954} INFO - Setting next_dagrun for example_setup_teardown to 2025-08-25 00:00:00+00:00, run_after=2025-08-26 00:00:00+00:00
[2025-08-26T04:35:00.583+0000] {processor.py:183} INFO - Processing /home/airflow/.local/lib/python3.12/site-packages/airflow/example_dags/example_setup_teardown.py took 0.303 seconds
[2025-08-26T04:35:33.512+0000] {processor.py:161} INFO - Started process (PID=2718) to work on /home/airflow/.local/lib/python3.12/site-packages/airflow/example_dags/example_setup_teardown.py
[2025-08-26T04:35:33.530+0000] {processor.py:830} INFO - Processing file /home/airflow/.local/lib/python3.12/site-packages/airflow/example_dags/example_setup_teardown.py for tasks to queue
[2025-08-26T04:35:33.541+0000] {logging_mixin.py:188} INFO - [2025-08-26T04:35:33.539+0000] {dagbag.py:545} INFO - Filling up the DagBag from /home/airflow/.local/lib/python3.12/site-packages/airflow/example_dags/example_setup_teardown.py
[2025-08-26T04:35:33.643+0000] {processor.py:840} INFO - DAG(s) 'example_setup_teardown' retrieved from /home/airflow/.local/lib/python3.12/site-packages/airflow/example_dags/example_setup_teardown.py
[2025-08-26T04:35:33.970+0000] {logging_mixin.py:188} INFO - [2025-08-26T04:35:33.969+0000] {dag.py:3096} INFO - Sync 1 DAGs
[2025-08-26T04:35:34.287+0000] {logging_mixin.py:188} INFO - [2025-08-26T04:35:34.286+0000] {dag.py:3954} INFO - Setting next_dagrun for example_setup_teardown to 2025-08-25 00:00:00+00:00, run_after=2025-08-26 00:00:00+00:00
[2025-08-26T04:35:34.575+0000] {processor.py:183} INFO - Processing /home/airflow/.local/lib/python3.12/site-packages/airflow/example_dags/example_setup_teardown.py took 1.106 seconds
[2025-08-26T04:36:05.484+0000] {processor.py:161} INFO - Started process (PID=2976) to work on /home/airflow/.local/lib/python3.12/site-packages/airflow/example_dags/example_setup_teardown.py
[2025-08-26T04:36:05.490+0000] {processor.py:830} INFO - Processing file /home/airflow/.local/lib/python3.12/site-packages/airflow/example_dags/example_setup_teardown.py for tasks to queue
[2025-08-26T04:36:05.501+0000] {logging_mixin.py:188} INFO - [2025-08-26T04:36:05.500+0000] {dagbag.py:545} INFO - Filling up the DagBag from /home/airflow/.local/lib/python3.12/site-packages/airflow/example_dags/example_setup_teardown.py
[2025-08-26T04:36:05.531+0000] {processor.py:840} INFO - DAG(s) 'example_setup_teardown' retrieved from /home/airflow/.local/lib/python3.12/site-packages/airflow/example_dags/example_setup_teardown.py
[2025-08-26T04:36:05.665+0000] {logging_mixin.py:188} INFO - [2025-08-26T04:36:05.664+0000] {dag.py:3096} INFO - Sync 1 DAGs
[2025-08-26T04:36:05.793+0000] {logging_mixin.py:188} INFO - [2025-08-26T04:36:05.792+0000] {dag.py:3954} INFO - Setting next_dagrun for example_setup_teardown to 2025-08-25 00:00:00+00:00, run_after=2025-08-26 00:00:00+00:00
[2025-08-26T04:36:05.906+0000] {processor.py:183} INFO - Processing /home/airflow/.local/lib/python3.12/site-packages/airflow/example_dags/example_setup_teardown.py took 0.450 seconds
[2025-08-26T04:36:36.278+0000] {processor.py:161} INFO - Started process (PID=3239) to work on /home/airflow/.local/lib/python3.12/site-packages/airflow/example_dags/example_setup_teardown.py
[2025-08-26T04:36:36.282+0000] {processor.py:830} INFO - Processing file /home/airflow/.local/lib/python3.12/site-packages/airflow/example_dags/example_setup_teardown.py for tasks to queue
[2025-08-26T04:36:36.289+0000] {logging_mixin.py:188} INFO - [2025-08-26T04:36:36.288+0000] {dagbag.py:545} INFO - Filling up the DagBag from /home/airflow/.local/lib/python3.12/site-packages/airflow/example_dags/example_setup_teardown.py
[2025-08-26T04:36:36.313+0000] {processor.py:840} INFO - DAG(s) 'example_setup_teardown' retrieved from /home/airflow/.local/lib/python3.12/site-packages/airflow/example_dags/example_setup_teardown.py
[2025-08-26T04:36:36.397+0000] {logging_mixin.py:188} INFO - [2025-08-26T04:36:36.396+0000] {dag.py:3096} INFO - Sync 1 DAGs
[2025-08-26T04:36:36.484+0000] {logging_mixin.py:188} INFO - [2025-08-26T04:36:36.483+0000] {dag.py:3954} INFO - Setting next_dagrun for example_setup_teardown to 2025-08-25 00:00:00+00:00, run_after=2025-08-26 00:00:00+00:00
[2025-08-26T04:36:36.607+0000] {processor.py:183} INFO - Processing /home/airflow/.local/lib/python3.12/site-packages/airflow/example_dags/example_setup_teardown.py took 0.353 seconds
[2025-08-26T04:37:07.488+0000] {processor.py:161} INFO - Started process (PID=3501) to work on /home/airflow/.local/lib/python3.12/site-packages/airflow/example_dags/example_setup_teardown.py
[2025-08-26T04:37:07.492+0000] {processor.py:830} INFO - Processing file /home/airflow/.local/lib/python3.12/site-packages/airflow/example_dags/example_setup_teardown.py for tasks to queue
[2025-08-26T04:37:07.503+0000] {logging_mixin.py:188} INFO - [2025-08-26T04:37:07.502+0000] {dagbag.py:545} INFO - Filling up the DagBag from /home/airflow/.local/lib/python3.12/site-packages/airflow/example_dags/example_setup_teardown.py
[2025-08-26T04:37:07.538+0000] {processor.py:840} INFO - DAG(s) 'example_setup_teardown' retrieved from /home/airflow/.local/lib/python3.12/site-packages/airflow/example_dags/example_setup_teardown.py
[2025-08-26T04:37:07.646+0000] {logging_mixin.py:188} INFO - [2025-08-26T04:37:07.646+0000] {dag.py:3096} INFO - Sync 1 DAGs
[2025-08-26T04:37:07.763+0000] {logging_mixin.py:188} INFO - [2025-08-26T04:37:07.762+0000] {dag.py:3954} INFO - Setting next_dagrun for example_setup_teardown to 2025-08-25 00:00:00+00:00, run_after=2025-08-26 00:00:00+00:00
[2025-08-26T04:37:07.853+0000] {processor.py:183} INFO - Processing /home/airflow/.local/lib/python3.12/site-packages/airflow/example_dags/example_setup_teardown.py took 0.415 seconds
[2025-08-26T04:37:39.019+0000] {processor.py:161} INFO - Started process (PID=3760) to work on /home/airflow/.local/lib/python3.12/site-packages/airflow/example_dags/example_setup_teardown.py
[2025-08-26T04:37:39.036+0000] {processor.py:830} INFO - Processing file /home/airflow/.local/lib/python3.12/site-packages/airflow/example_dags/example_setup_teardown.py for tasks to queue
[2025-08-26T04:37:39.058+0000] {logging_mixin.py:188} INFO - [2025-08-26T04:37:39.056+0000] {dagbag.py:545} INFO - Filling up the DagBag from /home/airflow/.local/lib/python3.12/site-packages/airflow/example_dags/example_setup_teardown.py
[2025-08-26T04:37:39.147+0000] {processor.py:840} INFO - DAG(s) 'example_setup_teardown' retrieved from /home/airflow/.local/lib/python3.12/site-packages/airflow/example_dags/example_setup_teardown.py
[2025-08-26T04:37:39.265+0000] {logging_mixin.py:188} INFO - [2025-08-26T04:37:39.265+0000] {dag.py:3096} INFO - Sync 1 DAGs
[2025-08-26T04:37:39.394+0000] {logging_mixin.py:188} INFO - [2025-08-26T04:37:39.394+0000] {dag.py:3954} INFO - Setting next_dagrun for example_setup_teardown to 2025-08-25 00:00:00+00:00, run_after=2025-08-26 00:00:00+00:00
[2025-08-26T04:37:39.493+0000] {processor.py:183} INFO - Processing /home/airflow/.local/lib/python3.12/site-packages/airflow/example_dags/example_setup_teardown.py took 0.578 seconds
[2025-08-26T04:38:11.993+0000] {processor.py:161} INFO - Started process (PID=4027) to work on /home/airflow/.local/lib/python3.12/site-packages/airflow/example_dags/example_setup_teardown.py
[2025-08-26T04:38:11.996+0000] {processor.py:830} INFO - Processing file /home/airflow/.local/lib/python3.12/site-packages/airflow/example_dags/example_setup_teardown.py for tasks to queue
[2025-08-26T04:38:12.013+0000] {logging_mixin.py:188} INFO - [2025-08-26T04:38:12.011+0000] {dagbag.py:545} INFO - Filling up the DagBag from /home/airflow/.local/lib/python3.12/site-packages/airflow/example_dags/example_setup_teardown.py
[2025-08-26T04:38:12.051+0000] {processor.py:840} INFO - DAG(s) 'example_setup_teardown' retrieved from /home/airflow/.local/lib/python3.12/site-packages/airflow/example_dags/example_setup_teardown.py
[2025-08-26T04:38:12.219+0000] {logging_mixin.py:188} INFO - [2025-08-26T04:38:12.218+0000] {dag.py:3096} INFO - Sync 1 DAGs
[2025-08-26T04:38:12.509+0000] {logging_mixin.py:188} INFO - [2025-08-26T04:38:12.508+0000] {dag.py:3954} INFO - Setting next_dagrun for example_setup_teardown to 2025-08-25 00:00:00+00:00, run_after=2025-08-26 00:00:00+00:00
[2025-08-26T04:38:12.700+0000] {processor.py:183} INFO - Processing /home/airflow/.local/lib/python3.12/site-packages/airflow/example_dags/example_setup_teardown.py took 0.751 seconds
[2025-08-26T04:38:43.591+0000] {processor.py:161} INFO - Started process (PID=4289) to work on /home/airflow/.local/lib/python3.12/site-packages/airflow/example_dags/example_setup_teardown.py
[2025-08-26T04:38:43.611+0000] {processor.py:830} INFO - Processing file /home/airflow/.local/lib/python3.12/site-packages/airflow/example_dags/example_setup_teardown.py for tasks to queue
[2025-08-26T04:38:43.619+0000] {logging_mixin.py:188} INFO - [2025-08-26T04:38:43.618+0000] {dagbag.py:545} INFO - Filling up the DagBag from /home/airflow/.local/lib/python3.12/site-packages/airflow/example_dags/example_setup_teardown.py
[2025-08-26T04:38:43.697+0000] {processor.py:840} INFO - DAG(s) 'example_setup_teardown' retrieved from /home/airflow/.local/lib/python3.12/site-packages/airflow/example_dags/example_setup_teardown.py
[2025-08-26T04:38:43.957+0000] {logging_mixin.py:188} INFO - [2025-08-26T04:38:43.957+0000] {dag.py:3096} INFO - Sync 1 DAGs
[2025-08-26T04:38:44.349+0000] {logging_mixin.py:188} INFO - [2025-08-26T04:38:44.347+0000] {dag.py:3954} INFO - Setting next_dagrun for example_setup_teardown to 2025-08-25 00:00:00+00:00, run_after=2025-08-26 00:00:00+00:00
[2025-08-26T04:38:44.456+0000] {processor.py:183} INFO - Processing /home/airflow/.local/lib/python3.12/site-packages/airflow/example_dags/example_setup_teardown.py took 0.940 seconds
[2025-08-26T04:39:16.120+0000] {processor.py:161} INFO - Started process (PID=4556) to work on /home/airflow/.local/lib/python3.12/site-packages/airflow/example_dags/example_setup_teardown.py
[2025-08-26T04:39:16.125+0000] {processor.py:830} INFO - Processing file /home/airflow/.local/lib/python3.12/site-packages/airflow/example_dags/example_setup_teardown.py for tasks to queue
[2025-08-26T04:39:16.136+0000] {logging_mixin.py:188} INFO - [2025-08-26T04:39:16.133+0000] {dagbag.py:545} INFO - Filling up the DagBag from /home/airflow/.local/lib/python3.12/site-packages/airflow/example_dags/example_setup_teardown.py
[2025-08-26T04:39:16.174+0000] {processor.py:840} INFO - DAG(s) 'example_setup_teardown' retrieved from /home/airflow/.local/lib/python3.12/site-packages/airflow/example_dags/example_setup_teardown.py
[2025-08-26T04:39:16.331+0000] {logging_mixin.py:188} INFO - [2025-08-26T04:39:16.330+0000] {dag.py:3096} INFO - Sync 1 DAGs
[2025-08-26T04:39:16.522+0000] {logging_mixin.py:188} INFO - [2025-08-26T04:39:16.521+0000] {dag.py:3954} INFO - Setting next_dagrun for example_setup_teardown to 2025-08-25 00:00:00+00:00, run_after=2025-08-26 00:00:00+00:00
[2025-08-26T04:39:16.668+0000] {processor.py:183} INFO - Processing /home/airflow/.local/lib/python3.12/site-packages/airflow/example_dags/example_setup_teardown.py took 0.589 seconds
[2025-08-26T04:40:02.258+0000] {processor.py:161} INFO - Started process (PID=4839) to work on /home/airflow/.local/lib/python3.12/site-packages/airflow/example_dags/example_setup_teardown.py
[2025-08-26T04:40:02.269+0000] {processor.py:830} INFO - Processing file /home/airflow/.local/lib/python3.12/site-packages/airflow/example_dags/example_setup_teardown.py for tasks to queue
[2025-08-26T04:40:02.293+0000] {logging_mixin.py:188} INFO - [2025-08-26T04:40:02.292+0000] {dagbag.py:545} INFO - Filling up the DagBag from /home/airflow/.local/lib/python3.12/site-packages/airflow/example_dags/example_setup_teardown.py
[2025-08-26T04:40:02.389+0000] {processor.py:840} INFO - DAG(s) 'example_setup_teardown' retrieved from /home/airflow/.local/lib/python3.12/site-packages/airflow/example_dags/example_setup_teardown.py
[2025-08-26T04:40:02.607+0000] {logging_mixin.py:188} INFO - [2025-08-26T04:40:02.606+0000] {dag.py:3096} INFO - Sync 1 DAGs
[2025-08-26T04:40:02.956+0000] {logging_mixin.py:188} INFO - [2025-08-26T04:40:02.954+0000] {dag.py:3954} INFO - Setting next_dagrun for example_setup_teardown to 2025-08-25 00:00:00+00:00, run_after=2025-08-26 00:00:00+00:00
[2025-08-26T04:40:03.430+0000] {processor.py:183} INFO - Processing /home/airflow/.local/lib/python3.12/site-packages/airflow/example_dags/example_setup_teardown.py took 1.286 seconds
[2025-08-26T04:40:40.108+0000] {processor.py:161} INFO - Started process (PID=5102) to work on /home/airflow/.local/lib/python3.12/site-packages/airflow/example_dags/example_setup_teardown.py
[2025-08-26T04:40:40.112+0000] {processor.py:830} INFO - Processing file /home/airflow/.local/lib/python3.12/site-packages/airflow/example_dags/example_setup_teardown.py for tasks to queue
[2025-08-26T04:40:40.119+0000] {logging_mixin.py:188} INFO - [2025-08-26T04:40:40.118+0000] {dagbag.py:545} INFO - Filling up the DagBag from /home/airflow/.local/lib/python3.12/site-packages/airflow/example_dags/example_setup_teardown.py
[2025-08-26T04:40:40.182+0000] {processor.py:840} INFO - DAG(s) 'example_setup_teardown' retrieved from /home/airflow/.local/lib/python3.12/site-packages/airflow/example_dags/example_setup_teardown.py
[2025-08-26T04:40:40.290+0000] {logging_mixin.py:188} INFO - [2025-08-26T04:40:40.290+0000] {dag.py:3096} INFO - Sync 1 DAGs
[2025-08-26T04:40:40.414+0000] {logging_mixin.py:188} INFO - [2025-08-26T04:40:40.413+0000] {dag.py:3954} INFO - Setting next_dagrun for example_setup_teardown to 2025-08-25 00:00:00+00:00, run_after=2025-08-26 00:00:00+00:00
[2025-08-26T04:40:40.576+0000] {processor.py:183} INFO - Processing /home/airflow/.local/lib/python3.12/site-packages/airflow/example_dags/example_setup_teardown.py took 0.500 seconds
[2025-08-26T04:41:10.887+0000] {processor.py:161} INFO - Started process (PID=5363) to work on /home/airflow/.local/lib/python3.12/site-packages/airflow/example_dags/example_setup_teardown.py
[2025-08-26T04:41:10.891+0000] {processor.py:830} INFO - Processing file /home/airflow/.local/lib/python3.12/site-packages/airflow/example_dags/example_setup_teardown.py for tasks to queue
[2025-08-26T04:41:10.900+0000] {logging_mixin.py:188} INFO - [2025-08-26T04:41:10.899+0000] {dagbag.py:545} INFO - Filling up the DagBag from /home/airflow/.local/lib/python3.12/site-packages/airflow/example_dags/example_setup_teardown.py
[2025-08-26T04:41:10.937+0000] {processor.py:840} INFO - DAG(s) 'example_setup_teardown' retrieved from /home/airflow/.local/lib/python3.12/site-packages/airflow/example_dags/example_setup_teardown.py
[2025-08-26T04:41:11.183+0000] {logging_mixin.py:188} INFO - [2025-08-26T04:41:11.183+0000] {dag.py:3096} INFO - Sync 1 DAGs
[2025-08-26T04:41:11.466+0000] {logging_mixin.py:188} INFO - [2025-08-26T04:41:11.465+0000] {dag.py:3954} INFO - Setting next_dagrun for example_setup_teardown to 2025-08-25 00:00:00+00:00, run_after=2025-08-26 00:00:00+00:00
[2025-08-26T04:41:11.644+0000] {processor.py:183} INFO - Processing /home/airflow/.local/lib/python3.12/site-packages/airflow/example_dags/example_setup_teardown.py took 0.789 seconds
[2025-08-26T04:41:45.858+0000] {processor.py:161} INFO - Started process (PID=5621) to work on /home/airflow/.local/lib/python3.12/site-packages/airflow/example_dags/example_setup_teardown.py
[2025-08-26T04:41:45.865+0000] {processor.py:830} INFO - Processing file /home/airflow/.local/lib/python3.12/site-packages/airflow/example_dags/example_setup_teardown.py for tasks to queue
[2025-08-26T04:41:45.872+0000] {logging_mixin.py:188} INFO - [2025-08-26T04:41:45.871+0000] {dagbag.py:545} INFO - Filling up the DagBag from /home/airflow/.local/lib/python3.12/site-packages/airflow/example_dags/example_setup_teardown.py
[2025-08-26T04:41:45.907+0000] {processor.py:840} INFO - DAG(s) 'example_setup_teardown' retrieved from /home/airflow/.local/lib/python3.12/site-packages/airflow/example_dags/example_setup_teardown.py
[2025-08-26T04:41:45.996+0000] {logging_mixin.py:188} INFO - [2025-08-26T04:41:45.995+0000] {dag.py:3096} INFO - Sync 1 DAGs
[2025-08-26T04:41:46.146+0000] {logging_mixin.py:188} INFO - [2025-08-26T04:41:46.142+0000] {dag.py:3954} INFO - Setting next_dagrun for example_setup_teardown to 2025-08-25 00:00:00+00:00, run_after=2025-08-26 00:00:00+00:00
[2025-08-26T04:41:46.259+0000] {processor.py:183} INFO - Processing /home/airflow/.local/lib/python3.12/site-packages/airflow/example_dags/example_setup_teardown.py took 0.429 seconds
[2025-08-26T04:42:27.555+0000] {processor.py:161} INFO - Started process (PID=5871) to work on /home/airflow/.local/lib/python3.12/site-packages/airflow/example_dags/example_setup_teardown.py
[2025-08-26T04:42:27.562+0000] {processor.py:830} INFO - Processing file /home/airflow/.local/lib/python3.12/site-packages/airflow/example_dags/example_setup_teardown.py for tasks to queue
[2025-08-26T04:42:27.589+0000] {logging_mixin.py:188} INFO - [2025-08-26T04:42:27.588+0000] {dagbag.py:545} INFO - Filling up the DagBag from /home/airflow/.local/lib/python3.12/site-packages/airflow/example_dags/example_setup_teardown.py
[2025-08-26T04:42:27.729+0000] {processor.py:840} INFO - DAG(s) 'example_setup_teardown' retrieved from /home/airflow/.local/lib/python3.12/site-packages/airflow/example_dags/example_setup_teardown.py
[2025-08-26T04:42:27.989+0000] {logging_mixin.py:188} INFO - [2025-08-26T04:42:27.989+0000] {dag.py:3096} INFO - Sync 1 DAGs
[2025-08-26T04:42:28.474+0000] {logging_mixin.py:188} INFO - [2025-08-26T04:42:28.474+0000] {dag.py:3954} INFO - Setting next_dagrun for example_setup_teardown to 2025-08-25 00:00:00+00:00, run_after=2025-08-26 00:00:00+00:00
[2025-08-26T04:42:28.816+0000] {processor.py:183} INFO - Processing /home/airflow/.local/lib/python3.12/site-packages/airflow/example_dags/example_setup_teardown.py took 1.347 seconds
[2025-08-26T04:43:02.051+0000] {processor.py:161} INFO - Started process (PID=6133) to work on /home/airflow/.local/lib/python3.12/site-packages/airflow/example_dags/example_setup_teardown.py
[2025-08-26T04:43:02.055+0000] {processor.py:830} INFO - Processing file /home/airflow/.local/lib/python3.12/site-packages/airflow/example_dags/example_setup_teardown.py for tasks to queue
[2025-08-26T04:43:02.084+0000] {logging_mixin.py:188} INFO - [2025-08-26T04:43:02.083+0000] {dagbag.py:545} INFO - Filling up the DagBag from /home/airflow/.local/lib/python3.12/site-packages/airflow/example_dags/example_setup_teardown.py
[2025-08-26T04:43:02.150+0000] {processor.py:840} INFO - DAG(s) 'example_setup_teardown' retrieved from /home/airflow/.local/lib/python3.12/site-packages/airflow/example_dags/example_setup_teardown.py
[2025-08-26T04:43:02.307+0000] {logging_mixin.py:188} INFO - [2025-08-26T04:43:02.296+0000] {dag.py:3096} INFO - Sync 1 DAGs
[2025-08-26T04:43:02.550+0000] {logging_mixin.py:188} INFO - [2025-08-26T04:43:02.541+0000] {dag.py:3954} INFO - Setting next_dagrun for example_setup_teardown to 2025-08-25 00:00:00+00:00, run_after=2025-08-26 00:00:00+00:00
[2025-08-26T04:43:02.970+0000] {processor.py:183} INFO - Processing /home/airflow/.local/lib/python3.12/site-packages/airflow/example_dags/example_setup_teardown.py took 0.983 seconds
[2025-08-26T04:43:38.378+0000] {processor.py:161} INFO - Started process (PID=6405) to work on /home/airflow/.local/lib/python3.12/site-packages/airflow/example_dags/example_setup_teardown.py
[2025-08-26T04:43:38.411+0000] {processor.py:830} INFO - Processing file /home/airflow/.local/lib/python3.12/site-packages/airflow/example_dags/example_setup_teardown.py for tasks to queue
[2025-08-26T04:43:38.434+0000] {logging_mixin.py:188} INFO - [2025-08-26T04:43:38.433+0000] {dagbag.py:545} INFO - Filling up the DagBag from /home/airflow/.local/lib/python3.12/site-packages/airflow/example_dags/example_setup_teardown.py
[2025-08-26T04:43:38.521+0000] {processor.py:840} INFO - DAG(s) 'example_setup_teardown' retrieved from /home/airflow/.local/lib/python3.12/site-packages/airflow/example_dags/example_setup_teardown.py
[2025-08-26T04:43:38.690+0000] {logging_mixin.py:188} INFO - [2025-08-26T04:43:38.686+0000] {dag.py:3096} INFO - Sync 1 DAGs
[2025-08-26T04:43:38.874+0000] {logging_mixin.py:188} INFO - [2025-08-26T04:43:38.873+0000] {dag.py:3954} INFO - Setting next_dagrun for example_setup_teardown to 2025-08-25 00:00:00+00:00, run_after=2025-08-26 00:00:00+00:00
[2025-08-26T04:43:39.111+0000] {processor.py:183} INFO - Processing /home/airflow/.local/lib/python3.12/site-packages/airflow/example_dags/example_setup_teardown.py took 0.854 seconds
[2025-08-26T04:44:15.566+0000] {processor.py:161} INFO - Started process (PID=6666) to work on /home/airflow/.local/lib/python3.12/site-packages/airflow/example_dags/example_setup_teardown.py
[2025-08-26T04:44:15.572+0000] {processor.py:830} INFO - Processing file /home/airflow/.local/lib/python3.12/site-packages/airflow/example_dags/example_setup_teardown.py for tasks to queue
[2025-08-26T04:44:15.585+0000] {logging_mixin.py:188} INFO - [2025-08-26T04:44:15.584+0000] {dagbag.py:545} INFO - Filling up the DagBag from /home/airflow/.local/lib/python3.12/site-packages/airflow/example_dags/example_setup_teardown.py
[2025-08-26T04:44:15.660+0000] {processor.py:840} INFO - DAG(s) 'example_setup_teardown' retrieved from /home/airflow/.local/lib/python3.12/site-packages/airflow/example_dags/example_setup_teardown.py
[2025-08-26T04:44:15.796+0000] {logging_mixin.py:188} INFO - [2025-08-26T04:44:15.795+0000] {dag.py:3096} INFO - Sync 1 DAGs
[2025-08-26T04:44:15.914+0000] {logging_mixin.py:188} INFO - [2025-08-26T04:44:15.913+0000] {dag.py:3954} INFO - Setting next_dagrun for example_setup_teardown to 2025-08-25 00:00:00+00:00, run_after=2025-08-26 00:00:00+00:00
[2025-08-26T04:44:16.089+0000] {processor.py:183} INFO - Processing /home/airflow/.local/lib/python3.12/site-packages/airflow/example_dags/example_setup_teardown.py took 0.590 seconds
[2025-08-26T04:44:48.940+0000] {processor.py:161} INFO - Started process (PID=6923) to work on /home/airflow/.local/lib/python3.12/site-packages/airflow/example_dags/example_setup_teardown.py
[2025-08-26T04:44:48.950+0000] {processor.py:830} INFO - Processing file /home/airflow/.local/lib/python3.12/site-packages/airflow/example_dags/example_setup_teardown.py for tasks to queue
[2025-08-26T04:44:48.980+0000] {logging_mixin.py:188} INFO - [2025-08-26T04:44:48.979+0000] {dagbag.py:545} INFO - Filling up the DagBag from /home/airflow/.local/lib/python3.12/site-packages/airflow/example_dags/example_setup_teardown.py
[2025-08-26T04:44:49.065+0000] {processor.py:840} INFO - DAG(s) 'example_setup_teardown' retrieved from /home/airflow/.local/lib/python3.12/site-packages/airflow/example_dags/example_setup_teardown.py
[2025-08-26T04:44:49.333+0000] {logging_mixin.py:188} INFO - [2025-08-26T04:44:49.332+0000] {dag.py:3096} INFO - Sync 1 DAGs
[2025-08-26T04:44:49.618+0000] {logging_mixin.py:188} INFO - [2025-08-26T04:44:49.617+0000] {dag.py:3954} INFO - Setting next_dagrun for example_setup_teardown to 2025-08-25 00:00:00+00:00, run_after=2025-08-26 00:00:00+00:00
[2025-08-26T04:44:49.870+0000] {processor.py:183} INFO - Processing /home/airflow/.local/lib/python3.12/site-packages/airflow/example_dags/example_setup_teardown.py took 0.990 seconds
[2025-08-26T04:45:24.046+0000] {processor.py:161} INFO - Started process (PID=7181) to work on /home/airflow/.local/lib/python3.12/site-packages/airflow/example_dags/example_setup_teardown.py
[2025-08-26T04:45:24.049+0000] {processor.py:830} INFO - Processing file /home/airflow/.local/lib/python3.12/site-packages/airflow/example_dags/example_setup_teardown.py for tasks to queue
[2025-08-26T04:45:24.066+0000] {logging_mixin.py:188} INFO - [2025-08-26T04:45:24.065+0000] {dagbag.py:545} INFO - Filling up the DagBag from /home/airflow/.local/lib/python3.12/site-packages/airflow/example_dags/example_setup_teardown.py
[2025-08-26T04:45:24.143+0000] {processor.py:840} INFO - DAG(s) 'example_setup_teardown' retrieved from /home/airflow/.local/lib/python3.12/site-packages/airflow/example_dags/example_setup_teardown.py
[2025-08-26T04:45:24.321+0000] {logging_mixin.py:188} INFO - [2025-08-26T04:45:24.320+0000] {dag.py:3096} INFO - Sync 1 DAGs
[2025-08-26T04:45:24.593+0000] {logging_mixin.py:188} INFO - [2025-08-26T04:45:24.592+0000] {dag.py:3954} INFO - Setting next_dagrun for example_setup_teardown to 2025-08-25 00:00:00+00:00, run_after=2025-08-26 00:00:00+00:00
[2025-08-26T04:45:24.776+0000] {processor.py:183} INFO - Processing /home/airflow/.local/lib/python3.12/site-packages/airflow/example_dags/example_setup_teardown.py took 0.783 seconds
[2025-08-26T04:46:03.107+0000] {processor.py:161} INFO - Started process (PID=7440) to work on /home/airflow/.local/lib/python3.12/site-packages/airflow/example_dags/example_setup_teardown.py
[2025-08-26T04:46:03.138+0000] {processor.py:830} INFO - Processing file /home/airflow/.local/lib/python3.12/site-packages/airflow/example_dags/example_setup_teardown.py for tasks to queue
[2025-08-26T04:46:03.155+0000] {logging_mixin.py:188} INFO - [2025-08-26T04:46:03.150+0000] {dagbag.py:545} INFO - Filling up the DagBag from /home/airflow/.local/lib/python3.12/site-packages/airflow/example_dags/example_setup_teardown.py
[2025-08-26T04:46:03.209+0000] {processor.py:840} INFO - DAG(s) 'example_setup_teardown' retrieved from /home/airflow/.local/lib/python3.12/site-packages/airflow/example_dags/example_setup_teardown.py
[2025-08-26T04:46:03.423+0000] {logging_mixin.py:188} INFO - [2025-08-26T04:46:03.422+0000] {dag.py:3096} INFO - Sync 1 DAGs
[2025-08-26T04:46:03.645+0000] {logging_mixin.py:188} INFO - [2025-08-26T04:46:03.633+0000] {dag.py:3954} INFO - Setting next_dagrun for example_setup_teardown to 2025-08-25 00:00:00+00:00, run_after=2025-08-26 00:00:00+00:00
[2025-08-26T04:46:04.047+0000] {processor.py:183} INFO - Processing /home/airflow/.local/lib/python3.12/site-packages/airflow/example_dags/example_setup_teardown.py took 1.007 seconds
[2025-08-26T04:46:45.731+0000] {processor.py:161} INFO - Started process (PID=7717) to work on /home/airflow/.local/lib/python3.12/site-packages/airflow/example_dags/example_setup_teardown.py
[2025-08-26T04:46:45.736+0000] {processor.py:830} INFO - Processing file /home/airflow/.local/lib/python3.12/site-packages/airflow/example_dags/example_setup_teardown.py for tasks to queue
[2025-08-26T04:46:45.744+0000] {logging_mixin.py:188} INFO - [2025-08-26T04:46:45.743+0000] {dagbag.py:545} INFO - Filling up the DagBag from /home/airflow/.local/lib/python3.12/site-packages/airflow/example_dags/example_setup_teardown.py
[2025-08-26T04:46:45.815+0000] {processor.py:840} INFO - DAG(s) 'example_setup_teardown' retrieved from /home/airflow/.local/lib/python3.12/site-packages/airflow/example_dags/example_setup_teardown.py
[2025-08-26T04:46:46.033+0000] {logging_mixin.py:188} INFO - [2025-08-26T04:46:46.032+0000] {dag.py:3096} INFO - Sync 1 DAGs
[2025-08-26T04:46:46.238+0000] {logging_mixin.py:188} INFO - [2025-08-26T04:46:46.231+0000] {dag.py:3954} INFO - Setting next_dagrun for example_setup_teardown to 2025-08-25 00:00:00+00:00, run_after=2025-08-26 00:00:00+00:00
[2025-08-26T04:46:46.390+0000] {processor.py:183} INFO - Processing /home/airflow/.local/lib/python3.12/site-packages/airflow/example_dags/example_setup_teardown.py took 0.724 seconds
[2025-08-26T04:47:19.061+0000] {processor.py:161} INFO - Started process (PID=7979) to work on /home/airflow/.local/lib/python3.12/site-packages/airflow/example_dags/example_setup_teardown.py
[2025-08-26T04:47:19.064+0000] {processor.py:830} INFO - Processing file /home/airflow/.local/lib/python3.12/site-packages/airflow/example_dags/example_setup_teardown.py for tasks to queue
[2025-08-26T04:47:19.082+0000] {logging_mixin.py:188} INFO - [2025-08-26T04:47:19.081+0000] {dagbag.py:545} INFO - Filling up the DagBag from /home/airflow/.local/lib/python3.12/site-packages/airflow/example_dags/example_setup_teardown.py
[2025-08-26T04:47:19.140+0000] {processor.py:840} INFO - DAG(s) 'example_setup_teardown' retrieved from /home/airflow/.local/lib/python3.12/site-packages/airflow/example_dags/example_setup_teardown.py
[2025-08-26T04:47:19.388+0000] {logging_mixin.py:188} INFO - [2025-08-26T04:47:19.387+0000] {dag.py:3096} INFO - Sync 1 DAGs
[2025-08-26T04:47:19.629+0000] {logging_mixin.py:188} INFO - [2025-08-26T04:47:19.628+0000] {dag.py:3954} INFO - Setting next_dagrun for example_setup_teardown to 2025-08-25 00:00:00+00:00, run_after=2025-08-26 00:00:00+00:00
[2025-08-26T04:47:19.873+0000] {processor.py:183} INFO - Processing /home/airflow/.local/lib/python3.12/site-packages/airflow/example_dags/example_setup_teardown.py took 0.867 seconds
[2025-08-26T04:49:42.447+0000] {processor.py:161} INFO - Started process (PID=333) to work on /home/airflow/.local/lib/python3.12/site-packages/airflow/example_dags/example_setup_teardown.py
[2025-08-26T04:49:42.456+0000] {processor.py:830} INFO - Processing file /home/airflow/.local/lib/python3.12/site-packages/airflow/example_dags/example_setup_teardown.py for tasks to queue
[2025-08-26T04:49:42.462+0000] {logging_mixin.py:188} INFO - [2025-08-26T04:49:42.461+0000] {dagbag.py:545} INFO - Filling up the DagBag from /home/airflow/.local/lib/python3.12/site-packages/airflow/example_dags/example_setup_teardown.py
[2025-08-26T04:49:42.553+0000] {processor.py:840} INFO - DAG(s) 'example_setup_teardown' retrieved from /home/airflow/.local/lib/python3.12/site-packages/airflow/example_dags/example_setup_teardown.py
[2025-08-26T04:49:44.029+0000] {logging_mixin.py:188} INFO - [2025-08-26T04:49:44.028+0000] {dag.py:3096} INFO - Sync 1 DAGs
[2025-08-26T04:49:44.282+0000] {logging_mixin.py:188} INFO - [2025-08-26T04:49:44.282+0000] {dag.py:3954} INFO - Setting next_dagrun for example_setup_teardown to 2025-08-25 00:00:00+00:00, run_after=2025-08-26 00:00:00+00:00
[2025-08-26T04:49:44.446+0000] {processor.py:183} INFO - Processing /home/airflow/.local/lib/python3.12/site-packages/airflow/example_dags/example_setup_teardown.py took 2.077 seconds
[2025-08-26T04:50:14.774+0000] {processor.py:161} INFO - Started process (PID=597) to work on /home/airflow/.local/lib/python3.12/site-packages/airflow/example_dags/example_setup_teardown.py
[2025-08-26T04:50:14.782+0000] {processor.py:830} INFO - Processing file /home/airflow/.local/lib/python3.12/site-packages/airflow/example_dags/example_setup_teardown.py for tasks to queue
[2025-08-26T04:50:14.788+0000] {logging_mixin.py:188} INFO - [2025-08-26T04:50:14.787+0000] {dagbag.py:545} INFO - Filling up the DagBag from /home/airflow/.local/lib/python3.12/site-packages/airflow/example_dags/example_setup_teardown.py
[2025-08-26T04:50:14.826+0000] {processor.py:840} INFO - DAG(s) 'example_setup_teardown' retrieved from /home/airflow/.local/lib/python3.12/site-packages/airflow/example_dags/example_setup_teardown.py
[2025-08-26T04:50:14.922+0000] {logging_mixin.py:188} INFO - [2025-08-26T04:50:14.921+0000] {dag.py:3096} INFO - Sync 1 DAGs
[2025-08-26T04:50:15.125+0000] {logging_mixin.py:188} INFO - [2025-08-26T04:50:15.123+0000] {dag.py:3954} INFO - Setting next_dagrun for example_setup_teardown to 2025-08-25 00:00:00+00:00, run_after=2025-08-26 00:00:00+00:00
[2025-08-26T04:50:15.358+0000] {processor.py:183} INFO - Processing /home/airflow/.local/lib/python3.12/site-packages/airflow/example_dags/example_setup_teardown.py took 0.645 seconds
[2025-08-26T04:50:45.716+0000] {processor.py:161} INFO - Started process (PID=859) to work on /home/airflow/.local/lib/python3.12/site-packages/airflow/example_dags/example_setup_teardown.py
[2025-08-26T04:50:45.719+0000] {processor.py:830} INFO - Processing file /home/airflow/.local/lib/python3.12/site-packages/airflow/example_dags/example_setup_teardown.py for tasks to queue
[2025-08-26T04:50:45.725+0000] {logging_mixin.py:188} INFO - [2025-08-26T04:50:45.724+0000] {dagbag.py:545} INFO - Filling up the DagBag from /home/airflow/.local/lib/python3.12/site-packages/airflow/example_dags/example_setup_teardown.py
[2025-08-26T04:50:45.753+0000] {processor.py:840} INFO - DAG(s) 'example_setup_teardown' retrieved from /home/airflow/.local/lib/python3.12/site-packages/airflow/example_dags/example_setup_teardown.py
[2025-08-26T04:50:45.835+0000] {logging_mixin.py:188} INFO - [2025-08-26T04:50:45.835+0000] {dag.py:3096} INFO - Sync 1 DAGs
[2025-08-26T04:50:45.933+0000] {logging_mixin.py:188} INFO - [2025-08-26T04:50:45.932+0000] {dag.py:3954} INFO - Setting next_dagrun for example_setup_teardown to 2025-08-25 00:00:00+00:00, run_after=2025-08-26 00:00:00+00:00
[2025-08-26T04:50:46.047+0000] {processor.py:183} INFO - Processing /home/airflow/.local/lib/python3.12/site-packages/airflow/example_dags/example_setup_teardown.py took 0.356 seconds
[2025-08-26T04:51:21.385+0000] {processor.py:161} INFO - Started process (PID=1119) to work on /home/airflow/.local/lib/python3.12/site-packages/airflow/example_dags/example_setup_teardown.py
[2025-08-26T04:51:21.400+0000] {processor.py:830} INFO - Processing file /home/airflow/.local/lib/python3.12/site-packages/airflow/example_dags/example_setup_teardown.py for tasks to queue
[2025-08-26T04:51:21.420+0000] {logging_mixin.py:188} INFO - [2025-08-26T04:51:21.419+0000] {dagbag.py:545} INFO - Filling up the DagBag from /home/airflow/.local/lib/python3.12/site-packages/airflow/example_dags/example_setup_teardown.py
[2025-08-26T04:51:21.511+0000] {processor.py:840} INFO - DAG(s) 'example_setup_teardown' retrieved from /home/airflow/.local/lib/python3.12/site-packages/airflow/example_dags/example_setup_teardown.py
[2025-08-26T04:51:21.680+0000] {logging_mixin.py:188} INFO - [2025-08-26T04:51:21.679+0000] {dag.py:3096} INFO - Sync 1 DAGs
[2025-08-26T04:51:22.291+0000] {logging_mixin.py:188} INFO - [2025-08-26T04:51:22.290+0000] {dag.py:3954} INFO - Setting next_dagrun for example_setup_teardown to 2025-08-25 00:00:00+00:00, run_after=2025-08-26 00:00:00+00:00
[2025-08-26T04:51:22.642+0000] {processor.py:183} INFO - Processing /home/airflow/.local/lib/python3.12/site-packages/airflow/example_dags/example_setup_teardown.py took 1.364 seconds
[2025-08-26T04:51:57.221+0000] {processor.py:161} INFO - Started process (PID=1383) to work on /home/airflow/.local/lib/python3.12/site-packages/airflow/example_dags/example_setup_teardown.py
[2025-08-26T04:51:57.238+0000] {processor.py:830} INFO - Processing file /home/airflow/.local/lib/python3.12/site-packages/airflow/example_dags/example_setup_teardown.py for tasks to queue
[2025-08-26T04:51:57.265+0000] {logging_mixin.py:188} INFO - [2025-08-26T04:51:57.260+0000] {dagbag.py:545} INFO - Filling up the DagBag from /home/airflow/.local/lib/python3.12/site-packages/airflow/example_dags/example_setup_teardown.py
[2025-08-26T04:51:57.337+0000] {processor.py:840} INFO - DAG(s) 'example_setup_teardown' retrieved from /home/airflow/.local/lib/python3.12/site-packages/airflow/example_dags/example_setup_teardown.py
[2025-08-26T04:51:57.549+0000] {logging_mixin.py:188} INFO - [2025-08-26T04:51:57.548+0000] {dag.py:3096} INFO - Sync 1 DAGs
[2025-08-26T04:51:57.797+0000] {logging_mixin.py:188} INFO - [2025-08-26T04:51:57.796+0000] {dag.py:3954} INFO - Setting next_dagrun for example_setup_teardown to 2025-08-25 00:00:00+00:00, run_after=2025-08-26 00:00:00+00:00
[2025-08-26T04:51:57.938+0000] {processor.py:183} INFO - Processing /home/airflow/.local/lib/python3.12/site-packages/airflow/example_dags/example_setup_teardown.py took 0.793 seconds
[2025-08-26T04:52:40.588+0000] {processor.py:161} INFO - Started process (PID=1647) to work on /home/airflow/.local/lib/python3.12/site-packages/airflow/example_dags/example_setup_teardown.py
[2025-08-26T04:52:40.600+0000] {processor.py:830} INFO - Processing file /home/airflow/.local/lib/python3.12/site-packages/airflow/example_dags/example_setup_teardown.py for tasks to queue
[2025-08-26T04:52:40.620+0000] {logging_mixin.py:188} INFO - [2025-08-26T04:52:40.618+0000] {dagbag.py:545} INFO - Filling up the DagBag from /home/airflow/.local/lib/python3.12/site-packages/airflow/example_dags/example_setup_teardown.py
[2025-08-26T04:52:40.730+0000] {processor.py:840} INFO - DAG(s) 'example_setup_teardown' retrieved from /home/airflow/.local/lib/python3.12/site-packages/airflow/example_dags/example_setup_teardown.py
[2025-08-26T04:52:40.904+0000] {logging_mixin.py:188} INFO - [2025-08-26T04:52:40.903+0000] {dag.py:3096} INFO - Sync 1 DAGs
[2025-08-26T04:52:41.139+0000] {logging_mixin.py:188} INFO - [2025-08-26T04:52:41.139+0000] {dag.py:3954} INFO - Setting next_dagrun for example_setup_teardown to 2025-08-25 00:00:00+00:00, run_after=2025-08-26 00:00:00+00:00
[2025-08-26T04:52:41.320+0000] {processor.py:183} INFO - Processing /home/airflow/.local/lib/python3.12/site-packages/airflow/example_dags/example_setup_teardown.py took 0.841 seconds
[2025-08-26T04:53:12.109+0000] {processor.py:161} INFO - Started process (PID=1911) to work on /home/airflow/.local/lib/python3.12/site-packages/airflow/example_dags/example_setup_teardown.py
[2025-08-26T04:53:12.113+0000] {processor.py:830} INFO - Processing file /home/airflow/.local/lib/python3.12/site-packages/airflow/example_dags/example_setup_teardown.py for tasks to queue
[2025-08-26T04:53:12.124+0000] {logging_mixin.py:188} INFO - [2025-08-26T04:53:12.121+0000] {dagbag.py:545} INFO - Filling up the DagBag from /home/airflow/.local/lib/python3.12/site-packages/airflow/example_dags/example_setup_teardown.py
[2025-08-26T04:53:12.223+0000] {processor.py:840} INFO - DAG(s) 'example_setup_teardown' retrieved from /home/airflow/.local/lib/python3.12/site-packages/airflow/example_dags/example_setup_teardown.py
[2025-08-26T04:53:12.415+0000] {logging_mixin.py:188} INFO - [2025-08-26T04:53:12.414+0000] {dag.py:3096} INFO - Sync 1 DAGs
[2025-08-26T04:53:12.512+0000] {logging_mixin.py:188} INFO - [2025-08-26T04:53:12.511+0000] {dag.py:3954} INFO - Setting next_dagrun for example_setup_teardown to 2025-08-25 00:00:00+00:00, run_after=2025-08-26 00:00:00+00:00
[2025-08-26T04:53:12.583+0000] {processor.py:183} INFO - Processing /home/airflow/.local/lib/python3.12/site-packages/airflow/example_dags/example_setup_teardown.py took 0.503 seconds
[2025-08-26T04:53:44.498+0000] {processor.py:161} INFO - Started process (PID=2171) to work on /home/airflow/.local/lib/python3.12/site-packages/airflow/example_dags/example_setup_teardown.py
[2025-08-26T04:53:44.514+0000] {processor.py:830} INFO - Processing file /home/airflow/.local/lib/python3.12/site-packages/airflow/example_dags/example_setup_teardown.py for tasks to queue
[2025-08-26T04:53:44.525+0000] {logging_mixin.py:188} INFO - [2025-08-26T04:53:44.524+0000] {dagbag.py:545} INFO - Filling up the DagBag from /home/airflow/.local/lib/python3.12/site-packages/airflow/example_dags/example_setup_teardown.py
[2025-08-26T04:53:44.589+0000] {processor.py:840} INFO - DAG(s) 'example_setup_teardown' retrieved from /home/airflow/.local/lib/python3.12/site-packages/airflow/example_dags/example_setup_teardown.py
[2025-08-26T04:53:44.777+0000] {logging_mixin.py:188} INFO - [2025-08-26T04:53:44.776+0000] {dag.py:3096} INFO - Sync 1 DAGs
[2025-08-26T04:53:45.071+0000] {logging_mixin.py:188} INFO - [2025-08-26T04:53:45.050+0000] {dag.py:3954} INFO - Setting next_dagrun for example_setup_teardown to 2025-08-25 00:00:00+00:00, run_after=2025-08-26 00:00:00+00:00
[2025-08-26T04:53:45.337+0000] {processor.py:183} INFO - Processing /home/airflow/.local/lib/python3.12/site-packages/airflow/example_dags/example_setup_teardown.py took 0.885 seconds
[2025-08-26T04:54:15.945+0000] {processor.py:161} INFO - Started process (PID=2433) to work on /home/airflow/.local/lib/python3.12/site-packages/airflow/example_dags/example_setup_teardown.py
[2025-08-26T04:54:15.948+0000] {processor.py:830} INFO - Processing file /home/airflow/.local/lib/python3.12/site-packages/airflow/example_dags/example_setup_teardown.py for tasks to queue
[2025-08-26T04:54:15.980+0000] {logging_mixin.py:188} INFO - [2025-08-26T04:54:15.977+0000] {dagbag.py:545} INFO - Filling up the DagBag from /home/airflow/.local/lib/python3.12/site-packages/airflow/example_dags/example_setup_teardown.py
[2025-08-26T04:54:16.056+0000] {processor.py:840} INFO - DAG(s) 'example_setup_teardown' retrieved from /home/airflow/.local/lib/python3.12/site-packages/airflow/example_dags/example_setup_teardown.py
[2025-08-26T04:54:16.169+0000] {logging_mixin.py:188} INFO - [2025-08-26T04:54:16.168+0000] {dag.py:3096} INFO - Sync 1 DAGs
[2025-08-26T04:54:16.317+0000] {logging_mixin.py:188} INFO - [2025-08-26T04:54:16.316+0000] {dag.py:3954} INFO - Setting next_dagrun for example_setup_teardown to 2025-08-25 00:00:00+00:00, run_after=2025-08-26 00:00:00+00:00
[2025-08-26T04:54:16.523+0000] {processor.py:183} INFO - Processing /home/airflow/.local/lib/python3.12/site-packages/airflow/example_dags/example_setup_teardown.py took 0.616 seconds
[2025-08-26T04:54:50.749+0000] {processor.py:161} INFO - Started process (PID=2700) to work on /home/airflow/.local/lib/python3.12/site-packages/airflow/example_dags/example_setup_teardown.py
[2025-08-26T04:54:50.765+0000] {processor.py:830} INFO - Processing file /home/airflow/.local/lib/python3.12/site-packages/airflow/example_dags/example_setup_teardown.py for tasks to queue
[2025-08-26T04:54:50.801+0000] {logging_mixin.py:188} INFO - [2025-08-26T04:54:50.792+0000] {dagbag.py:545} INFO - Filling up the DagBag from /home/airflow/.local/lib/python3.12/site-packages/airflow/example_dags/example_setup_teardown.py
[2025-08-26T04:54:50.853+0000] {processor.py:840} INFO - DAG(s) 'example_setup_teardown' retrieved from /home/airflow/.local/lib/python3.12/site-packages/airflow/example_dags/example_setup_teardown.py
[2025-08-26T04:54:50.957+0000] {logging_mixin.py:188} INFO - [2025-08-26T04:54:50.956+0000] {dag.py:3096} INFO - Sync 1 DAGs
[2025-08-26T04:54:51.095+0000] {logging_mixin.py:188} INFO - [2025-08-26T04:54:51.094+0000] {dag.py:3954} INFO - Setting next_dagrun for example_setup_teardown to 2025-08-25 00:00:00+00:00, run_after=2025-08-26 00:00:00+00:00
[2025-08-26T04:54:51.225+0000] {processor.py:183} INFO - Processing /home/airflow/.local/lib/python3.12/site-packages/airflow/example_dags/example_setup_teardown.py took 0.511 seconds
[2025-08-26T04:55:24.513+0000] {processor.py:161} INFO - Started process (PID=2962) to work on /home/airflow/.local/lib/python3.12/site-packages/airflow/example_dags/example_setup_teardown.py
[2025-08-26T04:55:24.541+0000] {processor.py:830} INFO - Processing file /home/airflow/.local/lib/python3.12/site-packages/airflow/example_dags/example_setup_teardown.py for tasks to queue
[2025-08-26T04:55:24.575+0000] {logging_mixin.py:188} INFO - [2025-08-26T04:55:24.574+0000] {dagbag.py:545} INFO - Filling up the DagBag from /home/airflow/.local/lib/python3.12/site-packages/airflow/example_dags/example_setup_teardown.py
[2025-08-26T04:55:24.744+0000] {processor.py:840} INFO - DAG(s) 'example_setup_teardown' retrieved from /home/airflow/.local/lib/python3.12/site-packages/airflow/example_dags/example_setup_teardown.py
[2025-08-26T04:55:25.052+0000] {logging_mixin.py:188} INFO - [2025-08-26T04:55:25.052+0000] {dag.py:3096} INFO - Sync 1 DAGs
[2025-08-26T04:55:25.929+0000] {logging_mixin.py:188} INFO - [2025-08-26T04:55:25.928+0000] {dag.py:3954} INFO - Setting next_dagrun for example_setup_teardown to 2025-08-25 00:00:00+00:00, run_after=2025-08-26 00:00:00+00:00
[2025-08-26T04:55:26.540+0000] {processor.py:183} INFO - Processing /home/airflow/.local/lib/python3.12/site-packages/airflow/example_dags/example_setup_teardown.py took 2.087 seconds
[2025-08-26T04:56:07.202+0000] {processor.py:161} INFO - Started process (PID=3239) to work on /home/airflow/.local/lib/python3.12/site-packages/airflow/example_dags/example_setup_teardown.py
[2025-08-26T04:56:07.212+0000] {processor.py:830} INFO - Processing file /home/airflow/.local/lib/python3.12/site-packages/airflow/example_dags/example_setup_teardown.py for tasks to queue
[2025-08-26T04:56:07.229+0000] {logging_mixin.py:188} INFO - [2025-08-26T04:56:07.226+0000] {dagbag.py:545} INFO - Filling up the DagBag from /home/airflow/.local/lib/python3.12/site-packages/airflow/example_dags/example_setup_teardown.py
[2025-08-26T04:56:07.307+0000] {processor.py:840} INFO - DAG(s) 'example_setup_teardown' retrieved from /home/airflow/.local/lib/python3.12/site-packages/airflow/example_dags/example_setup_teardown.py
[2025-08-26T04:56:07.457+0000] {logging_mixin.py:188} INFO - [2025-08-26T04:56:07.456+0000] {dag.py:3096} INFO - Sync 1 DAGs
[2025-08-26T04:56:07.596+0000] {logging_mixin.py:188} INFO - [2025-08-26T04:56:07.595+0000] {dag.py:3954} INFO - Setting next_dagrun for example_setup_teardown to 2025-08-25 00:00:00+00:00, run_after=2025-08-26 00:00:00+00:00
[2025-08-26T04:56:07.704+0000] {processor.py:183} INFO - Processing /home/airflow/.local/lib/python3.12/site-packages/airflow/example_dags/example_setup_teardown.py took 0.544 seconds
[2025-08-26T04:56:43.149+0000] {processor.py:161} INFO - Started process (PID=3502) to work on /home/airflow/.local/lib/python3.12/site-packages/airflow/example_dags/example_setup_teardown.py
[2025-08-26T04:56:43.181+0000] {processor.py:830} INFO - Processing file /home/airflow/.local/lib/python3.12/site-packages/airflow/example_dags/example_setup_teardown.py for tasks to queue
[2025-08-26T04:56:43.215+0000] {logging_mixin.py:188} INFO - [2025-08-26T04:56:43.214+0000] {dagbag.py:545} INFO - Filling up the DagBag from /home/airflow/.local/lib/python3.12/site-packages/airflow/example_dags/example_setup_teardown.py
[2025-08-26T04:56:43.311+0000] {processor.py:840} INFO - DAG(s) 'example_setup_teardown' retrieved from /home/airflow/.local/lib/python3.12/site-packages/airflow/example_dags/example_setup_teardown.py
[2025-08-26T04:56:43.602+0000] {logging_mixin.py:188} INFO - [2025-08-26T04:56:43.596+0000] {dag.py:3096} INFO - Sync 1 DAGs
[2025-08-26T04:56:43.850+0000] {logging_mixin.py:188} INFO - [2025-08-26T04:56:43.850+0000] {dag.py:3954} INFO - Setting next_dagrun for example_setup_teardown to 2025-08-25 00:00:00+00:00, run_after=2025-08-26 00:00:00+00:00
[2025-08-26T04:56:44.086+0000] {processor.py:183} INFO - Processing /home/airflow/.local/lib/python3.12/site-packages/airflow/example_dags/example_setup_teardown.py took 0.993 seconds
[2025-08-26T04:57:18.552+0000] {processor.py:161} INFO - Started process (PID=3767) to work on /home/airflow/.local/lib/python3.12/site-packages/airflow/example_dags/example_setup_teardown.py
[2025-08-26T04:57:18.563+0000] {processor.py:830} INFO - Processing file /home/airflow/.local/lib/python3.12/site-packages/airflow/example_dags/example_setup_teardown.py for tasks to queue
[2025-08-26T04:57:18.579+0000] {logging_mixin.py:188} INFO - [2025-08-26T04:57:18.578+0000] {dagbag.py:545} INFO - Filling up the DagBag from /home/airflow/.local/lib/python3.12/site-packages/airflow/example_dags/example_setup_teardown.py
[2025-08-26T04:57:18.615+0000] {processor.py:840} INFO - DAG(s) 'example_setup_teardown' retrieved from /home/airflow/.local/lib/python3.12/site-packages/airflow/example_dags/example_setup_teardown.py
[2025-08-26T04:57:18.675+0000] {logging_mixin.py:188} INFO - [2025-08-26T04:57:18.674+0000] {dag.py:3096} INFO - Sync 1 DAGs
[2025-08-26T04:57:18.781+0000] {logging_mixin.py:188} INFO - [2025-08-26T04:57:18.780+0000] {dag.py:3954} INFO - Setting next_dagrun for example_setup_teardown to 2025-08-25 00:00:00+00:00, run_after=2025-08-26 00:00:00+00:00
[2025-08-26T04:57:18.863+0000] {processor.py:183} INFO - Processing /home/airflow/.local/lib/python3.12/site-packages/airflow/example_dags/example_setup_teardown.py took 0.330 seconds
[2025-08-26T05:34:52.903+0000] {processor.py:161} INFO - Started process (PID=4017) to work on /home/airflow/.local/lib/python3.12/site-packages/airflow/example_dags/example_setup_teardown.py
[2025-08-26T05:34:52.911+0000] {processor.py:830} INFO - Processing file /home/airflow/.local/lib/python3.12/site-packages/airflow/example_dags/example_setup_teardown.py for tasks to queue
[2025-08-26T05:34:52.945+0000] {logging_mixin.py:188} INFO - [2025-08-26T05:34:52.944+0000] {dagbag.py:545} INFO - Filling up the DagBag from /home/airflow/.local/lib/python3.12/site-packages/airflow/example_dags/example_setup_teardown.py
[2025-08-26T05:34:53.205+0000] {processor.py:840} INFO - DAG(s) 'example_setup_teardown' retrieved from /home/airflow/.local/lib/python3.12/site-packages/airflow/example_dags/example_setup_teardown.py
[2025-08-26T05:34:53.977+0000] {logging_mixin.py:188} INFO - [2025-08-26T05:34:53.977+0000] {dag.py:3096} INFO - Sync 1 DAGs
[2025-08-26T05:34:54.683+0000] {logging_mixin.py:188} INFO - [2025-08-26T05:34:54.683+0000] {dag.py:3954} INFO - Setting next_dagrun for example_setup_teardown to 2025-08-25 00:00:00+00:00, run_after=2025-08-26 00:00:00+00:00
[2025-08-26T05:34:55.335+0000] {processor.py:183} INFO - Processing /home/airflow/.local/lib/python3.12/site-packages/airflow/example_dags/example_setup_teardown.py took 2.838 seconds
[2025-08-26T05:42:26.524+0000] {processor.py:161} INFO - Started process (PID=4381) to work on /home/airflow/.local/lib/python3.12/site-packages/airflow/example_dags/example_setup_teardown.py
[2025-08-26T05:42:26.538+0000] {processor.py:830} INFO - Processing file /home/airflow/.local/lib/python3.12/site-packages/airflow/example_dags/example_setup_teardown.py for tasks to queue
[2025-08-26T05:42:26.567+0000] {logging_mixin.py:188} INFO - [2025-08-26T05:42:26.541+0000] {dagbag.py:545} INFO - Filling up the DagBag from /home/airflow/.local/lib/python3.12/site-packages/airflow/example_dags/example_setup_teardown.py
[2025-08-26T05:42:26.802+0000] {processor.py:840} INFO - DAG(s) 'example_setup_teardown' retrieved from /home/airflow/.local/lib/python3.12/site-packages/airflow/example_dags/example_setup_teardown.py
[2025-08-26T05:42:27.587+0000] {logging_mixin.py:188} INFO - [2025-08-26T05:42:27.587+0000] {dag.py:3096} INFO - Sync 1 DAGs
[2025-08-26T05:42:28.125+0000] {logging_mixin.py:188} INFO - [2025-08-26T05:42:28.124+0000] {dag.py:3954} INFO - Setting next_dagrun for example_setup_teardown to 2025-08-25 00:00:00+00:00, run_after=2025-08-26 00:00:00+00:00
[2025-08-26T05:42:29.160+0000] {processor.py:183} INFO - Processing /home/airflow/.local/lib/python3.12/site-packages/airflow/example_dags/example_setup_teardown.py took 2.822 seconds
[2025-08-26T05:43:37.196+0000] {processor.py:161} INFO - Started process (PID=4674) to work on /home/airflow/.local/lib/python3.12/site-packages/airflow/example_dags/example_setup_teardown.py
[2025-08-26T05:43:37.212+0000] {processor.py:830} INFO - Processing file /home/airflow/.local/lib/python3.12/site-packages/airflow/example_dags/example_setup_teardown.py for tasks to queue
[2025-08-26T05:43:37.219+0000] {logging_mixin.py:188} INFO - [2025-08-26T05:43:37.218+0000] {dagbag.py:545} INFO - Filling up the DagBag from /home/airflow/.local/lib/python3.12/site-packages/airflow/example_dags/example_setup_teardown.py
[2025-08-26T05:43:37.361+0000] {processor.py:840} INFO - DAG(s) 'example_setup_teardown' retrieved from /home/airflow/.local/lib/python3.12/site-packages/airflow/example_dags/example_setup_teardown.py
[2025-08-26T05:43:37.712+0000] {logging_mixin.py:188} INFO - [2025-08-26T05:43:37.712+0000] {dag.py:3096} INFO - Sync 1 DAGs
[2025-08-26T05:43:37.983+0000] {logging_mixin.py:188} INFO - [2025-08-26T05:43:37.983+0000] {dag.py:3954} INFO - Setting next_dagrun for example_setup_teardown to 2025-08-25 00:00:00+00:00, run_after=2025-08-26 00:00:00+00:00
[2025-08-26T05:43:38.231+0000] {processor.py:183} INFO - Processing /home/airflow/.local/lib/python3.12/site-packages/airflow/example_dags/example_setup_teardown.py took 1.148 seconds
[2025-08-26T05:44:13.282+0000] {processor.py:161} INFO - Started process (PID=4936) to work on /home/airflow/.local/lib/python3.12/site-packages/airflow/example_dags/example_setup_teardown.py
[2025-08-26T05:44:13.288+0000] {processor.py:830} INFO - Processing file /home/airflow/.local/lib/python3.12/site-packages/airflow/example_dags/example_setup_teardown.py for tasks to queue
[2025-08-26T05:44:13.292+0000] {logging_mixin.py:188} INFO - [2025-08-26T05:44:13.291+0000] {dagbag.py:545} INFO - Filling up the DagBag from /home/airflow/.local/lib/python3.12/site-packages/airflow/example_dags/example_setup_teardown.py
[2025-08-26T05:44:13.370+0000] {processor.py:840} INFO - DAG(s) 'example_setup_teardown' retrieved from /home/airflow/.local/lib/python3.12/site-packages/airflow/example_dags/example_setup_teardown.py
[2025-08-26T05:44:13.650+0000] {logging_mixin.py:188} INFO - [2025-08-26T05:44:13.649+0000] {dag.py:3096} INFO - Sync 1 DAGs
[2025-08-26T05:44:13.846+0000] {logging_mixin.py:188} INFO - [2025-08-26T05:44:13.844+0000] {dag.py:3954} INFO - Setting next_dagrun for example_setup_teardown to 2025-08-25 00:00:00+00:00, run_after=2025-08-26 00:00:00+00:00
[2025-08-26T05:44:13.993+0000] {processor.py:183} INFO - Processing /home/airflow/.local/lib/python3.12/site-packages/airflow/example_dags/example_setup_teardown.py took 0.749 seconds
[2025-08-26T05:44:49.301+0000] {processor.py:161} INFO - Started process (PID=5188) to work on /home/airflow/.local/lib/python3.12/site-packages/airflow/example_dags/example_setup_teardown.py
[2025-08-26T05:44:49.305+0000] {processor.py:830} INFO - Processing file /home/airflow/.local/lib/python3.12/site-packages/airflow/example_dags/example_setup_teardown.py for tasks to queue
[2025-08-26T05:44:49.313+0000] {logging_mixin.py:188} INFO - [2025-08-26T05:44:49.308+0000] {dagbag.py:545} INFO - Filling up the DagBag from /home/airflow/.local/lib/python3.12/site-packages/airflow/example_dags/example_setup_teardown.py
[2025-08-26T05:44:49.349+0000] {processor.py:840} INFO - DAG(s) 'example_setup_teardown' retrieved from /home/airflow/.local/lib/python3.12/site-packages/airflow/example_dags/example_setup_teardown.py
[2025-08-26T05:44:49.488+0000] {logging_mixin.py:188} INFO - [2025-08-26T05:44:49.487+0000] {dag.py:3096} INFO - Sync 1 DAGs
[2025-08-26T05:44:49.703+0000] {logging_mixin.py:188} INFO - [2025-08-26T05:44:49.702+0000] {dag.py:3954} INFO - Setting next_dagrun for example_setup_teardown to 2025-08-25 00:00:00+00:00, run_after=2025-08-26 00:00:00+00:00
[2025-08-26T05:44:49.891+0000] {processor.py:183} INFO - Processing /home/airflow/.local/lib/python3.12/site-packages/airflow/example_dags/example_setup_teardown.py took 0.621 seconds
[2025-08-26T05:45:22.812+0000] {processor.py:161} INFO - Started process (PID=5449) to work on /home/airflow/.local/lib/python3.12/site-packages/airflow/example_dags/example_setup_teardown.py
[2025-08-26T05:45:22.828+0000] {processor.py:830} INFO - Processing file /home/airflow/.local/lib/python3.12/site-packages/airflow/example_dags/example_setup_teardown.py for tasks to queue
[2025-08-26T05:45:22.832+0000] {logging_mixin.py:188} INFO - [2025-08-26T05:45:22.831+0000] {dagbag.py:545} INFO - Filling up the DagBag from /home/airflow/.local/lib/python3.12/site-packages/airflow/example_dags/example_setup_teardown.py
[2025-08-26T05:45:22.900+0000] {processor.py:840} INFO - DAG(s) 'example_setup_teardown' retrieved from /home/airflow/.local/lib/python3.12/site-packages/airflow/example_dags/example_setup_teardown.py
[2025-08-26T05:45:23.004+0000] {logging_mixin.py:188} INFO - [2025-08-26T05:45:23.003+0000] {dag.py:3096} INFO - Sync 1 DAGs
[2025-08-26T05:45:23.119+0000] {logging_mixin.py:188} INFO - [2025-08-26T05:45:23.118+0000] {dag.py:3954} INFO - Setting next_dagrun for example_setup_teardown to 2025-08-25 00:00:00+00:00, run_after=2025-08-26 00:00:00+00:00
[2025-08-26T05:45:23.230+0000] {processor.py:183} INFO - Processing /home/airflow/.local/lib/python3.12/site-packages/airflow/example_dags/example_setup_teardown.py took 0.485 seconds
[2025-08-26T05:45:55.911+0000] {processor.py:161} INFO - Started process (PID=5712) to work on /home/airflow/.local/lib/python3.12/site-packages/airflow/example_dags/example_setup_teardown.py
[2025-08-26T05:45:55.924+0000] {processor.py:830} INFO - Processing file /home/airflow/.local/lib/python3.12/site-packages/airflow/example_dags/example_setup_teardown.py for tasks to queue
[2025-08-26T05:45:55.942+0000] {logging_mixin.py:188} INFO - [2025-08-26T05:45:55.940+0000] {dagbag.py:545} INFO - Filling up the DagBag from /home/airflow/.local/lib/python3.12/site-packages/airflow/example_dags/example_setup_teardown.py
[2025-08-26T05:45:55.996+0000] {processor.py:840} INFO - DAG(s) 'example_setup_teardown' retrieved from /home/airflow/.local/lib/python3.12/site-packages/airflow/example_dags/example_setup_teardown.py
[2025-08-26T05:45:56.292+0000] {logging_mixin.py:188} INFO - [2025-08-26T05:45:56.291+0000] {dag.py:3096} INFO - Sync 1 DAGs
[2025-08-26T05:45:56.576+0000] {logging_mixin.py:188} INFO - [2025-08-26T05:45:56.576+0000] {dag.py:3954} INFO - Setting next_dagrun for example_setup_teardown to 2025-08-25 00:00:00+00:00, run_after=2025-08-26 00:00:00+00:00
[2025-08-26T05:45:56.991+0000] {processor.py:183} INFO - Processing /home/airflow/.local/lib/python3.12/site-packages/airflow/example_dags/example_setup_teardown.py took 1.160 seconds
[2025-08-26T05:46:27.974+0000] {processor.py:161} INFO - Started process (PID=5976) to work on /home/airflow/.local/lib/python3.12/site-packages/airflow/example_dags/example_setup_teardown.py
[2025-08-26T05:46:27.993+0000] {processor.py:830} INFO - Processing file /home/airflow/.local/lib/python3.12/site-packages/airflow/example_dags/example_setup_teardown.py for tasks to queue
[2025-08-26T05:46:28.009+0000] {logging_mixin.py:188} INFO - [2025-08-26T05:46:28.002+0000] {dagbag.py:545} INFO - Filling up the DagBag from /home/airflow/.local/lib/python3.12/site-packages/airflow/example_dags/example_setup_teardown.py
[2025-08-26T05:46:28.213+0000] {processor.py:840} INFO - DAG(s) 'example_setup_teardown' retrieved from /home/airflow/.local/lib/python3.12/site-packages/airflow/example_dags/example_setup_teardown.py
[2025-08-26T05:46:28.547+0000] {logging_mixin.py:188} INFO - [2025-08-26T05:46:28.546+0000] {dag.py:3096} INFO - Sync 1 DAGs
[2025-08-26T05:46:28.820+0000] {logging_mixin.py:188} INFO - [2025-08-26T05:46:28.819+0000] {dag.py:3954} INFO - Setting next_dagrun for example_setup_teardown to 2025-08-25 00:00:00+00:00, run_after=2025-08-26 00:00:00+00:00
[2025-08-26T05:46:29.064+0000] {processor.py:183} INFO - Processing /home/airflow/.local/lib/python3.12/site-packages/airflow/example_dags/example_setup_teardown.py took 1.148 seconds
[2025-08-26T05:47:00.405+0000] {processor.py:161} INFO - Started process (PID=6241) to work on /home/airflow/.local/lib/python3.12/site-packages/airflow/example_dags/example_setup_teardown.py
[2025-08-26T05:47:00.448+0000] {processor.py:830} INFO - Processing file /home/airflow/.local/lib/python3.12/site-packages/airflow/example_dags/example_setup_teardown.py for tasks to queue
[2025-08-26T05:47:00.486+0000] {logging_mixin.py:188} INFO - [2025-08-26T05:47:00.466+0000] {dagbag.py:545} INFO - Filling up the DagBag from /home/airflow/.local/lib/python3.12/site-packages/airflow/example_dags/example_setup_teardown.py
[2025-08-26T05:47:00.586+0000] {processor.py:840} INFO - DAG(s) 'example_setup_teardown' retrieved from /home/airflow/.local/lib/python3.12/site-packages/airflow/example_dags/example_setup_teardown.py
[2025-08-26T05:47:00.866+0000] {logging_mixin.py:188} INFO - [2025-08-26T05:47:00.865+0000] {dag.py:3096} INFO - Sync 1 DAGs
[2025-08-26T05:47:01.201+0000] {logging_mixin.py:188} INFO - [2025-08-26T05:47:01.200+0000] {dag.py:3954} INFO - Setting next_dagrun for example_setup_teardown to 2025-08-25 00:00:00+00:00, run_after=2025-08-26 00:00:00+00:00
[2025-08-26T05:47:01.384+0000] {processor.py:183} INFO - Processing /home/airflow/.local/lib/python3.12/site-packages/airflow/example_dags/example_setup_teardown.py took 1.143 seconds
[2025-08-26T05:47:38.659+0000] {processor.py:161} INFO - Started process (PID=6514) to work on /home/airflow/.local/lib/python3.12/site-packages/airflow/example_dags/example_setup_teardown.py
[2025-08-26T05:47:38.662+0000] {processor.py:830} INFO - Processing file /home/airflow/.local/lib/python3.12/site-packages/airflow/example_dags/example_setup_teardown.py for tasks to queue
[2025-08-26T05:47:38.681+0000] {logging_mixin.py:188} INFO - [2025-08-26T05:47:38.665+0000] {dagbag.py:545} INFO - Filling up the DagBag from /home/airflow/.local/lib/python3.12/site-packages/airflow/example_dags/example_setup_teardown.py
[2025-08-26T05:47:38.781+0000] {processor.py:840} INFO - DAG(s) 'example_setup_teardown' retrieved from /home/airflow/.local/lib/python3.12/site-packages/airflow/example_dags/example_setup_teardown.py
[2025-08-26T05:47:38.972+0000] {logging_mixin.py:188} INFO - [2025-08-26T05:47:38.971+0000] {dag.py:3096} INFO - Sync 1 DAGs
[2025-08-26T05:47:39.209+0000] {logging_mixin.py:188} INFO - [2025-08-26T05:47:39.209+0000] {dag.py:3954} INFO - Setting next_dagrun for example_setup_teardown to 2025-08-25 00:00:00+00:00, run_after=2025-08-26 00:00:00+00:00
[2025-08-26T05:47:39.346+0000] {processor.py:183} INFO - Processing /home/airflow/.local/lib/python3.12/site-packages/airflow/example_dags/example_setup_teardown.py took 0.739 seconds
