[2025-08-26T04:30:34.906+0000] {processor.py:161} INFO - Started process (PID=450) to work on /home/airflow/.local/lib/python3.12/site-packages/airflow/example_dags/example_sensor_decorator.py
[2025-08-26T04:30:34.928+0000] {processor.py:830} INFO - Processing file /home/airflow/.local/lib/python3.12/site-packages/airflow/example_dags/example_sensor_decorator.py for tasks to queue
[2025-08-26T04:30:34.950+0000] {logging_mixin.py:188} INFO - [2025-08-26T04:30:34.934+0000] {dagbag.py:545} INFO - Filling up the DagBag from /home/airflow/.local/lib/python3.12/site-packages/airflow/example_dags/example_sensor_decorator.py
[2025-08-26T04:30:35.012+0000] {processor.py:840} INFO - DAG(s) 'example_sensor_decorator' retrieved from /home/airflow/.local/lib/python3.12/site-packages/airflow/example_dags/example_sensor_decorator.py
[2025-08-26T04:30:36.324+0000] {logging_mixin.py:188} INFO - [2025-08-26T04:30:36.323+0000] {override.py:1829} INFO - Created Permission View: can delete on DAG:example_sensor_decorator
[2025-08-26T04:30:36.419+0000] {logging_mixin.py:188} INFO - [2025-08-26T04:30:36.418+0000] {override.py:1829} INFO - Created Permission View: can read on DAG:example_sensor_decorator
[2025-08-26T04:30:36.499+0000] {logging_mixin.py:188} INFO - [2025-08-26T04:30:36.498+0000] {override.py:1829} INFO - Created Permission View: can edit on DAG:example_sensor_decorator
[2025-08-26T04:30:36.502+0000] {logging_mixin.py:188} INFO - [2025-08-26T04:30:36.501+0000] {dag.py:3096} INFO - Sync 1 DAGs
[2025-08-26T04:30:36.678+0000] {logging_mixin.py:188} INFO - [2025-08-26T04:30:36.677+0000] {dag.py:3118} INFO - Creating ORM DAG for example_sensor_decorator
[2025-08-26T04:30:36.712+0000] {logging_mixin.py:188} INFO - [2025-08-26T04:30:36.711+0000] {dag.py:3954} INFO - Setting next_dagrun for example_sensor_decorator to None, run_after=None
[2025-08-26T04:30:36.930+0000] {processor.py:183} INFO - Processing /home/airflow/.local/lib/python3.12/site-packages/airflow/example_dags/example_sensor_decorator.py took 2.061 seconds
[2025-08-26T04:31:14.862+0000] {processor.py:161} INFO - Started process (PID=718) to work on /home/airflow/.local/lib/python3.12/site-packages/airflow/example_dags/example_sensor_decorator.py
[2025-08-26T04:31:14.881+0000] {processor.py:830} INFO - Processing file /home/airflow/.local/lib/python3.12/site-packages/airflow/example_dags/example_sensor_decorator.py for tasks to queue
[2025-08-26T04:31:14.888+0000] {logging_mixin.py:188} INFO - [2025-08-26T04:31:14.886+0000] {dagbag.py:545} INFO - Filling up the DagBag from /home/airflow/.local/lib/python3.12/site-packages/airflow/example_dags/example_sensor_decorator.py
[2025-08-26T04:31:14.935+0000] {processor.py:840} INFO - DAG(s) 'example_sensor_decorator' retrieved from /home/airflow/.local/lib/python3.12/site-packages/airflow/example_dags/example_sensor_decorator.py
[2025-08-26T04:31:15.048+0000] {logging_mixin.py:188} INFO - [2025-08-26T04:31:15.047+0000] {dag.py:3096} INFO - Sync 1 DAGs
[2025-08-26T04:31:15.145+0000] {logging_mixin.py:188} INFO - [2025-08-26T04:31:15.144+0000] {dag.py:3954} INFO - Setting next_dagrun for example_sensor_decorator to None, run_after=None
[2025-08-26T04:31:15.326+0000] {processor.py:183} INFO - Processing /home/airflow/.local/lib/python3.12/site-packages/airflow/example_dags/example_sensor_decorator.py took 0.552 seconds
[2025-08-26T04:31:51.490+0000] {processor.py:161} INFO - Started process (PID=980) to work on /home/airflow/.local/lib/python3.12/site-packages/airflow/example_dags/example_sensor_decorator.py
[2025-08-26T04:31:51.501+0000] {processor.py:830} INFO - Processing file /home/airflow/.local/lib/python3.12/site-packages/airflow/example_dags/example_sensor_decorator.py for tasks to queue
[2025-08-26T04:31:51.522+0000] {logging_mixin.py:188} INFO - [2025-08-26T04:31:51.521+0000] {dagbag.py:545} INFO - Filling up the DagBag from /home/airflow/.local/lib/python3.12/site-packages/airflow/example_dags/example_sensor_decorator.py
[2025-08-26T04:31:51.598+0000] {processor.py:840} INFO - DAG(s) 'example_sensor_decorator' retrieved from /home/airflow/.local/lib/python3.12/site-packages/airflow/example_dags/example_sensor_decorator.py
[2025-08-26T04:31:51.800+0000] {logging_mixin.py:188} INFO - [2025-08-26T04:31:51.799+0000] {dag.py:3096} INFO - Sync 1 DAGs
[2025-08-26T04:31:51.908+0000] {logging_mixin.py:188} INFO - [2025-08-26T04:31:51.908+0000] {dag.py:3954} INFO - Setting next_dagrun for example_sensor_decorator to None, run_after=None
[2025-08-26T04:31:52.208+0000] {processor.py:183} INFO - Processing /home/airflow/.local/lib/python3.12/site-packages/airflow/example_dags/example_sensor_decorator.py took 0.792 seconds
[2025-08-26T04:32:22.875+0000] {processor.py:161} INFO - Started process (PID=1241) to work on /home/airflow/.local/lib/python3.12/site-packages/airflow/example_dags/example_sensor_decorator.py
[2025-08-26T04:32:22.879+0000] {processor.py:830} INFO - Processing file /home/airflow/.local/lib/python3.12/site-packages/airflow/example_dags/example_sensor_decorator.py for tasks to queue
[2025-08-26T04:32:22.898+0000] {logging_mixin.py:188} INFO - [2025-08-26T04:32:22.888+0000] {dagbag.py:545} INFO - Filling up the DagBag from /home/airflow/.local/lib/python3.12/site-packages/airflow/example_dags/example_sensor_decorator.py
[2025-08-26T04:32:22.959+0000] {processor.py:840} INFO - DAG(s) 'example_sensor_decorator' retrieved from /home/airflow/.local/lib/python3.12/site-packages/airflow/example_dags/example_sensor_decorator.py
[2025-08-26T04:32:23.141+0000] {logging_mixin.py:188} INFO - [2025-08-26T04:32:23.141+0000] {dag.py:3096} INFO - Sync 1 DAGs
[2025-08-26T04:32:23.210+0000] {logging_mixin.py:188} INFO - [2025-08-26T04:32:23.210+0000] {dag.py:3954} INFO - Setting next_dagrun for example_sensor_decorator to None, run_after=None
[2025-08-26T04:32:23.374+0000] {processor.py:183} INFO - Processing /home/airflow/.local/lib/python3.12/site-packages/airflow/example_dags/example_sensor_decorator.py took 0.557 seconds
[2025-08-26T04:33:07.619+0000] {processor.py:161} INFO - Started process (PID=1524) to work on /home/airflow/.local/lib/python3.12/site-packages/airflow/example_dags/example_sensor_decorator.py
[2025-08-26T04:33:07.622+0000] {processor.py:830} INFO - Processing file /home/airflow/.local/lib/python3.12/site-packages/airflow/example_dags/example_sensor_decorator.py for tasks to queue
[2025-08-26T04:33:07.632+0000] {logging_mixin.py:188} INFO - [2025-08-26T04:33:07.629+0000] {dagbag.py:545} INFO - Filling up the DagBag from /home/airflow/.local/lib/python3.12/site-packages/airflow/example_dags/example_sensor_decorator.py
[2025-08-26T04:33:07.667+0000] {processor.py:840} INFO - DAG(s) 'example_sensor_decorator' retrieved from /home/airflow/.local/lib/python3.12/site-packages/airflow/example_dags/example_sensor_decorator.py
[2025-08-26T04:33:07.810+0000] {logging_mixin.py:188} INFO - [2025-08-26T04:33:07.809+0000] {dag.py:3096} INFO - Sync 1 DAGs
[2025-08-26T04:33:07.982+0000] {logging_mixin.py:188} INFO - [2025-08-26T04:33:07.981+0000] {dag.py:3954} INFO - Setting next_dagrun for example_sensor_decorator to None, run_after=None
[2025-08-26T04:33:08.103+0000] {processor.py:183} INFO - Processing /home/airflow/.local/lib/python3.12/site-packages/airflow/example_dags/example_sensor_decorator.py took 0.519 seconds
[2025-08-26T04:33:39.288+0000] {processor.py:161} INFO - Started process (PID=1786) to work on /home/airflow/.local/lib/python3.12/site-packages/airflow/example_dags/example_sensor_decorator.py
[2025-08-26T04:33:39.292+0000] {processor.py:830} INFO - Processing file /home/airflow/.local/lib/python3.12/site-packages/airflow/example_dags/example_sensor_decorator.py for tasks to queue
[2025-08-26T04:33:39.301+0000] {logging_mixin.py:188} INFO - [2025-08-26T04:33:39.300+0000] {dagbag.py:545} INFO - Filling up the DagBag from /home/airflow/.local/lib/python3.12/site-packages/airflow/example_dags/example_sensor_decorator.py
[2025-08-26T04:33:39.329+0000] {processor.py:840} INFO - DAG(s) 'example_sensor_decorator' retrieved from /home/airflow/.local/lib/python3.12/site-packages/airflow/example_dags/example_sensor_decorator.py
[2025-08-26T04:33:39.500+0000] {logging_mixin.py:188} INFO - [2025-08-26T04:33:39.500+0000] {dag.py:3096} INFO - Sync 1 DAGs
[2025-08-26T04:33:39.621+0000] {logging_mixin.py:188} INFO - [2025-08-26T04:33:39.620+0000] {dag.py:3954} INFO - Setting next_dagrun for example_sensor_decorator to None, run_after=None
[2025-08-26T04:33:39.727+0000] {processor.py:183} INFO - Processing /home/airflow/.local/lib/python3.12/site-packages/airflow/example_dags/example_sensor_decorator.py took 0.476 seconds
[2025-08-26T04:34:10.286+0000] {processor.py:161} INFO - Started process (PID=2048) to work on /home/airflow/.local/lib/python3.12/site-packages/airflow/example_dags/example_sensor_decorator.py
[2025-08-26T04:34:10.291+0000] {processor.py:830} INFO - Processing file /home/airflow/.local/lib/python3.12/site-packages/airflow/example_dags/example_sensor_decorator.py for tasks to queue
[2025-08-26T04:34:10.301+0000] {logging_mixin.py:188} INFO - [2025-08-26T04:34:10.298+0000] {dagbag.py:545} INFO - Filling up the DagBag from /home/airflow/.local/lib/python3.12/site-packages/airflow/example_dags/example_sensor_decorator.py
[2025-08-26T04:34:10.336+0000] {processor.py:840} INFO - DAG(s) 'example_sensor_decorator' retrieved from /home/airflow/.local/lib/python3.12/site-packages/airflow/example_dags/example_sensor_decorator.py
[2025-08-26T04:34:10.496+0000] {logging_mixin.py:188} INFO - [2025-08-26T04:34:10.495+0000] {dag.py:3096} INFO - Sync 1 DAGs
[2025-08-26T04:34:10.629+0000] {logging_mixin.py:188} INFO - [2025-08-26T04:34:10.628+0000] {dag.py:3954} INFO - Setting next_dagrun for example_sensor_decorator to None, run_after=None
[2025-08-26T04:34:10.768+0000] {processor.py:183} INFO - Processing /home/airflow/.local/lib/python3.12/site-packages/airflow/example_dags/example_sensor_decorator.py took 0.541 seconds
[2025-08-26T04:34:44.532+0000] {processor.py:161} INFO - Started process (PID=2312) to work on /home/airflow/.local/lib/python3.12/site-packages/airflow/example_dags/example_sensor_decorator.py
[2025-08-26T04:34:44.548+0000] {processor.py:830} INFO - Processing file /home/airflow/.local/lib/python3.12/site-packages/airflow/example_dags/example_sensor_decorator.py for tasks to queue
[2025-08-26T04:34:44.565+0000] {logging_mixin.py:188} INFO - [2025-08-26T04:34:44.564+0000] {dagbag.py:545} INFO - Filling up the DagBag from /home/airflow/.local/lib/python3.12/site-packages/airflow/example_dags/example_sensor_decorator.py
[2025-08-26T04:34:44.630+0000] {processor.py:840} INFO - DAG(s) 'example_sensor_decorator' retrieved from /home/airflow/.local/lib/python3.12/site-packages/airflow/example_dags/example_sensor_decorator.py
[2025-08-26T04:34:44.775+0000] {logging_mixin.py:188} INFO - [2025-08-26T04:34:44.774+0000] {dag.py:3096} INFO - Sync 1 DAGs
[2025-08-26T04:34:44.876+0000] {logging_mixin.py:188} INFO - [2025-08-26T04:34:44.875+0000] {dag.py:3954} INFO - Setting next_dagrun for example_sensor_decorator to None, run_after=None
[2025-08-26T04:34:45.028+0000] {processor.py:183} INFO - Processing /home/airflow/.local/lib/python3.12/site-packages/airflow/example_dags/example_sensor_decorator.py took 0.556 seconds
[2025-08-26T04:35:15.288+0000] {processor.py:161} INFO - Started process (PID=2573) to work on /home/airflow/.local/lib/python3.12/site-packages/airflow/example_dags/example_sensor_decorator.py
[2025-08-26T04:35:15.291+0000] {processor.py:830} INFO - Processing file /home/airflow/.local/lib/python3.12/site-packages/airflow/example_dags/example_sensor_decorator.py for tasks to queue
[2025-08-26T04:35:15.297+0000] {logging_mixin.py:188} INFO - [2025-08-26T04:35:15.296+0000] {dagbag.py:545} INFO - Filling up the DagBag from /home/airflow/.local/lib/python3.12/site-packages/airflow/example_dags/example_sensor_decorator.py
[2025-08-26T04:35:15.320+0000] {processor.py:840} INFO - DAG(s) 'example_sensor_decorator' retrieved from /home/airflow/.local/lib/python3.12/site-packages/airflow/example_dags/example_sensor_decorator.py
[2025-08-26T04:35:15.456+0000] {logging_mixin.py:188} INFO - [2025-08-26T04:35:15.445+0000] {dag.py:3096} INFO - Sync 1 DAGs
[2025-08-26T04:35:15.557+0000] {logging_mixin.py:188} INFO - [2025-08-26T04:35:15.556+0000] {dag.py:3954} INFO - Setting next_dagrun for example_sensor_decorator to None, run_after=None
[2025-08-26T04:35:15.668+0000] {processor.py:183} INFO - Processing /home/airflow/.local/lib/python3.12/site-packages/airflow/example_dags/example_sensor_decorator.py took 0.405 seconds
[2025-08-26T04:35:45.995+0000] {processor.py:161} INFO - Started process (PID=2833) to work on /home/airflow/.local/lib/python3.12/site-packages/airflow/example_dags/example_sensor_decorator.py
[2025-08-26T04:35:46.012+0000] {processor.py:830} INFO - Processing file /home/airflow/.local/lib/python3.12/site-packages/airflow/example_dags/example_sensor_decorator.py for tasks to queue
[2025-08-26T04:35:46.047+0000] {logging_mixin.py:188} INFO - [2025-08-26T04:35:46.045+0000] {dagbag.py:545} INFO - Filling up the DagBag from /home/airflow/.local/lib/python3.12/site-packages/airflow/example_dags/example_sensor_decorator.py
[2025-08-26T04:35:46.140+0000] {processor.py:840} INFO - DAG(s) 'example_sensor_decorator' retrieved from /home/airflow/.local/lib/python3.12/site-packages/airflow/example_dags/example_sensor_decorator.py
[2025-08-26T04:35:46.254+0000] {logging_mixin.py:188} INFO - [2025-08-26T04:35:46.253+0000] {dag.py:3096} INFO - Sync 1 DAGs
[2025-08-26T04:35:46.314+0000] {logging_mixin.py:188} INFO - [2025-08-26T04:35:46.313+0000] {dag.py:3954} INFO - Setting next_dagrun for example_sensor_decorator to None, run_after=None
[2025-08-26T04:35:46.368+0000] {processor.py:183} INFO - Processing /home/airflow/.local/lib/python3.12/site-packages/airflow/example_dags/example_sensor_decorator.py took 0.411 seconds
[2025-08-26T04:36:19.531+0000] {processor.py:161} INFO - Started process (PID=3105) to work on /home/airflow/.local/lib/python3.12/site-packages/airflow/example_dags/example_sensor_decorator.py
[2025-08-26T04:36:19.541+0000] {processor.py:830} INFO - Processing file /home/airflow/.local/lib/python3.12/site-packages/airflow/example_dags/example_sensor_decorator.py for tasks to queue
[2025-08-26T04:36:19.552+0000] {logging_mixin.py:188} INFO - [2025-08-26T04:36:19.547+0000] {dagbag.py:545} INFO - Filling up the DagBag from /home/airflow/.local/lib/python3.12/site-packages/airflow/example_dags/example_sensor_decorator.py
[2025-08-26T04:36:19.587+0000] {processor.py:840} INFO - DAG(s) 'example_sensor_decorator' retrieved from /home/airflow/.local/lib/python3.12/site-packages/airflow/example_dags/example_sensor_decorator.py
[2025-08-26T04:36:19.738+0000] {logging_mixin.py:188} INFO - [2025-08-26T04:36:19.737+0000] {dag.py:3096} INFO - Sync 1 DAGs
[2025-08-26T04:36:19.839+0000] {logging_mixin.py:188} INFO - [2025-08-26T04:36:19.838+0000] {dag.py:3954} INFO - Setting next_dagrun for example_sensor_decorator to None, run_after=None
[2025-08-26T04:36:19.996+0000] {processor.py:183} INFO - Processing /home/airflow/.local/lib/python3.12/site-packages/airflow/example_dags/example_sensor_decorator.py took 0.508 seconds
[2025-08-26T04:36:54.277+0000] {processor.py:161} INFO - Started process (PID=3378) to work on /home/airflow/.local/lib/python3.12/site-packages/airflow/example_dags/example_sensor_decorator.py
[2025-08-26T04:36:54.303+0000] {processor.py:830} INFO - Processing file /home/airflow/.local/lib/python3.12/site-packages/airflow/example_dags/example_sensor_decorator.py for tasks to queue
[2025-08-26T04:36:54.340+0000] {logging_mixin.py:188} INFO - [2025-08-26T04:36:54.330+0000] {dagbag.py:545} INFO - Filling up the DagBag from /home/airflow/.local/lib/python3.12/site-packages/airflow/example_dags/example_sensor_decorator.py
[2025-08-26T04:36:54.440+0000] {processor.py:840} INFO - DAG(s) 'example_sensor_decorator' retrieved from /home/airflow/.local/lib/python3.12/site-packages/airflow/example_dags/example_sensor_decorator.py
[2025-08-26T04:36:54.627+0000] {logging_mixin.py:188} INFO - [2025-08-26T04:36:54.626+0000] {dag.py:3096} INFO - Sync 1 DAGs
[2025-08-26T04:36:54.713+0000] {logging_mixin.py:188} INFO - [2025-08-26T04:36:54.713+0000] {dag.py:3954} INFO - Setting next_dagrun for example_sensor_decorator to None, run_after=None
[2025-08-26T04:36:54.844+0000] {processor.py:183} INFO - Processing /home/airflow/.local/lib/python3.12/site-packages/airflow/example_dags/example_sensor_decorator.py took 0.688 seconds
[2025-08-26T04:37:26.309+0000] {processor.py:161} INFO - Started process (PID=3642) to work on /home/airflow/.local/lib/python3.12/site-packages/airflow/example_dags/example_sensor_decorator.py
[2025-08-26T04:37:26.323+0000] {processor.py:830} INFO - Processing file /home/airflow/.local/lib/python3.12/site-packages/airflow/example_dags/example_sensor_decorator.py for tasks to queue
[2025-08-26T04:37:26.331+0000] {logging_mixin.py:188} INFO - [2025-08-26T04:37:26.330+0000] {dagbag.py:545} INFO - Filling up the DagBag from /home/airflow/.local/lib/python3.12/site-packages/airflow/example_dags/example_sensor_decorator.py
[2025-08-26T04:37:26.395+0000] {processor.py:840} INFO - DAG(s) 'example_sensor_decorator' retrieved from /home/airflow/.local/lib/python3.12/site-packages/airflow/example_dags/example_sensor_decorator.py
[2025-08-26T04:37:26.640+0000] {logging_mixin.py:188} INFO - [2025-08-26T04:37:26.639+0000] {dag.py:3096} INFO - Sync 1 DAGs
[2025-08-26T04:37:26.714+0000] {logging_mixin.py:188} INFO - [2025-08-26T04:37:26.714+0000] {dag.py:3954} INFO - Setting next_dagrun for example_sensor_decorator to None, run_after=None
[2025-08-26T04:37:26.829+0000] {processor.py:183} INFO - Processing /home/airflow/.local/lib/python3.12/site-packages/airflow/example_dags/example_sensor_decorator.py took 0.585 seconds
[2025-08-26T04:37:57.600+0000] {processor.py:161} INFO - Started process (PID=3901) to work on /home/airflow/.local/lib/python3.12/site-packages/airflow/example_dags/example_sensor_decorator.py
[2025-08-26T04:37:57.603+0000] {processor.py:830} INFO - Processing file /home/airflow/.local/lib/python3.12/site-packages/airflow/example_dags/example_sensor_decorator.py for tasks to queue
[2025-08-26T04:37:57.615+0000] {logging_mixin.py:188} INFO - [2025-08-26T04:37:57.613+0000] {dagbag.py:545} INFO - Filling up the DagBag from /home/airflow/.local/lib/python3.12/site-packages/airflow/example_dags/example_sensor_decorator.py
[2025-08-26T04:37:57.645+0000] {processor.py:840} INFO - DAG(s) 'example_sensor_decorator' retrieved from /home/airflow/.local/lib/python3.12/site-packages/airflow/example_dags/example_sensor_decorator.py
[2025-08-26T04:37:57.757+0000] {logging_mixin.py:188} INFO - [2025-08-26T04:37:57.756+0000] {dag.py:3096} INFO - Sync 1 DAGs
[2025-08-26T04:37:57.840+0000] {logging_mixin.py:188} INFO - [2025-08-26T04:37:57.840+0000] {dag.py:3954} INFO - Setting next_dagrun for example_sensor_decorator to None, run_after=None
[2025-08-26T04:37:57.931+0000] {processor.py:183} INFO - Processing /home/airflow/.local/lib/python3.12/site-packages/airflow/example_dags/example_sensor_decorator.py took 0.356 seconds
[2025-08-26T04:38:28.664+0000] {processor.py:161} INFO - Started process (PID=4163) to work on /home/airflow/.local/lib/python3.12/site-packages/airflow/example_dags/example_sensor_decorator.py
[2025-08-26T04:38:28.678+0000] {processor.py:830} INFO - Processing file /home/airflow/.local/lib/python3.12/site-packages/airflow/example_dags/example_sensor_decorator.py for tasks to queue
[2025-08-26T04:38:28.710+0000] {logging_mixin.py:188} INFO - [2025-08-26T04:38:28.700+0000] {dagbag.py:545} INFO - Filling up the DagBag from /home/airflow/.local/lib/python3.12/site-packages/airflow/example_dags/example_sensor_decorator.py
[2025-08-26T04:38:28.775+0000] {processor.py:840} INFO - DAG(s) 'example_sensor_decorator' retrieved from /home/airflow/.local/lib/python3.12/site-packages/airflow/example_dags/example_sensor_decorator.py
[2025-08-26T04:38:29.093+0000] {logging_mixin.py:188} INFO - [2025-08-26T04:38:29.092+0000] {dag.py:3096} INFO - Sync 1 DAGs
[2025-08-26T04:38:29.170+0000] {logging_mixin.py:188} INFO - [2025-08-26T04:38:29.169+0000] {dag.py:3954} INFO - Setting next_dagrun for example_sensor_decorator to None, run_after=None
[2025-08-26T04:38:29.272+0000] {processor.py:183} INFO - Processing /home/airflow/.local/lib/python3.12/site-packages/airflow/example_dags/example_sensor_decorator.py took 0.677 seconds
[2025-08-26T04:39:03.351+0000] {processor.py:161} INFO - Started process (PID=4441) to work on /home/airflow/.local/lib/python3.12/site-packages/airflow/example_dags/example_sensor_decorator.py
[2025-08-26T04:39:03.364+0000] {processor.py:830} INFO - Processing file /home/airflow/.local/lib/python3.12/site-packages/airflow/example_dags/example_sensor_decorator.py for tasks to queue
[2025-08-26T04:39:03.380+0000] {logging_mixin.py:188} INFO - [2025-08-26T04:39:03.378+0000] {dagbag.py:545} INFO - Filling up the DagBag from /home/airflow/.local/lib/python3.12/site-packages/airflow/example_dags/example_sensor_decorator.py
[2025-08-26T04:39:03.436+0000] {processor.py:840} INFO - DAG(s) 'example_sensor_decorator' retrieved from /home/airflow/.local/lib/python3.12/site-packages/airflow/example_dags/example_sensor_decorator.py
[2025-08-26T04:39:03.534+0000] {logging_mixin.py:188} INFO - [2025-08-26T04:39:03.533+0000] {dag.py:3096} INFO - Sync 1 DAGs
[2025-08-26T04:39:03.613+0000] {logging_mixin.py:188} INFO - [2025-08-26T04:39:03.613+0000] {dag.py:3954} INFO - Setting next_dagrun for example_sensor_decorator to None, run_after=None
[2025-08-26T04:39:03.755+0000] {processor.py:183} INFO - Processing /home/airflow/.local/lib/python3.12/site-packages/airflow/example_dags/example_sensor_decorator.py took 0.444 seconds
[2025-08-26T04:39:43.190+0000] {processor.py:161} INFO - Started process (PID=4713) to work on /home/airflow/.local/lib/python3.12/site-packages/airflow/example_dags/example_sensor_decorator.py
[2025-08-26T04:39:43.195+0000] {processor.py:830} INFO - Processing file /home/airflow/.local/lib/python3.12/site-packages/airflow/example_dags/example_sensor_decorator.py for tasks to queue
[2025-08-26T04:39:43.222+0000] {logging_mixin.py:188} INFO - [2025-08-26T04:39:43.212+0000] {dagbag.py:545} INFO - Filling up the DagBag from /home/airflow/.local/lib/python3.12/site-packages/airflow/example_dags/example_sensor_decorator.py
[2025-08-26T04:39:43.273+0000] {processor.py:840} INFO - DAG(s) 'example_sensor_decorator' retrieved from /home/airflow/.local/lib/python3.12/site-packages/airflow/example_dags/example_sensor_decorator.py
[2025-08-26T04:39:43.644+0000] {logging_mixin.py:188} INFO - [2025-08-26T04:39:43.643+0000] {dag.py:3096} INFO - Sync 1 DAGs
[2025-08-26T04:39:43.838+0000] {logging_mixin.py:188} INFO - [2025-08-26T04:39:43.837+0000] {dag.py:3954} INFO - Setting next_dagrun for example_sensor_decorator to None, run_after=None
[2025-08-26T04:39:44.172+0000] {processor.py:183} INFO - Processing /home/airflow/.local/lib/python3.12/site-packages/airflow/example_dags/example_sensor_decorator.py took 1.040 seconds
[2025-08-26T04:40:27.598+0000] {processor.py:161} INFO - Started process (PID=4992) to work on /home/airflow/.local/lib/python3.12/site-packages/airflow/example_dags/example_sensor_decorator.py
[2025-08-26T04:40:27.602+0000] {processor.py:830} INFO - Processing file /home/airflow/.local/lib/python3.12/site-packages/airflow/example_dags/example_sensor_decorator.py for tasks to queue
[2025-08-26T04:40:27.627+0000] {logging_mixin.py:188} INFO - [2025-08-26T04:40:27.626+0000] {dagbag.py:545} INFO - Filling up the DagBag from /home/airflow/.local/lib/python3.12/site-packages/airflow/example_dags/example_sensor_decorator.py
[2025-08-26T04:40:27.677+0000] {processor.py:840} INFO - DAG(s) 'example_sensor_decorator' retrieved from /home/airflow/.local/lib/python3.12/site-packages/airflow/example_dags/example_sensor_decorator.py
[2025-08-26T04:40:27.825+0000] {logging_mixin.py:188} INFO - [2025-08-26T04:40:27.824+0000] {dag.py:3096} INFO - Sync 1 DAGs
[2025-08-26T04:40:27.933+0000] {logging_mixin.py:188} INFO - [2025-08-26T04:40:27.932+0000] {dag.py:3954} INFO - Setting next_dagrun for example_sensor_decorator to None, run_after=None
[2025-08-26T04:40:28.152+0000] {processor.py:183} INFO - Processing /home/airflow/.local/lib/python3.12/site-packages/airflow/example_dags/example_sensor_decorator.py took 0.603 seconds
[2025-08-26T04:41:02.616+0000] {processor.py:161} INFO - Started process (PID=5268) to work on /home/airflow/.local/lib/python3.12/site-packages/airflow/example_dags/example_sensor_decorator.py
[2025-08-26T04:41:02.623+0000] {processor.py:830} INFO - Processing file /home/airflow/.local/lib/python3.12/site-packages/airflow/example_dags/example_sensor_decorator.py for tasks to queue
[2025-08-26T04:41:02.641+0000] {logging_mixin.py:188} INFO - [2025-08-26T04:41:02.640+0000] {dagbag.py:545} INFO - Filling up the DagBag from /home/airflow/.local/lib/python3.12/site-packages/airflow/example_dags/example_sensor_decorator.py
[2025-08-26T04:41:02.716+0000] {processor.py:840} INFO - DAG(s) 'example_sensor_decorator' retrieved from /home/airflow/.local/lib/python3.12/site-packages/airflow/example_dags/example_sensor_decorator.py
[2025-08-26T04:41:03.019+0000] {logging_mixin.py:188} INFO - [2025-08-26T04:41:03.018+0000] {dag.py:3096} INFO - Sync 1 DAGs
[2025-08-26T04:41:03.177+0000] {logging_mixin.py:188} INFO - [2025-08-26T04:41:03.176+0000] {dag.py:3954} INFO - Setting next_dagrun for example_sensor_decorator to None, run_after=None
[2025-08-26T04:41:03.331+0000] {processor.py:183} INFO - Processing /home/airflow/.local/lib/python3.12/site-packages/airflow/example_dags/example_sensor_decorator.py took 0.783 seconds
[2025-08-26T04:41:38.257+0000] {processor.py:161} INFO - Started process (PID=5529) to work on /home/airflow/.local/lib/python3.12/site-packages/airflow/example_dags/example_sensor_decorator.py
[2025-08-26T04:41:38.265+0000] {processor.py:830} INFO - Processing file /home/airflow/.local/lib/python3.12/site-packages/airflow/example_dags/example_sensor_decorator.py for tasks to queue
[2025-08-26T04:41:38.279+0000] {logging_mixin.py:188} INFO - [2025-08-26T04:41:38.278+0000] {dagbag.py:545} INFO - Filling up the DagBag from /home/airflow/.local/lib/python3.12/site-packages/airflow/example_dags/example_sensor_decorator.py
[2025-08-26T04:41:38.309+0000] {processor.py:840} INFO - DAG(s) 'example_sensor_decorator' retrieved from /home/airflow/.local/lib/python3.12/site-packages/airflow/example_dags/example_sensor_decorator.py
[2025-08-26T04:41:38.424+0000] {logging_mixin.py:188} INFO - [2025-08-26T04:41:38.423+0000] {dag.py:3096} INFO - Sync 1 DAGs
[2025-08-26T04:41:38.526+0000] {logging_mixin.py:188} INFO - [2025-08-26T04:41:38.525+0000] {dag.py:3954} INFO - Setting next_dagrun for example_sensor_decorator to None, run_after=None
[2025-08-26T04:41:38.720+0000] {processor.py:183} INFO - Processing /home/airflow/.local/lib/python3.12/site-packages/airflow/example_dags/example_sensor_decorator.py took 0.500 seconds
[2025-08-26T04:42:18.598+0000] {processor.py:161} INFO - Started process (PID=5826) to work on /home/airflow/.local/lib/python3.12/site-packages/airflow/example_dags/example_sensor_decorator.py
[2025-08-26T04:42:18.602+0000] {processor.py:830} INFO - Processing file /home/airflow/.local/lib/python3.12/site-packages/airflow/example_dags/example_sensor_decorator.py for tasks to queue
[2025-08-26T04:42:18.614+0000] {logging_mixin.py:188} INFO - [2025-08-26T04:42:18.613+0000] {dagbag.py:545} INFO - Filling up the DagBag from /home/airflow/.local/lib/python3.12/site-packages/airflow/example_dags/example_sensor_decorator.py
[2025-08-26T04:42:18.661+0000] {processor.py:840} INFO - DAG(s) 'example_sensor_decorator' retrieved from /home/airflow/.local/lib/python3.12/site-packages/airflow/example_dags/example_sensor_decorator.py
[2025-08-26T04:42:19.069+0000] {logging_mixin.py:188} INFO - [2025-08-26T04:42:19.068+0000] {dag.py:3096} INFO - Sync 1 DAGs
[2025-08-26T04:42:19.342+0000] {logging_mixin.py:188} INFO - [2025-08-26T04:42:19.342+0000] {dag.py:3954} INFO - Setting next_dagrun for example_sensor_decorator to None, run_after=None
[2025-08-26T04:42:19.612+0000] {processor.py:183} INFO - Processing /home/airflow/.local/lib/python3.12/site-packages/airflow/example_dags/example_sensor_decorator.py took 1.063 seconds
[2025-08-26T04:42:56.705+0000] {processor.py:161} INFO - Started process (PID=6098) to work on /home/airflow/.local/lib/python3.12/site-packages/airflow/example_dags/example_sensor_decorator.py
[2025-08-26T04:42:56.713+0000] {processor.py:830} INFO - Processing file /home/airflow/.local/lib/python3.12/site-packages/airflow/example_dags/example_sensor_decorator.py for tasks to queue
[2025-08-26T04:42:56.728+0000] {logging_mixin.py:188} INFO - [2025-08-26T04:42:56.726+0000] {dagbag.py:545} INFO - Filling up the DagBag from /home/airflow/.local/lib/python3.12/site-packages/airflow/example_dags/example_sensor_decorator.py
[2025-08-26T04:42:56.760+0000] {processor.py:840} INFO - DAG(s) 'example_sensor_decorator' retrieved from /home/airflow/.local/lib/python3.12/site-packages/airflow/example_dags/example_sensor_decorator.py
[2025-08-26T04:42:56.975+0000] {logging_mixin.py:188} INFO - [2025-08-26T04:42:56.974+0000] {dag.py:3096} INFO - Sync 1 DAGs
[2025-08-26T04:42:57.484+0000] {logging_mixin.py:188} INFO - [2025-08-26T04:42:57.483+0000] {dag.py:3954} INFO - Setting next_dagrun for example_sensor_decorator to None, run_after=None
[2025-08-26T04:42:57.813+0000] {processor.py:183} INFO - Processing /home/airflow/.local/lib/python3.12/site-packages/airflow/example_dags/example_sensor_decorator.py took 1.152 seconds
[2025-08-26T04:43:31.982+0000] {processor.py:161} INFO - Started process (PID=6362) to work on /home/airflow/.local/lib/python3.12/site-packages/airflow/example_dags/example_sensor_decorator.py
[2025-08-26T04:43:31.987+0000] {processor.py:830} INFO - Processing file /home/airflow/.local/lib/python3.12/site-packages/airflow/example_dags/example_sensor_decorator.py for tasks to queue
[2025-08-26T04:43:32.000+0000] {logging_mixin.py:188} INFO - [2025-08-26T04:43:31.999+0000] {dagbag.py:545} INFO - Filling up the DagBag from /home/airflow/.local/lib/python3.12/site-packages/airflow/example_dags/example_sensor_decorator.py
[2025-08-26T04:43:32.026+0000] {processor.py:840} INFO - DAG(s) 'example_sensor_decorator' retrieved from /home/airflow/.local/lib/python3.12/site-packages/airflow/example_dags/example_sensor_decorator.py
[2025-08-26T04:43:32.226+0000] {logging_mixin.py:188} INFO - [2025-08-26T04:43:32.225+0000] {dag.py:3096} INFO - Sync 1 DAGs
[2025-08-26T04:43:32.327+0000] {logging_mixin.py:188} INFO - [2025-08-26T04:43:32.326+0000] {dag.py:3954} INFO - Setting next_dagrun for example_sensor_decorator to None, run_after=None
[2025-08-26T04:43:32.474+0000] {processor.py:183} INFO - Processing /home/airflow/.local/lib/python3.12/site-packages/airflow/example_dags/example_sensor_decorator.py took 0.525 seconds
[2025-08-26T04:44:08.478+0000] {processor.py:161} INFO - Started process (PID=6615) to work on /home/airflow/.local/lib/python3.12/site-packages/airflow/example_dags/example_sensor_decorator.py
[2025-08-26T04:44:08.483+0000] {processor.py:830} INFO - Processing file /home/airflow/.local/lib/python3.12/site-packages/airflow/example_dags/example_sensor_decorator.py for tasks to queue
[2025-08-26T04:44:08.495+0000] {logging_mixin.py:188} INFO - [2025-08-26T04:44:08.493+0000] {dagbag.py:545} INFO - Filling up the DagBag from /home/airflow/.local/lib/python3.12/site-packages/airflow/example_dags/example_sensor_decorator.py
[2025-08-26T04:44:08.548+0000] {processor.py:840} INFO - DAG(s) 'example_sensor_decorator' retrieved from /home/airflow/.local/lib/python3.12/site-packages/airflow/example_dags/example_sensor_decorator.py
[2025-08-26T04:44:08.655+0000] {logging_mixin.py:188} INFO - [2025-08-26T04:44:08.654+0000] {dag.py:3096} INFO - Sync 1 DAGs
[2025-08-26T04:44:08.747+0000] {logging_mixin.py:188} INFO - [2025-08-26T04:44:08.745+0000] {dag.py:3954} INFO - Setting next_dagrun for example_sensor_decorator to None, run_after=None
[2025-08-26T04:44:08.869+0000] {processor.py:183} INFO - Processing /home/airflow/.local/lib/python3.12/site-packages/airflow/example_dags/example_sensor_decorator.py took 0.424 seconds
[2025-08-26T04:44:42.045+0000] {processor.py:161} INFO - Started process (PID=6877) to work on /home/airflow/.local/lib/python3.12/site-packages/airflow/example_dags/example_sensor_decorator.py
[2025-08-26T04:44:42.051+0000] {processor.py:830} INFO - Processing file /home/airflow/.local/lib/python3.12/site-packages/airflow/example_dags/example_sensor_decorator.py for tasks to queue
[2025-08-26T04:44:42.062+0000] {logging_mixin.py:188} INFO - [2025-08-26T04:44:42.061+0000] {dagbag.py:545} INFO - Filling up the DagBag from /home/airflow/.local/lib/python3.12/site-packages/airflow/example_dags/example_sensor_decorator.py
[2025-08-26T04:44:42.092+0000] {processor.py:840} INFO - DAG(s) 'example_sensor_decorator' retrieved from /home/airflow/.local/lib/python3.12/site-packages/airflow/example_dags/example_sensor_decorator.py
[2025-08-26T04:44:42.216+0000] {logging_mixin.py:188} INFO - [2025-08-26T04:44:42.205+0000] {dag.py:3096} INFO - Sync 1 DAGs
[2025-08-26T04:44:42.344+0000] {logging_mixin.py:188} INFO - [2025-08-26T04:44:42.343+0000] {dag.py:3954} INFO - Setting next_dagrun for example_sensor_decorator to None, run_after=None
[2025-08-26T04:44:42.530+0000] {processor.py:183} INFO - Processing /home/airflow/.local/lib/python3.12/site-packages/airflow/example_dags/example_sensor_decorator.py took 0.525 seconds
[2025-08-26T04:45:21.505+0000] {processor.py:161} INFO - Started process (PID=7149) to work on /home/airflow/.local/lib/python3.12/site-packages/airflow/example_dags/example_sensor_decorator.py
[2025-08-26T04:45:21.509+0000] {processor.py:830} INFO - Processing file /home/airflow/.local/lib/python3.12/site-packages/airflow/example_dags/example_sensor_decorator.py for tasks to queue
[2025-08-26T04:45:21.531+0000] {logging_mixin.py:188} INFO - [2025-08-26T04:45:21.530+0000] {dagbag.py:545} INFO - Filling up the DagBag from /home/airflow/.local/lib/python3.12/site-packages/airflow/example_dags/example_sensor_decorator.py
[2025-08-26T04:45:21.574+0000] {processor.py:840} INFO - DAG(s) 'example_sensor_decorator' retrieved from /home/airflow/.local/lib/python3.12/site-packages/airflow/example_dags/example_sensor_decorator.py
[2025-08-26T04:45:21.723+0000] {logging_mixin.py:188} INFO - [2025-08-26T04:45:21.722+0000] {dag.py:3096} INFO - Sync 1 DAGs
[2025-08-26T04:45:21.932+0000] {logging_mixin.py:188} INFO - [2025-08-26T04:45:21.931+0000] {dag.py:3954} INFO - Setting next_dagrun for example_sensor_decorator to None, run_after=None
[2025-08-26T04:45:22.093+0000] {processor.py:183} INFO - Processing /home/airflow/.local/lib/python3.12/site-packages/airflow/example_dags/example_sensor_decorator.py took 0.690 seconds
[2025-08-26T04:46:06.533+0000] {processor.py:161} INFO - Started process (PID=7460) to work on /home/airflow/.local/lib/python3.12/site-packages/airflow/example_dags/example_sensor_decorator.py
[2025-08-26T04:46:06.543+0000] {processor.py:830} INFO - Processing file /home/airflow/.local/lib/python3.12/site-packages/airflow/example_dags/example_sensor_decorator.py for tasks to queue
[2025-08-26T04:46:06.554+0000] {logging_mixin.py:188} INFO - [2025-08-26T04:46:06.553+0000] {dagbag.py:545} INFO - Filling up the DagBag from /home/airflow/.local/lib/python3.12/site-packages/airflow/example_dags/example_sensor_decorator.py
[2025-08-26T04:46:06.590+0000] {processor.py:840} INFO - DAG(s) 'example_sensor_decorator' retrieved from /home/airflow/.local/lib/python3.12/site-packages/airflow/example_dags/example_sensor_decorator.py
[2025-08-26T04:46:06.754+0000] {logging_mixin.py:188} INFO - [2025-08-26T04:46:06.753+0000] {dag.py:3096} INFO - Sync 1 DAGs
[2025-08-26T04:46:06.865+0000] {logging_mixin.py:188} INFO - [2025-08-26T04:46:06.864+0000] {dag.py:3954} INFO - Setting next_dagrun for example_sensor_decorator to None, run_after=None
[2025-08-26T04:46:06.997+0000] {processor.py:183} INFO - Processing /home/airflow/.local/lib/python3.12/site-packages/airflow/example_dags/example_sensor_decorator.py took 0.567 seconds
[2025-08-26T04:46:47.547+0000] {processor.py:161} INFO - Started process (PID=7739) to work on /home/airflow/.local/lib/python3.12/site-packages/airflow/example_dags/example_sensor_decorator.py
[2025-08-26T04:46:47.554+0000] {processor.py:830} INFO - Processing file /home/airflow/.local/lib/python3.12/site-packages/airflow/example_dags/example_sensor_decorator.py for tasks to queue
[2025-08-26T04:46:47.561+0000] {logging_mixin.py:188} INFO - [2025-08-26T04:46:47.560+0000] {dagbag.py:545} INFO - Filling up the DagBag from /home/airflow/.local/lib/python3.12/site-packages/airflow/example_dags/example_sensor_decorator.py
[2025-08-26T04:46:47.608+0000] {processor.py:840} INFO - DAG(s) 'example_sensor_decorator' retrieved from /home/airflow/.local/lib/python3.12/site-packages/airflow/example_dags/example_sensor_decorator.py
[2025-08-26T04:46:47.769+0000] {logging_mixin.py:188} INFO - [2025-08-26T04:46:47.769+0000] {dag.py:3096} INFO - Sync 1 DAGs
[2025-08-26T04:46:47.877+0000] {logging_mixin.py:188} INFO - [2025-08-26T04:46:47.876+0000] {dag.py:3954} INFO - Setting next_dagrun for example_sensor_decorator to None, run_after=None
[2025-08-26T04:46:48.089+0000] {processor.py:183} INFO - Processing /home/airflow/.local/lib/python3.12/site-packages/airflow/example_dags/example_sensor_decorator.py took 0.574 seconds
[2025-08-26T04:47:25.157+0000] {processor.py:161} INFO - Started process (PID=8029) to work on /home/airflow/.local/lib/python3.12/site-packages/airflow/example_dags/example_sensor_decorator.py
[2025-08-26T04:47:25.172+0000] {processor.py:830} INFO - Processing file /home/airflow/.local/lib/python3.12/site-packages/airflow/example_dags/example_sensor_decorator.py for tasks to queue
[2025-08-26T04:47:25.194+0000] {logging_mixin.py:188} INFO - [2025-08-26T04:47:25.185+0000] {dagbag.py:545} INFO - Filling up the DagBag from /home/airflow/.local/lib/python3.12/site-packages/airflow/example_dags/example_sensor_decorator.py
[2025-08-26T04:47:25.269+0000] {processor.py:840} INFO - DAG(s) 'example_sensor_decorator' retrieved from /home/airflow/.local/lib/python3.12/site-packages/airflow/example_dags/example_sensor_decorator.py
[2025-08-26T04:47:25.393+0000] {logging_mixin.py:188} INFO - [2025-08-26T04:47:25.392+0000] {dag.py:3096} INFO - Sync 1 DAGs
[2025-08-26T04:47:25.521+0000] {logging_mixin.py:188} INFO - [2025-08-26T04:47:25.521+0000] {dag.py:3954} INFO - Setting next_dagrun for example_sensor_decorator to None, run_after=None
[2025-08-26T04:47:25.658+0000] {processor.py:183} INFO - Processing /home/airflow/.local/lib/python3.12/site-packages/airflow/example_dags/example_sensor_decorator.py took 0.591 seconds
[2025-08-26T04:49:59.142+0000] {processor.py:161} INFO - Started process (PID=434) to work on /home/airflow/.local/lib/python3.12/site-packages/airflow/example_dags/example_sensor_decorator.py
[2025-08-26T04:49:59.153+0000] {processor.py:830} INFO - Processing file /home/airflow/.local/lib/python3.12/site-packages/airflow/example_dags/example_sensor_decorator.py for tasks to queue
[2025-08-26T04:49:59.160+0000] {logging_mixin.py:188} INFO - [2025-08-26T04:49:59.158+0000] {dagbag.py:545} INFO - Filling up the DagBag from /home/airflow/.local/lib/python3.12/site-packages/airflow/example_dags/example_sensor_decorator.py
[2025-08-26T04:49:59.198+0000] {processor.py:840} INFO - DAG(s) 'example_sensor_decorator' retrieved from /home/airflow/.local/lib/python3.12/site-packages/airflow/example_dags/example_sensor_decorator.py
[2025-08-26T04:49:59.902+0000] {logging_mixin.py:188} INFO - [2025-08-26T04:49:59.900+0000] {dag.py:3096} INFO - Sync 1 DAGs
[2025-08-26T04:50:00.008+0000] {logging_mixin.py:188} INFO - [2025-08-26T04:50:00.008+0000] {dag.py:3954} INFO - Setting next_dagrun for example_sensor_decorator to None, run_after=None
[2025-08-26T04:50:00.168+0000] {processor.py:183} INFO - Processing /home/airflow/.local/lib/python3.12/site-packages/airflow/example_dags/example_sensor_decorator.py took 1.072 seconds
[2025-08-26T04:50:30.656+0000] {processor.py:161} INFO - Started process (PID=696) to work on /home/airflow/.local/lib/python3.12/site-packages/airflow/example_dags/example_sensor_decorator.py
[2025-08-26T04:50:30.695+0000] {processor.py:830} INFO - Processing file /home/airflow/.local/lib/python3.12/site-packages/airflow/example_dags/example_sensor_decorator.py for tasks to queue
[2025-08-26T04:50:30.730+0000] {logging_mixin.py:188} INFO - [2025-08-26T04:50:30.729+0000] {dagbag.py:545} INFO - Filling up the DagBag from /home/airflow/.local/lib/python3.12/site-packages/airflow/example_dags/example_sensor_decorator.py
[2025-08-26T04:50:30.786+0000] {processor.py:840} INFO - DAG(s) 'example_sensor_decorator' retrieved from /home/airflow/.local/lib/python3.12/site-packages/airflow/example_dags/example_sensor_decorator.py
[2025-08-26T04:50:31.095+0000] {logging_mixin.py:188} INFO - [2025-08-26T04:50:31.094+0000] {dag.py:3096} INFO - Sync 1 DAGs
[2025-08-26T04:50:31.213+0000] {logging_mixin.py:188} INFO - [2025-08-26T04:50:31.212+0000] {dag.py:3954} INFO - Setting next_dagrun for example_sensor_decorator to None, run_after=None
[2025-08-26T04:50:31.465+0000] {processor.py:183} INFO - Processing /home/airflow/.local/lib/python3.12/site-packages/airflow/example_dags/example_sensor_decorator.py took 0.895 seconds
[2025-08-26T04:51:01.826+0000] {processor.py:161} INFO - Started process (PID=958) to work on /home/airflow/.local/lib/python3.12/site-packages/airflow/example_dags/example_sensor_decorator.py
[2025-08-26T04:51:01.831+0000] {processor.py:830} INFO - Processing file /home/airflow/.local/lib/python3.12/site-packages/airflow/example_dags/example_sensor_decorator.py for tasks to queue
[2025-08-26T04:51:01.864+0000] {logging_mixin.py:188} INFO - [2025-08-26T04:51:01.863+0000] {dagbag.py:545} INFO - Filling up the DagBag from /home/airflow/.local/lib/python3.12/site-packages/airflow/example_dags/example_sensor_decorator.py
[2025-08-26T04:51:01.919+0000] {processor.py:840} INFO - DAG(s) 'example_sensor_decorator' retrieved from /home/airflow/.local/lib/python3.12/site-packages/airflow/example_dags/example_sensor_decorator.py
[2025-08-26T04:51:02.255+0000] {logging_mixin.py:188} INFO - [2025-08-26T04:51:02.254+0000] {dag.py:3096} INFO - Sync 1 DAGs
[2025-08-26T04:51:02.466+0000] {logging_mixin.py:188} INFO - [2025-08-26T04:51:02.463+0000] {dag.py:3954} INFO - Setting next_dagrun for example_sensor_decorator to None, run_after=None
[2025-08-26T04:51:02.603+0000] {processor.py:183} INFO - Processing /home/airflow/.local/lib/python3.12/site-packages/airflow/example_dags/example_sensor_decorator.py took 0.843 seconds
[2025-08-26T04:51:33.467+0000] {processor.py:161} INFO - Started process (PID=1220) to work on /home/airflow/.local/lib/python3.12/site-packages/airflow/example_dags/example_sensor_decorator.py
[2025-08-26T04:51:33.485+0000] {processor.py:830} INFO - Processing file /home/airflow/.local/lib/python3.12/site-packages/airflow/example_dags/example_sensor_decorator.py for tasks to queue
[2025-08-26T04:51:33.528+0000] {logging_mixin.py:188} INFO - [2025-08-26T04:51:33.527+0000] {dagbag.py:545} INFO - Filling up the DagBag from /home/airflow/.local/lib/python3.12/site-packages/airflow/example_dags/example_sensor_decorator.py
[2025-08-26T04:51:33.674+0000] {processor.py:840} INFO - DAG(s) 'example_sensor_decorator' retrieved from /home/airflow/.local/lib/python3.12/site-packages/airflow/example_dags/example_sensor_decorator.py
[2025-08-26T04:51:34.192+0000] {logging_mixin.py:188} INFO - [2025-08-26T04:51:34.191+0000] {dag.py:3096} INFO - Sync 1 DAGs
[2025-08-26T04:51:34.625+0000] {logging_mixin.py:188} INFO - [2025-08-26T04:51:34.624+0000] {dag.py:3954} INFO - Setting next_dagrun for example_sensor_decorator to None, run_after=None
[2025-08-26T04:51:34.854+0000] {processor.py:183} INFO - Processing /home/airflow/.local/lib/python3.12/site-packages/airflow/example_dags/example_sensor_decorator.py took 1.559 seconds
[2025-08-26T04:52:05.115+0000] {processor.py:161} INFO - Started process (PID=1481) to work on /home/airflow/.local/lib/python3.12/site-packages/airflow/example_dags/example_sensor_decorator.py
[2025-08-26T04:52:05.126+0000] {processor.py:830} INFO - Processing file /home/airflow/.local/lib/python3.12/site-packages/airflow/example_dags/example_sensor_decorator.py for tasks to queue
[2025-08-26T04:52:05.143+0000] {logging_mixin.py:188} INFO - [2025-08-26T04:52:05.132+0000] {dagbag.py:545} INFO - Filling up the DagBag from /home/airflow/.local/lib/python3.12/site-packages/airflow/example_dags/example_sensor_decorator.py
[2025-08-26T04:52:05.195+0000] {processor.py:840} INFO - DAG(s) 'example_sensor_decorator' retrieved from /home/airflow/.local/lib/python3.12/site-packages/airflow/example_dags/example_sensor_decorator.py
[2025-08-26T04:52:05.516+0000] {logging_mixin.py:188} INFO - [2025-08-26T04:52:05.514+0000] {dag.py:3096} INFO - Sync 1 DAGs
[2025-08-26T04:52:05.593+0000] {logging_mixin.py:188} INFO - [2025-08-26T04:52:05.592+0000] {dag.py:3954} INFO - Setting next_dagrun for example_sensor_decorator to None, run_after=None
[2025-08-26T04:52:05.764+0000] {processor.py:183} INFO - Processing /home/airflow/.local/lib/python3.12/site-packages/airflow/example_dags/example_sensor_decorator.py took 0.709 seconds
[2025-08-26T04:52:54.799+0000] {processor.py:161} INFO - Started process (PID=1762) to work on /home/airflow/.local/lib/python3.12/site-packages/airflow/example_dags/example_sensor_decorator.py
[2025-08-26T04:52:54.803+0000] {processor.py:830} INFO - Processing file /home/airflow/.local/lib/python3.12/site-packages/airflow/example_dags/example_sensor_decorator.py for tasks to queue
[2025-08-26T04:52:54.811+0000] {logging_mixin.py:188} INFO - [2025-08-26T04:52:54.810+0000] {dagbag.py:545} INFO - Filling up the DagBag from /home/airflow/.local/lib/python3.12/site-packages/airflow/example_dags/example_sensor_decorator.py
[2025-08-26T04:52:54.839+0000] {processor.py:840} INFO - DAG(s) 'example_sensor_decorator' retrieved from /home/airflow/.local/lib/python3.12/site-packages/airflow/example_dags/example_sensor_decorator.py
[2025-08-26T04:52:54.933+0000] {logging_mixin.py:188} INFO - [2025-08-26T04:52:54.932+0000] {dag.py:3096} INFO - Sync 1 DAGs
[2025-08-26T04:52:55.002+0000] {logging_mixin.py:188} INFO - [2025-08-26T04:52:55.001+0000] {dag.py:3954} INFO - Setting next_dagrun for example_sensor_decorator to None, run_after=None
[2025-08-26T04:52:55.115+0000] {processor.py:183} INFO - Processing /home/airflow/.local/lib/python3.12/site-packages/airflow/example_dags/example_sensor_decorator.py took 0.347 seconds
[2025-08-26T04:53:26.569+0000] {processor.py:161} INFO - Started process (PID=2024) to work on /home/airflow/.local/lib/python3.12/site-packages/airflow/example_dags/example_sensor_decorator.py
[2025-08-26T04:53:26.582+0000] {processor.py:830} INFO - Processing file /home/airflow/.local/lib/python3.12/site-packages/airflow/example_dags/example_sensor_decorator.py for tasks to queue
[2025-08-26T04:53:26.593+0000] {logging_mixin.py:188} INFO - [2025-08-26T04:53:26.592+0000] {dagbag.py:545} INFO - Filling up the DagBag from /home/airflow/.local/lib/python3.12/site-packages/airflow/example_dags/example_sensor_decorator.py
[2025-08-26T04:53:26.641+0000] {processor.py:840} INFO - DAG(s) 'example_sensor_decorator' retrieved from /home/airflow/.local/lib/python3.12/site-packages/airflow/example_dags/example_sensor_decorator.py
[2025-08-26T04:53:26.786+0000] {logging_mixin.py:188} INFO - [2025-08-26T04:53:26.785+0000] {dag.py:3096} INFO - Sync 1 DAGs
[2025-08-26T04:53:26.866+0000] {logging_mixin.py:188} INFO - [2025-08-26T04:53:26.866+0000] {dag.py:3954} INFO - Setting next_dagrun for example_sensor_decorator to None, run_after=None
[2025-08-26T04:53:26.978+0000] {processor.py:183} INFO - Processing /home/airflow/.local/lib/python3.12/site-packages/airflow/example_dags/example_sensor_decorator.py took 0.450 seconds
[2025-08-26T04:53:58.521+0000] {processor.py:161} INFO - Started process (PID=2286) to work on /home/airflow/.local/lib/python3.12/site-packages/airflow/example_dags/example_sensor_decorator.py
[2025-08-26T04:53:58.525+0000] {processor.py:830} INFO - Processing file /home/airflow/.local/lib/python3.12/site-packages/airflow/example_dags/example_sensor_decorator.py for tasks to queue
[2025-08-26T04:53:58.532+0000] {logging_mixin.py:188} INFO - [2025-08-26T04:53:58.531+0000] {dagbag.py:545} INFO - Filling up the DagBag from /home/airflow/.local/lib/python3.12/site-packages/airflow/example_dags/example_sensor_decorator.py
[2025-08-26T04:53:58.556+0000] {processor.py:840} INFO - DAG(s) 'example_sensor_decorator' retrieved from /home/airflow/.local/lib/python3.12/site-packages/airflow/example_dags/example_sensor_decorator.py
[2025-08-26T04:53:58.630+0000] {logging_mixin.py:188} INFO - [2025-08-26T04:53:58.629+0000] {dag.py:3096} INFO - Sync 1 DAGs
[2025-08-26T04:53:58.697+0000] {logging_mixin.py:188} INFO - [2025-08-26T04:53:58.696+0000] {dag.py:3954} INFO - Setting next_dagrun for example_sensor_decorator to None, run_after=None
[2025-08-26T04:53:58.775+0000] {processor.py:183} INFO - Processing /home/airflow/.local/lib/python3.12/site-packages/airflow/example_dags/example_sensor_decorator.py took 0.276 seconds
[2025-08-26T04:54:36.479+0000] {processor.py:161} INFO - Started process (PID=2574) to work on /home/airflow/.local/lib/python3.12/site-packages/airflow/example_dags/example_sensor_decorator.py
[2025-08-26T04:54:36.503+0000] {processor.py:830} INFO - Processing file /home/airflow/.local/lib/python3.12/site-packages/airflow/example_dags/example_sensor_decorator.py for tasks to queue
[2025-08-26T04:54:36.526+0000] {logging_mixin.py:188} INFO - [2025-08-26T04:54:36.524+0000] {dagbag.py:545} INFO - Filling up the DagBag from /home/airflow/.local/lib/python3.12/site-packages/airflow/example_dags/example_sensor_decorator.py
[2025-08-26T04:54:36.614+0000] {processor.py:840} INFO - DAG(s) 'example_sensor_decorator' retrieved from /home/airflow/.local/lib/python3.12/site-packages/airflow/example_dags/example_sensor_decorator.py
[2025-08-26T04:54:36.761+0000] {logging_mixin.py:188} INFO - [2025-08-26T04:54:36.761+0000] {dag.py:3096} INFO - Sync 1 DAGs
[2025-08-26T04:54:36.835+0000] {logging_mixin.py:188} INFO - [2025-08-26T04:54:36.833+0000] {dag.py:3954} INFO - Setting next_dagrun for example_sensor_decorator to None, run_after=None
[2025-08-26T04:54:36.977+0000] {processor.py:183} INFO - Processing /home/airflow/.local/lib/python3.12/site-packages/airflow/example_dags/example_sensor_decorator.py took 0.556 seconds
[2025-08-26T04:55:07.517+0000] {processor.py:161} INFO - Started process (PID=2836) to work on /home/airflow/.local/lib/python3.12/site-packages/airflow/example_dags/example_sensor_decorator.py
[2025-08-26T04:55:07.524+0000] {processor.py:830} INFO - Processing file /home/airflow/.local/lib/python3.12/site-packages/airflow/example_dags/example_sensor_decorator.py for tasks to queue
[2025-08-26T04:55:07.545+0000] {logging_mixin.py:188} INFO - [2025-08-26T04:55:07.544+0000] {dagbag.py:545} INFO - Filling up the DagBag from /home/airflow/.local/lib/python3.12/site-packages/airflow/example_dags/example_sensor_decorator.py
[2025-08-26T04:55:07.590+0000] {processor.py:840} INFO - DAG(s) 'example_sensor_decorator' retrieved from /home/airflow/.local/lib/python3.12/site-packages/airflow/example_dags/example_sensor_decorator.py
[2025-08-26T04:55:07.691+0000] {logging_mixin.py:188} INFO - [2025-08-26T04:55:07.690+0000] {dag.py:3096} INFO - Sync 1 DAGs
[2025-08-26T04:55:07.759+0000] {logging_mixin.py:188} INFO - [2025-08-26T04:55:07.759+0000] {dag.py:3954} INFO - Setting next_dagrun for example_sensor_decorator to None, run_after=None
[2025-08-26T04:55:08.165+0000] {processor.py:183} INFO - Processing /home/airflow/.local/lib/python3.12/site-packages/airflow/example_dags/example_sensor_decorator.py took 0.702 seconds
[2025-08-26T04:56:02.794+0000] {processor.py:161} INFO - Started process (PID=3178) to work on /home/airflow/.local/lib/python3.12/site-packages/airflow/example_dags/example_sensor_decorator.py
[2025-08-26T04:56:02.797+0000] {processor.py:830} INFO - Processing file /home/airflow/.local/lib/python3.12/site-packages/airflow/example_dags/example_sensor_decorator.py for tasks to queue
[2025-08-26T04:56:02.807+0000] {logging_mixin.py:188} INFO - [2025-08-26T04:56:02.805+0000] {dagbag.py:545} INFO - Filling up the DagBag from /home/airflow/.local/lib/python3.12/site-packages/airflow/example_dags/example_sensor_decorator.py
[2025-08-26T04:56:02.849+0000] {processor.py:840} INFO - DAG(s) 'example_sensor_decorator' retrieved from /home/airflow/.local/lib/python3.12/site-packages/airflow/example_dags/example_sensor_decorator.py
[2025-08-26T04:56:03.044+0000] {logging_mixin.py:188} INFO - [2025-08-26T04:56:03.041+0000] {dag.py:3096} INFO - Sync 1 DAGs
[2025-08-26T04:56:03.179+0000] {logging_mixin.py:188} INFO - [2025-08-26T04:56:03.178+0000] {dag.py:3954} INFO - Setting next_dagrun for example_sensor_decorator to None, run_after=None
[2025-08-26T04:56:03.300+0000] {processor.py:183} INFO - Processing /home/airflow/.local/lib/python3.12/site-packages/airflow/example_dags/example_sensor_decorator.py took 0.529 seconds
[2025-08-26T04:56:37.653+0000] {processor.py:161} INFO - Started process (PID=3447) to work on /home/airflow/.local/lib/python3.12/site-packages/airflow/example_dags/example_sensor_decorator.py
[2025-08-26T04:56:37.667+0000] {processor.py:830} INFO - Processing file /home/airflow/.local/lib/python3.12/site-packages/airflow/example_dags/example_sensor_decorator.py for tasks to queue
[2025-08-26T04:56:37.686+0000] {logging_mixin.py:188} INFO - [2025-08-26T04:56:37.684+0000] {dagbag.py:545} INFO - Filling up the DagBag from /home/airflow/.local/lib/python3.12/site-packages/airflow/example_dags/example_sensor_decorator.py
[2025-08-26T04:56:37.742+0000] {processor.py:840} INFO - DAG(s) 'example_sensor_decorator' retrieved from /home/airflow/.local/lib/python3.12/site-packages/airflow/example_dags/example_sensor_decorator.py
[2025-08-26T04:56:37.916+0000] {logging_mixin.py:188} INFO - [2025-08-26T04:56:37.916+0000] {dag.py:3096} INFO - Sync 1 DAGs
[2025-08-26T04:56:38.043+0000] {logging_mixin.py:188} INFO - [2025-08-26T04:56:38.043+0000] {dag.py:3954} INFO - Setting next_dagrun for example_sensor_decorator to None, run_after=None
[2025-08-26T04:56:38.188+0000] {processor.py:183} INFO - Processing /home/airflow/.local/lib/python3.12/site-packages/airflow/example_dags/example_sensor_decorator.py took 0.579 seconds
[2025-08-26T04:57:13.957+0000] {processor.py:161} INFO - Started process (PID=3710) to work on /home/airflow/.local/lib/python3.12/site-packages/airflow/example_dags/example_sensor_decorator.py
[2025-08-26T04:57:13.972+0000] {processor.py:830} INFO - Processing file /home/airflow/.local/lib/python3.12/site-packages/airflow/example_dags/example_sensor_decorator.py for tasks to queue
[2025-08-26T04:57:14.002+0000] {logging_mixin.py:188} INFO - [2025-08-26T04:57:14.001+0000] {dagbag.py:545} INFO - Filling up the DagBag from /home/airflow/.local/lib/python3.12/site-packages/airflow/example_dags/example_sensor_decorator.py
[2025-08-26T04:57:14.072+0000] {processor.py:840} INFO - DAG(s) 'example_sensor_decorator' retrieved from /home/airflow/.local/lib/python3.12/site-packages/airflow/example_dags/example_sensor_decorator.py
[2025-08-26T04:57:14.307+0000] {logging_mixin.py:188} INFO - [2025-08-26T04:57:14.306+0000] {dag.py:3096} INFO - Sync 1 DAGs
[2025-08-26T04:57:14.425+0000] {logging_mixin.py:188} INFO - [2025-08-26T04:57:14.423+0000] {dag.py:3954} INFO - Setting next_dagrun for example_sensor_decorator to None, run_after=None
[2025-08-26T04:57:14.575+0000] {processor.py:183} INFO - Processing /home/airflow/.local/lib/python3.12/site-packages/airflow/example_dags/example_sensor_decorator.py took 0.752 seconds
[2025-08-26T05:35:05.684+0000] {processor.py:161} INFO - Started process (PID=4062) to work on /home/airflow/.local/lib/python3.12/site-packages/airflow/example_dags/example_sensor_decorator.py
[2025-08-26T05:35:05.774+0000] {processor.py:830} INFO - Processing file /home/airflow/.local/lib/python3.12/site-packages/airflow/example_dags/example_sensor_decorator.py for tasks to queue
[2025-08-26T05:35:05.792+0000] {logging_mixin.py:188} INFO - [2025-08-26T05:35:05.791+0000] {dagbag.py:545} INFO - Filling up the DagBag from /home/airflow/.local/lib/python3.12/site-packages/airflow/example_dags/example_sensor_decorator.py
[2025-08-26T05:35:05.956+0000] {processor.py:840} INFO - DAG(s) 'example_sensor_decorator' retrieved from /home/airflow/.local/lib/python3.12/site-packages/airflow/example_dags/example_sensor_decorator.py
[2025-08-26T05:35:06.479+0000] {logging_mixin.py:188} INFO - [2025-08-26T05:35:06.478+0000] {dag.py:3096} INFO - Sync 1 DAGs
[2025-08-26T05:35:06.816+0000] {logging_mixin.py:188} INFO - [2025-08-26T05:35:06.815+0000] {dag.py:3954} INFO - Setting next_dagrun for example_sensor_decorator to None, run_after=None
[2025-08-26T05:35:07.206+0000] {processor.py:183} INFO - Processing /home/airflow/.local/lib/python3.12/site-packages/airflow/example_dags/example_sensor_decorator.py took 1.642 seconds
[2025-08-26T05:42:38.682+0000] {processor.py:161} INFO - Started process (PID=4437) to work on /home/airflow/.local/lib/python3.12/site-packages/airflow/example_dags/example_sensor_decorator.py
[2025-08-26T05:42:38.728+0000] {processor.py:830} INFO - Processing file /home/airflow/.local/lib/python3.12/site-packages/airflow/example_dags/example_sensor_decorator.py for tasks to queue
[2025-08-26T05:42:38.745+0000] {logging_mixin.py:188} INFO - [2025-08-26T05:42:38.744+0000] {dagbag.py:545} INFO - Filling up the DagBag from /home/airflow/.local/lib/python3.12/site-packages/airflow/example_dags/example_sensor_decorator.py
[2025-08-26T05:42:39.033+0000] {processor.py:840} INFO - DAG(s) 'example_sensor_decorator' retrieved from /home/airflow/.local/lib/python3.12/site-packages/airflow/example_dags/example_sensor_decorator.py
[2025-08-26T05:42:39.714+0000] {logging_mixin.py:188} INFO - [2025-08-26T05:42:39.713+0000] {dag.py:3096} INFO - Sync 1 DAGs
[2025-08-26T05:42:40.060+0000] {logging_mixin.py:188} INFO - [2025-08-26T05:42:40.059+0000] {dag.py:3954} INFO - Setting next_dagrun for example_sensor_decorator to None, run_after=None
[2025-08-26T05:42:40.493+0000] {processor.py:183} INFO - Processing /home/airflow/.local/lib/python3.12/site-packages/airflow/example_dags/example_sensor_decorator.py took 1.919 seconds
[2025-08-26T05:43:45.110+0000] {processor.py:161} INFO - Started process (PID=4724) to work on /home/airflow/.local/lib/python3.12/site-packages/airflow/example_dags/example_sensor_decorator.py
[2025-08-26T05:43:45.120+0000] {processor.py:830} INFO - Processing file /home/airflow/.local/lib/python3.12/site-packages/airflow/example_dags/example_sensor_decorator.py for tasks to queue
[2025-08-26T05:43:45.125+0000] {logging_mixin.py:188} INFO - [2025-08-26T05:43:45.124+0000] {dagbag.py:545} INFO - Filling up the DagBag from /home/airflow/.local/lib/python3.12/site-packages/airflow/example_dags/example_sensor_decorator.py
[2025-08-26T05:43:45.174+0000] {processor.py:840} INFO - DAG(s) 'example_sensor_decorator' retrieved from /home/airflow/.local/lib/python3.12/site-packages/airflow/example_dags/example_sensor_decorator.py
[2025-08-26T05:43:45.365+0000] {logging_mixin.py:188} INFO - [2025-08-26T05:43:45.364+0000] {dag.py:3096} INFO - Sync 1 DAGs
[2025-08-26T05:43:45.550+0000] {logging_mixin.py:188} INFO - [2025-08-26T05:43:45.550+0000] {dag.py:3954} INFO - Setting next_dagrun for example_sensor_decorator to None, run_after=None
[2025-08-26T05:43:45.937+0000] {processor.py:183} INFO - Processing /home/airflow/.local/lib/python3.12/site-packages/airflow/example_dags/example_sensor_decorator.py took 0.871 seconds
[2025-08-26T05:44:20.452+0000] {processor.py:161} INFO - Started process (PID=4986) to work on /home/airflow/.local/lib/python3.12/site-packages/airflow/example_dags/example_sensor_decorator.py
[2025-08-26T05:44:20.472+0000] {processor.py:830} INFO - Processing file /home/airflow/.local/lib/python3.12/site-packages/airflow/example_dags/example_sensor_decorator.py for tasks to queue
[2025-08-26T05:44:20.498+0000] {logging_mixin.py:188} INFO - [2025-08-26T05:44:20.497+0000] {dagbag.py:545} INFO - Filling up the DagBag from /home/airflow/.local/lib/python3.12/site-packages/airflow/example_dags/example_sensor_decorator.py
[2025-08-26T05:44:20.566+0000] {processor.py:840} INFO - DAG(s) 'example_sensor_decorator' retrieved from /home/airflow/.local/lib/python3.12/site-packages/airflow/example_dags/example_sensor_decorator.py
[2025-08-26T05:44:20.707+0000] {logging_mixin.py:188} INFO - [2025-08-26T05:44:20.703+0000] {dag.py:3096} INFO - Sync 1 DAGs
[2025-08-26T05:44:20.900+0000] {logging_mixin.py:188} INFO - [2025-08-26T05:44:20.899+0000] {dag.py:3954} INFO - Setting next_dagrun for example_sensor_decorator to None, run_after=None
[2025-08-26T05:44:21.063+0000] {processor.py:183} INFO - Processing /home/airflow/.local/lib/python3.12/site-packages/airflow/example_dags/example_sensor_decorator.py took 0.689 seconds
[2025-08-26T05:44:57.050+0000] {processor.py:161} INFO - Started process (PID=5249) to work on /home/airflow/.local/lib/python3.12/site-packages/airflow/example_dags/example_sensor_decorator.py
[2025-08-26T05:44:57.086+0000] {processor.py:830} INFO - Processing file /home/airflow/.local/lib/python3.12/site-packages/airflow/example_dags/example_sensor_decorator.py for tasks to queue
[2025-08-26T05:44:57.119+0000] {logging_mixin.py:188} INFO - [2025-08-26T05:44:57.105+0000] {dagbag.py:545} INFO - Filling up the DagBag from /home/airflow/.local/lib/python3.12/site-packages/airflow/example_dags/example_sensor_decorator.py
[2025-08-26T05:44:57.233+0000] {processor.py:840} INFO - DAG(s) 'example_sensor_decorator' retrieved from /home/airflow/.local/lib/python3.12/site-packages/airflow/example_dags/example_sensor_decorator.py
[2025-08-26T05:44:57.395+0000] {logging_mixin.py:188} INFO - [2025-08-26T05:44:57.395+0000] {dag.py:3096} INFO - Sync 1 DAGs
[2025-08-26T05:44:57.491+0000] {logging_mixin.py:188} INFO - [2025-08-26T05:44:57.491+0000] {dag.py:3954} INFO - Setting next_dagrun for example_sensor_decorator to None, run_after=None
[2025-08-26T05:44:57.621+0000] {processor.py:183} INFO - Processing /home/airflow/.local/lib/python3.12/site-packages/airflow/example_dags/example_sensor_decorator.py took 0.655 seconds
[2025-08-26T05:45:31.618+0000] {processor.py:161} INFO - Started process (PID=5515) to work on /home/airflow/.local/lib/python3.12/site-packages/airflow/example_dags/example_sensor_decorator.py
[2025-08-26T05:45:31.621+0000] {processor.py:830} INFO - Processing file /home/airflow/.local/lib/python3.12/site-packages/airflow/example_dags/example_sensor_decorator.py for tasks to queue
[2025-08-26T05:45:31.624+0000] {logging_mixin.py:188} INFO - [2025-08-26T05:45:31.623+0000] {dagbag.py:545} INFO - Filling up the DagBag from /home/airflow/.local/lib/python3.12/site-packages/airflow/example_dags/example_sensor_decorator.py
[2025-08-26T05:45:31.662+0000] {processor.py:840} INFO - DAG(s) 'example_sensor_decorator' retrieved from /home/airflow/.local/lib/python3.12/site-packages/airflow/example_dags/example_sensor_decorator.py
[2025-08-26T05:45:31.813+0000] {logging_mixin.py:188} INFO - [2025-08-26T05:45:31.812+0000] {dag.py:3096} INFO - Sync 1 DAGs
[2025-08-26T05:45:31.976+0000] {logging_mixin.py:188} INFO - [2025-08-26T05:45:31.964+0000] {dag.py:3954} INFO - Setting next_dagrun for example_sensor_decorator to None, run_after=None
[2025-08-26T05:45:32.163+0000] {processor.py:183} INFO - Processing /home/airflow/.local/lib/python3.12/site-packages/airflow/example_dags/example_sensor_decorator.py took 0.588 seconds
[2025-08-26T05:46:03.144+0000] {processor.py:161} INFO - Started process (PID=5778) to work on /home/airflow/.local/lib/python3.12/site-packages/airflow/example_dags/example_sensor_decorator.py
[2025-08-26T05:46:03.152+0000] {processor.py:830} INFO - Processing file /home/airflow/.local/lib/python3.12/site-packages/airflow/example_dags/example_sensor_decorator.py for tasks to queue
[2025-08-26T05:46:03.158+0000] {logging_mixin.py:188} INFO - [2025-08-26T05:46:03.157+0000] {dagbag.py:545} INFO - Filling up the DagBag from /home/airflow/.local/lib/python3.12/site-packages/airflow/example_dags/example_sensor_decorator.py
[2025-08-26T05:46:03.204+0000] {processor.py:840} INFO - DAG(s) 'example_sensor_decorator' retrieved from /home/airflow/.local/lib/python3.12/site-packages/airflow/example_dags/example_sensor_decorator.py
[2025-08-26T05:46:03.328+0000] {logging_mixin.py:188} INFO - [2025-08-26T05:46:03.327+0000] {dag.py:3096} INFO - Sync 1 DAGs
[2025-08-26T05:46:03.416+0000] {logging_mixin.py:188} INFO - [2025-08-26T05:46:03.415+0000] {dag.py:3954} INFO - Setting next_dagrun for example_sensor_decorator to None, run_after=None
[2025-08-26T05:46:03.528+0000] {processor.py:183} INFO - Processing /home/airflow/.local/lib/python3.12/site-packages/airflow/example_dags/example_sensor_decorator.py took 0.412 seconds
[2025-08-26T05:46:35.325+0000] {processor.py:161} INFO - Started process (PID=6034) to work on /home/airflow/.local/lib/python3.12/site-packages/airflow/example_dags/example_sensor_decorator.py
[2025-08-26T05:46:35.329+0000] {processor.py:830} INFO - Processing file /home/airflow/.local/lib/python3.12/site-packages/airflow/example_dags/example_sensor_decorator.py for tasks to queue
[2025-08-26T05:46:35.332+0000] {logging_mixin.py:188} INFO - [2025-08-26T05:46:35.331+0000] {dagbag.py:545} INFO - Filling up the DagBag from /home/airflow/.local/lib/python3.12/site-packages/airflow/example_dags/example_sensor_decorator.py
[2025-08-26T05:46:35.362+0000] {processor.py:840} INFO - DAG(s) 'example_sensor_decorator' retrieved from /home/airflow/.local/lib/python3.12/site-packages/airflow/example_dags/example_sensor_decorator.py
[2025-08-26T05:46:35.475+0000] {logging_mixin.py:188} INFO - [2025-08-26T05:46:35.474+0000] {dag.py:3096} INFO - Sync 1 DAGs
[2025-08-26T05:46:35.624+0000] {logging_mixin.py:188} INFO - [2025-08-26T05:46:35.623+0000] {dag.py:3954} INFO - Setting next_dagrun for example_sensor_decorator to None, run_after=None
[2025-08-26T05:46:35.918+0000] {processor.py:183} INFO - Processing /home/airflow/.local/lib/python3.12/site-packages/airflow/example_dags/example_sensor_decorator.py took 0.631 seconds
[2025-08-26T05:47:08.919+0000] {processor.py:161} INFO - Started process (PID=6307) to work on /home/airflow/.local/lib/python3.12/site-packages/airflow/example_dags/example_sensor_decorator.py
[2025-08-26T05:47:08.922+0000] {processor.py:830} INFO - Processing file /home/airflow/.local/lib/python3.12/site-packages/airflow/example_dags/example_sensor_decorator.py for tasks to queue
[2025-08-26T05:47:08.932+0000] {logging_mixin.py:188} INFO - [2025-08-26T05:47:08.929+0000] {dagbag.py:545} INFO - Filling up the DagBag from /home/airflow/.local/lib/python3.12/site-packages/airflow/example_dags/example_sensor_decorator.py
[2025-08-26T05:47:09.037+0000] {processor.py:840} INFO - DAG(s) 'example_sensor_decorator' retrieved from /home/airflow/.local/lib/python3.12/site-packages/airflow/example_dags/example_sensor_decorator.py
[2025-08-26T05:47:09.352+0000] {logging_mixin.py:188} INFO - [2025-08-26T05:47:09.351+0000] {dag.py:3096} INFO - Sync 1 DAGs
[2025-08-26T05:47:09.638+0000] {logging_mixin.py:188} INFO - [2025-08-26T05:47:09.637+0000] {dag.py:3954} INFO - Setting next_dagrun for example_sensor_decorator to None, run_after=None
[2025-08-26T05:47:09.935+0000] {processor.py:183} INFO - Processing /home/airflow/.local/lib/python3.12/site-packages/airflow/example_dags/example_sensor_decorator.py took 1.081 seconds
[2025-08-26T05:47:51.729+0000] {processor.py:161} INFO - Started process (PID=6590) to work on /home/airflow/.local/lib/python3.12/site-packages/airflow/example_dags/example_sensor_decorator.py
[2025-08-26T05:47:51.740+0000] {processor.py:830} INFO - Processing file /home/airflow/.local/lib/python3.12/site-packages/airflow/example_dags/example_sensor_decorator.py for tasks to queue
[2025-08-26T05:47:51.754+0000] {logging_mixin.py:188} INFO - [2025-08-26T05:47:51.753+0000] {dagbag.py:545} INFO - Filling up the DagBag from /home/airflow/.local/lib/python3.12/site-packages/airflow/example_dags/example_sensor_decorator.py
[2025-08-26T05:47:51.835+0000] {processor.py:840} INFO - DAG(s) 'example_sensor_decorator' retrieved from /home/airflow/.local/lib/python3.12/site-packages/airflow/example_dags/example_sensor_decorator.py
[2025-08-26T05:47:52.255+0000] {logging_mixin.py:188} INFO - [2025-08-26T05:47:52.254+0000] {dag.py:3096} INFO - Sync 1 DAGs
[2025-08-26T05:47:52.399+0000] {logging_mixin.py:188} INFO - [2025-08-26T05:47:52.398+0000] {dag.py:3954} INFO - Setting next_dagrun for example_sensor_decorator to None, run_after=None
[2025-08-26T05:47:52.573+0000] {processor.py:183} INFO - Processing /home/airflow/.local/lib/python3.12/site-packages/airflow/example_dags/example_sensor_decorator.py took 0.916 seconds
