[2025-08-26T04:29:32.743+0000] {processor.py:161} INFO - Started process (PID=284) to work on /home/airflow/.local/lib/python3.12/site-packages/airflow/example_dags/example_xcomargs.py
[2025-08-26T04:29:32.760+0000] {processor.py:830} INFO - Processing file /home/airflow/.local/lib/python3.12/site-packages/airflow/example_dags/example_xcomargs.py for tasks to queue
[2025-08-26T04:29:32.834+0000] {logging_mixin.py:188} INFO - [2025-08-26T04:29:32.803+0000] {dagbag.py:545} INFO - Filling up the DagBag from /home/airflow/.local/lib/python3.12/site-packages/airflow/example_dags/example_xcomargs.py
[2025-08-26T04:29:33.020+0000] {processor.py:840} INFO - DAG(s) 'example_xcom_args', 'example_xcom_args_with_operators' retrieved from /home/airflow/.local/lib/python3.12/site-packages/airflow/example_dags/example_xcomargs.py
[2025-08-26T04:29:34.525+0000] {logging_mixin.py:188} INFO - [2025-08-26T04:29:34.521+0000] {override.py:1829} INFO - Created Permission View: can delete on DAG:example_xcom_args
[2025-08-26T04:29:34.671+0000] {logging_mixin.py:188} INFO - [2025-08-26T04:29:34.670+0000] {override.py:1829} INFO - Created Permission View: can read on DAG:example_xcom_args
[2025-08-26T04:29:34.764+0000] {logging_mixin.py:188} INFO - [2025-08-26T04:29:34.763+0000] {override.py:1829} INFO - Created Permission View: can edit on DAG:example_xcom_args
[2025-08-26T04:29:35.044+0000] {logging_mixin.py:188} INFO - [2025-08-26T04:29:35.044+0000] {override.py:1829} INFO - Created Permission View: can delete on DAG:example_xcom_args_with_operators
[2025-08-26T04:29:35.112+0000] {logging_mixin.py:188} INFO - [2025-08-26T04:29:35.110+0000] {override.py:1829} INFO - Created Permission View: can read on DAG:example_xcom_args_with_operators
[2025-08-26T04:29:35.183+0000] {logging_mixin.py:188} INFO - [2025-08-26T04:29:35.181+0000] {override.py:1829} INFO - Created Permission View: can edit on DAG:example_xcom_args_with_operators
[2025-08-26T04:29:35.191+0000] {logging_mixin.py:188} INFO - [2025-08-26T04:29:35.191+0000] {dag.py:3096} INFO - Sync 2 DAGs
[2025-08-26T04:29:35.318+0000] {logging_mixin.py:188} INFO - [2025-08-26T04:29:35.318+0000] {dag.py:3118} INFO - Creating ORM DAG for example_xcom_args_with_operators
[2025-08-26T04:29:35.329+0000] {logging_mixin.py:188} INFO - [2025-08-26T04:29:35.328+0000] {dag.py:3118} INFO - Creating ORM DAG for example_xcom_args
[2025-08-26T04:29:35.337+0000] {logging_mixin.py:188} INFO - [2025-08-26T04:29:35.336+0000] {dag.py:3954} INFO - Setting next_dagrun for example_xcom_args to None, run_after=None
[2025-08-26T04:29:35.345+0000] {logging_mixin.py:188} INFO - [2025-08-26T04:29:35.344+0000] {dag.py:3954} INFO - Setting next_dagrun for example_xcom_args_with_operators to None, run_after=None
[2025-08-26T04:29:35.435+0000] {processor.py:183} INFO - Processing /home/airflow/.local/lib/python3.12/site-packages/airflow/example_dags/example_xcomargs.py took 2.814 seconds
[2025-08-26T04:30:55.720+0000] {processor.py:161} INFO - Started process (PID=558) to work on /home/airflow/.local/lib/python3.12/site-packages/airflow/example_dags/example_xcomargs.py
[2025-08-26T04:30:55.737+0000] {processor.py:830} INFO - Processing file /home/airflow/.local/lib/python3.12/site-packages/airflow/example_dags/example_xcomargs.py for tasks to queue
[2025-08-26T04:30:55.859+0000] {logging_mixin.py:188} INFO - [2025-08-26T04:30:55.803+0000] {dagbag.py:545} INFO - Filling up the DagBag from /home/airflow/.local/lib/python3.12/site-packages/airflow/example_dags/example_xcomargs.py
[2025-08-26T04:30:55.939+0000] {processor.py:840} INFO - DAG(s) 'example_xcom_args', 'example_xcom_args_with_operators' retrieved from /home/airflow/.local/lib/python3.12/site-packages/airflow/example_dags/example_xcomargs.py
[2025-08-26T04:30:56.142+0000] {logging_mixin.py:188} INFO - [2025-08-26T04:30:56.141+0000] {dag.py:3096} INFO - Sync 2 DAGs
[2025-08-26T04:30:56.291+0000] {logging_mixin.py:188} INFO - [2025-08-26T04:30:56.271+0000] {dag.py:3954} INFO - Setting next_dagrun for example_xcom_args to None, run_after=None
[2025-08-26T04:30:56.325+0000] {logging_mixin.py:188} INFO - [2025-08-26T04:30:56.324+0000] {dag.py:3954} INFO - Setting next_dagrun for example_xcom_args_with_operators to None, run_after=None
[2025-08-26T04:30:56.491+0000] {processor.py:183} INFO - Processing /home/airflow/.local/lib/python3.12/site-packages/airflow/example_dags/example_xcomargs.py took 0.860 seconds
[2025-08-26T04:31:30.399+0000] {processor.py:161} INFO - Started process (PID=820) to work on /home/airflow/.local/lib/python3.12/site-packages/airflow/example_dags/example_xcomargs.py
[2025-08-26T04:31:30.402+0000] {processor.py:830} INFO - Processing file /home/airflow/.local/lib/python3.12/site-packages/airflow/example_dags/example_xcomargs.py for tasks to queue
[2025-08-26T04:31:30.410+0000] {logging_mixin.py:188} INFO - [2025-08-26T04:31:30.408+0000] {dagbag.py:545} INFO - Filling up the DagBag from /home/airflow/.local/lib/python3.12/site-packages/airflow/example_dags/example_xcomargs.py
[2025-08-26T04:31:30.642+0000] {processor.py:840} INFO - DAG(s) 'example_xcom_args', 'example_xcom_args_with_operators' retrieved from /home/airflow/.local/lib/python3.12/site-packages/airflow/example_dags/example_xcomargs.py
[2025-08-26T04:31:31.028+0000] {logging_mixin.py:188} INFO - [2025-08-26T04:31:31.024+0000] {dag.py:3096} INFO - Sync 2 DAGs
[2025-08-26T04:31:31.131+0000] {logging_mixin.py:188} INFO - [2025-08-26T04:31:31.130+0000] {dag.py:3954} INFO - Setting next_dagrun for example_xcom_args to None, run_after=None
[2025-08-26T04:31:31.181+0000] {logging_mixin.py:188} INFO - [2025-08-26T04:31:31.180+0000] {dag.py:3954} INFO - Setting next_dagrun for example_xcom_args_with_operators to None, run_after=None
[2025-08-26T04:31:31.441+0000] {processor.py:183} INFO - Processing /home/airflow/.local/lib/python3.12/site-packages/airflow/example_dags/example_xcomargs.py took 1.149 seconds
[2025-08-26T04:32:07.223+0000] {processor.py:161} INFO - Started process (PID=1081) to work on /home/airflow/.local/lib/python3.12/site-packages/airflow/example_dags/example_xcomargs.py
[2025-08-26T04:32:07.239+0000] {processor.py:830} INFO - Processing file /home/airflow/.local/lib/python3.12/site-packages/airflow/example_dags/example_xcomargs.py for tasks to queue
[2025-08-26T04:32:07.272+0000] {logging_mixin.py:188} INFO - [2025-08-26T04:32:07.271+0000] {dagbag.py:545} INFO - Filling up the DagBag from /home/airflow/.local/lib/python3.12/site-packages/airflow/example_dags/example_xcomargs.py
[2025-08-26T04:32:07.363+0000] {processor.py:840} INFO - DAG(s) 'example_xcom_args_with_operators', 'example_xcom_args' retrieved from /home/airflow/.local/lib/python3.12/site-packages/airflow/example_dags/example_xcomargs.py
[2025-08-26T04:32:07.588+0000] {logging_mixin.py:188} INFO - [2025-08-26T04:32:07.587+0000] {dag.py:3096} INFO - Sync 2 DAGs
[2025-08-26T04:32:07.690+0000] {logging_mixin.py:188} INFO - [2025-08-26T04:32:07.689+0000] {dag.py:3954} INFO - Setting next_dagrun for example_xcom_args to None, run_after=None
[2025-08-26T04:32:07.727+0000] {logging_mixin.py:188} INFO - [2025-08-26T04:32:07.724+0000] {dag.py:3954} INFO - Setting next_dagrun for example_xcom_args_with_operators to None, run_after=None
[2025-08-26T04:32:07.851+0000] {processor.py:183} INFO - Processing /home/airflow/.local/lib/python3.12/site-packages/airflow/example_dags/example_xcomargs.py took 0.718 seconds
[2025-08-26T04:32:45.398+0000] {processor.py:161} INFO - Started process (PID=1343) to work on /home/airflow/.local/lib/python3.12/site-packages/airflow/example_dags/example_xcomargs.py
[2025-08-26T04:32:45.406+0000] {processor.py:830} INFO - Processing file /home/airflow/.local/lib/python3.12/site-packages/airflow/example_dags/example_xcomargs.py for tasks to queue
[2025-08-26T04:32:45.425+0000] {logging_mixin.py:188} INFO - [2025-08-26T04:32:45.421+0000] {dagbag.py:545} INFO - Filling up the DagBag from /home/airflow/.local/lib/python3.12/site-packages/airflow/example_dags/example_xcomargs.py
[2025-08-26T04:32:45.499+0000] {processor.py:840} INFO - DAG(s) 'example_xcom_args_with_operators', 'example_xcom_args' retrieved from /home/airflow/.local/lib/python3.12/site-packages/airflow/example_dags/example_xcomargs.py
[2025-08-26T04:32:45.817+0000] {logging_mixin.py:188} INFO - [2025-08-26T04:32:45.816+0000] {dag.py:3096} INFO - Sync 2 DAGs
[2025-08-26T04:32:45.946+0000] {logging_mixin.py:188} INFO - [2025-08-26T04:32:45.946+0000] {dag.py:3954} INFO - Setting next_dagrun for example_xcom_args to None, run_after=None
[2025-08-26T04:32:45.975+0000] {logging_mixin.py:188} INFO - [2025-08-26T04:32:45.974+0000] {dag.py:3954} INFO - Setting next_dagrun for example_xcom_args_with_operators to None, run_after=None
[2025-08-26T04:32:46.084+0000] {processor.py:183} INFO - Processing /home/airflow/.local/lib/python3.12/site-packages/airflow/example_dags/example_xcomargs.py took 0.737 seconds
[2025-08-26T04:33:16.846+0000] {processor.py:161} INFO - Started process (PID=1605) to work on /home/airflow/.local/lib/python3.12/site-packages/airflow/example_dags/example_xcomargs.py
[2025-08-26T04:33:16.850+0000] {processor.py:830} INFO - Processing file /home/airflow/.local/lib/python3.12/site-packages/airflow/example_dags/example_xcomargs.py for tasks to queue
[2025-08-26T04:33:16.857+0000] {logging_mixin.py:188} INFO - [2025-08-26T04:33:16.855+0000] {dagbag.py:545} INFO - Filling up the DagBag from /home/airflow/.local/lib/python3.12/site-packages/airflow/example_dags/example_xcomargs.py
[2025-08-26T04:33:16.890+0000] {processor.py:840} INFO - DAG(s) 'example_xcom_args_with_operators', 'example_xcom_args' retrieved from /home/airflow/.local/lib/python3.12/site-packages/airflow/example_dags/example_xcomargs.py
[2025-08-26T04:33:16.991+0000] {logging_mixin.py:188} INFO - [2025-08-26T04:33:16.990+0000] {dag.py:3096} INFO - Sync 2 DAGs
[2025-08-26T04:33:17.057+0000] {logging_mixin.py:188} INFO - [2025-08-26T04:33:17.056+0000] {dag.py:3954} INFO - Setting next_dagrun for example_xcom_args to None, run_after=None
[2025-08-26T04:33:17.077+0000] {logging_mixin.py:188} INFO - [2025-08-26T04:33:17.076+0000] {dag.py:3954} INFO - Setting next_dagrun for example_xcom_args_with_operators to None, run_after=None
[2025-08-26T04:33:17.154+0000] {processor.py:183} INFO - Processing /home/airflow/.local/lib/python3.12/site-packages/airflow/example_dags/example_xcomargs.py took 0.330 seconds
[2025-08-26T04:33:47.745+0000] {processor.py:161} INFO - Started process (PID=1861) to work on /home/airflow/.local/lib/python3.12/site-packages/airflow/example_dags/example_xcomargs.py
[2025-08-26T04:33:47.751+0000] {processor.py:830} INFO - Processing file /home/airflow/.local/lib/python3.12/site-packages/airflow/example_dags/example_xcomargs.py for tasks to queue
[2025-08-26T04:33:47.768+0000] {logging_mixin.py:188} INFO - [2025-08-26T04:33:47.767+0000] {dagbag.py:545} INFO - Filling up the DagBag from /home/airflow/.local/lib/python3.12/site-packages/airflow/example_dags/example_xcomargs.py
[2025-08-26T04:33:47.841+0000] {processor.py:840} INFO - DAG(s) 'example_xcom_args', 'example_xcom_args_with_operators' retrieved from /home/airflow/.local/lib/python3.12/site-packages/airflow/example_dags/example_xcomargs.py
[2025-08-26T04:33:48.014+0000] {logging_mixin.py:188} INFO - [2025-08-26T04:33:48.012+0000] {dag.py:3096} INFO - Sync 2 DAGs
[2025-08-26T04:33:48.099+0000] {logging_mixin.py:188} INFO - [2025-08-26T04:33:48.099+0000] {dag.py:3954} INFO - Setting next_dagrun for example_xcom_args to None, run_after=None
[2025-08-26T04:33:48.130+0000] {logging_mixin.py:188} INFO - [2025-08-26T04:33:48.129+0000] {dag.py:3954} INFO - Setting next_dagrun for example_xcom_args_with_operators to None, run_after=None
[2025-08-26T04:33:48.212+0000] {processor.py:183} INFO - Processing /home/airflow/.local/lib/python3.12/site-packages/airflow/example_dags/example_xcomargs.py took 0.550 seconds
[2025-08-26T04:34:18.615+0000] {processor.py:161} INFO - Started process (PID=2123) to work on /home/airflow/.local/lib/python3.12/site-packages/airflow/example_dags/example_xcomargs.py
[2025-08-26T04:34:18.630+0000] {processor.py:830} INFO - Processing file /home/airflow/.local/lib/python3.12/site-packages/airflow/example_dags/example_xcomargs.py for tasks to queue
[2025-08-26T04:34:18.657+0000] {logging_mixin.py:188} INFO - [2025-08-26T04:34:18.654+0000] {dagbag.py:545} INFO - Filling up the DagBag from /home/airflow/.local/lib/python3.12/site-packages/airflow/example_dags/example_xcomargs.py
[2025-08-26T04:34:18.720+0000] {processor.py:840} INFO - DAG(s) 'example_xcom_args_with_operators', 'example_xcom_args' retrieved from /home/airflow/.local/lib/python3.12/site-packages/airflow/example_dags/example_xcomargs.py
[2025-08-26T04:34:18.941+0000] {logging_mixin.py:188} INFO - [2025-08-26T04:34:18.939+0000] {dag.py:3096} INFO - Sync 2 DAGs
[2025-08-26T04:34:19.085+0000] {logging_mixin.py:188} INFO - [2025-08-26T04:34:19.073+0000] {dag.py:3954} INFO - Setting next_dagrun for example_xcom_args to None, run_after=None
[2025-08-26T04:34:19.117+0000] {logging_mixin.py:188} INFO - [2025-08-26T04:34:19.116+0000] {dag.py:3954} INFO - Setting next_dagrun for example_xcom_args_with_operators to None, run_after=None
[2025-08-26T04:34:19.219+0000] {processor.py:183} INFO - Processing /home/airflow/.local/lib/python3.12/site-packages/airflow/example_dags/example_xcomargs.py took 0.663 seconds
[2025-08-26T04:34:53.036+0000] {processor.py:161} INFO - Started process (PID=2385) to work on /home/airflow/.local/lib/python3.12/site-packages/airflow/example_dags/example_xcomargs.py
[2025-08-26T04:34:53.078+0000] {processor.py:830} INFO - Processing file /home/airflow/.local/lib/python3.12/site-packages/airflow/example_dags/example_xcomargs.py for tasks to queue
[2025-08-26T04:34:53.114+0000] {logging_mixin.py:188} INFO - [2025-08-26T04:34:53.113+0000] {dagbag.py:545} INFO - Filling up the DagBag from /home/airflow/.local/lib/python3.12/site-packages/airflow/example_dags/example_xcomargs.py
[2025-08-26T04:34:53.209+0000] {processor.py:840} INFO - DAG(s) 'example_xcom_args', 'example_xcom_args_with_operators' retrieved from /home/airflow/.local/lib/python3.12/site-packages/airflow/example_dags/example_xcomargs.py
[2025-08-26T04:34:53.559+0000] {logging_mixin.py:188} INFO - [2025-08-26T04:34:53.558+0000] {dag.py:3096} INFO - Sync 2 DAGs
[2025-08-26T04:34:53.706+0000] {logging_mixin.py:188} INFO - [2025-08-26T04:34:53.706+0000] {dag.py:3954} INFO - Setting next_dagrun for example_xcom_args to None, run_after=None
[2025-08-26T04:34:53.742+0000] {logging_mixin.py:188} INFO - [2025-08-26T04:34:53.742+0000] {dag.py:3954} INFO - Setting next_dagrun for example_xcom_args_with_operators to None, run_after=None
[2025-08-26T04:34:53.928+0000] {processor.py:183} INFO - Processing /home/airflow/.local/lib/python3.12/site-packages/airflow/example_dags/example_xcomargs.py took 0.948 seconds
[2025-08-26T04:35:24.633+0000] {processor.py:161} INFO - Started process (PID=2646) to work on /home/airflow/.local/lib/python3.12/site-packages/airflow/example_dags/example_xcomargs.py
[2025-08-26T04:35:24.649+0000] {processor.py:830} INFO - Processing file /home/airflow/.local/lib/python3.12/site-packages/airflow/example_dags/example_xcomargs.py for tasks to queue
[2025-08-26T04:35:24.682+0000] {logging_mixin.py:188} INFO - [2025-08-26T04:35:24.681+0000] {dagbag.py:545} INFO - Filling up the DagBag from /home/airflow/.local/lib/python3.12/site-packages/airflow/example_dags/example_xcomargs.py
[2025-08-26T04:35:24.754+0000] {processor.py:840} INFO - DAG(s) 'example_xcom_args_with_operators', 'example_xcom_args' retrieved from /home/airflow/.local/lib/python3.12/site-packages/airflow/example_dags/example_xcomargs.py
[2025-08-26T04:35:24.998+0000] {logging_mixin.py:188} INFO - [2025-08-26T04:35:24.996+0000] {dag.py:3096} INFO - Sync 2 DAGs
[2025-08-26T04:35:25.175+0000] {logging_mixin.py:188} INFO - [2025-08-26T04:35:25.175+0000] {dag.py:3954} INFO - Setting next_dagrun for example_xcom_args to None, run_after=None
[2025-08-26T04:35:25.219+0000] {logging_mixin.py:188} INFO - [2025-08-26T04:35:25.217+0000] {dag.py:3954} INFO - Setting next_dagrun for example_xcom_args_with_operators to None, run_after=None
[2025-08-26T04:35:25.369+0000] {processor.py:183} INFO - Processing /home/airflow/.local/lib/python3.12/site-packages/airflow/example_dags/example_xcomargs.py took 0.780 seconds
[2025-08-26T04:35:55.537+0000] {processor.py:161} INFO - Started process (PID=2905) to work on /home/airflow/.local/lib/python3.12/site-packages/airflow/example_dags/example_xcomargs.py
[2025-08-26T04:35:55.540+0000] {processor.py:830} INFO - Processing file /home/airflow/.local/lib/python3.12/site-packages/airflow/example_dags/example_xcomargs.py for tasks to queue
[2025-08-26T04:35:55.548+0000] {logging_mixin.py:188} INFO - [2025-08-26T04:35:55.547+0000] {dagbag.py:545} INFO - Filling up the DagBag from /home/airflow/.local/lib/python3.12/site-packages/airflow/example_dags/example_xcomargs.py
[2025-08-26T04:35:55.581+0000] {processor.py:840} INFO - DAG(s) 'example_xcom_args', 'example_xcom_args_with_operators' retrieved from /home/airflow/.local/lib/python3.12/site-packages/airflow/example_dags/example_xcomargs.py
[2025-08-26T04:35:55.689+0000] {logging_mixin.py:188} INFO - [2025-08-26T04:35:55.688+0000] {dag.py:3096} INFO - Sync 2 DAGs
[2025-08-26T04:35:55.834+0000] {logging_mixin.py:188} INFO - [2025-08-26T04:35:55.834+0000] {dag.py:3954} INFO - Setting next_dagrun for example_xcom_args to None, run_after=None
[2025-08-26T04:35:55.896+0000] {logging_mixin.py:188} INFO - [2025-08-26T04:35:55.894+0000] {dag.py:3954} INFO - Setting next_dagrun for example_xcom_args_with_operators to None, run_after=None
[2025-08-26T04:35:56.078+0000] {processor.py:183} INFO - Processing /home/airflow/.local/lib/python3.12/site-packages/airflow/example_dags/example_xcomargs.py took 0.571 seconds
[2025-08-26T04:36:26.561+0000] {processor.py:161} INFO - Started process (PID=3165) to work on /home/airflow/.local/lib/python3.12/site-packages/airflow/example_dags/example_xcomargs.py
[2025-08-26T04:36:26.592+0000] {processor.py:830} INFO - Processing file /home/airflow/.local/lib/python3.12/site-packages/airflow/example_dags/example_xcomargs.py for tasks to queue
[2025-08-26T04:36:26.639+0000] {logging_mixin.py:188} INFO - [2025-08-26T04:36:26.627+0000] {dagbag.py:545} INFO - Filling up the DagBag from /home/airflow/.local/lib/python3.12/site-packages/airflow/example_dags/example_xcomargs.py
[2025-08-26T04:36:26.804+0000] {processor.py:840} INFO - DAG(s) 'example_xcom_args', 'example_xcom_args_with_operators' retrieved from /home/airflow/.local/lib/python3.12/site-packages/airflow/example_dags/example_xcomargs.py
[2025-08-26T04:36:27.099+0000] {logging_mixin.py:188} INFO - [2025-08-26T04:36:27.098+0000] {dag.py:3096} INFO - Sync 2 DAGs
[2025-08-26T04:36:27.211+0000] {logging_mixin.py:188} INFO - [2025-08-26T04:36:27.210+0000] {dag.py:3954} INFO - Setting next_dagrun for example_xcom_args to None, run_after=None
[2025-08-26T04:36:27.252+0000] {logging_mixin.py:188} INFO - [2025-08-26T04:36:27.251+0000] {dag.py:3954} INFO - Setting next_dagrun for example_xcom_args_with_operators to None, run_after=None
[2025-08-26T04:36:27.499+0000] {processor.py:183} INFO - Processing /home/airflow/.local/lib/python3.12/site-packages/airflow/example_dags/example_xcomargs.py took 1.031 seconds
[2025-08-26T04:36:58.338+0000] {processor.py:161} INFO - Started process (PID=3434) to work on /home/airflow/.local/lib/python3.12/site-packages/airflow/example_dags/example_xcomargs.py
[2025-08-26T04:36:58.351+0000] {processor.py:830} INFO - Processing file /home/airflow/.local/lib/python3.12/site-packages/airflow/example_dags/example_xcomargs.py for tasks to queue
[2025-08-26T04:36:58.365+0000] {logging_mixin.py:188} INFO - [2025-08-26T04:36:58.358+0000] {dagbag.py:545} INFO - Filling up the DagBag from /home/airflow/.local/lib/python3.12/site-packages/airflow/example_dags/example_xcomargs.py
[2025-08-26T04:36:58.426+0000] {processor.py:840} INFO - DAG(s) 'example_xcom_args', 'example_xcom_args_with_operators' retrieved from /home/airflow/.local/lib/python3.12/site-packages/airflow/example_dags/example_xcomargs.py
[2025-08-26T04:36:58.532+0000] {logging_mixin.py:188} INFO - [2025-08-26T04:36:58.531+0000] {dag.py:3096} INFO - Sync 2 DAGs
[2025-08-26T04:36:58.651+0000] {logging_mixin.py:188} INFO - [2025-08-26T04:36:58.650+0000] {dag.py:3954} INFO - Setting next_dagrun for example_xcom_args to None, run_after=None
[2025-08-26T04:36:58.690+0000] {logging_mixin.py:188} INFO - [2025-08-26T04:36:58.689+0000] {dag.py:3954} INFO - Setting next_dagrun for example_xcom_args_with_operators to None, run_after=None
[2025-08-26T04:36:59.007+0000] {processor.py:183} INFO - Processing /home/airflow/.local/lib/python3.12/site-packages/airflow/example_dags/example_xcomargs.py took 0.705 seconds
[2025-08-26T04:37:30.802+0000] {processor.py:161} INFO - Started process (PID=3695) to work on /home/airflow/.local/lib/python3.12/site-packages/airflow/example_dags/example_xcomargs.py
[2025-08-26T04:37:30.815+0000] {processor.py:830} INFO - Processing file /home/airflow/.local/lib/python3.12/site-packages/airflow/example_dags/example_xcomargs.py for tasks to queue
[2025-08-26T04:37:30.836+0000] {logging_mixin.py:188} INFO - [2025-08-26T04:37:30.833+0000] {dagbag.py:545} INFO - Filling up the DagBag from /home/airflow/.local/lib/python3.12/site-packages/airflow/example_dags/example_xcomargs.py
[2025-08-26T04:37:30.900+0000] {processor.py:840} INFO - DAG(s) 'example_xcom_args', 'example_xcom_args_with_operators' retrieved from /home/airflow/.local/lib/python3.12/site-packages/airflow/example_dags/example_xcomargs.py
[2025-08-26T04:37:31.174+0000] {logging_mixin.py:188} INFO - [2025-08-26T04:37:31.174+0000] {dag.py:3096} INFO - Sync 2 DAGs
[2025-08-26T04:37:31.307+0000] {logging_mixin.py:188} INFO - [2025-08-26T04:37:31.306+0000] {dag.py:3954} INFO - Setting next_dagrun for example_xcom_args to None, run_after=None
[2025-08-26T04:37:31.340+0000] {logging_mixin.py:188} INFO - [2025-08-26T04:37:31.340+0000] {dag.py:3954} INFO - Setting next_dagrun for example_xcom_args_with_operators to None, run_after=None
[2025-08-26T04:37:31.526+0000] {processor.py:183} INFO - Processing /home/airflow/.local/lib/python3.12/site-packages/airflow/example_dags/example_xcomargs.py took 0.795 seconds
[2025-08-26T04:38:03.032+0000] {processor.py:161} INFO - Started process (PID=3958) to work on /home/airflow/.local/lib/python3.12/site-packages/airflow/example_dags/example_xcomargs.py
[2025-08-26T04:38:03.037+0000] {processor.py:830} INFO - Processing file /home/airflow/.local/lib/python3.12/site-packages/airflow/example_dags/example_xcomargs.py for tasks to queue
[2025-08-26T04:38:03.054+0000] {logging_mixin.py:188} INFO - [2025-08-26T04:38:03.052+0000] {dagbag.py:545} INFO - Filling up the DagBag from /home/airflow/.local/lib/python3.12/site-packages/airflow/example_dags/example_xcomargs.py
[2025-08-26T04:38:03.093+0000] {processor.py:840} INFO - DAG(s) 'example_xcom_args_with_operators', 'example_xcom_args' retrieved from /home/airflow/.local/lib/python3.12/site-packages/airflow/example_dags/example_xcomargs.py
[2025-08-26T04:38:03.307+0000] {logging_mixin.py:188} INFO - [2025-08-26T04:38:03.306+0000] {dag.py:3096} INFO - Sync 2 DAGs
[2025-08-26T04:38:03.400+0000] {logging_mixin.py:188} INFO - [2025-08-26T04:38:03.399+0000] {dag.py:3954} INFO - Setting next_dagrun for example_xcom_args to None, run_after=None
[2025-08-26T04:38:03.423+0000] {logging_mixin.py:188} INFO - [2025-08-26T04:38:03.423+0000] {dag.py:3954} INFO - Setting next_dagrun for example_xcom_args_with_operators to None, run_after=None
[2025-08-26T04:38:03.504+0000] {processor.py:183} INFO - Processing /home/airflow/.local/lib/python3.12/site-packages/airflow/example_dags/example_xcomargs.py took 0.544 seconds
[2025-08-26T04:38:34.439+0000] {processor.py:161} INFO - Started process (PID=4221) to work on /home/airflow/.local/lib/python3.12/site-packages/airflow/example_dags/example_xcomargs.py
[2025-08-26T04:38:34.443+0000] {processor.py:830} INFO - Processing file /home/airflow/.local/lib/python3.12/site-packages/airflow/example_dags/example_xcomargs.py for tasks to queue
[2025-08-26T04:38:34.451+0000] {logging_mixin.py:188} INFO - [2025-08-26T04:38:34.449+0000] {dagbag.py:545} INFO - Filling up the DagBag from /home/airflow/.local/lib/python3.12/site-packages/airflow/example_dags/example_xcomargs.py
[2025-08-26T04:38:34.486+0000] {processor.py:840} INFO - DAG(s) 'example_xcom_args_with_operators', 'example_xcom_args' retrieved from /home/airflow/.local/lib/python3.12/site-packages/airflow/example_dags/example_xcomargs.py
[2025-08-26T04:38:34.579+0000] {logging_mixin.py:188} INFO - [2025-08-26T04:38:34.579+0000] {dag.py:3096} INFO - Sync 2 DAGs
[2025-08-26T04:38:34.633+0000] {logging_mixin.py:188} INFO - [2025-08-26T04:38:34.632+0000] {dag.py:3954} INFO - Setting next_dagrun for example_xcom_args to None, run_after=None
[2025-08-26T04:38:34.649+0000] {logging_mixin.py:188} INFO - [2025-08-26T04:38:34.648+0000] {dag.py:3954} INFO - Setting next_dagrun for example_xcom_args_with_operators to None, run_after=None
[2025-08-26T04:38:34.712+0000] {processor.py:183} INFO - Processing /home/airflow/.local/lib/python3.12/site-packages/airflow/example_dags/example_xcomargs.py took 0.300 seconds
[2025-08-26T04:39:07.148+0000] {processor.py:161} INFO - Started process (PID=4483) to work on /home/airflow/.local/lib/python3.12/site-packages/airflow/example_dags/example_xcomargs.py
[2025-08-26T04:39:07.151+0000] {processor.py:830} INFO - Processing file /home/airflow/.local/lib/python3.12/site-packages/airflow/example_dags/example_xcomargs.py for tasks to queue
[2025-08-26T04:39:07.167+0000] {logging_mixin.py:188} INFO - [2025-08-26T04:39:07.166+0000] {dagbag.py:545} INFO - Filling up the DagBag from /home/airflow/.local/lib/python3.12/site-packages/airflow/example_dags/example_xcomargs.py
[2025-08-26T04:39:07.212+0000] {processor.py:840} INFO - DAG(s) 'example_xcom_args', 'example_xcom_args_with_operators' retrieved from /home/airflow/.local/lib/python3.12/site-packages/airflow/example_dags/example_xcomargs.py
[2025-08-26T04:39:07.365+0000] {logging_mixin.py:188} INFO - [2025-08-26T04:39:07.364+0000] {dag.py:3096} INFO - Sync 2 DAGs
[2025-08-26T04:39:07.440+0000] {logging_mixin.py:188} INFO - [2025-08-26T04:39:07.437+0000] {dag.py:3954} INFO - Setting next_dagrun for example_xcom_args to None, run_after=None
[2025-08-26T04:39:07.468+0000] {logging_mixin.py:188} INFO - [2025-08-26T04:39:07.467+0000] {dag.py:3954} INFO - Setting next_dagrun for example_xcom_args_with_operators to None, run_after=None
[2025-08-26T04:39:07.563+0000] {processor.py:183} INFO - Processing /home/airflow/.local/lib/python3.12/site-packages/airflow/example_dags/example_xcomargs.py took 0.455 seconds
[2025-08-26T04:39:45.506+0000] {processor.py:161} INFO - Started process (PID=4733) to work on /home/airflow/.local/lib/python3.12/site-packages/airflow/example_dags/example_xcomargs.py
[2025-08-26T04:39:45.511+0000] {processor.py:830} INFO - Processing file /home/airflow/.local/lib/python3.12/site-packages/airflow/example_dags/example_xcomargs.py for tasks to queue
[2025-08-26T04:39:45.541+0000] {logging_mixin.py:188} INFO - [2025-08-26T04:39:45.537+0000] {dagbag.py:545} INFO - Filling up the DagBag from /home/airflow/.local/lib/python3.12/site-packages/airflow/example_dags/example_xcomargs.py
[2025-08-26T04:39:45.638+0000] {processor.py:840} INFO - DAG(s) 'example_xcom_args', 'example_xcom_args_with_operators' retrieved from /home/airflow/.local/lib/python3.12/site-packages/airflow/example_dags/example_xcomargs.py
[2025-08-26T04:39:45.895+0000] {logging_mixin.py:188} INFO - [2025-08-26T04:39:45.894+0000] {dag.py:3096} INFO - Sync 2 DAGs
[2025-08-26T04:39:46.032+0000] {logging_mixin.py:188} INFO - [2025-08-26T04:39:46.032+0000] {dag.py:3954} INFO - Setting next_dagrun for example_xcom_args to None, run_after=None
[2025-08-26T04:39:46.096+0000] {logging_mixin.py:188} INFO - [2025-08-26T04:39:46.091+0000] {dag.py:3954} INFO - Setting next_dagrun for example_xcom_args_with_operators to None, run_after=None
[2025-08-26T04:39:46.437+0000] {processor.py:183} INFO - Processing /home/airflow/.local/lib/python3.12/site-packages/airflow/example_dags/example_xcomargs.py took 1.091 seconds
[2025-08-26T04:40:23.793+0000] {processor.py:161} INFO - Started process (PID=4965) to work on /home/airflow/.local/lib/python3.12/site-packages/airflow/example_dags/example_xcomargs.py
[2025-08-26T04:40:23.804+0000] {processor.py:830} INFO - Processing file /home/airflow/.local/lib/python3.12/site-packages/airflow/example_dags/example_xcomargs.py for tasks to queue
[2025-08-26T04:40:23.813+0000] {logging_mixin.py:188} INFO - [2025-08-26T04:40:23.812+0000] {dagbag.py:545} INFO - Filling up the DagBag from /home/airflow/.local/lib/python3.12/site-packages/airflow/example_dags/example_xcomargs.py
[2025-08-26T04:40:23.959+0000] {processor.py:840} INFO - DAG(s) 'example_xcom_args', 'example_xcom_args_with_operators' retrieved from /home/airflow/.local/lib/python3.12/site-packages/airflow/example_dags/example_xcomargs.py
[2025-08-26T04:40:24.348+0000] {logging_mixin.py:188} INFO - [2025-08-26T04:40:24.335+0000] {dag.py:3096} INFO - Sync 2 DAGs
[2025-08-26T04:40:24.510+0000] {logging_mixin.py:188} INFO - [2025-08-26T04:40:24.509+0000] {dag.py:3954} INFO - Setting next_dagrun for example_xcom_args to None, run_after=None
[2025-08-26T04:40:24.544+0000] {logging_mixin.py:188} INFO - [2025-08-26T04:40:24.543+0000] {dag.py:3954} INFO - Setting next_dagrun for example_xcom_args_with_operators to None, run_after=None
[2025-08-26T04:40:24.652+0000] {processor.py:183} INFO - Processing /home/airflow/.local/lib/python3.12/site-packages/airflow/example_dags/example_xcomargs.py took 0.925 seconds
[2025-08-26T04:40:57.317+0000] {processor.py:161} INFO - Started process (PID=5227) to work on /home/airflow/.local/lib/python3.12/site-packages/airflow/example_dags/example_xcomargs.py
[2025-08-26T04:40:57.341+0000] {processor.py:830} INFO - Processing file /home/airflow/.local/lib/python3.12/site-packages/airflow/example_dags/example_xcomargs.py for tasks to queue
[2025-08-26T04:40:57.376+0000] {logging_mixin.py:188} INFO - [2025-08-26T04:40:57.371+0000] {dagbag.py:545} INFO - Filling up the DagBag from /home/airflow/.local/lib/python3.12/site-packages/airflow/example_dags/example_xcomargs.py
[2025-08-26T04:40:57.438+0000] {processor.py:840} INFO - DAG(s) 'example_xcom_args_with_operators', 'example_xcom_args' retrieved from /home/airflow/.local/lib/python3.12/site-packages/airflow/example_dags/example_xcomargs.py
[2025-08-26T04:40:57.671+0000] {logging_mixin.py:188} INFO - [2025-08-26T04:40:57.671+0000] {dag.py:3096} INFO - Sync 2 DAGs
[2025-08-26T04:40:57.783+0000] {logging_mixin.py:188} INFO - [2025-08-26T04:40:57.783+0000] {dag.py:3954} INFO - Setting next_dagrun for example_xcom_args to None, run_after=None
[2025-08-26T04:40:57.827+0000] {logging_mixin.py:188} INFO - [2025-08-26T04:40:57.826+0000] {dag.py:3954} INFO - Setting next_dagrun for example_xcom_args_with_operators to None, run_after=None
[2025-08-26T04:40:57.953+0000] {processor.py:183} INFO - Processing /home/airflow/.local/lib/python3.12/site-packages/airflow/example_dags/example_xcomargs.py took 0.690 seconds
[2025-08-26T04:41:35.934+0000] {processor.py:161} INFO - Started process (PID=5504) to work on /home/airflow/.local/lib/python3.12/site-packages/airflow/example_dags/example_xcomargs.py
[2025-08-26T04:41:35.940+0000] {processor.py:830} INFO - Processing file /home/airflow/.local/lib/python3.12/site-packages/airflow/example_dags/example_xcomargs.py for tasks to queue
[2025-08-26T04:41:35.974+0000] {logging_mixin.py:188} INFO - [2025-08-26T04:41:35.973+0000] {dagbag.py:545} INFO - Filling up the DagBag from /home/airflow/.local/lib/python3.12/site-packages/airflow/example_dags/example_xcomargs.py
[2025-08-26T04:41:36.019+0000] {processor.py:840} INFO - DAG(s) 'example_xcom_args_with_operators', 'example_xcom_args' retrieved from /home/airflow/.local/lib/python3.12/site-packages/airflow/example_dags/example_xcomargs.py
[2025-08-26T04:41:36.150+0000] {logging_mixin.py:188} INFO - [2025-08-26T04:41:36.150+0000] {dag.py:3096} INFO - Sync 2 DAGs
[2025-08-26T04:41:36.290+0000] {logging_mixin.py:188} INFO - [2025-08-26T04:41:36.289+0000] {dag.py:3954} INFO - Setting next_dagrun for example_xcom_args to None, run_after=None
[2025-08-26T04:41:36.343+0000] {logging_mixin.py:188} INFO - [2025-08-26T04:41:36.342+0000] {dag.py:3954} INFO - Setting next_dagrun for example_xcom_args_with_operators to None, run_after=None
[2025-08-26T04:41:36.427+0000] {processor.py:183} INFO - Processing /home/airflow/.local/lib/python3.12/site-packages/airflow/example_dags/example_xcomargs.py took 0.535 seconds
[2025-08-26T04:42:08.228+0000] {processor.py:161} INFO - Started process (PID=5761) to work on /home/airflow/.local/lib/python3.12/site-packages/airflow/example_dags/example_xcomargs.py
[2025-08-26T04:42:08.244+0000] {processor.py:830} INFO - Processing file /home/airflow/.local/lib/python3.12/site-packages/airflow/example_dags/example_xcomargs.py for tasks to queue
[2025-08-26T04:42:08.267+0000] {logging_mixin.py:188} INFO - [2025-08-26T04:42:08.266+0000] {dagbag.py:545} INFO - Filling up the DagBag from /home/airflow/.local/lib/python3.12/site-packages/airflow/example_dags/example_xcomargs.py
[2025-08-26T04:42:08.368+0000] {processor.py:840} INFO - DAG(s) 'example_xcom_args', 'example_xcom_args_with_operators' retrieved from /home/airflow/.local/lib/python3.12/site-packages/airflow/example_dags/example_xcomargs.py
[2025-08-26T04:42:08.558+0000] {logging_mixin.py:188} INFO - [2025-08-26T04:42:08.557+0000] {dag.py:3096} INFO - Sync 2 DAGs
[2025-08-26T04:42:08.671+0000] {logging_mixin.py:188} INFO - [2025-08-26T04:42:08.670+0000] {dag.py:3954} INFO - Setting next_dagrun for example_xcom_args to None, run_after=None
[2025-08-26T04:42:08.710+0000] {logging_mixin.py:188} INFO - [2025-08-26T04:42:08.704+0000] {dag.py:3954} INFO - Setting next_dagrun for example_xcom_args_with_operators to None, run_after=None
[2025-08-26T04:42:08.933+0000] {processor.py:183} INFO - Processing /home/airflow/.local/lib/python3.12/site-packages/airflow/example_dags/example_xcomargs.py took 0.764 seconds
[2025-08-26T04:42:47.369+0000] {processor.py:161} INFO - Started process (PID=6022) to work on /home/airflow/.local/lib/python3.12/site-packages/airflow/example_dags/example_xcomargs.py
[2025-08-26T04:42:47.387+0000] {processor.py:830} INFO - Processing file /home/airflow/.local/lib/python3.12/site-packages/airflow/example_dags/example_xcomargs.py for tasks to queue
[2025-08-26T04:42:47.422+0000] {logging_mixin.py:188} INFO - [2025-08-26T04:42:47.421+0000] {dagbag.py:545} INFO - Filling up the DagBag from /home/airflow/.local/lib/python3.12/site-packages/airflow/example_dags/example_xcomargs.py
[2025-08-26T04:42:47.519+0000] {processor.py:840} INFO - DAG(s) 'example_xcom_args_with_operators', 'example_xcom_args' retrieved from /home/airflow/.local/lib/python3.12/site-packages/airflow/example_dags/example_xcomargs.py
[2025-08-26T04:42:47.677+0000] {logging_mixin.py:188} INFO - [2025-08-26T04:42:47.675+0000] {dag.py:3096} INFO - Sync 2 DAGs
[2025-08-26T04:42:47.766+0000] {logging_mixin.py:188} INFO - [2025-08-26T04:42:47.765+0000] {dag.py:3954} INFO - Setting next_dagrun for example_xcom_args to None, run_after=None
[2025-08-26T04:42:47.804+0000] {logging_mixin.py:188} INFO - [2025-08-26T04:42:47.803+0000] {dag.py:3954} INFO - Setting next_dagrun for example_xcom_args_with_operators to None, run_after=None
[2025-08-26T04:42:47.952+0000] {processor.py:183} INFO - Processing /home/airflow/.local/lib/python3.12/site-packages/airflow/example_dags/example_xcomargs.py took 0.640 seconds
[2025-08-26T04:43:20.832+0000] {processor.py:161} INFO - Started process (PID=6284) to work on /home/airflow/.local/lib/python3.12/site-packages/airflow/example_dags/example_xcomargs.py
[2025-08-26T04:43:20.838+0000] {processor.py:830} INFO - Processing file /home/airflow/.local/lib/python3.12/site-packages/airflow/example_dags/example_xcomargs.py for tasks to queue
[2025-08-26T04:43:20.848+0000] {logging_mixin.py:188} INFO - [2025-08-26T04:43:20.847+0000] {dagbag.py:545} INFO - Filling up the DagBag from /home/airflow/.local/lib/python3.12/site-packages/airflow/example_dags/example_xcomargs.py
[2025-08-26T04:43:20.947+0000] {processor.py:840} INFO - DAG(s) 'example_xcom_args_with_operators', 'example_xcom_args' retrieved from /home/airflow/.local/lib/python3.12/site-packages/airflow/example_dags/example_xcomargs.py
[2025-08-26T04:43:21.068+0000] {logging_mixin.py:188} INFO - [2025-08-26T04:43:21.067+0000] {dag.py:3096} INFO - Sync 2 DAGs
[2025-08-26T04:43:21.144+0000] {logging_mixin.py:188} INFO - [2025-08-26T04:43:21.143+0000] {dag.py:3954} INFO - Setting next_dagrun for example_xcom_args to None, run_after=None
[2025-08-26T04:43:21.170+0000] {logging_mixin.py:188} INFO - [2025-08-26T04:43:21.170+0000] {dag.py:3954} INFO - Setting next_dagrun for example_xcom_args_with_operators to None, run_after=None
[2025-08-26T04:43:21.250+0000] {processor.py:183} INFO - Processing /home/airflow/.local/lib/python3.12/site-packages/airflow/example_dags/example_xcomargs.py took 0.444 seconds
[2025-08-26T04:43:56.297+0000] {processor.py:161} INFO - Started process (PID=6505) to work on /home/airflow/.local/lib/python3.12/site-packages/airflow/example_dags/example_xcomargs.py
[2025-08-26T04:43:56.301+0000] {processor.py:830} INFO - Processing file /home/airflow/.local/lib/python3.12/site-packages/airflow/example_dags/example_xcomargs.py for tasks to queue
[2025-08-26T04:43:56.310+0000] {logging_mixin.py:188} INFO - [2025-08-26T04:43:56.308+0000] {dagbag.py:545} INFO - Filling up the DagBag from /home/airflow/.local/lib/python3.12/site-packages/airflow/example_dags/example_xcomargs.py
[2025-08-26T04:43:56.376+0000] {processor.py:840} INFO - DAG(s) 'example_xcom_args_with_operators', 'example_xcom_args' retrieved from /home/airflow/.local/lib/python3.12/site-packages/airflow/example_dags/example_xcomargs.py
[2025-08-26T04:43:56.526+0000] {logging_mixin.py:188} INFO - [2025-08-26T04:43:56.525+0000] {dag.py:3096} INFO - Sync 2 DAGs
[2025-08-26T04:43:56.613+0000] {logging_mixin.py:188} INFO - [2025-08-26T04:43:56.612+0000] {dag.py:3954} INFO - Setting next_dagrun for example_xcom_args to None, run_after=None
[2025-08-26T04:43:56.636+0000] {logging_mixin.py:188} INFO - [2025-08-26T04:43:56.636+0000] {dag.py:3954} INFO - Setting next_dagrun for example_xcom_args_with_operators to None, run_after=None
[2025-08-26T04:43:56.752+0000] {processor.py:183} INFO - Processing /home/airflow/.local/lib/python3.12/site-packages/airflow/example_dags/example_xcomargs.py took 0.569 seconds
[2025-08-26T04:44:30.816+0000] {processor.py:161} INFO - Started process (PID=6766) to work on /home/airflow/.local/lib/python3.12/site-packages/airflow/example_dags/example_xcomargs.py
[2025-08-26T04:44:30.830+0000] {processor.py:830} INFO - Processing file /home/airflow/.local/lib/python3.12/site-packages/airflow/example_dags/example_xcomargs.py for tasks to queue
[2025-08-26T04:44:30.855+0000] {logging_mixin.py:188} INFO - [2025-08-26T04:44:30.853+0000] {dagbag.py:545} INFO - Filling up the DagBag from /home/airflow/.local/lib/python3.12/site-packages/airflow/example_dags/example_xcomargs.py
[2025-08-26T04:44:30.941+0000] {processor.py:840} INFO - DAG(s) 'example_xcom_args_with_operators', 'example_xcom_args' retrieved from /home/airflow/.local/lib/python3.12/site-packages/airflow/example_dags/example_xcomargs.py
[2025-08-26T04:44:31.211+0000] {logging_mixin.py:188} INFO - [2025-08-26T04:44:31.211+0000] {dag.py:3096} INFO - Sync 2 DAGs
[2025-08-26T04:44:31.456+0000] {logging_mixin.py:188} INFO - [2025-08-26T04:44:31.456+0000] {dag.py:3954} INFO - Setting next_dagrun for example_xcom_args to None, run_after=None
[2025-08-26T04:44:31.510+0000] {logging_mixin.py:188} INFO - [2025-08-26T04:44:31.509+0000] {dag.py:3954} INFO - Setting next_dagrun for example_xcom_args_with_operators to None, run_after=None
[2025-08-26T04:44:31.603+0000] {processor.py:183} INFO - Processing /home/airflow/.local/lib/python3.12/site-packages/airflow/example_dags/example_xcomargs.py took 0.845 seconds
[2025-08-26T04:45:06.400+0000] {processor.py:161} INFO - Started process (PID=7029) to work on /home/airflow/.local/lib/python3.12/site-packages/airflow/example_dags/example_xcomargs.py
[2025-08-26T04:45:06.414+0000] {processor.py:830} INFO - Processing file /home/airflow/.local/lib/python3.12/site-packages/airflow/example_dags/example_xcomargs.py for tasks to queue
[2025-08-26T04:45:06.426+0000] {logging_mixin.py:188} INFO - [2025-08-26T04:45:06.425+0000] {dagbag.py:545} INFO - Filling up the DagBag from /home/airflow/.local/lib/python3.12/site-packages/airflow/example_dags/example_xcomargs.py
[2025-08-26T04:45:06.479+0000] {processor.py:840} INFO - DAG(s) 'example_xcom_args', 'example_xcom_args_with_operators' retrieved from /home/airflow/.local/lib/python3.12/site-packages/airflow/example_dags/example_xcomargs.py
[2025-08-26T04:45:06.700+0000] {logging_mixin.py:188} INFO - [2025-08-26T04:45:06.695+0000] {dag.py:3096} INFO - Sync 2 DAGs
[2025-08-26T04:45:06.853+0000] {logging_mixin.py:188} INFO - [2025-08-26T04:45:06.852+0000] {dag.py:3954} INFO - Setting next_dagrun for example_xcom_args to None, run_after=None
[2025-08-26T04:45:06.897+0000] {logging_mixin.py:188} INFO - [2025-08-26T04:45:06.896+0000] {dag.py:3954} INFO - Setting next_dagrun for example_xcom_args_with_operators to None, run_after=None
[2025-08-26T04:45:07.098+0000] {processor.py:183} INFO - Processing /home/airflow/.local/lib/python3.12/site-packages/airflow/example_dags/example_xcomargs.py took 0.750 seconds
[2025-08-26T04:45:39.621+0000] {processor.py:161} INFO - Started process (PID=7290) to work on /home/airflow/.local/lib/python3.12/site-packages/airflow/example_dags/example_xcomargs.py
[2025-08-26T04:45:39.650+0000] {processor.py:830} INFO - Processing file /home/airflow/.local/lib/python3.12/site-packages/airflow/example_dags/example_xcomargs.py for tasks to queue
[2025-08-26T04:45:39.683+0000] {logging_mixin.py:188} INFO - [2025-08-26T04:45:39.681+0000] {dagbag.py:545} INFO - Filling up the DagBag from /home/airflow/.local/lib/python3.12/site-packages/airflow/example_dags/example_xcomargs.py
[2025-08-26T04:45:39.832+0000] {processor.py:840} INFO - DAG(s) 'example_xcom_args', 'example_xcom_args_with_operators' retrieved from /home/airflow/.local/lib/python3.12/site-packages/airflow/example_dags/example_xcomargs.py
[2025-08-26T04:45:40.352+0000] {logging_mixin.py:188} INFO - [2025-08-26T04:45:40.351+0000] {dag.py:3096} INFO - Sync 2 DAGs
[2025-08-26T04:45:40.469+0000] {logging_mixin.py:188} INFO - [2025-08-26T04:45:40.469+0000] {dag.py:3954} INFO - Setting next_dagrun for example_xcom_args to None, run_after=None
[2025-08-26T04:45:40.501+0000] {logging_mixin.py:188} INFO - [2025-08-26T04:45:40.500+0000] {dag.py:3954} INFO - Setting next_dagrun for example_xcom_args_with_operators to None, run_after=None
[2025-08-26T04:45:40.619+0000] {processor.py:183} INFO - Processing /home/airflow/.local/lib/python3.12/site-packages/airflow/example_dags/example_xcomargs.py took 1.128 seconds
[2025-08-26T04:46:23.639+0000] {processor.py:161} INFO - Started process (PID=7562) to work on /home/airflow/.local/lib/python3.12/site-packages/airflow/example_dags/example_xcomargs.py
[2025-08-26T04:46:23.652+0000] {processor.py:830} INFO - Processing file /home/airflow/.local/lib/python3.12/site-packages/airflow/example_dags/example_xcomargs.py for tasks to queue
[2025-08-26T04:46:23.688+0000] {logging_mixin.py:188} INFO - [2025-08-26T04:46:23.683+0000] {dagbag.py:545} INFO - Filling up the DagBag from /home/airflow/.local/lib/python3.12/site-packages/airflow/example_dags/example_xcomargs.py
[2025-08-26T04:46:23.778+0000] {processor.py:840} INFO - DAG(s) 'example_xcom_args', 'example_xcom_args_with_operators' retrieved from /home/airflow/.local/lib/python3.12/site-packages/airflow/example_dags/example_xcomargs.py
[2025-08-26T04:46:23.945+0000] {logging_mixin.py:188} INFO - [2025-08-26T04:46:23.944+0000] {dag.py:3096} INFO - Sync 2 DAGs
[2025-08-26T04:46:24.059+0000] {logging_mixin.py:188} INFO - [2025-08-26T04:46:24.058+0000] {dag.py:3954} INFO - Setting next_dagrun for example_xcom_args to None, run_after=None
[2025-08-26T04:46:24.081+0000] {logging_mixin.py:188} INFO - [2025-08-26T04:46:24.080+0000] {dag.py:3954} INFO - Setting next_dagrun for example_xcom_args_with_operators to None, run_after=None
[2025-08-26T04:46:24.377+0000] {processor.py:183} INFO - Processing /home/airflow/.local/lib/python3.12/site-packages/airflow/example_dags/example_xcomargs.py took 0.852 seconds
[2025-08-26T04:46:55.227+0000] {processor.py:161} INFO - Started process (PID=7818) to work on /home/airflow/.local/lib/python3.12/site-packages/airflow/example_dags/example_xcomargs.py
[2025-08-26T04:46:55.249+0000] {processor.py:830} INFO - Processing file /home/airflow/.local/lib/python3.12/site-packages/airflow/example_dags/example_xcomargs.py for tasks to queue
[2025-08-26T04:46:55.266+0000] {logging_mixin.py:188} INFO - [2025-08-26T04:46:55.262+0000] {dagbag.py:545} INFO - Filling up the DagBag from /home/airflow/.local/lib/python3.12/site-packages/airflow/example_dags/example_xcomargs.py
[2025-08-26T04:46:55.419+0000] {processor.py:840} INFO - DAG(s) 'example_xcom_args', 'example_xcom_args_with_operators' retrieved from /home/airflow/.local/lib/python3.12/site-packages/airflow/example_dags/example_xcomargs.py
[2025-08-26T04:46:55.543+0000] {logging_mixin.py:188} INFO - [2025-08-26T04:46:55.543+0000] {dag.py:3096} INFO - Sync 2 DAGs
[2025-08-26T04:46:55.624+0000] {logging_mixin.py:188} INFO - [2025-08-26T04:46:55.617+0000] {dag.py:3954} INFO - Setting next_dagrun for example_xcom_args to None, run_after=None
[2025-08-26T04:46:55.646+0000] {logging_mixin.py:188} INFO - [2025-08-26T04:46:55.645+0000] {dag.py:3954} INFO - Setting next_dagrun for example_xcom_args_with_operators to None, run_after=None
[2025-08-26T04:46:55.736+0000] {processor.py:183} INFO - Processing /home/airflow/.local/lib/python3.12/site-packages/airflow/example_dags/example_xcomargs.py took 0.585 seconds
[2025-08-26T04:49:28.274+0000] {processor.py:161} INFO - Started process (PID=273) to work on /home/airflow/.local/lib/python3.12/site-packages/airflow/example_dags/example_xcomargs.py
[2025-08-26T04:49:28.279+0000] {processor.py:830} INFO - Processing file /home/airflow/.local/lib/python3.12/site-packages/airflow/example_dags/example_xcomargs.py for tasks to queue
[2025-08-26T04:49:28.294+0000] {logging_mixin.py:188} INFO - [2025-08-26T04:49:28.288+0000] {dagbag.py:545} INFO - Filling up the DagBag from /home/airflow/.local/lib/python3.12/site-packages/airflow/example_dags/example_xcomargs.py
[2025-08-26T04:49:28.407+0000] {processor.py:840} INFO - DAG(s) 'example_xcom_args_with_operators', 'example_xcom_args' retrieved from /home/airflow/.local/lib/python3.12/site-packages/airflow/example_dags/example_xcomargs.py
[2025-08-26T04:49:30.195+0000] {logging_mixin.py:188} INFO - [2025-08-26T04:49:30.195+0000] {dag.py:3096} INFO - Sync 2 DAGs
[2025-08-26T04:49:30.319+0000] {logging_mixin.py:188} INFO - [2025-08-26T04:49:30.319+0000] {dag.py:3954} INFO - Setting next_dagrun for example_xcom_args to None, run_after=None
[2025-08-26T04:49:30.375+0000] {logging_mixin.py:188} INFO - [2025-08-26T04:49:30.373+0000] {dag.py:3954} INFO - Setting next_dagrun for example_xcom_args_with_operators to None, run_after=None
[2025-08-26T04:49:30.593+0000] {processor.py:183} INFO - Processing /home/airflow/.local/lib/python3.12/site-packages/airflow/example_dags/example_xcomargs.py took 2.376 seconds
[2025-08-26T04:50:08.382+0000] {processor.py:161} INFO - Started process (PID=535) to work on /home/airflow/.local/lib/python3.12/site-packages/airflow/example_dags/example_xcomargs.py
[2025-08-26T04:50:08.385+0000] {processor.py:830} INFO - Processing file /home/airflow/.local/lib/python3.12/site-packages/airflow/example_dags/example_xcomargs.py for tasks to queue
[2025-08-26T04:50:08.397+0000] {logging_mixin.py:188} INFO - [2025-08-26T04:50:08.396+0000] {dagbag.py:545} INFO - Filling up the DagBag from /home/airflow/.local/lib/python3.12/site-packages/airflow/example_dags/example_xcomargs.py
[2025-08-26T04:50:08.466+0000] {processor.py:840} INFO - DAG(s) 'example_xcom_args', 'example_xcom_args_with_operators' retrieved from /home/airflow/.local/lib/python3.12/site-packages/airflow/example_dags/example_xcomargs.py
[2025-08-26T04:50:08.634+0000] {logging_mixin.py:188} INFO - [2025-08-26T04:50:08.633+0000] {dag.py:3096} INFO - Sync 2 DAGs
[2025-08-26T04:50:08.697+0000] {logging_mixin.py:188} INFO - [2025-08-26T04:50:08.696+0000] {dag.py:3954} INFO - Setting next_dagrun for example_xcom_args to None, run_after=None
[2025-08-26T04:50:08.714+0000] {logging_mixin.py:188} INFO - [2025-08-26T04:50:08.713+0000] {dag.py:3954} INFO - Setting next_dagrun for example_xcom_args_with_operators to None, run_after=None
[2025-08-26T04:50:08.804+0000] {processor.py:183} INFO - Processing /home/airflow/.local/lib/python3.12/site-packages/airflow/example_dags/example_xcomargs.py took 0.446 seconds
[2025-08-26T04:50:40.335+0000] {processor.py:161} INFO - Started process (PID=797) to work on /home/airflow/.local/lib/python3.12/site-packages/airflow/example_dags/example_xcomargs.py
[2025-08-26T04:50:40.338+0000] {processor.py:830} INFO - Processing file /home/airflow/.local/lib/python3.12/site-packages/airflow/example_dags/example_xcomargs.py for tasks to queue
[2025-08-26T04:50:40.345+0000] {logging_mixin.py:188} INFO - [2025-08-26T04:50:40.343+0000] {dagbag.py:545} INFO - Filling up the DagBag from /home/airflow/.local/lib/python3.12/site-packages/airflow/example_dags/example_xcomargs.py
[2025-08-26T04:50:40.399+0000] {processor.py:840} INFO - DAG(s) 'example_xcom_args', 'example_xcom_args_with_operators' retrieved from /home/airflow/.local/lib/python3.12/site-packages/airflow/example_dags/example_xcomargs.py
[2025-08-26T04:50:40.534+0000] {logging_mixin.py:188} INFO - [2025-08-26T04:50:40.533+0000] {dag.py:3096} INFO - Sync 2 DAGs
[2025-08-26T04:50:40.648+0000] {logging_mixin.py:188} INFO - [2025-08-26T04:50:40.647+0000] {dag.py:3954} INFO - Setting next_dagrun for example_xcom_args to None, run_after=None
[2025-08-26T04:50:40.665+0000] {logging_mixin.py:188} INFO - [2025-08-26T04:50:40.664+0000] {dag.py:3954} INFO - Setting next_dagrun for example_xcom_args_with_operators to None, run_after=None
[2025-08-26T04:50:40.745+0000] {processor.py:183} INFO - Processing /home/airflow/.local/lib/python3.12/site-packages/airflow/example_dags/example_xcomargs.py took 0.441 seconds
[2025-08-26T04:51:15.209+0000] {processor.py:161} INFO - Started process (PID=1059) to work on /home/airflow/.local/lib/python3.12/site-packages/airflow/example_dags/example_xcomargs.py
[2025-08-26T04:51:15.247+0000] {processor.py:830} INFO - Processing file /home/airflow/.local/lib/python3.12/site-packages/airflow/example_dags/example_xcomargs.py for tasks to queue
[2025-08-26T04:51:15.281+0000] {logging_mixin.py:188} INFO - [2025-08-26T04:51:15.280+0000] {dagbag.py:545} INFO - Filling up the DagBag from /home/airflow/.local/lib/python3.12/site-packages/airflow/example_dags/example_xcomargs.py
[2025-08-26T04:51:15.392+0000] {processor.py:840} INFO - DAG(s) 'example_xcom_args_with_operators', 'example_xcom_args' retrieved from /home/airflow/.local/lib/python3.12/site-packages/airflow/example_dags/example_xcomargs.py
[2025-08-26T04:51:15.616+0000] {logging_mixin.py:188} INFO - [2025-08-26T04:51:15.615+0000] {dag.py:3096} INFO - Sync 2 DAGs
[2025-08-26T04:51:15.753+0000] {logging_mixin.py:188} INFO - [2025-08-26T04:51:15.752+0000] {dag.py:3954} INFO - Setting next_dagrun for example_xcom_args to None, run_after=None
[2025-08-26T04:51:15.782+0000] {logging_mixin.py:188} INFO - [2025-08-26T04:51:15.780+0000] {dag.py:3954} INFO - Setting next_dagrun for example_xcom_args_with_operators to None, run_after=None
[2025-08-26T04:51:15.959+0000] {processor.py:183} INFO - Processing /home/airflow/.local/lib/python3.12/site-packages/airflow/example_dags/example_xcomargs.py took 0.835 seconds
[2025-08-26T04:51:48.885+0000] {processor.py:161} INFO - Started process (PID=1321) to work on /home/airflow/.local/lib/python3.12/site-packages/airflow/example_dags/example_xcomargs.py
[2025-08-26T04:51:48.889+0000] {processor.py:830} INFO - Processing file /home/airflow/.local/lib/python3.12/site-packages/airflow/example_dags/example_xcomargs.py for tasks to queue
[2025-08-26T04:51:48.903+0000] {logging_mixin.py:188} INFO - [2025-08-26T04:51:48.902+0000] {dagbag.py:545} INFO - Filling up the DagBag from /home/airflow/.local/lib/python3.12/site-packages/airflow/example_dags/example_xcomargs.py
[2025-08-26T04:51:48.992+0000] {processor.py:840} INFO - DAG(s) 'example_xcom_args_with_operators', 'example_xcom_args' retrieved from /home/airflow/.local/lib/python3.12/site-packages/airflow/example_dags/example_xcomargs.py
[2025-08-26T04:51:49.145+0000] {logging_mixin.py:188} INFO - [2025-08-26T04:51:49.144+0000] {dag.py:3096} INFO - Sync 2 DAGs
[2025-08-26T04:51:49.260+0000] {logging_mixin.py:188} INFO - [2025-08-26T04:51:49.259+0000] {dag.py:3954} INFO - Setting next_dagrun for example_xcom_args to None, run_after=None
[2025-08-26T04:51:49.307+0000] {logging_mixin.py:188} INFO - [2025-08-26T04:51:49.305+0000] {dag.py:3954} INFO - Setting next_dagrun for example_xcom_args_with_operators to None, run_after=None
[2025-08-26T04:51:49.472+0000] {processor.py:183} INFO - Processing /home/airflow/.local/lib/python3.12/site-packages/airflow/example_dags/example_xcomargs.py took 0.623 seconds
[2025-08-26T04:52:20.698+0000] {processor.py:161} INFO - Started process (PID=1577) to work on /home/airflow/.local/lib/python3.12/site-packages/airflow/example_dags/example_xcomargs.py
[2025-08-26T04:52:20.710+0000] {processor.py:830} INFO - Processing file /home/airflow/.local/lib/python3.12/site-packages/airflow/example_dags/example_xcomargs.py for tasks to queue
[2025-08-26T04:52:20.726+0000] {logging_mixin.py:188} INFO - [2025-08-26T04:52:20.724+0000] {dagbag.py:545} INFO - Filling up the DagBag from /home/airflow/.local/lib/python3.12/site-packages/airflow/example_dags/example_xcomargs.py
[2025-08-26T04:52:20.857+0000] {processor.py:840} INFO - DAG(s) 'example_xcom_args', 'example_xcom_args_with_operators' retrieved from /home/airflow/.local/lib/python3.12/site-packages/airflow/example_dags/example_xcomargs.py
[2025-08-26T04:52:21.099+0000] {logging_mixin.py:188} INFO - [2025-08-26T04:52:21.099+0000] {dag.py:3096} INFO - Sync 2 DAGs
[2025-08-26T04:52:21.211+0000] {logging_mixin.py:188} INFO - [2025-08-26T04:52:21.211+0000] {dag.py:3954} INFO - Setting next_dagrun for example_xcom_args to None, run_after=None
[2025-08-26T04:52:21.231+0000] {logging_mixin.py:188} INFO - [2025-08-26T04:52:21.230+0000] {dag.py:3954} INFO - Setting next_dagrun for example_xcom_args_with_operators to None, run_after=None
[2025-08-26T04:52:21.318+0000] {processor.py:183} INFO - Processing /home/airflow/.local/lib/python3.12/site-packages/airflow/example_dags/example_xcomargs.py took 0.709 seconds
[2025-08-26T04:53:01.885+0000] {processor.py:161} INFO - Started process (PID=1843) to work on /home/airflow/.local/lib/python3.12/site-packages/airflow/example_dags/example_xcomargs.py
[2025-08-26T04:53:01.889+0000] {processor.py:830} INFO - Processing file /home/airflow/.local/lib/python3.12/site-packages/airflow/example_dags/example_xcomargs.py for tasks to queue
[2025-08-26T04:53:01.895+0000] {logging_mixin.py:188} INFO - [2025-08-26T04:53:01.894+0000] {dagbag.py:545} INFO - Filling up the DagBag from /home/airflow/.local/lib/python3.12/site-packages/airflow/example_dags/example_xcomargs.py
[2025-08-26T04:53:01.943+0000] {processor.py:840} INFO - DAG(s) 'example_xcom_args_with_operators', 'example_xcom_args' retrieved from /home/airflow/.local/lib/python3.12/site-packages/airflow/example_dags/example_xcomargs.py
[2025-08-26T04:53:02.150+0000] {logging_mixin.py:188} INFO - [2025-08-26T04:53:02.150+0000] {dag.py:3096} INFO - Sync 2 DAGs
[2025-08-26T04:53:02.218+0000] {logging_mixin.py:188} INFO - [2025-08-26T04:53:02.214+0000] {dag.py:3954} INFO - Setting next_dagrun for example_xcom_args to None, run_after=None
[2025-08-26T04:53:02.257+0000] {logging_mixin.py:188} INFO - [2025-08-26T04:53:02.256+0000] {dag.py:3954} INFO - Setting next_dagrun for example_xcom_args_with_operators to None, run_after=None
[2025-08-26T04:53:02.371+0000] {processor.py:183} INFO - Processing /home/airflow/.local/lib/python3.12/site-packages/airflow/example_dags/example_xcomargs.py took 0.518 seconds
[2025-08-26T04:53:32.624+0000] {processor.py:161} INFO - Started process (PID=2102) to work on /home/airflow/.local/lib/python3.12/site-packages/airflow/example_dags/example_xcomargs.py
[2025-08-26T04:53:32.628+0000] {processor.py:830} INFO - Processing file /home/airflow/.local/lib/python3.12/site-packages/airflow/example_dags/example_xcomargs.py for tasks to queue
[2025-08-26T04:53:32.633+0000] {logging_mixin.py:188} INFO - [2025-08-26T04:53:32.633+0000] {dagbag.py:545} INFO - Filling up the DagBag from /home/airflow/.local/lib/python3.12/site-packages/airflow/example_dags/example_xcomargs.py
[2025-08-26T04:53:32.668+0000] {processor.py:840} INFO - DAG(s) 'example_xcom_args_with_operators', 'example_xcom_args' retrieved from /home/airflow/.local/lib/python3.12/site-packages/airflow/example_dags/example_xcomargs.py
[2025-08-26T04:53:32.817+0000] {logging_mixin.py:188} INFO - [2025-08-26T04:53:32.816+0000] {dag.py:3096} INFO - Sync 2 DAGs
[2025-08-26T04:53:32.900+0000] {logging_mixin.py:188} INFO - [2025-08-26T04:53:32.899+0000] {dag.py:3954} INFO - Setting next_dagrun for example_xcom_args to None, run_after=None
[2025-08-26T04:53:32.929+0000] {logging_mixin.py:188} INFO - [2025-08-26T04:53:32.924+0000] {dag.py:3954} INFO - Setting next_dagrun for example_xcom_args_with_operators to None, run_after=None
[2025-08-26T04:53:33.025+0000] {processor.py:183} INFO - Processing /home/airflow/.local/lib/python3.12/site-packages/airflow/example_dags/example_xcomargs.py took 0.426 seconds
[2025-08-26T04:54:03.308+0000] {processor.py:161} INFO - Started process (PID=2362) to work on /home/airflow/.local/lib/python3.12/site-packages/airflow/example_dags/example_xcomargs.py
[2025-08-26T04:54:03.311+0000] {processor.py:830} INFO - Processing file /home/airflow/.local/lib/python3.12/site-packages/airflow/example_dags/example_xcomargs.py for tasks to queue
[2025-08-26T04:54:03.326+0000] {logging_mixin.py:188} INFO - [2025-08-26T04:54:03.325+0000] {dagbag.py:545} INFO - Filling up the DagBag from /home/airflow/.local/lib/python3.12/site-packages/airflow/example_dags/example_xcomargs.py
[2025-08-26T04:54:03.384+0000] {processor.py:840} INFO - DAG(s) 'example_xcom_args', 'example_xcom_args_with_operators' retrieved from /home/airflow/.local/lib/python3.12/site-packages/airflow/example_dags/example_xcomargs.py
[2025-08-26T04:54:03.546+0000] {logging_mixin.py:188} INFO - [2025-08-26T04:54:03.546+0000] {dag.py:3096} INFO - Sync 2 DAGs
[2025-08-26T04:54:03.662+0000] {logging_mixin.py:188} INFO - [2025-08-26T04:54:03.662+0000] {dag.py:3954} INFO - Setting next_dagrun for example_xcom_args to None, run_after=None
[2025-08-26T04:54:03.702+0000] {logging_mixin.py:188} INFO - [2025-08-26T04:54:03.701+0000] {dag.py:3954} INFO - Setting next_dagrun for example_xcom_args_with_operators to None, run_after=None
[2025-08-26T04:54:03.871+0000] {processor.py:183} INFO - Processing /home/airflow/.local/lib/python3.12/site-packages/airflow/example_dags/example_xcomargs.py took 0.598 seconds
[2025-08-26T04:54:41.289+0000] {processor.py:161} INFO - Started process (PID=2629) to work on /home/airflow/.local/lib/python3.12/site-packages/airflow/example_dags/example_xcomargs.py
[2025-08-26T04:54:41.292+0000] {processor.py:830} INFO - Processing file /home/airflow/.local/lib/python3.12/site-packages/airflow/example_dags/example_xcomargs.py for tasks to queue
[2025-08-26T04:54:41.302+0000] {logging_mixin.py:188} INFO - [2025-08-26T04:54:41.301+0000] {dagbag.py:545} INFO - Filling up the DagBag from /home/airflow/.local/lib/python3.12/site-packages/airflow/example_dags/example_xcomargs.py
[2025-08-26T04:54:41.349+0000] {processor.py:840} INFO - DAG(s) 'example_xcom_args_with_operators', 'example_xcom_args' retrieved from /home/airflow/.local/lib/python3.12/site-packages/airflow/example_dags/example_xcomargs.py
[2025-08-26T04:54:41.684+0000] {logging_mixin.py:188} INFO - [2025-08-26T04:54:41.684+0000] {dag.py:3096} INFO - Sync 2 DAGs
[2025-08-26T04:54:41.805+0000] {logging_mixin.py:188} INFO - [2025-08-26T04:54:41.803+0000] {dag.py:3954} INFO - Setting next_dagrun for example_xcom_args to None, run_after=None
[2025-08-26T04:54:41.829+0000] {logging_mixin.py:188} INFO - [2025-08-26T04:54:41.828+0000] {dag.py:3954} INFO - Setting next_dagrun for example_xcom_args_with_operators to None, run_after=None
[2025-08-26T04:54:41.954+0000] {processor.py:183} INFO - Processing /home/airflow/.local/lib/python3.12/site-packages/airflow/example_dags/example_xcomargs.py took 0.691 seconds
[2025-08-26T04:55:14.597+0000] {processor.py:161} INFO - Started process (PID=2891) to work on /home/airflow/.local/lib/python3.12/site-packages/airflow/example_dags/example_xcomargs.py
[2025-08-26T04:55:14.602+0000] {processor.py:830} INFO - Processing file /home/airflow/.local/lib/python3.12/site-packages/airflow/example_dags/example_xcomargs.py for tasks to queue
[2025-08-26T04:55:14.612+0000] {logging_mixin.py:188} INFO - [2025-08-26T04:55:14.611+0000] {dagbag.py:545} INFO - Filling up the DagBag from /home/airflow/.local/lib/python3.12/site-packages/airflow/example_dags/example_xcomargs.py
[2025-08-26T04:55:14.669+0000] {processor.py:840} INFO - DAG(s) 'example_xcom_args_with_operators', 'example_xcom_args' retrieved from /home/airflow/.local/lib/python3.12/site-packages/airflow/example_dags/example_xcomargs.py
[2025-08-26T04:55:14.814+0000] {logging_mixin.py:188} INFO - [2025-08-26T04:55:14.812+0000] {dag.py:3096} INFO - Sync 2 DAGs
[2025-08-26T04:55:14.888+0000] {logging_mixin.py:188} INFO - [2025-08-26T04:55:14.887+0000] {dag.py:3954} INFO - Setting next_dagrun for example_xcom_args to None, run_after=None
[2025-08-26T04:55:14.904+0000] {logging_mixin.py:188} INFO - [2025-08-26T04:55:14.903+0000] {dag.py:3954} INFO - Setting next_dagrun for example_xcom_args_with_operators to None, run_after=None
[2025-08-26T04:55:14.980+0000] {processor.py:183} INFO - Processing /home/airflow/.local/lib/python3.12/site-packages/airflow/example_dags/example_xcomargs.py took 0.419 seconds
[2025-08-26T04:55:55.594+0000] {processor.py:161} INFO - Started process (PID=3113) to work on /home/airflow/.local/lib/python3.12/site-packages/airflow/example_dags/example_xcomargs.py
[2025-08-26T04:55:55.607+0000] {processor.py:830} INFO - Processing file /home/airflow/.local/lib/python3.12/site-packages/airflow/example_dags/example_xcomargs.py for tasks to queue
[2025-08-26T04:55:55.635+0000] {logging_mixin.py:188} INFO - [2025-08-26T04:55:55.632+0000] {dagbag.py:545} INFO - Filling up the DagBag from /home/airflow/.local/lib/python3.12/site-packages/airflow/example_dags/example_xcomargs.py
[2025-08-26T04:55:55.891+0000] {processor.py:840} INFO - DAG(s) 'example_xcom_args_with_operators', 'example_xcom_args' retrieved from /home/airflow/.local/lib/python3.12/site-packages/airflow/example_dags/example_xcomargs.py
[2025-08-26T04:55:56.224+0000] {logging_mixin.py:188} INFO - [2025-08-26T04:55:56.222+0000] {dag.py:3096} INFO - Sync 2 DAGs
[2025-08-26T04:55:56.400+0000] {logging_mixin.py:188} INFO - [2025-08-26T04:55:56.398+0000] {dag.py:3954} INFO - Setting next_dagrun for example_xcom_args to None, run_after=None
[2025-08-26T04:55:56.421+0000] {logging_mixin.py:188} INFO - [2025-08-26T04:55:56.420+0000] {dag.py:3954} INFO - Setting next_dagrun for example_xcom_args_with_operators to None, run_after=None
[2025-08-26T04:55:56.593+0000] {processor.py:183} INFO - Processing /home/airflow/.local/lib/python3.12/site-packages/airflow/example_dags/example_xcomargs.py took 1.081 seconds
[2025-08-26T04:56:27.263+0000] {processor.py:161} INFO - Started process (PID=3375) to work on /home/airflow/.local/lib/python3.12/site-packages/airflow/example_dags/example_xcomargs.py
[2025-08-26T04:56:27.268+0000] {processor.py:830} INFO - Processing file /home/airflow/.local/lib/python3.12/site-packages/airflow/example_dags/example_xcomargs.py for tasks to queue
[2025-08-26T04:56:27.275+0000] {logging_mixin.py:188} INFO - [2025-08-26T04:56:27.274+0000] {dagbag.py:545} INFO - Filling up the DagBag from /home/airflow/.local/lib/python3.12/site-packages/airflow/example_dags/example_xcomargs.py
[2025-08-26T04:56:27.326+0000] {processor.py:840} INFO - DAG(s) 'example_xcom_args', 'example_xcom_args_with_operators' retrieved from /home/airflow/.local/lib/python3.12/site-packages/airflow/example_dags/example_xcomargs.py
[2025-08-26T04:56:27.477+0000] {logging_mixin.py:188} INFO - [2025-08-26T04:56:27.475+0000] {dag.py:3096} INFO - Sync 2 DAGs
[2025-08-26T04:56:27.546+0000] {logging_mixin.py:188} INFO - [2025-08-26T04:56:27.545+0000] {dag.py:3954} INFO - Setting next_dagrun for example_xcom_args to None, run_after=None
[2025-08-26T04:56:27.566+0000] {logging_mixin.py:188} INFO - [2025-08-26T04:56:27.565+0000] {dag.py:3954} INFO - Setting next_dagrun for example_xcom_args_with_operators to None, run_after=None
[2025-08-26T04:56:27.650+0000] {processor.py:183} INFO - Processing /home/airflow/.local/lib/python3.12/site-packages/airflow/example_dags/example_xcomargs.py took 0.424 seconds
[2025-08-26T04:57:07.028+0000] {processor.py:161} INFO - Started process (PID=3640) to work on /home/airflow/.local/lib/python3.12/site-packages/airflow/example_dags/example_xcomargs.py
[2025-08-26T04:57:07.031+0000] {processor.py:830} INFO - Processing file /home/airflow/.local/lib/python3.12/site-packages/airflow/example_dags/example_xcomargs.py for tasks to queue
[2025-08-26T04:57:07.042+0000] {logging_mixin.py:188} INFO - [2025-08-26T04:57:07.040+0000] {dagbag.py:545} INFO - Filling up the DagBag from /home/airflow/.local/lib/python3.12/site-packages/airflow/example_dags/example_xcomargs.py
[2025-08-26T04:57:07.119+0000] {processor.py:840} INFO - DAG(s) 'example_xcom_args', 'example_xcom_args_with_operators' retrieved from /home/airflow/.local/lib/python3.12/site-packages/airflow/example_dags/example_xcomargs.py
[2025-08-26T04:57:07.245+0000] {logging_mixin.py:188} INFO - [2025-08-26T04:57:07.243+0000] {dag.py:3096} INFO - Sync 2 DAGs
[2025-08-26T04:57:07.327+0000] {logging_mixin.py:188} INFO - [2025-08-26T04:57:07.326+0000] {dag.py:3954} INFO - Setting next_dagrun for example_xcom_args to None, run_after=None
[2025-08-26T04:57:07.382+0000] {logging_mixin.py:188} INFO - [2025-08-26T04:57:07.379+0000] {dag.py:3954} INFO - Setting next_dagrun for example_xcom_args_with_operators to None, run_after=None
[2025-08-26T04:57:07.466+0000] {processor.py:183} INFO - Processing /home/airflow/.local/lib/python3.12/site-packages/airflow/example_dags/example_xcomargs.py took 0.467 seconds
[2025-08-26T04:57:55.116+0000] {processor.py:161} INFO - Started process (PID=3897) to work on /home/airflow/.local/lib/python3.12/site-packages/airflow/example_dags/example_xcomargs.py
[2025-08-26T04:57:55.129+0000] {processor.py:830} INFO - Processing file /home/airflow/.local/lib/python3.12/site-packages/airflow/example_dags/example_xcomargs.py for tasks to queue
[2025-08-26T04:57:55.149+0000] {logging_mixin.py:188} INFO - [2025-08-26T04:57:55.148+0000] {dagbag.py:545} INFO - Filling up the DagBag from /home/airflow/.local/lib/python3.12/site-packages/airflow/example_dags/example_xcomargs.py
[2025-08-26T04:57:55.376+0000] {processor.py:840} INFO - DAG(s) 'example_xcom_args', 'example_xcom_args_with_operators' retrieved from /home/airflow/.local/lib/python3.12/site-packages/airflow/example_dags/example_xcomargs.py
[2025-08-26T04:57:55.628+0000] {logging_mixin.py:188} INFO - [2025-08-26T04:57:55.628+0000] {dag.py:3096} INFO - Sync 2 DAGs
[2025-08-26T04:57:55.834+0000] {logging_mixin.py:188} INFO - [2025-08-26T04:57:55.828+0000] {dag.py:3954} INFO - Setting next_dagrun for example_xcom_args to None, run_after=None
[2025-08-26T04:57:55.870+0000] {logging_mixin.py:188} INFO - [2025-08-26T04:57:55.867+0000] {dag.py:3954} INFO - Setting next_dagrun for example_xcom_args_with_operators to None, run_after=None
[2025-08-26T04:57:56.064+0000] {processor.py:183} INFO - Processing /home/airflow/.local/lib/python3.12/site-packages/airflow/example_dags/example_xcomargs.py took 1.009 seconds
[2025-08-26T05:35:24.895+0000] {processor.py:161} INFO - Started process (PID=4158) to work on /home/airflow/.local/lib/python3.12/site-packages/airflow/example_dags/example_xcomargs.py
[2025-08-26T05:35:24.976+0000] {processor.py:830} INFO - Processing file /home/airflow/.local/lib/python3.12/site-packages/airflow/example_dags/example_xcomargs.py for tasks to queue
[2025-08-26T05:35:25.049+0000] {logging_mixin.py:188} INFO - [2025-08-26T05:35:25.048+0000] {dagbag.py:545} INFO - Filling up the DagBag from /home/airflow/.local/lib/python3.12/site-packages/airflow/example_dags/example_xcomargs.py
[2025-08-26T05:35:25.442+0000] {processor.py:840} INFO - DAG(s) 'example_xcom_args', 'example_xcom_args_with_operators' retrieved from /home/airflow/.local/lib/python3.12/site-packages/airflow/example_dags/example_xcomargs.py
[2025-08-26T05:35:26.673+0000] {logging_mixin.py:188} INFO - [2025-08-26T05:35:26.673+0000] {dag.py:3096} INFO - Sync 2 DAGs
[2025-08-26T05:35:27.096+0000] {logging_mixin.py:188} INFO - [2025-08-26T05:35:27.067+0000] {dag.py:3954} INFO - Setting next_dagrun for example_xcom_args to None, run_after=None
[2025-08-26T05:35:27.181+0000] {logging_mixin.py:188} INFO - [2025-08-26T05:35:27.181+0000] {dag.py:3954} INFO - Setting next_dagrun for example_xcom_args_with_operators to None, run_after=None
[2025-08-26T05:35:27.528+0000] {processor.py:183} INFO - Processing /home/airflow/.local/lib/python3.12/site-packages/airflow/example_dags/example_xcomargs.py took 2.767 seconds
[2025-08-26T05:42:10.191+0000] {processor.py:161} INFO - Started process (PID=4321) to work on /home/airflow/.local/lib/python3.12/site-packages/airflow/example_dags/example_xcomargs.py
[2025-08-26T05:42:10.200+0000] {processor.py:830} INFO - Processing file /home/airflow/.local/lib/python3.12/site-packages/airflow/example_dags/example_xcomargs.py for tasks to queue
[2025-08-26T05:42:10.209+0000] {logging_mixin.py:188} INFO - [2025-08-26T05:42:10.208+0000] {dagbag.py:545} INFO - Filling up the DagBag from /home/airflow/.local/lib/python3.12/site-packages/airflow/example_dags/example_xcomargs.py
[2025-08-26T05:42:10.337+0000] {processor.py:840} INFO - DAG(s) 'example_xcom_args', 'example_xcom_args_with_operators' retrieved from /home/airflow/.local/lib/python3.12/site-packages/airflow/example_dags/example_xcomargs.py
[2025-08-26T05:42:10.810+0000] {logging_mixin.py:188} INFO - [2025-08-26T05:42:10.810+0000] {dag.py:3096} INFO - Sync 2 DAGs
[2025-08-26T05:42:11.089+0000] {logging_mixin.py:188} INFO - [2025-08-26T05:42:11.088+0000] {dag.py:3954} INFO - Setting next_dagrun for example_xcom_args to None, run_after=None
[2025-08-26T05:42:11.154+0000] {logging_mixin.py:188} INFO - [2025-08-26T05:42:11.153+0000] {dag.py:3954} INFO - Setting next_dagrun for example_xcom_args_with_operators to None, run_after=None
[2025-08-26T05:42:11.378+0000] {processor.py:183} INFO - Processing /home/airflow/.local/lib/python3.12/site-packages/airflow/example_dags/example_xcomargs.py took 1.273 seconds
[2025-08-26T05:42:59.292+0000] {processor.py:161} INFO - Started process (PID=4532) to work on /home/airflow/.local/lib/python3.12/site-packages/airflow/example_dags/example_xcomargs.py
[2025-08-26T05:42:59.338+0000] {processor.py:830} INFO - Processing file /home/airflow/.local/lib/python3.12/site-packages/airflow/example_dags/example_xcomargs.py for tasks to queue
[2025-08-26T05:42:59.387+0000] {logging_mixin.py:188} INFO - [2025-08-26T05:42:59.360+0000] {dagbag.py:545} INFO - Filling up the DagBag from /home/airflow/.local/lib/python3.12/site-packages/airflow/example_dags/example_xcomargs.py
[2025-08-26T05:42:59.619+0000] {processor.py:840} INFO - DAG(s) 'example_xcom_args_with_operators', 'example_xcom_args' retrieved from /home/airflow/.local/lib/python3.12/site-packages/airflow/example_dags/example_xcomargs.py
[2025-08-26T05:43:00.194+0000] {logging_mixin.py:188} INFO - [2025-08-26T05:43:00.175+0000] {dag.py:3096} INFO - Sync 2 DAGs
[2025-08-26T05:43:00.459+0000] {logging_mixin.py:188} INFO - [2025-08-26T05:43:00.422+0000] {dag.py:3954} INFO - Setting next_dagrun for example_xcom_args to None, run_after=None
[2025-08-26T05:43:00.620+0000] {logging_mixin.py:188} INFO - [2025-08-26T05:43:00.558+0000] {dag.py:3954} INFO - Setting next_dagrun for example_xcom_args_with_operators to None, run_after=None
[2025-08-26T05:43:01.020+0000] {processor.py:183} INFO - Processing /home/airflow/.local/lib/python3.12/site-packages/airflow/example_dags/example_xcomargs.py took 1.809 seconds
[2025-08-26T05:43:55.988+0000] {processor.py:161} INFO - Started process (PID=4799) to work on /home/airflow/.local/lib/python3.12/site-packages/airflow/example_dags/example_xcomargs.py
[2025-08-26T05:43:56.003+0000] {processor.py:830} INFO - Processing file /home/airflow/.local/lib/python3.12/site-packages/airflow/example_dags/example_xcomargs.py for tasks to queue
[2025-08-26T05:43:56.009+0000] {logging_mixin.py:188} INFO - [2025-08-26T05:43:56.007+0000] {dagbag.py:545} INFO - Filling up the DagBag from /home/airflow/.local/lib/python3.12/site-packages/airflow/example_dags/example_xcomargs.py
[2025-08-26T05:43:56.197+0000] {processor.py:840} INFO - DAG(s) 'example_xcom_args', 'example_xcom_args_with_operators' retrieved from /home/airflow/.local/lib/python3.12/site-packages/airflow/example_dags/example_xcomargs.py
[2025-08-26T05:43:56.467+0000] {logging_mixin.py:188} INFO - [2025-08-26T05:43:56.466+0000] {dag.py:3096} INFO - Sync 2 DAGs
[2025-08-26T05:43:56.759+0000] {logging_mixin.py:188} INFO - [2025-08-26T05:43:56.747+0000] {dag.py:3954} INFO - Setting next_dagrun for example_xcom_args to None, run_after=None
[2025-08-26T05:43:56.804+0000] {logging_mixin.py:188} INFO - [2025-08-26T05:43:56.800+0000] {dag.py:3954} INFO - Setting next_dagrun for example_xcom_args_with_operators to None, run_after=None
[2025-08-26T05:43:57.170+0000] {processor.py:183} INFO - Processing /home/airflow/.local/lib/python3.12/site-packages/airflow/example_dags/example_xcomargs.py took 1.270 seconds
[2025-08-26T05:44:28.276+0000] {processor.py:161} INFO - Started process (PID=5056) to work on /home/airflow/.local/lib/python3.12/site-packages/airflow/example_dags/example_xcomargs.py
[2025-08-26T05:44:28.284+0000] {processor.py:830} INFO - Processing file /home/airflow/.local/lib/python3.12/site-packages/airflow/example_dags/example_xcomargs.py for tasks to queue
[2025-08-26T05:44:28.302+0000] {logging_mixin.py:188} INFO - [2025-08-26T05:44:28.301+0000] {dagbag.py:545} INFO - Filling up the DagBag from /home/airflow/.local/lib/python3.12/site-packages/airflow/example_dags/example_xcomargs.py
[2025-08-26T05:44:28.391+0000] {processor.py:840} INFO - DAG(s) 'example_xcom_args', 'example_xcom_args_with_operators' retrieved from /home/airflow/.local/lib/python3.12/site-packages/airflow/example_dags/example_xcomargs.py
[2025-08-26T05:44:28.837+0000] {logging_mixin.py:188} INFO - [2025-08-26T05:44:28.803+0000] {dag.py:3096} INFO - Sync 2 DAGs
[2025-08-26T05:44:29.415+0000] {logging_mixin.py:188} INFO - [2025-08-26T05:44:29.414+0000] {dag.py:3954} INFO - Setting next_dagrun for example_xcom_args to None, run_after=None
[2025-08-26T05:44:29.594+0000] {logging_mixin.py:188} INFO - [2025-08-26T05:44:29.593+0000] {dag.py:3954} INFO - Setting next_dagrun for example_xcom_args_with_operators to None, run_after=None
[2025-08-26T05:44:29.894+0000] {processor.py:183} INFO - Processing /home/airflow/.local/lib/python3.12/site-packages/airflow/example_dags/example_xcomargs.py took 1.689 seconds
[2025-08-26T05:45:02.609+0000] {processor.py:161} INFO - Started process (PID=5319) to work on /home/airflow/.local/lib/python3.12/site-packages/airflow/example_dags/example_xcomargs.py
[2025-08-26T05:45:02.616+0000] {processor.py:830} INFO - Processing file /home/airflow/.local/lib/python3.12/site-packages/airflow/example_dags/example_xcomargs.py for tasks to queue
[2025-08-26T05:45:02.620+0000] {logging_mixin.py:188} INFO - [2025-08-26T05:45:02.619+0000] {dagbag.py:545} INFO - Filling up the DagBag from /home/airflow/.local/lib/python3.12/site-packages/airflow/example_dags/example_xcomargs.py
[2025-08-26T05:45:02.666+0000] {processor.py:840} INFO - DAG(s) 'example_xcom_args', 'example_xcom_args_with_operators' retrieved from /home/airflow/.local/lib/python3.12/site-packages/airflow/example_dags/example_xcomargs.py
[2025-08-26T05:45:02.853+0000] {logging_mixin.py:188} INFO - [2025-08-26T05:45:02.852+0000] {dag.py:3096} INFO - Sync 2 DAGs
[2025-08-26T05:45:02.991+0000] {logging_mixin.py:188} INFO - [2025-08-26T05:45:02.991+0000] {dag.py:3954} INFO - Setting next_dagrun for example_xcom_args to None, run_after=None
[2025-08-26T05:45:03.024+0000] {logging_mixin.py:188} INFO - [2025-08-26T05:45:03.023+0000] {dag.py:3954} INFO - Setting next_dagrun for example_xcom_args_with_operators to None, run_after=None
[2025-08-26T05:45:03.212+0000] {processor.py:183} INFO - Processing /home/airflow/.local/lib/python3.12/site-packages/airflow/example_dags/example_xcomargs.py took 0.650 seconds
[2025-08-26T05:45:36.465+0000] {processor.py:161} INFO - Started process (PID=5588) to work on /home/airflow/.local/lib/python3.12/site-packages/airflow/example_dags/example_xcomargs.py
[2025-08-26T05:45:36.473+0000] {processor.py:830} INFO - Processing file /home/airflow/.local/lib/python3.12/site-packages/airflow/example_dags/example_xcomargs.py for tasks to queue
[2025-08-26T05:45:36.477+0000] {logging_mixin.py:188} INFO - [2025-08-26T05:45:36.476+0000] {dagbag.py:545} INFO - Filling up the DagBag from /home/airflow/.local/lib/python3.12/site-packages/airflow/example_dags/example_xcomargs.py
[2025-08-26T05:45:36.523+0000] {processor.py:840} INFO - DAG(s) 'example_xcom_args', 'example_xcom_args_with_operators' retrieved from /home/airflow/.local/lib/python3.12/site-packages/airflow/example_dags/example_xcomargs.py
[2025-08-26T05:45:36.719+0000] {logging_mixin.py:188} INFO - [2025-08-26T05:45:36.718+0000] {dag.py:3096} INFO - Sync 2 DAGs
[2025-08-26T05:45:36.904+0000] {logging_mixin.py:188} INFO - [2025-08-26T05:45:36.901+0000] {dag.py:3954} INFO - Setting next_dagrun for example_xcom_args to None, run_after=None
[2025-08-26T05:45:36.934+0000] {logging_mixin.py:188} INFO - [2025-08-26T05:45:36.934+0000] {dag.py:3954} INFO - Setting next_dagrun for example_xcom_args_with_operators to None, run_after=None
[2025-08-26T05:45:37.032+0000] {processor.py:183} INFO - Processing /home/airflow/.local/lib/python3.12/site-packages/airflow/example_dags/example_xcomargs.py took 0.601 seconds
[2025-08-26T05:46:10.471+0000] {processor.py:161} INFO - Started process (PID=5849) to work on /home/airflow/.local/lib/python3.12/site-packages/airflow/example_dags/example_xcomargs.py
[2025-08-26T05:46:10.480+0000] {processor.py:830} INFO - Processing file /home/airflow/.local/lib/python3.12/site-packages/airflow/example_dags/example_xcomargs.py for tasks to queue
[2025-08-26T05:46:10.486+0000] {logging_mixin.py:188} INFO - [2025-08-26T05:46:10.485+0000] {dagbag.py:545} INFO - Filling up the DagBag from /home/airflow/.local/lib/python3.12/site-packages/airflow/example_dags/example_xcomargs.py
[2025-08-26T05:46:10.543+0000] {processor.py:840} INFO - DAG(s) 'example_xcom_args', 'example_xcom_args_with_operators' retrieved from /home/airflow/.local/lib/python3.12/site-packages/airflow/example_dags/example_xcomargs.py
[2025-08-26T05:46:10.754+0000] {logging_mixin.py:188} INFO - [2025-08-26T05:46:10.747+0000] {dag.py:3096} INFO - Sync 2 DAGs
[2025-08-26T05:46:10.849+0000] {logging_mixin.py:188} INFO - [2025-08-26T05:46:10.848+0000] {dag.py:3954} INFO - Setting next_dagrun for example_xcom_args to None, run_after=None
[2025-08-26T05:46:10.882+0000] {logging_mixin.py:188} INFO - [2025-08-26T05:46:10.882+0000] {dag.py:3954} INFO - Setting next_dagrun for example_xcom_args_with_operators to None, run_after=None
[2025-08-26T05:46:10.982+0000] {processor.py:183} INFO - Processing /home/airflow/.local/lib/python3.12/site-packages/airflow/example_dags/example_xcomargs.py took 0.552 seconds
[2025-08-26T05:46:42.841+0000] {processor.py:161} INFO - Started process (PID=6111) to work on /home/airflow/.local/lib/python3.12/site-packages/airflow/example_dags/example_xcomargs.py
[2025-08-26T05:46:42.845+0000] {processor.py:830} INFO - Processing file /home/airflow/.local/lib/python3.12/site-packages/airflow/example_dags/example_xcomargs.py for tasks to queue
[2025-08-26T05:46:42.852+0000] {logging_mixin.py:188} INFO - [2025-08-26T05:46:42.851+0000] {dagbag.py:545} INFO - Filling up the DagBag from /home/airflow/.local/lib/python3.12/site-packages/airflow/example_dags/example_xcomargs.py
[2025-08-26T05:46:42.903+0000] {processor.py:840} INFO - DAG(s) 'example_xcom_args', 'example_xcom_args_with_operators' retrieved from /home/airflow/.local/lib/python3.12/site-packages/airflow/example_dags/example_xcomargs.py
[2025-08-26T05:46:43.106+0000] {logging_mixin.py:188} INFO - [2025-08-26T05:46:43.097+0000] {dag.py:3096} INFO - Sync 2 DAGs
[2025-08-26T05:46:43.197+0000] {logging_mixin.py:188} INFO - [2025-08-26T05:46:43.195+0000] {dag.py:3954} INFO - Setting next_dagrun for example_xcom_args to None, run_after=None
[2025-08-26T05:46:43.273+0000] {logging_mixin.py:188} INFO - [2025-08-26T05:46:43.249+0000] {dag.py:3954} INFO - Setting next_dagrun for example_xcom_args_with_operators to None, run_after=None
[2025-08-26T05:46:43.373+0000] {processor.py:183} INFO - Processing /home/airflow/.local/lib/python3.12/site-packages/airflow/example_dags/example_xcomargs.py took 0.565 seconds
[2025-08-26T05:47:21.567+0000] {processor.py:161} INFO - Started process (PID=6363) to work on /home/airflow/.local/lib/python3.12/site-packages/airflow/example_dags/example_xcomargs.py
[2025-08-26T05:47:21.571+0000] {processor.py:830} INFO - Processing file /home/airflow/.local/lib/python3.12/site-packages/airflow/example_dags/example_xcomargs.py for tasks to queue
[2025-08-26T05:47:21.576+0000] {logging_mixin.py:188} INFO - [2025-08-26T05:47:21.574+0000] {dagbag.py:545} INFO - Filling up the DagBag from /home/airflow/.local/lib/python3.12/site-packages/airflow/example_dags/example_xcomargs.py
[2025-08-26T05:47:21.713+0000] {processor.py:840} INFO - DAG(s) 'example_xcom_args_with_operators', 'example_xcom_args' retrieved from /home/airflow/.local/lib/python3.12/site-packages/airflow/example_dags/example_xcomargs.py
[2025-08-26T05:47:22.176+0000] {logging_mixin.py:188} INFO - [2025-08-26T05:47:22.175+0000] {dag.py:3096} INFO - Sync 2 DAGs
[2025-08-26T05:47:22.328+0000] {logging_mixin.py:188} INFO - [2025-08-26T05:47:22.327+0000] {dag.py:3954} INFO - Setting next_dagrun for example_xcom_args to None, run_after=None
[2025-08-26T05:47:22.385+0000] {logging_mixin.py:188} INFO - [2025-08-26T05:47:22.384+0000] {dag.py:3954} INFO - Setting next_dagrun for example_xcom_args_with_operators to None, run_after=None
[2025-08-26T05:47:22.689+0000] {processor.py:183} INFO - Processing /home/airflow/.local/lib/python3.12/site-packages/airflow/example_dags/example_xcomargs.py took 1.219 seconds
[2025-08-26T05:47:57.217+0000] {processor.py:161} INFO - Started process (PID=6625) to work on /home/airflow/.local/lib/python3.12/site-packages/airflow/example_dags/example_xcomargs.py
[2025-08-26T05:47:57.221+0000] {processor.py:830} INFO - Processing file /home/airflow/.local/lib/python3.12/site-packages/airflow/example_dags/example_xcomargs.py for tasks to queue
[2025-08-26T05:47:57.225+0000] {logging_mixin.py:188} INFO - [2025-08-26T05:47:57.224+0000] {dagbag.py:545} INFO - Filling up the DagBag from /home/airflow/.local/lib/python3.12/site-packages/airflow/example_dags/example_xcomargs.py
[2025-08-26T05:47:57.286+0000] {processor.py:840} INFO - DAG(s) 'example_xcom_args_with_operators', 'example_xcom_args' retrieved from /home/airflow/.local/lib/python3.12/site-packages/airflow/example_dags/example_xcomargs.py
[2025-08-26T05:47:57.473+0000] {logging_mixin.py:188} INFO - [2025-08-26T05:47:57.471+0000] {dag.py:3096} INFO - Sync 2 DAGs
[2025-08-26T05:47:57.648+0000] {logging_mixin.py:188} INFO - [2025-08-26T05:47:57.647+0000] {dag.py:3954} INFO - Setting next_dagrun for example_xcom_args to None, run_after=None
[2025-08-26T05:47:57.695+0000] {logging_mixin.py:188} INFO - [2025-08-26T05:47:57.694+0000] {dag.py:3954} INFO - Setting next_dagrun for example_xcom_args_with_operators to None, run_after=None
[2025-08-26T05:47:57.964+0000] {processor.py:183} INFO - Processing /home/airflow/.local/lib/python3.12/site-packages/airflow/example_dags/example_xcomargs.py took 0.803 seconds
