[2025-08-26T04:29:36.103+0000] {processor.py:161} INFO - Started process (PID=294) to work on /home/airflow/.local/lib/python3.12/site-packages/airflow/example_dags/example_nested_branch_dag.py
[2025-08-26T04:29:36.120+0000] {processor.py:830} INFO - Processing file /home/airflow/.local/lib/python3.12/site-packages/airflow/example_dags/example_nested_branch_dag.py for tasks to queue
[2025-08-26T04:29:36.134+0000] {logging_mixin.py:188} INFO - [2025-08-26T04:29:36.132+0000] {dagbag.py:545} INFO - Filling up the DagBag from /home/airflow/.local/lib/python3.12/site-packages/airflow/example_dags/example_nested_branch_dag.py
[2025-08-26T04:29:36.372+0000] {processor.py:840} INFO - DAG(s) 'example_nested_branch_dag' retrieved from /home/airflow/.local/lib/python3.12/site-packages/airflow/example_dags/example_nested_branch_dag.py
[2025-08-26T04:29:38.092+0000] {logging_mixin.py:188} INFO - [2025-08-26T04:29:38.089+0000] {override.py:1829} INFO - Created Permission View: can delete on DAG:example_nested_branch_dag
[2025-08-26T04:29:38.387+0000] {logging_mixin.py:188} INFO - [2025-08-26T04:29:38.355+0000] {override.py:1829} INFO - Created Permission View: can read on DAG:example_nested_branch_dag
[2025-08-26T04:29:38.630+0000] {logging_mixin.py:188} INFO - [2025-08-26T04:29:38.629+0000] {override.py:1829} INFO - Created Permission View: can edit on DAG:example_nested_branch_dag
[2025-08-26T04:29:38.634+0000] {logging_mixin.py:188} INFO - [2025-08-26T04:29:38.633+0000] {dag.py:3096} INFO - Sync 1 DAGs
[2025-08-26T04:29:39.028+0000] {logging_mixin.py:188} INFO - [2025-08-26T04:29:39.027+0000] {dag.py:3118} INFO - Creating ORM DAG for example_nested_branch_dag
[2025-08-26T04:29:39.216+0000] {logging_mixin.py:188} INFO - [2025-08-26T04:29:39.216+0000] {dag.py:3954} INFO - Setting next_dagrun for example_nested_branch_dag to 2025-08-25 00:00:00+00:00, run_after=2025-08-26 00:00:00+00:00
[2025-08-26T04:29:39.445+0000] {processor.py:183} INFO - Processing /home/airflow/.local/lib/python3.12/site-packages/airflow/example_dags/example_nested_branch_dag.py took 3.445 seconds
[2025-08-26T04:30:56.795+0000] {processor.py:161} INFO - Started process (PID=570) to work on /home/airflow/.local/lib/python3.12/site-packages/airflow/example_dags/example_nested_branch_dag.py
[2025-08-26T04:30:56.811+0000] {processor.py:830} INFO - Processing file /home/airflow/.local/lib/python3.12/site-packages/airflow/example_dags/example_nested_branch_dag.py for tasks to queue
[2025-08-26T04:30:56.818+0000] {logging_mixin.py:188} INFO - [2025-08-26T04:30:56.816+0000] {dagbag.py:545} INFO - Filling up the DagBag from /home/airflow/.local/lib/python3.12/site-packages/airflow/example_dags/example_nested_branch_dag.py
[2025-08-26T04:30:56.925+0000] {processor.py:840} INFO - DAG(s) 'example_nested_branch_dag' retrieved from /home/airflow/.local/lib/python3.12/site-packages/airflow/example_dags/example_nested_branch_dag.py
[2025-08-26T04:30:57.249+0000] {logging_mixin.py:188} INFO - [2025-08-26T04:30:57.248+0000] {dag.py:3096} INFO - Sync 1 DAGs
[2025-08-26T04:30:57.509+0000] {logging_mixin.py:188} INFO - [2025-08-26T04:30:57.508+0000] {dag.py:3954} INFO - Setting next_dagrun for example_nested_branch_dag to 2025-08-25 00:00:00+00:00, run_after=2025-08-26 00:00:00+00:00
[2025-08-26T04:30:57.814+0000] {processor.py:183} INFO - Processing /home/airflow/.local/lib/python3.12/site-packages/airflow/example_dags/example_nested_branch_dag.py took 1.075 seconds
[2025-08-26T04:31:32.254+0000] {processor.py:161} INFO - Started process (PID=830) to work on /home/airflow/.local/lib/python3.12/site-packages/airflow/example_dags/example_nested_branch_dag.py
[2025-08-26T04:31:32.275+0000] {processor.py:830} INFO - Processing file /home/airflow/.local/lib/python3.12/site-packages/airflow/example_dags/example_nested_branch_dag.py for tasks to queue
[2025-08-26T04:31:32.301+0000] {logging_mixin.py:188} INFO - [2025-08-26T04:31:32.300+0000] {dagbag.py:545} INFO - Filling up the DagBag from /home/airflow/.local/lib/python3.12/site-packages/airflow/example_dags/example_nested_branch_dag.py
[2025-08-26T04:31:32.436+0000] {processor.py:840} INFO - DAG(s) 'example_nested_branch_dag' retrieved from /home/airflow/.local/lib/python3.12/site-packages/airflow/example_dags/example_nested_branch_dag.py
[2025-08-26T04:31:32.594+0000] {logging_mixin.py:188} INFO - [2025-08-26T04:31:32.593+0000] {dag.py:3096} INFO - Sync 1 DAGs
[2025-08-26T04:31:32.789+0000] {logging_mixin.py:188} INFO - [2025-08-26T04:31:32.787+0000] {dag.py:3954} INFO - Setting next_dagrun for example_nested_branch_dag to 2025-08-25 00:00:00+00:00, run_after=2025-08-26 00:00:00+00:00
[2025-08-26T04:31:32.938+0000] {processor.py:183} INFO - Processing /home/airflow/.local/lib/python3.12/site-packages/airflow/example_dags/example_nested_branch_dag.py took 0.834 seconds
[2025-08-26T04:32:08.098+0000] {processor.py:161} INFO - Started process (PID=1091) to work on /home/airflow/.local/lib/python3.12/site-packages/airflow/example_dags/example_nested_branch_dag.py
[2025-08-26T04:32:08.103+0000] {processor.py:830} INFO - Processing file /home/airflow/.local/lib/python3.12/site-packages/airflow/example_dags/example_nested_branch_dag.py for tasks to queue
[2025-08-26T04:32:08.127+0000] {logging_mixin.py:188} INFO - [2025-08-26T04:32:08.126+0000] {dagbag.py:545} INFO - Filling up the DagBag from /home/airflow/.local/lib/python3.12/site-packages/airflow/example_dags/example_nested_branch_dag.py
[2025-08-26T04:32:08.195+0000] {processor.py:840} INFO - DAG(s) 'example_nested_branch_dag' retrieved from /home/airflow/.local/lib/python3.12/site-packages/airflow/example_dags/example_nested_branch_dag.py
[2025-08-26T04:32:08.394+0000] {logging_mixin.py:188} INFO - [2025-08-26T04:32:08.383+0000] {dag.py:3096} INFO - Sync 1 DAGs
[2025-08-26T04:32:08.815+0000] {logging_mixin.py:188} INFO - [2025-08-26T04:32:08.814+0000] {dag.py:3954} INFO - Setting next_dagrun for example_nested_branch_dag to 2025-08-25 00:00:00+00:00, run_after=2025-08-26 00:00:00+00:00
[2025-08-26T04:32:08.928+0000] {processor.py:183} INFO - Processing /home/airflow/.local/lib/python3.12/site-packages/airflow/example_dags/example_nested_branch_dag.py took 0.867 seconds
[2025-08-26T04:32:46.603+0000] {processor.py:161} INFO - Started process (PID=1353) to work on /home/airflow/.local/lib/python3.12/site-packages/airflow/example_dags/example_nested_branch_dag.py
[2025-08-26T04:32:46.607+0000] {processor.py:830} INFO - Processing file /home/airflow/.local/lib/python3.12/site-packages/airflow/example_dags/example_nested_branch_dag.py for tasks to queue
[2025-08-26T04:32:46.634+0000] {logging_mixin.py:188} INFO - [2025-08-26T04:32:46.626+0000] {dagbag.py:545} INFO - Filling up the DagBag from /home/airflow/.local/lib/python3.12/site-packages/airflow/example_dags/example_nested_branch_dag.py
[2025-08-26T04:32:46.780+0000] {processor.py:840} INFO - DAG(s) 'example_nested_branch_dag' retrieved from /home/airflow/.local/lib/python3.12/site-packages/airflow/example_dags/example_nested_branch_dag.py
[2025-08-26T04:32:47.095+0000] {logging_mixin.py:188} INFO - [2025-08-26T04:32:47.094+0000] {dag.py:3096} INFO - Sync 1 DAGs
[2025-08-26T04:32:47.292+0000] {logging_mixin.py:188} INFO - [2025-08-26T04:32:47.290+0000] {dag.py:3954} INFO - Setting next_dagrun for example_nested_branch_dag to 2025-08-25 00:00:00+00:00, run_after=2025-08-26 00:00:00+00:00
[2025-08-26T04:32:47.498+0000] {processor.py:183} INFO - Processing /home/airflow/.local/lib/python3.12/site-packages/airflow/example_dags/example_nested_branch_dag.py took 0.955 seconds
[2025-08-26T04:33:18.087+0000] {processor.py:161} INFO - Started process (PID=1617) to work on /home/airflow/.local/lib/python3.12/site-packages/airflow/example_dags/example_nested_branch_dag.py
[2025-08-26T04:33:18.090+0000] {processor.py:830} INFO - Processing file /home/airflow/.local/lib/python3.12/site-packages/airflow/example_dags/example_nested_branch_dag.py for tasks to queue
[2025-08-26T04:33:18.097+0000] {logging_mixin.py:188} INFO - [2025-08-26T04:33:18.096+0000] {dagbag.py:545} INFO - Filling up the DagBag from /home/airflow/.local/lib/python3.12/site-packages/airflow/example_dags/example_nested_branch_dag.py
[2025-08-26T04:33:18.140+0000] {processor.py:840} INFO - DAG(s) 'example_nested_branch_dag' retrieved from /home/airflow/.local/lib/python3.12/site-packages/airflow/example_dags/example_nested_branch_dag.py
[2025-08-26T04:33:18.223+0000] {logging_mixin.py:188} INFO - [2025-08-26T04:33:18.222+0000] {dag.py:3096} INFO - Sync 1 DAGs
[2025-08-26T04:33:18.322+0000] {logging_mixin.py:188} INFO - [2025-08-26T04:33:18.321+0000] {dag.py:3954} INFO - Setting next_dagrun for example_nested_branch_dag to 2025-08-25 00:00:00+00:00, run_after=2025-08-26 00:00:00+00:00
[2025-08-26T04:33:18.423+0000] {processor.py:183} INFO - Processing /home/airflow/.local/lib/python3.12/site-packages/airflow/example_dags/example_nested_branch_dag.py took 0.358 seconds
[2025-08-26T04:33:49.447+0000] {processor.py:161} INFO - Started process (PID=1877) to work on /home/airflow/.local/lib/python3.12/site-packages/airflow/example_dags/example_nested_branch_dag.py
[2025-08-26T04:33:49.451+0000] {processor.py:830} INFO - Processing file /home/airflow/.local/lib/python3.12/site-packages/airflow/example_dags/example_nested_branch_dag.py for tasks to queue
[2025-08-26T04:33:49.478+0000] {logging_mixin.py:188} INFO - [2025-08-26T04:33:49.468+0000] {dagbag.py:545} INFO - Filling up the DagBag from /home/airflow/.local/lib/python3.12/site-packages/airflow/example_dags/example_nested_branch_dag.py
[2025-08-26T04:33:49.554+0000] {processor.py:840} INFO - DAG(s) 'example_nested_branch_dag' retrieved from /home/airflow/.local/lib/python3.12/site-packages/airflow/example_dags/example_nested_branch_dag.py
[2025-08-26T04:33:49.661+0000] {logging_mixin.py:188} INFO - [2025-08-26T04:33:49.660+0000] {dag.py:3096} INFO - Sync 1 DAGs
[2025-08-26T04:33:49.787+0000] {logging_mixin.py:188} INFO - [2025-08-26T04:33:49.786+0000] {dag.py:3954} INFO - Setting next_dagrun for example_nested_branch_dag to 2025-08-25 00:00:00+00:00, run_after=2025-08-26 00:00:00+00:00
[2025-08-26T04:33:50.195+0000] {processor.py:183} INFO - Processing /home/airflow/.local/lib/python3.12/site-packages/airflow/example_dags/example_nested_branch_dag.py took 0.832 seconds
[2025-08-26T04:34:21.053+0000] {processor.py:161} INFO - Started process (PID=2135) to work on /home/airflow/.local/lib/python3.12/site-packages/airflow/example_dags/example_nested_branch_dag.py
[2025-08-26T04:34:21.056+0000] {processor.py:830} INFO - Processing file /home/airflow/.local/lib/python3.12/site-packages/airflow/example_dags/example_nested_branch_dag.py for tasks to queue
[2025-08-26T04:34:21.063+0000] {logging_mixin.py:188} INFO - [2025-08-26T04:34:21.062+0000] {dagbag.py:545} INFO - Filling up the DagBag from /home/airflow/.local/lib/python3.12/site-packages/airflow/example_dags/example_nested_branch_dag.py
[2025-08-26T04:34:21.101+0000] {processor.py:840} INFO - DAG(s) 'example_nested_branch_dag' retrieved from /home/airflow/.local/lib/python3.12/site-packages/airflow/example_dags/example_nested_branch_dag.py
[2025-08-26T04:34:21.179+0000] {logging_mixin.py:188} INFO - [2025-08-26T04:34:21.179+0000] {dag.py:3096} INFO - Sync 1 DAGs
[2025-08-26T04:34:21.272+0000] {logging_mixin.py:188} INFO - [2025-08-26T04:34:21.271+0000] {dag.py:3954} INFO - Setting next_dagrun for example_nested_branch_dag to 2025-08-25 00:00:00+00:00, run_after=2025-08-26 00:00:00+00:00
[2025-08-26T04:34:21.362+0000] {processor.py:183} INFO - Processing /home/airflow/.local/lib/python3.12/site-packages/airflow/example_dags/example_nested_branch_dag.py took 0.332 seconds
[2025-08-26T04:34:54.239+0000] {processor.py:161} INFO - Started process (PID=2395) to work on /home/airflow/.local/lib/python3.12/site-packages/airflow/example_dags/example_nested_branch_dag.py
[2025-08-26T04:34:54.243+0000] {processor.py:830} INFO - Processing file /home/airflow/.local/lib/python3.12/site-packages/airflow/example_dags/example_nested_branch_dag.py for tasks to queue
[2025-08-26T04:34:54.253+0000] {logging_mixin.py:188} INFO - [2025-08-26T04:34:54.252+0000] {dagbag.py:545} INFO - Filling up the DagBag from /home/airflow/.local/lib/python3.12/site-packages/airflow/example_dags/example_nested_branch_dag.py
[2025-08-26T04:34:54.306+0000] {processor.py:840} INFO - DAG(s) 'example_nested_branch_dag' retrieved from /home/airflow/.local/lib/python3.12/site-packages/airflow/example_dags/example_nested_branch_dag.py
[2025-08-26T04:34:54.469+0000] {logging_mixin.py:188} INFO - [2025-08-26T04:34:54.467+0000] {dag.py:3096} INFO - Sync 1 DAGs
[2025-08-26T04:34:54.632+0000] {logging_mixin.py:188} INFO - [2025-08-26T04:34:54.631+0000] {dag.py:3954} INFO - Setting next_dagrun for example_nested_branch_dag to 2025-08-25 00:00:00+00:00, run_after=2025-08-26 00:00:00+00:00
[2025-08-26T04:34:54.756+0000] {processor.py:183} INFO - Processing /home/airflow/.local/lib/python3.12/site-packages/airflow/example_dags/example_nested_branch_dag.py took 0.555 seconds
[2025-08-26T04:35:26.692+0000] {processor.py:161} INFO - Started process (PID=2656) to work on /home/airflow/.local/lib/python3.12/site-packages/airflow/example_dags/example_nested_branch_dag.py
[2025-08-26T04:35:26.713+0000] {processor.py:830} INFO - Processing file /home/airflow/.local/lib/python3.12/site-packages/airflow/example_dags/example_nested_branch_dag.py for tasks to queue
[2025-08-26T04:35:26.751+0000] {logging_mixin.py:188} INFO - [2025-08-26T04:35:26.750+0000] {dagbag.py:545} INFO - Filling up the DagBag from /home/airflow/.local/lib/python3.12/site-packages/airflow/example_dags/example_nested_branch_dag.py
[2025-08-26T04:35:26.891+0000] {processor.py:840} INFO - DAG(s) 'example_nested_branch_dag' retrieved from /home/airflow/.local/lib/python3.12/site-packages/airflow/example_dags/example_nested_branch_dag.py
[2025-08-26T04:35:27.184+0000] {logging_mixin.py:188} INFO - [2025-08-26T04:35:27.184+0000] {dag.py:3096} INFO - Sync 1 DAGs
[2025-08-26T04:35:27.405+0000] {logging_mixin.py:188} INFO - [2025-08-26T04:35:27.405+0000] {dag.py:3954} INFO - Setting next_dagrun for example_nested_branch_dag to 2025-08-25 00:00:00+00:00, run_after=2025-08-26 00:00:00+00:00
[2025-08-26T04:35:27.565+0000] {processor.py:183} INFO - Processing /home/airflow/.local/lib/python3.12/site-packages/airflow/example_dags/example_nested_branch_dag.py took 1.014 seconds
[2025-08-26T04:35:57.981+0000] {processor.py:161} INFO - Started process (PID=2926) to work on /home/airflow/.local/lib/python3.12/site-packages/airflow/example_dags/example_nested_branch_dag.py
[2025-08-26T04:35:57.985+0000] {processor.py:830} INFO - Processing file /home/airflow/.local/lib/python3.12/site-packages/airflow/example_dags/example_nested_branch_dag.py for tasks to queue
[2025-08-26T04:35:57.996+0000] {logging_mixin.py:188} INFO - [2025-08-26T04:35:57.995+0000] {dagbag.py:545} INFO - Filling up the DagBag from /home/airflow/.local/lib/python3.12/site-packages/airflow/example_dags/example_nested_branch_dag.py
[2025-08-26T04:35:58.068+0000] {processor.py:840} INFO - DAG(s) 'example_nested_branch_dag' retrieved from /home/airflow/.local/lib/python3.12/site-packages/airflow/example_dags/example_nested_branch_dag.py
[2025-08-26T04:35:58.246+0000] {logging_mixin.py:188} INFO - [2025-08-26T04:35:58.245+0000] {dag.py:3096} INFO - Sync 1 DAGs
[2025-08-26T04:35:58.407+0000] {logging_mixin.py:188} INFO - [2025-08-26T04:35:58.406+0000] {dag.py:3954} INFO - Setting next_dagrun for example_nested_branch_dag to 2025-08-25 00:00:00+00:00, run_after=2025-08-26 00:00:00+00:00
[2025-08-26T04:35:58.513+0000] {processor.py:183} INFO - Processing /home/airflow/.local/lib/python3.12/site-packages/airflow/example_dags/example_nested_branch_dag.py took 0.574 seconds
[2025-08-26T04:36:28.773+0000] {processor.py:161} INFO - Started process (PID=3187) to work on /home/airflow/.local/lib/python3.12/site-packages/airflow/example_dags/example_nested_branch_dag.py
[2025-08-26T04:36:28.808+0000] {processor.py:830} INFO - Processing file /home/airflow/.local/lib/python3.12/site-packages/airflow/example_dags/example_nested_branch_dag.py for tasks to queue
[2025-08-26T04:36:28.838+0000] {logging_mixin.py:188} INFO - [2025-08-26T04:36:28.835+0000] {dagbag.py:545} INFO - Filling up the DagBag from /home/airflow/.local/lib/python3.12/site-packages/airflow/example_dags/example_nested_branch_dag.py
[2025-08-26T04:36:28.914+0000] {processor.py:840} INFO - DAG(s) 'example_nested_branch_dag' retrieved from /home/airflow/.local/lib/python3.12/site-packages/airflow/example_dags/example_nested_branch_dag.py
[2025-08-26T04:36:29.085+0000] {logging_mixin.py:188} INFO - [2025-08-26T04:36:29.084+0000] {dag.py:3096} INFO - Sync 1 DAGs
[2025-08-26T04:36:29.306+0000] {logging_mixin.py:188} INFO - [2025-08-26T04:36:29.305+0000] {dag.py:3954} INFO - Setting next_dagrun for example_nested_branch_dag to 2025-08-25 00:00:00+00:00, run_after=2025-08-26 00:00:00+00:00
[2025-08-26T04:36:29.411+0000] {processor.py:183} INFO - Processing /home/airflow/.local/lib/python3.12/site-packages/airflow/example_dags/example_nested_branch_dag.py took 0.697 seconds
[2025-08-26T04:37:00.271+0000] {processor.py:161} INFO - Started process (PID=3446) to work on /home/airflow/.local/lib/python3.12/site-packages/airflow/example_dags/example_nested_branch_dag.py
[2025-08-26T04:37:00.274+0000] {processor.py:830} INFO - Processing file /home/airflow/.local/lib/python3.12/site-packages/airflow/example_dags/example_nested_branch_dag.py for tasks to queue
[2025-08-26T04:37:00.288+0000] {logging_mixin.py:188} INFO - [2025-08-26T04:37:00.287+0000] {dagbag.py:545} INFO - Filling up the DagBag from /home/airflow/.local/lib/python3.12/site-packages/airflow/example_dags/example_nested_branch_dag.py
[2025-08-26T04:37:00.342+0000] {processor.py:840} INFO - DAG(s) 'example_nested_branch_dag' retrieved from /home/airflow/.local/lib/python3.12/site-packages/airflow/example_dags/example_nested_branch_dag.py
[2025-08-26T04:37:00.603+0000] {logging_mixin.py:188} INFO - [2025-08-26T04:37:00.602+0000] {dag.py:3096} INFO - Sync 1 DAGs
[2025-08-26T04:37:00.748+0000] {logging_mixin.py:188} INFO - [2025-08-26T04:37:00.747+0000] {dag.py:3954} INFO - Setting next_dagrun for example_nested_branch_dag to 2025-08-25 00:00:00+00:00, run_after=2025-08-26 00:00:00+00:00
[2025-08-26T04:37:00.854+0000] {processor.py:183} INFO - Processing /home/airflow/.local/lib/python3.12/site-packages/airflow/example_dags/example_nested_branch_dag.py took 0.650 seconds
[2025-08-26T04:37:31.932+0000] {processor.py:161} INFO - Started process (PID=3705) to work on /home/airflow/.local/lib/python3.12/site-packages/airflow/example_dags/example_nested_branch_dag.py
[2025-08-26T04:37:31.935+0000] {processor.py:830} INFO - Processing file /home/airflow/.local/lib/python3.12/site-packages/airflow/example_dags/example_nested_branch_dag.py for tasks to queue
[2025-08-26T04:37:31.951+0000] {logging_mixin.py:188} INFO - [2025-08-26T04:37:31.949+0000] {dagbag.py:545} INFO - Filling up the DagBag from /home/airflow/.local/lib/python3.12/site-packages/airflow/example_dags/example_nested_branch_dag.py
[2025-08-26T04:37:32.051+0000] {processor.py:840} INFO - DAG(s) 'example_nested_branch_dag' retrieved from /home/airflow/.local/lib/python3.12/site-packages/airflow/example_dags/example_nested_branch_dag.py
[2025-08-26T04:37:32.317+0000] {logging_mixin.py:188} INFO - [2025-08-26T04:37:32.316+0000] {dag.py:3096} INFO - Sync 1 DAGs
[2025-08-26T04:37:32.773+0000] {logging_mixin.py:188} INFO - [2025-08-26T04:37:32.773+0000] {dag.py:3954} INFO - Setting next_dagrun for example_nested_branch_dag to 2025-08-25 00:00:00+00:00, run_after=2025-08-26 00:00:00+00:00
[2025-08-26T04:37:32.924+0000] {processor.py:183} INFO - Processing /home/airflow/.local/lib/python3.12/site-packages/airflow/example_dags/example_nested_branch_dag.py took 1.050 seconds
[2025-08-26T04:38:03.709+0000] {processor.py:161} INFO - Started process (PID=3967) to work on /home/airflow/.local/lib/python3.12/site-packages/airflow/example_dags/example_nested_branch_dag.py
[2025-08-26T04:38:03.715+0000] {processor.py:830} INFO - Processing file /home/airflow/.local/lib/python3.12/site-packages/airflow/example_dags/example_nested_branch_dag.py for tasks to queue
[2025-08-26T04:38:03.724+0000] {logging_mixin.py:188} INFO - [2025-08-26T04:38:03.722+0000] {dagbag.py:545} INFO - Filling up the DagBag from /home/airflow/.local/lib/python3.12/site-packages/airflow/example_dags/example_nested_branch_dag.py
[2025-08-26T04:38:03.882+0000] {processor.py:840} INFO - DAG(s) 'example_nested_branch_dag' retrieved from /home/airflow/.local/lib/python3.12/site-packages/airflow/example_dags/example_nested_branch_dag.py
[2025-08-26T04:38:04.241+0000] {logging_mixin.py:188} INFO - [2025-08-26T04:38:04.240+0000] {dag.py:3096} INFO - Sync 1 DAGs
[2025-08-26T04:38:04.382+0000] {logging_mixin.py:188} INFO - [2025-08-26T04:38:04.381+0000] {dag.py:3954} INFO - Setting next_dagrun for example_nested_branch_dag to 2025-08-25 00:00:00+00:00, run_after=2025-08-26 00:00:00+00:00
[2025-08-26T04:38:04.483+0000] {processor.py:183} INFO - Processing /home/airflow/.local/lib/python3.12/site-packages/airflow/example_dags/example_nested_branch_dag.py took 0.825 seconds
[2025-08-26T04:38:34.846+0000] {processor.py:161} INFO - Started process (PID=4231) to work on /home/airflow/.local/lib/python3.12/site-packages/airflow/example_dags/example_nested_branch_dag.py
[2025-08-26T04:38:34.849+0000] {processor.py:830} INFO - Processing file /home/airflow/.local/lib/python3.12/site-packages/airflow/example_dags/example_nested_branch_dag.py for tasks to queue
[2025-08-26T04:38:34.855+0000] {logging_mixin.py:188} INFO - [2025-08-26T04:38:34.854+0000] {dagbag.py:545} INFO - Filling up the DagBag from /home/airflow/.local/lib/python3.12/site-packages/airflow/example_dags/example_nested_branch_dag.py
[2025-08-26T04:38:34.882+0000] {processor.py:840} INFO - DAG(s) 'example_nested_branch_dag' retrieved from /home/airflow/.local/lib/python3.12/site-packages/airflow/example_dags/example_nested_branch_dag.py
[2025-08-26T04:38:34.944+0000] {logging_mixin.py:188} INFO - [2025-08-26T04:38:34.944+0000] {dag.py:3096} INFO - Sync 1 DAGs
[2025-08-26T04:38:35.013+0000] {logging_mixin.py:188} INFO - [2025-08-26T04:38:35.013+0000] {dag.py:3954} INFO - Setting next_dagrun for example_nested_branch_dag to 2025-08-25 00:00:00+00:00, run_after=2025-08-26 00:00:00+00:00
[2025-08-26T04:38:35.108+0000] {processor.py:183} INFO - Processing /home/airflow/.local/lib/python3.12/site-packages/airflow/example_dags/example_nested_branch_dag.py took 0.288 seconds
[2025-08-26T04:39:07.888+0000] {processor.py:161} INFO - Started process (PID=4491) to work on /home/airflow/.local/lib/python3.12/site-packages/airflow/example_dags/example_nested_branch_dag.py
[2025-08-26T04:39:07.898+0000] {processor.py:830} INFO - Processing file /home/airflow/.local/lib/python3.12/site-packages/airflow/example_dags/example_nested_branch_dag.py for tasks to queue
[2025-08-26T04:39:07.916+0000] {logging_mixin.py:188} INFO - [2025-08-26T04:39:07.915+0000] {dagbag.py:545} INFO - Filling up the DagBag from /home/airflow/.local/lib/python3.12/site-packages/airflow/example_dags/example_nested_branch_dag.py
[2025-08-26T04:39:07.986+0000] {processor.py:840} INFO - DAG(s) 'example_nested_branch_dag' retrieved from /home/airflow/.local/lib/python3.12/site-packages/airflow/example_dags/example_nested_branch_dag.py
[2025-08-26T04:39:08.165+0000] {logging_mixin.py:188} INFO - [2025-08-26T04:39:08.165+0000] {dag.py:3096} INFO - Sync 1 DAGs
[2025-08-26T04:39:08.347+0000] {logging_mixin.py:188} INFO - [2025-08-26T04:39:08.347+0000] {dag.py:3954} INFO - Setting next_dagrun for example_nested_branch_dag to 2025-08-25 00:00:00+00:00, run_after=2025-08-26 00:00:00+00:00
[2025-08-26T04:39:08.511+0000] {processor.py:183} INFO - Processing /home/airflow/.local/lib/python3.12/site-packages/airflow/example_dags/example_nested_branch_dag.py took 0.693 seconds
[2025-08-26T04:39:48.594+0000] {processor.py:161} INFO - Started process (PID=4745) to work on /home/airflow/.local/lib/python3.12/site-packages/airflow/example_dags/example_nested_branch_dag.py
[2025-08-26T04:39:48.610+0000] {processor.py:830} INFO - Processing file /home/airflow/.local/lib/python3.12/site-packages/airflow/example_dags/example_nested_branch_dag.py for tasks to queue
[2025-08-26T04:39:48.626+0000] {logging_mixin.py:188} INFO - [2025-08-26T04:39:48.625+0000] {dagbag.py:545} INFO - Filling up the DagBag from /home/airflow/.local/lib/python3.12/site-packages/airflow/example_dags/example_nested_branch_dag.py
[2025-08-26T04:39:48.715+0000] {processor.py:840} INFO - DAG(s) 'example_nested_branch_dag' retrieved from /home/airflow/.local/lib/python3.12/site-packages/airflow/example_dags/example_nested_branch_dag.py
[2025-08-26T04:39:49.066+0000] {logging_mixin.py:188} INFO - [2025-08-26T04:39:49.065+0000] {dag.py:3096} INFO - Sync 1 DAGs
[2025-08-26T04:39:49.477+0000] {logging_mixin.py:188} INFO - [2025-08-26T04:39:49.472+0000] {dag.py:3954} INFO - Setting next_dagrun for example_nested_branch_dag to 2025-08-25 00:00:00+00:00, run_after=2025-08-26 00:00:00+00:00
[2025-08-26T04:39:49.684+0000] {processor.py:183} INFO - Processing /home/airflow/.local/lib/python3.12/site-packages/airflow/example_dags/example_nested_branch_dag.py took 1.138 seconds
[2025-08-26T04:40:29.893+0000] {processor.py:161} INFO - Started process (PID=5015) to work on /home/airflow/.local/lib/python3.12/site-packages/airflow/example_dags/example_nested_branch_dag.py
[2025-08-26T04:40:29.901+0000] {processor.py:830} INFO - Processing file /home/airflow/.local/lib/python3.12/site-packages/airflow/example_dags/example_nested_branch_dag.py for tasks to queue
[2025-08-26T04:40:29.906+0000] {logging_mixin.py:188} INFO - [2025-08-26T04:40:29.905+0000] {dagbag.py:545} INFO - Filling up the DagBag from /home/airflow/.local/lib/python3.12/site-packages/airflow/example_dags/example_nested_branch_dag.py
[2025-08-26T04:40:29.980+0000] {processor.py:840} INFO - DAG(s) 'example_nested_branch_dag' retrieved from /home/airflow/.local/lib/python3.12/site-packages/airflow/example_dags/example_nested_branch_dag.py
[2025-08-26T04:40:30.152+0000] {logging_mixin.py:188} INFO - [2025-08-26T04:40:30.151+0000] {dag.py:3096} INFO - Sync 1 DAGs
[2025-08-26T04:40:30.383+0000] {logging_mixin.py:188} INFO - [2025-08-26T04:40:30.382+0000] {dag.py:3954} INFO - Setting next_dagrun for example_nested_branch_dag to 2025-08-25 00:00:00+00:00, run_after=2025-08-26 00:00:00+00:00
[2025-08-26T04:40:30.662+0000] {processor.py:183} INFO - Processing /home/airflow/.local/lib/python3.12/site-packages/airflow/example_dags/example_nested_branch_dag.py took 0.831 seconds
[2025-08-26T04:41:04.084+0000] {processor.py:161} INFO - Started process (PID=5285) to work on /home/airflow/.local/lib/python3.12/site-packages/airflow/example_dags/example_nested_branch_dag.py
[2025-08-26T04:41:04.102+0000] {processor.py:830} INFO - Processing file /home/airflow/.local/lib/python3.12/site-packages/airflow/example_dags/example_nested_branch_dag.py for tasks to queue
[2025-08-26T04:41:04.122+0000] {logging_mixin.py:188} INFO - [2025-08-26T04:41:04.115+0000] {dagbag.py:545} INFO - Filling up the DagBag from /home/airflow/.local/lib/python3.12/site-packages/airflow/example_dags/example_nested_branch_dag.py
[2025-08-26T04:41:04.290+0000] {processor.py:840} INFO - DAG(s) 'example_nested_branch_dag' retrieved from /home/airflow/.local/lib/python3.12/site-packages/airflow/example_dags/example_nested_branch_dag.py
[2025-08-26T04:41:04.699+0000] {logging_mixin.py:188} INFO - [2025-08-26T04:41:04.699+0000] {dag.py:3096} INFO - Sync 1 DAGs
[2025-08-26T04:41:05.005+0000] {logging_mixin.py:188} INFO - [2025-08-26T04:41:05.005+0000] {dag.py:3954} INFO - Setting next_dagrun for example_nested_branch_dag to 2025-08-25 00:00:00+00:00, run_after=2025-08-26 00:00:00+00:00
[2025-08-26T04:41:05.224+0000] {processor.py:183} INFO - Processing /home/airflow/.local/lib/python3.12/site-packages/airflow/example_dags/example_nested_branch_dag.py took 1.231 seconds
[2025-08-26T04:41:39.227+0000] {processor.py:161} INFO - Started process (PID=5544) to work on /home/airflow/.local/lib/python3.12/site-packages/airflow/example_dags/example_nested_branch_dag.py
[2025-08-26T04:41:39.233+0000] {processor.py:830} INFO - Processing file /home/airflow/.local/lib/python3.12/site-packages/airflow/example_dags/example_nested_branch_dag.py for tasks to queue
[2025-08-26T04:41:39.249+0000] {logging_mixin.py:188} INFO - [2025-08-26T04:41:39.248+0000] {dagbag.py:545} INFO - Filling up the DagBag from /home/airflow/.local/lib/python3.12/site-packages/airflow/example_dags/example_nested_branch_dag.py
[2025-08-26T04:41:39.312+0000] {processor.py:840} INFO - DAG(s) 'example_nested_branch_dag' retrieved from /home/airflow/.local/lib/python3.12/site-packages/airflow/example_dags/example_nested_branch_dag.py
[2025-08-26T04:41:39.515+0000] {logging_mixin.py:188} INFO - [2025-08-26T04:41:39.514+0000] {dag.py:3096} INFO - Sync 1 DAGs
[2025-08-26T04:41:39.676+0000] {logging_mixin.py:188} INFO - [2025-08-26T04:41:39.675+0000] {dag.py:3954} INFO - Setting next_dagrun for example_nested_branch_dag to 2025-08-25 00:00:00+00:00, run_after=2025-08-26 00:00:00+00:00
[2025-08-26T04:41:39.817+0000] {processor.py:183} INFO - Processing /home/airflow/.local/lib/python3.12/site-packages/airflow/example_dags/example_nested_branch_dag.py took 0.640 seconds
[2025-08-26T04:42:12.394+0000] {processor.py:161} INFO - Started process (PID=5796) to work on /home/airflow/.local/lib/python3.12/site-packages/airflow/example_dags/example_nested_branch_dag.py
[2025-08-26T04:42:12.402+0000] {processor.py:830} INFO - Processing file /home/airflow/.local/lib/python3.12/site-packages/airflow/example_dags/example_nested_branch_dag.py for tasks to queue
[2025-08-26T04:42:12.419+0000] {logging_mixin.py:188} INFO - [2025-08-26T04:42:12.411+0000] {dagbag.py:545} INFO - Filling up the DagBag from /home/airflow/.local/lib/python3.12/site-packages/airflow/example_dags/example_nested_branch_dag.py
[2025-08-26T04:42:12.494+0000] {processor.py:840} INFO - DAG(s) 'example_nested_branch_dag' retrieved from /home/airflow/.local/lib/python3.12/site-packages/airflow/example_dags/example_nested_branch_dag.py
[2025-08-26T04:42:12.712+0000] {logging_mixin.py:188} INFO - [2025-08-26T04:42:12.711+0000] {dag.py:3096} INFO - Sync 1 DAGs
[2025-08-26T04:42:12.918+0000] {logging_mixin.py:188} INFO - [2025-08-26T04:42:12.917+0000] {dag.py:3954} INFO - Setting next_dagrun for example_nested_branch_dag to 2025-08-25 00:00:00+00:00, run_after=2025-08-26 00:00:00+00:00
[2025-08-26T04:42:13.115+0000] {processor.py:183} INFO - Processing /home/airflow/.local/lib/python3.12/site-packages/airflow/example_dags/example_nested_branch_dag.py took 0.812 seconds
[2025-08-26T04:42:48.184+0000] {processor.py:161} INFO - Started process (PID=6032) to work on /home/airflow/.local/lib/python3.12/site-packages/airflow/example_dags/example_nested_branch_dag.py
[2025-08-26T04:42:48.196+0000] {processor.py:830} INFO - Processing file /home/airflow/.local/lib/python3.12/site-packages/airflow/example_dags/example_nested_branch_dag.py for tasks to queue
[2025-08-26T04:42:48.204+0000] {logging_mixin.py:188} INFO - [2025-08-26T04:42:48.202+0000] {dagbag.py:545} INFO - Filling up the DagBag from /home/airflow/.local/lib/python3.12/site-packages/airflow/example_dags/example_nested_branch_dag.py
[2025-08-26T04:42:48.307+0000] {processor.py:840} INFO - DAG(s) 'example_nested_branch_dag' retrieved from /home/airflow/.local/lib/python3.12/site-packages/airflow/example_dags/example_nested_branch_dag.py
[2025-08-26T04:42:48.600+0000] {logging_mixin.py:188} INFO - [2025-08-26T04:42:48.599+0000] {dag.py:3096} INFO - Sync 1 DAGs
[2025-08-26T04:42:49.073+0000] {logging_mixin.py:188} INFO - [2025-08-26T04:42:49.061+0000] {dag.py:3954} INFO - Setting next_dagrun for example_nested_branch_dag to 2025-08-25 00:00:00+00:00, run_after=2025-08-26 00:00:00+00:00
[2025-08-26T04:42:49.421+0000] {processor.py:183} INFO - Processing /home/airflow/.local/lib/python3.12/site-packages/airflow/example_dags/example_nested_branch_dag.py took 1.275 seconds
[2025-08-26T04:43:21.701+0000] {processor.py:161} INFO - Started process (PID=6296) to work on /home/airflow/.local/lib/python3.12/site-packages/airflow/example_dags/example_nested_branch_dag.py
[2025-08-26T04:43:21.725+0000] {processor.py:830} INFO - Processing file /home/airflow/.local/lib/python3.12/site-packages/airflow/example_dags/example_nested_branch_dag.py for tasks to queue
[2025-08-26T04:43:21.741+0000] {logging_mixin.py:188} INFO - [2025-08-26T04:43:21.739+0000] {dagbag.py:545} INFO - Filling up the DagBag from /home/airflow/.local/lib/python3.12/site-packages/airflow/example_dags/example_nested_branch_dag.py
[2025-08-26T04:43:21.857+0000] {processor.py:840} INFO - DAG(s) 'example_nested_branch_dag' retrieved from /home/airflow/.local/lib/python3.12/site-packages/airflow/example_dags/example_nested_branch_dag.py
[2025-08-26T04:43:22.079+0000] {logging_mixin.py:188} INFO - [2025-08-26T04:43:22.078+0000] {dag.py:3096} INFO - Sync 1 DAGs
[2025-08-26T04:43:22.310+0000] {logging_mixin.py:188} INFO - [2025-08-26T04:43:22.310+0000] {dag.py:3954} INFO - Setting next_dagrun for example_nested_branch_dag to 2025-08-25 00:00:00+00:00, run_after=2025-08-26 00:00:00+00:00
[2025-08-26T04:43:22.538+0000] {processor.py:183} INFO - Processing /home/airflow/.local/lib/python3.12/site-packages/airflow/example_dags/example_nested_branch_dag.py took 0.894 seconds
[2025-08-26T04:43:57.079+0000] {processor.py:161} INFO - Started process (PID=6515) to work on /home/airflow/.local/lib/python3.12/site-packages/airflow/example_dags/example_nested_branch_dag.py
[2025-08-26T04:43:57.086+0000] {processor.py:830} INFO - Processing file /home/airflow/.local/lib/python3.12/site-packages/airflow/example_dags/example_nested_branch_dag.py for tasks to queue
[2025-08-26T04:43:57.113+0000] {logging_mixin.py:188} INFO - [2025-08-26T04:43:57.112+0000] {dagbag.py:545} INFO - Filling up the DagBag from /home/airflow/.local/lib/python3.12/site-packages/airflow/example_dags/example_nested_branch_dag.py
[2025-08-26T04:43:57.184+0000] {processor.py:840} INFO - DAG(s) 'example_nested_branch_dag' retrieved from /home/airflow/.local/lib/python3.12/site-packages/airflow/example_dags/example_nested_branch_dag.py
[2025-08-26T04:43:57.300+0000] {logging_mixin.py:188} INFO - [2025-08-26T04:43:57.298+0000] {dag.py:3096} INFO - Sync 1 DAGs
[2025-08-26T04:43:57.466+0000] {logging_mixin.py:188} INFO - [2025-08-26T04:43:57.463+0000] {dag.py:3954} INFO - Setting next_dagrun for example_nested_branch_dag to 2025-08-25 00:00:00+00:00, run_after=2025-08-26 00:00:00+00:00
[2025-08-26T04:43:57.573+0000] {processor.py:183} INFO - Processing /home/airflow/.local/lib/python3.12/site-packages/airflow/example_dags/example_nested_branch_dag.py took 0.539 seconds
[2025-08-26T04:44:32.631+0000] {processor.py:161} INFO - Started process (PID=6776) to work on /home/airflow/.local/lib/python3.12/site-packages/airflow/example_dags/example_nested_branch_dag.py
[2025-08-26T04:44:32.635+0000] {processor.py:830} INFO - Processing file /home/airflow/.local/lib/python3.12/site-packages/airflow/example_dags/example_nested_branch_dag.py for tasks to queue
[2025-08-26T04:44:32.643+0000] {logging_mixin.py:188} INFO - [2025-08-26T04:44:32.642+0000] {dagbag.py:545} INFO - Filling up the DagBag from /home/airflow/.local/lib/python3.12/site-packages/airflow/example_dags/example_nested_branch_dag.py
[2025-08-26T04:44:32.699+0000] {processor.py:840} INFO - DAG(s) 'example_nested_branch_dag' retrieved from /home/airflow/.local/lib/python3.12/site-packages/airflow/example_dags/example_nested_branch_dag.py
[2025-08-26T04:44:32.860+0000] {logging_mixin.py:188} INFO - [2025-08-26T04:44:32.856+0000] {dag.py:3096} INFO - Sync 1 DAGs
[2025-08-26T04:44:32.998+0000] {logging_mixin.py:188} INFO - [2025-08-26T04:44:32.997+0000] {dag.py:3954} INFO - Setting next_dagrun for example_nested_branch_dag to 2025-08-25 00:00:00+00:00, run_after=2025-08-26 00:00:00+00:00
[2025-08-26T04:44:33.183+0000] {processor.py:183} INFO - Processing /home/airflow/.local/lib/python3.12/site-packages/airflow/example_dags/example_nested_branch_dag.py took 0.587 seconds
[2025-08-26T04:45:08.065+0000] {processor.py:161} INFO - Started process (PID=7039) to work on /home/airflow/.local/lib/python3.12/site-packages/airflow/example_dags/example_nested_branch_dag.py
[2025-08-26T04:45:08.069+0000] {processor.py:830} INFO - Processing file /home/airflow/.local/lib/python3.12/site-packages/airflow/example_dags/example_nested_branch_dag.py for tasks to queue
[2025-08-26T04:45:08.094+0000] {logging_mixin.py:188} INFO - [2025-08-26T04:45:08.089+0000] {dagbag.py:545} INFO - Filling up the DagBag from /home/airflow/.local/lib/python3.12/site-packages/airflow/example_dags/example_nested_branch_dag.py
[2025-08-26T04:45:08.204+0000] {processor.py:840} INFO - DAG(s) 'example_nested_branch_dag' retrieved from /home/airflow/.local/lib/python3.12/site-packages/airflow/example_dags/example_nested_branch_dag.py
[2025-08-26T04:45:08.383+0000] {logging_mixin.py:188} INFO - [2025-08-26T04:45:08.383+0000] {dag.py:3096} INFO - Sync 1 DAGs
[2025-08-26T04:45:08.530+0000] {logging_mixin.py:188} INFO - [2025-08-26T04:45:08.529+0000] {dag.py:3954} INFO - Setting next_dagrun for example_nested_branch_dag to 2025-08-25 00:00:00+00:00, run_after=2025-08-26 00:00:00+00:00
[2025-08-26T04:45:08.641+0000] {processor.py:183} INFO - Processing /home/airflow/.local/lib/python3.12/site-packages/airflow/example_dags/example_nested_branch_dag.py took 0.688 seconds
[2025-08-26T04:45:44.014+0000] {processor.py:161} INFO - Started process (PID=7300) to work on /home/airflow/.local/lib/python3.12/site-packages/airflow/example_dags/example_nested_branch_dag.py
[2025-08-26T04:45:44.038+0000] {processor.py:830} INFO - Processing file /home/airflow/.local/lib/python3.12/site-packages/airflow/example_dags/example_nested_branch_dag.py for tasks to queue
[2025-08-26T04:45:44.061+0000] {logging_mixin.py:188} INFO - [2025-08-26T04:45:44.054+0000] {dagbag.py:545} INFO - Filling up the DagBag from /home/airflow/.local/lib/python3.12/site-packages/airflow/example_dags/example_nested_branch_dag.py
[2025-08-26T04:45:44.191+0000] {processor.py:840} INFO - DAG(s) 'example_nested_branch_dag' retrieved from /home/airflow/.local/lib/python3.12/site-packages/airflow/example_dags/example_nested_branch_dag.py
[2025-08-26T04:45:44.526+0000] {logging_mixin.py:188} INFO - [2025-08-26T04:45:44.525+0000] {dag.py:3096} INFO - Sync 1 DAGs
[2025-08-26T04:45:44.745+0000] {logging_mixin.py:188} INFO - [2025-08-26T04:45:44.744+0000] {dag.py:3954} INFO - Setting next_dagrun for example_nested_branch_dag to 2025-08-25 00:00:00+00:00, run_after=2025-08-26 00:00:00+00:00
[2025-08-26T04:45:44.960+0000] {processor.py:183} INFO - Processing /home/airflow/.local/lib/python3.12/site-packages/airflow/example_dags/example_nested_branch_dag.py took 1.127 seconds
[2025-08-26T04:46:27.037+0000] {processor.py:161} INFO - Started process (PID=7572) to work on /home/airflow/.local/lib/python3.12/site-packages/airflow/example_dags/example_nested_branch_dag.py
[2025-08-26T04:46:27.057+0000] {processor.py:830} INFO - Processing file /home/airflow/.local/lib/python3.12/site-packages/airflow/example_dags/example_nested_branch_dag.py for tasks to queue
[2025-08-26T04:46:27.068+0000] {logging_mixin.py:188} INFO - [2025-08-26T04:46:27.066+0000] {dagbag.py:545} INFO - Filling up the DagBag from /home/airflow/.local/lib/python3.12/site-packages/airflow/example_dags/example_nested_branch_dag.py
[2025-08-26T04:46:27.137+0000] {processor.py:840} INFO - DAG(s) 'example_nested_branch_dag' retrieved from /home/airflow/.local/lib/python3.12/site-packages/airflow/example_dags/example_nested_branch_dag.py
[2025-08-26T04:46:27.474+0000] {logging_mixin.py:188} INFO - [2025-08-26T04:46:27.460+0000] {dag.py:3096} INFO - Sync 1 DAGs
[2025-08-26T04:46:27.621+0000] {logging_mixin.py:188} INFO - [2025-08-26T04:46:27.620+0000] {dag.py:3954} INFO - Setting next_dagrun for example_nested_branch_dag to 2025-08-25 00:00:00+00:00, run_after=2025-08-26 00:00:00+00:00
[2025-08-26T04:46:27.800+0000] {processor.py:183} INFO - Processing /home/airflow/.local/lib/python3.12/site-packages/airflow/example_dags/example_nested_branch_dag.py took 0.834 seconds
[2025-08-26T04:46:59.950+0000] {processor.py:161} INFO - Started process (PID=7833) to work on /home/airflow/.local/lib/python3.12/site-packages/airflow/example_dags/example_nested_branch_dag.py
[2025-08-26T04:46:59.977+0000] {processor.py:830} INFO - Processing file /home/airflow/.local/lib/python3.12/site-packages/airflow/example_dags/example_nested_branch_dag.py for tasks to queue
[2025-08-26T04:47:00.031+0000] {logging_mixin.py:188} INFO - [2025-08-26T04:47:00.029+0000] {dagbag.py:545} INFO - Filling up the DagBag from /home/airflow/.local/lib/python3.12/site-packages/airflow/example_dags/example_nested_branch_dag.py
[2025-08-26T04:47:00.179+0000] {processor.py:840} INFO - DAG(s) 'example_nested_branch_dag' retrieved from /home/airflow/.local/lib/python3.12/site-packages/airflow/example_dags/example_nested_branch_dag.py
[2025-08-26T04:47:00.428+0000] {logging_mixin.py:188} INFO - [2025-08-26T04:47:00.427+0000] {dag.py:3096} INFO - Sync 1 DAGs
[2025-08-26T04:47:00.690+0000] {logging_mixin.py:188} INFO - [2025-08-26T04:47:00.689+0000] {dag.py:3954} INFO - Setting next_dagrun for example_nested_branch_dag to 2025-08-25 00:00:00+00:00, run_after=2025-08-26 00:00:00+00:00
[2025-08-26T04:47:00.882+0000] {processor.py:183} INFO - Processing /home/airflow/.local/lib/python3.12/site-packages/airflow/example_dags/example_nested_branch_dag.py took 1.056 seconds
[2025-08-26T04:49:31.138+0000] {processor.py:161} INFO - Started process (PID=283) to work on /home/airflow/.local/lib/python3.12/site-packages/airflow/example_dags/example_nested_branch_dag.py
[2025-08-26T04:49:31.157+0000] {processor.py:830} INFO - Processing file /home/airflow/.local/lib/python3.12/site-packages/airflow/example_dags/example_nested_branch_dag.py for tasks to queue
[2025-08-26T04:49:31.172+0000] {logging_mixin.py:188} INFO - [2025-08-26T04:49:31.171+0000] {dagbag.py:545} INFO - Filling up the DagBag from /home/airflow/.local/lib/python3.12/site-packages/airflow/example_dags/example_nested_branch_dag.py
[2025-08-26T04:49:31.259+0000] {processor.py:840} INFO - DAG(s) 'example_nested_branch_dag' retrieved from /home/airflow/.local/lib/python3.12/site-packages/airflow/example_dags/example_nested_branch_dag.py
[2025-08-26T04:49:32.128+0000] {logging_mixin.py:188} INFO - [2025-08-26T04:49:32.127+0000] {dag.py:3096} INFO - Sync 1 DAGs
[2025-08-26T04:49:32.393+0000] {logging_mixin.py:188} INFO - [2025-08-26T04:49:32.392+0000] {dag.py:3954} INFO - Setting next_dagrun for example_nested_branch_dag to 2025-08-25 00:00:00+00:00, run_after=2025-08-26 00:00:00+00:00
[2025-08-26T04:49:32.633+0000] {processor.py:183} INFO - Processing /home/airflow/.local/lib/python3.12/site-packages/airflow/example_dags/example_nested_branch_dag.py took 1.624 seconds
[2025-08-26T04:50:09.061+0000] {processor.py:161} INFO - Started process (PID=545) to work on /home/airflow/.local/lib/python3.12/site-packages/airflow/example_dags/example_nested_branch_dag.py
[2025-08-26T04:50:09.073+0000] {processor.py:830} INFO - Processing file /home/airflow/.local/lib/python3.12/site-packages/airflow/example_dags/example_nested_branch_dag.py for tasks to queue
[2025-08-26T04:50:09.080+0000] {logging_mixin.py:188} INFO - [2025-08-26T04:50:09.079+0000] {dagbag.py:545} INFO - Filling up the DagBag from /home/airflow/.local/lib/python3.12/site-packages/airflow/example_dags/example_nested_branch_dag.py
[2025-08-26T04:50:09.186+0000] {processor.py:840} INFO - DAG(s) 'example_nested_branch_dag' retrieved from /home/airflow/.local/lib/python3.12/site-packages/airflow/example_dags/example_nested_branch_dag.py
[2025-08-26T04:50:09.388+0000] {logging_mixin.py:188} INFO - [2025-08-26T04:50:09.387+0000] {dag.py:3096} INFO - Sync 1 DAGs
[2025-08-26T04:50:09.510+0000] {logging_mixin.py:188} INFO - [2025-08-26T04:50:09.509+0000] {dag.py:3954} INFO - Setting next_dagrun for example_nested_branch_dag to 2025-08-25 00:00:00+00:00, run_after=2025-08-26 00:00:00+00:00
[2025-08-26T04:50:09.628+0000] {processor.py:183} INFO - Processing /home/airflow/.local/lib/python3.12/site-packages/airflow/example_dags/example_nested_branch_dag.py took 0.611 seconds
[2025-08-26T04:50:41.395+0000] {processor.py:161} INFO - Started process (PID=807) to work on /home/airflow/.local/lib/python3.12/site-packages/airflow/example_dags/example_nested_branch_dag.py
[2025-08-26T04:50:41.399+0000] {processor.py:830} INFO - Processing file /home/airflow/.local/lib/python3.12/site-packages/airflow/example_dags/example_nested_branch_dag.py for tasks to queue
[2025-08-26T04:50:41.407+0000] {logging_mixin.py:188} INFO - [2025-08-26T04:50:41.405+0000] {dagbag.py:545} INFO - Filling up the DagBag from /home/airflow/.local/lib/python3.12/site-packages/airflow/example_dags/example_nested_branch_dag.py
[2025-08-26T04:50:41.458+0000] {processor.py:840} INFO - DAG(s) 'example_nested_branch_dag' retrieved from /home/airflow/.local/lib/python3.12/site-packages/airflow/example_dags/example_nested_branch_dag.py
[2025-08-26T04:50:41.631+0000] {logging_mixin.py:188} INFO - [2025-08-26T04:50:41.630+0000] {dag.py:3096} INFO - Sync 1 DAGs
[2025-08-26T04:50:41.812+0000] {logging_mixin.py:188} INFO - [2025-08-26T04:50:41.811+0000] {dag.py:3954} INFO - Setting next_dagrun for example_nested_branch_dag to 2025-08-25 00:00:00+00:00, run_after=2025-08-26 00:00:00+00:00
[2025-08-26T04:50:41.933+0000] {processor.py:183} INFO - Processing /home/airflow/.local/lib/python3.12/site-packages/airflow/example_dags/example_nested_branch_dag.py took 0.570 seconds
[2025-08-26T04:51:16.306+0000] {processor.py:161} INFO - Started process (PID=1069) to work on /home/airflow/.local/lib/python3.12/site-packages/airflow/example_dags/example_nested_branch_dag.py
[2025-08-26T04:51:16.321+0000] {processor.py:830} INFO - Processing file /home/airflow/.local/lib/python3.12/site-packages/airflow/example_dags/example_nested_branch_dag.py for tasks to queue
[2025-08-26T04:51:16.338+0000] {logging_mixin.py:188} INFO - [2025-08-26T04:51:16.337+0000] {dagbag.py:545} INFO - Filling up the DagBag from /home/airflow/.local/lib/python3.12/site-packages/airflow/example_dags/example_nested_branch_dag.py
[2025-08-26T04:51:16.492+0000] {processor.py:840} INFO - DAG(s) 'example_nested_branch_dag' retrieved from /home/airflow/.local/lib/python3.12/site-packages/airflow/example_dags/example_nested_branch_dag.py
[2025-08-26T04:51:16.679+0000] {logging_mixin.py:188} INFO - [2025-08-26T04:51:16.671+0000] {dag.py:3096} INFO - Sync 1 DAGs
[2025-08-26T04:51:16.863+0000] {logging_mixin.py:188} INFO - [2025-08-26T04:51:16.862+0000] {dag.py:3954} INFO - Setting next_dagrun for example_nested_branch_dag to 2025-08-25 00:00:00+00:00, run_after=2025-08-26 00:00:00+00:00
[2025-08-26T04:51:17.054+0000] {processor.py:183} INFO - Processing /home/airflow/.local/lib/python3.12/site-packages/airflow/example_dags/example_nested_branch_dag.py took 0.804 seconds
[2025-08-26T04:51:50.602+0000] {processor.py:161} INFO - Started process (PID=1333) to work on /home/airflow/.local/lib/python3.12/site-packages/airflow/example_dags/example_nested_branch_dag.py
[2025-08-26T04:51:50.606+0000] {processor.py:830} INFO - Processing file /home/airflow/.local/lib/python3.12/site-packages/airflow/example_dags/example_nested_branch_dag.py for tasks to queue
[2025-08-26T04:51:50.613+0000] {logging_mixin.py:188} INFO - [2025-08-26T04:51:50.612+0000] {dagbag.py:545} INFO - Filling up the DagBag from /home/airflow/.local/lib/python3.12/site-packages/airflow/example_dags/example_nested_branch_dag.py
[2025-08-26T04:51:50.694+0000] {processor.py:840} INFO - DAG(s) 'example_nested_branch_dag' retrieved from /home/airflow/.local/lib/python3.12/site-packages/airflow/example_dags/example_nested_branch_dag.py
[2025-08-26T04:51:50.849+0000] {logging_mixin.py:188} INFO - [2025-08-26T04:51:50.848+0000] {dag.py:3096} INFO - Sync 1 DAGs
[2025-08-26T04:51:51.010+0000] {logging_mixin.py:188} INFO - [2025-08-26T04:51:51.009+0000] {dag.py:3954} INFO - Setting next_dagrun for example_nested_branch_dag to 2025-08-25 00:00:00+00:00, run_after=2025-08-26 00:00:00+00:00
[2025-08-26T04:51:51.156+0000] {processor.py:183} INFO - Processing /home/airflow/.local/lib/python3.12/site-packages/airflow/example_dags/example_nested_branch_dag.py took 0.594 seconds
[2025-08-26T04:52:26.658+0000] {processor.py:161} INFO - Started process (PID=1592) to work on /home/airflow/.local/lib/python3.12/site-packages/airflow/example_dags/example_nested_branch_dag.py
[2025-08-26T04:52:26.698+0000] {processor.py:830} INFO - Processing file /home/airflow/.local/lib/python3.12/site-packages/airflow/example_dags/example_nested_branch_dag.py for tasks to queue
[2025-08-26T04:52:26.730+0000] {logging_mixin.py:188} INFO - [2025-08-26T04:52:26.729+0000] {dagbag.py:545} INFO - Filling up the DagBag from /home/airflow/.local/lib/python3.12/site-packages/airflow/example_dags/example_nested_branch_dag.py
[2025-08-26T04:52:27.255+0000] {processor.py:840} INFO - DAG(s) 'example_nested_branch_dag' retrieved from /home/airflow/.local/lib/python3.12/site-packages/airflow/example_dags/example_nested_branch_dag.py
[2025-08-26T04:52:28.238+0000] {logging_mixin.py:188} INFO - [2025-08-26T04:52:28.237+0000] {dag.py:3096} INFO - Sync 1 DAGs
[2025-08-26T04:52:29.062+0000] {logging_mixin.py:188} INFO - [2025-08-26T04:52:29.061+0000] {dag.py:3954} INFO - Setting next_dagrun for example_nested_branch_dag to 2025-08-25 00:00:00+00:00, run_after=2025-08-26 00:00:00+00:00
[2025-08-26T04:52:29.461+0000] {processor.py:183} INFO - Processing /home/airflow/.local/lib/python3.12/site-packages/airflow/example_dags/example_nested_branch_dag.py took 2.925 seconds
[2025-08-26T04:53:04.339+0000] {processor.py:161} INFO - Started process (PID=1859) to work on /home/airflow/.local/lib/python3.12/site-packages/airflow/example_dags/example_nested_branch_dag.py
[2025-08-26T04:53:04.342+0000] {processor.py:830} INFO - Processing file /home/airflow/.local/lib/python3.12/site-packages/airflow/example_dags/example_nested_branch_dag.py for tasks to queue
[2025-08-26T04:53:04.356+0000] {logging_mixin.py:188} INFO - [2025-08-26T04:53:04.354+0000] {dagbag.py:545} INFO - Filling up the DagBag from /home/airflow/.local/lib/python3.12/site-packages/airflow/example_dags/example_nested_branch_dag.py
[2025-08-26T04:53:04.411+0000] {processor.py:840} INFO - DAG(s) 'example_nested_branch_dag' retrieved from /home/airflow/.local/lib/python3.12/site-packages/airflow/example_dags/example_nested_branch_dag.py
[2025-08-26T04:53:04.549+0000] {logging_mixin.py:188} INFO - [2025-08-26T04:53:04.548+0000] {dag.py:3096} INFO - Sync 1 DAGs
[2025-08-26T04:53:04.665+0000] {logging_mixin.py:188} INFO - [2025-08-26T04:53:04.664+0000] {dag.py:3954} INFO - Setting next_dagrun for example_nested_branch_dag to 2025-08-25 00:00:00+00:00, run_after=2025-08-26 00:00:00+00:00
[2025-08-26T04:53:04.746+0000] {processor.py:183} INFO - Processing /home/airflow/.local/lib/python3.12/site-packages/airflow/example_dags/example_nested_branch_dag.py took 0.444 seconds
[2025-08-26T04:53:34.992+0000] {processor.py:161} INFO - Started process (PID=2115) to work on /home/airflow/.local/lib/python3.12/site-packages/airflow/example_dags/example_nested_branch_dag.py
[2025-08-26T04:53:34.998+0000] {processor.py:830} INFO - Processing file /home/airflow/.local/lib/python3.12/site-packages/airflow/example_dags/example_nested_branch_dag.py for tasks to queue
[2025-08-26T04:53:35.006+0000] {logging_mixin.py:188} INFO - [2025-08-26T04:53:35.003+0000] {dagbag.py:545} INFO - Filling up the DagBag from /home/airflow/.local/lib/python3.12/site-packages/airflow/example_dags/example_nested_branch_dag.py
[2025-08-26T04:53:35.081+0000] {processor.py:840} INFO - DAG(s) 'example_nested_branch_dag' retrieved from /home/airflow/.local/lib/python3.12/site-packages/airflow/example_dags/example_nested_branch_dag.py
[2025-08-26T04:53:35.219+0000] {logging_mixin.py:188} INFO - [2025-08-26T04:53:35.218+0000] {dag.py:3096} INFO - Sync 1 DAGs
[2025-08-26T04:53:35.422+0000] {logging_mixin.py:188} INFO - [2025-08-26T04:53:35.420+0000] {dag.py:3954} INFO - Setting next_dagrun for example_nested_branch_dag to 2025-08-25 00:00:00+00:00, run_after=2025-08-26 00:00:00+00:00
[2025-08-26T04:53:35.600+0000] {processor.py:183} INFO - Processing /home/airflow/.local/lib/python3.12/site-packages/airflow/example_dags/example_nested_branch_dag.py took 0.643 seconds
[2025-08-26T04:54:06.135+0000] {processor.py:161} INFO - Started process (PID=2377) to work on /home/airflow/.local/lib/python3.12/site-packages/airflow/example_dags/example_nested_branch_dag.py
[2025-08-26T04:54:06.139+0000] {processor.py:830} INFO - Processing file /home/airflow/.local/lib/python3.12/site-packages/airflow/example_dags/example_nested_branch_dag.py for tasks to queue
[2025-08-26T04:54:06.151+0000] {logging_mixin.py:188} INFO - [2025-08-26T04:54:06.150+0000] {dagbag.py:545} INFO - Filling up the DagBag from /home/airflow/.local/lib/python3.12/site-packages/airflow/example_dags/example_nested_branch_dag.py
[2025-08-26T04:54:06.211+0000] {processor.py:840} INFO - DAG(s) 'example_nested_branch_dag' retrieved from /home/airflow/.local/lib/python3.12/site-packages/airflow/example_dags/example_nested_branch_dag.py
[2025-08-26T04:54:06.315+0000] {logging_mixin.py:188} INFO - [2025-08-26T04:54:06.315+0000] {dag.py:3096} INFO - Sync 1 DAGs
[2025-08-26T04:54:06.419+0000] {logging_mixin.py:188} INFO - [2025-08-26T04:54:06.415+0000] {dag.py:3954} INFO - Setting next_dagrun for example_nested_branch_dag to 2025-08-25 00:00:00+00:00, run_after=2025-08-26 00:00:00+00:00
[2025-08-26T04:54:06.532+0000] {processor.py:183} INFO - Processing /home/airflow/.local/lib/python3.12/site-packages/airflow/example_dags/example_nested_branch_dag.py took 0.438 seconds
[2025-08-26T04:54:42.160+0000] {processor.py:161} INFO - Started process (PID=2639) to work on /home/airflow/.local/lib/python3.12/site-packages/airflow/example_dags/example_nested_branch_dag.py
[2025-08-26T04:54:42.166+0000] {processor.py:830} INFO - Processing file /home/airflow/.local/lib/python3.12/site-packages/airflow/example_dags/example_nested_branch_dag.py for tasks to queue
[2025-08-26T04:54:42.174+0000] {logging_mixin.py:188} INFO - [2025-08-26T04:54:42.173+0000] {dagbag.py:545} INFO - Filling up the DagBag from /home/airflow/.local/lib/python3.12/site-packages/airflow/example_dags/example_nested_branch_dag.py
[2025-08-26T04:54:42.256+0000] {processor.py:840} INFO - DAG(s) 'example_nested_branch_dag' retrieved from /home/airflow/.local/lib/python3.12/site-packages/airflow/example_dags/example_nested_branch_dag.py
[2025-08-26T04:54:42.440+0000] {logging_mixin.py:188} INFO - [2025-08-26T04:54:42.440+0000] {dag.py:3096} INFO - Sync 1 DAGs
[2025-08-26T04:54:42.573+0000] {logging_mixin.py:188} INFO - [2025-08-26T04:54:42.572+0000] {dag.py:3954} INFO - Setting next_dagrun for example_nested_branch_dag to 2025-08-25 00:00:00+00:00, run_after=2025-08-26 00:00:00+00:00
[2025-08-26T04:54:42.692+0000] {processor.py:183} INFO - Processing /home/airflow/.local/lib/python3.12/site-packages/airflow/example_dags/example_nested_branch_dag.py took 0.579 seconds
[2025-08-26T04:55:15.133+0000] {processor.py:161} INFO - Started process (PID=2901) to work on /home/airflow/.local/lib/python3.12/site-packages/airflow/example_dags/example_nested_branch_dag.py
[2025-08-26T04:55:15.137+0000] {processor.py:830} INFO - Processing file /home/airflow/.local/lib/python3.12/site-packages/airflow/example_dags/example_nested_branch_dag.py for tasks to queue
[2025-08-26T04:55:15.146+0000] {logging_mixin.py:188} INFO - [2025-08-26T04:55:15.145+0000] {dagbag.py:545} INFO - Filling up the DagBag from /home/airflow/.local/lib/python3.12/site-packages/airflow/example_dags/example_nested_branch_dag.py
[2025-08-26T04:55:15.198+0000] {processor.py:840} INFO - DAG(s) 'example_nested_branch_dag' retrieved from /home/airflow/.local/lib/python3.12/site-packages/airflow/example_dags/example_nested_branch_dag.py
[2025-08-26T04:55:15.419+0000] {logging_mixin.py:188} INFO - [2025-08-26T04:55:15.418+0000] {dag.py:3096} INFO - Sync 1 DAGs
[2025-08-26T04:55:15.793+0000] {logging_mixin.py:188} INFO - [2025-08-26T04:55:15.792+0000] {dag.py:3954} INFO - Setting next_dagrun for example_nested_branch_dag to 2025-08-25 00:00:00+00:00, run_after=2025-08-26 00:00:00+00:00
[2025-08-26T04:55:15.967+0000] {processor.py:183} INFO - Processing /home/airflow/.local/lib/python3.12/site-packages/airflow/example_dags/example_nested_branch_dag.py took 0.864 seconds
[2025-08-26T04:55:57.372+0000] {processor.py:161} INFO - Started process (PID=3125) to work on /home/airflow/.local/lib/python3.12/site-packages/airflow/example_dags/example_nested_branch_dag.py
[2025-08-26T04:55:57.388+0000] {processor.py:830} INFO - Processing file /home/airflow/.local/lib/python3.12/site-packages/airflow/example_dags/example_nested_branch_dag.py for tasks to queue
[2025-08-26T04:55:57.396+0000] {logging_mixin.py:188} INFO - [2025-08-26T04:55:57.395+0000] {dagbag.py:545} INFO - Filling up the DagBag from /home/airflow/.local/lib/python3.12/site-packages/airflow/example_dags/example_nested_branch_dag.py
[2025-08-26T04:55:57.476+0000] {processor.py:840} INFO - DAG(s) 'example_nested_branch_dag' retrieved from /home/airflow/.local/lib/python3.12/site-packages/airflow/example_dags/example_nested_branch_dag.py
[2025-08-26T04:55:57.824+0000] {logging_mixin.py:188} INFO - [2025-08-26T04:55:57.823+0000] {dag.py:3096} INFO - Sync 1 DAGs
[2025-08-26T04:55:58.166+0000] {logging_mixin.py:188} INFO - [2025-08-26T04:55:58.165+0000] {dag.py:3954} INFO - Setting next_dagrun for example_nested_branch_dag to 2025-08-25 00:00:00+00:00, run_after=2025-08-26 00:00:00+00:00
[2025-08-26T04:55:58.262+0000] {processor.py:183} INFO - Processing /home/airflow/.local/lib/python3.12/site-packages/airflow/example_dags/example_nested_branch_dag.py took 0.926 seconds
[2025-08-26T04:56:29.165+0000] {processor.py:161} INFO - Started process (PID=3385) to work on /home/airflow/.local/lib/python3.12/site-packages/airflow/example_dags/example_nested_branch_dag.py
[2025-08-26T04:56:29.180+0000] {processor.py:830} INFO - Processing file /home/airflow/.local/lib/python3.12/site-packages/airflow/example_dags/example_nested_branch_dag.py for tasks to queue
[2025-08-26T04:56:29.186+0000] {logging_mixin.py:188} INFO - [2025-08-26T04:56:29.185+0000] {dagbag.py:545} INFO - Filling up the DagBag from /home/airflow/.local/lib/python3.12/site-packages/airflow/example_dags/example_nested_branch_dag.py
[2025-08-26T04:56:29.284+0000] {processor.py:840} INFO - DAG(s) 'example_nested_branch_dag' retrieved from /home/airflow/.local/lib/python3.12/site-packages/airflow/example_dags/example_nested_branch_dag.py
[2025-08-26T04:56:29.510+0000] {logging_mixin.py:188} INFO - [2025-08-26T04:56:29.509+0000] {dag.py:3096} INFO - Sync 1 DAGs
[2025-08-26T04:56:29.706+0000] {logging_mixin.py:188} INFO - [2025-08-26T04:56:29.705+0000] {dag.py:3954} INFO - Setting next_dagrun for example_nested_branch_dag to 2025-08-25 00:00:00+00:00, run_after=2025-08-26 00:00:00+00:00
[2025-08-26T04:56:29.894+0000] {processor.py:183} INFO - Processing /home/airflow/.local/lib/python3.12/site-packages/airflow/example_dags/example_nested_branch_dag.py took 0.805 seconds
[2025-08-26T04:57:08.335+0000] {processor.py:161} INFO - Started process (PID=3650) to work on /home/airflow/.local/lib/python3.12/site-packages/airflow/example_dags/example_nested_branch_dag.py
[2025-08-26T04:57:08.383+0000] {processor.py:830} INFO - Processing file /home/airflow/.local/lib/python3.12/site-packages/airflow/example_dags/example_nested_branch_dag.py for tasks to queue
[2025-08-26T04:57:08.439+0000] {logging_mixin.py:188} INFO - [2025-08-26T04:57:08.431+0000] {dagbag.py:545} INFO - Filling up the DagBag from /home/airflow/.local/lib/python3.12/site-packages/airflow/example_dags/example_nested_branch_dag.py
[2025-08-26T04:57:08.524+0000] {processor.py:840} INFO - DAG(s) 'example_nested_branch_dag' retrieved from /home/airflow/.local/lib/python3.12/site-packages/airflow/example_dags/example_nested_branch_dag.py
[2025-08-26T04:57:08.656+0000] {logging_mixin.py:188} INFO - [2025-08-26T04:57:08.654+0000] {dag.py:3096} INFO - Sync 1 DAGs
[2025-08-26T04:57:08.796+0000] {logging_mixin.py:188} INFO - [2025-08-26T04:57:08.794+0000] {dag.py:3954} INFO - Setting next_dagrun for example_nested_branch_dag to 2025-08-25 00:00:00+00:00, run_after=2025-08-26 00:00:00+00:00
[2025-08-26T04:57:08.978+0000] {processor.py:183} INFO - Processing /home/airflow/.local/lib/python3.12/site-packages/airflow/example_dags/example_nested_branch_dag.py took 0.681 seconds
[2025-08-26T04:57:56.804+0000] {processor.py:161} INFO - Started process (PID=3907) to work on /home/airflow/.local/lib/python3.12/site-packages/airflow/example_dags/example_nested_branch_dag.py
[2025-08-26T04:57:56.845+0000] {processor.py:830} INFO - Processing file /home/airflow/.local/lib/python3.12/site-packages/airflow/example_dags/example_nested_branch_dag.py for tasks to queue
[2025-08-26T04:57:56.909+0000] {logging_mixin.py:188} INFO - [2025-08-26T04:57:56.907+0000] {dagbag.py:545} INFO - Filling up the DagBag from /home/airflow/.local/lib/python3.12/site-packages/airflow/example_dags/example_nested_branch_dag.py
[2025-08-26T04:57:57.108+0000] {processor.py:840} INFO - DAG(s) 'example_nested_branch_dag' retrieved from /home/airflow/.local/lib/python3.12/site-packages/airflow/example_dags/example_nested_branch_dag.py
[2025-08-26T04:57:57.418+0000] {logging_mixin.py:188} INFO - [2025-08-26T04:57:57.417+0000] {dag.py:3096} INFO - Sync 1 DAGs
[2025-08-26T04:57:57.783+0000] {logging_mixin.py:188} INFO - [2025-08-26T04:57:57.749+0000] {dag.py:3954} INFO - Setting next_dagrun for example_nested_branch_dag to 2025-08-25 00:00:00+00:00, run_after=2025-08-26 00:00:00+00:00
[2025-08-26T04:57:58.028+0000] {processor.py:183} INFO - Processing /home/airflow/.local/lib/python3.12/site-packages/airflow/example_dags/example_nested_branch_dag.py took 1.461 seconds
[2025-08-26T05:35:28.610+0000] {processor.py:161} INFO - Started process (PID=4168) to work on /home/airflow/.local/lib/python3.12/site-packages/airflow/example_dags/example_nested_branch_dag.py
[2025-08-26T05:35:28.629+0000] {processor.py:830} INFO - Processing file /home/airflow/.local/lib/python3.12/site-packages/airflow/example_dags/example_nested_branch_dag.py for tasks to queue
[2025-08-26T05:35:28.647+0000] {logging_mixin.py:188} INFO - [2025-08-26T05:35:28.646+0000] {dagbag.py:545} INFO - Filling up the DagBag from /home/airflow/.local/lib/python3.12/site-packages/airflow/example_dags/example_nested_branch_dag.py
[2025-08-26T05:35:28.826+0000] {processor.py:840} INFO - DAG(s) 'example_nested_branch_dag' retrieved from /home/airflow/.local/lib/python3.12/site-packages/airflow/example_dags/example_nested_branch_dag.py
[2025-08-26T05:35:29.121+0000] {logging_mixin.py:188} INFO - [2025-08-26T05:35:29.121+0000] {dag.py:3096} INFO - Sync 1 DAGs
[2025-08-26T05:35:29.411+0000] {logging_mixin.py:188} INFO - [2025-08-26T05:35:29.410+0000] {dag.py:3954} INFO - Setting next_dagrun for example_nested_branch_dag to 2025-08-25 00:00:00+00:00, run_after=2025-08-26 00:00:00+00:00
[2025-08-26T05:35:29.654+0000] {processor.py:183} INFO - Processing /home/airflow/.local/lib/python3.12/site-packages/airflow/example_dags/example_nested_branch_dag.py took 1.195 seconds
[2025-08-26T05:42:12.008+0000] {processor.py:161} INFO - Started process (PID=4331) to work on /home/airflow/.local/lib/python3.12/site-packages/airflow/example_dags/example_nested_branch_dag.py
[2025-08-26T05:42:12.024+0000] {processor.py:830} INFO - Processing file /home/airflow/.local/lib/python3.12/site-packages/airflow/example_dags/example_nested_branch_dag.py for tasks to queue
[2025-08-26T05:42:12.041+0000] {logging_mixin.py:188} INFO - [2025-08-26T05:42:12.040+0000] {dagbag.py:545} INFO - Filling up the DagBag from /home/airflow/.local/lib/python3.12/site-packages/airflow/example_dags/example_nested_branch_dag.py
[2025-08-26T05:42:12.319+0000] {processor.py:840} INFO - DAG(s) 'example_nested_branch_dag' retrieved from /home/airflow/.local/lib/python3.12/site-packages/airflow/example_dags/example_nested_branch_dag.py
[2025-08-26T05:42:12.647+0000] {logging_mixin.py:188} INFO - [2025-08-26T05:42:12.634+0000] {dag.py:3096} INFO - Sync 1 DAGs
[2025-08-26T05:42:12.964+0000] {logging_mixin.py:188} INFO - [2025-08-26T05:42:12.963+0000] {dag.py:3954} INFO - Setting next_dagrun for example_nested_branch_dag to 2025-08-25 00:00:00+00:00, run_after=2025-08-26 00:00:00+00:00
[2025-08-26T05:42:13.263+0000] {processor.py:183} INFO - Processing /home/airflow/.local/lib/python3.12/site-packages/airflow/example_dags/example_nested_branch_dag.py took 1.392 seconds
[2025-08-26T05:43:01.701+0000] {processor.py:161} INFO - Started process (PID=4542) to work on /home/airflow/.local/lib/python3.12/site-packages/airflow/example_dags/example_nested_branch_dag.py
[2025-08-26T05:43:01.716+0000] {processor.py:830} INFO - Processing file /home/airflow/.local/lib/python3.12/site-packages/airflow/example_dags/example_nested_branch_dag.py for tasks to queue
[2025-08-26T05:43:01.736+0000] {logging_mixin.py:188} INFO - [2025-08-26T05:43:01.735+0000] {dagbag.py:545} INFO - Filling up the DagBag from /home/airflow/.local/lib/python3.12/site-packages/airflow/example_dags/example_nested_branch_dag.py
[2025-08-26T05:43:01.960+0000] {processor.py:840} INFO - DAG(s) 'example_nested_branch_dag' retrieved from /home/airflow/.local/lib/python3.12/site-packages/airflow/example_dags/example_nested_branch_dag.py
[2025-08-26T05:43:02.464+0000] {logging_mixin.py:188} INFO - [2025-08-26T05:43:02.463+0000] {dag.py:3096} INFO - Sync 1 DAGs
[2025-08-26T05:43:02.908+0000] {logging_mixin.py:188} INFO - [2025-08-26T05:43:02.908+0000] {dag.py:3954} INFO - Setting next_dagrun for example_nested_branch_dag to 2025-08-25 00:00:00+00:00, run_after=2025-08-26 00:00:00+00:00
[2025-08-26T05:43:03.349+0000] {processor.py:183} INFO - Processing /home/airflow/.local/lib/python3.12/site-packages/airflow/example_dags/example_nested_branch_dag.py took 1.809 seconds
[2025-08-26T05:43:58.318+0000] {processor.py:161} INFO - Started process (PID=4809) to work on /home/airflow/.local/lib/python3.12/site-packages/airflow/example_dags/example_nested_branch_dag.py
[2025-08-26T05:43:58.332+0000] {processor.py:830} INFO - Processing file /home/airflow/.local/lib/python3.12/site-packages/airflow/example_dags/example_nested_branch_dag.py for tasks to queue
[2025-08-26T05:43:58.365+0000] {logging_mixin.py:188} INFO - [2025-08-26T05:43:58.364+0000] {dagbag.py:545} INFO - Filling up the DagBag from /home/airflow/.local/lib/python3.12/site-packages/airflow/example_dags/example_nested_branch_dag.py
[2025-08-26T05:43:58.672+0000] {processor.py:840} INFO - DAG(s) 'example_nested_branch_dag' retrieved from /home/airflow/.local/lib/python3.12/site-packages/airflow/example_dags/example_nested_branch_dag.py
[2025-08-26T05:43:59.073+0000] {logging_mixin.py:188} INFO - [2025-08-26T05:43:59.072+0000] {dag.py:3096} INFO - Sync 1 DAGs
[2025-08-26T05:43:59.268+0000] {logging_mixin.py:188} INFO - [2025-08-26T05:43:59.267+0000] {dag.py:3954} INFO - Setting next_dagrun for example_nested_branch_dag to 2025-08-25 00:00:00+00:00, run_after=2025-08-26 00:00:00+00:00
[2025-08-26T05:43:59.515+0000] {processor.py:183} INFO - Processing /home/airflow/.local/lib/python3.12/site-packages/airflow/example_dags/example_nested_branch_dag.py took 1.262 seconds
[2025-08-26T05:44:31.583+0000] {processor.py:161} INFO - Started process (PID=5071) to work on /home/airflow/.local/lib/python3.12/site-packages/airflow/example_dags/example_nested_branch_dag.py
[2025-08-26T05:44:31.598+0000] {processor.py:830} INFO - Processing file /home/airflow/.local/lib/python3.12/site-packages/airflow/example_dags/example_nested_branch_dag.py for tasks to queue
[2025-08-26T05:44:31.602+0000] {logging_mixin.py:188} INFO - [2025-08-26T05:44:31.601+0000] {dagbag.py:545} INFO - Filling up the DagBag from /home/airflow/.local/lib/python3.12/site-packages/airflow/example_dags/example_nested_branch_dag.py
[2025-08-26T05:44:31.708+0000] {processor.py:840} INFO - DAG(s) 'example_nested_branch_dag' retrieved from /home/airflow/.local/lib/python3.12/site-packages/airflow/example_dags/example_nested_branch_dag.py
[2025-08-26T05:44:31.947+0000] {logging_mixin.py:188} INFO - [2025-08-26T05:44:31.947+0000] {dag.py:3096} INFO - Sync 1 DAGs
[2025-08-26T05:44:32.109+0000] {logging_mixin.py:188} INFO - [2025-08-26T05:44:32.106+0000] {dag.py:3954} INFO - Setting next_dagrun for example_nested_branch_dag to 2025-08-25 00:00:00+00:00, run_after=2025-08-26 00:00:00+00:00
[2025-08-26T05:44:32.282+0000] {processor.py:183} INFO - Processing /home/airflow/.local/lib/python3.12/site-packages/airflow/example_dags/example_nested_branch_dag.py took 0.725 seconds
[2025-08-26T05:45:04.127+0000] {processor.py:161} INFO - Started process (PID=5334) to work on /home/airflow/.local/lib/python3.12/site-packages/airflow/example_dags/example_nested_branch_dag.py
[2025-08-26T05:45:04.136+0000] {processor.py:830} INFO - Processing file /home/airflow/.local/lib/python3.12/site-packages/airflow/example_dags/example_nested_branch_dag.py for tasks to queue
[2025-08-26T05:45:04.146+0000] {logging_mixin.py:188} INFO - [2025-08-26T05:45:04.139+0000] {dagbag.py:545} INFO - Filling up the DagBag from /home/airflow/.local/lib/python3.12/site-packages/airflow/example_dags/example_nested_branch_dag.py
[2025-08-26T05:45:04.277+0000] {processor.py:840} INFO - DAG(s) 'example_nested_branch_dag' retrieved from /home/airflow/.local/lib/python3.12/site-packages/airflow/example_dags/example_nested_branch_dag.py
[2025-08-26T05:45:04.836+0000] {logging_mixin.py:188} INFO - [2025-08-26T05:45:04.836+0000] {dag.py:3096} INFO - Sync 1 DAGs
[2025-08-26T05:45:05.129+0000] {logging_mixin.py:188} INFO - [2025-08-26T05:45:05.127+0000] {dag.py:3954} INFO - Setting next_dagrun for example_nested_branch_dag to 2025-08-25 00:00:00+00:00, run_after=2025-08-26 00:00:00+00:00
[2025-08-26T05:45:05.238+0000] {processor.py:183} INFO - Processing /home/airflow/.local/lib/python3.12/site-packages/airflow/example_dags/example_nested_branch_dag.py took 1.168 seconds
[2025-08-26T05:45:37.363+0000] {processor.py:161} INFO - Started process (PID=5597) to work on /home/airflow/.local/lib/python3.12/site-packages/airflow/example_dags/example_nested_branch_dag.py
[2025-08-26T05:45:37.374+0000] {processor.py:830} INFO - Processing file /home/airflow/.local/lib/python3.12/site-packages/airflow/example_dags/example_nested_branch_dag.py for tasks to queue
[2025-08-26T05:45:37.381+0000] {logging_mixin.py:188} INFO - [2025-08-26T05:45:37.380+0000] {dagbag.py:545} INFO - Filling up the DagBag from /home/airflow/.local/lib/python3.12/site-packages/airflow/example_dags/example_nested_branch_dag.py
[2025-08-26T05:45:37.549+0000] {processor.py:840} INFO - DAG(s) 'example_nested_branch_dag' retrieved from /home/airflow/.local/lib/python3.12/site-packages/airflow/example_dags/example_nested_branch_dag.py
[2025-08-26T05:45:37.966+0000] {logging_mixin.py:188} INFO - [2025-08-26T05:45:37.965+0000] {dag.py:3096} INFO - Sync 1 DAGs
[2025-08-26T05:45:38.215+0000] {logging_mixin.py:188} INFO - [2025-08-26T05:45:38.215+0000] {dag.py:3954} INFO - Setting next_dagrun for example_nested_branch_dag to 2025-08-25 00:00:00+00:00, run_after=2025-08-26 00:00:00+00:00
[2025-08-26T05:45:38.573+0000] {processor.py:183} INFO - Processing /home/airflow/.local/lib/python3.12/site-packages/airflow/example_dags/example_nested_branch_dag.py took 1.311 seconds
[2025-08-26T05:46:11.234+0000] {processor.py:161} INFO - Started process (PID=5859) to work on /home/airflow/.local/lib/python3.12/site-packages/airflow/example_dags/example_nested_branch_dag.py
[2025-08-26T05:46:11.242+0000] {processor.py:830} INFO - Processing file /home/airflow/.local/lib/python3.12/site-packages/airflow/example_dags/example_nested_branch_dag.py for tasks to queue
[2025-08-26T05:46:11.251+0000] {logging_mixin.py:188} INFO - [2025-08-26T05:46:11.250+0000] {dagbag.py:545} INFO - Filling up the DagBag from /home/airflow/.local/lib/python3.12/site-packages/airflow/example_dags/example_nested_branch_dag.py
[2025-08-26T05:46:11.348+0000] {processor.py:840} INFO - DAG(s) 'example_nested_branch_dag' retrieved from /home/airflow/.local/lib/python3.12/site-packages/airflow/example_dags/example_nested_branch_dag.py
[2025-08-26T05:46:11.503+0000] {logging_mixin.py:188} INFO - [2025-08-26T05:46:11.502+0000] {dag.py:3096} INFO - Sync 1 DAGs
[2025-08-26T05:46:11.651+0000] {logging_mixin.py:188} INFO - [2025-08-26T05:46:11.650+0000] {dag.py:3954} INFO - Setting next_dagrun for example_nested_branch_dag to 2025-08-25 00:00:00+00:00, run_after=2025-08-26 00:00:00+00:00
[2025-08-26T05:46:11.738+0000] {processor.py:183} INFO - Processing /home/airflow/.local/lib/python3.12/site-packages/airflow/example_dags/example_nested_branch_dag.py took 0.555 seconds
[2025-08-26T05:46:43.577+0000] {processor.py:161} INFO - Started process (PID=6121) to work on /home/airflow/.local/lib/python3.12/site-packages/airflow/example_dags/example_nested_branch_dag.py
[2025-08-26T05:46:43.581+0000] {processor.py:830} INFO - Processing file /home/airflow/.local/lib/python3.12/site-packages/airflow/example_dags/example_nested_branch_dag.py for tasks to queue
[2025-08-26T05:46:43.587+0000] {logging_mixin.py:188} INFO - [2025-08-26T05:46:43.586+0000] {dagbag.py:545} INFO - Filling up the DagBag from /home/airflow/.local/lib/python3.12/site-packages/airflow/example_dags/example_nested_branch_dag.py
[2025-08-26T05:46:43.657+0000] {processor.py:840} INFO - DAG(s) 'example_nested_branch_dag' retrieved from /home/airflow/.local/lib/python3.12/site-packages/airflow/example_dags/example_nested_branch_dag.py
[2025-08-26T05:46:43.803+0000] {logging_mixin.py:188} INFO - [2025-08-26T05:46:43.802+0000] {dag.py:3096} INFO - Sync 1 DAGs
[2025-08-26T05:46:43.931+0000] {logging_mixin.py:188} INFO - [2025-08-26T05:46:43.930+0000] {dag.py:3954} INFO - Setting next_dagrun for example_nested_branch_dag to 2025-08-25 00:00:00+00:00, run_after=2025-08-26 00:00:00+00:00
[2025-08-26T05:46:44.108+0000] {processor.py:183} INFO - Processing /home/airflow/.local/lib/python3.12/site-packages/airflow/example_dags/example_nested_branch_dag.py took 0.564 seconds
[2025-08-26T05:47:23.300+0000] {processor.py:161} INFO - Started process (PID=6373) to work on /home/airflow/.local/lib/python3.12/site-packages/airflow/example_dags/example_nested_branch_dag.py
[2025-08-26T05:47:23.328+0000] {processor.py:830} INFO - Processing file /home/airflow/.local/lib/python3.12/site-packages/airflow/example_dags/example_nested_branch_dag.py for tasks to queue
[2025-08-26T05:47:23.334+0000] {logging_mixin.py:188} INFO - [2025-08-26T05:47:23.333+0000] {dagbag.py:545} INFO - Filling up the DagBag from /home/airflow/.local/lib/python3.12/site-packages/airflow/example_dags/example_nested_branch_dag.py
[2025-08-26T05:47:23.449+0000] {processor.py:840} INFO - DAG(s) 'example_nested_branch_dag' retrieved from /home/airflow/.local/lib/python3.12/site-packages/airflow/example_dags/example_nested_branch_dag.py
[2025-08-26T05:47:23.744+0000] {logging_mixin.py:188} INFO - [2025-08-26T05:47:23.742+0000] {dag.py:3096} INFO - Sync 1 DAGs
[2025-08-26T05:47:24.172+0000] {logging_mixin.py:188} INFO - [2025-08-26T05:47:24.171+0000] {dag.py:3954} INFO - Setting next_dagrun for example_nested_branch_dag to 2025-08-25 00:00:00+00:00, run_after=2025-08-26 00:00:00+00:00
[2025-08-26T05:47:24.387+0000] {processor.py:183} INFO - Processing /home/airflow/.local/lib/python3.12/site-packages/airflow/example_dags/example_nested_branch_dag.py took 1.157 seconds
[2025-08-26T05:47:59.059+0000] {processor.py:161} INFO - Started process (PID=6635) to work on /home/airflow/.local/lib/python3.12/site-packages/airflow/example_dags/example_nested_branch_dag.py
[2025-08-26T05:47:59.074+0000] {processor.py:830} INFO - Processing file /home/airflow/.local/lib/python3.12/site-packages/airflow/example_dags/example_nested_branch_dag.py for tasks to queue
[2025-08-26T05:47:59.078+0000] {logging_mixin.py:188} INFO - [2025-08-26T05:47:59.077+0000] {dagbag.py:545} INFO - Filling up the DagBag from /home/airflow/.local/lib/python3.12/site-packages/airflow/example_dags/example_nested_branch_dag.py
[2025-08-26T05:47:59.250+0000] {processor.py:840} INFO - DAG(s) 'example_nested_branch_dag' retrieved from /home/airflow/.local/lib/python3.12/site-packages/airflow/example_dags/example_nested_branch_dag.py
[2025-08-26T05:47:59.511+0000] {logging_mixin.py:188} INFO - [2025-08-26T05:47:59.509+0000] {dag.py:3096} INFO - Sync 1 DAGs
[2025-08-26T05:47:59.718+0000] {logging_mixin.py:188} INFO - [2025-08-26T05:47:59.717+0000] {dag.py:3954} INFO - Setting next_dagrun for example_nested_branch_dag to 2025-08-25 00:00:00+00:00, run_after=2025-08-26 00:00:00+00:00
[2025-08-26T05:47:59.979+0000] {processor.py:183} INFO - Processing /home/airflow/.local/lib/python3.12/site-packages/airflow/example_dags/example_nested_branch_dag.py took 0.983 seconds
