[2025-08-26T04:30:28.567+0000] {processor.py:161} INFO - Started process (PID=430) to work on /home/airflow/.local/lib/python3.12/site-packages/airflow/example_dags/example_external_task_marker_dag.py
[2025-08-26T04:30:28.584+0000] {processor.py:830} INFO - Processing file /home/airflow/.local/lib/python3.12/site-packages/airflow/example_dags/example_external_task_marker_dag.py for tasks to queue
[2025-08-26T04:30:28.610+0000] {logging_mixin.py:188} INFO - [2025-08-26T04:30:28.609+0000] {dagbag.py:545} INFO - Filling up the DagBag from /home/airflow/.local/lib/python3.12/site-packages/airflow/example_dags/example_external_task_marker_dag.py
[2025-08-26T04:30:28.825+0000] {processor.py:840} INFO - DAG(s) 'example_external_task_marker_child', 'example_external_task_marker_parent' retrieved from /home/airflow/.local/lib/python3.12/site-packages/airflow/example_dags/example_external_task_marker_dag.py
[2025-08-26T04:30:30.346+0000] {logging_mixin.py:188} INFO - [2025-08-26T04:30:30.341+0000] {override.py:1829} INFO - Created Permission View: can delete on DAG:example_external_task_marker_child
[2025-08-26T04:30:30.543+0000] {logging_mixin.py:188} INFO - [2025-08-26T04:30:30.542+0000] {override.py:1829} INFO - Created Permission View: can read on DAG:example_external_task_marker_child
[2025-08-26T04:30:30.760+0000] {logging_mixin.py:188} INFO - [2025-08-26T04:30:30.759+0000] {override.py:1829} INFO - Created Permission View: can edit on DAG:example_external_task_marker_child
[2025-08-26T04:30:31.005+0000] {logging_mixin.py:188} INFO - [2025-08-26T04:30:31.004+0000] {override.py:1829} INFO - Created Permission View: can delete on DAG:example_external_task_marker_parent
[2025-08-26T04:30:31.096+0000] {logging_mixin.py:188} INFO - [2025-08-26T04:30:31.094+0000] {override.py:1829} INFO - Created Permission View: can read on DAG:example_external_task_marker_parent
[2025-08-26T04:30:31.138+0000] {logging_mixin.py:188} INFO - [2025-08-26T04:30:31.137+0000] {override.py:1829} INFO - Created Permission View: can edit on DAG:example_external_task_marker_parent
[2025-08-26T04:30:31.143+0000] {logging_mixin.py:188} INFO - [2025-08-26T04:30:31.143+0000] {dag.py:3096} INFO - Sync 2 DAGs
[2025-08-26T04:30:31.239+0000] {logging_mixin.py:188} INFO - [2025-08-26T04:30:31.238+0000] {dag.py:3118} INFO - Creating ORM DAG for example_external_task_marker_parent
[2025-08-26T04:30:31.248+0000] {logging_mixin.py:188} INFO - [2025-08-26T04:30:31.247+0000] {dag.py:3118} INFO - Creating ORM DAG for example_external_task_marker_child
[2025-08-26T04:30:31.258+0000] {logging_mixin.py:188} INFO - [2025-08-26T04:30:31.258+0000] {dag.py:3954} INFO - Setting next_dagrun for example_external_task_marker_child to None, run_after=None
[2025-08-26T04:30:31.315+0000] {logging_mixin.py:188} INFO - [2025-08-26T04:30:31.277+0000] {dag.py:3954} INFO - Setting next_dagrun for example_external_task_marker_parent to None, run_after=None
[2025-08-26T04:30:31.527+0000] {processor.py:183} INFO - Processing /home/airflow/.local/lib/python3.12/site-packages/airflow/example_dags/example_external_task_marker_dag.py took 3.094 seconds
[2025-08-26T04:31:11.504+0000] {processor.py:161} INFO - Started process (PID=695) to work on /home/airflow/.local/lib/python3.12/site-packages/airflow/example_dags/example_external_task_marker_dag.py
[2025-08-26T04:31:11.522+0000] {processor.py:830} INFO - Processing file /home/airflow/.local/lib/python3.12/site-packages/airflow/example_dags/example_external_task_marker_dag.py for tasks to queue
[2025-08-26T04:31:11.554+0000] {logging_mixin.py:188} INFO - [2025-08-26T04:31:11.553+0000] {dagbag.py:545} INFO - Filling up the DagBag from /home/airflow/.local/lib/python3.12/site-packages/airflow/example_dags/example_external_task_marker_dag.py
[2025-08-26T04:31:11.653+0000] {processor.py:840} INFO - DAG(s) 'example_external_task_marker_child', 'example_external_task_marker_parent' retrieved from /home/airflow/.local/lib/python3.12/site-packages/airflow/example_dags/example_external_task_marker_dag.py
[2025-08-26T04:31:11.837+0000] {logging_mixin.py:188} INFO - [2025-08-26T04:31:11.835+0000] {dag.py:3096} INFO - Sync 2 DAGs
[2025-08-26T04:31:12.026+0000] {logging_mixin.py:188} INFO - [2025-08-26T04:31:12.026+0000] {dag.py:3954} INFO - Setting next_dagrun for example_external_task_marker_child to None, run_after=None
[2025-08-26T04:31:12.131+0000] {logging_mixin.py:188} INFO - [2025-08-26T04:31:12.130+0000] {dag.py:3954} INFO - Setting next_dagrun for example_external_task_marker_parent to None, run_after=None
[2025-08-26T04:31:12.373+0000] {processor.py:183} INFO - Processing /home/airflow/.local/lib/python3.12/site-packages/airflow/example_dags/example_external_task_marker_dag.py took 0.972 seconds
[2025-08-26T04:31:49.227+0000] {processor.py:161} INFO - Started process (PID=960) to work on /home/airflow/.local/lib/python3.12/site-packages/airflow/example_dags/example_external_task_marker_dag.py
[2025-08-26T04:31:49.246+0000] {processor.py:830} INFO - Processing file /home/airflow/.local/lib/python3.12/site-packages/airflow/example_dags/example_external_task_marker_dag.py for tasks to queue
[2025-08-26T04:31:49.269+0000] {logging_mixin.py:188} INFO - [2025-08-26T04:31:49.268+0000] {dagbag.py:545} INFO - Filling up the DagBag from /home/airflow/.local/lib/python3.12/site-packages/airflow/example_dags/example_external_task_marker_dag.py
[2025-08-26T04:31:49.320+0000] {processor.py:840} INFO - DAG(s) 'example_external_task_marker_parent', 'example_external_task_marker_child' retrieved from /home/airflow/.local/lib/python3.12/site-packages/airflow/example_dags/example_external_task_marker_dag.py
[2025-08-26T04:31:49.555+0000] {logging_mixin.py:188} INFO - [2025-08-26T04:31:49.554+0000] {dag.py:3096} INFO - Sync 2 DAGs
[2025-08-26T04:31:49.727+0000] {logging_mixin.py:188} INFO - [2025-08-26T04:31:49.726+0000] {dag.py:3954} INFO - Setting next_dagrun for example_external_task_marker_child to None, run_after=None
[2025-08-26T04:31:49.819+0000] {logging_mixin.py:188} INFO - [2025-08-26T04:31:49.814+0000] {dag.py:3954} INFO - Setting next_dagrun for example_external_task_marker_parent to None, run_after=None
[2025-08-26T04:31:50.054+0000] {processor.py:183} INFO - Processing /home/airflow/.local/lib/python3.12/site-packages/airflow/example_dags/example_external_task_marker_dag.py took 0.887 seconds
[2025-08-26T04:32:20.943+0000] {processor.py:161} INFO - Started process (PID=1223) to work on /home/airflow/.local/lib/python3.12/site-packages/airflow/example_dags/example_external_task_marker_dag.py
[2025-08-26T04:32:20.948+0000] {processor.py:830} INFO - Processing file /home/airflow/.local/lib/python3.12/site-packages/airflow/example_dags/example_external_task_marker_dag.py for tasks to queue
[2025-08-26T04:32:20.957+0000] {logging_mixin.py:188} INFO - [2025-08-26T04:32:20.956+0000] {dagbag.py:545} INFO - Filling up the DagBag from /home/airflow/.local/lib/python3.12/site-packages/airflow/example_dags/example_external_task_marker_dag.py
[2025-08-26T04:32:20.992+0000] {processor.py:840} INFO - DAG(s) 'example_external_task_marker_parent', 'example_external_task_marker_child' retrieved from /home/airflow/.local/lib/python3.12/site-packages/airflow/example_dags/example_external_task_marker_dag.py
[2025-08-26T04:32:21.121+0000] {logging_mixin.py:188} INFO - [2025-08-26T04:32:21.119+0000] {dag.py:3096} INFO - Sync 2 DAGs
[2025-08-26T04:32:21.195+0000] {logging_mixin.py:188} INFO - [2025-08-26T04:32:21.194+0000] {dag.py:3954} INFO - Setting next_dagrun for example_external_task_marker_child to None, run_after=None
[2025-08-26T04:32:21.210+0000] {logging_mixin.py:188} INFO - [2025-08-26T04:32:21.210+0000] {dag.py:3954} INFO - Setting next_dagrun for example_external_task_marker_parent to None, run_after=None
[2025-08-26T04:32:21.303+0000] {processor.py:183} INFO - Processing /home/airflow/.local/lib/python3.12/site-packages/airflow/example_dags/example_external_task_marker_dag.py took 0.389 seconds
[2025-08-26T04:33:06.340+0000] {processor.py:161} INFO - Started process (PID=1506) to work on /home/airflow/.local/lib/python3.12/site-packages/airflow/example_dags/example_external_task_marker_dag.py
[2025-08-26T04:33:06.346+0000] {processor.py:830} INFO - Processing file /home/airflow/.local/lib/python3.12/site-packages/airflow/example_dags/example_external_task_marker_dag.py for tasks to queue
[2025-08-26T04:33:06.358+0000] {logging_mixin.py:188} INFO - [2025-08-26T04:33:06.356+0000] {dagbag.py:545} INFO - Filling up the DagBag from /home/airflow/.local/lib/python3.12/site-packages/airflow/example_dags/example_external_task_marker_dag.py
[2025-08-26T04:33:06.390+0000] {processor.py:840} INFO - DAG(s) 'example_external_task_marker_child', 'example_external_task_marker_parent' retrieved from /home/airflow/.local/lib/python3.12/site-packages/airflow/example_dags/example_external_task_marker_dag.py
[2025-08-26T04:33:06.575+0000] {logging_mixin.py:188} INFO - [2025-08-26T04:33:06.563+0000] {dag.py:3096} INFO - Sync 2 DAGs
[2025-08-26T04:33:06.677+0000] {logging_mixin.py:188} INFO - [2025-08-26T04:33:06.675+0000] {dag.py:3954} INFO - Setting next_dagrun for example_external_task_marker_child to None, run_after=None
[2025-08-26T04:33:06.706+0000] {logging_mixin.py:188} INFO - [2025-08-26T04:33:06.705+0000] {dag.py:3954} INFO - Setting next_dagrun for example_external_task_marker_parent to None, run_after=None
[2025-08-26T04:33:06.841+0000] {processor.py:183} INFO - Processing /home/airflow/.local/lib/python3.12/site-packages/airflow/example_dags/example_external_task_marker_dag.py took 0.539 seconds
[2025-08-26T04:33:37.704+0000] {processor.py:161} INFO - Started process (PID=1766) to work on /home/airflow/.local/lib/python3.12/site-packages/airflow/example_dags/example_external_task_marker_dag.py
[2025-08-26T04:33:37.707+0000] {processor.py:830} INFO - Processing file /home/airflow/.local/lib/python3.12/site-packages/airflow/example_dags/example_external_task_marker_dag.py for tasks to queue
[2025-08-26T04:33:37.719+0000] {logging_mixin.py:188} INFO - [2025-08-26T04:33:37.716+0000] {dagbag.py:545} INFO - Filling up the DagBag from /home/airflow/.local/lib/python3.12/site-packages/airflow/example_dags/example_external_task_marker_dag.py
[2025-08-26T04:33:37.751+0000] {processor.py:840} INFO - DAG(s) 'example_external_task_marker_parent', 'example_external_task_marker_child' retrieved from /home/airflow/.local/lib/python3.12/site-packages/airflow/example_dags/example_external_task_marker_dag.py
[2025-08-26T04:33:37.871+0000] {logging_mixin.py:188} INFO - [2025-08-26T04:33:37.870+0000] {dag.py:3096} INFO - Sync 2 DAGs
[2025-08-26T04:33:37.971+0000] {logging_mixin.py:188} INFO - [2025-08-26T04:33:37.960+0000] {dag.py:3954} INFO - Setting next_dagrun for example_external_task_marker_child to None, run_after=None
[2025-08-26T04:33:37.990+0000] {logging_mixin.py:188} INFO - [2025-08-26T04:33:37.987+0000] {dag.py:3954} INFO - Setting next_dagrun for example_external_task_marker_parent to None, run_after=None
[2025-08-26T04:33:38.071+0000] {processor.py:183} INFO - Processing /home/airflow/.local/lib/python3.12/site-packages/airflow/example_dags/example_external_task_marker_dag.py took 0.410 seconds
[2025-08-26T04:34:08.930+0000] {processor.py:161} INFO - Started process (PID=2028) to work on /home/airflow/.local/lib/python3.12/site-packages/airflow/example_dags/example_external_task_marker_dag.py
[2025-08-26T04:34:08.935+0000] {processor.py:830} INFO - Processing file /home/airflow/.local/lib/python3.12/site-packages/airflow/example_dags/example_external_task_marker_dag.py for tasks to queue
[2025-08-26T04:34:08.942+0000] {logging_mixin.py:188} INFO - [2025-08-26T04:34:08.941+0000] {dagbag.py:545} INFO - Filling up the DagBag from /home/airflow/.local/lib/python3.12/site-packages/airflow/example_dags/example_external_task_marker_dag.py
[2025-08-26T04:34:09.003+0000] {processor.py:840} INFO - DAG(s) 'example_external_task_marker_parent', 'example_external_task_marker_child' retrieved from /home/airflow/.local/lib/python3.12/site-packages/airflow/example_dags/example_external_task_marker_dag.py
[2025-08-26T04:34:09.151+0000] {logging_mixin.py:188} INFO - [2025-08-26T04:34:09.151+0000] {dag.py:3096} INFO - Sync 2 DAGs
[2025-08-26T04:34:09.226+0000] {logging_mixin.py:188} INFO - [2025-08-26T04:34:09.225+0000] {dag.py:3954} INFO - Setting next_dagrun for example_external_task_marker_child to None, run_after=None
[2025-08-26T04:34:09.249+0000] {logging_mixin.py:188} INFO - [2025-08-26T04:34:09.247+0000] {dag.py:3954} INFO - Setting next_dagrun for example_external_task_marker_parent to None, run_after=None
[2025-08-26T04:34:09.342+0000] {processor.py:183} INFO - Processing /home/airflow/.local/lib/python3.12/site-packages/airflow/example_dags/example_external_task_marker_dag.py took 0.476 seconds
[2025-08-26T04:34:41.463+0000] {processor.py:161} INFO - Started process (PID=2290) to work on /home/airflow/.local/lib/python3.12/site-packages/airflow/example_dags/example_external_task_marker_dag.py
[2025-08-26T04:34:41.478+0000] {processor.py:830} INFO - Processing file /home/airflow/.local/lib/python3.12/site-packages/airflow/example_dags/example_external_task_marker_dag.py for tasks to queue
[2025-08-26T04:34:41.499+0000] {logging_mixin.py:188} INFO - [2025-08-26T04:34:41.497+0000] {dagbag.py:545} INFO - Filling up the DagBag from /home/airflow/.local/lib/python3.12/site-packages/airflow/example_dags/example_external_task_marker_dag.py
[2025-08-26T04:34:41.610+0000] {processor.py:840} INFO - DAG(s) 'example_external_task_marker_child', 'example_external_task_marker_parent' retrieved from /home/airflow/.local/lib/python3.12/site-packages/airflow/example_dags/example_external_task_marker_dag.py
[2025-08-26T04:34:41.893+0000] {logging_mixin.py:188} INFO - [2025-08-26T04:34:41.893+0000] {dag.py:3096} INFO - Sync 2 DAGs
[2025-08-26T04:34:42.014+0000] {logging_mixin.py:188} INFO - [2025-08-26T04:34:42.013+0000] {dag.py:3954} INFO - Setting next_dagrun for example_external_task_marker_child to None, run_after=None
[2025-08-26T04:34:42.044+0000] {logging_mixin.py:188} INFO - [2025-08-26T04:34:42.044+0000] {dag.py:3954} INFO - Setting next_dagrun for example_external_task_marker_parent to None, run_after=None
[2025-08-26T04:34:42.164+0000] {processor.py:183} INFO - Processing /home/airflow/.local/lib/python3.12/site-packages/airflow/example_dags/example_external_task_marker_dag.py took 0.788 seconds
[2025-08-26T04:35:12.756+0000] {processor.py:161} INFO - Started process (PID=2551) to work on /home/airflow/.local/lib/python3.12/site-packages/airflow/example_dags/example_external_task_marker_dag.py
[2025-08-26T04:35:12.764+0000] {processor.py:830} INFO - Processing file /home/airflow/.local/lib/python3.12/site-packages/airflow/example_dags/example_external_task_marker_dag.py for tasks to queue
[2025-08-26T04:35:12.772+0000] {logging_mixin.py:188} INFO - [2025-08-26T04:35:12.771+0000] {dagbag.py:545} INFO - Filling up the DagBag from /home/airflow/.local/lib/python3.12/site-packages/airflow/example_dags/example_external_task_marker_dag.py
[2025-08-26T04:35:12.806+0000] {processor.py:840} INFO - DAG(s) 'example_external_task_marker_parent', 'example_external_task_marker_child' retrieved from /home/airflow/.local/lib/python3.12/site-packages/airflow/example_dags/example_external_task_marker_dag.py
[2025-08-26T04:35:12.934+0000] {logging_mixin.py:188} INFO - [2025-08-26T04:35:12.933+0000] {dag.py:3096} INFO - Sync 2 DAGs
[2025-08-26T04:35:13.014+0000] {logging_mixin.py:188} INFO - [2025-08-26T04:35:13.013+0000] {dag.py:3954} INFO - Setting next_dagrun for example_external_task_marker_child to None, run_after=None
[2025-08-26T04:35:13.032+0000] {logging_mixin.py:188} INFO - [2025-08-26T04:35:13.031+0000] {dag.py:3954} INFO - Setting next_dagrun for example_external_task_marker_parent to None, run_after=None
[2025-08-26T04:35:13.123+0000] {processor.py:183} INFO - Processing /home/airflow/.local/lib/python3.12/site-packages/airflow/example_dags/example_external_task_marker_dag.py took 0.397 seconds
[2025-08-26T04:35:43.520+0000] {processor.py:161} INFO - Started process (PID=2813) to work on /home/airflow/.local/lib/python3.12/site-packages/airflow/example_dags/example_external_task_marker_dag.py
[2025-08-26T04:35:43.525+0000] {processor.py:830} INFO - Processing file /home/airflow/.local/lib/python3.12/site-packages/airflow/example_dags/example_external_task_marker_dag.py for tasks to queue
[2025-08-26T04:35:43.530+0000] {logging_mixin.py:188} INFO - [2025-08-26T04:35:43.529+0000] {dagbag.py:545} INFO - Filling up the DagBag from /home/airflow/.local/lib/python3.12/site-packages/airflow/example_dags/example_external_task_marker_dag.py
[2025-08-26T04:35:43.546+0000] {processor.py:840} INFO - DAG(s) 'example_external_task_marker_child', 'example_external_task_marker_parent' retrieved from /home/airflow/.local/lib/python3.12/site-packages/airflow/example_dags/example_external_task_marker_dag.py
[2025-08-26T04:35:43.671+0000] {logging_mixin.py:188} INFO - [2025-08-26T04:35:43.665+0000] {dag.py:3096} INFO - Sync 2 DAGs
[2025-08-26T04:35:43.771+0000] {logging_mixin.py:188} INFO - [2025-08-26T04:35:43.770+0000] {dag.py:3954} INFO - Setting next_dagrun for example_external_task_marker_child to None, run_after=None
[2025-08-26T04:35:43.807+0000] {logging_mixin.py:188} INFO - [2025-08-26T04:35:43.806+0000] {dag.py:3954} INFO - Setting next_dagrun for example_external_task_marker_parent to None, run_after=None
[2025-08-26T04:35:43.989+0000] {processor.py:183} INFO - Processing /home/airflow/.local/lib/python3.12/site-packages/airflow/example_dags/example_external_task_marker_dag.py took 0.493 seconds
[2025-08-26T04:36:17.497+0000] {processor.py:161} INFO - Started process (PID=3075) to work on /home/airflow/.local/lib/python3.12/site-packages/airflow/example_dags/example_external_task_marker_dag.py
[2025-08-26T04:36:17.501+0000] {processor.py:830} INFO - Processing file /home/airflow/.local/lib/python3.12/site-packages/airflow/example_dags/example_external_task_marker_dag.py for tasks to queue
[2025-08-26T04:36:17.512+0000] {logging_mixin.py:188} INFO - [2025-08-26T04:36:17.510+0000] {dagbag.py:545} INFO - Filling up the DagBag from /home/airflow/.local/lib/python3.12/site-packages/airflow/example_dags/example_external_task_marker_dag.py
[2025-08-26T04:36:17.534+0000] {processor.py:840} INFO - DAG(s) 'example_external_task_marker_child', 'example_external_task_marker_parent' retrieved from /home/airflow/.local/lib/python3.12/site-packages/airflow/example_dags/example_external_task_marker_dag.py
[2025-08-26T04:36:17.651+0000] {logging_mixin.py:188} INFO - [2025-08-26T04:36:17.650+0000] {dag.py:3096} INFO - Sync 2 DAGs
[2025-08-26T04:36:17.714+0000] {logging_mixin.py:188} INFO - [2025-08-26T04:36:17.713+0000] {dag.py:3954} INFO - Setting next_dagrun for example_external_task_marker_child to None, run_after=None
[2025-08-26T04:36:17.731+0000] {logging_mixin.py:188} INFO - [2025-08-26T04:36:17.730+0000] {dag.py:3954} INFO - Setting next_dagrun for example_external_task_marker_parent to None, run_after=None
[2025-08-26T04:36:17.815+0000] {processor.py:183} INFO - Processing /home/airflow/.local/lib/python3.12/site-packages/airflow/example_dags/example_external_task_marker_dag.py took 0.343 seconds
[2025-08-26T04:36:50.755+0000] {processor.py:161} INFO - Started process (PID=3345) to work on /home/airflow/.local/lib/python3.12/site-packages/airflow/example_dags/example_external_task_marker_dag.py
[2025-08-26T04:36:50.778+0000] {processor.py:830} INFO - Processing file /home/airflow/.local/lib/python3.12/site-packages/airflow/example_dags/example_external_task_marker_dag.py for tasks to queue
[2025-08-26T04:36:50.790+0000] {logging_mixin.py:188} INFO - [2025-08-26T04:36:50.789+0000] {dagbag.py:545} INFO - Filling up the DagBag from /home/airflow/.local/lib/python3.12/site-packages/airflow/example_dags/example_external_task_marker_dag.py
[2025-08-26T04:36:50.871+0000] {processor.py:840} INFO - DAG(s) 'example_external_task_marker_child', 'example_external_task_marker_parent' retrieved from /home/airflow/.local/lib/python3.12/site-packages/airflow/example_dags/example_external_task_marker_dag.py
[2025-08-26T04:36:51.114+0000] {logging_mixin.py:188} INFO - [2025-08-26T04:36:51.114+0000] {dag.py:3096} INFO - Sync 2 DAGs
[2025-08-26T04:36:51.254+0000] {logging_mixin.py:188} INFO - [2025-08-26T04:36:51.253+0000] {dag.py:3954} INFO - Setting next_dagrun for example_external_task_marker_child to None, run_after=None
[2025-08-26T04:36:51.294+0000] {logging_mixin.py:188} INFO - [2025-08-26T04:36:51.294+0000] {dag.py:3954} INFO - Setting next_dagrun for example_external_task_marker_parent to None, run_after=None
[2025-08-26T04:36:51.420+0000] {processor.py:183} INFO - Processing /home/airflow/.local/lib/python3.12/site-packages/airflow/example_dags/example_external_task_marker_dag.py took 0.765 seconds
[2025-08-26T04:37:22.560+0000] {processor.py:161} INFO - Started process (PID=3605) to work on /home/airflow/.local/lib/python3.12/site-packages/airflow/example_dags/example_external_task_marker_dag.py
[2025-08-26T04:37:22.573+0000] {processor.py:830} INFO - Processing file /home/airflow/.local/lib/python3.12/site-packages/airflow/example_dags/example_external_task_marker_dag.py for tasks to queue
[2025-08-26T04:37:22.588+0000] {logging_mixin.py:188} INFO - [2025-08-26T04:37:22.587+0000] {dagbag.py:545} INFO - Filling up the DagBag from /home/airflow/.local/lib/python3.12/site-packages/airflow/example_dags/example_external_task_marker_dag.py
[2025-08-26T04:37:22.648+0000] {processor.py:840} INFO - DAG(s) 'example_external_task_marker_child', 'example_external_task_marker_parent' retrieved from /home/airflow/.local/lib/python3.12/site-packages/airflow/example_dags/example_external_task_marker_dag.py
[2025-08-26T04:37:22.846+0000] {logging_mixin.py:188} INFO - [2025-08-26T04:37:22.846+0000] {dag.py:3096} INFO - Sync 2 DAGs
[2025-08-26T04:37:22.979+0000] {logging_mixin.py:188} INFO - [2025-08-26T04:37:22.978+0000] {dag.py:3954} INFO - Setting next_dagrun for example_external_task_marker_child to None, run_after=None
[2025-08-26T04:37:23.024+0000] {logging_mixin.py:188} INFO - [2025-08-26T04:37:23.023+0000] {dag.py:3954} INFO - Setting next_dagrun for example_external_task_marker_parent to None, run_after=None
[2025-08-26T04:37:23.207+0000] {processor.py:183} INFO - Processing /home/airflow/.local/lib/python3.12/site-packages/airflow/example_dags/example_external_task_marker_dag.py took 0.717 seconds
[2025-08-26T04:37:54.092+0000] {processor.py:161} INFO - Started process (PID=3868) to work on /home/airflow/.local/lib/python3.12/site-packages/airflow/example_dags/example_external_task_marker_dag.py
[2025-08-26T04:37:54.107+0000] {processor.py:830} INFO - Processing file /home/airflow/.local/lib/python3.12/site-packages/airflow/example_dags/example_external_task_marker_dag.py for tasks to queue
[2025-08-26T04:37:54.126+0000] {logging_mixin.py:188} INFO - [2025-08-26T04:37:54.124+0000] {dagbag.py:545} INFO - Filling up the DagBag from /home/airflow/.local/lib/python3.12/site-packages/airflow/example_dags/example_external_task_marker_dag.py
[2025-08-26T04:37:54.196+0000] {processor.py:840} INFO - DAG(s) 'example_external_task_marker_parent', 'example_external_task_marker_child' retrieved from /home/airflow/.local/lib/python3.12/site-packages/airflow/example_dags/example_external_task_marker_dag.py
[2025-08-26T04:37:54.442+0000] {logging_mixin.py:188} INFO - [2025-08-26T04:37:54.442+0000] {dag.py:3096} INFO - Sync 2 DAGs
[2025-08-26T04:37:54.507+0000] {logging_mixin.py:188} INFO - [2025-08-26T04:37:54.506+0000] {dag.py:3954} INFO - Setting next_dagrun for example_external_task_marker_child to None, run_after=None
[2025-08-26T04:37:54.524+0000] {logging_mixin.py:188} INFO - [2025-08-26T04:37:54.524+0000] {dag.py:3954} INFO - Setting next_dagrun for example_external_task_marker_parent to None, run_after=None
[2025-08-26T04:37:54.616+0000] {processor.py:183} INFO - Processing /home/airflow/.local/lib/python3.12/site-packages/airflow/example_dags/example_external_task_marker_dag.py took 0.595 seconds
[2025-08-26T04:38:24.951+0000] {processor.py:161} INFO - Started process (PID=4128) to work on /home/airflow/.local/lib/python3.12/site-packages/airflow/example_dags/example_external_task_marker_dag.py
[2025-08-26T04:38:24.954+0000] {processor.py:830} INFO - Processing file /home/airflow/.local/lib/python3.12/site-packages/airflow/example_dags/example_external_task_marker_dag.py for tasks to queue
[2025-08-26T04:38:24.964+0000] {logging_mixin.py:188} INFO - [2025-08-26T04:38:24.962+0000] {dagbag.py:545} INFO - Filling up the DagBag from /home/airflow/.local/lib/python3.12/site-packages/airflow/example_dags/example_external_task_marker_dag.py
[2025-08-26T04:38:24.992+0000] {processor.py:840} INFO - DAG(s) 'example_external_task_marker_child', 'example_external_task_marker_parent' retrieved from /home/airflow/.local/lib/python3.12/site-packages/airflow/example_dags/example_external_task_marker_dag.py
[2025-08-26T04:38:25.162+0000] {logging_mixin.py:188} INFO - [2025-08-26T04:38:25.162+0000] {dag.py:3096} INFO - Sync 2 DAGs
[2025-08-26T04:38:25.263+0000] {logging_mixin.py:188} INFO - [2025-08-26T04:38:25.261+0000] {dag.py:3954} INFO - Setting next_dagrun for example_external_task_marker_child to None, run_after=None
[2025-08-26T04:38:25.304+0000] {logging_mixin.py:188} INFO - [2025-08-26T04:38:25.303+0000] {dag.py:3954} INFO - Setting next_dagrun for example_external_task_marker_parent to None, run_after=None
[2025-08-26T04:38:25.387+0000] {processor.py:183} INFO - Processing /home/airflow/.local/lib/python3.12/site-packages/airflow/example_dags/example_external_task_marker_dag.py took 0.473 seconds
[2025-08-26T04:39:00.485+0000] {processor.py:161} INFO - Started process (PID=4408) to work on /home/airflow/.local/lib/python3.12/site-packages/airflow/example_dags/example_external_task_marker_dag.py
[2025-08-26T04:39:00.492+0000] {processor.py:830} INFO - Processing file /home/airflow/.local/lib/python3.12/site-packages/airflow/example_dags/example_external_task_marker_dag.py for tasks to queue
[2025-08-26T04:39:00.501+0000] {logging_mixin.py:188} INFO - [2025-08-26T04:39:00.498+0000] {dagbag.py:545} INFO - Filling up the DagBag from /home/airflow/.local/lib/python3.12/site-packages/airflow/example_dags/example_external_task_marker_dag.py
[2025-08-26T04:39:00.552+0000] {processor.py:840} INFO - DAG(s) 'example_external_task_marker_child', 'example_external_task_marker_parent' retrieved from /home/airflow/.local/lib/python3.12/site-packages/airflow/example_dags/example_external_task_marker_dag.py
[2025-08-26T04:39:00.748+0000] {logging_mixin.py:188} INFO - [2025-08-26T04:39:00.748+0000] {dag.py:3096} INFO - Sync 2 DAGs
[2025-08-26T04:39:00.863+0000] {logging_mixin.py:188} INFO - [2025-08-26T04:39:00.862+0000] {dag.py:3954} INFO - Setting next_dagrun for example_external_task_marker_child to None, run_after=None
[2025-08-26T04:39:00.889+0000] {logging_mixin.py:188} INFO - [2025-08-26T04:39:00.887+0000] {dag.py:3954} INFO - Setting next_dagrun for example_external_task_marker_parent to None, run_after=None
[2025-08-26T04:39:01.020+0000] {processor.py:183} INFO - Processing /home/airflow/.local/lib/python3.12/site-packages/airflow/example_dags/example_external_task_marker_dag.py took 0.575 seconds
[2025-08-26T04:39:35.457+0000] {processor.py:161} INFO - Started process (PID=4670) to work on /home/airflow/.local/lib/python3.12/site-packages/airflow/example_dags/example_external_task_marker_dag.py
[2025-08-26T04:39:35.466+0000] {processor.py:830} INFO - Processing file /home/airflow/.local/lib/python3.12/site-packages/airflow/example_dags/example_external_task_marker_dag.py for tasks to queue
[2025-08-26T04:39:35.479+0000] {logging_mixin.py:188} INFO - [2025-08-26T04:39:35.477+0000] {dagbag.py:545} INFO - Filling up the DagBag from /home/airflow/.local/lib/python3.12/site-packages/airflow/example_dags/example_external_task_marker_dag.py
[2025-08-26T04:39:35.525+0000] {processor.py:840} INFO - DAG(s) 'example_external_task_marker_parent', 'example_external_task_marker_child' retrieved from /home/airflow/.local/lib/python3.12/site-packages/airflow/example_dags/example_external_task_marker_dag.py
[2025-08-26T04:39:35.685+0000] {logging_mixin.py:188} INFO - [2025-08-26T04:39:35.684+0000] {dag.py:3096} INFO - Sync 2 DAGs
[2025-08-26T04:39:35.818+0000] {logging_mixin.py:188} INFO - [2025-08-26T04:39:35.818+0000] {dag.py:3954} INFO - Setting next_dagrun for example_external_task_marker_child to None, run_after=None
[2025-08-26T04:39:35.840+0000] {logging_mixin.py:188} INFO - [2025-08-26T04:39:35.839+0000] {dag.py:3954} INFO - Setting next_dagrun for example_external_task_marker_parent to None, run_after=None
[2025-08-26T04:39:35.990+0000] {processor.py:183} INFO - Processing /home/airflow/.local/lib/python3.12/site-packages/airflow/example_dags/example_external_task_marker_dag.py took 0.575 seconds
[2025-08-26T04:40:18.945+0000] {processor.py:161} INFO - Started process (PID=4941) to work on /home/airflow/.local/lib/python3.12/site-packages/airflow/example_dags/example_external_task_marker_dag.py
[2025-08-26T04:40:18.964+0000] {processor.py:830} INFO - Processing file /home/airflow/.local/lib/python3.12/site-packages/airflow/example_dags/example_external_task_marker_dag.py for tasks to queue
[2025-08-26T04:40:18.990+0000] {logging_mixin.py:188} INFO - [2025-08-26T04:40:18.978+0000] {dagbag.py:545} INFO - Filling up the DagBag from /home/airflow/.local/lib/python3.12/site-packages/airflow/example_dags/example_external_task_marker_dag.py
[2025-08-26T04:40:19.057+0000] {processor.py:840} INFO - DAG(s) 'example_external_task_marker_parent', 'example_external_task_marker_child' retrieved from /home/airflow/.local/lib/python3.12/site-packages/airflow/example_dags/example_external_task_marker_dag.py
[2025-08-26T04:40:19.392+0000] {logging_mixin.py:188} INFO - [2025-08-26T04:40:19.391+0000] {dag.py:3096} INFO - Sync 2 DAGs
[2025-08-26T04:40:19.534+0000] {logging_mixin.py:188} INFO - [2025-08-26T04:40:19.533+0000] {dag.py:3954} INFO - Setting next_dagrun for example_external_task_marker_child to None, run_after=None
[2025-08-26T04:40:19.589+0000] {logging_mixin.py:188} INFO - [2025-08-26T04:40:19.580+0000] {dag.py:3954} INFO - Setting next_dagrun for example_external_task_marker_parent to None, run_after=None
[2025-08-26T04:40:19.789+0000] {processor.py:183} INFO - Processing /home/airflow/.local/lib/python3.12/site-packages/airflow/example_dags/example_external_task_marker_dag.py took 0.899 seconds
[2025-08-26T04:40:52.341+0000] {processor.py:161} INFO - Started process (PID=5206) to work on /home/airflow/.local/lib/python3.12/site-packages/airflow/example_dags/example_external_task_marker_dag.py
[2025-08-26T04:40:52.356+0000] {processor.py:830} INFO - Processing file /home/airflow/.local/lib/python3.12/site-packages/airflow/example_dags/example_external_task_marker_dag.py for tasks to queue
[2025-08-26T04:40:52.385+0000] {logging_mixin.py:188} INFO - [2025-08-26T04:40:52.372+0000] {dagbag.py:545} INFO - Filling up the DagBag from /home/airflow/.local/lib/python3.12/site-packages/airflow/example_dags/example_external_task_marker_dag.py
[2025-08-26T04:40:52.455+0000] {processor.py:840} INFO - DAG(s) 'example_external_task_marker_parent', 'example_external_task_marker_child' retrieved from /home/airflow/.local/lib/python3.12/site-packages/airflow/example_dags/example_external_task_marker_dag.py
[2025-08-26T04:40:52.831+0000] {logging_mixin.py:188} INFO - [2025-08-26T04:40:52.818+0000] {dag.py:3096} INFO - Sync 2 DAGs
[2025-08-26T04:40:52.987+0000] {logging_mixin.py:188} INFO - [2025-08-26T04:40:52.987+0000] {dag.py:3954} INFO - Setting next_dagrun for example_external_task_marker_child to None, run_after=None
[2025-08-26T04:40:53.029+0000] {logging_mixin.py:188} INFO - [2025-08-26T04:40:53.025+0000] {dag.py:3954} INFO - Setting next_dagrun for example_external_task_marker_parent to None, run_after=None
[2025-08-26T04:40:53.166+0000] {processor.py:183} INFO - Processing /home/airflow/.local/lib/python3.12/site-packages/airflow/example_dags/example_external_task_marker_dag.py took 0.905 seconds
[2025-08-26T04:41:24.632+0000] {processor.py:161} INFO - Started process (PID=5468) to work on /home/airflow/.local/lib/python3.12/site-packages/airflow/example_dags/example_external_task_marker_dag.py
[2025-08-26T04:41:24.647+0000] {processor.py:830} INFO - Processing file /home/airflow/.local/lib/python3.12/site-packages/airflow/example_dags/example_external_task_marker_dag.py for tasks to queue
[2025-08-26T04:41:24.697+0000] {logging_mixin.py:188} INFO - [2025-08-26T04:41:24.696+0000] {dagbag.py:545} INFO - Filling up the DagBag from /home/airflow/.local/lib/python3.12/site-packages/airflow/example_dags/example_external_task_marker_dag.py
[2025-08-26T04:41:24.890+0000] {processor.py:840} INFO - DAG(s) 'example_external_task_marker_parent', 'example_external_task_marker_child' retrieved from /home/airflow/.local/lib/python3.12/site-packages/airflow/example_dags/example_external_task_marker_dag.py
[2025-08-26T04:41:25.233+0000] {logging_mixin.py:188} INFO - [2025-08-26T04:41:25.233+0000] {dag.py:3096} INFO - Sync 2 DAGs
[2025-08-26T04:41:25.446+0000] {logging_mixin.py:188} INFO - [2025-08-26T04:41:25.446+0000] {dag.py:3954} INFO - Setting next_dagrun for example_external_task_marker_child to None, run_after=None
[2025-08-26T04:41:25.485+0000] {logging_mixin.py:188} INFO - [2025-08-26T04:41:25.484+0000] {dag.py:3954} INFO - Setting next_dagrun for example_external_task_marker_parent to None, run_after=None
[2025-08-26T04:41:25.672+0000] {processor.py:183} INFO - Processing /home/airflow/.local/lib/python3.12/site-packages/airflow/example_dags/example_external_task_marker_dag.py took 1.159 seconds
[2025-08-26T04:42:00.930+0000] {processor.py:161} INFO - Started process (PID=5729) to work on /home/airflow/.local/lib/python3.12/site-packages/airflow/example_dags/example_external_task_marker_dag.py
[2025-08-26T04:42:00.935+0000] {processor.py:830} INFO - Processing file /home/airflow/.local/lib/python3.12/site-packages/airflow/example_dags/example_external_task_marker_dag.py for tasks to queue
[2025-08-26T04:42:00.951+0000] {logging_mixin.py:188} INFO - [2025-08-26T04:42:00.947+0000] {dagbag.py:545} INFO - Filling up the DagBag from /home/airflow/.local/lib/python3.12/site-packages/airflow/example_dags/example_external_task_marker_dag.py
[2025-08-26T04:42:00.989+0000] {processor.py:840} INFO - DAG(s) 'example_external_task_marker_parent', 'example_external_task_marker_child' retrieved from /home/airflow/.local/lib/python3.12/site-packages/airflow/example_dags/example_external_task_marker_dag.py
[2025-08-26T04:42:01.088+0000] {logging_mixin.py:188} INFO - [2025-08-26T04:42:01.087+0000] {dag.py:3096} INFO - Sync 2 DAGs
[2025-08-26T04:42:01.155+0000] {logging_mixin.py:188} INFO - [2025-08-26T04:42:01.154+0000] {dag.py:3954} INFO - Setting next_dagrun for example_external_task_marker_child to None, run_after=None
[2025-08-26T04:42:01.169+0000] {logging_mixin.py:188} INFO - [2025-08-26T04:42:01.169+0000] {dag.py:3954} INFO - Setting next_dagrun for example_external_task_marker_parent to None, run_after=None
[2025-08-26T04:42:01.233+0000] {processor.py:183} INFO - Processing /home/airflow/.local/lib/python3.12/site-packages/airflow/example_dags/example_external_task_marker_dag.py took 0.331 seconds
[2025-08-26T04:42:44.578+0000] {processor.py:161} INFO - Started process (PID=5999) to work on /home/airflow/.local/lib/python3.12/site-packages/airflow/example_dags/example_external_task_marker_dag.py
[2025-08-26T04:42:44.583+0000] {processor.py:830} INFO - Processing file /home/airflow/.local/lib/python3.12/site-packages/airflow/example_dags/example_external_task_marker_dag.py for tasks to queue
[2025-08-26T04:42:44.590+0000] {logging_mixin.py:188} INFO - [2025-08-26T04:42:44.589+0000] {dagbag.py:545} INFO - Filling up the DagBag from /home/airflow/.local/lib/python3.12/site-packages/airflow/example_dags/example_external_task_marker_dag.py
[2025-08-26T04:42:44.641+0000] {processor.py:840} INFO - DAG(s) 'example_external_task_marker_parent', 'example_external_task_marker_child' retrieved from /home/airflow/.local/lib/python3.12/site-packages/airflow/example_dags/example_external_task_marker_dag.py
[2025-08-26T04:42:44.814+0000] {logging_mixin.py:188} INFO - [2025-08-26T04:42:44.813+0000] {dag.py:3096} INFO - Sync 2 DAGs
[2025-08-26T04:42:44.878+0000] {logging_mixin.py:188} INFO - [2025-08-26T04:42:44.877+0000] {dag.py:3954} INFO - Setting next_dagrun for example_external_task_marker_child to None, run_after=None
[2025-08-26T04:42:44.895+0000] {logging_mixin.py:188} INFO - [2025-08-26T04:42:44.894+0000] {dag.py:3954} INFO - Setting next_dagrun for example_external_task_marker_parent to None, run_after=None
[2025-08-26T04:42:44.985+0000] {processor.py:183} INFO - Processing /home/airflow/.local/lib/python3.12/site-packages/airflow/example_dags/example_external_task_marker_dag.py took 0.433 seconds
[2025-08-26T04:43:18.011+0000] {processor.py:161} INFO - Started process (PID=6259) to work on /home/airflow/.local/lib/python3.12/site-packages/airflow/example_dags/example_external_task_marker_dag.py
[2025-08-26T04:43:18.027+0000] {processor.py:830} INFO - Processing file /home/airflow/.local/lib/python3.12/site-packages/airflow/example_dags/example_external_task_marker_dag.py for tasks to queue
[2025-08-26T04:43:18.051+0000] {logging_mixin.py:188} INFO - [2025-08-26T04:43:18.050+0000] {dagbag.py:545} INFO - Filling up the DagBag from /home/airflow/.local/lib/python3.12/site-packages/airflow/example_dags/example_external_task_marker_dag.py
[2025-08-26T04:43:18.114+0000] {processor.py:840} INFO - DAG(s) 'example_external_task_marker_parent', 'example_external_task_marker_child' retrieved from /home/airflow/.local/lib/python3.12/site-packages/airflow/example_dags/example_external_task_marker_dag.py
[2025-08-26T04:43:18.262+0000] {logging_mixin.py:188} INFO - [2025-08-26T04:43:18.261+0000] {dag.py:3096} INFO - Sync 2 DAGs
[2025-08-26T04:43:18.369+0000] {logging_mixin.py:188} INFO - [2025-08-26T04:43:18.367+0000] {dag.py:3954} INFO - Setting next_dagrun for example_external_task_marker_child to None, run_after=None
[2025-08-26T04:43:18.456+0000] {logging_mixin.py:188} INFO - [2025-08-26T04:43:18.455+0000] {dag.py:3954} INFO - Setting next_dagrun for example_external_task_marker_parent to None, run_after=None
[2025-08-26T04:43:18.707+0000] {processor.py:183} INFO - Processing /home/airflow/.local/lib/python3.12/site-packages/airflow/example_dags/example_external_task_marker_dag.py took 0.746 seconds
[2025-08-26T04:44:02.901+0000] {processor.py:161} INFO - Started process (PID=6555) to work on /home/airflow/.local/lib/python3.12/site-packages/airflow/example_dags/example_external_task_marker_dag.py
[2025-08-26T04:44:02.906+0000] {processor.py:830} INFO - Processing file /home/airflow/.local/lib/python3.12/site-packages/airflow/example_dags/example_external_task_marker_dag.py for tasks to queue
[2025-08-26T04:44:02.917+0000] {logging_mixin.py:188} INFO - [2025-08-26T04:44:02.916+0000] {dagbag.py:545} INFO - Filling up the DagBag from /home/airflow/.local/lib/python3.12/site-packages/airflow/example_dags/example_external_task_marker_dag.py
[2025-08-26T04:44:02.954+0000] {processor.py:840} INFO - DAG(s) 'example_external_task_marker_parent', 'example_external_task_marker_child' retrieved from /home/airflow/.local/lib/python3.12/site-packages/airflow/example_dags/example_external_task_marker_dag.py
[2025-08-26T04:44:03.108+0000] {logging_mixin.py:188} INFO - [2025-08-26T04:44:03.107+0000] {dag.py:3096} INFO - Sync 2 DAGs
[2025-08-26T04:44:03.224+0000] {logging_mixin.py:188} INFO - [2025-08-26T04:44:03.224+0000] {dag.py:3954} INFO - Setting next_dagrun for example_external_task_marker_child to None, run_after=None
[2025-08-26T04:44:03.245+0000] {logging_mixin.py:188} INFO - [2025-08-26T04:44:03.244+0000] {dag.py:3954} INFO - Setting next_dagrun for example_external_task_marker_parent to None, run_after=None
[2025-08-26T04:44:03.353+0000] {processor.py:183} INFO - Processing /home/airflow/.local/lib/python3.12/site-packages/airflow/example_dags/example_external_task_marker_dag.py took 0.478 seconds
[2025-08-26T04:44:37.014+0000] {processor.py:161} INFO - Started process (PID=6822) to work on /home/airflow/.local/lib/python3.12/site-packages/airflow/example_dags/example_external_task_marker_dag.py
[2025-08-26T04:44:37.018+0000] {processor.py:830} INFO - Processing file /home/airflow/.local/lib/python3.12/site-packages/airflow/example_dags/example_external_task_marker_dag.py for tasks to queue
[2025-08-26T04:44:37.025+0000] {logging_mixin.py:188} INFO - [2025-08-26T04:44:37.023+0000] {dagbag.py:545} INFO - Filling up the DagBag from /home/airflow/.local/lib/python3.12/site-packages/airflow/example_dags/example_external_task_marker_dag.py
[2025-08-26T04:44:37.061+0000] {processor.py:840} INFO - DAG(s) 'example_external_task_marker_child', 'example_external_task_marker_parent' retrieved from /home/airflow/.local/lib/python3.12/site-packages/airflow/example_dags/example_external_task_marker_dag.py
[2025-08-26T04:44:37.179+0000] {logging_mixin.py:188} INFO - [2025-08-26T04:44:37.178+0000] {dag.py:3096} INFO - Sync 2 DAGs
[2025-08-26T04:44:37.261+0000] {logging_mixin.py:188} INFO - [2025-08-26T04:44:37.260+0000] {dag.py:3954} INFO - Setting next_dagrun for example_external_task_marker_child to None, run_after=None
[2025-08-26T04:44:37.282+0000] {logging_mixin.py:188} INFO - [2025-08-26T04:44:37.282+0000] {dag.py:3954} INFO - Setting next_dagrun for example_external_task_marker_parent to None, run_after=None
[2025-08-26T04:44:37.417+0000] {processor.py:183} INFO - Processing /home/airflow/.local/lib/python3.12/site-packages/airflow/example_dags/example_external_task_marker_dag.py took 0.436 seconds
[2025-08-26T04:45:15.814+0000] {processor.py:161} INFO - Started process (PID=7106) to work on /home/airflow/.local/lib/python3.12/site-packages/airflow/example_dags/example_external_task_marker_dag.py
[2025-08-26T04:45:15.817+0000] {processor.py:830} INFO - Processing file /home/airflow/.local/lib/python3.12/site-packages/airflow/example_dags/example_external_task_marker_dag.py for tasks to queue
[2025-08-26T04:45:15.827+0000] {logging_mixin.py:188} INFO - [2025-08-26T04:45:15.825+0000] {dagbag.py:545} INFO - Filling up the DagBag from /home/airflow/.local/lib/python3.12/site-packages/airflow/example_dags/example_external_task_marker_dag.py
[2025-08-26T04:45:15.866+0000] {processor.py:840} INFO - DAG(s) 'example_external_task_marker_parent', 'example_external_task_marker_child' retrieved from /home/airflow/.local/lib/python3.12/site-packages/airflow/example_dags/example_external_task_marker_dag.py
[2025-08-26T04:45:16.039+0000] {logging_mixin.py:188} INFO - [2025-08-26T04:45:16.039+0000] {dag.py:3096} INFO - Sync 2 DAGs
[2025-08-26T04:45:16.189+0000] {logging_mixin.py:188} INFO - [2025-08-26T04:45:16.189+0000] {dag.py:3954} INFO - Setting next_dagrun for example_external_task_marker_child to None, run_after=None
[2025-08-26T04:45:16.228+0000] {logging_mixin.py:188} INFO - [2025-08-26T04:45:16.228+0000] {dag.py:3954} INFO - Setting next_dagrun for example_external_task_marker_parent to None, run_after=None
[2025-08-26T04:45:16.372+0000] {processor.py:183} INFO - Processing /home/airflow/.local/lib/python3.12/site-packages/airflow/example_dags/example_external_task_marker_dag.py took 0.605 seconds
[2025-08-26T04:45:57.262+0000] {processor.py:161} INFO - Started process (PID=7390) to work on /home/airflow/.local/lib/python3.12/site-packages/airflow/example_dags/example_external_task_marker_dag.py
[2025-08-26T04:45:57.278+0000] {processor.py:830} INFO - Processing file /home/airflow/.local/lib/python3.12/site-packages/airflow/example_dags/example_external_task_marker_dag.py for tasks to queue
[2025-08-26T04:45:57.303+0000] {logging_mixin.py:188} INFO - [2025-08-26T04:45:57.301+0000] {dagbag.py:545} INFO - Filling up the DagBag from /home/airflow/.local/lib/python3.12/site-packages/airflow/example_dags/example_external_task_marker_dag.py
[2025-08-26T04:45:57.342+0000] {processor.py:840} INFO - DAG(s) 'example_external_task_marker_child', 'example_external_task_marker_parent' retrieved from /home/airflow/.local/lib/python3.12/site-packages/airflow/example_dags/example_external_task_marker_dag.py
[2025-08-26T04:45:57.543+0000] {logging_mixin.py:188} INFO - [2025-08-26T04:45:57.542+0000] {dag.py:3096} INFO - Sync 2 DAGs
[2025-08-26T04:45:57.664+0000] {logging_mixin.py:188} INFO - [2025-08-26T04:45:57.664+0000] {dag.py:3954} INFO - Setting next_dagrun for example_external_task_marker_child to None, run_after=None
[2025-08-26T04:45:57.700+0000] {logging_mixin.py:188} INFO - [2025-08-26T04:45:57.700+0000] {dag.py:3954} INFO - Setting next_dagrun for example_external_task_marker_parent to None, run_after=None
[2025-08-26T04:45:57.842+0000] {processor.py:183} INFO - Processing /home/airflow/.local/lib/python3.12/site-packages/airflow/example_dags/example_external_task_marker_dag.py took 0.641 seconds
[2025-08-26T04:46:39.032+0000] {processor.py:161} INFO - Started process (PID=7657) to work on /home/airflow/.local/lib/python3.12/site-packages/airflow/example_dags/example_external_task_marker_dag.py
[2025-08-26T04:46:39.035+0000] {processor.py:830} INFO - Processing file /home/airflow/.local/lib/python3.12/site-packages/airflow/example_dags/example_external_task_marker_dag.py for tasks to queue
[2025-08-26T04:46:39.081+0000] {logging_mixin.py:188} INFO - [2025-08-26T04:46:39.065+0000] {dagbag.py:545} INFO - Filling up the DagBag from /home/airflow/.local/lib/python3.12/site-packages/airflow/example_dags/example_external_task_marker_dag.py
[2025-08-26T04:46:39.134+0000] {processor.py:840} INFO - DAG(s) 'example_external_task_marker_child', 'example_external_task_marker_parent' retrieved from /home/airflow/.local/lib/python3.12/site-packages/airflow/example_dags/example_external_task_marker_dag.py
[2025-08-26T04:46:39.445+0000] {logging_mixin.py:188} INFO - [2025-08-26T04:46:39.435+0000] {dag.py:3096} INFO - Sync 2 DAGs
[2025-08-26T04:46:39.710+0000] {logging_mixin.py:188} INFO - [2025-08-26T04:46:39.709+0000] {dag.py:3954} INFO - Setting next_dagrun for example_external_task_marker_child to None, run_after=None
[2025-08-26T04:46:39.757+0000] {logging_mixin.py:188} INFO - [2025-08-26T04:46:39.757+0000] {dag.py:3954} INFO - Setting next_dagrun for example_external_task_marker_parent to None, run_after=None
[2025-08-26T04:46:39.913+0000] {processor.py:183} INFO - Processing /home/airflow/.local/lib/python3.12/site-packages/airflow/example_dags/example_external_task_marker_dag.py took 0.969 seconds
[2025-08-26T04:47:12.284+0000] {processor.py:161} INFO - Started process (PID=7921) to work on /home/airflow/.local/lib/python3.12/site-packages/airflow/example_dags/example_external_task_marker_dag.py
[2025-08-26T04:47:12.288+0000] {processor.py:830} INFO - Processing file /home/airflow/.local/lib/python3.12/site-packages/airflow/example_dags/example_external_task_marker_dag.py for tasks to queue
[2025-08-26T04:47:12.300+0000] {logging_mixin.py:188} INFO - [2025-08-26T04:47:12.299+0000] {dagbag.py:545} INFO - Filling up the DagBag from /home/airflow/.local/lib/python3.12/site-packages/airflow/example_dags/example_external_task_marker_dag.py
[2025-08-26T04:47:12.336+0000] {processor.py:840} INFO - DAG(s) 'example_external_task_marker_child', 'example_external_task_marker_parent' retrieved from /home/airflow/.local/lib/python3.12/site-packages/airflow/example_dags/example_external_task_marker_dag.py
[2025-08-26T04:47:12.566+0000] {logging_mixin.py:188} INFO - [2025-08-26T04:47:12.565+0000] {dag.py:3096} INFO - Sync 2 DAGs
[2025-08-26T04:47:12.703+0000] {logging_mixin.py:188} INFO - [2025-08-26T04:47:12.702+0000] {dag.py:3954} INFO - Setting next_dagrun for example_external_task_marker_child to None, run_after=None
[2025-08-26T04:47:12.742+0000] {logging_mixin.py:188} INFO - [2025-08-26T04:47:12.741+0000] {dag.py:3954} INFO - Setting next_dagrun for example_external_task_marker_parent to None, run_after=None
[2025-08-26T04:47:12.916+0000] {processor.py:183} INFO - Processing /home/airflow/.local/lib/python3.12/site-packages/airflow/example_dags/example_external_task_marker_dag.py took 0.669 seconds
[2025-08-26T04:49:56.620+0000] {processor.py:161} INFO - Started process (PID=408) to work on /home/airflow/.local/lib/python3.12/site-packages/airflow/example_dags/example_external_task_marker_dag.py
[2025-08-26T04:49:56.628+0000] {processor.py:830} INFO - Processing file /home/airflow/.local/lib/python3.12/site-packages/airflow/example_dags/example_external_task_marker_dag.py for tasks to queue
[2025-08-26T04:49:56.640+0000] {logging_mixin.py:188} INFO - [2025-08-26T04:49:56.639+0000] {dagbag.py:545} INFO - Filling up the DagBag from /home/airflow/.local/lib/python3.12/site-packages/airflow/example_dags/example_external_task_marker_dag.py
[2025-08-26T04:49:56.680+0000] {processor.py:840} INFO - DAG(s) 'example_external_task_marker_child', 'example_external_task_marker_parent' retrieved from /home/airflow/.local/lib/python3.12/site-packages/airflow/example_dags/example_external_task_marker_dag.py
[2025-08-26T04:49:57.460+0000] {logging_mixin.py:188} INFO - [2025-08-26T04:49:57.460+0000] {dag.py:3096} INFO - Sync 2 DAGs
[2025-08-26T04:49:57.515+0000] {logging_mixin.py:188} INFO - [2025-08-26T04:49:57.514+0000] {dag.py:3954} INFO - Setting next_dagrun for example_external_task_marker_child to None, run_after=None
[2025-08-26T04:49:57.530+0000] {logging_mixin.py:188} INFO - [2025-08-26T04:49:57.529+0000] {dag.py:3954} INFO - Setting next_dagrun for example_external_task_marker_parent to None, run_after=None
[2025-08-26T04:49:57.617+0000] {processor.py:183} INFO - Processing /home/airflow/.local/lib/python3.12/site-packages/airflow/example_dags/example_external_task_marker_dag.py took 1.047 seconds
[2025-08-26T04:50:28.300+0000] {processor.py:161} INFO - Started process (PID=670) to work on /home/airflow/.local/lib/python3.12/site-packages/airflow/example_dags/example_external_task_marker_dag.py
[2025-08-26T04:50:28.318+0000] {processor.py:830} INFO - Processing file /home/airflow/.local/lib/python3.12/site-packages/airflow/example_dags/example_external_task_marker_dag.py for tasks to queue
[2025-08-26T04:50:28.326+0000] {logging_mixin.py:188} INFO - [2025-08-26T04:50:28.325+0000] {dagbag.py:545} INFO - Filling up the DagBag from /home/airflow/.local/lib/python3.12/site-packages/airflow/example_dags/example_external_task_marker_dag.py
[2025-08-26T04:50:28.416+0000] {processor.py:840} INFO - DAG(s) 'example_external_task_marker_child', 'example_external_task_marker_parent' retrieved from /home/airflow/.local/lib/python3.12/site-packages/airflow/example_dags/example_external_task_marker_dag.py
[2025-08-26T04:50:28.553+0000] {logging_mixin.py:188} INFO - [2025-08-26T04:50:28.552+0000] {dag.py:3096} INFO - Sync 2 DAGs
[2025-08-26T04:50:28.623+0000] {logging_mixin.py:188} INFO - [2025-08-26T04:50:28.623+0000] {dag.py:3954} INFO - Setting next_dagrun for example_external_task_marker_child to None, run_after=None
[2025-08-26T04:50:28.642+0000] {logging_mixin.py:188} INFO - [2025-08-26T04:50:28.642+0000] {dag.py:3954} INFO - Setting next_dagrun for example_external_task_marker_parent to None, run_after=None
[2025-08-26T04:50:28.804+0000] {processor.py:183} INFO - Processing /home/airflow/.local/lib/python3.12/site-packages/airflow/example_dags/example_external_task_marker_dag.py took 0.562 seconds
[2025-08-26T04:50:59.071+0000] {processor.py:161} INFO - Started process (PID=932) to work on /home/airflow/.local/lib/python3.12/site-packages/airflow/example_dags/example_external_task_marker_dag.py
[2025-08-26T04:50:59.074+0000] {processor.py:830} INFO - Processing file /home/airflow/.local/lib/python3.12/site-packages/airflow/example_dags/example_external_task_marker_dag.py for tasks to queue
[2025-08-26T04:50:59.088+0000] {logging_mixin.py:188} INFO - [2025-08-26T04:50:59.087+0000] {dagbag.py:545} INFO - Filling up the DagBag from /home/airflow/.local/lib/python3.12/site-packages/airflow/example_dags/example_external_task_marker_dag.py
[2025-08-26T04:50:59.122+0000] {processor.py:840} INFO - DAG(s) 'example_external_task_marker_child', 'example_external_task_marker_parent' retrieved from /home/airflow/.local/lib/python3.12/site-packages/airflow/example_dags/example_external_task_marker_dag.py
[2025-08-26T04:50:59.248+0000] {logging_mixin.py:188} INFO - [2025-08-26T04:50:59.246+0000] {dag.py:3096} INFO - Sync 2 DAGs
[2025-08-26T04:50:59.318+0000] {logging_mixin.py:188} INFO - [2025-08-26T04:50:59.317+0000] {dag.py:3954} INFO - Setting next_dagrun for example_external_task_marker_child to None, run_after=None
[2025-08-26T04:50:59.343+0000] {logging_mixin.py:188} INFO - [2025-08-26T04:50:59.341+0000] {dag.py:3954} INFO - Setting next_dagrun for example_external_task_marker_parent to None, run_after=None
[2025-08-26T04:50:59.481+0000] {processor.py:183} INFO - Processing /home/airflow/.local/lib/python3.12/site-packages/airflow/example_dags/example_external_task_marker_dag.py took 0.441 seconds
[2025-08-26T04:51:30.840+0000] {processor.py:161} INFO - Started process (PID=1200) to work on /home/airflow/.local/lib/python3.12/site-packages/airflow/example_dags/example_external_task_marker_dag.py
[2025-08-26T04:51:30.854+0000] {processor.py:830} INFO - Processing file /home/airflow/.local/lib/python3.12/site-packages/airflow/example_dags/example_external_task_marker_dag.py for tasks to queue
[2025-08-26T04:51:30.864+0000] {logging_mixin.py:188} INFO - [2025-08-26T04:51:30.863+0000] {dagbag.py:545} INFO - Filling up the DagBag from /home/airflow/.local/lib/python3.12/site-packages/airflow/example_dags/example_external_task_marker_dag.py
[2025-08-26T04:51:30.912+0000] {processor.py:840} INFO - DAG(s) 'example_external_task_marker_parent', 'example_external_task_marker_child' retrieved from /home/airflow/.local/lib/python3.12/site-packages/airflow/example_dags/example_external_task_marker_dag.py
[2025-08-26T04:51:31.075+0000] {logging_mixin.py:188} INFO - [2025-08-26T04:51:31.074+0000] {dag.py:3096} INFO - Sync 2 DAGs
[2025-08-26T04:51:31.164+0000] {logging_mixin.py:188} INFO - [2025-08-26T04:51:31.163+0000] {dag.py:3954} INFO - Setting next_dagrun for example_external_task_marker_child to None, run_after=None
[2025-08-26T04:51:31.206+0000] {logging_mixin.py:188} INFO - [2025-08-26T04:51:31.205+0000] {dag.py:3954} INFO - Setting next_dagrun for example_external_task_marker_parent to None, run_after=None
[2025-08-26T04:51:31.335+0000] {processor.py:183} INFO - Processing /home/airflow/.local/lib/python3.12/site-packages/airflow/example_dags/example_external_task_marker_dag.py took 0.542 seconds
[2025-08-26T04:52:02.542+0000] {processor.py:161} INFO - Started process (PID=1461) to work on /home/airflow/.local/lib/python3.12/site-packages/airflow/example_dags/example_external_task_marker_dag.py
[2025-08-26T04:52:02.549+0000] {processor.py:830} INFO - Processing file /home/airflow/.local/lib/python3.12/site-packages/airflow/example_dags/example_external_task_marker_dag.py for tasks to queue
[2025-08-26T04:52:02.561+0000] {logging_mixin.py:188} INFO - [2025-08-26T04:52:02.555+0000] {dagbag.py:545} INFO - Filling up the DagBag from /home/airflow/.local/lib/python3.12/site-packages/airflow/example_dags/example_external_task_marker_dag.py
[2025-08-26T04:52:02.590+0000] {processor.py:840} INFO - DAG(s) 'example_external_task_marker_parent', 'example_external_task_marker_child' retrieved from /home/airflow/.local/lib/python3.12/site-packages/airflow/example_dags/example_external_task_marker_dag.py
[2025-08-26T04:52:02.760+0000] {logging_mixin.py:188} INFO - [2025-08-26T04:52:02.760+0000] {dag.py:3096} INFO - Sync 2 DAGs
[2025-08-26T04:52:02.874+0000] {logging_mixin.py:188} INFO - [2025-08-26T04:52:02.874+0000] {dag.py:3954} INFO - Setting next_dagrun for example_external_task_marker_child to None, run_after=None
[2025-08-26T04:52:02.919+0000] {logging_mixin.py:188} INFO - [2025-08-26T04:52:02.919+0000] {dag.py:3954} INFO - Setting next_dagrun for example_external_task_marker_parent to None, run_after=None
[2025-08-26T04:52:03.105+0000] {processor.py:183} INFO - Processing /home/airflow/.local/lib/python3.12/site-packages/airflow/example_dags/example_external_task_marker_dag.py took 0.633 seconds
[2025-08-26T04:52:53.227+0000] {processor.py:161} INFO - Started process (PID=1742) to work on /home/airflow/.local/lib/python3.12/site-packages/airflow/example_dags/example_external_task_marker_dag.py
[2025-08-26T04:52:53.238+0000] {processor.py:830} INFO - Processing file /home/airflow/.local/lib/python3.12/site-packages/airflow/example_dags/example_external_task_marker_dag.py for tasks to queue
[2025-08-26T04:52:53.252+0000] {logging_mixin.py:188} INFO - [2025-08-26T04:52:53.248+0000] {dagbag.py:545} INFO - Filling up the DagBag from /home/airflow/.local/lib/python3.12/site-packages/airflow/example_dags/example_external_task_marker_dag.py
[2025-08-26T04:52:53.303+0000] {processor.py:840} INFO - DAG(s) 'example_external_task_marker_parent', 'example_external_task_marker_child' retrieved from /home/airflow/.local/lib/python3.12/site-packages/airflow/example_dags/example_external_task_marker_dag.py
[2025-08-26T04:52:53.523+0000] {logging_mixin.py:188} INFO - [2025-08-26T04:52:53.523+0000] {dag.py:3096} INFO - Sync 2 DAGs
[2025-08-26T04:52:53.661+0000] {logging_mixin.py:188} INFO - [2025-08-26T04:52:53.649+0000] {dag.py:3954} INFO - Setting next_dagrun for example_external_task_marker_child to None, run_after=None
[2025-08-26T04:52:53.702+0000] {logging_mixin.py:188} INFO - [2025-08-26T04:52:53.701+0000] {dag.py:3954} INFO - Setting next_dagrun for example_external_task_marker_parent to None, run_after=None
[2025-08-26T04:52:53.887+0000] {processor.py:183} INFO - Processing /home/airflow/.local/lib/python3.12/site-packages/airflow/example_dags/example_external_task_marker_dag.py took 0.713 seconds
[2025-08-26T04:53:24.707+0000] {processor.py:161} INFO - Started process (PID=2004) to work on /home/airflow/.local/lib/python3.12/site-packages/airflow/example_dags/example_external_task_marker_dag.py
[2025-08-26T04:53:24.714+0000] {processor.py:830} INFO - Processing file /home/airflow/.local/lib/python3.12/site-packages/airflow/example_dags/example_external_task_marker_dag.py for tasks to queue
[2025-08-26T04:53:24.720+0000] {logging_mixin.py:188} INFO - [2025-08-26T04:53:24.719+0000] {dagbag.py:545} INFO - Filling up the DagBag from /home/airflow/.local/lib/python3.12/site-packages/airflow/example_dags/example_external_task_marker_dag.py
[2025-08-26T04:53:24.755+0000] {processor.py:840} INFO - DAG(s) 'example_external_task_marker_parent', 'example_external_task_marker_child' retrieved from /home/airflow/.local/lib/python3.12/site-packages/airflow/example_dags/example_external_task_marker_dag.py
[2025-08-26T04:53:24.873+0000] {logging_mixin.py:188} INFO - [2025-08-26T04:53:24.872+0000] {dag.py:3096} INFO - Sync 2 DAGs
[2025-08-26T04:53:24.952+0000] {logging_mixin.py:188} INFO - [2025-08-26T04:53:24.951+0000] {dag.py:3954} INFO - Setting next_dagrun for example_external_task_marker_child to None, run_after=None
[2025-08-26T04:53:24.972+0000] {logging_mixin.py:188} INFO - [2025-08-26T04:53:24.971+0000] {dag.py:3954} INFO - Setting next_dagrun for example_external_task_marker_parent to None, run_after=None
[2025-08-26T04:53:25.067+0000] {processor.py:183} INFO - Processing /home/airflow/.local/lib/python3.12/site-packages/airflow/example_dags/example_external_task_marker_dag.py took 0.390 seconds
[2025-08-26T04:53:57.245+0000] {processor.py:161} INFO - Started process (PID=2266) to work on /home/airflow/.local/lib/python3.12/site-packages/airflow/example_dags/example_external_task_marker_dag.py
[2025-08-26T04:53:57.249+0000] {processor.py:830} INFO - Processing file /home/airflow/.local/lib/python3.12/site-packages/airflow/example_dags/example_external_task_marker_dag.py for tasks to queue
[2025-08-26T04:53:57.282+0000] {logging_mixin.py:188} INFO - [2025-08-26T04:53:57.281+0000] {dagbag.py:545} INFO - Filling up the DagBag from /home/airflow/.local/lib/python3.12/site-packages/airflow/example_dags/example_external_task_marker_dag.py
[2025-08-26T04:53:57.327+0000] {processor.py:840} INFO - DAG(s) 'example_external_task_marker_child', 'example_external_task_marker_parent' retrieved from /home/airflow/.local/lib/python3.12/site-packages/airflow/example_dags/example_external_task_marker_dag.py
[2025-08-26T04:53:57.467+0000] {logging_mixin.py:188} INFO - [2025-08-26T04:53:57.467+0000] {dag.py:3096} INFO - Sync 2 DAGs
[2025-08-26T04:53:57.562+0000] {logging_mixin.py:188} INFO - [2025-08-26T04:53:57.561+0000] {dag.py:3954} INFO - Setting next_dagrun for example_external_task_marker_child to None, run_after=None
[2025-08-26T04:53:57.588+0000] {logging_mixin.py:188} INFO - [2025-08-26T04:53:57.588+0000] {dag.py:3954} INFO - Setting next_dagrun for example_external_task_marker_parent to None, run_after=None
[2025-08-26T04:53:57.679+0000] {processor.py:183} INFO - Processing /home/airflow/.local/lib/python3.12/site-packages/airflow/example_dags/example_external_task_marker_dag.py took 0.486 seconds
[2025-08-26T04:54:31.132+0000] {processor.py:161} INFO - Started process (PID=2528) to work on /home/airflow/.local/lib/python3.12/site-packages/airflow/example_dags/example_external_task_marker_dag.py
[2025-08-26T04:54:31.135+0000] {processor.py:830} INFO - Processing file /home/airflow/.local/lib/python3.12/site-packages/airflow/example_dags/example_external_task_marker_dag.py for tasks to queue
[2025-08-26T04:54:31.150+0000] {logging_mixin.py:188} INFO - [2025-08-26T04:54:31.149+0000] {dagbag.py:545} INFO - Filling up the DagBag from /home/airflow/.local/lib/python3.12/site-packages/airflow/example_dags/example_external_task_marker_dag.py
[2025-08-26T04:54:31.207+0000] {processor.py:840} INFO - DAG(s) 'example_external_task_marker_parent', 'example_external_task_marker_child' retrieved from /home/airflow/.local/lib/python3.12/site-packages/airflow/example_dags/example_external_task_marker_dag.py
[2025-08-26T04:54:31.348+0000] {logging_mixin.py:188} INFO - [2025-08-26T04:54:31.347+0000] {dag.py:3096} INFO - Sync 2 DAGs
[2025-08-26T04:54:31.535+0000] {logging_mixin.py:188} INFO - [2025-08-26T04:54:31.534+0000] {dag.py:3954} INFO - Setting next_dagrun for example_external_task_marker_child to None, run_after=None
[2025-08-26T04:54:31.605+0000] {logging_mixin.py:188} INFO - [2025-08-26T04:54:31.604+0000] {dag.py:3954} INFO - Setting next_dagrun for example_external_task_marker_parent to None, run_after=None
[2025-08-26T04:54:31.959+0000] {processor.py:183} INFO - Processing /home/airflow/.local/lib/python3.12/site-packages/airflow/example_dags/example_external_task_marker_dag.py took 0.868 seconds
[2025-08-26T04:55:02.476+0000] {processor.py:161} INFO - Started process (PID=2798) to work on /home/airflow/.local/lib/python3.12/site-packages/airflow/example_dags/example_external_task_marker_dag.py
[2025-08-26T04:55:02.480+0000] {processor.py:830} INFO - Processing file /home/airflow/.local/lib/python3.12/site-packages/airflow/example_dags/example_external_task_marker_dag.py for tasks to queue
[2025-08-26T04:55:02.489+0000] {logging_mixin.py:188} INFO - [2025-08-26T04:55:02.488+0000] {dagbag.py:545} INFO - Filling up the DagBag from /home/airflow/.local/lib/python3.12/site-packages/airflow/example_dags/example_external_task_marker_dag.py
[2025-08-26T04:55:02.526+0000] {processor.py:840} INFO - DAG(s) 'example_external_task_marker_parent', 'example_external_task_marker_child' retrieved from /home/airflow/.local/lib/python3.12/site-packages/airflow/example_dags/example_external_task_marker_dag.py
[2025-08-26T04:55:02.691+0000] {logging_mixin.py:188} INFO - [2025-08-26T04:55:02.691+0000] {dag.py:3096} INFO - Sync 2 DAGs
[2025-08-26T04:55:02.796+0000] {logging_mixin.py:188} INFO - [2025-08-26T04:55:02.794+0000] {dag.py:3954} INFO - Setting next_dagrun for example_external_task_marker_child to None, run_after=None
[2025-08-26T04:55:02.864+0000] {logging_mixin.py:188} INFO - [2025-08-26T04:55:02.845+0000] {dag.py:3954} INFO - Setting next_dagrun for example_external_task_marker_parent to None, run_after=None
[2025-08-26T04:55:03.090+0000] {processor.py:183} INFO - Processing /home/airflow/.local/lib/python3.12/site-packages/airflow/example_dags/example_external_task_marker_dag.py took 0.648 seconds
[2025-08-26T04:55:50.424+0000] {processor.py:161} INFO - Started process (PID=3078) to work on /home/airflow/.local/lib/python3.12/site-packages/airflow/example_dags/example_external_task_marker_dag.py
[2025-08-26T04:55:50.432+0000] {processor.py:830} INFO - Processing file /home/airflow/.local/lib/python3.12/site-packages/airflow/example_dags/example_external_task_marker_dag.py for tasks to queue
[2025-08-26T04:55:50.445+0000] {logging_mixin.py:188} INFO - [2025-08-26T04:55:50.443+0000] {dagbag.py:545} INFO - Filling up the DagBag from /home/airflow/.local/lib/python3.12/site-packages/airflow/example_dags/example_external_task_marker_dag.py
[2025-08-26T04:55:50.489+0000] {processor.py:840} INFO - DAG(s) 'example_external_task_marker_parent', 'example_external_task_marker_child' retrieved from /home/airflow/.local/lib/python3.12/site-packages/airflow/example_dags/example_external_task_marker_dag.py
[2025-08-26T04:55:50.664+0000] {logging_mixin.py:188} INFO - [2025-08-26T04:55:50.663+0000] {dag.py:3096} INFO - Sync 2 DAGs
[2025-08-26T04:55:50.883+0000] {logging_mixin.py:188} INFO - [2025-08-26T04:55:50.882+0000] {dag.py:3954} INFO - Setting next_dagrun for example_external_task_marker_child to None, run_after=None
[2025-08-26T04:55:50.909+0000] {logging_mixin.py:188} INFO - [2025-08-26T04:55:50.908+0000] {dag.py:3954} INFO - Setting next_dagrun for example_external_task_marker_parent to None, run_after=None
[2025-08-26T04:55:51.092+0000] {processor.py:183} INFO - Processing /home/airflow/.local/lib/python3.12/site-packages/airflow/example_dags/example_external_task_marker_dag.py took 0.722 seconds
[2025-08-26T04:56:21.963+0000] {processor.py:161} INFO - Started process (PID=3342) to work on /home/airflow/.local/lib/python3.12/site-packages/airflow/example_dags/example_external_task_marker_dag.py
[2025-08-26T04:56:21.965+0000] {processor.py:830} INFO - Processing file /home/airflow/.local/lib/python3.12/site-packages/airflow/example_dags/example_external_task_marker_dag.py for tasks to queue
[2025-08-26T04:56:21.972+0000] {logging_mixin.py:188} INFO - [2025-08-26T04:56:21.971+0000] {dagbag.py:545} INFO - Filling up the DagBag from /home/airflow/.local/lib/python3.12/site-packages/airflow/example_dags/example_external_task_marker_dag.py
[2025-08-26T04:56:21.998+0000] {processor.py:840} INFO - DAG(s) 'example_external_task_marker_parent', 'example_external_task_marker_child' retrieved from /home/airflow/.local/lib/python3.12/site-packages/airflow/example_dags/example_external_task_marker_dag.py
[2025-08-26T04:56:22.075+0000] {logging_mixin.py:188} INFO - [2025-08-26T04:56:22.074+0000] {dag.py:3096} INFO - Sync 2 DAGs
[2025-08-26T04:56:22.118+0000] {logging_mixin.py:188} INFO - [2025-08-26T04:56:22.117+0000] {dag.py:3954} INFO - Setting next_dagrun for example_external_task_marker_child to None, run_after=None
[2025-08-26T04:56:22.131+0000] {logging_mixin.py:188} INFO - [2025-08-26T04:56:22.130+0000] {dag.py:3954} INFO - Setting next_dagrun for example_external_task_marker_parent to None, run_after=None
[2025-08-26T04:56:22.206+0000] {processor.py:183} INFO - Processing /home/airflow/.local/lib/python3.12/site-packages/airflow/example_dags/example_external_task_marker_dag.py took 0.263 seconds
[2025-08-26T04:57:03.127+0000] {processor.py:161} INFO - Started process (PID=3605) to work on /home/airflow/.local/lib/python3.12/site-packages/airflow/example_dags/example_external_task_marker_dag.py
[2025-08-26T04:57:03.130+0000] {processor.py:830} INFO - Processing file /home/airflow/.local/lib/python3.12/site-packages/airflow/example_dags/example_external_task_marker_dag.py for tasks to queue
[2025-08-26T04:57:03.137+0000] {logging_mixin.py:188} INFO - [2025-08-26T04:57:03.136+0000] {dagbag.py:545} INFO - Filling up the DagBag from /home/airflow/.local/lib/python3.12/site-packages/airflow/example_dags/example_external_task_marker_dag.py
[2025-08-26T04:57:03.175+0000] {processor.py:840} INFO - DAG(s) 'example_external_task_marker_parent', 'example_external_task_marker_child' retrieved from /home/airflow/.local/lib/python3.12/site-packages/airflow/example_dags/example_external_task_marker_dag.py
[2025-08-26T04:57:03.393+0000] {logging_mixin.py:188} INFO - [2025-08-26T04:57:03.378+0000] {dag.py:3096} INFO - Sync 2 DAGs
[2025-08-26T04:57:03.753+0000] {logging_mixin.py:188} INFO - [2025-08-26T04:57:03.730+0000] {dag.py:3954} INFO - Setting next_dagrun for example_external_task_marker_child to None, run_after=None
[2025-08-26T04:57:03.852+0000] {logging_mixin.py:188} INFO - [2025-08-26T04:57:03.851+0000] {dag.py:3954} INFO - Setting next_dagrun for example_external_task_marker_parent to None, run_after=None
[2025-08-26T04:57:04.115+0000] {processor.py:183} INFO - Processing /home/airflow/.local/lib/python3.12/site-packages/airflow/example_dags/example_external_task_marker_dag.py took 1.033 seconds
[2025-08-26T04:57:59.974+0000] {processor.py:161} INFO - Started process (PID=3927) to work on /home/airflow/.local/lib/python3.12/site-packages/airflow/example_dags/example_external_task_marker_dag.py
[2025-08-26T04:57:59.984+0000] {processor.py:830} INFO - Processing file /home/airflow/.local/lib/python3.12/site-packages/airflow/example_dags/example_external_task_marker_dag.py for tasks to queue
[2025-08-26T04:58:00.006+0000] {logging_mixin.py:188} INFO - [2025-08-26T04:58:00.005+0000] {dagbag.py:545} INFO - Filling up the DagBag from /home/airflow/.local/lib/python3.12/site-packages/airflow/example_dags/example_external_task_marker_dag.py
[2025-08-26T04:58:00.131+0000] {processor.py:840} INFO - DAG(s) 'example_external_task_marker_child', 'example_external_task_marker_parent' retrieved from /home/airflow/.local/lib/python3.12/site-packages/airflow/example_dags/example_external_task_marker_dag.py
[2025-08-26T04:58:00.661+0000] {logging_mixin.py:188} INFO - [2025-08-26T04:58:00.660+0000] {dag.py:3096} INFO - Sync 2 DAGs
[2025-08-26T04:58:00.869+0000] {logging_mixin.py:188} INFO - [2025-08-26T04:58:00.869+0000] {dag.py:3954} INFO - Setting next_dagrun for example_external_task_marker_child to None, run_after=None
[2025-08-26T04:58:00.917+0000] {logging_mixin.py:188} INFO - [2025-08-26T04:58:00.917+0000] {dag.py:3954} INFO - Setting next_dagrun for example_external_task_marker_parent to None, run_after=None
[2025-08-26T04:58:01.143+0000] {processor.py:183} INFO - Processing /home/airflow/.local/lib/python3.12/site-packages/airflow/example_dags/example_external_task_marker_dag.py took 1.242 seconds
[2025-08-26T05:41:37.068+0000] {processor.py:161} INFO - Started process (PID=4234) to work on /home/airflow/.local/lib/python3.12/site-packages/airflow/example_dags/example_external_task_marker_dag.py
[2025-08-26T05:41:37.098+0000] {processor.py:830} INFO - Processing file /home/airflow/.local/lib/python3.12/site-packages/airflow/example_dags/example_external_task_marker_dag.py for tasks to queue
[2025-08-26T05:41:37.114+0000] {logging_mixin.py:188} INFO - [2025-08-26T05:41:37.113+0000] {dagbag.py:545} INFO - Filling up the DagBag from /home/airflow/.local/lib/python3.12/site-packages/airflow/example_dags/example_external_task_marker_dag.py
[2025-08-26T05:41:37.272+0000] {processor.py:840} INFO - DAG(s) 'example_external_task_marker_parent', 'example_external_task_marker_child' retrieved from /home/airflow/.local/lib/python3.12/site-packages/airflow/example_dags/example_external_task_marker_dag.py
[2025-08-26T05:41:37.680+0000] {logging_mixin.py:188} INFO - [2025-08-26T05:41:37.680+0000] {dag.py:3096} INFO - Sync 2 DAGs
[2025-08-26T05:41:38.051+0000] {logging_mixin.py:188} INFO - [2025-08-26T05:41:38.051+0000] {dag.py:3954} INFO - Setting next_dagrun for example_external_task_marker_child to None, run_after=None
[2025-08-26T05:41:38.225+0000] {logging_mixin.py:188} INFO - [2025-08-26T05:41:38.224+0000] {dag.py:3954} INFO - Setting next_dagrun for example_external_task_marker_parent to None, run_after=None
[2025-08-26T05:41:38.654+0000] {processor.py:183} INFO - Processing /home/airflow/.local/lib/python3.12/site-packages/airflow/example_dags/example_external_task_marker_dag.py took 1.763 seconds
[2025-08-26T05:43:16.701+0000] {processor.py:161} INFO - Started process (PID=4588) to work on /home/airflow/.local/lib/python3.12/site-packages/airflow/example_dags/example_external_task_marker_dag.py
[2025-08-26T05:43:16.716+0000] {processor.py:830} INFO - Processing file /home/airflow/.local/lib/python3.12/site-packages/airflow/example_dags/example_external_task_marker_dag.py for tasks to queue
[2025-08-26T05:43:16.749+0000] {logging_mixin.py:188} INFO - [2025-08-26T05:43:16.748+0000] {dagbag.py:545} INFO - Filling up the DagBag from /home/airflow/.local/lib/python3.12/site-packages/airflow/example_dags/example_external_task_marker_dag.py
[2025-08-26T05:43:16.860+0000] {processor.py:840} INFO - DAG(s) 'example_external_task_marker_parent', 'example_external_task_marker_child' retrieved from /home/airflow/.local/lib/python3.12/site-packages/airflow/example_dags/example_external_task_marker_dag.py
[2025-08-26T05:43:17.404+0000] {logging_mixin.py:188} INFO - [2025-08-26T05:43:17.391+0000] {dag.py:3096} INFO - Sync 2 DAGs
[2025-08-26T05:43:17.741+0000] {logging_mixin.py:188} INFO - [2025-08-26T05:43:17.740+0000] {dag.py:3954} INFO - Setting next_dagrun for example_external_task_marker_child to None, run_after=None
[2025-08-26T05:43:17.863+0000] {logging_mixin.py:188} INFO - [2025-08-26T05:43:17.862+0000] {dag.py:3954} INFO - Setting next_dagrun for example_external_task_marker_parent to None, run_after=None
[2025-08-26T05:43:18.078+0000] {processor.py:183} INFO - Processing /home/airflow/.local/lib/python3.12/site-packages/airflow/example_dags/example_external_task_marker_dag.py took 1.461 seconds
[2025-08-26T05:44:04.864+0000] {processor.py:161} INFO - Started process (PID=4855) to work on /home/airflow/.local/lib/python3.12/site-packages/airflow/example_dags/example_external_task_marker_dag.py
[2025-08-26T05:44:04.870+0000] {processor.py:830} INFO - Processing file /home/airflow/.local/lib/python3.12/site-packages/airflow/example_dags/example_external_task_marker_dag.py for tasks to queue
[2025-08-26T05:44:04.879+0000] {logging_mixin.py:188} INFO - [2025-08-26T05:44:04.878+0000] {dagbag.py:545} INFO - Filling up the DagBag from /home/airflow/.local/lib/python3.12/site-packages/airflow/example_dags/example_external_task_marker_dag.py
[2025-08-26T05:44:04.926+0000] {processor.py:840} INFO - DAG(s) 'example_external_task_marker_parent', 'example_external_task_marker_child' retrieved from /home/airflow/.local/lib/python3.12/site-packages/airflow/example_dags/example_external_task_marker_dag.py
[2025-08-26T05:44:05.088+0000] {logging_mixin.py:188} INFO - [2025-08-26T05:44:05.087+0000] {dag.py:3096} INFO - Sync 2 DAGs
[2025-08-26T05:44:05.171+0000] {logging_mixin.py:188} INFO - [2025-08-26T05:44:05.170+0000] {dag.py:3954} INFO - Setting next_dagrun for example_external_task_marker_child to None, run_after=None
[2025-08-26T05:44:05.208+0000] {logging_mixin.py:188} INFO - [2025-08-26T05:44:05.207+0000] {dag.py:3954} INFO - Setting next_dagrun for example_external_task_marker_parent to None, run_after=None
[2025-08-26T05:44:05.333+0000] {processor.py:183} INFO - Processing /home/airflow/.local/lib/python3.12/site-packages/airflow/example_dags/example_external_task_marker_dag.py took 0.512 seconds
[2025-08-26T05:44:45.303+0000] {processor.py:161} INFO - Started process (PID=5153) to work on /home/airflow/.local/lib/python3.12/site-packages/airflow/example_dags/example_external_task_marker_dag.py
[2025-08-26T05:44:45.320+0000] {processor.py:830} INFO - Processing file /home/airflow/.local/lib/python3.12/site-packages/airflow/example_dags/example_external_task_marker_dag.py for tasks to queue
[2025-08-26T05:44:45.324+0000] {logging_mixin.py:188} INFO - [2025-08-26T05:44:45.323+0000] {dagbag.py:545} INFO - Filling up the DagBag from /home/airflow/.local/lib/python3.12/site-packages/airflow/example_dags/example_external_task_marker_dag.py
[2025-08-26T05:44:45.398+0000] {processor.py:840} INFO - DAG(s) 'example_external_task_marker_child', 'example_external_task_marker_parent' retrieved from /home/airflow/.local/lib/python3.12/site-packages/airflow/example_dags/example_external_task_marker_dag.py
[2025-08-26T05:44:45.580+0000] {logging_mixin.py:188} INFO - [2025-08-26T05:44:45.580+0000] {dag.py:3096} INFO - Sync 2 DAGs
[2025-08-26T05:44:45.688+0000] {logging_mixin.py:188} INFO - [2025-08-26T05:44:45.688+0000] {dag.py:3954} INFO - Setting next_dagrun for example_external_task_marker_child to None, run_after=None
[2025-08-26T05:44:45.722+0000] {logging_mixin.py:188} INFO - [2025-08-26T05:44:45.722+0000] {dag.py:3954} INFO - Setting next_dagrun for example_external_task_marker_parent to None, run_after=None
[2025-08-26T05:44:45.937+0000] {processor.py:183} INFO - Processing /home/airflow/.local/lib/python3.12/site-packages/airflow/example_dags/example_external_task_marker_dag.py took 0.703 seconds
[2025-08-26T05:45:20.795+0000] {processor.py:161} INFO - Started process (PID=5434) to work on /home/airflow/.local/lib/python3.12/site-packages/airflow/example_dags/example_external_task_marker_dag.py
[2025-08-26T05:45:20.823+0000] {processor.py:830} INFO - Processing file /home/airflow/.local/lib/python3.12/site-packages/airflow/example_dags/example_external_task_marker_dag.py for tasks to queue
[2025-08-26T05:45:20.841+0000] {logging_mixin.py:188} INFO - [2025-08-26T05:45:20.840+0000] {dagbag.py:545} INFO - Filling up the DagBag from /home/airflow/.local/lib/python3.12/site-packages/airflow/example_dags/example_external_task_marker_dag.py
[2025-08-26T05:45:20.916+0000] {processor.py:840} INFO - DAG(s) 'example_external_task_marker_child', 'example_external_task_marker_parent' retrieved from /home/airflow/.local/lib/python3.12/site-packages/airflow/example_dags/example_external_task_marker_dag.py
[2025-08-26T05:45:21.157+0000] {logging_mixin.py:188} INFO - [2025-08-26T05:45:21.157+0000] {dag.py:3096} INFO - Sync 2 DAGs
[2025-08-26T05:45:21.277+0000] {logging_mixin.py:188} INFO - [2025-08-26T05:45:21.276+0000] {dag.py:3954} INFO - Setting next_dagrun for example_external_task_marker_child to None, run_after=None
[2025-08-26T05:45:21.326+0000] {logging_mixin.py:188} INFO - [2025-08-26T05:45:21.325+0000] {dag.py:3954} INFO - Setting next_dagrun for example_external_task_marker_parent to None, run_after=None
[2025-08-26T05:45:21.509+0000] {processor.py:183} INFO - Processing /home/airflow/.local/lib/python3.12/site-packages/airflow/example_dags/example_external_task_marker_dag.py took 0.795 seconds
[2025-08-26T05:45:52.993+0000] {processor.py:161} INFO - Started process (PID=5697) to work on /home/airflow/.local/lib/python3.12/site-packages/airflow/example_dags/example_external_task_marker_dag.py
[2025-08-26T05:45:53.170+0000] {processor.py:830} INFO - Processing file /home/airflow/.local/lib/python3.12/site-packages/airflow/example_dags/example_external_task_marker_dag.py for tasks to queue
[2025-08-26T05:45:53.252+0000] {logging_mixin.py:188} INFO - [2025-08-26T05:45:53.251+0000] {dagbag.py:545} INFO - Filling up the DagBag from /home/airflow/.local/lib/python3.12/site-packages/airflow/example_dags/example_external_task_marker_dag.py
[2025-08-26T05:45:53.472+0000] {processor.py:840} INFO - DAG(s) 'example_external_task_marker_child', 'example_external_task_marker_parent' retrieved from /home/airflow/.local/lib/python3.12/site-packages/airflow/example_dags/example_external_task_marker_dag.py
[2025-08-26T05:45:53.766+0000] {logging_mixin.py:188} INFO - [2025-08-26T05:45:53.765+0000] {dag.py:3096} INFO - Sync 2 DAGs
[2025-08-26T05:45:54.013+0000] {logging_mixin.py:188} INFO - [2025-08-26T05:45:54.012+0000] {dag.py:3954} INFO - Setting next_dagrun for example_external_task_marker_child to None, run_after=None
[2025-08-26T05:45:54.078+0000] {logging_mixin.py:188} INFO - [2025-08-26T05:45:54.077+0000] {dag.py:3954} INFO - Setting next_dagrun for example_external_task_marker_parent to None, run_after=None
[2025-08-26T05:45:54.469+0000] {processor.py:183} INFO - Processing /home/airflow/.local/lib/python3.12/site-packages/airflow/example_dags/example_external_task_marker_dag.py took 1.593 seconds
[2025-08-26T05:46:24.896+0000] {processor.py:161} INFO - Started process (PID=5961) to work on /home/airflow/.local/lib/python3.12/site-packages/airflow/example_dags/example_external_task_marker_dag.py
[2025-08-26T05:46:24.903+0000] {processor.py:830} INFO - Processing file /home/airflow/.local/lib/python3.12/site-packages/airflow/example_dags/example_external_task_marker_dag.py for tasks to queue
[2025-08-26T05:46:24.910+0000] {logging_mixin.py:188} INFO - [2025-08-26T05:46:24.908+0000] {dagbag.py:545} INFO - Filling up the DagBag from /home/airflow/.local/lib/python3.12/site-packages/airflow/example_dags/example_external_task_marker_dag.py
[2025-08-26T05:46:24.945+0000] {processor.py:840} INFO - DAG(s) 'example_external_task_marker_parent', 'example_external_task_marker_child' retrieved from /home/airflow/.local/lib/python3.12/site-packages/airflow/example_dags/example_external_task_marker_dag.py
[2025-08-26T05:46:25.090+0000] {logging_mixin.py:188} INFO - [2025-08-26T05:46:25.089+0000] {dag.py:3096} INFO - Sync 2 DAGs
[2025-08-26T05:46:25.188+0000] {logging_mixin.py:188} INFO - [2025-08-26T05:46:25.188+0000] {dag.py:3954} INFO - Setting next_dagrun for example_external_task_marker_child to None, run_after=None
[2025-08-26T05:46:25.220+0000] {logging_mixin.py:188} INFO - [2025-08-26T05:46:25.218+0000] {dag.py:3954} INFO - Setting next_dagrun for example_external_task_marker_parent to None, run_after=None
[2025-08-26T05:46:25.393+0000] {processor.py:183} INFO - Processing /home/airflow/.local/lib/python3.12/site-packages/airflow/example_dags/example_external_task_marker_dag.py took 0.526 seconds
[2025-08-26T05:46:56.458+0000] {processor.py:161} INFO - Started process (PID=6221) to work on /home/airflow/.local/lib/python3.12/site-packages/airflow/example_dags/example_external_task_marker_dag.py
[2025-08-26T05:46:56.462+0000] {processor.py:830} INFO - Processing file /home/airflow/.local/lib/python3.12/site-packages/airflow/example_dags/example_external_task_marker_dag.py for tasks to queue
[2025-08-26T05:46:56.465+0000] {logging_mixin.py:188} INFO - [2025-08-26T05:46:56.464+0000] {dagbag.py:545} INFO - Filling up the DagBag from /home/airflow/.local/lib/python3.12/site-packages/airflow/example_dags/example_external_task_marker_dag.py
[2025-08-26T05:46:56.550+0000] {processor.py:840} INFO - DAG(s) 'example_external_task_marker_parent', 'example_external_task_marker_child' retrieved from /home/airflow/.local/lib/python3.12/site-packages/airflow/example_dags/example_external_task_marker_dag.py
[2025-08-26T05:46:56.726+0000] {logging_mixin.py:188} INFO - [2025-08-26T05:46:56.726+0000] {dag.py:3096} INFO - Sync 2 DAGs
[2025-08-26T05:46:56.869+0000] {logging_mixin.py:188} INFO - [2025-08-26T05:46:56.868+0000] {dag.py:3954} INFO - Setting next_dagrun for example_external_task_marker_child to None, run_after=None
[2025-08-26T05:46:56.930+0000] {logging_mixin.py:188} INFO - [2025-08-26T05:46:56.924+0000] {dag.py:3954} INFO - Setting next_dagrun for example_external_task_marker_parent to None, run_after=None
[2025-08-26T05:46:57.100+0000] {processor.py:183} INFO - Processing /home/airflow/.local/lib/python3.12/site-packages/airflow/example_dags/example_external_task_marker_dag.py took 0.701 seconds
[2025-08-26T05:47:37.668+0000] {processor.py:161} INFO - Started process (PID=6504) to work on /home/airflow/.local/lib/python3.12/site-packages/airflow/example_dags/example_external_task_marker_dag.py
[2025-08-26T05:47:37.685+0000] {processor.py:830} INFO - Processing file /home/airflow/.local/lib/python3.12/site-packages/airflow/example_dags/example_external_task_marker_dag.py for tasks to queue
[2025-08-26T05:47:37.689+0000] {logging_mixin.py:188} INFO - [2025-08-26T05:47:37.688+0000] {dagbag.py:545} INFO - Filling up the DagBag from /home/airflow/.local/lib/python3.12/site-packages/airflow/example_dags/example_external_task_marker_dag.py
[2025-08-26T05:47:37.739+0000] {processor.py:840} INFO - DAG(s) 'example_external_task_marker_child', 'example_external_task_marker_parent' retrieved from /home/airflow/.local/lib/python3.12/site-packages/airflow/example_dags/example_external_task_marker_dag.py
[2025-08-26T05:47:37.964+0000] {logging_mixin.py:188} INFO - [2025-08-26T05:47:37.958+0000] {dag.py:3096} INFO - Sync 2 DAGs
[2025-08-26T05:47:38.058+0000] {logging_mixin.py:188} INFO - [2025-08-26T05:47:38.058+0000] {dag.py:3954} INFO - Setting next_dagrun for example_external_task_marker_child to None, run_after=None
[2025-08-26T05:47:38.106+0000] {logging_mixin.py:188} INFO - [2025-08-26T05:47:38.103+0000] {dag.py:3954} INFO - Setting next_dagrun for example_external_task_marker_parent to None, run_after=None
[2025-08-26T05:47:38.268+0000] {processor.py:183} INFO - Processing /home/airflow/.local/lib/python3.12/site-packages/airflow/example_dags/example_external_task_marker_dag.py took 0.653 seconds
