[2025-08-26T04:29:26.229+0000] {processor.py:161} INFO - Started process (PID=274) to work on /home/airflow/.local/lib/python3.12/site-packages/airflow/example_dags/example_dag_decorator.py
[2025-08-26T04:29:26.246+0000] {processor.py:830} INFO - Processing file /home/airflow/.local/lib/python3.12/site-packages/airflow/example_dags/example_dag_decorator.py for tasks to queue
[2025-08-26T04:29:26.296+0000] {logging_mixin.py:188} INFO - [2025-08-26T04:29:26.294+0000] {dagbag.py:545} INFO - Filling up the DagBag from /home/airflow/.local/lib/python3.12/site-packages/airflow/example_dags/example_dag_decorator.py
[2025-08-26T04:29:30.174+0000] {processor.py:840} INFO - DAG(s) 'example_dag_decorator' retrieved from /home/airflow/.local/lib/python3.12/site-packages/airflow/example_dags/example_dag_decorator.py
[2025-08-26T04:29:32.243+0000] {logging_mixin.py:188} INFO - [2025-08-26T04:29:32.241+0000] {override.py:1829} INFO - Created Permission View: can delete on DAG:example_dag_decorator
[2025-08-26T04:29:32.488+0000] {logging_mixin.py:188} INFO - [2025-08-26T04:29:32.487+0000] {override.py:1829} INFO - Created Permission View: can read on DAG:example_dag_decorator
[2025-08-26T04:29:32.556+0000] {logging_mixin.py:188} INFO - [2025-08-26T04:29:32.555+0000] {override.py:1829} INFO - Created Permission View: can edit on DAG:example_dag_decorator
[2025-08-26T04:29:32.569+0000] {logging_mixin.py:188} INFO - [2025-08-26T04:29:32.568+0000] {dag.py:3096} INFO - Sync 1 DAGs
[2025-08-26T04:29:32.802+0000] {logging_mixin.py:188} INFO - [2025-08-26T04:29:32.801+0000] {dag.py:3118} INFO - Creating ORM DAG for example_dag_decorator
[2025-08-26T04:29:32.833+0000] {logging_mixin.py:188} INFO - [2025-08-26T04:29:32.832+0000] {dag.py:3954} INFO - Setting next_dagrun for example_dag_decorator to None, run_after=None
[2025-08-26T04:29:33.137+0000] {processor.py:183} INFO - Processing /home/airflow/.local/lib/python3.12/site-packages/airflow/example_dags/example_dag_decorator.py took 7.000 seconds
[2025-08-26T04:30:54.411+0000] {processor.py:161} INFO - Started process (PID=548) to work on /home/airflow/.local/lib/python3.12/site-packages/airflow/example_dags/example_dag_decorator.py
[2025-08-26T04:30:54.419+0000] {processor.py:830} INFO - Processing file /home/airflow/.local/lib/python3.12/site-packages/airflow/example_dags/example_dag_decorator.py for tasks to queue
[2025-08-26T04:30:54.427+0000] {logging_mixin.py:188} INFO - [2025-08-26T04:30:54.425+0000] {dagbag.py:545} INFO - Filling up the DagBag from /home/airflow/.local/lib/python3.12/site-packages/airflow/example_dags/example_dag_decorator.py
[2025-08-26T04:30:55.061+0000] {processor.py:840} INFO - DAG(s) 'example_dag_decorator' retrieved from /home/airflow/.local/lib/python3.12/site-packages/airflow/example_dags/example_dag_decorator.py
[2025-08-26T04:30:55.260+0000] {logging_mixin.py:188} INFO - [2025-08-26T04:30:55.259+0000] {dag.py:3096} INFO - Sync 1 DAGs
[2025-08-26T04:30:55.335+0000] {logging_mixin.py:188} INFO - [2025-08-26T04:30:55.334+0000] {dag.py:3954} INFO - Setting next_dagrun for example_dag_decorator to None, run_after=None
[2025-08-26T04:30:55.528+0000] {processor.py:183} INFO - Processing /home/airflow/.local/lib/python3.12/site-packages/airflow/example_dags/example_dag_decorator.py took 1.150 seconds
[2025-08-26T04:31:27.988+0000] {processor.py:161} INFO - Started process (PID=810) to work on /home/airflow/.local/lib/python3.12/site-packages/airflow/example_dags/example_dag_decorator.py
[2025-08-26T04:31:28.005+0000] {processor.py:830} INFO - Processing file /home/airflow/.local/lib/python3.12/site-packages/airflow/example_dags/example_dag_decorator.py for tasks to queue
[2025-08-26T04:31:28.013+0000] {logging_mixin.py:188} INFO - [2025-08-26T04:31:28.011+0000] {dagbag.py:545} INFO - Filling up the DagBag from /home/airflow/.local/lib/python3.12/site-packages/airflow/example_dags/example_dag_decorator.py
[2025-08-26T04:31:29.509+0000] {processor.py:840} INFO - DAG(s) 'example_dag_decorator' retrieved from /home/airflow/.local/lib/python3.12/site-packages/airflow/example_dags/example_dag_decorator.py
[2025-08-26T04:31:30.856+0000] {logging_mixin.py:188} INFO - [2025-08-26T04:31:30.855+0000] {dag.py:3096} INFO - Sync 1 DAGs
[2025-08-26T04:31:30.920+0000] {logging_mixin.py:188} INFO - [2025-08-26T04:31:30.919+0000] {dag.py:3954} INFO - Setting next_dagrun for example_dag_decorator to None, run_after=None
[2025-08-26T04:31:31.015+0000] {processor.py:183} INFO - Processing /home/airflow/.local/lib/python3.12/site-packages/airflow/example_dags/example_dag_decorator.py took 3.074 seconds
[2025-08-26T04:32:03.687+0000] {processor.py:161} INFO - Started process (PID=1071) to work on /home/airflow/.local/lib/python3.12/site-packages/airflow/example_dags/example_dag_decorator.py
[2025-08-26T04:32:03.722+0000] {processor.py:830} INFO - Processing file /home/airflow/.local/lib/python3.12/site-packages/airflow/example_dags/example_dag_decorator.py for tasks to queue
[2025-08-26T04:32:03.813+0000] {logging_mixin.py:188} INFO - [2025-08-26T04:32:03.810+0000] {dagbag.py:545} INFO - Filling up the DagBag from /home/airflow/.local/lib/python3.12/site-packages/airflow/example_dags/example_dag_decorator.py
[2025-08-26T04:32:04.884+0000] {processor.py:840} INFO - DAG(s) 'example_dag_decorator' retrieved from /home/airflow/.local/lib/python3.12/site-packages/airflow/example_dags/example_dag_decorator.py
[2025-08-26T04:32:06.102+0000] {logging_mixin.py:188} INFO - [2025-08-26T04:32:06.101+0000] {dag.py:3096} INFO - Sync 1 DAGs
[2025-08-26T04:32:06.225+0000] {logging_mixin.py:188} INFO - [2025-08-26T04:32:06.223+0000] {dag.py:3954} INFO - Setting next_dagrun for example_dag_decorator to None, run_after=None
[2025-08-26T04:32:06.456+0000] {processor.py:183} INFO - Processing /home/airflow/.local/lib/python3.12/site-packages/airflow/example_dags/example_dag_decorator.py took 2.840 seconds
[2025-08-26T04:32:37.633+0000] {processor.py:161} INFO - Started process (PID=1329) to work on /home/airflow/.local/lib/python3.12/site-packages/airflow/example_dags/example_dag_decorator.py
[2025-08-26T04:32:37.654+0000] {processor.py:830} INFO - Processing file /home/airflow/.local/lib/python3.12/site-packages/airflow/example_dags/example_dag_decorator.py for tasks to queue
[2025-08-26T04:32:37.665+0000] {logging_mixin.py:188} INFO - [2025-08-26T04:32:37.664+0000] {dagbag.py:545} INFO - Filling up the DagBag from /home/airflow/.local/lib/python3.12/site-packages/airflow/example_dags/example_dag_decorator.py
[2025-08-26T04:32:39.089+0000] {processor.py:840} INFO - DAG(s) 'example_dag_decorator' retrieved from /home/airflow/.local/lib/python3.12/site-packages/airflow/example_dags/example_dag_decorator.py
[2025-08-26T04:32:43.279+0000] {logging_mixin.py:188} INFO - [2025-08-26T04:32:43.203+0000] {dag.py:3096} INFO - Sync 1 DAGs
[2025-08-26T04:32:43.918+0000] {logging_mixin.py:188} INFO - [2025-08-26T04:32:43.917+0000] {dag.py:3954} INFO - Setting next_dagrun for example_dag_decorator to None, run_after=None
[2025-08-26T04:32:44.463+0000] {processor.py:183} INFO - Processing /home/airflow/.local/lib/python3.12/site-packages/airflow/example_dags/example_dag_decorator.py took 6.917 seconds
[2025-08-26T04:33:15.437+0000] {processor.py:161} INFO - Started process (PID=1591) to work on /home/airflow/.local/lib/python3.12/site-packages/airflow/example_dags/example_dag_decorator.py
[2025-08-26T04:33:15.441+0000] {processor.py:830} INFO - Processing file /home/airflow/.local/lib/python3.12/site-packages/airflow/example_dags/example_dag_decorator.py for tasks to queue
[2025-08-26T04:33:15.451+0000] {logging_mixin.py:188} INFO - [2025-08-26T04:33:15.449+0000] {dagbag.py:545} INFO - Filling up the DagBag from /home/airflow/.local/lib/python3.12/site-packages/airflow/example_dags/example_dag_decorator.py
[2025-08-26T04:33:15.973+0000] {processor.py:840} INFO - DAG(s) 'example_dag_decorator' retrieved from /home/airflow/.local/lib/python3.12/site-packages/airflow/example_dags/example_dag_decorator.py
[2025-08-26T04:33:16.067+0000] {logging_mixin.py:188} INFO - [2025-08-26T04:33:16.066+0000] {dag.py:3096} INFO - Sync 1 DAGs
[2025-08-26T04:33:16.119+0000] {logging_mixin.py:188} INFO - [2025-08-26T04:33:16.118+0000] {dag.py:3954} INFO - Setting next_dagrun for example_dag_decorator to None, run_after=None
[2025-08-26T04:33:16.244+0000] {processor.py:183} INFO - Processing /home/airflow/.local/lib/python3.12/site-packages/airflow/example_dags/example_dag_decorator.py took 0.841 seconds
[2025-08-26T04:33:46.798+0000] {processor.py:161} INFO - Started process (PID=1853) to work on /home/airflow/.local/lib/python3.12/site-packages/airflow/example_dags/example_dag_decorator.py
[2025-08-26T04:33:46.803+0000] {processor.py:830} INFO - Processing file /home/airflow/.local/lib/python3.12/site-packages/airflow/example_dags/example_dag_decorator.py for tasks to queue
[2025-08-26T04:33:46.814+0000] {logging_mixin.py:188} INFO - [2025-08-26T04:33:46.813+0000] {dagbag.py:545} INFO - Filling up the DagBag from /home/airflow/.local/lib/python3.12/site-packages/airflow/example_dags/example_dag_decorator.py
[2025-08-26T04:33:47.403+0000] {processor.py:840} INFO - DAG(s) 'example_dag_decorator' retrieved from /home/airflow/.local/lib/python3.12/site-packages/airflow/example_dags/example_dag_decorator.py
[2025-08-26T04:33:48.129+0000] {logging_mixin.py:188} INFO - [2025-08-26T04:33:48.129+0000] {dag.py:3096} INFO - Sync 1 DAGs
[2025-08-26T04:33:48.182+0000] {logging_mixin.py:188} INFO - [2025-08-26T04:33:48.181+0000] {dag.py:3954} INFO - Setting next_dagrun for example_dag_decorator to None, run_after=None
[2025-08-26T04:33:48.284+0000] {processor.py:183} INFO - Processing /home/airflow/.local/lib/python3.12/site-packages/airflow/example_dags/example_dag_decorator.py took 1.535 seconds
[2025-08-26T04:34:18.614+0000] {processor.py:161} INFO - Started process (PID=2120) to work on /home/airflow/.local/lib/python3.12/site-packages/airflow/example_dags/example_dag_decorator.py
[2025-08-26T04:34:18.627+0000] {processor.py:830} INFO - Processing file /home/airflow/.local/lib/python3.12/site-packages/airflow/example_dags/example_dag_decorator.py for tasks to queue
[2025-08-26T04:34:18.646+0000] {logging_mixin.py:188} INFO - [2025-08-26T04:34:18.643+0000] {dagbag.py:545} INFO - Filling up the DagBag from /home/airflow/.local/lib/python3.12/site-packages/airflow/example_dags/example_dag_decorator.py
[2025-08-26T04:34:19.534+0000] {processor.py:840} INFO - DAG(s) 'example_dag_decorator' retrieved from /home/airflow/.local/lib/python3.12/site-packages/airflow/example_dags/example_dag_decorator.py
[2025-08-26T04:34:19.662+0000] {logging_mixin.py:188} INFO - [2025-08-26T04:34:19.661+0000] {dag.py:3096} INFO - Sync 1 DAGs
[2025-08-26T04:34:19.757+0000] {logging_mixin.py:188} INFO - [2025-08-26T04:34:19.752+0000] {dag.py:3954} INFO - Setting next_dagrun for example_dag_decorator to None, run_after=None
[2025-08-26T04:34:19.862+0000] {processor.py:183} INFO - Processing /home/airflow/.local/lib/python3.12/site-packages/airflow/example_dags/example_dag_decorator.py took 1.302 seconds
[2025-08-26T04:34:50.818+0000] {processor.py:161} INFO - Started process (PID=2377) to work on /home/airflow/.local/lib/python3.12/site-packages/airflow/example_dags/example_dag_decorator.py
[2025-08-26T04:34:50.827+0000] {processor.py:830} INFO - Processing file /home/airflow/.local/lib/python3.12/site-packages/airflow/example_dags/example_dag_decorator.py for tasks to queue
[2025-08-26T04:34:50.857+0000] {logging_mixin.py:188} INFO - [2025-08-26T04:34:50.855+0000] {dagbag.py:545} INFO - Filling up the DagBag from /home/airflow/.local/lib/python3.12/site-packages/airflow/example_dags/example_dag_decorator.py
[2025-08-26T04:34:51.564+0000] {processor.py:840} INFO - DAG(s) 'example_dag_decorator' retrieved from /home/airflow/.local/lib/python3.12/site-packages/airflow/example_dags/example_dag_decorator.py
[2025-08-26T04:34:53.046+0000] {logging_mixin.py:188} INFO - [2025-08-26T04:34:53.045+0000] {dag.py:3096} INFO - Sync 1 DAGs
[2025-08-26T04:34:53.233+0000] {logging_mixin.py:188} INFO - [2025-08-26T04:34:53.232+0000] {dag.py:3954} INFO - Setting next_dagrun for example_dag_decorator to None, run_after=None
[2025-08-26T04:34:53.327+0000] {processor.py:183} INFO - Processing /home/airflow/.local/lib/python3.12/site-packages/airflow/example_dags/example_dag_decorator.py took 2.540 seconds
[2025-08-26T04:35:23.805+0000] {processor.py:161} INFO - Started process (PID=2638) to work on /home/airflow/.local/lib/python3.12/site-packages/airflow/example_dags/example_dag_decorator.py
[2025-08-26T04:35:23.830+0000] {processor.py:830} INFO - Processing file /home/airflow/.local/lib/python3.12/site-packages/airflow/example_dags/example_dag_decorator.py for tasks to queue
[2025-08-26T04:35:23.897+0000] {logging_mixin.py:188} INFO - [2025-08-26T04:35:23.894+0000] {dagbag.py:545} INFO - Filling up the DagBag from /home/airflow/.local/lib/python3.12/site-packages/airflow/example_dags/example_dag_decorator.py
[2025-08-26T04:35:25.203+0000] {processor.py:840} INFO - DAG(s) 'example_dag_decorator' retrieved from /home/airflow/.local/lib/python3.12/site-packages/airflow/example_dags/example_dag_decorator.py
[2025-08-26T04:35:26.090+0000] {logging_mixin.py:188} INFO - [2025-08-26T04:35:26.089+0000] {dag.py:3096} INFO - Sync 1 DAGs
[2025-08-26T04:35:26.219+0000] {logging_mixin.py:188} INFO - [2025-08-26T04:35:26.217+0000] {dag.py:3954} INFO - Setting next_dagrun for example_dag_decorator to None, run_after=None
[2025-08-26T04:35:26.413+0000] {processor.py:183} INFO - Processing /home/airflow/.local/lib/python3.12/site-packages/airflow/example_dags/example_dag_decorator.py took 2.727 seconds
[2025-08-26T04:35:57.044+0000] {processor.py:161} INFO - Started process (PID=2915) to work on /home/airflow/.local/lib/python3.12/site-packages/airflow/example_dags/example_dag_decorator.py
[2025-08-26T04:35:57.047+0000] {processor.py:830} INFO - Processing file /home/airflow/.local/lib/python3.12/site-packages/airflow/example_dags/example_dag_decorator.py for tasks to queue
[2025-08-26T04:35:57.054+0000] {logging_mixin.py:188} INFO - [2025-08-26T04:35:57.053+0000] {dagbag.py:545} INFO - Filling up the DagBag from /home/airflow/.local/lib/python3.12/site-packages/airflow/example_dags/example_dag_decorator.py
[2025-08-26T04:35:57.547+0000] {processor.py:840} INFO - DAG(s) 'example_dag_decorator' retrieved from /home/airflow/.local/lib/python3.12/site-packages/airflow/example_dags/example_dag_decorator.py
[2025-08-26T04:35:57.640+0000] {logging_mixin.py:188} INFO - [2025-08-26T04:35:57.640+0000] {dag.py:3096} INFO - Sync 1 DAGs
[2025-08-26T04:35:57.696+0000] {logging_mixin.py:188} INFO - [2025-08-26T04:35:57.695+0000] {dag.py:3954} INFO - Setting next_dagrun for example_dag_decorator to None, run_after=None
[2025-08-26T04:35:57.792+0000] {processor.py:183} INFO - Processing /home/airflow/.local/lib/python3.12/site-packages/airflow/example_dags/example_dag_decorator.py took 0.820 seconds
[2025-08-26T04:36:28.774+0000] {processor.py:161} INFO - Started process (PID=3184) to work on /home/airflow/.local/lib/python3.12/site-packages/airflow/example_dags/example_dag_decorator.py
[2025-08-26T04:36:28.791+0000] {processor.py:830} INFO - Processing file /home/airflow/.local/lib/python3.12/site-packages/airflow/example_dags/example_dag_decorator.py for tasks to queue
[2025-08-26T04:36:28.835+0000] {logging_mixin.py:188} INFO - [2025-08-26T04:36:28.834+0000] {dagbag.py:545} INFO - Filling up the DagBag from /home/airflow/.local/lib/python3.12/site-packages/airflow/example_dags/example_dag_decorator.py
[2025-08-26T04:36:29.498+0000] {processor.py:840} INFO - DAG(s) 'example_dag_decorator' retrieved from /home/airflow/.local/lib/python3.12/site-packages/airflow/example_dags/example_dag_decorator.py
[2025-08-26T04:36:29.994+0000] {logging_mixin.py:188} INFO - [2025-08-26T04:36:29.993+0000] {dag.py:3096} INFO - Sync 1 DAGs
[2025-08-26T04:36:30.034+0000] {logging_mixin.py:188} INFO - [2025-08-26T04:36:30.033+0000] {dag.py:3954} INFO - Setting next_dagrun for example_dag_decorator to None, run_after=None
[2025-08-26T04:36:30.113+0000] {processor.py:183} INFO - Processing /home/airflow/.local/lib/python3.12/site-packages/airflow/example_dags/example_dag_decorator.py took 1.404 seconds
[2025-08-26T04:37:00.880+0000] {processor.py:161} INFO - Started process (PID=3454) to work on /home/airflow/.local/lib/python3.12/site-packages/airflow/example_dags/example_dag_decorator.py
[2025-08-26T04:37:00.885+0000] {processor.py:830} INFO - Processing file /home/airflow/.local/lib/python3.12/site-packages/airflow/example_dags/example_dag_decorator.py for tasks to queue
[2025-08-26T04:37:00.908+0000] {logging_mixin.py:188} INFO - [2025-08-26T04:37:00.906+0000] {dagbag.py:545} INFO - Filling up the DagBag from /home/airflow/.local/lib/python3.12/site-packages/airflow/example_dags/example_dag_decorator.py
[2025-08-26T04:37:01.442+0000] {processor.py:840} INFO - DAG(s) 'example_dag_decorator' retrieved from /home/airflow/.local/lib/python3.12/site-packages/airflow/example_dags/example_dag_decorator.py
[2025-08-26T04:37:02.244+0000] {logging_mixin.py:188} INFO - [2025-08-26T04:37:02.243+0000] {dag.py:3096} INFO - Sync 1 DAGs
[2025-08-26T04:37:02.377+0000] {logging_mixin.py:188} INFO - [2025-08-26T04:37:02.376+0000] {dag.py:3954} INFO - Setting next_dagrun for example_dag_decorator to None, run_after=None
[2025-08-26T04:37:02.559+0000] {processor.py:183} INFO - Processing /home/airflow/.local/lib/python3.12/site-packages/airflow/example_dags/example_dag_decorator.py took 1.712 seconds
[2025-08-26T04:37:34.059+0000] {processor.py:161} INFO - Started process (PID=3721) to work on /home/airflow/.local/lib/python3.12/site-packages/airflow/example_dags/example_dag_decorator.py
[2025-08-26T04:37:34.073+0000] {processor.py:830} INFO - Processing file /home/airflow/.local/lib/python3.12/site-packages/airflow/example_dags/example_dag_decorator.py for tasks to queue
[2025-08-26T04:37:34.105+0000] {logging_mixin.py:188} INFO - [2025-08-26T04:37:34.104+0000] {dagbag.py:545} INFO - Filling up the DagBag from /home/airflow/.local/lib/python3.12/site-packages/airflow/example_dags/example_dag_decorator.py
[2025-08-26T04:37:34.780+0000] {processor.py:840} INFO - DAG(s) 'example_dag_decorator' retrieved from /home/airflow/.local/lib/python3.12/site-packages/airflow/example_dags/example_dag_decorator.py
[2025-08-26T04:37:35.951+0000] {logging_mixin.py:188} INFO - [2025-08-26T04:37:35.950+0000] {dag.py:3096} INFO - Sync 1 DAGs
[2025-08-26T04:37:36.035+0000] {logging_mixin.py:188} INFO - [2025-08-26T04:37:36.034+0000] {dag.py:3954} INFO - Setting next_dagrun for example_dag_decorator to None, run_after=None
[2025-08-26T04:37:36.350+0000] {processor.py:183} INFO - Processing /home/airflow/.local/lib/python3.12/site-packages/airflow/example_dags/example_dag_decorator.py took 2.377 seconds
[2025-08-26T04:38:06.873+0000] {processor.py:161} INFO - Started process (PID=3989) to work on /home/airflow/.local/lib/python3.12/site-packages/airflow/example_dags/example_dag_decorator.py
[2025-08-26T04:38:06.893+0000] {processor.py:830} INFO - Processing file /home/airflow/.local/lib/python3.12/site-packages/airflow/example_dags/example_dag_decorator.py for tasks to queue
[2025-08-26T04:38:06.906+0000] {logging_mixin.py:188} INFO - [2025-08-26T04:38:06.903+0000] {dagbag.py:545} INFO - Filling up the DagBag from /home/airflow/.local/lib/python3.12/site-packages/airflow/example_dags/example_dag_decorator.py
[2025-08-26T04:38:07.801+0000] {processor.py:840} INFO - DAG(s) 'example_dag_decorator' retrieved from /home/airflow/.local/lib/python3.12/site-packages/airflow/example_dags/example_dag_decorator.py
[2025-08-26T04:38:08.779+0000] {logging_mixin.py:188} INFO - [2025-08-26T04:38:08.779+0000] {dag.py:3096} INFO - Sync 1 DAGs
[2025-08-26T04:38:08.934+0000] {logging_mixin.py:188} INFO - [2025-08-26T04:38:08.933+0000] {dag.py:3954} INFO - Setting next_dagrun for example_dag_decorator to None, run_after=None
[2025-08-26T04:38:09.138+0000] {processor.py:183} INFO - Processing /home/airflow/.local/lib/python3.12/site-packages/airflow/example_dags/example_dag_decorator.py took 2.376 seconds
[2025-08-26T04:38:39.705+0000] {processor.py:161} INFO - Started process (PID=4254) to work on /home/airflow/.local/lib/python3.12/site-packages/airflow/example_dags/example_dag_decorator.py
[2025-08-26T04:38:39.708+0000] {processor.py:830} INFO - Processing file /home/airflow/.local/lib/python3.12/site-packages/airflow/example_dags/example_dag_decorator.py for tasks to queue
[2025-08-26T04:38:39.716+0000] {logging_mixin.py:188} INFO - [2025-08-26T04:38:39.715+0000] {dagbag.py:545} INFO - Filling up the DagBag from /home/airflow/.local/lib/python3.12/site-packages/airflow/example_dags/example_dag_decorator.py
[2025-08-26T04:38:40.229+0000] {processor.py:840} INFO - DAG(s) 'example_dag_decorator' retrieved from /home/airflow/.local/lib/python3.12/site-packages/airflow/example_dags/example_dag_decorator.py
[2025-08-26T04:38:40.932+0000] {logging_mixin.py:188} INFO - [2025-08-26T04:38:40.932+0000] {dag.py:3096} INFO - Sync 1 DAGs
[2025-08-26T04:38:40.998+0000] {logging_mixin.py:188} INFO - [2025-08-26T04:38:40.997+0000] {dag.py:3954} INFO - Setting next_dagrun for example_dag_decorator to None, run_after=None
[2025-08-26T04:38:41.155+0000] {processor.py:183} INFO - Processing /home/airflow/.local/lib/python3.12/site-packages/airflow/example_dags/example_dag_decorator.py took 1.485 seconds
[2025-08-26T04:39:11.528+0000] {processor.py:161} INFO - Started process (PID=4516) to work on /home/airflow/.local/lib/python3.12/site-packages/airflow/example_dags/example_dag_decorator.py
[2025-08-26T04:39:11.533+0000] {processor.py:830} INFO - Processing file /home/airflow/.local/lib/python3.12/site-packages/airflow/example_dags/example_dag_decorator.py for tasks to queue
[2025-08-26T04:39:11.550+0000] {logging_mixin.py:188} INFO - [2025-08-26T04:39:11.549+0000] {dagbag.py:545} INFO - Filling up the DagBag from /home/airflow/.local/lib/python3.12/site-packages/airflow/example_dags/example_dag_decorator.py
[2025-08-26T04:39:12.197+0000] {processor.py:840} INFO - DAG(s) 'example_dag_decorator' retrieved from /home/airflow/.local/lib/python3.12/site-packages/airflow/example_dags/example_dag_decorator.py
[2025-08-26T04:39:13.341+0000] {logging_mixin.py:188} INFO - [2025-08-26T04:39:13.341+0000] {dag.py:3096} INFO - Sync 1 DAGs
[2025-08-26T04:39:13.445+0000] {logging_mixin.py:188} INFO - [2025-08-26T04:39:13.444+0000] {dag.py:3954} INFO - Setting next_dagrun for example_dag_decorator to None, run_after=None
[2025-08-26T04:39:13.653+0000] {processor.py:183} INFO - Processing /home/airflow/.local/lib/python3.12/site-packages/airflow/example_dags/example_dag_decorator.py took 2.164 seconds
[2025-08-26T04:39:45.153+0000] {processor.py:161} INFO - Started process (PID=4728) to work on /home/airflow/.local/lib/python3.12/site-packages/airflow/example_dags/example_dag_decorator.py
[2025-08-26T04:39:45.166+0000] {processor.py:830} INFO - Processing file /home/airflow/.local/lib/python3.12/site-packages/airflow/example_dags/example_dag_decorator.py for tasks to queue
[2025-08-26T04:39:45.202+0000] {logging_mixin.py:188} INFO - [2025-08-26T04:39:45.188+0000] {dagbag.py:545} INFO - Filling up the DagBag from /home/airflow/.local/lib/python3.12/site-packages/airflow/example_dags/example_dag_decorator.py
[2025-08-26T04:39:46.298+0000] {processor.py:840} INFO - DAG(s) 'example_dag_decorator' retrieved from /home/airflow/.local/lib/python3.12/site-packages/airflow/example_dags/example_dag_decorator.py
[2025-08-26T04:39:47.711+0000] {logging_mixin.py:188} INFO - [2025-08-26T04:39:47.710+0000] {dag.py:3096} INFO - Sync 1 DAGs
[2025-08-26T04:39:47.838+0000] {logging_mixin.py:188} INFO - [2025-08-26T04:39:47.838+0000] {dag.py:3954} INFO - Setting next_dagrun for example_dag_decorator to None, run_after=None
[2025-08-26T04:39:48.106+0000] {processor.py:183} INFO - Processing /home/airflow/.local/lib/python3.12/site-packages/airflow/example_dags/example_dag_decorator.py took 3.131 seconds
[2025-08-26T04:40:20.870+0000] {processor.py:161} INFO - Started process (PID=4955) to work on /home/airflow/.local/lib/python3.12/site-packages/airflow/example_dags/example_dag_decorator.py
[2025-08-26T04:40:20.882+0000] {processor.py:830} INFO - Processing file /home/airflow/.local/lib/python3.12/site-packages/airflow/example_dags/example_dag_decorator.py for tasks to queue
[2025-08-26T04:40:20.902+0000] {logging_mixin.py:188} INFO - [2025-08-26T04:40:20.900+0000] {dagbag.py:545} INFO - Filling up the DagBag from /home/airflow/.local/lib/python3.12/site-packages/airflow/example_dags/example_dag_decorator.py
[2025-08-26T04:40:21.754+0000] {processor.py:840} INFO - DAG(s) 'example_dag_decorator' retrieved from /home/airflow/.local/lib/python3.12/site-packages/airflow/example_dags/example_dag_decorator.py
[2025-08-26T04:40:23.026+0000] {logging_mixin.py:188} INFO - [2025-08-26T04:40:23.025+0000] {dag.py:3096} INFO - Sync 1 DAGs
[2025-08-26T04:40:23.156+0000] {logging_mixin.py:188} INFO - [2025-08-26T04:40:23.155+0000] {dag.py:3954} INFO - Setting next_dagrun for example_dag_decorator to None, run_after=None
[2025-08-26T04:40:23.353+0000] {processor.py:183} INFO - Processing /home/airflow/.local/lib/python3.12/site-packages/airflow/example_dags/example_dag_decorator.py took 2.549 seconds
[2025-08-26T04:40:54.533+0000] {processor.py:161} INFO - Started process (PID=5217) to work on /home/airflow/.local/lib/python3.12/site-packages/airflow/example_dags/example_dag_decorator.py
[2025-08-26T04:40:54.537+0000] {processor.py:830} INFO - Processing file /home/airflow/.local/lib/python3.12/site-packages/airflow/example_dags/example_dag_decorator.py for tasks to queue
[2025-08-26T04:40:54.550+0000] {logging_mixin.py:188} INFO - [2025-08-26T04:40:54.549+0000] {dagbag.py:545} INFO - Filling up the DagBag from /home/airflow/.local/lib/python3.12/site-packages/airflow/example_dags/example_dag_decorator.py
[2025-08-26T04:40:55.696+0000] {processor.py:840} INFO - DAG(s) 'example_dag_decorator' retrieved from /home/airflow/.local/lib/python3.12/site-packages/airflow/example_dags/example_dag_decorator.py
[2025-08-26T04:40:56.682+0000] {logging_mixin.py:188} INFO - [2025-08-26T04:40:56.680+0000] {dag.py:3096} INFO - Sync 1 DAGs
[2025-08-26T04:40:56.824+0000] {logging_mixin.py:188} INFO - [2025-08-26T04:40:56.823+0000] {dag.py:3954} INFO - Setting next_dagrun for example_dag_decorator to None, run_after=None
[2025-08-26T04:40:56.954+0000] {processor.py:183} INFO - Processing /home/airflow/.local/lib/python3.12/site-packages/airflow/example_dags/example_dag_decorator.py took 2.467 seconds
[2025-08-26T04:41:28.227+0000] {processor.py:161} INFO - Started process (PID=5479) to work on /home/airflow/.local/lib/python3.12/site-packages/airflow/example_dags/example_dag_decorator.py
[2025-08-26T04:41:28.269+0000] {processor.py:830} INFO - Processing file /home/airflow/.local/lib/python3.12/site-packages/airflow/example_dags/example_dag_decorator.py for tasks to queue
[2025-08-26T04:41:28.289+0000] {logging_mixin.py:188} INFO - [2025-08-26T04:41:28.287+0000] {dagbag.py:545} INFO - Filling up the DagBag from /home/airflow/.local/lib/python3.12/site-packages/airflow/example_dags/example_dag_decorator.py
[2025-08-26T04:41:29.957+0000] {processor.py:840} INFO - DAG(s) 'example_dag_decorator' retrieved from /home/airflow/.local/lib/python3.12/site-packages/airflow/example_dags/example_dag_decorator.py
[2025-08-26T04:41:31.887+0000] {logging_mixin.py:188} INFO - [2025-08-26T04:41:31.886+0000] {dag.py:3096} INFO - Sync 1 DAGs
[2025-08-26T04:41:32.214+0000] {logging_mixin.py:188} INFO - [2025-08-26T04:41:32.213+0000] {dag.py:3954} INFO - Setting next_dagrun for example_dag_decorator to None, run_after=None
[2025-08-26T04:41:32.922+0000] {processor.py:183} INFO - Processing /home/airflow/.local/lib/python3.12/site-packages/airflow/example_dags/example_dag_decorator.py took 4.850 seconds
[2025-08-26T04:42:03.464+0000] {processor.py:161} INFO - Started process (PID=5742) to work on /home/airflow/.local/lib/python3.12/site-packages/airflow/example_dags/example_dag_decorator.py
[2025-08-26T04:42:03.467+0000] {processor.py:830} INFO - Processing file /home/airflow/.local/lib/python3.12/site-packages/airflow/example_dags/example_dag_decorator.py for tasks to queue
[2025-08-26T04:42:03.477+0000] {logging_mixin.py:188} INFO - [2025-08-26T04:42:03.476+0000] {dagbag.py:545} INFO - Filling up the DagBag from /home/airflow/.local/lib/python3.12/site-packages/airflow/example_dags/example_dag_decorator.py
[2025-08-26T04:42:04.103+0000] {processor.py:840} INFO - DAG(s) 'example_dag_decorator' retrieved from /home/airflow/.local/lib/python3.12/site-packages/airflow/example_dags/example_dag_decorator.py
[2025-08-26T04:42:05.194+0000] {logging_mixin.py:188} INFO - [2025-08-26T04:42:05.193+0000] {dag.py:3096} INFO - Sync 1 DAGs
[2025-08-26T04:42:05.282+0000] {logging_mixin.py:188} INFO - [2025-08-26T04:42:05.282+0000] {dag.py:3954} INFO - Setting next_dagrun for example_dag_decorator to None, run_after=None
[2025-08-26T04:42:05.466+0000] {processor.py:183} INFO - Processing /home/airflow/.local/lib/python3.12/site-packages/airflow/example_dags/example_dag_decorator.py took 2.047 seconds
[2025-08-26T04:42:45.898+0000] {processor.py:161} INFO - Started process (PID=6012) to work on /home/airflow/.local/lib/python3.12/site-packages/airflow/example_dags/example_dag_decorator.py
[2025-08-26T04:42:45.902+0000] {processor.py:830} INFO - Processing file /home/airflow/.local/lib/python3.12/site-packages/airflow/example_dags/example_dag_decorator.py for tasks to queue
[2025-08-26T04:42:45.914+0000] {logging_mixin.py:188} INFO - [2025-08-26T04:42:45.907+0000] {dagbag.py:545} INFO - Filling up the DagBag from /home/airflow/.local/lib/python3.12/site-packages/airflow/example_dags/example_dag_decorator.py
[2025-08-26T04:42:47.183+0000] {processor.py:840} INFO - DAG(s) 'example_dag_decorator' retrieved from /home/airflow/.local/lib/python3.12/site-packages/airflow/example_dags/example_dag_decorator.py
[2025-08-26T04:42:47.451+0000] {logging_mixin.py:188} INFO - [2025-08-26T04:42:47.450+0000] {dag.py:3096} INFO - Sync 1 DAGs
[2025-08-26T04:42:47.595+0000] {logging_mixin.py:188} INFO - [2025-08-26T04:42:47.595+0000] {dag.py:3954} INFO - Setting next_dagrun for example_dag_decorator to None, run_after=None
[2025-08-26T04:42:47.797+0000] {processor.py:183} INFO - Processing /home/airflow/.local/lib/python3.12/site-packages/airflow/example_dags/example_dag_decorator.py took 1.935 seconds
[2025-08-26T04:43:19.320+0000] {processor.py:161} INFO - Started process (PID=6274) to work on /home/airflow/.local/lib/python3.12/site-packages/airflow/example_dags/example_dag_decorator.py
[2025-08-26T04:43:19.339+0000] {processor.py:830} INFO - Processing file /home/airflow/.local/lib/python3.12/site-packages/airflow/example_dags/example_dag_decorator.py for tasks to queue
[2025-08-26T04:43:19.355+0000] {logging_mixin.py:188} INFO - [2025-08-26T04:43:19.347+0000] {dagbag.py:545} INFO - Filling up the DagBag from /home/airflow/.local/lib/python3.12/site-packages/airflow/example_dags/example_dag_decorator.py
[2025-08-26T04:43:20.398+0000] {processor.py:840} INFO - DAG(s) 'example_dag_decorator' retrieved from /home/airflow/.local/lib/python3.12/site-packages/airflow/example_dags/example_dag_decorator.py
[2025-08-26T04:43:20.555+0000] {logging_mixin.py:188} INFO - [2025-08-26T04:43:20.554+0000] {dag.py:3096} INFO - Sync 1 DAGs
[2025-08-26T04:43:20.617+0000] {logging_mixin.py:188} INFO - [2025-08-26T04:43:20.615+0000] {dag.py:3954} INFO - Setting next_dagrun for example_dag_decorator to None, run_after=None
[2025-08-26T04:43:20.719+0000] {processor.py:183} INFO - Processing /home/airflow/.local/lib/python3.12/site-packages/airflow/example_dags/example_dag_decorator.py took 1.469 seconds
[2025-08-26T04:43:54.975+0000] {processor.py:161} INFO - Started process (PID=6495) to work on /home/airflow/.local/lib/python3.12/site-packages/airflow/example_dags/example_dag_decorator.py
[2025-08-26T04:43:54.981+0000] {processor.py:830} INFO - Processing file /home/airflow/.local/lib/python3.12/site-packages/airflow/example_dags/example_dag_decorator.py for tasks to queue
[2025-08-26T04:43:55.005+0000] {logging_mixin.py:188} INFO - [2025-08-26T04:43:55.003+0000] {dagbag.py:545} INFO - Filling up the DagBag from /home/airflow/.local/lib/python3.12/site-packages/airflow/example_dags/example_dag_decorator.py
[2025-08-26T04:43:56.129+0000] {processor.py:840} INFO - DAG(s) 'example_dag_decorator' retrieved from /home/airflow/.local/lib/python3.12/site-packages/airflow/example_dags/example_dag_decorator.py
[2025-08-26T04:43:56.372+0000] {logging_mixin.py:188} INFO - [2025-08-26T04:43:56.371+0000] {dag.py:3096} INFO - Sync 1 DAGs
[2025-08-26T04:43:56.463+0000] {logging_mixin.py:188} INFO - [2025-08-26T04:43:56.462+0000] {dag.py:3954} INFO - Setting next_dagrun for example_dag_decorator to None, run_after=None
[2025-08-26T04:43:56.557+0000] {processor.py:183} INFO - Processing /home/airflow/.local/lib/python3.12/site-packages/airflow/example_dags/example_dag_decorator.py took 1.623 seconds
[2025-08-26T04:44:30.403+0000] {processor.py:161} INFO - Started process (PID=6761) to work on /home/airflow/.local/lib/python3.12/site-packages/airflow/example_dags/example_dag_decorator.py
[2025-08-26T04:44:30.451+0000] {processor.py:830} INFO - Processing file /home/airflow/.local/lib/python3.12/site-packages/airflow/example_dags/example_dag_decorator.py for tasks to queue
[2025-08-26T04:44:30.484+0000] {logging_mixin.py:188} INFO - [2025-08-26T04:44:30.482+0000] {dagbag.py:545} INFO - Filling up the DagBag from /home/airflow/.local/lib/python3.12/site-packages/airflow/example_dags/example_dag_decorator.py
[2025-08-26T04:44:31.263+0000] {processor.py:840} INFO - DAG(s) 'example_dag_decorator' retrieved from /home/airflow/.local/lib/python3.12/site-packages/airflow/example_dags/example_dag_decorator.py
[2025-08-26T04:44:32.261+0000] {logging_mixin.py:188} INFO - [2025-08-26T04:44:32.260+0000] {dag.py:3096} INFO - Sync 1 DAGs
[2025-08-26T04:44:32.360+0000] {logging_mixin.py:188} INFO - [2025-08-26T04:44:32.359+0000] {dag.py:3954} INFO - Setting next_dagrun for example_dag_decorator to None, run_after=None
[2025-08-26T04:44:32.516+0000] {processor.py:183} INFO - Processing /home/airflow/.local/lib/python3.12/site-packages/airflow/example_dags/example_dag_decorator.py took 2.271 seconds
[2025-08-26T04:45:04.328+0000] {processor.py:161} INFO - Started process (PID=7014) to work on /home/airflow/.local/lib/python3.12/site-packages/airflow/example_dags/example_dag_decorator.py
[2025-08-26T04:45:04.331+0000] {processor.py:830} INFO - Processing file /home/airflow/.local/lib/python3.12/site-packages/airflow/example_dags/example_dag_decorator.py for tasks to queue
[2025-08-26T04:45:04.366+0000] {logging_mixin.py:188} INFO - [2025-08-26T04:45:04.363+0000] {dagbag.py:545} INFO - Filling up the DagBag from /home/airflow/.local/lib/python3.12/site-packages/airflow/example_dags/example_dag_decorator.py
[2025-08-26T04:45:06.257+0000] {processor.py:840} INFO - DAG(s) 'example_dag_decorator' retrieved from /home/airflow/.local/lib/python3.12/site-packages/airflow/example_dags/example_dag_decorator.py
[2025-08-26T04:45:07.440+0000] {logging_mixin.py:188} INFO - [2025-08-26T04:45:07.440+0000] {dag.py:3096} INFO - Sync 1 DAGs
[2025-08-26T04:45:07.537+0000] {logging_mixin.py:188} INFO - [2025-08-26T04:45:07.537+0000] {dag.py:3954} INFO - Setting next_dagrun for example_dag_decorator to None, run_after=None
[2025-08-26T04:45:07.683+0000] {processor.py:183} INFO - Processing /home/airflow/.local/lib/python3.12/site-packages/airflow/example_dags/example_dag_decorator.py took 3.423 seconds
[2025-08-26T04:45:38.415+0000] {processor.py:161} INFO - Started process (PID=7282) to work on /home/airflow/.local/lib/python3.12/site-packages/airflow/example_dags/example_dag_decorator.py
[2025-08-26T04:45:38.420+0000] {processor.py:830} INFO - Processing file /home/airflow/.local/lib/python3.12/site-packages/airflow/example_dags/example_dag_decorator.py for tasks to queue
[2025-08-26T04:45:38.446+0000] {logging_mixin.py:188} INFO - [2025-08-26T04:45:38.443+0000] {dagbag.py:545} INFO - Filling up the DagBag from /home/airflow/.local/lib/python3.12/site-packages/airflow/example_dags/example_dag_decorator.py
[2025-08-26T04:45:40.377+0000] {processor.py:840} INFO - DAG(s) 'example_dag_decorator' retrieved from /home/airflow/.local/lib/python3.12/site-packages/airflow/example_dags/example_dag_decorator.py
[2025-08-26T04:45:43.849+0000] {logging_mixin.py:188} INFO - [2025-08-26T04:45:43.849+0000] {dag.py:3096} INFO - Sync 1 DAGs
[2025-08-26T04:45:44.017+0000] {logging_mixin.py:188} INFO - [2025-08-26T04:45:44.010+0000] {dag.py:3954} INFO - Setting next_dagrun for example_dag_decorator to None, run_after=None
[2025-08-26T04:45:44.351+0000] {processor.py:183} INFO - Processing /home/airflow/.local/lib/python3.12/site-packages/airflow/example_dags/example_dag_decorator.py took 6.011 seconds
[2025-08-26T04:46:21.951+0000] {processor.py:161} INFO - Started process (PID=7552) to work on /home/airflow/.local/lib/python3.12/site-packages/airflow/example_dags/example_dag_decorator.py
[2025-08-26T04:46:21.959+0000] {processor.py:830} INFO - Processing file /home/airflow/.local/lib/python3.12/site-packages/airflow/example_dags/example_dag_decorator.py for tasks to queue
[2025-08-26T04:46:21.988+0000] {logging_mixin.py:188} INFO - [2025-08-26T04:46:21.987+0000] {dagbag.py:545} INFO - Filling up the DagBag from /home/airflow/.local/lib/python3.12/site-packages/airflow/example_dags/example_dag_decorator.py
[2025-08-26T04:46:22.897+0000] {processor.py:840} INFO - DAG(s) 'example_dag_decorator' retrieved from /home/airflow/.local/lib/python3.12/site-packages/airflow/example_dags/example_dag_decorator.py
[2025-08-26T04:46:24.546+0000] {logging_mixin.py:188} INFO - [2025-08-26T04:46:24.545+0000] {dag.py:3096} INFO - Sync 1 DAGs
[2025-08-26T04:46:26.170+0000] {logging_mixin.py:188} INFO - [2025-08-26T04:46:26.170+0000] {dag.py:3954} INFO - Setting next_dagrun for example_dag_decorator to None, run_after=None
[2025-08-26T04:46:26.580+0000] {processor.py:183} INFO - Processing /home/airflow/.local/lib/python3.12/site-packages/airflow/example_dags/example_dag_decorator.py took 4.684 seconds
[2025-08-26T04:46:56.939+0000] {processor.py:161} INFO - Started process (PID=7825) to work on /home/airflow/.local/lib/python3.12/site-packages/airflow/example_dags/example_dag_decorator.py
[2025-08-26T04:46:56.944+0000] {processor.py:830} INFO - Processing file /home/airflow/.local/lib/python3.12/site-packages/airflow/example_dags/example_dag_decorator.py for tasks to queue
[2025-08-26T04:46:56.953+0000] {logging_mixin.py:188} INFO - [2025-08-26T04:46:56.952+0000] {dagbag.py:545} INFO - Filling up the DagBag from /home/airflow/.local/lib/python3.12/site-packages/airflow/example_dags/example_dag_decorator.py
[2025-08-26T04:46:57.973+0000] {processor.py:840} INFO - DAG(s) 'example_dag_decorator' retrieved from /home/airflow/.local/lib/python3.12/site-packages/airflow/example_dags/example_dag_decorator.py
[2025-08-26T04:46:59.489+0000] {logging_mixin.py:188} INFO - [2025-08-26T04:46:59.488+0000] {dag.py:3096} INFO - Sync 1 DAGs
[2025-08-26T04:47:00.608+0000] {logging_mixin.py:188} INFO - [2025-08-26T04:47:00.608+0000] {dag.py:3954} INFO - Setting next_dagrun for example_dag_decorator to None, run_after=None
[2025-08-26T04:47:00.815+0000] {processor.py:183} INFO - Processing /home/airflow/.local/lib/python3.12/site-packages/airflow/example_dags/example_dag_decorator.py took 3.904 seconds
[2025-08-26T04:49:25.689+0000] {processor.py:161} INFO - Started process (PID=258) to work on /home/airflow/.local/lib/python3.12/site-packages/airflow/example_dags/example_dag_decorator.py
[2025-08-26T04:49:25.694+0000] {processor.py:830} INFO - Processing file /home/airflow/.local/lib/python3.12/site-packages/airflow/example_dags/example_dag_decorator.py for tasks to queue
[2025-08-26T04:49:25.724+0000] {logging_mixin.py:188} INFO - [2025-08-26T04:49:25.723+0000] {dagbag.py:545} INFO - Filling up the DagBag from /home/airflow/.local/lib/python3.12/site-packages/airflow/example_dags/example_dag_decorator.py
[2025-08-26T04:49:26.654+0000] {processor.py:840} INFO - DAG(s) 'example_dag_decorator' retrieved from /home/airflow/.local/lib/python3.12/site-packages/airflow/example_dags/example_dag_decorator.py
[2025-08-26T04:49:28.152+0000] {logging_mixin.py:188} INFO - [2025-08-26T04:49:28.150+0000] {dag.py:3096} INFO - Sync 1 DAGs
[2025-08-26T04:49:28.243+0000] {logging_mixin.py:188} INFO - [2025-08-26T04:49:28.242+0000] {dag.py:3954} INFO - Setting next_dagrun for example_dag_decorator to None, run_after=None
[2025-08-26T04:49:28.431+0000] {processor.py:183} INFO - Processing /home/airflow/.local/lib/python3.12/site-packages/airflow/example_dags/example_dag_decorator.py took 2.871 seconds
[2025-08-26T04:50:06.837+0000] {processor.py:161} INFO - Started process (PID=525) to work on /home/airflow/.local/lib/python3.12/site-packages/airflow/example_dags/example_dag_decorator.py
[2025-08-26T04:50:06.841+0000] {processor.py:830} INFO - Processing file /home/airflow/.local/lib/python3.12/site-packages/airflow/example_dags/example_dag_decorator.py for tasks to queue
[2025-08-26T04:50:06.853+0000] {logging_mixin.py:188} INFO - [2025-08-26T04:50:06.849+0000] {dagbag.py:545} INFO - Filling up the DagBag from /home/airflow/.local/lib/python3.12/site-packages/airflow/example_dags/example_dag_decorator.py
[2025-08-26T04:50:07.445+0000] {processor.py:840} INFO - DAG(s) 'example_dag_decorator' retrieved from /home/airflow/.local/lib/python3.12/site-packages/airflow/example_dags/example_dag_decorator.py
[2025-08-26T04:50:08.217+0000] {logging_mixin.py:188} INFO - [2025-08-26T04:50:08.216+0000] {dag.py:3096} INFO - Sync 1 DAGs
[2025-08-26T04:50:08.287+0000] {logging_mixin.py:188} INFO - [2025-08-26T04:50:08.286+0000] {dag.py:3954} INFO - Setting next_dagrun for example_dag_decorator to None, run_after=None
[2025-08-26T04:50:08.387+0000] {processor.py:183} INFO - Processing /home/airflow/.local/lib/python3.12/site-packages/airflow/example_dags/example_dag_decorator.py took 1.584 seconds
[2025-08-26T04:50:39.092+0000] {processor.py:161} INFO - Started process (PID=787) to work on /home/airflow/.local/lib/python3.12/site-packages/airflow/example_dags/example_dag_decorator.py
[2025-08-26T04:50:39.096+0000] {processor.py:830} INFO - Processing file /home/airflow/.local/lib/python3.12/site-packages/airflow/example_dags/example_dag_decorator.py for tasks to queue
[2025-08-26T04:50:39.108+0000] {logging_mixin.py:188} INFO - [2025-08-26T04:50:39.107+0000] {dagbag.py:545} INFO - Filling up the DagBag from /home/airflow/.local/lib/python3.12/site-packages/airflow/example_dags/example_dag_decorator.py
[2025-08-26T04:50:39.849+0000] {processor.py:840} INFO - DAG(s) 'example_dag_decorator' retrieved from /home/airflow/.local/lib/python3.12/site-packages/airflow/example_dags/example_dag_decorator.py
[2025-08-26T04:50:40.636+0000] {logging_mixin.py:188} INFO - [2025-08-26T04:50:40.633+0000] {dag.py:3096} INFO - Sync 1 DAGs
[2025-08-26T04:50:40.697+0000] {logging_mixin.py:188} INFO - [2025-08-26T04:50:40.696+0000] {dag.py:3954} INFO - Setting next_dagrun for example_dag_decorator to None, run_after=None
[2025-08-26T04:50:40.779+0000] {processor.py:183} INFO - Processing /home/airflow/.local/lib/python3.12/site-packages/airflow/example_dags/example_dag_decorator.py took 1.717 seconds
[2025-08-26T04:51:13.558+0000] {processor.py:161} INFO - Started process (PID=1049) to work on /home/airflow/.local/lib/python3.12/site-packages/airflow/example_dags/example_dag_decorator.py
[2025-08-26T04:51:13.567+0000] {processor.py:830} INFO - Processing file /home/airflow/.local/lib/python3.12/site-packages/airflow/example_dags/example_dag_decorator.py for tasks to queue
[2025-08-26T04:51:13.576+0000] {logging_mixin.py:188} INFO - [2025-08-26T04:51:13.572+0000] {dagbag.py:545} INFO - Filling up the DagBag from /home/airflow/.local/lib/python3.12/site-packages/airflow/example_dags/example_dag_decorator.py
[2025-08-26T04:51:14.394+0000] {processor.py:840} INFO - DAG(s) 'example_dag_decorator' retrieved from /home/airflow/.local/lib/python3.12/site-packages/airflow/example_dags/example_dag_decorator.py
[2025-08-26T04:51:15.226+0000] {logging_mixin.py:188} INFO - [2025-08-26T04:51:15.212+0000] {dag.py:3096} INFO - Sync 1 DAGs
[2025-08-26T04:51:15.422+0000] {logging_mixin.py:188} INFO - [2025-08-26T04:51:15.421+0000] {dag.py:3954} INFO - Setting next_dagrun for example_dag_decorator to None, run_after=None
[2025-08-26T04:51:15.599+0000] {processor.py:183} INFO - Processing /home/airflow/.local/lib/python3.12/site-packages/airflow/example_dags/example_dag_decorator.py took 2.080 seconds
[2025-08-26T04:51:48.515+0000] {processor.py:161} INFO - Started process (PID=1316) to work on /home/airflow/.local/lib/python3.12/site-packages/airflow/example_dags/example_dag_decorator.py
[2025-08-26T04:51:48.526+0000] {processor.py:830} INFO - Processing file /home/airflow/.local/lib/python3.12/site-packages/airflow/example_dags/example_dag_decorator.py for tasks to queue
[2025-08-26T04:51:48.533+0000] {logging_mixin.py:188} INFO - [2025-08-26T04:51:48.532+0000] {dagbag.py:545} INFO - Filling up the DagBag from /home/airflow/.local/lib/python3.12/site-packages/airflow/example_dags/example_dag_decorator.py
[2025-08-26T04:51:49.184+0000] {processor.py:840} INFO - DAG(s) 'example_dag_decorator' retrieved from /home/airflow/.local/lib/python3.12/site-packages/airflow/example_dags/example_dag_decorator.py
[2025-08-26T04:51:50.148+0000] {logging_mixin.py:188} INFO - [2025-08-26T04:51:50.147+0000] {dag.py:3096} INFO - Sync 1 DAGs
[2025-08-26T04:51:50.247+0000] {logging_mixin.py:188} INFO - [2025-08-26T04:51:50.245+0000] {dag.py:3954} INFO - Setting next_dagrun for example_dag_decorator to None, run_after=None
[2025-08-26T04:51:50.405+0000] {processor.py:183} INFO - Processing /home/airflow/.local/lib/python3.12/site-packages/airflow/example_dags/example_dag_decorator.py took 1.935 seconds
[2025-08-26T04:52:21.722+0000] {processor.py:161} INFO - Started process (PID=1582) to work on /home/airflow/.local/lib/python3.12/site-packages/airflow/example_dags/example_dag_decorator.py
[2025-08-26T04:52:21.738+0000] {processor.py:830} INFO - Processing file /home/airflow/.local/lib/python3.12/site-packages/airflow/example_dags/example_dag_decorator.py for tasks to queue
[2025-08-26T04:52:21.759+0000] {logging_mixin.py:188} INFO - [2025-08-26T04:52:21.758+0000] {dagbag.py:545} INFO - Filling up the DagBag from /home/airflow/.local/lib/python3.12/site-packages/airflow/example_dags/example_dag_decorator.py
[2025-08-26T04:52:23.059+0000] {processor.py:840} INFO - DAG(s) 'example_dag_decorator' retrieved from /home/airflow/.local/lib/python3.12/site-packages/airflow/example_dags/example_dag_decorator.py
[2025-08-26T04:52:24.748+0000] {logging_mixin.py:188} INFO - [2025-08-26T04:52:24.747+0000] {dag.py:3096} INFO - Sync 1 DAGs
[2025-08-26T04:52:24.925+0000] {logging_mixin.py:188} INFO - [2025-08-26T04:52:24.924+0000] {dag.py:3954} INFO - Setting next_dagrun for example_dag_decorator to None, run_after=None
[2025-08-26T04:52:25.279+0000] {processor.py:183} INFO - Processing /home/airflow/.local/lib/python3.12/site-packages/airflow/example_dags/example_dag_decorator.py took 3.645 seconds
[2025-08-26T04:53:01.333+0000] {processor.py:161} INFO - Started process (PID=1829) to work on /home/airflow/.local/lib/python3.12/site-packages/airflow/example_dags/example_dag_decorator.py
[2025-08-26T04:53:01.343+0000] {processor.py:830} INFO - Processing file /home/airflow/.local/lib/python3.12/site-packages/airflow/example_dags/example_dag_decorator.py for tasks to queue
[2025-08-26T04:53:01.351+0000] {logging_mixin.py:188} INFO - [2025-08-26T04:53:01.349+0000] {dagbag.py:545} INFO - Filling up the DagBag from /home/airflow/.local/lib/python3.12/site-packages/airflow/example_dags/example_dag_decorator.py
[2025-08-26T04:53:02.101+0000] {processor.py:840} INFO - DAG(s) 'example_dag_decorator' retrieved from /home/airflow/.local/lib/python3.12/site-packages/airflow/example_dags/example_dag_decorator.py
[2025-08-26T04:53:02.741+0000] {logging_mixin.py:188} INFO - [2025-08-26T04:53:02.732+0000] {dag.py:3096} INFO - Sync 1 DAGs
[2025-08-26T04:53:02.808+0000] {logging_mixin.py:188} INFO - [2025-08-26T04:53:02.807+0000] {dag.py:3954} INFO - Setting next_dagrun for example_dag_decorator to None, run_after=None
[2025-08-26T04:53:02.993+0000] {processor.py:183} INFO - Processing /home/airflow/.local/lib/python3.12/site-packages/airflow/example_dags/example_dag_decorator.py took 1.769 seconds
[2025-08-26T04:53:33.446+0000] {processor.py:161} INFO - Started process (PID=2107) to work on /home/airflow/.local/lib/python3.12/site-packages/airflow/example_dags/example_dag_decorator.py
[2025-08-26T04:53:33.450+0000] {processor.py:830} INFO - Processing file /home/airflow/.local/lib/python3.12/site-packages/airflow/example_dags/example_dag_decorator.py for tasks to queue
[2025-08-26T04:53:33.466+0000] {logging_mixin.py:188} INFO - [2025-08-26T04:53:33.465+0000] {dagbag.py:545} INFO - Filling up the DagBag from /home/airflow/.local/lib/python3.12/site-packages/airflow/example_dags/example_dag_decorator.py
[2025-08-26T04:53:34.076+0000] {processor.py:840} INFO - DAG(s) 'example_dag_decorator' retrieved from /home/airflow/.local/lib/python3.12/site-packages/airflow/example_dags/example_dag_decorator.py
[2025-08-26T04:53:34.554+0000] {logging_mixin.py:188} INFO - [2025-08-26T04:53:34.553+0000] {dag.py:3096} INFO - Sync 1 DAGs
[2025-08-26T04:53:34.642+0000] {logging_mixin.py:188} INFO - [2025-08-26T04:53:34.641+0000] {dag.py:3954} INFO - Setting next_dagrun for example_dag_decorator to None, run_after=None
[2025-08-26T04:53:34.781+0000] {processor.py:183} INFO - Processing /home/airflow/.local/lib/python3.12/site-packages/airflow/example_dags/example_dag_decorator.py took 1.377 seconds
[2025-08-26T04:54:04.963+0000] {processor.py:161} INFO - Started process (PID=2369) to work on /home/airflow/.local/lib/python3.12/site-packages/airflow/example_dags/example_dag_decorator.py
[2025-08-26T04:54:04.965+0000] {processor.py:830} INFO - Processing file /home/airflow/.local/lib/python3.12/site-packages/airflow/example_dags/example_dag_decorator.py for tasks to queue
[2025-08-26T04:54:04.971+0000] {logging_mixin.py:188} INFO - [2025-08-26T04:54:04.970+0000] {dagbag.py:545} INFO - Filling up the DagBag from /home/airflow/.local/lib/python3.12/site-packages/airflow/example_dags/example_dag_decorator.py
[2025-08-26T04:54:05.336+0000] {processor.py:840} INFO - DAG(s) 'example_dag_decorator' retrieved from /home/airflow/.local/lib/python3.12/site-packages/airflow/example_dags/example_dag_decorator.py
[2025-08-26T04:54:05.837+0000] {logging_mixin.py:188} INFO - [2025-08-26T04:54:05.836+0000] {dag.py:3096} INFO - Sync 1 DAGs
[2025-08-26T04:54:05.878+0000] {logging_mixin.py:188} INFO - [2025-08-26T04:54:05.878+0000] {dag.py:3954} INFO - Setting next_dagrun for example_dag_decorator to None, run_after=None
[2025-08-26T04:54:05.959+0000] {processor.py:183} INFO - Processing /home/airflow/.local/lib/python3.12/site-packages/airflow/example_dags/example_dag_decorator.py took 1.035 seconds
[2025-08-26T04:54:39.767+0000] {processor.py:161} INFO - Started process (PID=2619) to work on /home/airflow/.local/lib/python3.12/site-packages/airflow/example_dags/example_dag_decorator.py
[2025-08-26T04:54:39.774+0000] {processor.py:830} INFO - Processing file /home/airflow/.local/lib/python3.12/site-packages/airflow/example_dags/example_dag_decorator.py for tasks to queue
[2025-08-26T04:54:39.789+0000] {logging_mixin.py:188} INFO - [2025-08-26T04:54:39.788+0000] {dagbag.py:545} INFO - Filling up the DagBag from /home/airflow/.local/lib/python3.12/site-packages/airflow/example_dags/example_dag_decorator.py
[2025-08-26T04:54:40.622+0000] {processor.py:840} INFO - DAG(s) 'example_dag_decorator' retrieved from /home/airflow/.local/lib/python3.12/site-packages/airflow/example_dags/example_dag_decorator.py
[2025-08-26T04:54:41.382+0000] {logging_mixin.py:188} INFO - [2025-08-26T04:54:41.380+0000] {dag.py:3096} INFO - Sync 1 DAGs
[2025-08-26T04:54:41.525+0000] {logging_mixin.py:188} INFO - [2025-08-26T04:54:41.524+0000] {dag.py:3954} INFO - Setting next_dagrun for example_dag_decorator to None, run_after=None
[2025-08-26T04:54:41.785+0000] {processor.py:183} INFO - Processing /home/airflow/.local/lib/python3.12/site-packages/airflow/example_dags/example_dag_decorator.py took 2.067 seconds
[2025-08-26T04:55:12.495+0000] {processor.py:161} INFO - Started process (PID=2881) to work on /home/airflow/.local/lib/python3.12/site-packages/airflow/example_dags/example_dag_decorator.py
[2025-08-26T04:55:12.508+0000] {processor.py:830} INFO - Processing file /home/airflow/.local/lib/python3.12/site-packages/airflow/example_dags/example_dag_decorator.py for tasks to queue
[2025-08-26T04:55:12.531+0000] {logging_mixin.py:188} INFO - [2025-08-26T04:55:12.530+0000] {dagbag.py:545} INFO - Filling up the DagBag from /home/airflow/.local/lib/python3.12/site-packages/airflow/example_dags/example_dag_decorator.py
[2025-08-26T04:55:13.463+0000] {processor.py:840} INFO - DAG(s) 'example_dag_decorator' retrieved from /home/airflow/.local/lib/python3.12/site-packages/airflow/example_dags/example_dag_decorator.py
[2025-08-26T04:55:14.520+0000] {logging_mixin.py:188} INFO - [2025-08-26T04:55:14.519+0000] {dag.py:3096} INFO - Sync 1 DAGs
[2025-08-26T04:55:14.590+0000] {logging_mixin.py:188} INFO - [2025-08-26T04:55:14.589+0000] {dag.py:3954} INFO - Setting next_dagrun for example_dag_decorator to None, run_after=None
[2025-08-26T04:55:14.745+0000] {processor.py:183} INFO - Processing /home/airflow/.local/lib/python3.12/site-packages/airflow/example_dags/example_dag_decorator.py took 2.338 seconds
[2025-08-26T04:55:53.991+0000] {processor.py:161} INFO - Started process (PID=3103) to work on /home/airflow/.local/lib/python3.12/site-packages/airflow/example_dags/example_dag_decorator.py
[2025-08-26T04:55:54.003+0000] {processor.py:830} INFO - Processing file /home/airflow/.local/lib/python3.12/site-packages/airflow/example_dags/example_dag_decorator.py for tasks to queue
[2025-08-26T04:55:54.012+0000] {logging_mixin.py:188} INFO - [2025-08-26T04:55:54.011+0000] {dagbag.py:545} INFO - Filling up the DagBag from /home/airflow/.local/lib/python3.12/site-packages/airflow/example_dags/example_dag_decorator.py
[2025-08-26T04:55:55.039+0000] {processor.py:840} INFO - DAG(s) 'example_dag_decorator' retrieved from /home/airflow/.local/lib/python3.12/site-packages/airflow/example_dags/example_dag_decorator.py
[2025-08-26T04:55:56.388+0000] {logging_mixin.py:188} INFO - [2025-08-26T04:55:56.384+0000] {dag.py:3096} INFO - Sync 1 DAGs
[2025-08-26T04:55:56.457+0000] {logging_mixin.py:188} INFO - [2025-08-26T04:55:56.456+0000] {dag.py:3954} INFO - Setting next_dagrun for example_dag_decorator to None, run_after=None
[2025-08-26T04:55:56.613+0000] {processor.py:183} INFO - Processing /home/airflow/.local/lib/python3.12/site-packages/airflow/example_dags/example_dag_decorator.py took 2.665 seconds
[2025-08-26T04:56:27.237+0000] {processor.py:161} INFO - Started process (PID=3372) to work on /home/airflow/.local/lib/python3.12/site-packages/airflow/example_dags/example_dag_decorator.py
[2025-08-26T04:56:27.242+0000] {processor.py:830} INFO - Processing file /home/airflow/.local/lib/python3.12/site-packages/airflow/example_dags/example_dag_decorator.py for tasks to queue
[2025-08-26T04:56:27.251+0000] {logging_mixin.py:188} INFO - [2025-08-26T04:56:27.250+0000] {dagbag.py:545} INFO - Filling up the DagBag from /home/airflow/.local/lib/python3.12/site-packages/airflow/example_dags/example_dag_decorator.py
[2025-08-26T04:56:28.029+0000] {processor.py:840} INFO - DAG(s) 'example_dag_decorator' retrieved from /home/airflow/.local/lib/python3.12/site-packages/airflow/example_dags/example_dag_decorator.py
[2025-08-26T04:56:28.938+0000] {logging_mixin.py:188} INFO - [2025-08-26T04:56:28.933+0000] {dag.py:3096} INFO - Sync 1 DAGs
[2025-08-26T04:56:29.065+0000] {logging_mixin.py:188} INFO - [2025-08-26T04:56:29.064+0000] {dag.py:3954} INFO - Setting next_dagrun for example_dag_decorator to None, run_after=None
[2025-08-26T04:56:29.302+0000] {processor.py:183} INFO - Processing /home/airflow/.local/lib/python3.12/site-packages/airflow/example_dags/example_dag_decorator.py took 2.103 seconds
[2025-08-26T04:57:05.628+0000] {processor.py:161} INFO - Started process (PID=3630) to work on /home/airflow/.local/lib/python3.12/site-packages/airflow/example_dags/example_dag_decorator.py
[2025-08-26T04:57:05.648+0000] {processor.py:830} INFO - Processing file /home/airflow/.local/lib/python3.12/site-packages/airflow/example_dags/example_dag_decorator.py for tasks to queue
[2025-08-26T04:57:05.764+0000] {logging_mixin.py:188} INFO - [2025-08-26T04:57:05.738+0000] {dagbag.py:545} INFO - Filling up the DagBag from /home/airflow/.local/lib/python3.12/site-packages/airflow/example_dags/example_dag_decorator.py
[2025-08-26T04:57:06.649+0000] {processor.py:840} INFO - DAG(s) 'example_dag_decorator' retrieved from /home/airflow/.local/lib/python3.12/site-packages/airflow/example_dags/example_dag_decorator.py
[2025-08-26T04:57:07.752+0000] {logging_mixin.py:188} INFO - [2025-08-26T04:57:07.751+0000] {dag.py:3096} INFO - Sync 1 DAGs
[2025-08-26T04:57:07.897+0000] {logging_mixin.py:188} INFO - [2025-08-26T04:57:07.896+0000] {dag.py:3954} INFO - Setting next_dagrun for example_dag_decorator to None, run_after=None
[2025-08-26T04:57:08.046+0000] {processor.py:183} INFO - Processing /home/airflow/.local/lib/python3.12/site-packages/airflow/example_dags/example_dag_decorator.py took 2.546 seconds
[2025-08-26T04:57:52.608+0000] {processor.py:161} INFO - Started process (PID=3887) to work on /home/airflow/.local/lib/python3.12/site-packages/airflow/example_dags/example_dag_decorator.py
[2025-08-26T04:57:52.622+0000] {processor.py:830} INFO - Processing file /home/airflow/.local/lib/python3.12/site-packages/airflow/example_dags/example_dag_decorator.py for tasks to queue
[2025-08-26T04:57:52.657+0000] {logging_mixin.py:188} INFO - [2025-08-26T04:57:52.656+0000] {dagbag.py:545} INFO - Filling up the DagBag from /home/airflow/.local/lib/python3.12/site-packages/airflow/example_dags/example_dag_decorator.py
[2025-08-26T04:57:53.822+0000] {processor.py:840} INFO - DAG(s) 'example_dag_decorator' retrieved from /home/airflow/.local/lib/python3.12/site-packages/airflow/example_dags/example_dag_decorator.py
[2025-08-26T04:57:55.094+0000] {logging_mixin.py:188} INFO - [2025-08-26T04:57:55.089+0000] {dag.py:3096} INFO - Sync 1 DAGs
[2025-08-26T04:57:55.245+0000] {logging_mixin.py:188} INFO - [2025-08-26T04:57:55.244+0000] {dag.py:3954} INFO - Setting next_dagrun for example_dag_decorator to None, run_after=None
[2025-08-26T04:57:55.622+0000] {processor.py:183} INFO - Processing /home/airflow/.local/lib/python3.12/site-packages/airflow/example_dags/example_dag_decorator.py took 3.093 seconds
[2025-08-26T05:35:21.371+0000] {processor.py:161} INFO - Started process (PID=4142) to work on /home/airflow/.local/lib/python3.12/site-packages/airflow/example_dags/example_dag_decorator.py
[2025-08-26T05:35:21.392+0000] {processor.py:830} INFO - Processing file /home/airflow/.local/lib/python3.12/site-packages/airflow/example_dags/example_dag_decorator.py for tasks to queue
[2025-08-26T05:35:21.398+0000] {logging_mixin.py:188} INFO - [2025-08-26T05:35:21.395+0000] {dagbag.py:545} INFO - Filling up the DagBag from /home/airflow/.local/lib/python3.12/site-packages/airflow/example_dags/example_dag_decorator.py
[2025-08-26T05:35:24.592+0000] {processor.py:840} INFO - DAG(s) 'example_dag_decorator' retrieved from /home/airflow/.local/lib/python3.12/site-packages/airflow/example_dags/example_dag_decorator.py
[2025-08-26T05:35:27.589+0000] {logging_mixin.py:188} INFO - [2025-08-26T05:35:27.588+0000] {dag.py:3096} INFO - Sync 1 DAGs
[2025-08-26T05:35:27.769+0000] {logging_mixin.py:188} INFO - [2025-08-26T05:35:27.768+0000] {dag.py:3954} INFO - Setting next_dagrun for example_dag_decorator to None, run_after=None
[2025-08-26T05:35:27.932+0000] {processor.py:183} INFO - Processing /home/airflow/.local/lib/python3.12/site-packages/airflow/example_dags/example_dag_decorator.py took 6.616 seconds
[2025-08-26T05:42:06.442+0000] {processor.py:161} INFO - Started process (PID=4311) to work on /home/airflow/.local/lib/python3.12/site-packages/airflow/example_dags/example_dag_decorator.py
[2025-08-26T05:42:06.488+0000] {processor.py:830} INFO - Processing file /home/airflow/.local/lib/python3.12/site-packages/airflow/example_dags/example_dag_decorator.py for tasks to queue
[2025-08-26T05:42:06.520+0000] {logging_mixin.py:188} INFO - [2025-08-26T05:42:06.492+0000] {dagbag.py:545} INFO - Filling up the DagBag from /home/airflow/.local/lib/python3.12/site-packages/airflow/example_dags/example_dag_decorator.py
[2025-08-26T05:42:08.410+0000] {processor.py:840} INFO - DAG(s) 'example_dag_decorator' retrieved from /home/airflow/.local/lib/python3.12/site-packages/airflow/example_dags/example_dag_decorator.py
[2025-08-26T05:42:10.240+0000] {logging_mixin.py:188} INFO - [2025-08-26T05:42:10.239+0000] {dag.py:3096} INFO - Sync 1 DAGs
[2025-08-26T05:42:10.393+0000] {logging_mixin.py:188} INFO - [2025-08-26T05:42:10.392+0000] {dag.py:3954} INFO - Setting next_dagrun for example_dag_decorator to None, run_after=None
[2025-08-26T05:42:10.784+0000] {processor.py:183} INFO - Processing /home/airflow/.local/lib/python3.12/site-packages/airflow/example_dags/example_dag_decorator.py took 4.512 seconds
[2025-08-26T05:42:56.528+0000] {processor.py:161} INFO - Started process (PID=4522) to work on /home/airflow/.local/lib/python3.12/site-packages/airflow/example_dags/example_dag_decorator.py
[2025-08-26T05:42:56.532+0000] {processor.py:830} INFO - Processing file /home/airflow/.local/lib/python3.12/site-packages/airflow/example_dags/example_dag_decorator.py for tasks to queue
[2025-08-26T05:42:56.566+0000] {logging_mixin.py:188} INFO - [2025-08-26T05:42:56.534+0000] {dagbag.py:545} INFO - Filling up the DagBag from /home/airflow/.local/lib/python3.12/site-packages/airflow/example_dags/example_dag_decorator.py
[2025-08-26T05:42:58.050+0000] {processor.py:840} INFO - DAG(s) 'example_dag_decorator' retrieved from /home/airflow/.local/lib/python3.12/site-packages/airflow/example_dags/example_dag_decorator.py
[2025-08-26T05:42:59.835+0000] {logging_mixin.py:188} INFO - [2025-08-26T05:42:59.834+0000] {dag.py:3096} INFO - Sync 1 DAGs
[2025-08-26T05:43:00.075+0000] {logging_mixin.py:188} INFO - [2025-08-26T05:43:00.074+0000] {dag.py:3954} INFO - Setting next_dagrun for example_dag_decorator to None, run_after=None
[2025-08-26T05:43:00.389+0000] {processor.py:183} INFO - Processing /home/airflow/.local/lib/python3.12/site-packages/airflow/example_dags/example_dag_decorator.py took 3.951 seconds
[2025-08-26T05:43:53.690+0000] {processor.py:161} INFO - Started process (PID=4789) to work on /home/airflow/.local/lib/python3.12/site-packages/airflow/example_dags/example_dag_decorator.py
[2025-08-26T05:43:53.699+0000] {processor.py:830} INFO - Processing file /home/airflow/.local/lib/python3.12/site-packages/airflow/example_dags/example_dag_decorator.py for tasks to queue
[2025-08-26T05:43:53.704+0000] {logging_mixin.py:188} INFO - [2025-08-26T05:43:53.703+0000] {dagbag.py:545} INFO - Filling up the DagBag from /home/airflow/.local/lib/python3.12/site-packages/airflow/example_dags/example_dag_decorator.py
[2025-08-26T05:43:55.440+0000] {processor.py:840} INFO - DAG(s) 'example_dag_decorator' retrieved from /home/airflow/.local/lib/python3.12/site-packages/airflow/example_dags/example_dag_decorator.py
[2025-08-26T05:43:57.005+0000] {logging_mixin.py:188} INFO - [2025-08-26T05:43:56.994+0000] {dag.py:3096} INFO - Sync 1 DAGs
[2025-08-26T05:43:57.282+0000] {logging_mixin.py:188} INFO - [2025-08-26T05:43:57.281+0000] {dag.py:3954} INFO - Setting next_dagrun for example_dag_decorator to None, run_after=None
[2025-08-26T05:43:57.506+0000] {processor.py:183} INFO - Processing /home/airflow/.local/lib/python3.12/site-packages/airflow/example_dags/example_dag_decorator.py took 3.920 seconds
[2025-08-26T05:44:28.808+0000] {processor.py:161} INFO - Started process (PID=5061) to work on /home/airflow/.local/lib/python3.12/site-packages/airflow/example_dags/example_dag_decorator.py
[2025-08-26T05:44:28.838+0000] {processor.py:830} INFO - Processing file /home/airflow/.local/lib/python3.12/site-packages/airflow/example_dags/example_dag_decorator.py for tasks to queue
[2025-08-26T05:44:28.868+0000] {logging_mixin.py:188} INFO - [2025-08-26T05:44:28.867+0000] {dagbag.py:545} INFO - Filling up the DagBag from /home/airflow/.local/lib/python3.12/site-packages/airflow/example_dags/example_dag_decorator.py
[2025-08-26T05:44:30.176+0000] {processor.py:840} INFO - DAG(s) 'example_dag_decorator' retrieved from /home/airflow/.local/lib/python3.12/site-packages/airflow/example_dags/example_dag_decorator.py
[2025-08-26T05:44:31.499+0000] {logging_mixin.py:188} INFO - [2025-08-26T05:44:31.499+0000] {dag.py:3096} INFO - Sync 1 DAGs
[2025-08-26T05:44:31.565+0000] {logging_mixin.py:188} INFO - [2025-08-26T05:44:31.564+0000] {dag.py:3954} INFO - Setting next_dagrun for example_dag_decorator to None, run_after=None
[2025-08-26T05:44:31.732+0000] {processor.py:183} INFO - Processing /home/airflow/.local/lib/python3.12/site-packages/airflow/example_dags/example_dag_decorator.py took 3.022 seconds
[2025-08-26T05:45:03.534+0000] {processor.py:161} INFO - Started process (PID=5329) to work on /home/airflow/.local/lib/python3.12/site-packages/airflow/example_dags/example_dag_decorator.py
[2025-08-26T05:45:03.538+0000] {processor.py:830} INFO - Processing file /home/airflow/.local/lib/python3.12/site-packages/airflow/example_dags/example_dag_decorator.py for tasks to queue
[2025-08-26T05:45:03.545+0000] {logging_mixin.py:188} INFO - [2025-08-26T05:45:03.543+0000] {dagbag.py:545} INFO - Filling up the DagBag from /home/airflow/.local/lib/python3.12/site-packages/airflow/example_dags/example_dag_decorator.py
[2025-08-26T05:45:04.832+0000] {processor.py:840} INFO - DAG(s) 'example_dag_decorator' retrieved from /home/airflow/.local/lib/python3.12/site-packages/airflow/example_dags/example_dag_decorator.py
[2025-08-26T05:45:05.793+0000] {logging_mixin.py:188} INFO - [2025-08-26T05:45:05.792+0000] {dag.py:3096} INFO - Sync 1 DAGs
[2025-08-26T05:45:05.869+0000] {logging_mixin.py:188} INFO - [2025-08-26T05:45:05.868+0000] {dag.py:3954} INFO - Setting next_dagrun for example_dag_decorator to None, run_after=None
[2025-08-26T05:45:06.048+0000] {processor.py:183} INFO - Processing /home/airflow/.local/lib/python3.12/site-packages/airflow/example_dags/example_dag_decorator.py took 2.556 seconds
[2025-08-26T05:45:38.264+0000] {processor.py:161} INFO - Started process (PID=5602) to work on /home/airflow/.local/lib/python3.12/site-packages/airflow/example_dags/example_dag_decorator.py
[2025-08-26T05:45:38.279+0000] {processor.py:830} INFO - Processing file /home/airflow/.local/lib/python3.12/site-packages/airflow/example_dags/example_dag_decorator.py for tasks to queue
[2025-08-26T05:45:38.282+0000] {logging_mixin.py:188} INFO - [2025-08-26T05:45:38.281+0000] {dagbag.py:545} INFO - Filling up the DagBag from /home/airflow/.local/lib/python3.12/site-packages/airflow/example_dags/example_dag_decorator.py
[2025-08-26T05:45:39.387+0000] {processor.py:840} INFO - DAG(s) 'example_dag_decorator' retrieved from /home/airflow/.local/lib/python3.12/site-packages/airflow/example_dags/example_dag_decorator.py
[2025-08-26T05:45:40.444+0000] {logging_mixin.py:188} INFO - [2025-08-26T05:45:40.443+0000] {dag.py:3096} INFO - Sync 1 DAGs
[2025-08-26T05:45:40.567+0000] {logging_mixin.py:188} INFO - [2025-08-26T05:45:40.566+0000] {dag.py:3954} INFO - Setting next_dagrun for example_dag_decorator to None, run_after=None
[2025-08-26T05:45:40.728+0000] {processor.py:183} INFO - Processing /home/airflow/.local/lib/python3.12/site-packages/airflow/example_dags/example_dag_decorator.py took 2.545 seconds
[2025-08-26T05:46:11.565+0000] {processor.py:161} INFO - Started process (PID=5864) to work on /home/airflow/.local/lib/python3.12/site-packages/airflow/example_dags/example_dag_decorator.py
[2025-08-26T05:46:11.569+0000] {processor.py:830} INFO - Processing file /home/airflow/.local/lib/python3.12/site-packages/airflow/example_dags/example_dag_decorator.py for tasks to queue
[2025-08-26T05:46:11.573+0000] {logging_mixin.py:188} INFO - [2025-08-26T05:46:11.571+0000] {dagbag.py:545} INFO - Filling up the DagBag from /home/airflow/.local/lib/python3.12/site-packages/airflow/example_dags/example_dag_decorator.py
[2025-08-26T05:46:12.236+0000] {processor.py:840} INFO - DAG(s) 'example_dag_decorator' retrieved from /home/airflow/.local/lib/python3.12/site-packages/airflow/example_dags/example_dag_decorator.py
[2025-08-26T05:46:12.872+0000] {logging_mixin.py:188} INFO - [2025-08-26T05:46:12.870+0000] {dag.py:3096} INFO - Sync 1 DAGs
[2025-08-26T05:46:12.935+0000] {logging_mixin.py:188} INFO - [2025-08-26T05:46:12.934+0000] {dag.py:3954} INFO - Setting next_dagrun for example_dag_decorator to None, run_after=None
[2025-08-26T05:46:13.074+0000] {processor.py:183} INFO - Processing /home/airflow/.local/lib/python3.12/site-packages/airflow/example_dags/example_dag_decorator.py took 1.544 seconds
[2025-08-26T05:46:44.760+0000] {processor.py:161} INFO - Started process (PID=6131) to work on /home/airflow/.local/lib/python3.12/site-packages/airflow/example_dags/example_dag_decorator.py
[2025-08-26T05:46:44.774+0000] {processor.py:830} INFO - Processing file /home/airflow/.local/lib/python3.12/site-packages/airflow/example_dags/example_dag_decorator.py for tasks to queue
[2025-08-26T05:46:44.809+0000] {logging_mixin.py:188} INFO - [2025-08-26T05:46:44.808+0000] {dagbag.py:545} INFO - Filling up the DagBag from /home/airflow/.local/lib/python3.12/site-packages/airflow/example_dags/example_dag_decorator.py
[2025-08-26T05:46:45.657+0000] {processor.py:840} INFO - DAG(s) 'example_dag_decorator' retrieved from /home/airflow/.local/lib/python3.12/site-packages/airflow/example_dags/example_dag_decorator.py
[2025-08-26T05:46:46.703+0000] {logging_mixin.py:188} INFO - [2025-08-26T05:46:46.703+0000] {dag.py:3096} INFO - Sync 1 DAGs
[2025-08-26T05:46:46.792+0000] {logging_mixin.py:188} INFO - [2025-08-26T05:46:46.792+0000] {dag.py:3954} INFO - Setting next_dagrun for example_dag_decorator to None, run_after=None
[2025-08-26T05:46:46.894+0000] {processor.py:183} INFO - Processing /home/airflow/.local/lib/python3.12/site-packages/airflow/example_dags/example_dag_decorator.py took 2.216 seconds
[2025-08-26T05:47:20.474+0000] {processor.py:161} INFO - Started process (PID=6358) to work on /home/airflow/.local/lib/python3.12/site-packages/airflow/example_dags/example_dag_decorator.py
[2025-08-26T05:47:20.493+0000] {processor.py:830} INFO - Processing file /home/airflow/.local/lib/python3.12/site-packages/airflow/example_dags/example_dag_decorator.py for tasks to queue
[2025-08-26T05:47:20.496+0000] {logging_mixin.py:188} INFO - [2025-08-26T05:47:20.495+0000] {dagbag.py:545} INFO - Filling up the DagBag from /home/airflow/.local/lib/python3.12/site-packages/airflow/example_dags/example_dag_decorator.py
[2025-08-26T05:47:22.235+0000] {processor.py:840} INFO - DAG(s) 'example_dag_decorator' retrieved from /home/airflow/.local/lib/python3.12/site-packages/airflow/example_dags/example_dag_decorator.py
[2025-08-26T05:47:22.531+0000] {logging_mixin.py:188} INFO - [2025-08-26T05:47:22.530+0000] {dag.py:3096} INFO - Sync 1 DAGs
[2025-08-26T05:47:22.753+0000] {logging_mixin.py:188} INFO - [2025-08-26T05:47:22.752+0000] {dag.py:3954} INFO - Setting next_dagrun for example_dag_decorator to None, run_after=None
[2025-08-26T05:47:22.952+0000] {processor.py:183} INFO - Processing /home/airflow/.local/lib/python3.12/site-packages/airflow/example_dags/example_dag_decorator.py took 2.539 seconds
[2025-08-26T05:47:55.311+0000] {processor.py:161} INFO - Started process (PID=6619) to work on /home/airflow/.local/lib/python3.12/site-packages/airflow/example_dags/example_dag_decorator.py
[2025-08-26T05:47:55.334+0000] {processor.py:830} INFO - Processing file /home/airflow/.local/lib/python3.12/site-packages/airflow/example_dags/example_dag_decorator.py for tasks to queue
[2025-08-26T05:47:55.338+0000] {logging_mixin.py:188} INFO - [2025-08-26T05:47:55.337+0000] {dagbag.py:545} INFO - Filling up the DagBag from /home/airflow/.local/lib/python3.12/site-packages/airflow/example_dags/example_dag_decorator.py
[2025-08-26T05:47:56.399+0000] {processor.py:840} INFO - DAG(s) 'example_dag_decorator' retrieved from /home/airflow/.local/lib/python3.12/site-packages/airflow/example_dags/example_dag_decorator.py
[2025-08-26T05:47:56.598+0000] {logging_mixin.py:188} INFO - [2025-08-26T05:47:56.598+0000] {dag.py:3096} INFO - Sync 1 DAGs
[2025-08-26T05:47:56.778+0000] {logging_mixin.py:188} INFO - [2025-08-26T05:47:56.777+0000] {dag.py:3954} INFO - Setting next_dagrun for example_dag_decorator to None, run_after=None
[2025-08-26T05:47:56.914+0000] {processor.py:183} INFO - Processing /home/airflow/.local/lib/python3.12/site-packages/airflow/example_dags/example_dag_decorator.py took 1.669 seconds
