[2025-08-26T04:30:23.947+0000] {processor.py:161} INFO - Started process (PID=414) to work on /home/airflow/.local/lib/python3.12/site-packages/airflow/example_dags/example_short_circuit_operator.py
[2025-08-26T04:30:23.963+0000] {processor.py:830} INFO - Processing file /home/airflow/.local/lib/python3.12/site-packages/airflow/example_dags/example_short_circuit_operator.py for tasks to queue
[2025-08-26T04:30:23.979+0000] {logging_mixin.py:188} INFO - [2025-08-26T04:30:23.978+0000] {dagbag.py:545} INFO - Filling up the DagBag from /home/airflow/.local/lib/python3.12/site-packages/airflow/example_dags/example_short_circuit_operator.py
[2025-08-26T04:30:24.058+0000] {processor.py:840} INFO - DAG(s) 'example_short_circuit_operator' retrieved from /home/airflow/.local/lib/python3.12/site-packages/airflow/example_dags/example_short_circuit_operator.py
[2025-08-26T04:30:25.129+0000] {logging_mixin.py:188} INFO - [2025-08-26T04:30:25.127+0000] {override.py:1829} INFO - Created Permission View: can delete on DAG:example_short_circuit_operator
[2025-08-26T04:30:25.204+0000] {logging_mixin.py:188} INFO - [2025-08-26T04:30:25.203+0000] {override.py:1829} INFO - Created Permission View: can read on DAG:example_short_circuit_operator
[2025-08-26T04:30:25.284+0000] {logging_mixin.py:188} INFO - [2025-08-26T04:30:25.283+0000] {override.py:1829} INFO - Created Permission View: can edit on DAG:example_short_circuit_operator
[2025-08-26T04:30:25.290+0000] {logging_mixin.py:188} INFO - [2025-08-26T04:30:25.289+0000] {dag.py:3096} INFO - Sync 1 DAGs
[2025-08-26T04:30:25.439+0000] {logging_mixin.py:188} INFO - [2025-08-26T04:30:25.438+0000] {dag.py:3118} INFO - Creating ORM DAG for example_short_circuit_operator
[2025-08-26T04:30:25.537+0000] {logging_mixin.py:188} INFO - [2025-08-26T04:30:25.536+0000] {dag.py:3954} INFO - Setting next_dagrun for example_short_circuit_operator to 2025-08-25 00:00:00+00:00, run_after=2025-08-26 00:00:00+00:00
[2025-08-26T04:30:25.794+0000] {processor.py:183} INFO - Processing /home/airflow/.local/lib/python3.12/site-packages/airflow/example_dags/example_short_circuit_operator.py took 1.902 seconds
[2025-08-26T04:31:08.945+0000] {processor.py:161} INFO - Started process (PID=678) to work on /home/airflow/.local/lib/python3.12/site-packages/airflow/example_dags/example_short_circuit_operator.py
[2025-08-26T04:31:08.951+0000] {processor.py:830} INFO - Processing file /home/airflow/.local/lib/python3.12/site-packages/airflow/example_dags/example_short_circuit_operator.py for tasks to queue
[2025-08-26T04:31:08.985+0000] {logging_mixin.py:188} INFO - [2025-08-26T04:31:08.974+0000] {dagbag.py:545} INFO - Filling up the DagBag from /home/airflow/.local/lib/python3.12/site-packages/airflow/example_dags/example_short_circuit_operator.py
[2025-08-26T04:31:09.055+0000] {processor.py:840} INFO - DAG(s) 'example_short_circuit_operator' retrieved from /home/airflow/.local/lib/python3.12/site-packages/airflow/example_dags/example_short_circuit_operator.py
[2025-08-26T04:31:09.261+0000] {logging_mixin.py:188} INFO - [2025-08-26T04:31:09.260+0000] {dag.py:3096} INFO - Sync 1 DAGs
[2025-08-26T04:31:09.420+0000] {logging_mixin.py:188} INFO - [2025-08-26T04:31:09.419+0000] {dag.py:3954} INFO - Setting next_dagrun for example_short_circuit_operator to 2025-08-25 00:00:00+00:00, run_after=2025-08-26 00:00:00+00:00
[2025-08-26T04:31:09.506+0000] {processor.py:183} INFO - Processing /home/airflow/.local/lib/python3.12/site-packages/airflow/example_dags/example_short_circuit_operator.py took 0.623 seconds
[2025-08-26T04:31:46.089+0000] {processor.py:161} INFO - Started process (PID=940) to work on /home/airflow/.local/lib/python3.12/site-packages/airflow/example_dags/example_short_circuit_operator.py
[2025-08-26T04:31:46.092+0000] {processor.py:830} INFO - Processing file /home/airflow/.local/lib/python3.12/site-packages/airflow/example_dags/example_short_circuit_operator.py for tasks to queue
[2025-08-26T04:31:46.099+0000] {logging_mixin.py:188} INFO - [2025-08-26T04:31:46.098+0000] {dagbag.py:545} INFO - Filling up the DagBag from /home/airflow/.local/lib/python3.12/site-packages/airflow/example_dags/example_short_circuit_operator.py
[2025-08-26T04:31:46.148+0000] {processor.py:840} INFO - DAG(s) 'example_short_circuit_operator' retrieved from /home/airflow/.local/lib/python3.12/site-packages/airflow/example_dags/example_short_circuit_operator.py
[2025-08-26T04:31:46.330+0000] {logging_mixin.py:188} INFO - [2025-08-26T04:31:46.329+0000] {dag.py:3096} INFO - Sync 1 DAGs
[2025-08-26T04:31:46.543+0000] {logging_mixin.py:188} INFO - [2025-08-26T04:31:46.542+0000] {dag.py:3954} INFO - Setting next_dagrun for example_short_circuit_operator to 2025-08-25 00:00:00+00:00, run_after=2025-08-26 00:00:00+00:00
[2025-08-26T04:31:46.738+0000] {processor.py:183} INFO - Processing /home/airflow/.local/lib/python3.12/site-packages/airflow/example_dags/example_short_circuit_operator.py took 0.689 seconds
[2025-08-26T04:32:17.639+0000] {processor.py:161} INFO - Started process (PID=1196) to work on /home/airflow/.local/lib/python3.12/site-packages/airflow/example_dags/example_short_circuit_operator.py
[2025-08-26T04:32:17.644+0000] {processor.py:830} INFO - Processing file /home/airflow/.local/lib/python3.12/site-packages/airflow/example_dags/example_short_circuit_operator.py for tasks to queue
[2025-08-26T04:32:17.658+0000] {logging_mixin.py:188} INFO - [2025-08-26T04:32:17.657+0000] {dagbag.py:545} INFO - Filling up the DagBag from /home/airflow/.local/lib/python3.12/site-packages/airflow/example_dags/example_short_circuit_operator.py
[2025-08-26T04:32:17.711+0000] {processor.py:840} INFO - DAG(s) 'example_short_circuit_operator' retrieved from /home/airflow/.local/lib/python3.12/site-packages/airflow/example_dags/example_short_circuit_operator.py
[2025-08-26T04:32:17.866+0000] {logging_mixin.py:188} INFO - [2025-08-26T04:32:17.865+0000] {dag.py:3096} INFO - Sync 1 DAGs
[2025-08-26T04:32:17.981+0000] {logging_mixin.py:188} INFO - [2025-08-26T04:32:17.980+0000] {dag.py:3954} INFO - Setting next_dagrun for example_short_circuit_operator to 2025-08-25 00:00:00+00:00, run_after=2025-08-26 00:00:00+00:00
[2025-08-26T04:32:18.101+0000] {processor.py:183} INFO - Processing /home/airflow/.local/lib/python3.12/site-packages/airflow/example_dags/example_short_circuit_operator.py took 0.488 seconds
[2025-08-26T04:33:04.667+0000] {processor.py:161} INFO - Started process (PID=1489) to work on /home/airflow/.local/lib/python3.12/site-packages/airflow/example_dags/example_short_circuit_operator.py
[2025-08-26T04:33:04.670+0000] {processor.py:830} INFO - Processing file /home/airflow/.local/lib/python3.12/site-packages/airflow/example_dags/example_short_circuit_operator.py for tasks to queue
[2025-08-26T04:33:04.679+0000] {logging_mixin.py:188} INFO - [2025-08-26T04:33:04.677+0000] {dagbag.py:545} INFO - Filling up the DagBag from /home/airflow/.local/lib/python3.12/site-packages/airflow/example_dags/example_short_circuit_operator.py
[2025-08-26T04:33:04.724+0000] {processor.py:840} INFO - DAG(s) 'example_short_circuit_operator' retrieved from /home/airflow/.local/lib/python3.12/site-packages/airflow/example_dags/example_short_circuit_operator.py
[2025-08-26T04:33:04.875+0000] {logging_mixin.py:188} INFO - [2025-08-26T04:33:04.874+0000] {dag.py:3096} INFO - Sync 1 DAGs
[2025-08-26T04:33:05.087+0000] {logging_mixin.py:188} INFO - [2025-08-26T04:33:05.086+0000] {dag.py:3954} INFO - Setting next_dagrun for example_short_circuit_operator to 2025-08-25 00:00:00+00:00, run_after=2025-08-26 00:00:00+00:00
[2025-08-26T04:33:05.211+0000] {processor.py:183} INFO - Processing /home/airflow/.local/lib/python3.12/site-packages/airflow/example_dags/example_short_circuit_operator.py took 0.572 seconds
[2025-08-26T04:33:36.469+0000] {processor.py:161} INFO - Started process (PID=1751) to work on /home/airflow/.local/lib/python3.12/site-packages/airflow/example_dags/example_short_circuit_operator.py
[2025-08-26T04:33:36.500+0000] {processor.py:830} INFO - Processing file /home/airflow/.local/lib/python3.12/site-packages/airflow/example_dags/example_short_circuit_operator.py for tasks to queue
[2025-08-26T04:33:36.549+0000] {logging_mixin.py:188} INFO - [2025-08-26T04:33:36.548+0000] {dagbag.py:545} INFO - Filling up the DagBag from /home/airflow/.local/lib/python3.12/site-packages/airflow/example_dags/example_short_circuit_operator.py
[2025-08-26T04:33:36.712+0000] {processor.py:840} INFO - DAG(s) 'example_short_circuit_operator' retrieved from /home/airflow/.local/lib/python3.12/site-packages/airflow/example_dags/example_short_circuit_operator.py
[2025-08-26T04:33:36.887+0000] {logging_mixin.py:188} INFO - [2025-08-26T04:33:36.887+0000] {dag.py:3096} INFO - Sync 1 DAGs
[2025-08-26T04:33:37.030+0000] {logging_mixin.py:188} INFO - [2025-08-26T04:33:37.029+0000] {dag.py:3954} INFO - Setting next_dagrun for example_short_circuit_operator to 2025-08-25 00:00:00+00:00, run_after=2025-08-26 00:00:00+00:00
[2025-08-26T04:33:37.123+0000] {processor.py:183} INFO - Processing /home/airflow/.local/lib/python3.12/site-packages/airflow/example_dags/example_short_circuit_operator.py took 0.751 seconds
[2025-08-26T04:34:07.438+0000] {processor.py:161} INFO - Started process (PID=2015) to work on /home/airflow/.local/lib/python3.12/site-packages/airflow/example_dags/example_short_circuit_operator.py
[2025-08-26T04:34:07.458+0000] {processor.py:830} INFO - Processing file /home/airflow/.local/lib/python3.12/site-packages/airflow/example_dags/example_short_circuit_operator.py for tasks to queue
[2025-08-26T04:34:07.467+0000] {logging_mixin.py:188} INFO - [2025-08-26T04:34:07.466+0000] {dagbag.py:545} INFO - Filling up the DagBag from /home/airflow/.local/lib/python3.12/site-packages/airflow/example_dags/example_short_circuit_operator.py
[2025-08-26T04:34:07.508+0000] {processor.py:840} INFO - DAG(s) 'example_short_circuit_operator' retrieved from /home/airflow/.local/lib/python3.12/site-packages/airflow/example_dags/example_short_circuit_operator.py
[2025-08-26T04:34:07.725+0000] {logging_mixin.py:188} INFO - [2025-08-26T04:34:07.724+0000] {dag.py:3096} INFO - Sync 1 DAGs
[2025-08-26T04:34:07.935+0000] {logging_mixin.py:188} INFO - [2025-08-26T04:34:07.934+0000] {dag.py:3954} INFO - Setting next_dagrun for example_short_circuit_operator to 2025-08-25 00:00:00+00:00, run_after=2025-08-26 00:00:00+00:00
[2025-08-26T04:34:08.047+0000] {processor.py:183} INFO - Processing /home/airflow/.local/lib/python3.12/site-packages/airflow/example_dags/example_short_circuit_operator.py took 0.663 seconds
[2025-08-26T04:34:39.126+0000] {processor.py:161} INFO - Started process (PID=2275) to work on /home/airflow/.local/lib/python3.12/site-packages/airflow/example_dags/example_short_circuit_operator.py
[2025-08-26T04:34:39.147+0000] {processor.py:830} INFO - Processing file /home/airflow/.local/lib/python3.12/site-packages/airflow/example_dags/example_short_circuit_operator.py for tasks to queue
[2025-08-26T04:34:39.167+0000] {logging_mixin.py:188} INFO - [2025-08-26T04:34:39.165+0000] {dagbag.py:545} INFO - Filling up the DagBag from /home/airflow/.local/lib/python3.12/site-packages/airflow/example_dags/example_short_circuit_operator.py
[2025-08-26T04:34:39.242+0000] {processor.py:840} INFO - DAG(s) 'example_short_circuit_operator' retrieved from /home/airflow/.local/lib/python3.12/site-packages/airflow/example_dags/example_short_circuit_operator.py
[2025-08-26T04:34:39.474+0000] {logging_mixin.py:188} INFO - [2025-08-26T04:34:39.468+0000] {dag.py:3096} INFO - Sync 1 DAGs
[2025-08-26T04:34:39.696+0000] {logging_mixin.py:188} INFO - [2025-08-26T04:34:39.695+0000] {dag.py:3954} INFO - Setting next_dagrun for example_short_circuit_operator to 2025-08-25 00:00:00+00:00, run_after=2025-08-26 00:00:00+00:00
[2025-08-26T04:34:39.910+0000] {processor.py:183} INFO - Processing /home/airflow/.local/lib/python3.12/site-packages/airflow/example_dags/example_short_circuit_operator.py took 0.877 seconds
[2025-08-26T04:35:10.958+0000] {processor.py:161} INFO - Started process (PID=2536) to work on /home/airflow/.local/lib/python3.12/site-packages/airflow/example_dags/example_short_circuit_operator.py
[2025-08-26T04:35:10.962+0000] {processor.py:830} INFO - Processing file /home/airflow/.local/lib/python3.12/site-packages/airflow/example_dags/example_short_circuit_operator.py for tasks to queue
[2025-08-26T04:35:10.970+0000] {logging_mixin.py:188} INFO - [2025-08-26T04:35:10.969+0000] {dagbag.py:545} INFO - Filling up the DagBag from /home/airflow/.local/lib/python3.12/site-packages/airflow/example_dags/example_short_circuit_operator.py
[2025-08-26T04:35:11.005+0000] {processor.py:840} INFO - DAG(s) 'example_short_circuit_operator' retrieved from /home/airflow/.local/lib/python3.12/site-packages/airflow/example_dags/example_short_circuit_operator.py
[2025-08-26T04:35:11.137+0000] {logging_mixin.py:188} INFO - [2025-08-26T04:35:11.136+0000] {dag.py:3096} INFO - Sync 1 DAGs
[2025-08-26T04:35:11.298+0000] {logging_mixin.py:188} INFO - [2025-08-26T04:35:11.298+0000] {dag.py:3954} INFO - Setting next_dagrun for example_short_circuit_operator to 2025-08-25 00:00:00+00:00, run_after=2025-08-26 00:00:00+00:00
[2025-08-26T04:35:11.460+0000] {processor.py:183} INFO - Processing /home/airflow/.local/lib/python3.12/site-packages/airflow/example_dags/example_short_circuit_operator.py took 0.529 seconds
[2025-08-26T04:35:42.373+0000] {processor.py:161} INFO - Started process (PID=2798) to work on /home/airflow/.local/lib/python3.12/site-packages/airflow/example_dags/example_short_circuit_operator.py
[2025-08-26T04:35:42.376+0000] {processor.py:830} INFO - Processing file /home/airflow/.local/lib/python3.12/site-packages/airflow/example_dags/example_short_circuit_operator.py for tasks to queue
[2025-08-26T04:35:42.384+0000] {logging_mixin.py:188} INFO - [2025-08-26T04:35:42.383+0000] {dagbag.py:545} INFO - Filling up the DagBag from /home/airflow/.local/lib/python3.12/site-packages/airflow/example_dags/example_short_circuit_operator.py
[2025-08-26T04:35:42.413+0000] {processor.py:840} INFO - DAG(s) 'example_short_circuit_operator' retrieved from /home/airflow/.local/lib/python3.12/site-packages/airflow/example_dags/example_short_circuit_operator.py
[2025-08-26T04:35:42.526+0000] {logging_mixin.py:188} INFO - [2025-08-26T04:35:42.525+0000] {dag.py:3096} INFO - Sync 1 DAGs
[2025-08-26T04:35:42.685+0000] {logging_mixin.py:188} INFO - [2025-08-26T04:35:42.684+0000] {dag.py:3954} INFO - Setting next_dagrun for example_short_circuit_operator to 2025-08-25 00:00:00+00:00, run_after=2025-08-26 00:00:00+00:00
[2025-08-26T04:35:42.796+0000] {processor.py:183} INFO - Processing /home/airflow/.local/lib/python3.12/site-packages/airflow/example_dags/example_short_circuit_operator.py took 0.448 seconds
[2025-08-26T04:36:15.642+0000] {processor.py:161} INFO - Started process (PID=3060) to work on /home/airflow/.local/lib/python3.12/site-packages/airflow/example_dags/example_short_circuit_operator.py
[2025-08-26T04:36:15.645+0000] {processor.py:830} INFO - Processing file /home/airflow/.local/lib/python3.12/site-packages/airflow/example_dags/example_short_circuit_operator.py for tasks to queue
[2025-08-26T04:36:15.676+0000] {logging_mixin.py:188} INFO - [2025-08-26T04:36:15.661+0000] {dagbag.py:545} INFO - Filling up the DagBag from /home/airflow/.local/lib/python3.12/site-packages/airflow/example_dags/example_short_circuit_operator.py
[2025-08-26T04:36:15.713+0000] {processor.py:840} INFO - DAG(s) 'example_short_circuit_operator' retrieved from /home/airflow/.local/lib/python3.12/site-packages/airflow/example_dags/example_short_circuit_operator.py
[2025-08-26T04:36:15.906+0000] {logging_mixin.py:188} INFO - [2025-08-26T04:36:15.905+0000] {dag.py:3096} INFO - Sync 1 DAGs
[2025-08-26T04:36:16.126+0000] {logging_mixin.py:188} INFO - [2025-08-26T04:36:16.125+0000] {dag.py:3954} INFO - Setting next_dagrun for example_short_circuit_operator to 2025-08-25 00:00:00+00:00, run_after=2025-08-26 00:00:00+00:00
[2025-08-26T04:36:16.414+0000] {processor.py:183} INFO - Processing /home/airflow/.local/lib/python3.12/site-packages/airflow/example_dags/example_short_circuit_operator.py took 0.841 seconds
[2025-08-26T04:36:48.191+0000] {processor.py:161} INFO - Started process (PID=3323) to work on /home/airflow/.local/lib/python3.12/site-packages/airflow/example_dags/example_short_circuit_operator.py
[2025-08-26T04:36:48.198+0000] {processor.py:830} INFO - Processing file /home/airflow/.local/lib/python3.12/site-packages/airflow/example_dags/example_short_circuit_operator.py for tasks to queue
[2025-08-26T04:36:48.223+0000] {logging_mixin.py:188} INFO - [2025-08-26T04:36:48.221+0000] {dagbag.py:545} INFO - Filling up the DagBag from /home/airflow/.local/lib/python3.12/site-packages/airflow/example_dags/example_short_circuit_operator.py
[2025-08-26T04:36:48.308+0000] {processor.py:840} INFO - DAG(s) 'example_short_circuit_operator' retrieved from /home/airflow/.local/lib/python3.12/site-packages/airflow/example_dags/example_short_circuit_operator.py
[2025-08-26T04:36:48.532+0000] {logging_mixin.py:188} INFO - [2025-08-26T04:36:48.532+0000] {dag.py:3096} INFO - Sync 1 DAGs
[2025-08-26T04:36:48.759+0000] {logging_mixin.py:188} INFO - [2025-08-26T04:36:48.757+0000] {dag.py:3954} INFO - Setting next_dagrun for example_short_circuit_operator to 2025-08-25 00:00:00+00:00, run_after=2025-08-26 00:00:00+00:00
[2025-08-26T04:36:49.027+0000] {processor.py:183} INFO - Processing /home/airflow/.local/lib/python3.12/site-packages/airflow/example_dags/example_short_circuit_operator.py took 0.888 seconds
[2025-08-26T04:37:19.728+0000] {processor.py:161} INFO - Started process (PID=3589) to work on /home/airflow/.local/lib/python3.12/site-packages/airflow/example_dags/example_short_circuit_operator.py
[2025-08-26T04:37:19.733+0000] {processor.py:830} INFO - Processing file /home/airflow/.local/lib/python3.12/site-packages/airflow/example_dags/example_short_circuit_operator.py for tasks to queue
[2025-08-26T04:37:19.742+0000] {logging_mixin.py:188} INFO - [2025-08-26T04:37:19.741+0000] {dagbag.py:545} INFO - Filling up the DagBag from /home/airflow/.local/lib/python3.12/site-packages/airflow/example_dags/example_short_circuit_operator.py
[2025-08-26T04:37:19.788+0000] {processor.py:840} INFO - DAG(s) 'example_short_circuit_operator' retrieved from /home/airflow/.local/lib/python3.12/site-packages/airflow/example_dags/example_short_circuit_operator.py
[2025-08-26T04:37:19.979+0000] {logging_mixin.py:188} INFO - [2025-08-26T04:37:19.979+0000] {dag.py:3096} INFO - Sync 1 DAGs
[2025-08-26T04:37:20.093+0000] {logging_mixin.py:188} INFO - [2025-08-26T04:37:20.093+0000] {dag.py:3954} INFO - Setting next_dagrun for example_short_circuit_operator to 2025-08-25 00:00:00+00:00, run_after=2025-08-26 00:00:00+00:00
[2025-08-26T04:37:20.200+0000] {processor.py:183} INFO - Processing /home/airflow/.local/lib/python3.12/site-packages/airflow/example_dags/example_short_circuit_operator.py took 0.502 seconds
[2025-08-26T04:37:51.847+0000] {processor.py:161} INFO - Started process (PID=3851) to work on /home/airflow/.local/lib/python3.12/site-packages/airflow/example_dags/example_short_circuit_operator.py
[2025-08-26T04:37:51.852+0000] {processor.py:830} INFO - Processing file /home/airflow/.local/lib/python3.12/site-packages/airflow/example_dags/example_short_circuit_operator.py for tasks to queue
[2025-08-26T04:37:51.861+0000] {logging_mixin.py:188} INFO - [2025-08-26T04:37:51.860+0000] {dagbag.py:545} INFO - Filling up the DagBag from /home/airflow/.local/lib/python3.12/site-packages/airflow/example_dags/example_short_circuit_operator.py
[2025-08-26T04:37:51.900+0000] {processor.py:840} INFO - DAG(s) 'example_short_circuit_operator' retrieved from /home/airflow/.local/lib/python3.12/site-packages/airflow/example_dags/example_short_circuit_operator.py
[2025-08-26T04:37:52.050+0000] {logging_mixin.py:188} INFO - [2025-08-26T04:37:52.050+0000] {dag.py:3096} INFO - Sync 1 DAGs
[2025-08-26T04:37:52.185+0000] {logging_mixin.py:188} INFO - [2025-08-26T04:37:52.185+0000] {dag.py:3954} INFO - Setting next_dagrun for example_short_circuit_operator to 2025-08-25 00:00:00+00:00, run_after=2025-08-26 00:00:00+00:00
[2025-08-26T04:37:52.282+0000] {processor.py:183} INFO - Processing /home/airflow/.local/lib/python3.12/site-packages/airflow/example_dags/example_short_circuit_operator.py took 0.463 seconds
[2025-08-26T04:38:23.551+0000] {processor.py:161} INFO - Started process (PID=4113) to work on /home/airflow/.local/lib/python3.12/site-packages/airflow/example_dags/example_short_circuit_operator.py
[2025-08-26T04:38:23.554+0000] {processor.py:830} INFO - Processing file /home/airflow/.local/lib/python3.12/site-packages/airflow/example_dags/example_short_circuit_operator.py for tasks to queue
[2025-08-26T04:38:23.560+0000] {logging_mixin.py:188} INFO - [2025-08-26T04:38:23.559+0000] {dagbag.py:545} INFO - Filling up the DagBag from /home/airflow/.local/lib/python3.12/site-packages/airflow/example_dags/example_short_circuit_operator.py
[2025-08-26T04:38:23.593+0000] {processor.py:840} INFO - DAG(s) 'example_short_circuit_operator' retrieved from /home/airflow/.local/lib/python3.12/site-packages/airflow/example_dags/example_short_circuit_operator.py
[2025-08-26T04:38:23.682+0000] {logging_mixin.py:188} INFO - [2025-08-26T04:38:23.682+0000] {dag.py:3096} INFO - Sync 1 DAGs
[2025-08-26T04:38:23.784+0000] {logging_mixin.py:188} INFO - [2025-08-26T04:38:23.784+0000] {dag.py:3954} INFO - Setting next_dagrun for example_short_circuit_operator to 2025-08-25 00:00:00+00:00, run_after=2025-08-26 00:00:00+00:00
[2025-08-26T04:38:23.888+0000] {processor.py:183} INFO - Processing /home/airflow/.local/lib/python3.12/site-packages/airflow/example_dags/example_short_circuit_operator.py took 0.360 seconds
[2025-08-26T04:38:56.864+0000] {processor.py:161} INFO - Started process (PID=4375) to work on /home/airflow/.local/lib/python3.12/site-packages/airflow/example_dags/example_short_circuit_operator.py
[2025-08-26T04:38:56.869+0000] {processor.py:830} INFO - Processing file /home/airflow/.local/lib/python3.12/site-packages/airflow/example_dags/example_short_circuit_operator.py for tasks to queue
[2025-08-26T04:38:56.880+0000] {logging_mixin.py:188} INFO - [2025-08-26T04:38:56.879+0000] {dagbag.py:545} INFO - Filling up the DagBag from /home/airflow/.local/lib/python3.12/site-packages/airflow/example_dags/example_short_circuit_operator.py
[2025-08-26T04:38:56.964+0000] {processor.py:840} INFO - DAG(s) 'example_short_circuit_operator' retrieved from /home/airflow/.local/lib/python3.12/site-packages/airflow/example_dags/example_short_circuit_operator.py
[2025-08-26T04:38:57.192+0000] {logging_mixin.py:188} INFO - [2025-08-26T04:38:57.187+0000] {dag.py:3096} INFO - Sync 1 DAGs
[2025-08-26T04:38:57.332+0000] {logging_mixin.py:188} INFO - [2025-08-26T04:38:57.332+0000] {dag.py:3954} INFO - Setting next_dagrun for example_short_circuit_operator to 2025-08-25 00:00:00+00:00, run_after=2025-08-26 00:00:00+00:00
[2025-08-26T04:38:57.506+0000] {processor.py:183} INFO - Processing /home/airflow/.local/lib/python3.12/site-packages/airflow/example_dags/example_short_circuit_operator.py took 0.698 seconds
[2025-08-26T04:39:30.959+0000] {processor.py:161} INFO - Started process (PID=4648) to work on /home/airflow/.local/lib/python3.12/site-packages/airflow/example_dags/example_short_circuit_operator.py
[2025-08-26T04:39:30.973+0000] {processor.py:830} INFO - Processing file /home/airflow/.local/lib/python3.12/site-packages/airflow/example_dags/example_short_circuit_operator.py for tasks to queue
[2025-08-26T04:39:30.994+0000] {logging_mixin.py:188} INFO - [2025-08-26T04:39:30.992+0000] {dagbag.py:545} INFO - Filling up the DagBag from /home/airflow/.local/lib/python3.12/site-packages/airflow/example_dags/example_short_circuit_operator.py
[2025-08-26T04:39:31.136+0000] {processor.py:840} INFO - DAG(s) 'example_short_circuit_operator' retrieved from /home/airflow/.local/lib/python3.12/site-packages/airflow/example_dags/example_short_circuit_operator.py
[2025-08-26T04:39:31.655+0000] {logging_mixin.py:188} INFO - [2025-08-26T04:39:31.654+0000] {dag.py:3096} INFO - Sync 1 DAGs
[2025-08-26T04:39:31.880+0000] {logging_mixin.py:188} INFO - [2025-08-26T04:39:31.868+0000] {dag.py:3954} INFO - Setting next_dagrun for example_short_circuit_operator to 2025-08-25 00:00:00+00:00, run_after=2025-08-26 00:00:00+00:00
[2025-08-26T04:39:32.172+0000] {processor.py:183} INFO - Processing /home/airflow/.local/lib/python3.12/site-packages/airflow/example_dags/example_short_circuit_operator.py took 1.319 seconds
[2025-08-26T04:40:16.981+0000] {processor.py:161} INFO - Started process (PID=4924) to work on /home/airflow/.local/lib/python3.12/site-packages/airflow/example_dags/example_short_circuit_operator.py
[2025-08-26T04:40:16.985+0000] {processor.py:830} INFO - Processing file /home/airflow/.local/lib/python3.12/site-packages/airflow/example_dags/example_short_circuit_operator.py for tasks to queue
[2025-08-26T04:40:16.997+0000] {logging_mixin.py:188} INFO - [2025-08-26T04:40:16.995+0000] {dagbag.py:545} INFO - Filling up the DagBag from /home/airflow/.local/lib/python3.12/site-packages/airflow/example_dags/example_short_circuit_operator.py
[2025-08-26T04:40:17.037+0000] {processor.py:840} INFO - DAG(s) 'example_short_circuit_operator' retrieved from /home/airflow/.local/lib/python3.12/site-packages/airflow/example_dags/example_short_circuit_operator.py
[2025-08-26T04:40:17.222+0000] {logging_mixin.py:188} INFO - [2025-08-26T04:40:17.221+0000] {dag.py:3096} INFO - Sync 1 DAGs
[2025-08-26T04:40:17.416+0000] {logging_mixin.py:188} INFO - [2025-08-26T04:40:17.415+0000] {dag.py:3954} INFO - Setting next_dagrun for example_short_circuit_operator to 2025-08-25 00:00:00+00:00, run_after=2025-08-26 00:00:00+00:00
[2025-08-26T04:40:17.588+0000] {processor.py:183} INFO - Processing /home/airflow/.local/lib/python3.12/site-packages/airflow/example_dags/example_short_circuit_operator.py took 0.636 seconds
[2025-08-26T04:40:49.696+0000] {processor.py:161} INFO - Started process (PID=5186) to work on /home/airflow/.local/lib/python3.12/site-packages/airflow/example_dags/example_short_circuit_operator.py
[2025-08-26T04:40:49.702+0000] {processor.py:830} INFO - Processing file /home/airflow/.local/lib/python3.12/site-packages/airflow/example_dags/example_short_circuit_operator.py for tasks to queue
[2025-08-26T04:40:49.710+0000] {logging_mixin.py:188} INFO - [2025-08-26T04:40:49.708+0000] {dagbag.py:545} INFO - Filling up the DagBag from /home/airflow/.local/lib/python3.12/site-packages/airflow/example_dags/example_short_circuit_operator.py
[2025-08-26T04:40:49.767+0000] {processor.py:840} INFO - DAG(s) 'example_short_circuit_operator' retrieved from /home/airflow/.local/lib/python3.12/site-packages/airflow/example_dags/example_short_circuit_operator.py
[2025-08-26T04:40:50.098+0000] {logging_mixin.py:188} INFO - [2025-08-26T04:40:50.097+0000] {dag.py:3096} INFO - Sync 1 DAGs
[2025-08-26T04:40:50.402+0000] {logging_mixin.py:188} INFO - [2025-08-26T04:40:50.401+0000] {dag.py:3954} INFO - Setting next_dagrun for example_short_circuit_operator to 2025-08-25 00:00:00+00:00, run_after=2025-08-26 00:00:00+00:00
[2025-08-26T04:40:50.642+0000] {processor.py:183} INFO - Processing /home/airflow/.local/lib/python3.12/site-packages/airflow/example_dags/example_short_circuit_operator.py took 0.976 seconds
[2025-08-26T04:41:21.296+0000] {processor.py:161} INFO - Started process (PID=5448) to work on /home/airflow/.local/lib/python3.12/site-packages/airflow/example_dags/example_short_circuit_operator.py
[2025-08-26T04:41:21.318+0000] {processor.py:830} INFO - Processing file /home/airflow/.local/lib/python3.12/site-packages/airflow/example_dags/example_short_circuit_operator.py for tasks to queue
[2025-08-26T04:41:21.330+0000] {logging_mixin.py:188} INFO - [2025-08-26T04:41:21.329+0000] {dagbag.py:545} INFO - Filling up the DagBag from /home/airflow/.local/lib/python3.12/site-packages/airflow/example_dags/example_short_circuit_operator.py
[2025-08-26T04:41:21.397+0000] {processor.py:840} INFO - DAG(s) 'example_short_circuit_operator' retrieved from /home/airflow/.local/lib/python3.12/site-packages/airflow/example_dags/example_short_circuit_operator.py
[2025-08-26T04:41:21.611+0000] {logging_mixin.py:188} INFO - [2025-08-26T04:41:21.611+0000] {dag.py:3096} INFO - Sync 1 DAGs
[2025-08-26T04:41:21.762+0000] {logging_mixin.py:188} INFO - [2025-08-26T04:41:21.761+0000] {dag.py:3954} INFO - Setting next_dagrun for example_short_circuit_operator to 2025-08-25 00:00:00+00:00, run_after=2025-08-26 00:00:00+00:00
[2025-08-26T04:41:21.910+0000] {processor.py:183} INFO - Processing /home/airflow/.local/lib/python3.12/site-packages/airflow/example_dags/example_short_circuit_operator.py took 0.671 seconds
[2025-08-26T04:41:59.371+0000] {processor.py:161} INFO - Started process (PID=5714) to work on /home/airflow/.local/lib/python3.12/site-packages/airflow/example_dags/example_short_circuit_operator.py
[2025-08-26T04:41:59.379+0000] {processor.py:830} INFO - Processing file /home/airflow/.local/lib/python3.12/site-packages/airflow/example_dags/example_short_circuit_operator.py for tasks to queue
[2025-08-26T04:41:59.387+0000] {logging_mixin.py:188} INFO - [2025-08-26T04:41:59.386+0000] {dagbag.py:545} INFO - Filling up the DagBag from /home/airflow/.local/lib/python3.12/site-packages/airflow/example_dags/example_short_circuit_operator.py
[2025-08-26T04:41:59.442+0000] {processor.py:840} INFO - DAG(s) 'example_short_circuit_operator' retrieved from /home/airflow/.local/lib/python3.12/site-packages/airflow/example_dags/example_short_circuit_operator.py
[2025-08-26T04:41:59.566+0000] {logging_mixin.py:188} INFO - [2025-08-26T04:41:59.565+0000] {dag.py:3096} INFO - Sync 1 DAGs
[2025-08-26T04:41:59.731+0000] {logging_mixin.py:188} INFO - [2025-08-26T04:41:59.730+0000] {dag.py:3954} INFO - Setting next_dagrun for example_short_circuit_operator to 2025-08-25 00:00:00+00:00, run_after=2025-08-26 00:00:00+00:00
[2025-08-26T04:41:59.885+0000] {processor.py:183} INFO - Processing /home/airflow/.local/lib/python3.12/site-packages/airflow/example_dags/example_short_circuit_operator.py took 0.556 seconds
[2025-08-26T04:42:42.194+0000] {processor.py:161} INFO - Started process (PID=5982) to work on /home/airflow/.local/lib/python3.12/site-packages/airflow/example_dags/example_short_circuit_operator.py
[2025-08-26T04:42:42.197+0000] {processor.py:830} INFO - Processing file /home/airflow/.local/lib/python3.12/site-packages/airflow/example_dags/example_short_circuit_operator.py for tasks to queue
[2025-08-26T04:42:42.208+0000] {logging_mixin.py:188} INFO - [2025-08-26T04:42:42.207+0000] {dagbag.py:545} INFO - Filling up the DagBag from /home/airflow/.local/lib/python3.12/site-packages/airflow/example_dags/example_short_circuit_operator.py
[2025-08-26T04:42:42.247+0000] {processor.py:840} INFO - DAG(s) 'example_short_circuit_operator' retrieved from /home/airflow/.local/lib/python3.12/site-packages/airflow/example_dags/example_short_circuit_operator.py
[2025-08-26T04:42:42.432+0000] {logging_mixin.py:188} INFO - [2025-08-26T04:42:42.431+0000] {dag.py:3096} INFO - Sync 1 DAGs
[2025-08-26T04:42:42.660+0000] {logging_mixin.py:188} INFO - [2025-08-26T04:42:42.659+0000] {dag.py:3954} INFO - Setting next_dagrun for example_short_circuit_operator to 2025-08-25 00:00:00+00:00, run_after=2025-08-26 00:00:00+00:00
[2025-08-26T04:42:42.928+0000] {processor.py:183} INFO - Processing /home/airflow/.local/lib/python3.12/site-packages/airflow/example_dags/example_short_circuit_operator.py took 0.763 seconds
[2025-08-26T04:43:14.925+0000] {processor.py:161} INFO - Started process (PID=6239) to work on /home/airflow/.local/lib/python3.12/site-packages/airflow/example_dags/example_short_circuit_operator.py
[2025-08-26T04:43:14.935+0000] {processor.py:830} INFO - Processing file /home/airflow/.local/lib/python3.12/site-packages/airflow/example_dags/example_short_circuit_operator.py for tasks to queue
[2025-08-26T04:43:14.953+0000] {logging_mixin.py:188} INFO - [2025-08-26T04:43:14.952+0000] {dagbag.py:545} INFO - Filling up the DagBag from /home/airflow/.local/lib/python3.12/site-packages/airflow/example_dags/example_short_circuit_operator.py
[2025-08-26T04:43:15.016+0000] {processor.py:840} INFO - DAG(s) 'example_short_circuit_operator' retrieved from /home/airflow/.local/lib/python3.12/site-packages/airflow/example_dags/example_short_circuit_operator.py
[2025-08-26T04:43:15.231+0000] {logging_mixin.py:188} INFO - [2025-08-26T04:43:15.230+0000] {dag.py:3096} INFO - Sync 1 DAGs
[2025-08-26T04:43:15.528+0000] {logging_mixin.py:188} INFO - [2025-08-26T04:43:15.528+0000] {dag.py:3954} INFO - Setting next_dagrun for example_short_circuit_operator to 2025-08-25 00:00:00+00:00, run_after=2025-08-26 00:00:00+00:00
[2025-08-26T04:43:15.654+0000] {processor.py:183} INFO - Processing /home/airflow/.local/lib/python3.12/site-packages/airflow/example_dags/example_short_circuit_operator.py took 0.777 seconds
[2025-08-26T04:44:00.951+0000] {processor.py:161} INFO - Started process (PID=6540) to work on /home/airflow/.local/lib/python3.12/site-packages/airflow/example_dags/example_short_circuit_operator.py
[2025-08-26T04:44:00.958+0000] {processor.py:830} INFO - Processing file /home/airflow/.local/lib/python3.12/site-packages/airflow/example_dags/example_short_circuit_operator.py for tasks to queue
[2025-08-26T04:44:00.976+0000] {logging_mixin.py:188} INFO - [2025-08-26T04:44:00.975+0000] {dagbag.py:545} INFO - Filling up the DagBag from /home/airflow/.local/lib/python3.12/site-packages/airflow/example_dags/example_short_circuit_operator.py
[2025-08-26T04:44:01.054+0000] {processor.py:840} INFO - DAG(s) 'example_short_circuit_operator' retrieved from /home/airflow/.local/lib/python3.12/site-packages/airflow/example_dags/example_short_circuit_operator.py
[2025-08-26T04:44:01.252+0000] {logging_mixin.py:188} INFO - [2025-08-26T04:44:01.251+0000] {dag.py:3096} INFO - Sync 1 DAGs
[2025-08-26T04:44:01.416+0000] {logging_mixin.py:188} INFO - [2025-08-26T04:44:01.410+0000] {dag.py:3954} INFO - Setting next_dagrun for example_short_circuit_operator to 2025-08-25 00:00:00+00:00, run_after=2025-08-26 00:00:00+00:00
[2025-08-26T04:44:01.619+0000] {processor.py:183} INFO - Processing /home/airflow/.local/lib/python3.12/site-packages/airflow/example_dags/example_short_circuit_operator.py took 0.724 seconds
[2025-08-26T04:44:35.188+0000] {processor.py:161} INFO - Started process (PID=6807) to work on /home/airflow/.local/lib/python3.12/site-packages/airflow/example_dags/example_short_circuit_operator.py
[2025-08-26T04:44:35.193+0000] {processor.py:830} INFO - Processing file /home/airflow/.local/lib/python3.12/site-packages/airflow/example_dags/example_short_circuit_operator.py for tasks to queue
[2025-08-26T04:44:35.203+0000] {logging_mixin.py:188} INFO - [2025-08-26T04:44:35.198+0000] {dagbag.py:545} INFO - Filling up the DagBag from /home/airflow/.local/lib/python3.12/site-packages/airflow/example_dags/example_short_circuit_operator.py
[2025-08-26T04:44:35.269+0000] {processor.py:840} INFO - DAG(s) 'example_short_circuit_operator' retrieved from /home/airflow/.local/lib/python3.12/site-packages/airflow/example_dags/example_short_circuit_operator.py
[2025-08-26T04:44:35.441+0000] {logging_mixin.py:188} INFO - [2025-08-26T04:44:35.440+0000] {dag.py:3096} INFO - Sync 1 DAGs
[2025-08-26T04:44:35.580+0000] {logging_mixin.py:188} INFO - [2025-08-26T04:44:35.579+0000] {dag.py:3954} INFO - Setting next_dagrun for example_short_circuit_operator to 2025-08-25 00:00:00+00:00, run_after=2025-08-26 00:00:00+00:00
[2025-08-26T04:44:35.697+0000] {processor.py:183} INFO - Processing /home/airflow/.local/lib/python3.12/site-packages/airflow/example_dags/example_short_circuit_operator.py took 0.585 seconds
[2025-08-26T04:45:13.994+0000] {processor.py:161} INFO - Started process (PID=7089) to work on /home/airflow/.local/lib/python3.12/site-packages/airflow/example_dags/example_short_circuit_operator.py
[2025-08-26T04:45:14.007+0000] {processor.py:830} INFO - Processing file /home/airflow/.local/lib/python3.12/site-packages/airflow/example_dags/example_short_circuit_operator.py for tasks to queue
[2025-08-26T04:45:14.024+0000] {logging_mixin.py:188} INFO - [2025-08-26T04:45:14.023+0000] {dagbag.py:545} INFO - Filling up the DagBag from /home/airflow/.local/lib/python3.12/site-packages/airflow/example_dags/example_short_circuit_operator.py
[2025-08-26T04:45:14.079+0000] {processor.py:840} INFO - DAG(s) 'example_short_circuit_operator' retrieved from /home/airflow/.local/lib/python3.12/site-packages/airflow/example_dags/example_short_circuit_operator.py
[2025-08-26T04:45:14.260+0000] {logging_mixin.py:188} INFO - [2025-08-26T04:45:14.258+0000] {dag.py:3096} INFO - Sync 1 DAGs
[2025-08-26T04:45:14.606+0000] {logging_mixin.py:188} INFO - [2025-08-26T04:45:14.606+0000] {dag.py:3954} INFO - Setting next_dagrun for example_short_circuit_operator to 2025-08-25 00:00:00+00:00, run_after=2025-08-26 00:00:00+00:00
[2025-08-26T04:45:14.788+0000] {processor.py:183} INFO - Processing /home/airflow/.local/lib/python3.12/site-packages/airflow/example_dags/example_short_circuit_operator.py took 0.907 seconds
[2025-08-26T04:45:50.962+0000] {processor.py:161} INFO - Started process (PID=7350) to work on /home/airflow/.local/lib/python3.12/site-packages/airflow/example_dags/example_short_circuit_operator.py
[2025-08-26T04:45:50.973+0000] {processor.py:830} INFO - Processing file /home/airflow/.local/lib/python3.12/site-packages/airflow/example_dags/example_short_circuit_operator.py for tasks to queue
[2025-08-26T04:45:50.983+0000] {logging_mixin.py:188} INFO - [2025-08-26T04:45:50.980+0000] {dagbag.py:545} INFO - Filling up the DagBag from /home/airflow/.local/lib/python3.12/site-packages/airflow/example_dags/example_short_circuit_operator.py
[2025-08-26T04:45:51.075+0000] {processor.py:840} INFO - DAG(s) 'example_short_circuit_operator' retrieved from /home/airflow/.local/lib/python3.12/site-packages/airflow/example_dags/example_short_circuit_operator.py
[2025-08-26T04:45:51.253+0000] {logging_mixin.py:188} INFO - [2025-08-26T04:45:51.252+0000] {dag.py:3096} INFO - Sync 1 DAGs
[2025-08-26T04:45:51.491+0000] {logging_mixin.py:188} INFO - [2025-08-26T04:45:51.479+0000] {dag.py:3954} INFO - Setting next_dagrun for example_short_circuit_operator to 2025-08-25 00:00:00+00:00, run_after=2025-08-26 00:00:00+00:00
[2025-08-26T04:45:51.734+0000] {processor.py:183} INFO - Processing /home/airflow/.local/lib/python3.12/site-packages/airflow/example_dags/example_short_circuit_operator.py took 0.830 seconds
[2025-08-26T04:46:35.914+0000] {processor.py:161} INFO - Started process (PID=7637) to work on /home/airflow/.local/lib/python3.12/site-packages/airflow/example_dags/example_short_circuit_operator.py
[2025-08-26T04:46:35.927+0000] {processor.py:830} INFO - Processing file /home/airflow/.local/lib/python3.12/site-packages/airflow/example_dags/example_short_circuit_operator.py for tasks to queue
[2025-08-26T04:46:35.939+0000] {logging_mixin.py:188} INFO - [2025-08-26T04:46:35.933+0000] {dagbag.py:545} INFO - Filling up the DagBag from /home/airflow/.local/lib/python3.12/site-packages/airflow/example_dags/example_short_circuit_operator.py
[2025-08-26T04:46:36.051+0000] {processor.py:840} INFO - DAG(s) 'example_short_circuit_operator' retrieved from /home/airflow/.local/lib/python3.12/site-packages/airflow/example_dags/example_short_circuit_operator.py
[2025-08-26T04:46:36.232+0000] {logging_mixin.py:188} INFO - [2025-08-26T04:46:36.230+0000] {dag.py:3096} INFO - Sync 1 DAGs
[2025-08-26T04:46:36.464+0000] {logging_mixin.py:188} INFO - [2025-08-26T04:46:36.463+0000] {dag.py:3954} INFO - Setting next_dagrun for example_short_circuit_operator to 2025-08-25 00:00:00+00:00, run_after=2025-08-26 00:00:00+00:00
[2025-08-26T04:46:36.636+0000] {processor.py:183} INFO - Processing /home/airflow/.local/lib/python3.12/site-packages/airflow/example_dags/example_short_circuit_operator.py took 0.771 seconds
[2025-08-26T04:47:08.179+0000] {processor.py:161} INFO - Started process (PID=7904) to work on /home/airflow/.local/lib/python3.12/site-packages/airflow/example_dags/example_short_circuit_operator.py
[2025-08-26T04:47:08.207+0000] {processor.py:830} INFO - Processing file /home/airflow/.local/lib/python3.12/site-packages/airflow/example_dags/example_short_circuit_operator.py for tasks to queue
[2025-08-26T04:47:08.218+0000] {logging_mixin.py:188} INFO - [2025-08-26T04:47:08.216+0000] {dagbag.py:545} INFO - Filling up the DagBag from /home/airflow/.local/lib/python3.12/site-packages/airflow/example_dags/example_short_circuit_operator.py
[2025-08-26T04:47:08.294+0000] {processor.py:840} INFO - DAG(s) 'example_short_circuit_operator' retrieved from /home/airflow/.local/lib/python3.12/site-packages/airflow/example_dags/example_short_circuit_operator.py
[2025-08-26T04:47:08.568+0000] {logging_mixin.py:188} INFO - [2025-08-26T04:47:08.568+0000] {dag.py:3096} INFO - Sync 1 DAGs
[2025-08-26T04:47:09.066+0000] {logging_mixin.py:188} INFO - [2025-08-26T04:47:09.065+0000] {dag.py:3954} INFO - Setting next_dagrun for example_short_circuit_operator to 2025-08-25 00:00:00+00:00, run_after=2025-08-26 00:00:00+00:00
[2025-08-26T04:47:09.561+0000] {processor.py:183} INFO - Processing /home/airflow/.local/lib/python3.12/site-packages/airflow/example_dags/example_short_circuit_operator.py took 1.475 seconds
[2025-08-26T04:49:53.706+0000] {processor.py:161} INFO - Started process (PID=393) to work on /home/airflow/.local/lib/python3.12/site-packages/airflow/example_dags/example_short_circuit_operator.py
[2025-08-26T04:49:53.710+0000] {processor.py:830} INFO - Processing file /home/airflow/.local/lib/python3.12/site-packages/airflow/example_dags/example_short_circuit_operator.py for tasks to queue
[2025-08-26T04:49:53.720+0000] {logging_mixin.py:188} INFO - [2025-08-26T04:49:53.719+0000] {dagbag.py:545} INFO - Filling up the DagBag from /home/airflow/.local/lib/python3.12/site-packages/airflow/example_dags/example_short_circuit_operator.py
[2025-08-26T04:49:53.764+0000] {processor.py:840} INFO - DAG(s) 'example_short_circuit_operator' retrieved from /home/airflow/.local/lib/python3.12/site-packages/airflow/example_dags/example_short_circuit_operator.py
[2025-08-26T04:49:54.442+0000] {logging_mixin.py:188} INFO - [2025-08-26T04:49:54.441+0000] {dag.py:3096} INFO - Sync 1 DAGs
[2025-08-26T04:49:54.571+0000] {logging_mixin.py:188} INFO - [2025-08-26T04:49:54.570+0000] {dag.py:3954} INFO - Setting next_dagrun for example_short_circuit_operator to 2025-08-25 00:00:00+00:00, run_after=2025-08-26 00:00:00+00:00
[2025-08-26T04:49:54.705+0000] {processor.py:183} INFO - Processing /home/airflow/.local/lib/python3.12/site-packages/airflow/example_dags/example_short_circuit_operator.py took 1.061 seconds
[2025-08-26T04:50:25.658+0000] {processor.py:161} INFO - Started process (PID=650) to work on /home/airflow/.local/lib/python3.12/site-packages/airflow/example_dags/example_short_circuit_operator.py
[2025-08-26T04:50:25.667+0000] {processor.py:830} INFO - Processing file /home/airflow/.local/lib/python3.12/site-packages/airflow/example_dags/example_short_circuit_operator.py for tasks to queue
[2025-08-26T04:50:25.673+0000] {logging_mixin.py:188} INFO - [2025-08-26T04:50:25.672+0000] {dagbag.py:545} INFO - Filling up the DagBag from /home/airflow/.local/lib/python3.12/site-packages/airflow/example_dags/example_short_circuit_operator.py
[2025-08-26T04:50:25.726+0000] {processor.py:840} INFO - DAG(s) 'example_short_circuit_operator' retrieved from /home/airflow/.local/lib/python3.12/site-packages/airflow/example_dags/example_short_circuit_operator.py
[2025-08-26T04:50:25.946+0000] {logging_mixin.py:188} INFO - [2025-08-26T04:50:25.945+0000] {dag.py:3096} INFO - Sync 1 DAGs
[2025-08-26T04:50:26.108+0000] {logging_mixin.py:188} INFO - [2025-08-26T04:50:26.106+0000] {dag.py:3954} INFO - Setting next_dagrun for example_short_circuit_operator to 2025-08-25 00:00:00+00:00, run_after=2025-08-26 00:00:00+00:00
[2025-08-26T04:50:26.254+0000] {processor.py:183} INFO - Processing /home/airflow/.local/lib/python3.12/site-packages/airflow/example_dags/example_short_circuit_operator.py took 0.629 seconds
[2025-08-26T04:50:56.998+0000] {processor.py:161} INFO - Started process (PID=912) to work on /home/airflow/.local/lib/python3.12/site-packages/airflow/example_dags/example_short_circuit_operator.py
[2025-08-26T04:50:57.006+0000] {processor.py:830} INFO - Processing file /home/airflow/.local/lib/python3.12/site-packages/airflow/example_dags/example_short_circuit_operator.py for tasks to queue
[2025-08-26T04:50:57.013+0000] {logging_mixin.py:188} INFO - [2025-08-26T04:50:57.012+0000] {dagbag.py:545} INFO - Filling up the DagBag from /home/airflow/.local/lib/python3.12/site-packages/airflow/example_dags/example_short_circuit_operator.py
[2025-08-26T04:50:57.047+0000] {processor.py:840} INFO - DAG(s) 'example_short_circuit_operator' retrieved from /home/airflow/.local/lib/python3.12/site-packages/airflow/example_dags/example_short_circuit_operator.py
[2025-08-26T04:50:57.205+0000] {logging_mixin.py:188} INFO - [2025-08-26T04:50:57.205+0000] {dag.py:3096} INFO - Sync 1 DAGs
[2025-08-26T04:50:57.425+0000] {logging_mixin.py:188} INFO - [2025-08-26T04:50:57.425+0000] {dag.py:3954} INFO - Setting next_dagrun for example_short_circuit_operator to 2025-08-25 00:00:00+00:00, run_after=2025-08-26 00:00:00+00:00
[2025-08-26T04:50:57.594+0000] {processor.py:183} INFO - Processing /home/airflow/.local/lib/python3.12/site-packages/airflow/example_dags/example_short_circuit_operator.py took 0.632 seconds
[2025-08-26T04:51:28.690+0000] {processor.py:161} INFO - Started process (PID=1174) to work on /home/airflow/.local/lib/python3.12/site-packages/airflow/example_dags/example_short_circuit_operator.py
[2025-08-26T04:51:28.695+0000] {processor.py:830} INFO - Processing file /home/airflow/.local/lib/python3.12/site-packages/airflow/example_dags/example_short_circuit_operator.py for tasks to queue
[2025-08-26T04:51:28.702+0000] {logging_mixin.py:188} INFO - [2025-08-26T04:51:28.701+0000] {dagbag.py:545} INFO - Filling up the DagBag from /home/airflow/.local/lib/python3.12/site-packages/airflow/example_dags/example_short_circuit_operator.py
[2025-08-26T04:51:28.742+0000] {processor.py:840} INFO - DAG(s) 'example_short_circuit_operator' retrieved from /home/airflow/.local/lib/python3.12/site-packages/airflow/example_dags/example_short_circuit_operator.py
[2025-08-26T04:51:28.845+0000] {logging_mixin.py:188} INFO - [2025-08-26T04:51:28.844+0000] {dag.py:3096} INFO - Sync 1 DAGs
[2025-08-26T04:51:29.005+0000] {logging_mixin.py:188} INFO - [2025-08-26T04:51:29.005+0000] {dag.py:3954} INFO - Setting next_dagrun for example_short_circuit_operator to 2025-08-25 00:00:00+00:00, run_after=2025-08-26 00:00:00+00:00
[2025-08-26T04:51:29.108+0000] {processor.py:183} INFO - Processing /home/airflow/.local/lib/python3.12/site-packages/airflow/example_dags/example_short_circuit_operator.py took 0.455 seconds
[2025-08-26T04:52:00.897+0000] {processor.py:161} INFO - Started process (PID=1441) to work on /home/airflow/.local/lib/python3.12/site-packages/airflow/example_dags/example_short_circuit_operator.py
[2025-08-26T04:52:00.904+0000] {processor.py:830} INFO - Processing file /home/airflow/.local/lib/python3.12/site-packages/airflow/example_dags/example_short_circuit_operator.py for tasks to queue
[2025-08-26T04:52:00.913+0000] {logging_mixin.py:188} INFO - [2025-08-26T04:52:00.912+0000] {dagbag.py:545} INFO - Filling up the DagBag from /home/airflow/.local/lib/python3.12/site-packages/airflow/example_dags/example_short_circuit_operator.py
[2025-08-26T04:52:00.944+0000] {processor.py:840} INFO - DAG(s) 'example_short_circuit_operator' retrieved from /home/airflow/.local/lib/python3.12/site-packages/airflow/example_dags/example_short_circuit_operator.py
[2025-08-26T04:52:01.114+0000] {logging_mixin.py:188} INFO - [2025-08-26T04:52:01.113+0000] {dag.py:3096} INFO - Sync 1 DAGs
[2025-08-26T04:52:01.210+0000] {logging_mixin.py:188} INFO - [2025-08-26T04:52:01.209+0000] {dag.py:3954} INFO - Setting next_dagrun for example_short_circuit_operator to 2025-08-25 00:00:00+00:00, run_after=2025-08-26 00:00:00+00:00
[2025-08-26T04:52:01.281+0000] {processor.py:183} INFO - Processing /home/airflow/.local/lib/python3.12/site-packages/airflow/example_dags/example_short_circuit_operator.py took 0.418 seconds
[2025-08-26T04:52:51.665+0000] {processor.py:161} INFO - Started process (PID=1727) to work on /home/airflow/.local/lib/python3.12/site-packages/airflow/example_dags/example_short_circuit_operator.py
[2025-08-26T04:52:51.668+0000] {processor.py:830} INFO - Processing file /home/airflow/.local/lib/python3.12/site-packages/airflow/example_dags/example_short_circuit_operator.py for tasks to queue
[2025-08-26T04:52:51.676+0000] {logging_mixin.py:188} INFO - [2025-08-26T04:52:51.673+0000] {dagbag.py:545} INFO - Filling up the DagBag from /home/airflow/.local/lib/python3.12/site-packages/airflow/example_dags/example_short_circuit_operator.py
[2025-08-26T04:52:51.717+0000] {processor.py:840} INFO - DAG(s) 'example_short_circuit_operator' retrieved from /home/airflow/.local/lib/python3.12/site-packages/airflow/example_dags/example_short_circuit_operator.py
[2025-08-26T04:52:51.865+0000] {logging_mixin.py:188} INFO - [2025-08-26T04:52:51.864+0000] {dag.py:3096} INFO - Sync 1 DAGs
[2025-08-26T04:52:52.051+0000] {logging_mixin.py:188} INFO - [2025-08-26T04:52:52.050+0000] {dag.py:3954} INFO - Setting next_dagrun for example_short_circuit_operator to 2025-08-25 00:00:00+00:00, run_after=2025-08-26 00:00:00+00:00
[2025-08-26T04:52:52.133+0000] {processor.py:183} INFO - Processing /home/airflow/.local/lib/python3.12/site-packages/airflow/example_dags/example_short_circuit_operator.py took 0.518 seconds
[2025-08-26T04:53:23.274+0000] {processor.py:161} INFO - Started process (PID=1989) to work on /home/airflow/.local/lib/python3.12/site-packages/airflow/example_dags/example_short_circuit_operator.py
[2025-08-26T04:53:23.278+0000] {processor.py:830} INFO - Processing file /home/airflow/.local/lib/python3.12/site-packages/airflow/example_dags/example_short_circuit_operator.py for tasks to queue
[2025-08-26T04:53:23.294+0000] {logging_mixin.py:188} INFO - [2025-08-26T04:53:23.293+0000] {dagbag.py:545} INFO - Filling up the DagBag from /home/airflow/.local/lib/python3.12/site-packages/airflow/example_dags/example_short_circuit_operator.py
[2025-08-26T04:53:23.365+0000] {processor.py:840} INFO - DAG(s) 'example_short_circuit_operator' retrieved from /home/airflow/.local/lib/python3.12/site-packages/airflow/example_dags/example_short_circuit_operator.py
[2025-08-26T04:53:23.575+0000] {logging_mixin.py:188} INFO - [2025-08-26T04:53:23.572+0000] {dag.py:3096} INFO - Sync 1 DAGs
[2025-08-26T04:53:23.747+0000] {logging_mixin.py:188} INFO - [2025-08-26T04:53:23.746+0000] {dag.py:3954} INFO - Setting next_dagrun for example_short_circuit_operator to 2025-08-25 00:00:00+00:00, run_after=2025-08-26 00:00:00+00:00
[2025-08-26T04:53:23.922+0000] {processor.py:183} INFO - Processing /home/airflow/.local/lib/python3.12/site-packages/airflow/example_dags/example_short_circuit_operator.py took 0.707 seconds
[2025-08-26T04:53:54.776+0000] {processor.py:161} INFO - Started process (PID=2251) to work on /home/airflow/.local/lib/python3.12/site-packages/airflow/example_dags/example_short_circuit_operator.py
[2025-08-26T04:53:54.793+0000] {processor.py:830} INFO - Processing file /home/airflow/.local/lib/python3.12/site-packages/airflow/example_dags/example_short_circuit_operator.py for tasks to queue
[2025-08-26T04:53:54.801+0000] {logging_mixin.py:188} INFO - [2025-08-26T04:53:54.800+0000] {dagbag.py:545} INFO - Filling up the DagBag from /home/airflow/.local/lib/python3.12/site-packages/airflow/example_dags/example_short_circuit_operator.py
[2025-08-26T04:53:54.886+0000] {processor.py:840} INFO - DAG(s) 'example_short_circuit_operator' retrieved from /home/airflow/.local/lib/python3.12/site-packages/airflow/example_dags/example_short_circuit_operator.py
[2025-08-26T04:53:55.080+0000] {logging_mixin.py:188} INFO - [2025-08-26T04:53:55.079+0000] {dag.py:3096} INFO - Sync 1 DAGs
[2025-08-26T04:53:55.298+0000] {logging_mixin.py:188} INFO - [2025-08-26T04:53:55.297+0000] {dag.py:3954} INFO - Setting next_dagrun for example_short_circuit_operator to 2025-08-25 00:00:00+00:00, run_after=2025-08-26 00:00:00+00:00
[2025-08-26T04:53:55.729+0000] {processor.py:183} INFO - Processing /home/airflow/.local/lib/python3.12/site-packages/airflow/example_dags/example_short_circuit_operator.py took 1.001 seconds
[2025-08-26T04:54:27.699+0000] {processor.py:161} INFO - Started process (PID=2513) to work on /home/airflow/.local/lib/python3.12/site-packages/airflow/example_dags/example_short_circuit_operator.py
[2025-08-26T04:54:27.703+0000] {processor.py:830} INFO - Processing file /home/airflow/.local/lib/python3.12/site-packages/airflow/example_dags/example_short_circuit_operator.py for tasks to queue
[2025-08-26T04:54:27.727+0000] {logging_mixin.py:188} INFO - [2025-08-26T04:54:27.726+0000] {dagbag.py:545} INFO - Filling up the DagBag from /home/airflow/.local/lib/python3.12/site-packages/airflow/example_dags/example_short_circuit_operator.py
[2025-08-26T04:54:27.828+0000] {processor.py:840} INFO - DAG(s) 'example_short_circuit_operator' retrieved from /home/airflow/.local/lib/python3.12/site-packages/airflow/example_dags/example_short_circuit_operator.py
[2025-08-26T04:54:28.161+0000] {logging_mixin.py:188} INFO - [2025-08-26T04:54:28.160+0000] {dag.py:3096} INFO - Sync 1 DAGs
[2025-08-26T04:54:28.370+0000] {logging_mixin.py:188} INFO - [2025-08-26T04:54:28.369+0000] {dag.py:3954} INFO - Setting next_dagrun for example_short_circuit_operator to 2025-08-25 00:00:00+00:00, run_after=2025-08-26 00:00:00+00:00
[2025-08-26T04:54:28.582+0000] {processor.py:183} INFO - Processing /home/airflow/.local/lib/python3.12/site-packages/airflow/example_dags/example_short_circuit_operator.py took 0.986 seconds
[2025-08-26T04:54:59.144+0000] {processor.py:161} INFO - Started process (PID=2775) to work on /home/airflow/.local/lib/python3.12/site-packages/airflow/example_dags/example_short_circuit_operator.py
[2025-08-26T04:54:59.149+0000] {processor.py:830} INFO - Processing file /home/airflow/.local/lib/python3.12/site-packages/airflow/example_dags/example_short_circuit_operator.py for tasks to queue
[2025-08-26T04:54:59.158+0000] {logging_mixin.py:188} INFO - [2025-08-26T04:54:59.157+0000] {dagbag.py:545} INFO - Filling up the DagBag from /home/airflow/.local/lib/python3.12/site-packages/airflow/example_dags/example_short_circuit_operator.py
[2025-08-26T04:54:59.224+0000] {processor.py:840} INFO - DAG(s) 'example_short_circuit_operator' retrieved from /home/airflow/.local/lib/python3.12/site-packages/airflow/example_dags/example_short_circuit_operator.py
[2025-08-26T04:54:59.361+0000] {logging_mixin.py:188} INFO - [2025-08-26T04:54:59.360+0000] {dag.py:3096} INFO - Sync 1 DAGs
[2025-08-26T04:54:59.495+0000] {logging_mixin.py:188} INFO - [2025-08-26T04:54:59.494+0000] {dag.py:3954} INFO - Setting next_dagrun for example_short_circuit_operator to 2025-08-25 00:00:00+00:00, run_after=2025-08-26 00:00:00+00:00
[2025-08-26T04:54:59.606+0000] {processor.py:183} INFO - Processing /home/airflow/.local/lib/python3.12/site-packages/airflow/example_dags/example_short_circuit_operator.py took 0.492 seconds
[2025-08-26T04:55:47.127+0000] {processor.py:161} INFO - Started process (PID=3063) to work on /home/airflow/.local/lib/python3.12/site-packages/airflow/example_dags/example_short_circuit_operator.py
[2025-08-26T04:55:47.153+0000] {processor.py:830} INFO - Processing file /home/airflow/.local/lib/python3.12/site-packages/airflow/example_dags/example_short_circuit_operator.py for tasks to queue
[2025-08-26T04:55:47.219+0000] {logging_mixin.py:188} INFO - [2025-08-26T04:55:47.214+0000] {dagbag.py:545} INFO - Filling up the DagBag from /home/airflow/.local/lib/python3.12/site-packages/airflow/example_dags/example_short_circuit_operator.py
[2025-08-26T04:55:47.426+0000] {processor.py:840} INFO - DAG(s) 'example_short_circuit_operator' retrieved from /home/airflow/.local/lib/python3.12/site-packages/airflow/example_dags/example_short_circuit_operator.py
[2025-08-26T04:55:47.879+0000] {logging_mixin.py:188} INFO - [2025-08-26T04:55:47.878+0000] {dag.py:3096} INFO - Sync 1 DAGs
[2025-08-26T04:55:48.090+0000] {logging_mixin.py:188} INFO - [2025-08-26T04:55:48.087+0000] {dag.py:3954} INFO - Setting next_dagrun for example_short_circuit_operator to 2025-08-25 00:00:00+00:00, run_after=2025-08-26 00:00:00+00:00
[2025-08-26T04:55:48.222+0000] {processor.py:183} INFO - Processing /home/airflow/.local/lib/python3.12/site-packages/airflow/example_dags/example_short_circuit_operator.py took 1.180 seconds
[2025-08-26T04:56:19.255+0000] {processor.py:161} INFO - Started process (PID=3325) to work on /home/airflow/.local/lib/python3.12/site-packages/airflow/example_dags/example_short_circuit_operator.py
[2025-08-26T04:56:19.259+0000] {processor.py:830} INFO - Processing file /home/airflow/.local/lib/python3.12/site-packages/airflow/example_dags/example_short_circuit_operator.py for tasks to queue
[2025-08-26T04:56:19.266+0000] {logging_mixin.py:188} INFO - [2025-08-26T04:56:19.265+0000] {dagbag.py:545} INFO - Filling up the DagBag from /home/airflow/.local/lib/python3.12/site-packages/airflow/example_dags/example_short_circuit_operator.py
[2025-08-26T04:56:19.317+0000] {processor.py:840} INFO - DAG(s) 'example_short_circuit_operator' retrieved from /home/airflow/.local/lib/python3.12/site-packages/airflow/example_dags/example_short_circuit_operator.py
[2025-08-26T04:56:19.540+0000] {logging_mixin.py:188} INFO - [2025-08-26T04:56:19.538+0000] {dag.py:3096} INFO - Sync 1 DAGs
[2025-08-26T04:56:19.768+0000] {logging_mixin.py:188} INFO - [2025-08-26T04:56:19.766+0000] {dag.py:3954} INFO - Setting next_dagrun for example_short_circuit_operator to 2025-08-25 00:00:00+00:00, run_after=2025-08-26 00:00:00+00:00
[2025-08-26T04:56:19.963+0000] {processor.py:183} INFO - Processing /home/airflow/.local/lib/python3.12/site-packages/airflow/example_dags/example_short_circuit_operator.py took 0.757 seconds
[2025-08-26T04:56:59.872+0000] {processor.py:161} INFO - Started process (PID=3588) to work on /home/airflow/.local/lib/python3.12/site-packages/airflow/example_dags/example_short_circuit_operator.py
[2025-08-26T04:56:59.916+0000] {processor.py:830} INFO - Processing file /home/airflow/.local/lib/python3.12/site-packages/airflow/example_dags/example_short_circuit_operator.py for tasks to queue
[2025-08-26T04:56:59.933+0000] {logging_mixin.py:188} INFO - [2025-08-26T04:56:59.932+0000] {dagbag.py:545} INFO - Filling up the DagBag from /home/airflow/.local/lib/python3.12/site-packages/airflow/example_dags/example_short_circuit_operator.py
[2025-08-26T04:57:00.065+0000] {processor.py:840} INFO - DAG(s) 'example_short_circuit_operator' retrieved from /home/airflow/.local/lib/python3.12/site-packages/airflow/example_dags/example_short_circuit_operator.py
[2025-08-26T04:57:00.542+0000] {logging_mixin.py:188} INFO - [2025-08-26T04:57:00.528+0000] {dag.py:3096} INFO - Sync 1 DAGs
[2025-08-26T04:57:00.883+0000] {logging_mixin.py:188} INFO - [2025-08-26T04:57:00.883+0000] {dag.py:3954} INFO - Setting next_dagrun for example_short_circuit_operator to 2025-08-25 00:00:00+00:00, run_after=2025-08-26 00:00:00+00:00
[2025-08-26T04:57:01.172+0000] {processor.py:183} INFO - Processing /home/airflow/.local/lib/python3.12/site-packages/airflow/example_dags/example_short_circuit_operator.py took 1.448 seconds
[2025-08-26T04:57:36.959+0000] {processor.py:161} INFO - Started process (PID=3851) to work on /home/airflow/.local/lib/python3.12/site-packages/airflow/example_dags/example_short_circuit_operator.py
[2025-08-26T04:57:36.975+0000] {processor.py:830} INFO - Processing file /home/airflow/.local/lib/python3.12/site-packages/airflow/example_dags/example_short_circuit_operator.py for tasks to queue
[2025-08-26T04:57:36.990+0000] {logging_mixin.py:188} INFO - [2025-08-26T04:57:36.988+0000] {dagbag.py:545} INFO - Filling up the DagBag from /home/airflow/.local/lib/python3.12/site-packages/airflow/example_dags/example_short_circuit_operator.py
[2025-08-26T04:57:37.070+0000] {processor.py:840} INFO - DAG(s) 'example_short_circuit_operator' retrieved from /home/airflow/.local/lib/python3.12/site-packages/airflow/example_dags/example_short_circuit_operator.py
[2025-08-26T04:57:37.397+0000] {logging_mixin.py:188} INFO - [2025-08-26T04:57:37.386+0000] {dag.py:3096} INFO - Sync 1 DAGs
[2025-08-26T04:57:37.702+0000] {logging_mixin.py:188} INFO - [2025-08-26T04:57:37.701+0000] {dag.py:3954} INFO - Setting next_dagrun for example_short_circuit_operator to 2025-08-25 00:00:00+00:00, run_after=2025-08-26 00:00:00+00:00
[2025-08-26T04:57:38.056+0000] {processor.py:183} INFO - Processing /home/airflow/.local/lib/python3.12/site-packages/airflow/example_dags/example_short_circuit_operator.py took 1.161 seconds
[2025-08-26T05:41:31.934+0000] {processor.py:161} INFO - Started process (PID=4219) to work on /home/airflow/.local/lib/python3.12/site-packages/airflow/example_dags/example_short_circuit_operator.py
[2025-08-26T05:41:31.978+0000] {processor.py:830} INFO - Processing file /home/airflow/.local/lib/python3.12/site-packages/airflow/example_dags/example_short_circuit_operator.py for tasks to queue
[2025-08-26T05:41:32.026+0000] {logging_mixin.py:188} INFO - [2025-08-26T05:41:32.012+0000] {dagbag.py:545} INFO - Filling up the DagBag from /home/airflow/.local/lib/python3.12/site-packages/airflow/example_dags/example_short_circuit_operator.py
[2025-08-26T05:41:32.237+0000] {processor.py:840} INFO - DAG(s) 'example_short_circuit_operator' retrieved from /home/airflow/.local/lib/python3.12/site-packages/airflow/example_dags/example_short_circuit_operator.py
[2025-08-26T05:41:32.605+0000] {logging_mixin.py:188} INFO - [2025-08-26T05:41:32.604+0000] {dag.py:3096} INFO - Sync 1 DAGs
[2025-08-26T05:41:33.378+0000] {logging_mixin.py:188} INFO - [2025-08-26T05:41:33.367+0000] {dag.py:3954} INFO - Setting next_dagrun for example_short_circuit_operator to 2025-08-25 00:00:00+00:00, run_after=2025-08-26 00:00:00+00:00
[2025-08-26T05:41:33.693+0000] {processor.py:183} INFO - Processing /home/airflow/.local/lib/python3.12/site-packages/airflow/example_dags/example_short_circuit_operator.py took 1.907 seconds
[2025-08-26T05:43:12.445+0000] {processor.py:161} INFO - Started process (PID=4573) to work on /home/airflow/.local/lib/python3.12/site-packages/airflow/example_dags/example_short_circuit_operator.py
[2025-08-26T05:43:12.746+0000] {processor.py:830} INFO - Processing file /home/airflow/.local/lib/python3.12/site-packages/airflow/example_dags/example_short_circuit_operator.py for tasks to queue
[2025-08-26T05:43:12.908+0000] {logging_mixin.py:188} INFO - [2025-08-26T05:43:12.907+0000] {dagbag.py:545} INFO - Filling up the DagBag from /home/airflow/.local/lib/python3.12/site-packages/airflow/example_dags/example_short_circuit_operator.py
[2025-08-26T05:43:13.213+0000] {processor.py:840} INFO - DAG(s) 'example_short_circuit_operator' retrieved from /home/airflow/.local/lib/python3.12/site-packages/airflow/example_dags/example_short_circuit_operator.py
[2025-08-26T05:43:13.797+0000] {logging_mixin.py:188} INFO - [2025-08-26T05:43:13.797+0000] {dag.py:3096} INFO - Sync 1 DAGs
[2025-08-26T05:43:14.333+0000] {logging_mixin.py:188} INFO - [2025-08-26T05:43:14.332+0000] {dag.py:3954} INFO - Setting next_dagrun for example_short_circuit_operator to 2025-08-25 00:00:00+00:00, run_after=2025-08-26 00:00:00+00:00
[2025-08-26T05:43:14.895+0000] {processor.py:183} INFO - Processing /home/airflow/.local/lib/python3.12/site-packages/airflow/example_dags/example_short_circuit_operator.py took 2.636 seconds
[2025-08-26T05:44:02.567+0000] {processor.py:161} INFO - Started process (PID=4834) to work on /home/airflow/.local/lib/python3.12/site-packages/airflow/example_dags/example_short_circuit_operator.py
[2025-08-26T05:44:02.586+0000] {processor.py:830} INFO - Processing file /home/airflow/.local/lib/python3.12/site-packages/airflow/example_dags/example_short_circuit_operator.py for tasks to queue
[2025-08-26T05:44:02.598+0000] {logging_mixin.py:188} INFO - [2025-08-26T05:44:02.594+0000] {dagbag.py:545} INFO - Filling up the DagBag from /home/airflow/.local/lib/python3.12/site-packages/airflow/example_dags/example_short_circuit_operator.py
[2025-08-26T05:44:02.737+0000] {processor.py:840} INFO - DAG(s) 'example_short_circuit_operator' retrieved from /home/airflow/.local/lib/python3.12/site-packages/airflow/example_dags/example_short_circuit_operator.py
[2025-08-26T05:44:02.942+0000] {logging_mixin.py:188} INFO - [2025-08-26T05:44:02.941+0000] {dag.py:3096} INFO - Sync 1 DAGs
[2025-08-26T05:44:03.227+0000] {logging_mixin.py:188} INFO - [2025-08-26T05:44:03.226+0000] {dag.py:3954} INFO - Setting next_dagrun for example_short_circuit_operator to 2025-08-25 00:00:00+00:00, run_after=2025-08-26 00:00:00+00:00
[2025-08-26T05:44:03.481+0000] {processor.py:183} INFO - Processing /home/airflow/.local/lib/python3.12/site-packages/airflow/example_dags/example_short_circuit_operator.py took 0.988 seconds
[2025-08-26T05:44:35.781+0000] {processor.py:161} INFO - Started process (PID=5103) to work on /home/airflow/.local/lib/python3.12/site-packages/airflow/example_dags/example_short_circuit_operator.py
[2025-08-26T05:44:35.851+0000] {processor.py:830} INFO - Processing file /home/airflow/.local/lib/python3.12/site-packages/airflow/example_dags/example_short_circuit_operator.py for tasks to queue
[2025-08-26T05:44:35.909+0000] {logging_mixin.py:188} INFO - [2025-08-26T05:44:35.908+0000] {dagbag.py:545} INFO - Filling up the DagBag from /home/airflow/.local/lib/python3.12/site-packages/airflow/example_dags/example_short_circuit_operator.py
[2025-08-26T05:44:36.071+0000] {processor.py:840} INFO - DAG(s) 'example_short_circuit_operator' retrieved from /home/airflow/.local/lib/python3.12/site-packages/airflow/example_dags/example_short_circuit_operator.py
[2025-08-26T05:44:36.613+0000] {logging_mixin.py:188} INFO - [2025-08-26T05:44:36.613+0000] {dag.py:3096} INFO - Sync 1 DAGs
[2025-08-26T05:44:36.938+0000] {logging_mixin.py:188} INFO - [2025-08-26T05:44:36.937+0000] {dag.py:3954} INFO - Setting next_dagrun for example_short_circuit_operator to 2025-08-25 00:00:00+00:00, run_after=2025-08-26 00:00:00+00:00
[2025-08-26T05:44:37.438+0000] {processor.py:183} INFO - Processing /home/airflow/.local/lib/python3.12/site-packages/airflow/example_dags/example_short_circuit_operator.py took 1.794 seconds
[2025-08-26T05:45:08.561+0000] {processor.py:161} INFO - Started process (PID=5364) to work on /home/airflow/.local/lib/python3.12/site-packages/airflow/example_dags/example_short_circuit_operator.py
[2025-08-26T05:45:08.565+0000] {processor.py:830} INFO - Processing file /home/airflow/.local/lib/python3.12/site-packages/airflow/example_dags/example_short_circuit_operator.py for tasks to queue
[2025-08-26T05:45:08.568+0000] {logging_mixin.py:188} INFO - [2025-08-26T05:45:08.567+0000] {dagbag.py:545} INFO - Filling up the DagBag from /home/airflow/.local/lib/python3.12/site-packages/airflow/example_dags/example_short_circuit_operator.py
[2025-08-26T05:45:08.642+0000] {processor.py:840} INFO - DAG(s) 'example_short_circuit_operator' retrieved from /home/airflow/.local/lib/python3.12/site-packages/airflow/example_dags/example_short_circuit_operator.py
[2025-08-26T05:45:08.993+0000] {logging_mixin.py:188} INFO - [2025-08-26T05:45:08.992+0000] {dag.py:3096} INFO - Sync 1 DAGs
[2025-08-26T05:45:09.329+0000] {logging_mixin.py:188} INFO - [2025-08-26T05:45:09.328+0000] {dag.py:3954} INFO - Setting next_dagrun for example_short_circuit_operator to 2025-08-25 00:00:00+00:00, run_after=2025-08-26 00:00:00+00:00
[2025-08-26T05:45:09.451+0000] {processor.py:183} INFO - Processing /home/airflow/.local/lib/python3.12/site-packages/airflow/example_dags/example_short_circuit_operator.py took 0.936 seconds
[2025-08-26T05:45:42.026+0000] {processor.py:161} INFO - Started process (PID=5626) to work on /home/airflow/.local/lib/python3.12/site-packages/airflow/example_dags/example_short_circuit_operator.py
[2025-08-26T05:45:42.055+0000] {processor.py:830} INFO - Processing file /home/airflow/.local/lib/python3.12/site-packages/airflow/example_dags/example_short_circuit_operator.py for tasks to queue
[2025-08-26T05:45:42.058+0000] {logging_mixin.py:188} INFO - [2025-08-26T05:45:42.056+0000] {dagbag.py:545} INFO - Filling up the DagBag from /home/airflow/.local/lib/python3.12/site-packages/airflow/example_dags/example_short_circuit_operator.py
[2025-08-26T05:45:42.110+0000] {processor.py:840} INFO - DAG(s) 'example_short_circuit_operator' retrieved from /home/airflow/.local/lib/python3.12/site-packages/airflow/example_dags/example_short_circuit_operator.py
[2025-08-26T05:45:42.242+0000] {logging_mixin.py:188} INFO - [2025-08-26T05:45:42.239+0000] {dag.py:3096} INFO - Sync 1 DAGs
[2025-08-26T05:45:42.406+0000] {logging_mixin.py:188} INFO - [2025-08-26T05:45:42.406+0000] {dag.py:3954} INFO - Setting next_dagrun for example_short_circuit_operator to 2025-08-25 00:00:00+00:00, run_after=2025-08-26 00:00:00+00:00
[2025-08-26T05:45:42.529+0000] {processor.py:183} INFO - Processing /home/airflow/.local/lib/python3.12/site-packages/airflow/example_dags/example_short_circuit_operator.py took 0.555 seconds
[2025-08-26T05:46:13.867+0000] {processor.py:161} INFO - Started process (PID=5886) to work on /home/airflow/.local/lib/python3.12/site-packages/airflow/example_dags/example_short_circuit_operator.py
[2025-08-26T05:46:13.870+0000] {processor.py:830} INFO - Processing file /home/airflow/.local/lib/python3.12/site-packages/airflow/example_dags/example_short_circuit_operator.py for tasks to queue
[2025-08-26T05:46:13.875+0000] {logging_mixin.py:188} INFO - [2025-08-26T05:46:13.874+0000] {dagbag.py:545} INFO - Filling up the DagBag from /home/airflow/.local/lib/python3.12/site-packages/airflow/example_dags/example_short_circuit_operator.py
[2025-08-26T05:46:13.909+0000] {processor.py:840} INFO - DAG(s) 'example_short_circuit_operator' retrieved from /home/airflow/.local/lib/python3.12/site-packages/airflow/example_dags/example_short_circuit_operator.py
[2025-08-26T05:46:14.063+0000] {logging_mixin.py:188} INFO - [2025-08-26T05:46:14.062+0000] {dag.py:3096} INFO - Sync 1 DAGs
[2025-08-26T05:46:14.249+0000] {logging_mixin.py:188} INFO - [2025-08-26T05:46:14.249+0000] {dag.py:3954} INFO - Setting next_dagrun for example_short_circuit_operator to 2025-08-25 00:00:00+00:00, run_after=2025-08-26 00:00:00+00:00
[2025-08-26T05:46:14.411+0000] {processor.py:183} INFO - Processing /home/airflow/.local/lib/python3.12/site-packages/airflow/example_dags/example_short_circuit_operator.py took 0.599 seconds
[2025-08-26T05:46:47.216+0000] {processor.py:161} INFO - Started process (PID=6151) to work on /home/airflow/.local/lib/python3.12/site-packages/airflow/example_dags/example_short_circuit_operator.py
[2025-08-26T05:46:47.221+0000] {processor.py:830} INFO - Processing file /home/airflow/.local/lib/python3.12/site-packages/airflow/example_dags/example_short_circuit_operator.py for tasks to queue
[2025-08-26T05:46:47.235+0000] {logging_mixin.py:188} INFO - [2025-08-26T05:46:47.233+0000] {dagbag.py:545} INFO - Filling up the DagBag from /home/airflow/.local/lib/python3.12/site-packages/airflow/example_dags/example_short_circuit_operator.py
[2025-08-26T05:46:47.313+0000] {processor.py:840} INFO - DAG(s) 'example_short_circuit_operator' retrieved from /home/airflow/.local/lib/python3.12/site-packages/airflow/example_dags/example_short_circuit_operator.py
[2025-08-26T05:46:47.458+0000] {logging_mixin.py:188} INFO - [2025-08-26T05:46:47.458+0000] {dag.py:3096} INFO - Sync 1 DAGs
[2025-08-26T05:46:47.599+0000] {logging_mixin.py:188} INFO - [2025-08-26T05:46:47.597+0000] {dag.py:3954} INFO - Setting next_dagrun for example_short_circuit_operator to 2025-08-25 00:00:00+00:00, run_after=2025-08-26 00:00:00+00:00
[2025-08-26T05:46:47.741+0000] {processor.py:183} INFO - Processing /home/airflow/.local/lib/python3.12/site-packages/airflow/example_dags/example_short_circuit_operator.py took 0.575 seconds
[2025-08-26T05:47:27.572+0000] {processor.py:161} INFO - Started process (PID=6398) to work on /home/airflow/.local/lib/python3.12/site-packages/airflow/example_dags/example_short_circuit_operator.py
[2025-08-26T05:47:27.613+0000] {processor.py:830} INFO - Processing file /home/airflow/.local/lib/python3.12/site-packages/airflow/example_dags/example_short_circuit_operator.py for tasks to queue
[2025-08-26T05:47:27.617+0000] {logging_mixin.py:188} INFO - [2025-08-26T05:47:27.616+0000] {dagbag.py:545} INFO - Filling up the DagBag from /home/airflow/.local/lib/python3.12/site-packages/airflow/example_dags/example_short_circuit_operator.py
[2025-08-26T05:47:27.711+0000] {processor.py:840} INFO - DAG(s) 'example_short_circuit_operator' retrieved from /home/airflow/.local/lib/python3.12/site-packages/airflow/example_dags/example_short_circuit_operator.py
[2025-08-26T05:47:27.934+0000] {logging_mixin.py:188} INFO - [2025-08-26T05:47:27.934+0000] {dag.py:3096} INFO - Sync 1 DAGs
[2025-08-26T05:47:28.164+0000] {logging_mixin.py:188} INFO - [2025-08-26T05:47:28.164+0000] {dag.py:3954} INFO - Setting next_dagrun for example_short_circuit_operator to 2025-08-25 00:00:00+00:00, run_after=2025-08-26 00:00:00+00:00
[2025-08-26T05:47:28.364+0000] {processor.py:183} INFO - Processing /home/airflow/.local/lib/python3.12/site-packages/airflow/example_dags/example_short_circuit_operator.py took 0.899 seconds
[2025-08-26T05:48:01.606+0000] {processor.py:161} INFO - Started process (PID=6660) to work on /home/airflow/.local/lib/python3.12/site-packages/airflow/example_dags/example_short_circuit_operator.py
[2025-08-26T05:48:01.617+0000] {processor.py:830} INFO - Processing file /home/airflow/.local/lib/python3.12/site-packages/airflow/example_dags/example_short_circuit_operator.py for tasks to queue
[2025-08-26T05:48:01.622+0000] {logging_mixin.py:188} INFO - [2025-08-26T05:48:01.621+0000] {dagbag.py:545} INFO - Filling up the DagBag from /home/airflow/.local/lib/python3.12/site-packages/airflow/example_dags/example_short_circuit_operator.py
[2025-08-26T05:48:01.680+0000] {processor.py:840} INFO - DAG(s) 'example_short_circuit_operator' retrieved from /home/airflow/.local/lib/python3.12/site-packages/airflow/example_dags/example_short_circuit_operator.py
[2025-08-26T05:48:01.957+0000] {logging_mixin.py:188} INFO - [2025-08-26T05:48:01.956+0000] {dag.py:3096} INFO - Sync 1 DAGs
[2025-08-26T05:48:02.250+0000] {logging_mixin.py:188} INFO - [2025-08-26T05:48:02.249+0000] {dag.py:3954} INFO - Setting next_dagrun for example_short_circuit_operator to 2025-08-25 00:00:00+00:00, run_after=2025-08-26 00:00:00+00:00
[2025-08-26T05:48:02.482+0000] {processor.py:183} INFO - Processing /home/airflow/.local/lib/python3.12/site-packages/airflow/example_dags/example_short_circuit_operator.py took 0.973 seconds
