[2025-08-26T04:29:16.997+0000] {processor.py:161} INFO - Started process (PID=247) to work on /home/airflow/.local/lib/python3.12/site-packages/airflow/example_dags/example_latest_only.py
[2025-08-26T04:29:17.012+0000] {processor.py:830} INFO - Processing file /home/airflow/.local/lib/python3.12/site-packages/airflow/example_dags/example_latest_only.py for tasks to queue
[2025-08-26T04:29:17.035+0000] {logging_mixin.py:188} INFO - [2025-08-26T04:29:17.033+0000] {dagbag.py:545} INFO - Filling up the DagBag from /home/airflow/.local/lib/python3.12/site-packages/airflow/example_dags/example_latest_only.py
[2025-08-26T04:29:17.126+0000] {processor.py:840} INFO - DAG(s) 'latest_only' retrieved from /home/airflow/.local/lib/python3.12/site-packages/airflow/example_dags/example_latest_only.py
[2025-08-26T04:29:18.919+0000] {logging_mixin.py:188} INFO - [2025-08-26T04:29:18.916+0000] {override.py:1829} INFO - Created Permission View: can delete on DAG:latest_only
[2025-08-26T04:29:19.087+0000] {logging_mixin.py:188} INFO - [2025-08-26T04:29:19.086+0000] {override.py:1829} INFO - Created Permission View: can read on DAG:latest_only
[2025-08-26T04:29:19.278+0000] {logging_mixin.py:188} INFO - [2025-08-26T04:29:19.276+0000] {override.py:1829} INFO - Created Permission View: can edit on DAG:latest_only
[2025-08-26T04:29:19.310+0000] {logging_mixin.py:188} INFO - [2025-08-26T04:29:19.309+0000] {dag.py:3096} INFO - Sync 1 DAGs
[2025-08-26T04:29:19.553+0000] {logging_mixin.py:188} INFO - [2025-08-26T04:29:19.533+0000] {dag.py:3118} INFO - Creating ORM DAG for latest_only
[2025-08-26T04:29:19.811+0000] {logging_mixin.py:188} INFO - [2025-08-26T04:29:19.810+0000] {dag.py:3954} INFO - Setting next_dagrun for latest_only to 2025-08-26 00:00:00+00:00, run_after=2025-08-26 04:00:00+00:00
[2025-08-26T04:29:20.357+0000] {processor.py:183} INFO - Processing /home/airflow/.local/lib/python3.12/site-packages/airflow/example_dags/example_latest_only.py took 3.440 seconds
[2025-08-26T04:30:51.541+0000] {processor.py:161} INFO - Started process (PID=521) to work on /home/airflow/.local/lib/python3.12/site-packages/airflow/example_dags/example_latest_only.py
[2025-08-26T04:30:51.555+0000] {processor.py:830} INFO - Processing file /home/airflow/.local/lib/python3.12/site-packages/airflow/example_dags/example_latest_only.py for tasks to queue
[2025-08-26T04:30:51.590+0000] {logging_mixin.py:188} INFO - [2025-08-26T04:30:51.589+0000] {dagbag.py:545} INFO - Filling up the DagBag from /home/airflow/.local/lib/python3.12/site-packages/airflow/example_dags/example_latest_only.py
[2025-08-26T04:30:51.659+0000] {processor.py:840} INFO - DAG(s) 'latest_only' retrieved from /home/airflow/.local/lib/python3.12/site-packages/airflow/example_dags/example_latest_only.py
[2025-08-26T04:30:52.110+0000] {logging_mixin.py:188} INFO - [2025-08-26T04:30:52.109+0000] {dag.py:3096} INFO - Sync 1 DAGs
[2025-08-26T04:30:52.534+0000] {logging_mixin.py:188} INFO - [2025-08-26T04:30:52.533+0000] {dag.py:3954} INFO - Setting next_dagrun for latest_only to 2025-08-26 00:00:00+00:00, run_after=2025-08-26 04:00:00+00:00
[2025-08-26T04:30:52.633+0000] {processor.py:183} INFO - Processing /home/airflow/.local/lib/python3.12/site-packages/airflow/example_dags/example_latest_only.py took 1.306 seconds
[2025-08-26T04:31:23.283+0000] {processor.py:161} INFO - Started process (PID=780) to work on /home/airflow/.local/lib/python3.12/site-packages/airflow/example_dags/example_latest_only.py
[2025-08-26T04:31:23.289+0000] {processor.py:830} INFO - Processing file /home/airflow/.local/lib/python3.12/site-packages/airflow/example_dags/example_latest_only.py for tasks to queue
[2025-08-26T04:31:23.299+0000] {logging_mixin.py:188} INFO - [2025-08-26T04:31:23.298+0000] {dagbag.py:545} INFO - Filling up the DagBag from /home/airflow/.local/lib/python3.12/site-packages/airflow/example_dags/example_latest_only.py
[2025-08-26T04:31:23.323+0000] {processor.py:840} INFO - DAG(s) 'latest_only' retrieved from /home/airflow/.local/lib/python3.12/site-packages/airflow/example_dags/example_latest_only.py
[2025-08-26T04:31:23.439+0000] {logging_mixin.py:188} INFO - [2025-08-26T04:31:23.439+0000] {dag.py:3096} INFO - Sync 1 DAGs
[2025-08-26T04:31:23.752+0000] {logging_mixin.py:188} INFO - [2025-08-26T04:31:23.751+0000] {dag.py:3954} INFO - Setting next_dagrun for latest_only to 2025-08-26 00:00:00+00:00, run_after=2025-08-26 04:00:00+00:00
[2025-08-26T04:31:23.977+0000] {processor.py:183} INFO - Processing /home/airflow/.local/lib/python3.12/site-packages/airflow/example_dags/example_latest_only.py took 0.783 seconds
[2025-08-26T04:31:58.395+0000] {processor.py:161} INFO - Started process (PID=1040) to work on /home/airflow/.local/lib/python3.12/site-packages/airflow/example_dags/example_latest_only.py
[2025-08-26T04:31:58.408+0000] {processor.py:830} INFO - Processing file /home/airflow/.local/lib/python3.12/site-packages/airflow/example_dags/example_latest_only.py for tasks to queue
[2025-08-26T04:31:58.424+0000] {logging_mixin.py:188} INFO - [2025-08-26T04:31:58.423+0000] {dagbag.py:545} INFO - Filling up the DagBag from /home/airflow/.local/lib/python3.12/site-packages/airflow/example_dags/example_latest_only.py
[2025-08-26T04:31:58.487+0000] {processor.py:840} INFO - DAG(s) 'latest_only' retrieved from /home/airflow/.local/lib/python3.12/site-packages/airflow/example_dags/example_latest_only.py
[2025-08-26T04:31:58.878+0000] {logging_mixin.py:188} INFO - [2025-08-26T04:31:58.877+0000] {dag.py:3096} INFO - Sync 1 DAGs
[2025-08-26T04:31:59.178+0000] {logging_mixin.py:188} INFO - [2025-08-26T04:31:59.178+0000] {dag.py:3954} INFO - Setting next_dagrun for latest_only to 2025-08-26 00:00:00+00:00, run_after=2025-08-26 04:00:00+00:00
[2025-08-26T04:31:59.357+0000] {processor.py:183} INFO - Processing /home/airflow/.local/lib/python3.12/site-packages/airflow/example_dags/example_latest_only.py took 1.037 seconds
[2025-08-26T04:32:30.150+0000] {processor.py:161} INFO - Started process (PID=1304) to work on /home/airflow/.local/lib/python3.12/site-packages/airflow/example_dags/example_latest_only.py
[2025-08-26T04:32:30.156+0000] {processor.py:830} INFO - Processing file /home/airflow/.local/lib/python3.12/site-packages/airflow/example_dags/example_latest_only.py for tasks to queue
[2025-08-26T04:32:30.170+0000] {logging_mixin.py:188} INFO - [2025-08-26T04:32:30.167+0000] {dagbag.py:545} INFO - Filling up the DagBag from /home/airflow/.local/lib/python3.12/site-packages/airflow/example_dags/example_latest_only.py
[2025-08-26T04:32:30.196+0000] {processor.py:840} INFO - DAG(s) 'latest_only' retrieved from /home/airflow/.local/lib/python3.12/site-packages/airflow/example_dags/example_latest_only.py
[2025-08-26T04:32:30.364+0000] {logging_mixin.py:188} INFO - [2025-08-26T04:32:30.363+0000] {dag.py:3096} INFO - Sync 1 DAGs
[2025-08-26T04:32:30.490+0000] {logging_mixin.py:188} INFO - [2025-08-26T04:32:30.489+0000] {dag.py:3954} INFO - Setting next_dagrun for latest_only to 2025-08-26 00:00:00+00:00, run_after=2025-08-26 04:00:00+00:00
[2025-08-26T04:32:30.619+0000] {processor.py:183} INFO - Processing /home/airflow/.local/lib/python3.12/site-packages/airflow/example_dags/example_latest_only.py took 0.501 seconds
[2025-08-26T04:33:09.604+0000] {processor.py:161} INFO - Started process (PID=1564) to work on /home/airflow/.local/lib/python3.12/site-packages/airflow/example_dags/example_latest_only.py
[2025-08-26T04:33:09.607+0000] {processor.py:830} INFO - Processing file /home/airflow/.local/lib/python3.12/site-packages/airflow/example_dags/example_latest_only.py for tasks to queue
[2025-08-26T04:33:09.613+0000] {logging_mixin.py:188} INFO - [2025-08-26T04:33:09.612+0000] {dagbag.py:545} INFO - Filling up the DagBag from /home/airflow/.local/lib/python3.12/site-packages/airflow/example_dags/example_latest_only.py
[2025-08-26T04:33:09.634+0000] {processor.py:840} INFO - DAG(s) 'latest_only' retrieved from /home/airflow/.local/lib/python3.12/site-packages/airflow/example_dags/example_latest_only.py
[2025-08-26T04:33:09.749+0000] {logging_mixin.py:188} INFO - [2025-08-26T04:33:09.749+0000] {dag.py:3096} INFO - Sync 1 DAGs
[2025-08-26T04:33:09.865+0000] {logging_mixin.py:188} INFO - [2025-08-26T04:33:09.864+0000] {dag.py:3954} INFO - Setting next_dagrun for latest_only to 2025-08-26 00:00:00+00:00, run_after=2025-08-26 04:00:00+00:00
[2025-08-26T04:33:10.036+0000] {processor.py:183} INFO - Processing /home/airflow/.local/lib/python3.12/site-packages/airflow/example_dags/example_latest_only.py took 0.455 seconds
[2025-08-26T04:33:42.848+0000] {processor.py:161} INFO - Started process (PID=1826) to work on /home/airflow/.local/lib/python3.12/site-packages/airflow/example_dags/example_latest_only.py
[2025-08-26T04:33:42.882+0000] {processor.py:830} INFO - Processing file /home/airflow/.local/lib/python3.12/site-packages/airflow/example_dags/example_latest_only.py for tasks to queue
[2025-08-26T04:33:42.894+0000] {logging_mixin.py:188} INFO - [2025-08-26T04:33:42.892+0000] {dagbag.py:545} INFO - Filling up the DagBag from /home/airflow/.local/lib/python3.12/site-packages/airflow/example_dags/example_latest_only.py
[2025-08-26T04:33:42.929+0000] {processor.py:840} INFO - DAG(s) 'latest_only' retrieved from /home/airflow/.local/lib/python3.12/site-packages/airflow/example_dags/example_latest_only.py
[2025-08-26T04:33:43.024+0000] {logging_mixin.py:188} INFO - [2025-08-26T04:33:43.023+0000] {dag.py:3096} INFO - Sync 1 DAGs
[2025-08-26T04:33:43.134+0000] {logging_mixin.py:188} INFO - [2025-08-26T04:33:43.133+0000] {dag.py:3954} INFO - Setting next_dagrun for latest_only to 2025-08-26 00:00:00+00:00, run_after=2025-08-26 04:00:00+00:00
[2025-08-26T04:33:43.242+0000] {processor.py:183} INFO - Processing /home/airflow/.local/lib/python3.12/site-packages/airflow/example_dags/example_latest_only.py took 0.470 seconds
[2025-08-26T04:34:13.979+0000] {processor.py:161} INFO - Started process (PID=2090) to work on /home/airflow/.local/lib/python3.12/site-packages/airflow/example_dags/example_latest_only.py
[2025-08-26T04:34:13.985+0000] {processor.py:830} INFO - Processing file /home/airflow/.local/lib/python3.12/site-packages/airflow/example_dags/example_latest_only.py for tasks to queue
[2025-08-26T04:34:14.039+0000] {logging_mixin.py:188} INFO - [2025-08-26T04:34:14.012+0000] {dagbag.py:545} INFO - Filling up the DagBag from /home/airflow/.local/lib/python3.12/site-packages/airflow/example_dags/example_latest_only.py
[2025-08-26T04:34:14.101+0000] {processor.py:840} INFO - DAG(s) 'latest_only' retrieved from /home/airflow/.local/lib/python3.12/site-packages/airflow/example_dags/example_latest_only.py
[2025-08-26T04:34:14.324+0000] {logging_mixin.py:188} INFO - [2025-08-26T04:34:14.323+0000] {dag.py:3096} INFO - Sync 1 DAGs
[2025-08-26T04:34:14.580+0000] {logging_mixin.py:188} INFO - [2025-08-26T04:34:14.578+0000] {dag.py:3954} INFO - Setting next_dagrun for latest_only to 2025-08-26 00:00:00+00:00, run_after=2025-08-26 04:00:00+00:00
[2025-08-26T04:34:14.743+0000] {processor.py:183} INFO - Processing /home/airflow/.local/lib/python3.12/site-packages/airflow/example_dags/example_latest_only.py took 0.872 seconds
[2025-08-26T04:34:46.450+0000] {processor.py:161} INFO - Started process (PID=2330) to work on /home/airflow/.local/lib/python3.12/site-packages/airflow/example_dags/example_latest_only.py
[2025-08-26T04:34:46.460+0000] {processor.py:830} INFO - Processing file /home/airflow/.local/lib/python3.12/site-packages/airflow/example_dags/example_latest_only.py for tasks to queue
[2025-08-26T04:34:46.483+0000] {logging_mixin.py:188} INFO - [2025-08-26T04:34:46.481+0000] {dagbag.py:545} INFO - Filling up the DagBag from /home/airflow/.local/lib/python3.12/site-packages/airflow/example_dags/example_latest_only.py
[2025-08-26T04:34:46.540+0000] {processor.py:840} INFO - DAG(s) 'latest_only' retrieved from /home/airflow/.local/lib/python3.12/site-packages/airflow/example_dags/example_latest_only.py
[2025-08-26T04:34:46.661+0000] {logging_mixin.py:188} INFO - [2025-08-26T04:34:46.659+0000] {dag.py:3096} INFO - Sync 1 DAGs
[2025-08-26T04:34:46.857+0000] {logging_mixin.py:188} INFO - [2025-08-26T04:34:46.856+0000] {dag.py:3954} INFO - Setting next_dagrun for latest_only to 2025-08-26 00:00:00+00:00, run_after=2025-08-26 04:00:00+00:00
[2025-08-26T04:34:47.010+0000] {processor.py:183} INFO - Processing /home/airflow/.local/lib/python3.12/site-packages/airflow/example_dags/example_latest_only.py took 0.651 seconds
[2025-08-26T04:35:17.380+0000] {processor.py:161} INFO - Started process (PID=2591) to work on /home/airflow/.local/lib/python3.12/site-packages/airflow/example_dags/example_latest_only.py
[2025-08-26T04:35:17.384+0000] {processor.py:830} INFO - Processing file /home/airflow/.local/lib/python3.12/site-packages/airflow/example_dags/example_latest_only.py for tasks to queue
[2025-08-26T04:35:17.400+0000] {logging_mixin.py:188} INFO - [2025-08-26T04:35:17.398+0000] {dagbag.py:545} INFO - Filling up the DagBag from /home/airflow/.local/lib/python3.12/site-packages/airflow/example_dags/example_latest_only.py
[2025-08-26T04:35:17.439+0000] {processor.py:840} INFO - DAG(s) 'latest_only' retrieved from /home/airflow/.local/lib/python3.12/site-packages/airflow/example_dags/example_latest_only.py
[2025-08-26T04:35:17.667+0000] {logging_mixin.py:188} INFO - [2025-08-26T04:35:17.667+0000] {dag.py:3096} INFO - Sync 1 DAGs
[2025-08-26T04:35:17.887+0000] {logging_mixin.py:188} INFO - [2025-08-26T04:35:17.886+0000] {dag.py:3954} INFO - Setting next_dagrun for latest_only to 2025-08-26 00:00:00+00:00, run_after=2025-08-26 04:00:00+00:00
[2025-08-26T04:35:18.190+0000] {processor.py:183} INFO - Processing /home/airflow/.local/lib/python3.12/site-packages/airflow/example_dags/example_latest_only.py took 0.860 seconds
[2025-08-26T04:35:48.873+0000] {processor.py:161} INFO - Started process (PID=2853) to work on /home/airflow/.local/lib/python3.12/site-packages/airflow/example_dags/example_latest_only.py
[2025-08-26T04:35:48.877+0000] {processor.py:830} INFO - Processing file /home/airflow/.local/lib/python3.12/site-packages/airflow/example_dags/example_latest_only.py for tasks to queue
[2025-08-26T04:35:48.884+0000] {logging_mixin.py:188} INFO - [2025-08-26T04:35:48.883+0000] {dagbag.py:545} INFO - Filling up the DagBag from /home/airflow/.local/lib/python3.12/site-packages/airflow/example_dags/example_latest_only.py
[2025-08-26T04:35:48.904+0000] {processor.py:840} INFO - DAG(s) 'latest_only' retrieved from /home/airflow/.local/lib/python3.12/site-packages/airflow/example_dags/example_latest_only.py
[2025-08-26T04:35:49.005+0000] {logging_mixin.py:188} INFO - [2025-08-26T04:35:49.004+0000] {dag.py:3096} INFO - Sync 1 DAGs
[2025-08-26T04:35:49.102+0000] {logging_mixin.py:188} INFO - [2025-08-26T04:35:49.101+0000] {dag.py:3954} INFO - Setting next_dagrun for latest_only to 2025-08-26 00:00:00+00:00, run_after=2025-08-26 04:00:00+00:00
[2025-08-26T04:35:49.219+0000] {processor.py:183} INFO - Processing /home/airflow/.local/lib/python3.12/site-packages/airflow/example_dags/example_latest_only.py took 0.373 seconds
[2025-08-26T04:36:20.176+0000] {processor.py:161} INFO - Started process (PID=3115) to work on /home/airflow/.local/lib/python3.12/site-packages/airflow/example_dags/example_latest_only.py
[2025-08-26T04:36:20.182+0000] {processor.py:830} INFO - Processing file /home/airflow/.local/lib/python3.12/site-packages/airflow/example_dags/example_latest_only.py for tasks to queue
[2025-08-26T04:36:20.192+0000] {logging_mixin.py:188} INFO - [2025-08-26T04:36:20.188+0000] {dagbag.py:545} INFO - Filling up the DagBag from /home/airflow/.local/lib/python3.12/site-packages/airflow/example_dags/example_latest_only.py
[2025-08-26T04:36:20.229+0000] {processor.py:840} INFO - DAG(s) 'latest_only' retrieved from /home/airflow/.local/lib/python3.12/site-packages/airflow/example_dags/example_latest_only.py
[2025-08-26T04:36:20.365+0000] {logging_mixin.py:188} INFO - [2025-08-26T04:36:20.364+0000] {dag.py:3096} INFO - Sync 1 DAGs
[2025-08-26T04:36:20.520+0000] {logging_mixin.py:188} INFO - [2025-08-26T04:36:20.519+0000] {dag.py:3954} INFO - Setting next_dagrun for latest_only to 2025-08-26 00:00:00+00:00, run_after=2025-08-26 04:00:00+00:00
[2025-08-26T04:36:20.603+0000] {processor.py:183} INFO - Processing /home/airflow/.local/lib/python3.12/site-packages/airflow/example_dags/example_latest_only.py took 0.460 seconds
[2025-08-26T04:36:52.949+0000] {processor.py:161} INFO - Started process (PID=3363) to work on /home/airflow/.local/lib/python3.12/site-packages/airflow/example_dags/example_latest_only.py
[2025-08-26T04:36:52.952+0000] {processor.py:830} INFO - Processing file /home/airflow/.local/lib/python3.12/site-packages/airflow/example_dags/example_latest_only.py for tasks to queue
[2025-08-26T04:36:52.967+0000] {logging_mixin.py:188} INFO - [2025-08-26T04:36:52.966+0000] {dagbag.py:545} INFO - Filling up the DagBag from /home/airflow/.local/lib/python3.12/site-packages/airflow/example_dags/example_latest_only.py
[2025-08-26T04:36:52.992+0000] {processor.py:840} INFO - DAG(s) 'latest_only' retrieved from /home/airflow/.local/lib/python3.12/site-packages/airflow/example_dags/example_latest_only.py
[2025-08-26T04:36:53.142+0000] {logging_mixin.py:188} INFO - [2025-08-26T04:36:53.141+0000] {dag.py:3096} INFO - Sync 1 DAGs
[2025-08-26T04:36:53.265+0000] {logging_mixin.py:188} INFO - [2025-08-26T04:36:53.264+0000] {dag.py:3954} INFO - Setting next_dagrun for latest_only to 2025-08-26 00:00:00+00:00, run_after=2025-08-26 04:00:00+00:00
[2025-08-26T04:36:53.387+0000] {processor.py:183} INFO - Processing /home/airflow/.local/lib/python3.12/site-packages/airflow/example_dags/example_latest_only.py took 0.505 seconds
[2025-08-26T04:37:24.646+0000] {processor.py:161} INFO - Started process (PID=3625) to work on /home/airflow/.local/lib/python3.12/site-packages/airflow/example_dags/example_latest_only.py
[2025-08-26T04:37:24.651+0000] {processor.py:830} INFO - Processing file /home/airflow/.local/lib/python3.12/site-packages/airflow/example_dags/example_latest_only.py for tasks to queue
[2025-08-26T04:37:24.668+0000] {logging_mixin.py:188} INFO - [2025-08-26T04:37:24.664+0000] {dagbag.py:545} INFO - Filling up the DagBag from /home/airflow/.local/lib/python3.12/site-packages/airflow/example_dags/example_latest_only.py
[2025-08-26T04:37:24.732+0000] {processor.py:840} INFO - DAG(s) 'latest_only' retrieved from /home/airflow/.local/lib/python3.12/site-packages/airflow/example_dags/example_latest_only.py
[2025-08-26T04:37:24.845+0000] {logging_mixin.py:188} INFO - [2025-08-26T04:37:24.845+0000] {dag.py:3096} INFO - Sync 1 DAGs
[2025-08-26T04:37:25.156+0000] {logging_mixin.py:188} INFO - [2025-08-26T04:37:25.155+0000] {dag.py:3954} INFO - Setting next_dagrun for latest_only to 2025-08-26 00:00:00+00:00, run_after=2025-08-26 04:00:00+00:00
[2025-08-26T04:37:25.288+0000] {processor.py:183} INFO - Processing /home/airflow/.local/lib/python3.12/site-packages/airflow/example_dags/example_latest_only.py took 0.720 seconds
[2025-08-26T04:37:56.503+0000] {processor.py:161} INFO - Started process (PID=3888) to work on /home/airflow/.local/lib/python3.12/site-packages/airflow/example_dags/example_latest_only.py
[2025-08-26T04:37:56.513+0000] {processor.py:830} INFO - Processing file /home/airflow/.local/lib/python3.12/site-packages/airflow/example_dags/example_latest_only.py for tasks to queue
[2025-08-26T04:37:56.534+0000] {logging_mixin.py:188} INFO - [2025-08-26T04:37:56.533+0000] {dagbag.py:545} INFO - Filling up the DagBag from /home/airflow/.local/lib/python3.12/site-packages/airflow/example_dags/example_latest_only.py
[2025-08-26T04:37:56.596+0000] {processor.py:840} INFO - DAG(s) 'latest_only' retrieved from /home/airflow/.local/lib/python3.12/site-packages/airflow/example_dags/example_latest_only.py
[2025-08-26T04:37:56.825+0000] {logging_mixin.py:188} INFO - [2025-08-26T04:37:56.825+0000] {dag.py:3096} INFO - Sync 1 DAGs
[2025-08-26T04:37:56.998+0000] {logging_mixin.py:188} INFO - [2025-08-26T04:37:56.997+0000] {dag.py:3954} INFO - Setting next_dagrun for latest_only to 2025-08-26 00:00:00+00:00, run_after=2025-08-26 04:00:00+00:00
[2025-08-26T04:37:57.133+0000] {processor.py:183} INFO - Processing /home/airflow/.local/lib/python3.12/site-packages/airflow/example_dags/example_latest_only.py took 0.666 seconds
[2025-08-26T04:38:28.052+0000] {processor.py:161} INFO - Started process (PID=4150) to work on /home/airflow/.local/lib/python3.12/site-packages/airflow/example_dags/example_latest_only.py
[2025-08-26T04:38:28.055+0000] {processor.py:830} INFO - Processing file /home/airflow/.local/lib/python3.12/site-packages/airflow/example_dags/example_latest_only.py for tasks to queue
[2025-08-26T04:38:28.062+0000] {logging_mixin.py:188} INFO - [2025-08-26T04:38:28.061+0000] {dagbag.py:545} INFO - Filling up the DagBag from /home/airflow/.local/lib/python3.12/site-packages/airflow/example_dags/example_latest_only.py
[2025-08-26T04:38:28.081+0000] {processor.py:840} INFO - DAG(s) 'latest_only' retrieved from /home/airflow/.local/lib/python3.12/site-packages/airflow/example_dags/example_latest_only.py
[2025-08-26T04:38:28.162+0000] {logging_mixin.py:188} INFO - [2025-08-26T04:38:28.161+0000] {dag.py:3096} INFO - Sync 1 DAGs
[2025-08-26T04:38:28.252+0000] {logging_mixin.py:188} INFO - [2025-08-26T04:38:28.251+0000] {dag.py:3954} INFO - Setting next_dagrun for latest_only to 2025-08-26 00:00:00+00:00, run_after=2025-08-26 04:00:00+00:00
[2025-08-26T04:38:28.324+0000] {processor.py:183} INFO - Processing /home/airflow/.local/lib/python3.12/site-packages/airflow/example_dags/example_latest_only.py took 0.295 seconds
[2025-08-26T04:39:01.390+0000] {processor.py:161} INFO - Started process (PID=4416) to work on /home/airflow/.local/lib/python3.12/site-packages/airflow/example_dags/example_latest_only.py
[2025-08-26T04:39:01.405+0000] {processor.py:830} INFO - Processing file /home/airflow/.local/lib/python3.12/site-packages/airflow/example_dags/example_latest_only.py for tasks to queue
[2025-08-26T04:39:01.459+0000] {logging_mixin.py:188} INFO - [2025-08-26T04:39:01.457+0000] {dagbag.py:545} INFO - Filling up the DagBag from /home/airflow/.local/lib/python3.12/site-packages/airflow/example_dags/example_latest_only.py
[2025-08-26T04:39:01.497+0000] {processor.py:840} INFO - DAG(s) 'latest_only' retrieved from /home/airflow/.local/lib/python3.12/site-packages/airflow/example_dags/example_latest_only.py
[2025-08-26T04:39:01.630+0000] {logging_mixin.py:188} INFO - [2025-08-26T04:39:01.629+0000] {dag.py:3096} INFO - Sync 1 DAGs
[2025-08-26T04:39:01.783+0000] {logging_mixin.py:188} INFO - [2025-08-26T04:39:01.782+0000] {dag.py:3954} INFO - Setting next_dagrun for latest_only to 2025-08-26 00:00:00+00:00, run_after=2025-08-26 04:00:00+00:00
[2025-08-26T04:39:01.874+0000] {processor.py:183} INFO - Processing /home/airflow/.local/lib/python3.12/site-packages/airflow/example_dags/example_latest_only.py took 0.569 seconds
[2025-08-26T04:39:36.169+0000] {processor.py:161} INFO - Started process (PID=4673) to work on /home/airflow/.local/lib/python3.12/site-packages/airflow/example_dags/example_latest_only.py
[2025-08-26T04:39:36.185+0000] {processor.py:830} INFO - Processing file /home/airflow/.local/lib/python3.12/site-packages/airflow/example_dags/example_latest_only.py for tasks to queue
[2025-08-26T04:39:36.202+0000] {logging_mixin.py:188} INFO - [2025-08-26T04:39:36.201+0000] {dagbag.py:545} INFO - Filling up the DagBag from /home/airflow/.local/lib/python3.12/site-packages/airflow/example_dags/example_latest_only.py
[2025-08-26T04:39:36.300+0000] {processor.py:840} INFO - DAG(s) 'latest_only' retrieved from /home/airflow/.local/lib/python3.12/site-packages/airflow/example_dags/example_latest_only.py
[2025-08-26T04:39:36.628+0000] {logging_mixin.py:188} INFO - [2025-08-26T04:39:36.628+0000] {dag.py:3096} INFO - Sync 1 DAGs
[2025-08-26T04:39:37.433+0000] {logging_mixin.py:188} INFO - [2025-08-26T04:39:37.432+0000] {dag.py:3954} INFO - Setting next_dagrun for latest_only to 2025-08-26 00:00:00+00:00, run_after=2025-08-26 04:00:00+00:00
[2025-08-26T04:39:37.852+0000] {processor.py:183} INFO - Processing /home/airflow/.local/lib/python3.12/site-packages/airflow/example_dags/example_latest_only.py took 1.762 seconds
[2025-08-26T04:40:13.807+0000] {processor.py:161} INFO - Started process (PID=4899) to work on /home/airflow/.local/lib/python3.12/site-packages/airflow/example_dags/example_latest_only.py
[2025-08-26T04:40:13.830+0000] {processor.py:830} INFO - Processing file /home/airflow/.local/lib/python3.12/site-packages/airflow/example_dags/example_latest_only.py for tasks to queue
[2025-08-26T04:40:13.871+0000] {logging_mixin.py:188} INFO - [2025-08-26T04:40:13.869+0000] {dagbag.py:545} INFO - Filling up the DagBag from /home/airflow/.local/lib/python3.12/site-packages/airflow/example_dags/example_latest_only.py
[2025-08-26T04:40:13.951+0000] {processor.py:840} INFO - DAG(s) 'latest_only' retrieved from /home/airflow/.local/lib/python3.12/site-packages/airflow/example_dags/example_latest_only.py
[2025-08-26T04:40:14.376+0000] {logging_mixin.py:188} INFO - [2025-08-26T04:40:14.375+0000] {dag.py:3096} INFO - Sync 1 DAGs
[2025-08-26T04:40:14.853+0000] {logging_mixin.py:188} INFO - [2025-08-26T04:40:14.853+0000] {dag.py:3954} INFO - Setting next_dagrun for latest_only to 2025-08-26 00:00:00+00:00, run_after=2025-08-26 04:00:00+00:00
[2025-08-26T04:40:15.062+0000] {processor.py:183} INFO - Processing /home/airflow/.local/lib/python3.12/site-packages/airflow/example_dags/example_latest_only.py took 1.426 seconds
[2025-08-26T04:40:47.398+0000] {processor.py:161} INFO - Started process (PID=5163) to work on /home/airflow/.local/lib/python3.12/site-packages/airflow/example_dags/example_latest_only.py
[2025-08-26T04:40:47.404+0000] {processor.py:830} INFO - Processing file /home/airflow/.local/lib/python3.12/site-packages/airflow/example_dags/example_latest_only.py for tasks to queue
[2025-08-26T04:40:47.413+0000] {logging_mixin.py:188} INFO - [2025-08-26T04:40:47.410+0000] {dagbag.py:545} INFO - Filling up the DagBag from /home/airflow/.local/lib/python3.12/site-packages/airflow/example_dags/example_latest_only.py
[2025-08-26T04:40:47.442+0000] {processor.py:840} INFO - DAG(s) 'latest_only' retrieved from /home/airflow/.local/lib/python3.12/site-packages/airflow/example_dags/example_latest_only.py
[2025-08-26T04:40:47.593+0000] {logging_mixin.py:188} INFO - [2025-08-26T04:40:47.592+0000] {dag.py:3096} INFO - Sync 1 DAGs
[2025-08-26T04:40:47.734+0000] {logging_mixin.py:188} INFO - [2025-08-26T04:40:47.734+0000] {dag.py:3954} INFO - Setting next_dagrun for latest_only to 2025-08-26 00:00:00+00:00, run_after=2025-08-26 04:00:00+00:00
[2025-08-26T04:40:47.843+0000] {processor.py:183} INFO - Processing /home/airflow/.local/lib/python3.12/site-packages/airflow/example_dags/example_latest_only.py took 0.476 seconds
[2025-08-26T04:41:18.510+0000] {processor.py:161} INFO - Started process (PID=5423) to work on /home/airflow/.local/lib/python3.12/site-packages/airflow/example_dags/example_latest_only.py
[2025-08-26T04:41:18.524+0000] {processor.py:830} INFO - Processing file /home/airflow/.local/lib/python3.12/site-packages/airflow/example_dags/example_latest_only.py for tasks to queue
[2025-08-26T04:41:18.539+0000] {logging_mixin.py:188} INFO - [2025-08-26T04:41:18.535+0000] {dagbag.py:545} INFO - Filling up the DagBag from /home/airflow/.local/lib/python3.12/site-packages/airflow/example_dags/example_latest_only.py
[2025-08-26T04:41:18.575+0000] {processor.py:840} INFO - DAG(s) 'latest_only' retrieved from /home/airflow/.local/lib/python3.12/site-packages/airflow/example_dags/example_latest_only.py
[2025-08-26T04:41:18.696+0000] {logging_mixin.py:188} INFO - [2025-08-26T04:41:18.695+0000] {dag.py:3096} INFO - Sync 1 DAGs
[2025-08-26T04:41:18.926+0000] {logging_mixin.py:188} INFO - [2025-08-26T04:41:18.914+0000] {dag.py:3954} INFO - Setting next_dagrun for latest_only to 2025-08-26 00:00:00+00:00, run_after=2025-08-26 04:00:00+00:00
[2025-08-26T04:41:19.152+0000] {processor.py:183} INFO - Processing /home/airflow/.local/lib/python3.12/site-packages/airflow/example_dags/example_latest_only.py took 0.684 seconds
[2025-08-26T04:41:55.560+0000] {processor.py:161} INFO - Started process (PID=5679) to work on /home/airflow/.local/lib/python3.12/site-packages/airflow/example_dags/example_latest_only.py
[2025-08-26T04:41:55.564+0000] {processor.py:830} INFO - Processing file /home/airflow/.local/lib/python3.12/site-packages/airflow/example_dags/example_latest_only.py for tasks to queue
[2025-08-26T04:41:55.591+0000] {logging_mixin.py:188} INFO - [2025-08-26T04:41:55.590+0000] {dagbag.py:545} INFO - Filling up the DagBag from /home/airflow/.local/lib/python3.12/site-packages/airflow/example_dags/example_latest_only.py
[2025-08-26T04:41:55.658+0000] {processor.py:840} INFO - DAG(s) 'latest_only' retrieved from /home/airflow/.local/lib/python3.12/site-packages/airflow/example_dags/example_latest_only.py
[2025-08-26T04:41:55.870+0000] {logging_mixin.py:188} INFO - [2025-08-26T04:41:55.870+0000] {dag.py:3096} INFO - Sync 1 DAGs
[2025-08-26T04:41:56.096+0000] {logging_mixin.py:188} INFO - [2025-08-26T04:41:56.095+0000] {dag.py:3954} INFO - Setting next_dagrun for latest_only to 2025-08-26 00:00:00+00:00, run_after=2025-08-26 04:00:00+00:00
[2025-08-26T04:41:56.257+0000] {processor.py:183} INFO - Processing /home/airflow/.local/lib/python3.12/site-packages/airflow/example_dags/example_latest_only.py took 0.783 seconds
[2025-08-26T04:42:36.682+0000] {processor.py:161} INFO - Started process (PID=5937) to work on /home/airflow/.local/lib/python3.12/site-packages/airflow/example_dags/example_latest_only.py
[2025-08-26T04:42:36.759+0000] {processor.py:830} INFO - Processing file /home/airflow/.local/lib/python3.12/site-packages/airflow/example_dags/example_latest_only.py for tasks to queue
[2025-08-26T04:42:36.845+0000] {logging_mixin.py:188} INFO - [2025-08-26T04:42:36.844+0000] {dagbag.py:545} INFO - Filling up the DagBag from /home/airflow/.local/lib/python3.12/site-packages/airflow/example_dags/example_latest_only.py
[2025-08-26T04:42:37.023+0000] {processor.py:840} INFO - DAG(s) 'latest_only' retrieved from /home/airflow/.local/lib/python3.12/site-packages/airflow/example_dags/example_latest_only.py
[2025-08-26T04:42:37.305+0000] {logging_mixin.py:188} INFO - [2025-08-26T04:42:37.304+0000] {dag.py:3096} INFO - Sync 1 DAGs
[2025-08-26T04:42:37.451+0000] {logging_mixin.py:188} INFO - [2025-08-26T04:42:37.450+0000] {dag.py:3954} INFO - Setting next_dagrun for latest_only to 2025-08-26 00:00:00+00:00, run_after=2025-08-26 04:00:00+00:00
[2025-08-26T04:42:37.581+0000] {processor.py:183} INFO - Processing /home/airflow/.local/lib/python3.12/site-packages/airflow/example_dags/example_latest_only.py took 0.973 seconds
[2025-08-26T04:43:09.768+0000] {processor.py:161} INFO - Started process (PID=6199) to work on /home/airflow/.local/lib/python3.12/site-packages/airflow/example_dags/example_latest_only.py
[2025-08-26T04:43:09.772+0000] {processor.py:830} INFO - Processing file /home/airflow/.local/lib/python3.12/site-packages/airflow/example_dags/example_latest_only.py for tasks to queue
[2025-08-26T04:43:09.804+0000] {logging_mixin.py:188} INFO - [2025-08-26T04:43:09.795+0000] {dagbag.py:545} INFO - Filling up the DagBag from /home/airflow/.local/lib/python3.12/site-packages/airflow/example_dags/example_latest_only.py
[2025-08-26T04:43:09.843+0000] {processor.py:840} INFO - DAG(s) 'latest_only' retrieved from /home/airflow/.local/lib/python3.12/site-packages/airflow/example_dags/example_latest_only.py
[2025-08-26T04:43:10.009+0000] {logging_mixin.py:188} INFO - [2025-08-26T04:43:10.008+0000] {dag.py:3096} INFO - Sync 1 DAGs
[2025-08-26T04:43:10.312+0000] {logging_mixin.py:188} INFO - [2025-08-26T04:43:10.312+0000] {dag.py:3954} INFO - Setting next_dagrun for latest_only to 2025-08-26 00:00:00+00:00, run_after=2025-08-26 04:00:00+00:00
[2025-08-26T04:43:10.625+0000] {processor.py:183} INFO - Processing /home/airflow/.local/lib/python3.12/site-packages/airflow/example_dags/example_latest_only.py took 0.932 seconds
[2025-08-26T04:43:45.917+0000] {processor.py:161} INFO - Started process (PID=6440) to work on /home/airflow/.local/lib/python3.12/site-packages/airflow/example_dags/example_latest_only.py
[2025-08-26T04:43:45.921+0000] {processor.py:830} INFO - Processing file /home/airflow/.local/lib/python3.12/site-packages/airflow/example_dags/example_latest_only.py for tasks to queue
[2025-08-26T04:43:45.968+0000] {logging_mixin.py:188} INFO - [2025-08-26T04:43:45.967+0000] {dagbag.py:545} INFO - Filling up the DagBag from /home/airflow/.local/lib/python3.12/site-packages/airflow/example_dags/example_latest_only.py
[2025-08-26T04:43:46.174+0000] {processor.py:840} INFO - DAG(s) 'latest_only' retrieved from /home/airflow/.local/lib/python3.12/site-packages/airflow/example_dags/example_latest_only.py
[2025-08-26T04:43:46.477+0000] {logging_mixin.py:188} INFO - [2025-08-26T04:43:46.476+0000] {dag.py:3096} INFO - Sync 1 DAGs
[2025-08-26T04:43:46.839+0000] {logging_mixin.py:188} INFO - [2025-08-26T04:43:46.826+0000] {dag.py:3954} INFO - Setting next_dagrun for latest_only to 2025-08-26 00:00:00+00:00, run_after=2025-08-26 04:00:00+00:00
[2025-08-26T04:43:47.076+0000] {processor.py:183} INFO - Processing /home/airflow/.local/lib/python3.12/site-packages/airflow/example_dags/example_latest_only.py took 1.368 seconds
[2025-08-26T04:44:20.137+0000] {processor.py:161} INFO - Started process (PID=6701) to work on /home/airflow/.local/lib/python3.12/site-packages/airflow/example_dags/example_latest_only.py
[2025-08-26T04:44:20.140+0000] {processor.py:830} INFO - Processing file /home/airflow/.local/lib/python3.12/site-packages/airflow/example_dags/example_latest_only.py for tasks to queue
[2025-08-26T04:44:20.154+0000] {logging_mixin.py:188} INFO - [2025-08-26T04:44:20.153+0000] {dagbag.py:545} INFO - Filling up the DagBag from /home/airflow/.local/lib/python3.12/site-packages/airflow/example_dags/example_latest_only.py
[2025-08-26T04:44:20.186+0000] {processor.py:840} INFO - DAG(s) 'latest_only' retrieved from /home/airflow/.local/lib/python3.12/site-packages/airflow/example_dags/example_latest_only.py
[2025-08-26T04:44:20.300+0000] {logging_mixin.py:188} INFO - [2025-08-26T04:44:20.300+0000] {dag.py:3096} INFO - Sync 1 DAGs
[2025-08-26T04:44:20.448+0000] {logging_mixin.py:188} INFO - [2025-08-26T04:44:20.447+0000] {dag.py:3954} INFO - Setting next_dagrun for latest_only to 2025-08-26 00:00:00+00:00, run_after=2025-08-26 04:00:00+00:00
[2025-08-26T04:44:20.554+0000] {processor.py:183} INFO - Processing /home/airflow/.local/lib/python3.12/site-packages/airflow/example_dags/example_latest_only.py took 0.450 seconds
[2025-08-26T04:44:51.285+0000] {processor.py:161} INFO - Started process (PID=6943) to work on /home/airflow/.local/lib/python3.12/site-packages/airflow/example_dags/example_latest_only.py
[2025-08-26T04:44:51.291+0000] {processor.py:830} INFO - Processing file /home/airflow/.local/lib/python3.12/site-packages/airflow/example_dags/example_latest_only.py for tasks to queue
[2025-08-26T04:44:51.305+0000] {logging_mixin.py:188} INFO - [2025-08-26T04:44:51.303+0000] {dagbag.py:545} INFO - Filling up the DagBag from /home/airflow/.local/lib/python3.12/site-packages/airflow/example_dags/example_latest_only.py
[2025-08-26T04:44:51.341+0000] {processor.py:840} INFO - DAG(s) 'latest_only' retrieved from /home/airflow/.local/lib/python3.12/site-packages/airflow/example_dags/example_latest_only.py
[2025-08-26T04:44:51.557+0000] {logging_mixin.py:188} INFO - [2025-08-26T04:44:51.556+0000] {dag.py:3096} INFO - Sync 1 DAGs
[2025-08-26T04:44:51.989+0000] {logging_mixin.py:188} INFO - [2025-08-26T04:44:51.988+0000] {dag.py:3954} INFO - Setting next_dagrun for latest_only to 2025-08-26 00:00:00+00:00, run_after=2025-08-26 04:00:00+00:00
[2025-08-26T04:44:52.195+0000] {processor.py:183} INFO - Processing /home/airflow/.local/lib/python3.12/site-packages/airflow/example_dags/example_latest_only.py took 0.957 seconds
[2025-08-26T04:45:25.965+0000] {processor.py:161} INFO - Started process (PID=7205) to work on /home/airflow/.local/lib/python3.12/site-packages/airflow/example_dags/example_latest_only.py
[2025-08-26T04:45:25.969+0000] {processor.py:830} INFO - Processing file /home/airflow/.local/lib/python3.12/site-packages/airflow/example_dags/example_latest_only.py for tasks to queue
[2025-08-26T04:45:25.978+0000] {logging_mixin.py:188} INFO - [2025-08-26T04:45:25.977+0000] {dagbag.py:545} INFO - Filling up the DagBag from /home/airflow/.local/lib/python3.12/site-packages/airflow/example_dags/example_latest_only.py
[2025-08-26T04:45:26.003+0000] {processor.py:840} INFO - DAG(s) 'latest_only' retrieved from /home/airflow/.local/lib/python3.12/site-packages/airflow/example_dags/example_latest_only.py
[2025-08-26T04:45:26.093+0000] {logging_mixin.py:188} INFO - [2025-08-26T04:45:26.092+0000] {dag.py:3096} INFO - Sync 1 DAGs
[2025-08-26T04:45:26.216+0000] {logging_mixin.py:188} INFO - [2025-08-26T04:45:26.215+0000] {dag.py:3954} INFO - Setting next_dagrun for latest_only to 2025-08-26 00:00:00+00:00, run_after=2025-08-26 04:00:00+00:00
[2025-08-26T04:45:26.300+0000] {processor.py:183} INFO - Processing /home/airflow/.local/lib/python3.12/site-packages/airflow/example_dags/example_latest_only.py took 0.375 seconds
[2025-08-26T04:45:59.507+0000] {processor.py:161} INFO - Started process (PID=7415) to work on /home/airflow/.local/lib/python3.12/site-packages/airflow/example_dags/example_latest_only.py
[2025-08-26T04:45:59.513+0000] {processor.py:830} INFO - Processing file /home/airflow/.local/lib/python3.12/site-packages/airflow/example_dags/example_latest_only.py for tasks to queue
[2025-08-26T04:45:59.546+0000] {logging_mixin.py:188} INFO - [2025-08-26T04:45:59.545+0000] {dagbag.py:545} INFO - Filling up the DagBag from /home/airflow/.local/lib/python3.12/site-packages/airflow/example_dags/example_latest_only.py
[2025-08-26T04:45:59.703+0000] {processor.py:840} INFO - DAG(s) 'latest_only' retrieved from /home/airflow/.local/lib/python3.12/site-packages/airflow/example_dags/example_latest_only.py
[2025-08-26T04:46:00.049+0000] {logging_mixin.py:188} INFO - [2025-08-26T04:46:00.049+0000] {dag.py:3096} INFO - Sync 1 DAGs
[2025-08-26T04:46:00.388+0000] {logging_mixin.py:188} INFO - [2025-08-26T04:46:00.384+0000] {dag.py:3954} INFO - Setting next_dagrun for latest_only to 2025-08-26 00:00:00+00:00, run_after=2025-08-26 04:00:00+00:00
[2025-08-26T04:46:00.717+0000] {processor.py:183} INFO - Processing /home/airflow/.local/lib/python3.12/site-packages/airflow/example_dags/example_latest_only.py took 1.318 seconds
[2025-08-26T04:46:42.735+0000] {processor.py:161} INFO - Started process (PID=7694) to work on /home/airflow/.local/lib/python3.12/site-packages/airflow/example_dags/example_latest_only.py
[2025-08-26T04:46:42.744+0000] {processor.py:830} INFO - Processing file /home/airflow/.local/lib/python3.12/site-packages/airflow/example_dags/example_latest_only.py for tasks to queue
[2025-08-26T04:46:42.758+0000] {logging_mixin.py:188} INFO - [2025-08-26T04:46:42.757+0000] {dagbag.py:545} INFO - Filling up the DagBag from /home/airflow/.local/lib/python3.12/site-packages/airflow/example_dags/example_latest_only.py
[2025-08-26T04:46:42.794+0000] {processor.py:840} INFO - DAG(s) 'latest_only' retrieved from /home/airflow/.local/lib/python3.12/site-packages/airflow/example_dags/example_latest_only.py
[2025-08-26T04:46:43.056+0000] {logging_mixin.py:188} INFO - [2025-08-26T04:46:43.052+0000] {dag.py:3096} INFO - Sync 1 DAGs
[2025-08-26T04:46:43.254+0000] {logging_mixin.py:188} INFO - [2025-08-26T04:46:43.253+0000] {dag.py:3954} INFO - Setting next_dagrun for latest_only to 2025-08-26 00:00:00+00:00, run_after=2025-08-26 04:00:00+00:00
[2025-08-26T04:46:43.378+0000] {processor.py:183} INFO - Processing /home/airflow/.local/lib/python3.12/site-packages/airflow/example_dags/example_latest_only.py took 0.750 seconds
[2025-08-26T04:47:16.937+0000] {processor.py:161} INFO - Started process (PID=7954) to work on /home/airflow/.local/lib/python3.12/site-packages/airflow/example_dags/example_latest_only.py
[2025-08-26T04:47:16.940+0000] {processor.py:830} INFO - Processing file /home/airflow/.local/lib/python3.12/site-packages/airflow/example_dags/example_latest_only.py for tasks to queue
[2025-08-26T04:47:16.954+0000] {logging_mixin.py:188} INFO - [2025-08-26T04:47:16.951+0000] {dagbag.py:545} INFO - Filling up the DagBag from /home/airflow/.local/lib/python3.12/site-packages/airflow/example_dags/example_latest_only.py
[2025-08-26T04:47:16.996+0000] {processor.py:840} INFO - DAG(s) 'latest_only' retrieved from /home/airflow/.local/lib/python3.12/site-packages/airflow/example_dags/example_latest_only.py
[2025-08-26T04:47:17.162+0000] {logging_mixin.py:188} INFO - [2025-08-26T04:47:17.162+0000] {dag.py:3096} INFO - Sync 1 DAGs
[2025-08-26T04:47:17.343+0000] {logging_mixin.py:188} INFO - [2025-08-26T04:47:17.340+0000] {dag.py:3954} INFO - Setting next_dagrun for latest_only to 2025-08-26 00:00:00+00:00, run_after=2025-08-26 04:00:00+00:00
[2025-08-26T04:47:17.496+0000] {processor.py:183} INFO - Processing /home/airflow/.local/lib/python3.12/site-packages/airflow/example_dags/example_latest_only.py took 0.592 seconds
[2025-08-26T04:49:21.456+0000] {processor.py:161} INFO - Started process (PID=238) to work on /home/airflow/.local/lib/python3.12/site-packages/airflow/example_dags/example_latest_only.py
[2025-08-26T04:49:21.466+0000] {processor.py:830} INFO - Processing file /home/airflow/.local/lib/python3.12/site-packages/airflow/example_dags/example_latest_only.py for tasks to queue
[2025-08-26T04:49:21.477+0000] {logging_mixin.py:188} INFO - [2025-08-26T04:49:21.476+0000] {dagbag.py:545} INFO - Filling up the DagBag from /home/airflow/.local/lib/python3.12/site-packages/airflow/example_dags/example_latest_only.py
[2025-08-26T04:49:21.513+0000] {processor.py:840} INFO - DAG(s) 'latest_only' retrieved from /home/airflow/.local/lib/python3.12/site-packages/airflow/example_dags/example_latest_only.py
[2025-08-26T04:49:22.249+0000] {logging_mixin.py:188} INFO - [2025-08-26T04:49:22.248+0000] {dag.py:3096} INFO - Sync 1 DAGs
[2025-08-26T04:49:22.373+0000] {logging_mixin.py:188} INFO - [2025-08-26T04:49:22.372+0000] {dag.py:3954} INFO - Setting next_dagrun for latest_only to 2025-08-26 00:00:00+00:00, run_after=2025-08-26 04:00:00+00:00
[2025-08-26T04:49:22.587+0000] {processor.py:183} INFO - Processing /home/airflow/.local/lib/python3.12/site-packages/airflow/example_dags/example_latest_only.py took 1.160 seconds
[2025-08-26T04:50:05.473+0000] {processor.py:161} INFO - Started process (PID=505) to work on /home/airflow/.local/lib/python3.12/site-packages/airflow/example_dags/example_latest_only.py
[2025-08-26T04:50:05.479+0000] {processor.py:830} INFO - Processing file /home/airflow/.local/lib/python3.12/site-packages/airflow/example_dags/example_latest_only.py for tasks to queue
[2025-08-26T04:50:05.488+0000] {logging_mixin.py:188} INFO - [2025-08-26T04:50:05.487+0000] {dagbag.py:545} INFO - Filling up the DagBag from /home/airflow/.local/lib/python3.12/site-packages/airflow/example_dags/example_latest_only.py
[2025-08-26T04:50:05.514+0000] {processor.py:840} INFO - DAG(s) 'latest_only' retrieved from /home/airflow/.local/lib/python3.12/site-packages/airflow/example_dags/example_latest_only.py
[2025-08-26T04:50:05.622+0000] {logging_mixin.py:188} INFO - [2025-08-26T04:50:05.622+0000] {dag.py:3096} INFO - Sync 1 DAGs
[2025-08-26T04:50:05.803+0000] {logging_mixin.py:188} INFO - [2025-08-26T04:50:05.803+0000] {dag.py:3954} INFO - Setting next_dagrun for latest_only to 2025-08-26 00:00:00+00:00, run_after=2025-08-26 04:00:00+00:00
[2025-08-26T04:50:05.931+0000] {processor.py:183} INFO - Processing /home/airflow/.local/lib/python3.12/site-packages/airflow/example_dags/example_latest_only.py took 0.488 seconds
[2025-08-26T04:50:37.651+0000] {processor.py:161} INFO - Started process (PID=767) to work on /home/airflow/.local/lib/python3.12/site-packages/airflow/example_dags/example_latest_only.py
[2025-08-26T04:50:37.658+0000] {processor.py:830} INFO - Processing file /home/airflow/.local/lib/python3.12/site-packages/airflow/example_dags/example_latest_only.py for tasks to queue
[2025-08-26T04:50:37.682+0000] {logging_mixin.py:188} INFO - [2025-08-26T04:50:37.679+0000] {dagbag.py:545} INFO - Filling up the DagBag from /home/airflow/.local/lib/python3.12/site-packages/airflow/example_dags/example_latest_only.py
[2025-08-26T04:50:37.702+0000] {processor.py:840} INFO - DAG(s) 'latest_only' retrieved from /home/airflow/.local/lib/python3.12/site-packages/airflow/example_dags/example_latest_only.py
[2025-08-26T04:50:37.830+0000] {logging_mixin.py:188} INFO - [2025-08-26T04:50:37.829+0000] {dag.py:3096} INFO - Sync 1 DAGs
[2025-08-26T04:50:38.003+0000] {logging_mixin.py:188} INFO - [2025-08-26T04:50:38.002+0000] {dag.py:3954} INFO - Setting next_dagrun for latest_only to 2025-08-26 00:00:00+00:00, run_after=2025-08-26 04:00:00+00:00
[2025-08-26T04:50:38.116+0000] {processor.py:183} INFO - Processing /home/airflow/.local/lib/python3.12/site-packages/airflow/example_dags/example_latest_only.py took 0.548 seconds
[2025-08-26T04:51:10.107+0000] {processor.py:161} INFO - Started process (PID=1029) to work on /home/airflow/.local/lib/python3.12/site-packages/airflow/example_dags/example_latest_only.py
[2025-08-26T04:51:10.110+0000] {processor.py:830} INFO - Processing file /home/airflow/.local/lib/python3.12/site-packages/airflow/example_dags/example_latest_only.py for tasks to queue
[2025-08-26T04:51:10.128+0000] {logging_mixin.py:188} INFO - [2025-08-26T04:51:10.127+0000] {dagbag.py:545} INFO - Filling up the DagBag from /home/airflow/.local/lib/python3.12/site-packages/airflow/example_dags/example_latest_only.py
[2025-08-26T04:51:10.160+0000] {processor.py:840} INFO - DAG(s) 'latest_only' retrieved from /home/airflow/.local/lib/python3.12/site-packages/airflow/example_dags/example_latest_only.py
[2025-08-26T04:51:10.302+0000] {logging_mixin.py:188} INFO - [2025-08-26T04:51:10.301+0000] {dag.py:3096} INFO - Sync 1 DAGs
[2025-08-26T04:51:10.529+0000] {logging_mixin.py:188} INFO - [2025-08-26T04:51:10.528+0000] {dag.py:3954} INFO - Setting next_dagrun for latest_only to 2025-08-26 00:00:00+00:00, run_after=2025-08-26 04:00:00+00:00
[2025-08-26T04:51:10.701+0000] {processor.py:183} INFO - Processing /home/airflow/.local/lib/python3.12/site-packages/airflow/example_dags/example_latest_only.py took 0.661 seconds
[2025-08-26T04:51:41.866+0000] {processor.py:161} INFO - Started process (PID=1284) to work on /home/airflow/.local/lib/python3.12/site-packages/airflow/example_dags/example_latest_only.py
[2025-08-26T04:51:41.886+0000] {processor.py:830} INFO - Processing file /home/airflow/.local/lib/python3.12/site-packages/airflow/example_dags/example_latest_only.py for tasks to queue
[2025-08-26T04:51:41.906+0000] {logging_mixin.py:188} INFO - [2025-08-26T04:51:41.905+0000] {dagbag.py:545} INFO - Filling up the DagBag from /home/airflow/.local/lib/python3.12/site-packages/airflow/example_dags/example_latest_only.py
[2025-08-26T04:51:41.975+0000] {processor.py:840} INFO - DAG(s) 'latest_only' retrieved from /home/airflow/.local/lib/python3.12/site-packages/airflow/example_dags/example_latest_only.py
[2025-08-26T04:51:42.316+0000] {logging_mixin.py:188} INFO - [2025-08-26T04:51:42.315+0000] {dag.py:3096} INFO - Sync 1 DAGs
[2025-08-26T04:51:42.632+0000] {logging_mixin.py:188} INFO - [2025-08-26T04:51:42.631+0000] {dag.py:3954} INFO - Setting next_dagrun for latest_only to 2025-08-26 00:00:00+00:00, run_after=2025-08-26 04:00:00+00:00
[2025-08-26T04:51:42.850+0000] {processor.py:183} INFO - Processing /home/airflow/.local/lib/python3.12/site-packages/airflow/example_dags/example_latest_only.py took 1.036 seconds
[2025-08-26T04:52:13.507+0000] {processor.py:161} INFO - Started process (PID=1543) to work on /home/airflow/.local/lib/python3.12/site-packages/airflow/example_dags/example_latest_only.py
[2025-08-26T04:52:13.524+0000] {processor.py:830} INFO - Processing file /home/airflow/.local/lib/python3.12/site-packages/airflow/example_dags/example_latest_only.py for tasks to queue
[2025-08-26T04:52:13.542+0000] {logging_mixin.py:188} INFO - [2025-08-26T04:52:13.540+0000] {dagbag.py:545} INFO - Filling up the DagBag from /home/airflow/.local/lib/python3.12/site-packages/airflow/example_dags/example_latest_only.py
[2025-08-26T04:52:13.595+0000] {processor.py:840} INFO - DAG(s) 'latest_only' retrieved from /home/airflow/.local/lib/python3.12/site-packages/airflow/example_dags/example_latest_only.py
[2025-08-26T04:52:13.782+0000] {logging_mixin.py:188} INFO - [2025-08-26T04:52:13.781+0000] {dag.py:3096} INFO - Sync 1 DAGs
[2025-08-26T04:52:14.038+0000] {logging_mixin.py:188} INFO - [2025-08-26T04:52:14.037+0000] {dag.py:3954} INFO - Setting next_dagrun for latest_only to 2025-08-26 00:00:00+00:00, run_after=2025-08-26 04:00:00+00:00
[2025-08-26T04:52:14.363+0000] {processor.py:183} INFO - Processing /home/airflow/.local/lib/python3.12/site-packages/airflow/example_dags/example_latest_only.py took 0.933 seconds
[2025-08-26T04:52:58.073+0000] {processor.py:161} INFO - Started process (PID=1807) to work on /home/airflow/.local/lib/python3.12/site-packages/airflow/example_dags/example_latest_only.py
[2025-08-26T04:52:58.078+0000] {processor.py:830} INFO - Processing file /home/airflow/.local/lib/python3.12/site-packages/airflow/example_dags/example_latest_only.py for tasks to queue
[2025-08-26T04:52:58.086+0000] {logging_mixin.py:188} INFO - [2025-08-26T04:52:58.083+0000] {dagbag.py:545} INFO - Filling up the DagBag from /home/airflow/.local/lib/python3.12/site-packages/airflow/example_dags/example_latest_only.py
[2025-08-26T04:52:58.112+0000] {processor.py:840} INFO - DAG(s) 'latest_only' retrieved from /home/airflow/.local/lib/python3.12/site-packages/airflow/example_dags/example_latest_only.py
[2025-08-26T04:52:58.368+0000] {logging_mixin.py:188} INFO - [2025-08-26T04:52:58.366+0000] {dag.py:3096} INFO - Sync 1 DAGs
[2025-08-26T04:52:58.678+0000] {logging_mixin.py:188} INFO - [2025-08-26T04:52:58.677+0000] {dag.py:3954} INFO - Setting next_dagrun for latest_only to 2025-08-26 00:00:00+00:00, run_after=2025-08-26 04:00:00+00:00
[2025-08-26T04:52:59.014+0000] {processor.py:183} INFO - Processing /home/airflow/.local/lib/python3.12/site-packages/airflow/example_dags/example_latest_only.py took 0.971 seconds
[2025-08-26T04:53:29.840+0000] {processor.py:161} INFO - Started process (PID=2069) to work on /home/airflow/.local/lib/python3.12/site-packages/airflow/example_dags/example_latest_only.py
[2025-08-26T04:53:29.861+0000] {processor.py:830} INFO - Processing file /home/airflow/.local/lib/python3.12/site-packages/airflow/example_dags/example_latest_only.py for tasks to queue
[2025-08-26T04:53:29.904+0000] {logging_mixin.py:188} INFO - [2025-08-26T04:53:29.901+0000] {dagbag.py:545} INFO - Filling up the DagBag from /home/airflow/.local/lib/python3.12/site-packages/airflow/example_dags/example_latest_only.py
[2025-08-26T04:53:29.970+0000] {processor.py:840} INFO - DAG(s) 'latest_only' retrieved from /home/airflow/.local/lib/python3.12/site-packages/airflow/example_dags/example_latest_only.py
[2025-08-26T04:53:30.199+0000] {logging_mixin.py:188} INFO - [2025-08-26T04:53:30.198+0000] {dag.py:3096} INFO - Sync 1 DAGs
[2025-08-26T04:53:30.335+0000] {logging_mixin.py:188} INFO - [2025-08-26T04:53:30.335+0000] {dag.py:3954} INFO - Setting next_dagrun for latest_only to 2025-08-26 00:00:00+00:00, run_after=2025-08-26 04:00:00+00:00
[2025-08-26T04:53:30.445+0000] {processor.py:183} INFO - Processing /home/airflow/.local/lib/python3.12/site-packages/airflow/example_dags/example_latest_only.py took 0.673 seconds
[2025-08-26T04:54:00.655+0000] {processor.py:161} INFO - Started process (PID=2331) to work on /home/airflow/.local/lib/python3.12/site-packages/airflow/example_dags/example_latest_only.py
[2025-08-26T04:54:00.659+0000] {processor.py:830} INFO - Processing file /home/airflow/.local/lib/python3.12/site-packages/airflow/example_dags/example_latest_only.py for tasks to queue
[2025-08-26T04:54:00.666+0000] {logging_mixin.py:188} INFO - [2025-08-26T04:54:00.664+0000] {dagbag.py:545} INFO - Filling up the DagBag from /home/airflow/.local/lib/python3.12/site-packages/airflow/example_dags/example_latest_only.py
[2025-08-26T04:54:00.693+0000] {processor.py:840} INFO - DAG(s) 'latest_only' retrieved from /home/airflow/.local/lib/python3.12/site-packages/airflow/example_dags/example_latest_only.py
[2025-08-26T04:54:00.794+0000] {logging_mixin.py:188} INFO - [2025-08-26T04:54:00.794+0000] {dag.py:3096} INFO - Sync 1 DAGs
[2025-08-26T04:54:00.884+0000] {logging_mixin.py:188} INFO - [2025-08-26T04:54:00.883+0000] {dag.py:3954} INFO - Setting next_dagrun for latest_only to 2025-08-26 00:00:00+00:00, run_after=2025-08-26 04:00:00+00:00
[2025-08-26T04:54:00.960+0000] {processor.py:183} INFO - Processing /home/airflow/.local/lib/python3.12/site-packages/airflow/example_dags/example_latest_only.py took 0.332 seconds
[2025-08-26T04:54:33.612+0000] {processor.py:161} INFO - Started process (PID=2554) to work on /home/airflow/.local/lib/python3.12/site-packages/airflow/example_dags/example_latest_only.py
[2025-08-26T04:54:33.618+0000] {processor.py:830} INFO - Processing file /home/airflow/.local/lib/python3.12/site-packages/airflow/example_dags/example_latest_only.py for tasks to queue
[2025-08-26T04:54:33.636+0000] {logging_mixin.py:188} INFO - [2025-08-26T04:54:33.635+0000] {dagbag.py:545} INFO - Filling up the DagBag from /home/airflow/.local/lib/python3.12/site-packages/airflow/example_dags/example_latest_only.py
[2025-08-26T04:54:33.675+0000] {processor.py:840} INFO - DAG(s) 'latest_only' retrieved from /home/airflow/.local/lib/python3.12/site-packages/airflow/example_dags/example_latest_only.py
[2025-08-26T04:54:33.985+0000] {logging_mixin.py:188} INFO - [2025-08-26T04:54:33.985+0000] {dag.py:3096} INFO - Sync 1 DAGs
[2025-08-26T04:54:34.356+0000] {logging_mixin.py:188} INFO - [2025-08-26T04:54:34.355+0000] {dag.py:3954} INFO - Setting next_dagrun for latest_only to 2025-08-26 00:00:00+00:00, run_after=2025-08-26 04:00:00+00:00
[2025-08-26T04:54:34.742+0000] {processor.py:183} INFO - Processing /home/airflow/.local/lib/python3.12/site-packages/airflow/example_dags/example_latest_only.py took 1.221 seconds
[2025-08-26T04:55:05.248+0000] {processor.py:161} INFO - Started process (PID=2818) to work on /home/airflow/.local/lib/python3.12/site-packages/airflow/example_dags/example_latest_only.py
[2025-08-26T04:55:05.264+0000] {processor.py:830} INFO - Processing file /home/airflow/.local/lib/python3.12/site-packages/airflow/example_dags/example_latest_only.py for tasks to queue
[2025-08-26T04:55:05.290+0000] {logging_mixin.py:188} INFO - [2025-08-26T04:55:05.288+0000] {dagbag.py:545} INFO - Filling up the DagBag from /home/airflow/.local/lib/python3.12/site-packages/airflow/example_dags/example_latest_only.py
[2025-08-26T04:55:05.328+0000] {processor.py:840} INFO - DAG(s) 'latest_only' retrieved from /home/airflow/.local/lib/python3.12/site-packages/airflow/example_dags/example_latest_only.py
[2025-08-26T04:55:05.542+0000] {logging_mixin.py:188} INFO - [2025-08-26T04:55:05.541+0000] {dag.py:3096} INFO - Sync 1 DAGs
[2025-08-26T04:55:05.853+0000] {logging_mixin.py:188} INFO - [2025-08-26T04:55:05.851+0000] {dag.py:3954} INFO - Setting next_dagrun for latest_only to 2025-08-26 00:00:00+00:00, run_after=2025-08-26 04:00:00+00:00
[2025-08-26T04:55:06.051+0000] {processor.py:183} INFO - Processing /home/airflow/.local/lib/python3.12/site-packages/airflow/example_dags/example_latest_only.py took 0.853 seconds
[2025-08-26T04:55:43.286+0000] {processor.py:161} INFO - Started process (PID=3038) to work on /home/airflow/.local/lib/python3.12/site-packages/airflow/example_dags/example_latest_only.py
[2025-08-26T04:55:43.316+0000] {processor.py:830} INFO - Processing file /home/airflow/.local/lib/python3.12/site-packages/airflow/example_dags/example_latest_only.py for tasks to queue
[2025-08-26T04:55:43.339+0000] {logging_mixin.py:188} INFO - [2025-08-26T04:55:43.334+0000] {dagbag.py:545} INFO - Filling up the DagBag from /home/airflow/.local/lib/python3.12/site-packages/airflow/example_dags/example_latest_only.py
[2025-08-26T04:55:43.372+0000] {processor.py:840} INFO - DAG(s) 'latest_only' retrieved from /home/airflow/.local/lib/python3.12/site-packages/airflow/example_dags/example_latest_only.py
[2025-08-26T04:55:43.546+0000] {logging_mixin.py:188} INFO - [2025-08-26T04:55:43.545+0000] {dag.py:3096} INFO - Sync 1 DAGs
[2025-08-26T04:55:43.818+0000] {logging_mixin.py:188} INFO - [2025-08-26T04:55:43.818+0000] {dag.py:3954} INFO - Setting next_dagrun for latest_only to 2025-08-26 00:00:00+00:00, run_after=2025-08-26 04:00:00+00:00
[2025-08-26T04:55:44.074+0000] {processor.py:183} INFO - Processing /home/airflow/.local/lib/python3.12/site-packages/airflow/example_dags/example_latest_only.py took 0.915 seconds
[2025-08-26T04:56:14.573+0000] {processor.py:161} INFO - Started process (PID=3300) to work on /home/airflow/.local/lib/python3.12/site-packages/airflow/example_dags/example_latest_only.py
[2025-08-26T04:56:14.585+0000] {processor.py:830} INFO - Processing file /home/airflow/.local/lib/python3.12/site-packages/airflow/example_dags/example_latest_only.py for tasks to queue
[2025-08-26T04:56:14.601+0000] {logging_mixin.py:188} INFO - [2025-08-26T04:56:14.598+0000] {dagbag.py:545} INFO - Filling up the DagBag from /home/airflow/.local/lib/python3.12/site-packages/airflow/example_dags/example_latest_only.py
[2025-08-26T04:56:14.630+0000] {processor.py:840} INFO - DAG(s) 'latest_only' retrieved from /home/airflow/.local/lib/python3.12/site-packages/airflow/example_dags/example_latest_only.py
[2025-08-26T04:56:14.742+0000] {logging_mixin.py:188} INFO - [2025-08-26T04:56:14.740+0000] {dag.py:3096} INFO - Sync 1 DAGs
[2025-08-26T04:56:14.963+0000] {logging_mixin.py:188} INFO - [2025-08-26T04:56:14.962+0000] {dag.py:3954} INFO - Setting next_dagrun for latest_only to 2025-08-26 00:00:00+00:00, run_after=2025-08-26 04:00:00+00:00
[2025-08-26T04:56:15.123+0000] {processor.py:183} INFO - Processing /home/airflow/.local/lib/python3.12/site-packages/airflow/example_dags/example_latest_only.py took 0.589 seconds
[2025-08-26T04:56:48.256+0000] {processor.py:161} INFO - Started process (PID=3542) to work on /home/airflow/.local/lib/python3.12/site-packages/airflow/example_dags/example_latest_only.py
[2025-08-26T04:56:48.262+0000] {processor.py:830} INFO - Processing file /home/airflow/.local/lib/python3.12/site-packages/airflow/example_dags/example_latest_only.py for tasks to queue
[2025-08-26T04:56:48.289+0000] {logging_mixin.py:188} INFO - [2025-08-26T04:56:48.288+0000] {dagbag.py:545} INFO - Filling up the DagBag from /home/airflow/.local/lib/python3.12/site-packages/airflow/example_dags/example_latest_only.py
[2025-08-26T04:56:48.333+0000] {processor.py:840} INFO - DAG(s) 'latest_only' retrieved from /home/airflow/.local/lib/python3.12/site-packages/airflow/example_dags/example_latest_only.py
[2025-08-26T04:56:48.632+0000] {logging_mixin.py:188} INFO - [2025-08-26T04:56:48.631+0000] {dag.py:3096} INFO - Sync 1 DAGs
[2025-08-26T04:56:48.943+0000] {logging_mixin.py:188} INFO - [2025-08-26T04:56:48.942+0000] {dag.py:3954} INFO - Setting next_dagrun for latest_only to 2025-08-26 00:00:00+00:00, run_after=2025-08-26 04:00:00+00:00
[2025-08-26T04:56:49.249+0000] {processor.py:183} INFO - Processing /home/airflow/.local/lib/python3.12/site-packages/airflow/example_dags/example_latest_only.py took 1.045 seconds
[2025-08-26T04:57:23.368+0000] {processor.py:161} INFO - Started process (PID=3795) to work on /home/airflow/.local/lib/python3.12/site-packages/airflow/example_dags/example_latest_only.py
[2025-08-26T04:57:23.379+0000] {processor.py:830} INFO - Processing file /home/airflow/.local/lib/python3.12/site-packages/airflow/example_dags/example_latest_only.py for tasks to queue
[2025-08-26T04:57:23.393+0000] {logging_mixin.py:188} INFO - [2025-08-26T04:57:23.392+0000] {dagbag.py:545} INFO - Filling up the DagBag from /home/airflow/.local/lib/python3.12/site-packages/airflow/example_dags/example_latest_only.py
[2025-08-26T04:57:23.453+0000] {processor.py:840} INFO - DAG(s) 'latest_only' retrieved from /home/airflow/.local/lib/python3.12/site-packages/airflow/example_dags/example_latest_only.py
[2025-08-26T04:57:23.713+0000] {logging_mixin.py:188} INFO - [2025-08-26T04:57:23.712+0000] {dag.py:3096} INFO - Sync 1 DAGs
[2025-08-26T04:57:23.855+0000] {logging_mixin.py:188} INFO - [2025-08-26T04:57:23.855+0000] {dag.py:3954} INFO - Setting next_dagrun for latest_only to 2025-08-26 00:00:00+00:00, run_after=2025-08-26 04:00:00+00:00
[2025-08-26T04:57:24.748+0000] {processor.py:183} INFO - Processing /home/airflow/.local/lib/python3.12/site-packages/airflow/example_dags/example_latest_only.py took 1.432 seconds
[2025-08-26T05:34:39.711+0000] {processor.py:161} INFO - Started process (PID=3979) to work on /home/airflow/.local/lib/python3.12/site-packages/airflow/example_dags/example_latest_only.py
[2025-08-26T05:34:39.804+0000] {processor.py:830} INFO - Processing file /home/airflow/.local/lib/python3.12/site-packages/airflow/example_dags/example_latest_only.py for tasks to queue
[2025-08-26T05:34:39.924+0000] {logging_mixin.py:188} INFO - [2025-08-26T05:34:39.912+0000] {dagbag.py:545} INFO - Filling up the DagBag from /home/airflow/.local/lib/python3.12/site-packages/airflow/example_dags/example_latest_only.py
[2025-08-26T05:34:40.376+0000] {processor.py:840} INFO - DAG(s) 'latest_only' retrieved from /home/airflow/.local/lib/python3.12/site-packages/airflow/example_dags/example_latest_only.py
[2025-08-26T05:34:42.407+0000] {logging_mixin.py:188} INFO - [2025-08-26T05:34:42.406+0000] {dag.py:3096} INFO - Sync 1 DAGs
[2025-08-26T05:34:43.590+0000] {logging_mixin.py:188} INFO - [2025-08-26T05:34:43.589+0000] {dag.py:3954} INFO - Setting next_dagrun for latest_only to 2025-08-26 00:00:00+00:00, run_after=2025-08-26 04:00:00+00:00
[2025-08-26T05:34:44.156+0000] {processor.py:183} INFO - Processing /home/airflow/.local/lib/python3.12/site-packages/airflow/example_dags/example_latest_only.py took 5.973 seconds
[2025-08-26T05:42:02.349+0000] {processor.py:161} INFO - Started process (PID=4291) to work on /home/airflow/.local/lib/python3.12/site-packages/airflow/example_dags/example_latest_only.py
[2025-08-26T05:42:02.363+0000] {processor.py:830} INFO - Processing file /home/airflow/.local/lib/python3.12/site-packages/airflow/example_dags/example_latest_only.py for tasks to queue
[2025-08-26T05:42:02.370+0000] {logging_mixin.py:188} INFO - [2025-08-26T05:42:02.369+0000] {dagbag.py:545} INFO - Filling up the DagBag from /home/airflow/.local/lib/python3.12/site-packages/airflow/example_dags/example_latest_only.py
[2025-08-26T05:42:02.428+0000] {processor.py:840} INFO - DAG(s) 'latest_only' retrieved from /home/airflow/.local/lib/python3.12/site-packages/airflow/example_dags/example_latest_only.py
[2025-08-26T05:42:02.668+0000] {logging_mixin.py:188} INFO - [2025-08-26T05:42:02.667+0000] {dag.py:3096} INFO - Sync 1 DAGs
[2025-08-26T05:42:03.168+0000] {logging_mixin.py:188} INFO - [2025-08-26T05:42:03.167+0000] {dag.py:3954} INFO - Setting next_dagrun for latest_only to 2025-08-26 00:00:00+00:00, run_after=2025-08-26 04:00:00+00:00
[2025-08-26T05:42:03.548+0000] {processor.py:183} INFO - Processing /home/airflow/.local/lib/python3.12/site-packages/airflow/example_dags/example_latest_only.py took 1.256 seconds
[2025-08-26T05:42:52.487+0000] {processor.py:161} INFO - Started process (PID=4502) to work on /home/airflow/.local/lib/python3.12/site-packages/airflow/example_dags/example_latest_only.py
[2025-08-26T05:42:52.495+0000] {processor.py:830} INFO - Processing file /home/airflow/.local/lib/python3.12/site-packages/airflow/example_dags/example_latest_only.py for tasks to queue
[2025-08-26T05:42:52.502+0000] {logging_mixin.py:188} INFO - [2025-08-26T05:42:52.501+0000] {dagbag.py:545} INFO - Filling up the DagBag from /home/airflow/.local/lib/python3.12/site-packages/airflow/example_dags/example_latest_only.py
[2025-08-26T05:42:52.555+0000] {processor.py:840} INFO - DAG(s) 'latest_only' retrieved from /home/airflow/.local/lib/python3.12/site-packages/airflow/example_dags/example_latest_only.py
[2025-08-26T05:42:52.739+0000] {logging_mixin.py:188} INFO - [2025-08-26T05:42:52.738+0000] {dag.py:3096} INFO - Sync 1 DAGs
[2025-08-26T05:42:53.140+0000] {logging_mixin.py:188} INFO - [2025-08-26T05:42:53.139+0000] {dag.py:3954} INFO - Setting next_dagrun for latest_only to 2025-08-26 00:00:00+00:00, run_after=2025-08-26 04:00:00+00:00
[2025-08-26T05:42:53.419+0000] {processor.py:183} INFO - Processing /home/airflow/.local/lib/python3.12/site-packages/airflow/example_dags/example_latest_only.py took 0.982 seconds
[2025-08-26T05:43:50.399+0000] {processor.py:161} INFO - Started process (PID=4769) to work on /home/airflow/.local/lib/python3.12/site-packages/airflow/example_dags/example_latest_only.py
[2025-08-26T05:43:50.406+0000] {processor.py:830} INFO - Processing file /home/airflow/.local/lib/python3.12/site-packages/airflow/example_dags/example_latest_only.py for tasks to queue
[2025-08-26T05:43:50.414+0000] {logging_mixin.py:188} INFO - [2025-08-26T05:43:50.413+0000] {dagbag.py:545} INFO - Filling up the DagBag from /home/airflow/.local/lib/python3.12/site-packages/airflow/example_dags/example_latest_only.py
[2025-08-26T05:43:50.448+0000] {processor.py:840} INFO - DAG(s) 'latest_only' retrieved from /home/airflow/.local/lib/python3.12/site-packages/airflow/example_dags/example_latest_only.py
[2025-08-26T05:43:50.664+0000] {logging_mixin.py:188} INFO - [2025-08-26T05:43:50.663+0000] {dag.py:3096} INFO - Sync 1 DAGs
[2025-08-26T05:43:50.927+0000] {logging_mixin.py:188} INFO - [2025-08-26T05:43:50.926+0000] {dag.py:3954} INFO - Setting next_dagrun for latest_only to 2025-08-26 00:00:00+00:00, run_after=2025-08-26 04:00:00+00:00
[2025-08-26T05:43:51.271+0000] {processor.py:183} INFO - Processing /home/airflow/.local/lib/python3.12/site-packages/airflow/example_dags/example_latest_only.py took 0.906 seconds
[2025-08-26T05:44:22.810+0000] {processor.py:161} INFO - Started process (PID=5016) to work on /home/airflow/.local/lib/python3.12/site-packages/airflow/example_dags/example_latest_only.py
[2025-08-26T05:44:22.813+0000] {processor.py:830} INFO - Processing file /home/airflow/.local/lib/python3.12/site-packages/airflow/example_dags/example_latest_only.py for tasks to queue
[2025-08-26T05:44:22.820+0000] {logging_mixin.py:188} INFO - [2025-08-26T05:44:22.816+0000] {dagbag.py:545} INFO - Filling up the DagBag from /home/airflow/.local/lib/python3.12/site-packages/airflow/example_dags/example_latest_only.py
[2025-08-26T05:44:22.889+0000] {processor.py:840} INFO - DAG(s) 'latest_only' retrieved from /home/airflow/.local/lib/python3.12/site-packages/airflow/example_dags/example_latest_only.py
[2025-08-26T05:44:23.177+0000] {logging_mixin.py:188} INFO - [2025-08-26T05:44:23.176+0000] {dag.py:3096} INFO - Sync 1 DAGs
[2025-08-26T05:44:23.365+0000] {logging_mixin.py:188} INFO - [2025-08-26T05:44:23.364+0000] {dag.py:3954} INFO - Setting next_dagrun for latest_only to 2025-08-26 00:00:00+00:00, run_after=2025-08-26 04:00:00+00:00
[2025-08-26T05:44:23.557+0000] {processor.py:183} INFO - Processing /home/airflow/.local/lib/python3.12/site-packages/airflow/example_dags/example_latest_only.py took 0.783 seconds
[2025-08-26T05:44:58.946+0000] {processor.py:161} INFO - Started process (PID=5269) to work on /home/airflow/.local/lib/python3.12/site-packages/airflow/example_dags/example_latest_only.py
[2025-08-26T05:44:58.949+0000] {processor.py:830} INFO - Processing file /home/airflow/.local/lib/python3.12/site-packages/airflow/example_dags/example_latest_only.py for tasks to queue
[2025-08-26T05:44:58.969+0000] {logging_mixin.py:188} INFO - [2025-08-26T05:44:58.968+0000] {dagbag.py:545} INFO - Filling up the DagBag from /home/airflow/.local/lib/python3.12/site-packages/airflow/example_dags/example_latest_only.py
[2025-08-26T05:44:59.027+0000] {processor.py:840} INFO - DAG(s) 'latest_only' retrieved from /home/airflow/.local/lib/python3.12/site-packages/airflow/example_dags/example_latest_only.py
[2025-08-26T05:44:59.172+0000] {logging_mixin.py:188} INFO - [2025-08-26T05:44:59.171+0000] {dag.py:3096} INFO - Sync 1 DAGs
[2025-08-26T05:44:59.340+0000] {logging_mixin.py:188} INFO - [2025-08-26T05:44:59.340+0000] {dag.py:3954} INFO - Setting next_dagrun for latest_only to 2025-08-26 00:00:00+00:00, run_after=2025-08-26 04:00:00+00:00
[2025-08-26T05:44:59.508+0000] {processor.py:183} INFO - Processing /home/airflow/.local/lib/python3.12/site-packages/airflow/example_dags/example_latest_only.py took 0.620 seconds
[2025-08-26T05:45:32.974+0000] {processor.py:161} INFO - Started process (PID=5530) to work on /home/airflow/.local/lib/python3.12/site-packages/airflow/example_dags/example_latest_only.py
[2025-08-26T05:45:32.987+0000] {processor.py:830} INFO - Processing file /home/airflow/.local/lib/python3.12/site-packages/airflow/example_dags/example_latest_only.py for tasks to queue
[2025-08-26T05:45:32.999+0000] {logging_mixin.py:188} INFO - [2025-08-26T05:45:32.997+0000] {dagbag.py:545} INFO - Filling up the DagBag from /home/airflow/.local/lib/python3.12/site-packages/airflow/example_dags/example_latest_only.py
[2025-08-26T05:45:33.035+0000] {processor.py:840} INFO - DAG(s) 'latest_only' retrieved from /home/airflow/.local/lib/python3.12/site-packages/airflow/example_dags/example_latest_only.py
[2025-08-26T05:45:33.181+0000] {logging_mixin.py:188} INFO - [2025-08-26T05:45:33.180+0000] {dag.py:3096} INFO - Sync 1 DAGs
[2025-08-26T05:45:33.304+0000] {logging_mixin.py:188} INFO - [2025-08-26T05:45:33.302+0000] {dag.py:3954} INFO - Setting next_dagrun for latest_only to 2025-08-26 00:00:00+00:00, run_after=2025-08-26 04:00:00+00:00
[2025-08-26T05:45:33.407+0000] {processor.py:183} INFO - Processing /home/airflow/.local/lib/python3.12/site-packages/airflow/example_dags/example_latest_only.py took 0.520 seconds
[2025-08-26T05:46:05.315+0000] {processor.py:161} INFO - Started process (PID=5793) to work on /home/airflow/.local/lib/python3.12/site-packages/airflow/example_dags/example_latest_only.py
[2025-08-26T05:46:05.327+0000] {processor.py:830} INFO - Processing file /home/airflow/.local/lib/python3.12/site-packages/airflow/example_dags/example_latest_only.py for tasks to queue
[2025-08-26T05:46:05.349+0000] {logging_mixin.py:188} INFO - [2025-08-26T05:46:05.335+0000] {dagbag.py:545} INFO - Filling up the DagBag from /home/airflow/.local/lib/python3.12/site-packages/airflow/example_dags/example_latest_only.py
[2025-08-26T05:46:05.419+0000] {processor.py:840} INFO - DAG(s) 'latest_only' retrieved from /home/airflow/.local/lib/python3.12/site-packages/airflow/example_dags/example_latest_only.py
[2025-08-26T05:46:05.780+0000] {logging_mixin.py:188} INFO - [2025-08-26T05:46:05.779+0000] {dag.py:3096} INFO - Sync 1 DAGs
[2025-08-26T05:46:05.977+0000] {logging_mixin.py:188} INFO - [2025-08-26T05:46:05.976+0000] {dag.py:3954} INFO - Setting next_dagrun for latest_only to 2025-08-26 00:00:00+00:00, run_after=2025-08-26 04:00:00+00:00
[2025-08-26T05:46:06.083+0000] {processor.py:183} INFO - Processing /home/airflow/.local/lib/python3.12/site-packages/airflow/example_dags/example_latest_only.py took 0.820 seconds
[2025-08-26T05:46:38.050+0000] {processor.py:161} INFO - Started process (PID=6061) to work on /home/airflow/.local/lib/python3.12/site-packages/airflow/example_dags/example_latest_only.py
[2025-08-26T05:46:38.056+0000] {processor.py:830} INFO - Processing file /home/airflow/.local/lib/python3.12/site-packages/airflow/example_dags/example_latest_only.py for tasks to queue
[2025-08-26T05:46:38.067+0000] {logging_mixin.py:188} INFO - [2025-08-26T05:46:38.066+0000] {dagbag.py:545} INFO - Filling up the DagBag from /home/airflow/.local/lib/python3.12/site-packages/airflow/example_dags/example_latest_only.py
[2025-08-26T05:46:38.124+0000] {processor.py:840} INFO - DAG(s) 'latest_only' retrieved from /home/airflow/.local/lib/python3.12/site-packages/airflow/example_dags/example_latest_only.py
[2025-08-26T05:46:38.476+0000] {logging_mixin.py:188} INFO - [2025-08-26T05:46:38.475+0000] {dag.py:3096} INFO - Sync 1 DAGs
[2025-08-26T05:46:38.983+0000] {logging_mixin.py:188} INFO - [2025-08-26T05:46:38.982+0000] {dag.py:3954} INFO - Setting next_dagrun for latest_only to 2025-08-26 00:00:00+00:00, run_after=2025-08-26 04:00:00+00:00
[2025-08-26T05:46:39.239+0000] {processor.py:183} INFO - Processing /home/airflow/.local/lib/python3.12/site-packages/airflow/example_dags/example_latest_only.py took 1.283 seconds
[2025-08-26T05:47:10.497+0000] {processor.py:161} INFO - Started process (PID=6317) to work on /home/airflow/.local/lib/python3.12/site-packages/airflow/example_dags/example_latest_only.py
[2025-08-26T05:47:10.506+0000] {processor.py:830} INFO - Processing file /home/airflow/.local/lib/python3.12/site-packages/airflow/example_dags/example_latest_only.py for tasks to queue
[2025-08-26T05:47:10.510+0000] {logging_mixin.py:188} INFO - [2025-08-26T05:47:10.509+0000] {dagbag.py:545} INFO - Filling up the DagBag from /home/airflow/.local/lib/python3.12/site-packages/airflow/example_dags/example_latest_only.py
[2025-08-26T05:47:10.556+0000] {processor.py:840} INFO - DAG(s) 'latest_only' retrieved from /home/airflow/.local/lib/python3.12/site-packages/airflow/example_dags/example_latest_only.py
[2025-08-26T05:47:10.808+0000] {logging_mixin.py:188} INFO - [2025-08-26T05:47:10.807+0000] {dag.py:3096} INFO - Sync 1 DAGs
[2025-08-26T05:47:10.996+0000] {logging_mixin.py:188} INFO - [2025-08-26T05:47:10.996+0000] {dag.py:3954} INFO - Setting next_dagrun for latest_only to 2025-08-26 00:00:00+00:00, run_after=2025-08-26 04:00:00+00:00
[2025-08-26T05:47:11.274+0000] {processor.py:183} INFO - Processing /home/airflow/.local/lib/python3.12/site-packages/airflow/example_dags/example_latest_only.py took 0.847 seconds
[2025-08-26T05:47:45.700+0000] {processor.py:161} INFO - Started process (PID=6569) to work on /home/airflow/.local/lib/python3.12/site-packages/airflow/example_dags/example_latest_only.py
[2025-08-26T05:47:45.704+0000] {processor.py:830} INFO - Processing file /home/airflow/.local/lib/python3.12/site-packages/airflow/example_dags/example_latest_only.py for tasks to queue
[2025-08-26T05:47:45.723+0000] {logging_mixin.py:188} INFO - [2025-08-26T05:47:45.721+0000] {dagbag.py:545} INFO - Filling up the DagBag from /home/airflow/.local/lib/python3.12/site-packages/airflow/example_dags/example_latest_only.py
[2025-08-26T05:47:45.864+0000] {processor.py:840} INFO - DAG(s) 'latest_only' retrieved from /home/airflow/.local/lib/python3.12/site-packages/airflow/example_dags/example_latest_only.py
[2025-08-26T05:47:46.134+0000] {logging_mixin.py:188} INFO - [2025-08-26T05:47:46.133+0000] {dag.py:3096} INFO - Sync 1 DAGs
[2025-08-26T05:47:46.348+0000] {logging_mixin.py:188} INFO - [2025-08-26T05:47:46.348+0000] {dag.py:3954} INFO - Setting next_dagrun for latest_only to 2025-08-26 00:00:00+00:00, run_after=2025-08-26 04:00:00+00:00
[2025-08-26T05:47:46.638+0000] {processor.py:183} INFO - Processing /home/airflow/.local/lib/python3.12/site-packages/airflow/example_dags/example_latest_only.py took 0.991 seconds
