[2025-08-26T04:30:06.414+0000] {processor.py:161} INFO - Started process (PID=359) to work on /home/airflow/.local/lib/python3.12/site-packages/airflow/example_dags/example_bash_operator.py
[2025-08-26T04:30:06.417+0000] {processor.py:830} INFO - Processing file /home/airflow/.local/lib/python3.12/site-packages/airflow/example_dags/example_bash_operator.py for tasks to queue
[2025-08-26T04:30:06.430+0000] {logging_mixin.py:188} INFO - [2025-08-26T04:30:06.427+0000] {dagbag.py:545} INFO - Filling up the DagBag from /home/airflow/.local/lib/python3.12/site-packages/airflow/example_dags/example_bash_operator.py
[2025-08-26T04:30:06.530+0000] {processor.py:840} INFO - DAG(s) 'example_bash_operator' retrieved from /home/airflow/.local/lib/python3.12/site-packages/airflow/example_dags/example_bash_operator.py
[2025-08-26T04:30:08.369+0000] {logging_mixin.py:188} INFO - [2025-08-26T04:30:08.364+0000] {override.py:1829} INFO - Created Permission View: can delete on DAG:example_bash_operator
[2025-08-26T04:30:08.542+0000] {logging_mixin.py:188} INFO - [2025-08-26T04:30:08.541+0000] {override.py:1829} INFO - Created Permission View: can read on DAG:example_bash_operator
[2025-08-26T04:30:08.740+0000] {logging_mixin.py:188} INFO - [2025-08-26T04:30:08.738+0000] {override.py:1829} INFO - Created Permission View: can edit on DAG:example_bash_operator
[2025-08-26T04:30:08.763+0000] {logging_mixin.py:188} INFO - [2025-08-26T04:30:08.744+0000] {dag.py:3096} INFO - Sync 1 DAGs
[2025-08-26T04:30:08.951+0000] {logging_mixin.py:188} INFO - [2025-08-26T04:30:08.950+0000] {dag.py:3118} INFO - Creating ORM DAG for example_bash_operator
[2025-08-26T04:30:09.091+0000] {logging_mixin.py:188} INFO - [2025-08-26T04:30:09.091+0000] {dag.py:3954} INFO - Setting next_dagrun for example_bash_operator to 2025-08-25 00:00:00+00:00, run_after=2025-08-26 00:00:00+00:00
[2025-08-26T04:30:09.256+0000] {processor.py:183} INFO - Processing /home/airflow/.local/lib/python3.12/site-packages/airflow/example_dags/example_bash_operator.py took 2.909 seconds
[2025-08-26T04:31:03.875+0000] {processor.py:161} INFO - Started process (PID=628) to work on /home/airflow/.local/lib/python3.12/site-packages/airflow/example_dags/example_bash_operator.py
[2025-08-26T04:31:03.883+0000] {processor.py:830} INFO - Processing file /home/airflow/.local/lib/python3.12/site-packages/airflow/example_dags/example_bash_operator.py for tasks to queue
[2025-08-26T04:31:03.892+0000] {logging_mixin.py:188} INFO - [2025-08-26T04:31:03.890+0000] {dagbag.py:545} INFO - Filling up the DagBag from /home/airflow/.local/lib/python3.12/site-packages/airflow/example_dags/example_bash_operator.py
[2025-08-26T04:31:03.950+0000] {processor.py:840} INFO - DAG(s) 'example_bash_operator' retrieved from /home/airflow/.local/lib/python3.12/site-packages/airflow/example_dags/example_bash_operator.py
[2025-08-26T04:31:04.172+0000] {logging_mixin.py:188} INFO - [2025-08-26T04:31:04.171+0000] {dag.py:3096} INFO - Sync 1 DAGs
[2025-08-26T04:31:04.430+0000] {logging_mixin.py:188} INFO - [2025-08-26T04:31:04.429+0000] {dag.py:3954} INFO - Setting next_dagrun for example_bash_operator to 2025-08-25 00:00:00+00:00, run_after=2025-08-26 00:00:00+00:00
[2025-08-26T04:31:04.615+0000] {processor.py:183} INFO - Processing /home/airflow/.local/lib/python3.12/site-packages/airflow/example_dags/example_bash_operator.py took 0.823 seconds
[2025-08-26T04:31:39.792+0000] {processor.py:161} INFO - Started process (PID=890) to work on /home/airflow/.local/lib/python3.12/site-packages/airflow/example_dags/example_bash_operator.py
[2025-08-26T04:31:39.797+0000] {processor.py:830} INFO - Processing file /home/airflow/.local/lib/python3.12/site-packages/airflow/example_dags/example_bash_operator.py for tasks to queue
[2025-08-26T04:31:39.807+0000] {logging_mixin.py:188} INFO - [2025-08-26T04:31:39.805+0000] {dagbag.py:545} INFO - Filling up the DagBag from /home/airflow/.local/lib/python3.12/site-packages/airflow/example_dags/example_bash_operator.py
[2025-08-26T04:31:39.870+0000] {processor.py:840} INFO - DAG(s) 'example_bash_operator' retrieved from /home/airflow/.local/lib/python3.12/site-packages/airflow/example_dags/example_bash_operator.py
[2025-08-26T04:31:40.318+0000] {logging_mixin.py:188} INFO - [2025-08-26T04:31:40.302+0000] {dag.py:3096} INFO - Sync 1 DAGs
[2025-08-26T04:31:40.550+0000] {logging_mixin.py:188} INFO - [2025-08-26T04:31:40.549+0000] {dag.py:3954} INFO - Setting next_dagrun for example_bash_operator to 2025-08-25 00:00:00+00:00, run_after=2025-08-26 00:00:00+00:00
[2025-08-26T04:31:40.811+0000] {processor.py:183} INFO - Processing /home/airflow/.local/lib/python3.12/site-packages/airflow/example_dags/example_bash_operator.py took 1.053 seconds
[2025-08-26T04:32:14.781+0000] {processor.py:161} INFO - Started process (PID=1151) to work on /home/airflow/.local/lib/python3.12/site-packages/airflow/example_dags/example_bash_operator.py
[2025-08-26T04:32:14.785+0000] {processor.py:830} INFO - Processing file /home/airflow/.local/lib/python3.12/site-packages/airflow/example_dags/example_bash_operator.py for tasks to queue
[2025-08-26T04:32:14.796+0000] {logging_mixin.py:188} INFO - [2025-08-26T04:32:14.793+0000] {dagbag.py:545} INFO - Filling up the DagBag from /home/airflow/.local/lib/python3.12/site-packages/airflow/example_dags/example_bash_operator.py
[2025-08-26T04:32:14.852+0000] {processor.py:840} INFO - DAG(s) 'example_bash_operator' retrieved from /home/airflow/.local/lib/python3.12/site-packages/airflow/example_dags/example_bash_operator.py
[2025-08-26T04:32:15.071+0000] {logging_mixin.py:188} INFO - [2025-08-26T04:32:15.070+0000] {dag.py:3096} INFO - Sync 1 DAGs
[2025-08-26T04:32:15.216+0000] {logging_mixin.py:188} INFO - [2025-08-26T04:32:15.215+0000] {dag.py:3954} INFO - Setting next_dagrun for example_bash_operator to 2025-08-25 00:00:00+00:00, run_after=2025-08-26 00:00:00+00:00
[2025-08-26T04:32:15.305+0000] {processor.py:183} INFO - Processing /home/airflow/.local/lib/python3.12/site-packages/airflow/example_dags/example_bash_operator.py took 0.557 seconds
[2025-08-26T04:32:57.005+0000] {processor.py:161} INFO - Started process (PID=1421) to work on /home/airflow/.local/lib/python3.12/site-packages/airflow/example_dags/example_bash_operator.py
[2025-08-26T04:32:57.020+0000] {processor.py:830} INFO - Processing file /home/airflow/.local/lib/python3.12/site-packages/airflow/example_dags/example_bash_operator.py for tasks to queue
[2025-08-26T04:32:57.040+0000] {logging_mixin.py:188} INFO - [2025-08-26T04:32:57.039+0000] {dagbag.py:545} INFO - Filling up the DagBag from /home/airflow/.local/lib/python3.12/site-packages/airflow/example_dags/example_bash_operator.py
[2025-08-26T04:32:57.167+0000] {processor.py:840} INFO - DAG(s) 'example_bash_operator' retrieved from /home/airflow/.local/lib/python3.12/site-packages/airflow/example_dags/example_bash_operator.py
[2025-08-26T04:32:57.791+0000] {logging_mixin.py:188} INFO - [2025-08-26T04:32:57.788+0000] {dag.py:3096} INFO - Sync 1 DAGs
[2025-08-26T04:32:58.304+0000] {logging_mixin.py:188} INFO - [2025-08-26T04:32:58.303+0000] {dag.py:3954} INFO - Setting next_dagrun for example_bash_operator to 2025-08-25 00:00:00+00:00, run_after=2025-08-26 00:00:00+00:00
[2025-08-26T04:32:58.621+0000] {processor.py:183} INFO - Processing /home/airflow/.local/lib/python3.12/site-packages/airflow/example_dags/example_bash_operator.py took 1.680 seconds
[2025-08-26T04:33:29.051+0000] {processor.py:161} INFO - Started process (PID=1683) to work on /home/airflow/.local/lib/python3.12/site-packages/airflow/example_dags/example_bash_operator.py
[2025-08-26T04:33:29.055+0000] {processor.py:830} INFO - Processing file /home/airflow/.local/lib/python3.12/site-packages/airflow/example_dags/example_bash_operator.py for tasks to queue
[2025-08-26T04:33:29.066+0000] {logging_mixin.py:188} INFO - [2025-08-26T04:33:29.062+0000] {dagbag.py:545} INFO - Filling up the DagBag from /home/airflow/.local/lib/python3.12/site-packages/airflow/example_dags/example_bash_operator.py
[2025-08-26T04:33:29.120+0000] {processor.py:840} INFO - DAG(s) 'example_bash_operator' retrieved from /home/airflow/.local/lib/python3.12/site-packages/airflow/example_dags/example_bash_operator.py
[2025-08-26T04:33:29.308+0000] {logging_mixin.py:188} INFO - [2025-08-26T04:33:29.307+0000] {dag.py:3096} INFO - Sync 1 DAGs
[2025-08-26T04:33:29.512+0000] {logging_mixin.py:188} INFO - [2025-08-26T04:33:29.500+0000] {dag.py:3954} INFO - Setting next_dagrun for example_bash_operator to 2025-08-25 00:00:00+00:00, run_after=2025-08-26 00:00:00+00:00
[2025-08-26T04:33:29.631+0000] {processor.py:183} INFO - Processing /home/airflow/.local/lib/python3.12/site-packages/airflow/example_dags/example_bash_operator.py took 0.609 seconds
[2025-08-26T04:34:00.097+0000] {processor.py:161} INFO - Started process (PID=1945) to work on /home/airflow/.local/lib/python3.12/site-packages/airflow/example_dags/example_bash_operator.py
[2025-08-26T04:34:00.114+0000] {processor.py:830} INFO - Processing file /home/airflow/.local/lib/python3.12/site-packages/airflow/example_dags/example_bash_operator.py for tasks to queue
[2025-08-26T04:34:00.132+0000] {logging_mixin.py:188} INFO - [2025-08-26T04:34:00.131+0000] {dagbag.py:545} INFO - Filling up the DagBag from /home/airflow/.local/lib/python3.12/site-packages/airflow/example_dags/example_bash_operator.py
[2025-08-26T04:34:00.238+0000] {processor.py:840} INFO - DAG(s) 'example_bash_operator' retrieved from /home/airflow/.local/lib/python3.12/site-packages/airflow/example_dags/example_bash_operator.py
[2025-08-26T04:34:00.489+0000] {logging_mixin.py:188} INFO - [2025-08-26T04:34:00.488+0000] {dag.py:3096} INFO - Sync 1 DAGs
[2025-08-26T04:34:00.697+0000] {logging_mixin.py:188} INFO - [2025-08-26T04:34:00.697+0000] {dag.py:3954} INFO - Setting next_dagrun for example_bash_operator to 2025-08-25 00:00:00+00:00, run_after=2025-08-26 00:00:00+00:00
[2025-08-26T04:34:00.945+0000] {processor.py:183} INFO - Processing /home/airflow/.local/lib/python3.12/site-packages/airflow/example_dags/example_bash_operator.py took 0.892 seconds
[2025-08-26T04:34:31.775+0000] {processor.py:161} INFO - Started process (PID=2207) to work on /home/airflow/.local/lib/python3.12/site-packages/airflow/example_dags/example_bash_operator.py
[2025-08-26T04:34:31.778+0000] {processor.py:830} INFO - Processing file /home/airflow/.local/lib/python3.12/site-packages/airflow/example_dags/example_bash_operator.py for tasks to queue
[2025-08-26T04:34:31.794+0000] {logging_mixin.py:188} INFO - [2025-08-26T04:34:31.790+0000] {dagbag.py:545} INFO - Filling up the DagBag from /home/airflow/.local/lib/python3.12/site-packages/airflow/example_dags/example_bash_operator.py
[2025-08-26T04:34:31.905+0000] {processor.py:840} INFO - DAG(s) 'example_bash_operator' retrieved from /home/airflow/.local/lib/python3.12/site-packages/airflow/example_dags/example_bash_operator.py
[2025-08-26T04:34:32.232+0000] {logging_mixin.py:188} INFO - [2025-08-26T04:34:32.231+0000] {dag.py:3096} INFO - Sync 1 DAGs
[2025-08-26T04:34:32.411+0000] {logging_mixin.py:188} INFO - [2025-08-26T04:34:32.410+0000] {dag.py:3954} INFO - Setting next_dagrun for example_bash_operator to 2025-08-25 00:00:00+00:00, run_after=2025-08-26 00:00:00+00:00
[2025-08-26T04:34:32.587+0000] {processor.py:183} INFO - Processing /home/airflow/.local/lib/python3.12/site-packages/airflow/example_dags/example_bash_operator.py took 0.864 seconds
[2025-08-26T04:35:02.725+0000] {processor.py:161} INFO - Started process (PID=2468) to work on /home/airflow/.local/lib/python3.12/site-packages/airflow/example_dags/example_bash_operator.py
[2025-08-26T04:35:02.728+0000] {processor.py:830} INFO - Processing file /home/airflow/.local/lib/python3.12/site-packages/airflow/example_dags/example_bash_operator.py for tasks to queue
[2025-08-26T04:35:02.735+0000] {logging_mixin.py:188} INFO - [2025-08-26T04:35:02.734+0000] {dagbag.py:545} INFO - Filling up the DagBag from /home/airflow/.local/lib/python3.12/site-packages/airflow/example_dags/example_bash_operator.py
[2025-08-26T04:35:02.780+0000] {processor.py:840} INFO - DAG(s) 'example_bash_operator' retrieved from /home/airflow/.local/lib/python3.12/site-packages/airflow/example_dags/example_bash_operator.py
[2025-08-26T04:35:02.894+0000] {logging_mixin.py:188} INFO - [2025-08-26T04:35:02.893+0000] {dag.py:3096} INFO - Sync 1 DAGs
[2025-08-26T04:35:03.005+0000] {logging_mixin.py:188} INFO - [2025-08-26T04:35:03.005+0000] {dag.py:3954} INFO - Setting next_dagrun for example_bash_operator to 2025-08-25 00:00:00+00:00, run_after=2025-08-26 00:00:00+00:00
[2025-08-26T04:35:03.093+0000] {processor.py:183} INFO - Processing /home/airflow/.local/lib/python3.12/site-packages/airflow/example_dags/example_bash_operator.py took 0.392 seconds
[2025-08-26T04:35:36.368+0000] {processor.py:161} INFO - Started process (PID=2738) to work on /home/airflow/.local/lib/python3.12/site-packages/airflow/example_dags/example_bash_operator.py
[2025-08-26T04:35:36.372+0000] {processor.py:830} INFO - Processing file /home/airflow/.local/lib/python3.12/site-packages/airflow/example_dags/example_bash_operator.py for tasks to queue
[2025-08-26T04:35:36.382+0000] {logging_mixin.py:188} INFO - [2025-08-26T04:35:36.381+0000] {dagbag.py:545} INFO - Filling up the DagBag from /home/airflow/.local/lib/python3.12/site-packages/airflow/example_dags/example_bash_operator.py
[2025-08-26T04:35:36.456+0000] {processor.py:840} INFO - DAG(s) 'example_bash_operator' retrieved from /home/airflow/.local/lib/python3.12/site-packages/airflow/example_dags/example_bash_operator.py
[2025-08-26T04:35:36.606+0000] {logging_mixin.py:188} INFO - [2025-08-26T04:35:36.606+0000] {dag.py:3096} INFO - Sync 1 DAGs
[2025-08-26T04:35:36.723+0000] {logging_mixin.py:188} INFO - [2025-08-26T04:35:36.722+0000] {dag.py:3954} INFO - Setting next_dagrun for example_bash_operator to 2025-08-25 00:00:00+00:00, run_after=2025-08-26 00:00:00+00:00
[2025-08-26T04:35:36.833+0000] {processor.py:183} INFO - Processing /home/airflow/.local/lib/python3.12/site-packages/airflow/example_dags/example_bash_operator.py took 0.494 seconds
[2025-08-26T04:36:08.444+0000] {processor.py:161} INFO - Started process (PID=3000) to work on /home/airflow/.local/lib/python3.12/site-packages/airflow/example_dags/example_bash_operator.py
[2025-08-26T04:36:08.456+0000] {processor.py:830} INFO - Processing file /home/airflow/.local/lib/python3.12/site-packages/airflow/example_dags/example_bash_operator.py for tasks to queue
[2025-08-26T04:36:08.474+0000] {logging_mixin.py:188} INFO - [2025-08-26T04:36:08.473+0000] {dagbag.py:545} INFO - Filling up the DagBag from /home/airflow/.local/lib/python3.12/site-packages/airflow/example_dags/example_bash_operator.py
[2025-08-26T04:36:08.622+0000] {processor.py:840} INFO - DAG(s) 'example_bash_operator' retrieved from /home/airflow/.local/lib/python3.12/site-packages/airflow/example_dags/example_bash_operator.py
[2025-08-26T04:36:09.128+0000] {logging_mixin.py:188} INFO - [2025-08-26T04:36:09.124+0000] {dag.py:3096} INFO - Sync 1 DAGs
[2025-08-26T04:36:09.480+0000] {logging_mixin.py:188} INFO - [2025-08-26T04:36:09.480+0000] {dag.py:3954} INFO - Setting next_dagrun for example_bash_operator to 2025-08-25 00:00:00+00:00, run_after=2025-08-26 00:00:00+00:00
[2025-08-26T04:36:09.623+0000] {processor.py:183} INFO - Processing /home/airflow/.local/lib/python3.12/site-packages/airflow/example_dags/example_bash_operator.py took 1.249 seconds
[2025-08-26T04:36:40.573+0000] {processor.py:161} INFO - Started process (PID=3259) to work on /home/airflow/.local/lib/python3.12/site-packages/airflow/example_dags/example_bash_operator.py
[2025-08-26T04:36:40.579+0000] {processor.py:830} INFO - Processing file /home/airflow/.local/lib/python3.12/site-packages/airflow/example_dags/example_bash_operator.py for tasks to queue
[2025-08-26T04:36:40.596+0000] {logging_mixin.py:188} INFO - [2025-08-26T04:36:40.594+0000] {dagbag.py:545} INFO - Filling up the DagBag from /home/airflow/.local/lib/python3.12/site-packages/airflow/example_dags/example_bash_operator.py
[2025-08-26T04:36:40.684+0000] {processor.py:840} INFO - DAG(s) 'example_bash_operator' retrieved from /home/airflow/.local/lib/python3.12/site-packages/airflow/example_dags/example_bash_operator.py
[2025-08-26T04:36:41.016+0000] {logging_mixin.py:188} INFO - [2025-08-26T04:36:41.015+0000] {dag.py:3096} INFO - Sync 1 DAGs
[2025-08-26T04:36:41.265+0000] {logging_mixin.py:188} INFO - [2025-08-26T04:36:41.264+0000] {dag.py:3954} INFO - Setting next_dagrun for example_bash_operator to 2025-08-25 00:00:00+00:00, run_after=2025-08-26 00:00:00+00:00
[2025-08-26T04:36:41.415+0000] {processor.py:183} INFO - Processing /home/airflow/.local/lib/python3.12/site-packages/airflow/example_dags/example_bash_operator.py took 0.889 seconds
[2025-08-26T04:37:12.226+0000] {processor.py:161} INFO - Started process (PID=3521) to work on /home/airflow/.local/lib/python3.12/site-packages/airflow/example_dags/example_bash_operator.py
[2025-08-26T04:37:12.229+0000] {processor.py:830} INFO - Processing file /home/airflow/.local/lib/python3.12/site-packages/airflow/example_dags/example_bash_operator.py for tasks to queue
[2025-08-26T04:37:12.235+0000] {logging_mixin.py:188} INFO - [2025-08-26T04:37:12.233+0000] {dagbag.py:545} INFO - Filling up the DagBag from /home/airflow/.local/lib/python3.12/site-packages/airflow/example_dags/example_bash_operator.py
[2025-08-26T04:37:12.282+0000] {processor.py:840} INFO - DAG(s) 'example_bash_operator' retrieved from /home/airflow/.local/lib/python3.12/site-packages/airflow/example_dags/example_bash_operator.py
[2025-08-26T04:37:12.382+0000] {logging_mixin.py:188} INFO - [2025-08-26T04:37:12.381+0000] {dag.py:3096} INFO - Sync 1 DAGs
[2025-08-26T04:37:12.469+0000] {logging_mixin.py:188} INFO - [2025-08-26T04:37:12.469+0000] {dag.py:3954} INFO - Setting next_dagrun for example_bash_operator to 2025-08-25 00:00:00+00:00, run_after=2025-08-26 00:00:00+00:00
[2025-08-26T04:37:12.527+0000] {processor.py:183} INFO - Processing /home/airflow/.local/lib/python3.12/site-packages/airflow/example_dags/example_bash_operator.py took 0.331 seconds
[2025-08-26T04:37:43.212+0000] {processor.py:161} INFO - Started process (PID=3782) to work on /home/airflow/.local/lib/python3.12/site-packages/airflow/example_dags/example_bash_operator.py
[2025-08-26T04:37:43.215+0000] {processor.py:830} INFO - Processing file /home/airflow/.local/lib/python3.12/site-packages/airflow/example_dags/example_bash_operator.py for tasks to queue
[2025-08-26T04:37:43.220+0000] {logging_mixin.py:188} INFO - [2025-08-26T04:37:43.219+0000] {dagbag.py:545} INFO - Filling up the DagBag from /home/airflow/.local/lib/python3.12/site-packages/airflow/example_dags/example_bash_operator.py
[2025-08-26T04:37:43.255+0000] {processor.py:840} INFO - DAG(s) 'example_bash_operator' retrieved from /home/airflow/.local/lib/python3.12/site-packages/airflow/example_dags/example_bash_operator.py
[2025-08-26T04:37:43.348+0000] {logging_mixin.py:188} INFO - [2025-08-26T04:37:43.348+0000] {dag.py:3096} INFO - Sync 1 DAGs
[2025-08-26T04:37:43.427+0000] {logging_mixin.py:188} INFO - [2025-08-26T04:37:43.426+0000] {dag.py:3954} INFO - Setting next_dagrun for example_bash_operator to 2025-08-25 00:00:00+00:00, run_after=2025-08-26 00:00:00+00:00
[2025-08-26T04:37:43.481+0000] {processor.py:183} INFO - Processing /home/airflow/.local/lib/python3.12/site-packages/airflow/example_dags/example_bash_operator.py took 0.293 seconds
[2025-08-26T04:38:14.129+0000] {processor.py:161} INFO - Started process (PID=4042) to work on /home/airflow/.local/lib/python3.12/site-packages/airflow/example_dags/example_bash_operator.py
[2025-08-26T04:38:14.144+0000] {processor.py:830} INFO - Processing file /home/airflow/.local/lib/python3.12/site-packages/airflow/example_dags/example_bash_operator.py for tasks to queue
[2025-08-26T04:38:14.155+0000] {logging_mixin.py:188} INFO - [2025-08-26T04:38:14.153+0000] {dagbag.py:545} INFO - Filling up the DagBag from /home/airflow/.local/lib/python3.12/site-packages/airflow/example_dags/example_bash_operator.py
[2025-08-26T04:38:14.300+0000] {processor.py:840} INFO - DAG(s) 'example_bash_operator' retrieved from /home/airflow/.local/lib/python3.12/site-packages/airflow/example_dags/example_bash_operator.py
[2025-08-26T04:38:14.494+0000] {logging_mixin.py:188} INFO - [2025-08-26T04:38:14.493+0000] {dag.py:3096} INFO - Sync 1 DAGs
[2025-08-26T04:38:14.623+0000] {logging_mixin.py:188} INFO - [2025-08-26T04:38:14.623+0000] {dag.py:3954} INFO - Setting next_dagrun for example_bash_operator to 2025-08-25 00:00:00+00:00, run_after=2025-08-26 00:00:00+00:00
[2025-08-26T04:38:14.719+0000] {processor.py:183} INFO - Processing /home/airflow/.local/lib/python3.12/site-packages/airflow/example_dags/example_bash_operator.py took 0.630 seconds
[2025-08-26T04:38:45.734+0000] {processor.py:161} INFO - Started process (PID=4304) to work on /home/airflow/.local/lib/python3.12/site-packages/airflow/example_dags/example_bash_operator.py
[2025-08-26T04:38:45.749+0000] {processor.py:830} INFO - Processing file /home/airflow/.local/lib/python3.12/site-packages/airflow/example_dags/example_bash_operator.py for tasks to queue
[2025-08-26T04:38:45.765+0000] {logging_mixin.py:188} INFO - [2025-08-26T04:38:45.764+0000] {dagbag.py:545} INFO - Filling up the DagBag from /home/airflow/.local/lib/python3.12/site-packages/airflow/example_dags/example_bash_operator.py
[2025-08-26T04:38:45.855+0000] {processor.py:840} INFO - DAG(s) 'example_bash_operator' retrieved from /home/airflow/.local/lib/python3.12/site-packages/airflow/example_dags/example_bash_operator.py
[2025-08-26T04:38:46.047+0000] {logging_mixin.py:188} INFO - [2025-08-26T04:38:46.046+0000] {dag.py:3096} INFO - Sync 1 DAGs
[2025-08-26T04:38:46.172+0000] {logging_mixin.py:188} INFO - [2025-08-26T04:38:46.171+0000] {dag.py:3954} INFO - Setting next_dagrun for example_bash_operator to 2025-08-25 00:00:00+00:00, run_after=2025-08-26 00:00:00+00:00
[2025-08-26T04:38:46.308+0000] {processor.py:183} INFO - Processing /home/airflow/.local/lib/python3.12/site-packages/airflow/example_dags/example_bash_operator.py took 0.619 seconds
[2025-08-26T04:39:16.845+0000] {processor.py:161} INFO - Started process (PID=4566) to work on /home/airflow/.local/lib/python3.12/site-packages/airflow/example_dags/example_bash_operator.py
[2025-08-26T04:39:16.849+0000] {processor.py:830} INFO - Processing file /home/airflow/.local/lib/python3.12/site-packages/airflow/example_dags/example_bash_operator.py for tasks to queue
[2025-08-26T04:39:16.859+0000] {logging_mixin.py:188} INFO - [2025-08-26T04:39:16.855+0000] {dagbag.py:545} INFO - Filling up the DagBag from /home/airflow/.local/lib/python3.12/site-packages/airflow/example_dags/example_bash_operator.py
[2025-08-26T04:39:16.968+0000] {processor.py:840} INFO - DAG(s) 'example_bash_operator' retrieved from /home/airflow/.local/lib/python3.12/site-packages/airflow/example_dags/example_bash_operator.py
[2025-08-26T04:39:17.191+0000] {logging_mixin.py:188} INFO - [2025-08-26T04:39:17.191+0000] {dag.py:3096} INFO - Sync 1 DAGs
[2025-08-26T04:39:17.326+0000] {logging_mixin.py:188} INFO - [2025-08-26T04:39:17.325+0000] {dag.py:3954} INFO - Setting next_dagrun for example_bash_operator to 2025-08-25 00:00:00+00:00, run_after=2025-08-26 00:00:00+00:00
[2025-08-26T04:39:17.444+0000] {processor.py:183} INFO - Processing /home/airflow/.local/lib/python3.12/site-packages/airflow/example_dags/example_bash_operator.py took 0.637 seconds
[2025-08-26T04:40:04.826+0000] {processor.py:161} INFO - Started process (PID=4851) to work on /home/airflow/.local/lib/python3.12/site-packages/airflow/example_dags/example_bash_operator.py
[2025-08-26T04:40:04.856+0000] {processor.py:830} INFO - Processing file /home/airflow/.local/lib/python3.12/site-packages/airflow/example_dags/example_bash_operator.py for tasks to queue
[2025-08-26T04:40:04.874+0000] {logging_mixin.py:188} INFO - [2025-08-26T04:40:04.872+0000] {dagbag.py:545} INFO - Filling up the DagBag from /home/airflow/.local/lib/python3.12/site-packages/airflow/example_dags/example_bash_operator.py
[2025-08-26T04:40:05.132+0000] {processor.py:840} INFO - DAG(s) 'example_bash_operator' retrieved from /home/airflow/.local/lib/python3.12/site-packages/airflow/example_dags/example_bash_operator.py
[2025-08-26T04:40:05.620+0000] {logging_mixin.py:188} INFO - [2025-08-26T04:40:05.619+0000] {dag.py:3096} INFO - Sync 1 DAGs
[2025-08-26T04:40:05.965+0000] {logging_mixin.py:188} INFO - [2025-08-26T04:40:05.965+0000] {dag.py:3954} INFO - Setting next_dagrun for example_bash_operator to 2025-08-25 00:00:00+00:00, run_after=2025-08-26 00:00:00+00:00
[2025-08-26T04:40:06.125+0000] {processor.py:183} INFO - Processing /home/airflow/.local/lib/python3.12/site-packages/airflow/example_dags/example_bash_operator.py took 1.415 seconds
[2025-08-26T04:40:40.903+0000] {processor.py:161} INFO - Started process (PID=5111) to work on /home/airflow/.local/lib/python3.12/site-packages/airflow/example_dags/example_bash_operator.py
[2025-08-26T04:40:40.907+0000] {processor.py:830} INFO - Processing file /home/airflow/.local/lib/python3.12/site-packages/airflow/example_dags/example_bash_operator.py for tasks to queue
[2025-08-26T04:40:40.923+0000] {logging_mixin.py:188} INFO - [2025-08-26T04:40:40.921+0000] {dagbag.py:545} INFO - Filling up the DagBag from /home/airflow/.local/lib/python3.12/site-packages/airflow/example_dags/example_bash_operator.py
[2025-08-26T04:40:40.999+0000] {processor.py:840} INFO - DAG(s) 'example_bash_operator' retrieved from /home/airflow/.local/lib/python3.12/site-packages/airflow/example_dags/example_bash_operator.py
[2025-08-26T04:40:41.305+0000] {logging_mixin.py:188} INFO - [2025-08-26T04:40:41.304+0000] {dag.py:3096} INFO - Sync 1 DAGs
[2025-08-26T04:40:41.515+0000] {logging_mixin.py:188} INFO - [2025-08-26T04:40:41.515+0000] {dag.py:3954} INFO - Setting next_dagrun for example_bash_operator to 2025-08-25 00:00:00+00:00, run_after=2025-08-26 00:00:00+00:00
[2025-08-26T04:40:41.621+0000] {processor.py:183} INFO - Processing /home/airflow/.local/lib/python3.12/site-packages/airflow/example_dags/example_bash_operator.py took 0.751 seconds
[2025-08-26T04:41:12.156+0000] {processor.py:161} INFO - Started process (PID=5373) to work on /home/airflow/.local/lib/python3.12/site-packages/airflow/example_dags/example_bash_operator.py
[2025-08-26T04:41:12.169+0000] {processor.py:830} INFO - Processing file /home/airflow/.local/lib/python3.12/site-packages/airflow/example_dags/example_bash_operator.py for tasks to queue
[2025-08-26T04:41:12.189+0000] {logging_mixin.py:188} INFO - [2025-08-26T04:41:12.187+0000] {dagbag.py:545} INFO - Filling up the DagBag from /home/airflow/.local/lib/python3.12/site-packages/airflow/example_dags/example_bash_operator.py
[2025-08-26T04:41:12.332+0000] {processor.py:840} INFO - DAG(s) 'example_bash_operator' retrieved from /home/airflow/.local/lib/python3.12/site-packages/airflow/example_dags/example_bash_operator.py
[2025-08-26T04:41:12.682+0000] {logging_mixin.py:188} INFO - [2025-08-26T04:41:12.682+0000] {dag.py:3096} INFO - Sync 1 DAGs
[2025-08-26T04:41:12.880+0000] {logging_mixin.py:188} INFO - [2025-08-26T04:41:12.870+0000] {dag.py:3954} INFO - Setting next_dagrun for example_bash_operator to 2025-08-25 00:00:00+00:00, run_after=2025-08-26 00:00:00+00:00
[2025-08-26T04:41:13.036+0000] {processor.py:183} INFO - Processing /home/airflow/.local/lib/python3.12/site-packages/airflow/example_dags/example_bash_operator.py took 0.972 seconds
[2025-08-26T04:41:46.830+0000] {processor.py:161} INFO - Started process (PID=5634) to work on /home/airflow/.local/lib/python3.12/site-packages/airflow/example_dags/example_bash_operator.py
[2025-08-26T04:41:46.839+0000] {processor.py:830} INFO - Processing file /home/airflow/.local/lib/python3.12/site-packages/airflow/example_dags/example_bash_operator.py for tasks to queue
[2025-08-26T04:41:46.847+0000] {logging_mixin.py:188} INFO - [2025-08-26T04:41:46.845+0000] {dagbag.py:545} INFO - Filling up the DagBag from /home/airflow/.local/lib/python3.12/site-packages/airflow/example_dags/example_bash_operator.py
[2025-08-26T04:41:46.917+0000] {processor.py:840} INFO - DAG(s) 'example_bash_operator' retrieved from /home/airflow/.local/lib/python3.12/site-packages/airflow/example_dags/example_bash_operator.py
[2025-08-26T04:41:47.061+0000] {logging_mixin.py:188} INFO - [2025-08-26T04:41:47.060+0000] {dag.py:3096} INFO - Sync 1 DAGs
[2025-08-26T04:41:47.229+0000] {logging_mixin.py:188} INFO - [2025-08-26T04:41:47.229+0000] {dag.py:3954} INFO - Setting next_dagrun for example_bash_operator to 2025-08-25 00:00:00+00:00, run_after=2025-08-26 00:00:00+00:00
[2025-08-26T04:41:47.340+0000] {processor.py:183} INFO - Processing /home/airflow/.local/lib/python3.12/site-packages/airflow/example_dags/example_bash_operator.py took 0.553 seconds
[2025-08-26T04:42:30.474+0000] {processor.py:161} INFO - Started process (PID=5881) to work on /home/airflow/.local/lib/python3.12/site-packages/airflow/example_dags/example_bash_operator.py
[2025-08-26T04:42:30.489+0000] {processor.py:830} INFO - Processing file /home/airflow/.local/lib/python3.12/site-packages/airflow/example_dags/example_bash_operator.py for tasks to queue
[2025-08-26T04:42:30.569+0000] {logging_mixin.py:188} INFO - [2025-08-26T04:42:30.568+0000] {dagbag.py:545} INFO - Filling up the DagBag from /home/airflow/.local/lib/python3.12/site-packages/airflow/example_dags/example_bash_operator.py
[2025-08-26T04:42:31.014+0000] {processor.py:840} INFO - DAG(s) 'example_bash_operator' retrieved from /home/airflow/.local/lib/python3.12/site-packages/airflow/example_dags/example_bash_operator.py
[2025-08-26T04:42:31.463+0000] {logging_mixin.py:188} INFO - [2025-08-26T04:42:31.463+0000] {dag.py:3096} INFO - Sync 1 DAGs
[2025-08-26T04:42:31.638+0000] {logging_mixin.py:188} INFO - [2025-08-26T04:42:31.634+0000] {dag.py:3954} INFO - Setting next_dagrun for example_bash_operator to 2025-08-25 00:00:00+00:00, run_after=2025-08-26 00:00:00+00:00
[2025-08-26T04:42:31.782+0000] {processor.py:183} INFO - Processing /home/airflow/.local/lib/python3.12/site-packages/airflow/example_dags/example_bash_operator.py took 1.515 seconds
[2025-08-26T04:43:03.917+0000] {processor.py:161} INFO - Started process (PID=6151) to work on /home/airflow/.local/lib/python3.12/site-packages/airflow/example_dags/example_bash_operator.py
[2025-08-26T04:43:03.931+0000] {processor.py:830} INFO - Processing file /home/airflow/.local/lib/python3.12/site-packages/airflow/example_dags/example_bash_operator.py for tasks to queue
[2025-08-26T04:43:03.948+0000] {logging_mixin.py:188} INFO - [2025-08-26T04:43:03.947+0000] {dagbag.py:545} INFO - Filling up the DagBag from /home/airflow/.local/lib/python3.12/site-packages/airflow/example_dags/example_bash_operator.py
[2025-08-26T04:43:04.144+0000] {processor.py:840} INFO - DAG(s) 'example_bash_operator' retrieved from /home/airflow/.local/lib/python3.12/site-packages/airflow/example_dags/example_bash_operator.py
[2025-08-26T04:43:04.481+0000] {logging_mixin.py:188} INFO - [2025-08-26T04:43:04.469+0000] {dag.py:3096} INFO - Sync 1 DAGs
[2025-08-26T04:43:05.184+0000] {logging_mixin.py:188} INFO - [2025-08-26T04:43:05.173+0000] {dag.py:3954} INFO - Setting next_dagrun for example_bash_operator to 2025-08-25 00:00:00+00:00, run_after=2025-08-26 00:00:00+00:00
[2025-08-26T04:43:05.603+0000] {processor.py:183} INFO - Processing /home/airflow/.local/lib/python3.12/site-packages/airflow/example_dags/example_bash_operator.py took 1.741 seconds
[2025-08-26T04:43:40.558+0000] {processor.py:161} INFO - Started process (PID=6415) to work on /home/airflow/.local/lib/python3.12/site-packages/airflow/example_dags/example_bash_operator.py
[2025-08-26T04:43:40.605+0000] {processor.py:830} INFO - Processing file /home/airflow/.local/lib/python3.12/site-packages/airflow/example_dags/example_bash_operator.py for tasks to queue
[2025-08-26T04:43:40.639+0000] {logging_mixin.py:188} INFO - [2025-08-26T04:43:40.638+0000] {dagbag.py:545} INFO - Filling up the DagBag from /home/airflow/.local/lib/python3.12/site-packages/airflow/example_dags/example_bash_operator.py
[2025-08-26T04:43:40.889+0000] {processor.py:840} INFO - DAG(s) 'example_bash_operator' retrieved from /home/airflow/.local/lib/python3.12/site-packages/airflow/example_dags/example_bash_operator.py
[2025-08-26T04:43:41.422+0000] {logging_mixin.py:188} INFO - [2025-08-26T04:43:41.421+0000] {dag.py:3096} INFO - Sync 1 DAGs
[2025-08-26T04:43:41.833+0000] {logging_mixin.py:188} INFO - [2025-08-26T04:43:41.832+0000] {dag.py:3954} INFO - Setting next_dagrun for example_bash_operator to 2025-08-25 00:00:00+00:00, run_after=2025-08-26 00:00:00+00:00
[2025-08-26T04:43:42.236+0000] {processor.py:183} INFO - Processing /home/airflow/.local/lib/python3.12/site-packages/airflow/example_dags/example_bash_operator.py took 1.821 seconds
[2025-08-26T04:44:17.163+0000] {processor.py:161} INFO - Started process (PID=6678) to work on /home/airflow/.local/lib/python3.12/site-packages/airflow/example_dags/example_bash_operator.py
[2025-08-26T04:44:17.180+0000] {processor.py:830} INFO - Processing file /home/airflow/.local/lib/python3.12/site-packages/airflow/example_dags/example_bash_operator.py for tasks to queue
[2025-08-26T04:44:17.201+0000] {logging_mixin.py:188} INFO - [2025-08-26T04:44:17.195+0000] {dagbag.py:545} INFO - Filling up the DagBag from /home/airflow/.local/lib/python3.12/site-packages/airflow/example_dags/example_bash_operator.py
[2025-08-26T04:44:17.361+0000] {processor.py:840} INFO - DAG(s) 'example_bash_operator' retrieved from /home/airflow/.local/lib/python3.12/site-packages/airflow/example_dags/example_bash_operator.py
[2025-08-26T04:44:17.788+0000] {logging_mixin.py:188} INFO - [2025-08-26T04:44:17.787+0000] {dag.py:3096} INFO - Sync 1 DAGs
[2025-08-26T04:44:18.016+0000] {logging_mixin.py:188} INFO - [2025-08-26T04:44:18.015+0000] {dag.py:3954} INFO - Setting next_dagrun for example_bash_operator to 2025-08-25 00:00:00+00:00, run_after=2025-08-26 00:00:00+00:00
[2025-08-26T04:44:18.186+0000] {processor.py:183} INFO - Processing /home/airflow/.local/lib/python3.12/site-packages/airflow/example_dags/example_bash_operator.py took 1.098 seconds
[2025-08-26T04:44:52.527+0000] {processor.py:161} INFO - Started process (PID=6950) to work on /home/airflow/.local/lib/python3.12/site-packages/airflow/example_dags/example_bash_operator.py
[2025-08-26T04:44:52.539+0000] {processor.py:830} INFO - Processing file /home/airflow/.local/lib/python3.12/site-packages/airflow/example_dags/example_bash_operator.py for tasks to queue
[2025-08-26T04:44:52.558+0000] {logging_mixin.py:188} INFO - [2025-08-26T04:44:52.556+0000] {dagbag.py:545} INFO - Filling up the DagBag from /home/airflow/.local/lib/python3.12/site-packages/airflow/example_dags/example_bash_operator.py
[2025-08-26T04:44:52.685+0000] {processor.py:840} INFO - DAG(s) 'example_bash_operator' retrieved from /home/airflow/.local/lib/python3.12/site-packages/airflow/example_dags/example_bash_operator.py
[2025-08-26T04:44:52.969+0000] {logging_mixin.py:188} INFO - [2025-08-26T04:44:52.968+0000] {dag.py:3096} INFO - Sync 1 DAGs
[2025-08-26T04:44:53.178+0000] {logging_mixin.py:188} INFO - [2025-08-26T04:44:53.178+0000] {dag.py:3954} INFO - Setting next_dagrun for example_bash_operator to 2025-08-25 00:00:00+00:00, run_after=2025-08-26 00:00:00+00:00
[2025-08-26T04:44:53.464+0000] {processor.py:183} INFO - Processing /home/airflow/.local/lib/python3.12/site-packages/airflow/example_dags/example_bash_operator.py took 0.982 seconds
[2025-08-26T04:45:26.511+0000] {processor.py:161} INFO - Started process (PID=7210) to work on /home/airflow/.local/lib/python3.12/site-packages/airflow/example_dags/example_bash_operator.py
[2025-08-26T04:45:26.515+0000] {processor.py:830} INFO - Processing file /home/airflow/.local/lib/python3.12/site-packages/airflow/example_dags/example_bash_operator.py for tasks to queue
[2025-08-26T04:45:26.525+0000] {logging_mixin.py:188} INFO - [2025-08-26T04:45:26.522+0000] {dagbag.py:545} INFO - Filling up the DagBag from /home/airflow/.local/lib/python3.12/site-packages/airflow/example_dags/example_bash_operator.py
[2025-08-26T04:45:26.621+0000] {processor.py:840} INFO - DAG(s) 'example_bash_operator' retrieved from /home/airflow/.local/lib/python3.12/site-packages/airflow/example_dags/example_bash_operator.py
[2025-08-26T04:45:26.789+0000] {logging_mixin.py:188} INFO - [2025-08-26T04:45:26.788+0000] {dag.py:3096} INFO - Sync 1 DAGs
[2025-08-26T04:45:26.922+0000] {logging_mixin.py:188} INFO - [2025-08-26T04:45:26.922+0000] {dag.py:3954} INFO - Setting next_dagrun for example_bash_operator to 2025-08-25 00:00:00+00:00, run_after=2025-08-26 00:00:00+00:00
[2025-08-26T04:45:27.015+0000] {processor.py:183} INFO - Processing /home/airflow/.local/lib/python3.12/site-packages/airflow/example_dags/example_bash_operator.py took 0.538 seconds
[2025-08-26T04:46:04.634+0000] {processor.py:161} INFO - Started process (PID=7452) to work on /home/airflow/.local/lib/python3.12/site-packages/airflow/example_dags/example_bash_operator.py
[2025-08-26T04:46:04.637+0000] {processor.py:830} INFO - Processing file /home/airflow/.local/lib/python3.12/site-packages/airflow/example_dags/example_bash_operator.py for tasks to queue
[2025-08-26T04:46:04.643+0000] {logging_mixin.py:188} INFO - [2025-08-26T04:46:04.642+0000] {dagbag.py:545} INFO - Filling up the DagBag from /home/airflow/.local/lib/python3.12/site-packages/airflow/example_dags/example_bash_operator.py
[2025-08-26T04:46:04.749+0000] {processor.py:840} INFO - DAG(s) 'example_bash_operator' retrieved from /home/airflow/.local/lib/python3.12/site-packages/airflow/example_dags/example_bash_operator.py
[2025-08-26T04:46:05.065+0000] {logging_mixin.py:188} INFO - [2025-08-26T04:46:05.064+0000] {dag.py:3096} INFO - Sync 1 DAGs
[2025-08-26T04:46:05.519+0000] {logging_mixin.py:188} INFO - [2025-08-26T04:46:05.506+0000] {dag.py:3954} INFO - Setting next_dagrun for example_bash_operator to 2025-08-25 00:00:00+00:00, run_after=2025-08-26 00:00:00+00:00
[2025-08-26T04:46:05.742+0000] {processor.py:183} INFO - Processing /home/airflow/.local/lib/python3.12/site-packages/airflow/example_dags/example_bash_operator.py took 1.147 seconds
[2025-08-26T04:46:46.618+0000] {processor.py:161} INFO - Started process (PID=7727) to work on /home/airflow/.local/lib/python3.12/site-packages/airflow/example_dags/example_bash_operator.py
[2025-08-26T04:46:46.680+0000] {processor.py:830} INFO - Processing file /home/airflow/.local/lib/python3.12/site-packages/airflow/example_dags/example_bash_operator.py for tasks to queue
[2025-08-26T04:46:46.765+0000] {logging_mixin.py:188} INFO - [2025-08-26T04:46:46.764+0000] {dagbag.py:545} INFO - Filling up the DagBag from /home/airflow/.local/lib/python3.12/site-packages/airflow/example_dags/example_bash_operator.py
[2025-08-26T04:46:46.866+0000] {processor.py:840} INFO - DAG(s) 'example_bash_operator' retrieved from /home/airflow/.local/lib/python3.12/site-packages/airflow/example_dags/example_bash_operator.py
[2025-08-26T04:46:47.013+0000] {logging_mixin.py:188} INFO - [2025-08-26T04:46:47.012+0000] {dag.py:3096} INFO - Sync 1 DAGs
[2025-08-26T04:46:47.160+0000] {logging_mixin.py:188} INFO - [2025-08-26T04:46:47.159+0000] {dag.py:3954} INFO - Setting next_dagrun for example_bash_operator to 2025-08-25 00:00:00+00:00, run_after=2025-08-26 00:00:00+00:00
[2025-08-26T04:46:47.269+0000] {processor.py:183} INFO - Processing /home/airflow/.local/lib/python3.12/site-packages/airflow/example_dags/example_bash_operator.py took 0.718 seconds
[2025-08-26T04:47:20.464+0000] {processor.py:161} INFO - Started process (PID=7991) to work on /home/airflow/.local/lib/python3.12/site-packages/airflow/example_dags/example_bash_operator.py
[2025-08-26T04:47:20.468+0000] {processor.py:830} INFO - Processing file /home/airflow/.local/lib/python3.12/site-packages/airflow/example_dags/example_bash_operator.py for tasks to queue
[2025-08-26T04:47:20.474+0000] {logging_mixin.py:188} INFO - [2025-08-26T04:47:20.473+0000] {dagbag.py:545} INFO - Filling up the DagBag from /home/airflow/.local/lib/python3.12/site-packages/airflow/example_dags/example_bash_operator.py
[2025-08-26T04:47:20.559+0000] {processor.py:840} INFO - DAG(s) 'example_bash_operator' retrieved from /home/airflow/.local/lib/python3.12/site-packages/airflow/example_dags/example_bash_operator.py
[2025-08-26T04:47:20.740+0000] {logging_mixin.py:188} INFO - [2025-08-26T04:47:20.739+0000] {dag.py:3096} INFO - Sync 1 DAGs
[2025-08-26T04:47:20.958+0000] {logging_mixin.py:188} INFO - [2025-08-26T04:47:20.958+0000] {dag.py:3954} INFO - Setting next_dagrun for example_bash_operator to 2025-08-25 00:00:00+00:00, run_after=2025-08-26 00:00:00+00:00
[2025-08-26T04:47:21.266+0000] {processor.py:183} INFO - Processing /home/airflow/.local/lib/python3.12/site-packages/airflow/example_dags/example_bash_operator.py took 0.851 seconds
[2025-08-26T04:49:44.779+0000] {processor.py:161} INFO - Started process (PID=343) to work on /home/airflow/.local/lib/python3.12/site-packages/airflow/example_dags/example_bash_operator.py
[2025-08-26T04:49:44.783+0000] {processor.py:830} INFO - Processing file /home/airflow/.local/lib/python3.12/site-packages/airflow/example_dags/example_bash_operator.py for tasks to queue
[2025-08-26T04:49:44.793+0000] {logging_mixin.py:188} INFO - [2025-08-26T04:49:44.792+0000] {dagbag.py:545} INFO - Filling up the DagBag from /home/airflow/.local/lib/python3.12/site-packages/airflow/example_dags/example_bash_operator.py
[2025-08-26T04:49:44.871+0000] {processor.py:840} INFO - DAG(s) 'example_bash_operator' retrieved from /home/airflow/.local/lib/python3.12/site-packages/airflow/example_dags/example_bash_operator.py
[2025-08-26T04:49:46.035+0000] {logging_mixin.py:188} INFO - [2025-08-26T04:49:46.033+0000] {dag.py:3096} INFO - Sync 1 DAGs
[2025-08-26T04:49:46.151+0000] {logging_mixin.py:188} INFO - [2025-08-26T04:49:46.150+0000] {dag.py:3954} INFO - Setting next_dagrun for example_bash_operator to 2025-08-25 00:00:00+00:00, run_after=2025-08-26 00:00:00+00:00
[2025-08-26T04:49:46.343+0000] {processor.py:183} INFO - Processing /home/airflow/.local/lib/python3.12/site-packages/airflow/example_dags/example_bash_operator.py took 1.607 seconds
[2025-08-26T04:50:16.805+0000] {processor.py:161} INFO - Started process (PID=607) to work on /home/airflow/.local/lib/python3.12/site-packages/airflow/example_dags/example_bash_operator.py
[2025-08-26T04:50:16.820+0000] {processor.py:830} INFO - Processing file /home/airflow/.local/lib/python3.12/site-packages/airflow/example_dags/example_bash_operator.py for tasks to queue
[2025-08-26T04:50:16.840+0000] {logging_mixin.py:188} INFO - [2025-08-26T04:50:16.839+0000] {dagbag.py:545} INFO - Filling up the DagBag from /home/airflow/.local/lib/python3.12/site-packages/airflow/example_dags/example_bash_operator.py
[2025-08-26T04:50:16.927+0000] {processor.py:840} INFO - DAG(s) 'example_bash_operator' retrieved from /home/airflow/.local/lib/python3.12/site-packages/airflow/example_dags/example_bash_operator.py
[2025-08-26T04:50:17.101+0000] {logging_mixin.py:188} INFO - [2025-08-26T04:50:17.100+0000] {dag.py:3096} INFO - Sync 1 DAGs
[2025-08-26T04:50:17.238+0000] {logging_mixin.py:188} INFO - [2025-08-26T04:50:17.236+0000] {dag.py:3954} INFO - Setting next_dagrun for example_bash_operator to 2025-08-25 00:00:00+00:00, run_after=2025-08-26 00:00:00+00:00
[2025-08-26T04:50:17.407+0000] {processor.py:183} INFO - Processing /home/airflow/.local/lib/python3.12/site-packages/airflow/example_dags/example_bash_operator.py took 0.646 seconds
[2025-08-26T04:50:47.813+0000] {processor.py:161} INFO - Started process (PID=869) to work on /home/airflow/.local/lib/python3.12/site-packages/airflow/example_dags/example_bash_operator.py
[2025-08-26T04:50:47.823+0000] {processor.py:830} INFO - Processing file /home/airflow/.local/lib/python3.12/site-packages/airflow/example_dags/example_bash_operator.py for tasks to queue
[2025-08-26T04:50:47.829+0000] {logging_mixin.py:188} INFO - [2025-08-26T04:50:47.828+0000] {dagbag.py:545} INFO - Filling up the DagBag from /home/airflow/.local/lib/python3.12/site-packages/airflow/example_dags/example_bash_operator.py
[2025-08-26T04:50:47.928+0000] {processor.py:840} INFO - DAG(s) 'example_bash_operator' retrieved from /home/airflow/.local/lib/python3.12/site-packages/airflow/example_dags/example_bash_operator.py
[2025-08-26T04:50:48.074+0000] {logging_mixin.py:188} INFO - [2025-08-26T04:50:48.073+0000] {dag.py:3096} INFO - Sync 1 DAGs
[2025-08-26T04:50:48.216+0000] {logging_mixin.py:188} INFO - [2025-08-26T04:50:48.215+0000] {dag.py:3954} INFO - Setting next_dagrun for example_bash_operator to 2025-08-25 00:00:00+00:00, run_after=2025-08-26 00:00:00+00:00
[2025-08-26T04:50:48.331+0000] {processor.py:183} INFO - Processing /home/airflow/.local/lib/python3.12/site-packages/airflow/example_dags/example_bash_operator.py took 0.546 seconds
[2025-08-26T04:51:23.580+0000] {processor.py:161} INFO - Started process (PID=1129) to work on /home/airflow/.local/lib/python3.12/site-packages/airflow/example_dags/example_bash_operator.py
[2025-08-26T04:51:23.606+0000] {processor.py:830} INFO - Processing file /home/airflow/.local/lib/python3.12/site-packages/airflow/example_dags/example_bash_operator.py for tasks to queue
[2025-08-26T04:51:23.628+0000] {logging_mixin.py:188} INFO - [2025-08-26T04:51:23.627+0000] {dagbag.py:545} INFO - Filling up the DagBag from /home/airflow/.local/lib/python3.12/site-packages/airflow/example_dags/example_bash_operator.py
[2025-08-26T04:51:23.900+0000] {processor.py:840} INFO - DAG(s) 'example_bash_operator' retrieved from /home/airflow/.local/lib/python3.12/site-packages/airflow/example_dags/example_bash_operator.py
[2025-08-26T04:51:24.181+0000] {logging_mixin.py:188} INFO - [2025-08-26T04:51:24.180+0000] {dag.py:3096} INFO - Sync 1 DAGs
[2025-08-26T04:51:24.477+0000] {logging_mixin.py:188} INFO - [2025-08-26T04:51:24.476+0000] {dag.py:3954} INFO - Setting next_dagrun for example_bash_operator to 2025-08-25 00:00:00+00:00, run_after=2025-08-26 00:00:00+00:00
[2025-08-26T04:51:24.648+0000] {processor.py:183} INFO - Processing /home/airflow/.local/lib/python3.12/site-packages/airflow/example_dags/example_bash_operator.py took 1.278 seconds
[2025-08-26T04:51:58.163+0000] {processor.py:161} INFO - Started process (PID=1391) to work on /home/airflow/.local/lib/python3.12/site-packages/airflow/example_dags/example_bash_operator.py
[2025-08-26T04:51:58.167+0000] {processor.py:830} INFO - Processing file /home/airflow/.local/lib/python3.12/site-packages/airflow/example_dags/example_bash_operator.py for tasks to queue
[2025-08-26T04:51:58.174+0000] {logging_mixin.py:188} INFO - [2025-08-26T04:51:58.172+0000] {dagbag.py:545} INFO - Filling up the DagBag from /home/airflow/.local/lib/python3.12/site-packages/airflow/example_dags/example_bash_operator.py
[2025-08-26T04:51:58.229+0000] {processor.py:840} INFO - DAG(s) 'example_bash_operator' retrieved from /home/airflow/.local/lib/python3.12/site-packages/airflow/example_dags/example_bash_operator.py
[2025-08-26T04:51:58.401+0000] {logging_mixin.py:188} INFO - [2025-08-26T04:51:58.400+0000] {dag.py:3096} INFO - Sync 1 DAGs
[2025-08-26T04:51:58.514+0000] {logging_mixin.py:188} INFO - [2025-08-26T04:51:58.513+0000] {dag.py:3954} INFO - Setting next_dagrun for example_bash_operator to 2025-08-25 00:00:00+00:00, run_after=2025-08-26 00:00:00+00:00
[2025-08-26T04:51:58.593+0000] {processor.py:183} INFO - Processing /home/airflow/.local/lib/python3.12/site-packages/airflow/example_dags/example_bash_operator.py took 0.497 seconds
[2025-08-26T04:52:46.596+0000] {processor.py:161} INFO - Started process (PID=1677) to work on /home/airflow/.local/lib/python3.12/site-packages/airflow/example_dags/example_bash_operator.py
[2025-08-26T04:52:46.614+0000] {processor.py:830} INFO - Processing file /home/airflow/.local/lib/python3.12/site-packages/airflow/example_dags/example_bash_operator.py for tasks to queue
[2025-08-26T04:52:46.653+0000] {logging_mixin.py:188} INFO - [2025-08-26T04:52:46.652+0000] {dagbag.py:545} INFO - Filling up the DagBag from /home/airflow/.local/lib/python3.12/site-packages/airflow/example_dags/example_bash_operator.py
[2025-08-26T04:52:46.842+0000] {processor.py:840} INFO - DAG(s) 'example_bash_operator' retrieved from /home/airflow/.local/lib/python3.12/site-packages/airflow/example_dags/example_bash_operator.py
[2025-08-26T04:52:47.101+0000] {logging_mixin.py:188} INFO - [2025-08-26T04:52:47.101+0000] {dag.py:3096} INFO - Sync 1 DAGs
[2025-08-26T04:52:47.254+0000] {logging_mixin.py:188} INFO - [2025-08-26T04:52:47.253+0000] {dag.py:3954} INFO - Setting next_dagrun for example_bash_operator to 2025-08-25 00:00:00+00:00, run_after=2025-08-26 00:00:00+00:00
[2025-08-26T04:52:47.482+0000] {processor.py:183} INFO - Processing /home/airflow/.local/lib/python3.12/site-packages/airflow/example_dags/example_bash_operator.py took 0.931 seconds
[2025-08-26T04:53:18.105+0000] {processor.py:161} INFO - Started process (PID=1941) to work on /home/airflow/.local/lib/python3.12/site-packages/airflow/example_dags/example_bash_operator.py
[2025-08-26T04:53:18.108+0000] {processor.py:830} INFO - Processing file /home/airflow/.local/lib/python3.12/site-packages/airflow/example_dags/example_bash_operator.py for tasks to queue
[2025-08-26T04:53:18.124+0000] {logging_mixin.py:188} INFO - [2025-08-26T04:53:18.123+0000] {dagbag.py:545} INFO - Filling up the DagBag from /home/airflow/.local/lib/python3.12/site-packages/airflow/example_dags/example_bash_operator.py
[2025-08-26T04:53:18.200+0000] {processor.py:840} INFO - DAG(s) 'example_bash_operator' retrieved from /home/airflow/.local/lib/python3.12/site-packages/airflow/example_dags/example_bash_operator.py
[2025-08-26T04:53:18.404+0000] {logging_mixin.py:188} INFO - [2025-08-26T04:53:18.403+0000] {dag.py:3096} INFO - Sync 1 DAGs
[2025-08-26T04:53:18.570+0000] {logging_mixin.py:188} INFO - [2025-08-26T04:53:18.569+0000] {dag.py:3954} INFO - Setting next_dagrun for example_bash_operator to 2025-08-25 00:00:00+00:00, run_after=2025-08-26 00:00:00+00:00
[2025-08-26T04:53:18.696+0000] {processor.py:183} INFO - Processing /home/airflow/.local/lib/python3.12/site-packages/airflow/example_dags/example_bash_operator.py took 0.625 seconds
[2025-08-26T04:53:49.543+0000] {processor.py:161} INFO - Started process (PID=2208) to work on /home/airflow/.local/lib/python3.12/site-packages/airflow/example_dags/example_bash_operator.py
[2025-08-26T04:53:49.575+0000] {processor.py:830} INFO - Processing file /home/airflow/.local/lib/python3.12/site-packages/airflow/example_dags/example_bash_operator.py for tasks to queue
[2025-08-26T04:53:49.606+0000] {logging_mixin.py:188} INFO - [2025-08-26T04:53:49.596+0000] {dagbag.py:545} INFO - Filling up the DagBag from /home/airflow/.local/lib/python3.12/site-packages/airflow/example_dags/example_bash_operator.py
[2025-08-26T04:53:49.744+0000] {processor.py:840} INFO - DAG(s) 'example_bash_operator' retrieved from /home/airflow/.local/lib/python3.12/site-packages/airflow/example_dags/example_bash_operator.py
[2025-08-26T04:53:50.101+0000] {logging_mixin.py:188} INFO - [2025-08-26T04:53:50.100+0000] {dag.py:3096} INFO - Sync 1 DAGs
[2025-08-26T04:53:50.342+0000] {logging_mixin.py:188} INFO - [2025-08-26T04:53:50.341+0000] {dag.py:3954} INFO - Setting next_dagrun for example_bash_operator to 2025-08-25 00:00:00+00:00, run_after=2025-08-26 00:00:00+00:00
[2025-08-26T04:53:50.579+0000] {processor.py:183} INFO - Processing /home/airflow/.local/lib/python3.12/site-packages/airflow/example_dags/example_bash_operator.py took 1.080 seconds
[2025-08-26T04:54:21.148+0000] {processor.py:161} INFO - Started process (PID=2470) to work on /home/airflow/.local/lib/python3.12/site-packages/airflow/example_dags/example_bash_operator.py
[2025-08-26T04:54:21.157+0000] {processor.py:830} INFO - Processing file /home/airflow/.local/lib/python3.12/site-packages/airflow/example_dags/example_bash_operator.py for tasks to queue
[2025-08-26T04:54:21.166+0000] {logging_mixin.py:188} INFO - [2025-08-26T04:54:21.165+0000] {dagbag.py:545} INFO - Filling up the DagBag from /home/airflow/.local/lib/python3.12/site-packages/airflow/example_dags/example_bash_operator.py
[2025-08-26T04:54:21.298+0000] {processor.py:840} INFO - DAG(s) 'example_bash_operator' retrieved from /home/airflow/.local/lib/python3.12/site-packages/airflow/example_dags/example_bash_operator.py
[2025-08-26T04:54:21.522+0000] {logging_mixin.py:188} INFO - [2025-08-26T04:54:21.522+0000] {dag.py:3096} INFO - Sync 1 DAGs
[2025-08-26T04:54:21.703+0000] {logging_mixin.py:188} INFO - [2025-08-26T04:54:21.702+0000] {dag.py:3954} INFO - Setting next_dagrun for example_bash_operator to 2025-08-25 00:00:00+00:00, run_after=2025-08-26 00:00:00+00:00
[2025-08-26T04:54:21.921+0000] {processor.py:183} INFO - Processing /home/airflow/.local/lib/python3.12/site-packages/airflow/example_dags/example_bash_operator.py took 0.808 seconds
[2025-08-26T04:54:52.982+0000] {processor.py:161} INFO - Started process (PID=2732) to work on /home/airflow/.local/lib/python3.12/site-packages/airflow/example_dags/example_bash_operator.py
[2025-08-26T04:54:52.985+0000] {processor.py:830} INFO - Processing file /home/airflow/.local/lib/python3.12/site-packages/airflow/example_dags/example_bash_operator.py for tasks to queue
[2025-08-26T04:54:52.991+0000] {logging_mixin.py:188} INFO - [2025-08-26T04:54:52.991+0000] {dagbag.py:545} INFO - Filling up the DagBag from /home/airflow/.local/lib/python3.12/site-packages/airflow/example_dags/example_bash_operator.py
[2025-08-26T04:54:53.046+0000] {processor.py:840} INFO - DAG(s) 'example_bash_operator' retrieved from /home/airflow/.local/lib/python3.12/site-packages/airflow/example_dags/example_bash_operator.py
[2025-08-26T04:54:53.263+0000] {logging_mixin.py:188} INFO - [2025-08-26T04:54:53.262+0000] {dag.py:3096} INFO - Sync 1 DAGs
[2025-08-26T04:54:53.446+0000] {logging_mixin.py:188} INFO - [2025-08-26T04:54:53.446+0000] {dag.py:3954} INFO - Setting next_dagrun for example_bash_operator to 2025-08-25 00:00:00+00:00, run_after=2025-08-26 00:00:00+00:00
[2025-08-26T04:54:53.643+0000] {processor.py:183} INFO - Processing /home/airflow/.local/lib/python3.12/site-packages/airflow/example_dags/example_bash_operator.py took 0.701 seconds
[2025-08-26T04:55:31.896+0000] {processor.py:161} INFO - Started process (PID=2989) to work on /home/airflow/.local/lib/python3.12/site-packages/airflow/example_dags/example_bash_operator.py
[2025-08-26T04:55:31.911+0000] {processor.py:830} INFO - Processing file /home/airflow/.local/lib/python3.12/site-packages/airflow/example_dags/example_bash_operator.py for tasks to queue
[2025-08-26T04:55:31.925+0000] {logging_mixin.py:188} INFO - [2025-08-26T04:55:31.924+0000] {dagbag.py:545} INFO - Filling up the DagBag from /home/airflow/.local/lib/python3.12/site-packages/airflow/example_dags/example_bash_operator.py
[2025-08-26T04:55:32.048+0000] {processor.py:840} INFO - DAG(s) 'example_bash_operator' retrieved from /home/airflow/.local/lib/python3.12/site-packages/airflow/example_dags/example_bash_operator.py
[2025-08-26T04:55:32.548+0000] {logging_mixin.py:188} INFO - [2025-08-26T04:55:32.547+0000] {dag.py:3096} INFO - Sync 1 DAGs
[2025-08-26T04:55:32.938+0000] {logging_mixin.py:188} INFO - [2025-08-26T04:55:32.937+0000] {dag.py:3954} INFO - Setting next_dagrun for example_bash_operator to 2025-08-25 00:00:00+00:00, run_after=2025-08-26 00:00:00+00:00
[2025-08-26T04:55:33.275+0000] {processor.py:183} INFO - Processing /home/airflow/.local/lib/python3.12/site-packages/airflow/example_dags/example_bash_operator.py took 1.432 seconds
[2025-08-26T04:56:07.885+0000] {processor.py:161} INFO - Started process (PID=3249) to work on /home/airflow/.local/lib/python3.12/site-packages/airflow/example_dags/example_bash_operator.py
[2025-08-26T04:56:07.901+0000] {processor.py:830} INFO - Processing file /home/airflow/.local/lib/python3.12/site-packages/airflow/example_dags/example_bash_operator.py for tasks to queue
[2025-08-26T04:56:07.911+0000] {logging_mixin.py:188} INFO - [2025-08-26T04:56:07.910+0000] {dagbag.py:545} INFO - Filling up the DagBag from /home/airflow/.local/lib/python3.12/site-packages/airflow/example_dags/example_bash_operator.py
[2025-08-26T04:56:08.071+0000] {processor.py:840} INFO - DAG(s) 'example_bash_operator' retrieved from /home/airflow/.local/lib/python3.12/site-packages/airflow/example_dags/example_bash_operator.py
[2025-08-26T04:56:08.320+0000] {logging_mixin.py:188} INFO - [2025-08-26T04:56:08.318+0000] {dag.py:3096} INFO - Sync 1 DAGs
[2025-08-26T04:56:08.456+0000] {logging_mixin.py:188} INFO - [2025-08-26T04:56:08.455+0000] {dag.py:3954} INFO - Setting next_dagrun for example_bash_operator to 2025-08-25 00:00:00+00:00, run_after=2025-08-26 00:00:00+00:00
[2025-08-26T04:56:08.550+0000] {processor.py:183} INFO - Processing /home/airflow/.local/lib/python3.12/site-packages/airflow/example_dags/example_bash_operator.py took 0.702 seconds
[2025-08-26T04:56:44.572+0000] {processor.py:161} INFO - Started process (PID=3512) to work on /home/airflow/.local/lib/python3.12/site-packages/airflow/example_dags/example_bash_operator.py
[2025-08-26T04:56:44.594+0000] {processor.py:830} INFO - Processing file /home/airflow/.local/lib/python3.12/site-packages/airflow/example_dags/example_bash_operator.py for tasks to queue
[2025-08-26T04:56:44.629+0000] {logging_mixin.py:188} INFO - [2025-08-26T04:56:44.611+0000] {dagbag.py:545} INFO - Filling up the DagBag from /home/airflow/.local/lib/python3.12/site-packages/airflow/example_dags/example_bash_operator.py
[2025-08-26T04:56:44.801+0000] {processor.py:840} INFO - DAG(s) 'example_bash_operator' retrieved from /home/airflow/.local/lib/python3.12/site-packages/airflow/example_dags/example_bash_operator.py
[2025-08-26T04:56:45.281+0000] {logging_mixin.py:188} INFO - [2025-08-26T04:56:45.280+0000] {dag.py:3096} INFO - Sync 1 DAGs
[2025-08-26T04:56:45.603+0000] {logging_mixin.py:188} INFO - [2025-08-26T04:56:45.603+0000] {dag.py:3954} INFO - Setting next_dagrun for example_bash_operator to 2025-08-25 00:00:00+00:00, run_after=2025-08-26 00:00:00+00:00
[2025-08-26T04:56:45.887+0000] {processor.py:183} INFO - Processing /home/airflow/.local/lib/python3.12/site-packages/airflow/example_dags/example_bash_operator.py took 1.428 seconds
[2025-08-26T04:57:19.055+0000] {processor.py:161} INFO - Started process (PID=3775) to work on /home/airflow/.local/lib/python3.12/site-packages/airflow/example_dags/example_bash_operator.py
[2025-08-26T04:57:19.068+0000] {processor.py:830} INFO - Processing file /home/airflow/.local/lib/python3.12/site-packages/airflow/example_dags/example_bash_operator.py for tasks to queue
[2025-08-26T04:57:19.078+0000] {logging_mixin.py:188} INFO - [2025-08-26T04:57:19.077+0000] {dagbag.py:545} INFO - Filling up the DagBag from /home/airflow/.local/lib/python3.12/site-packages/airflow/example_dags/example_bash_operator.py
[2025-08-26T04:57:19.193+0000] {processor.py:840} INFO - DAG(s) 'example_bash_operator' retrieved from /home/airflow/.local/lib/python3.12/site-packages/airflow/example_dags/example_bash_operator.py
[2025-08-26T04:57:19.646+0000] {logging_mixin.py:188} INFO - [2025-08-26T04:57:19.645+0000] {dag.py:3096} INFO - Sync 1 DAGs
[2025-08-26T04:57:19.799+0000] {logging_mixin.py:188} INFO - [2025-08-26T04:57:19.799+0000] {dag.py:3954} INFO - Setting next_dagrun for example_bash_operator to 2025-08-25 00:00:00+00:00, run_after=2025-08-26 00:00:00+00:00
[2025-08-26T04:57:20.986+0000] {processor.py:183} INFO - Processing /home/airflow/.local/lib/python3.12/site-packages/airflow/example_dags/example_bash_operator.py took 1.973 seconds
[2025-08-26T05:34:56.201+0000] {processor.py:161} INFO - Started process (PID=4027) to work on /home/airflow/.local/lib/python3.12/site-packages/airflow/example_dags/example_bash_operator.py
[2025-08-26T05:34:56.232+0000] {processor.py:830} INFO - Processing file /home/airflow/.local/lib/python3.12/site-packages/airflow/example_dags/example_bash_operator.py for tasks to queue
[2025-08-26T05:34:56.265+0000] {logging_mixin.py:188} INFO - [2025-08-26T05:34:56.264+0000] {dagbag.py:545} INFO - Filling up the DagBag from /home/airflow/.local/lib/python3.12/site-packages/airflow/example_dags/example_bash_operator.py
[2025-08-26T05:34:56.519+0000] {processor.py:840} INFO - DAG(s) 'example_bash_operator' retrieved from /home/airflow/.local/lib/python3.12/site-packages/airflow/example_dags/example_bash_operator.py
[2025-08-26T05:34:56.889+0000] {logging_mixin.py:188} INFO - [2025-08-26T05:34:56.889+0000] {dag.py:3096} INFO - Sync 1 DAGs
[2025-08-26T05:34:57.226+0000] {logging_mixin.py:188} INFO - [2025-08-26T05:34:57.225+0000] {dag.py:3954} INFO - Setting next_dagrun for example_bash_operator to 2025-08-25 00:00:00+00:00, run_after=2025-08-26 00:00:00+00:00
[2025-08-26T05:34:57.659+0000] {processor.py:183} INFO - Processing /home/airflow/.local/lib/python3.12/site-packages/airflow/example_dags/example_bash_operator.py took 1.593 seconds
[2025-08-26T05:42:30.236+0000] {processor.py:161} INFO - Started process (PID=4391) to work on /home/airflow/.local/lib/python3.12/site-packages/airflow/example_dags/example_bash_operator.py
[2025-08-26T05:42:30.271+0000] {processor.py:830} INFO - Processing file /home/airflow/.local/lib/python3.12/site-packages/airflow/example_dags/example_bash_operator.py for tasks to queue
[2025-08-26T05:42:30.278+0000] {logging_mixin.py:188} INFO - [2025-08-26T05:42:30.277+0000] {dagbag.py:545} INFO - Filling up the DagBag from /home/airflow/.local/lib/python3.12/site-packages/airflow/example_dags/example_bash_operator.py
[2025-08-26T05:42:30.503+0000] {processor.py:840} INFO - DAG(s) 'example_bash_operator' retrieved from /home/airflow/.local/lib/python3.12/site-packages/airflow/example_dags/example_bash_operator.py
[2025-08-26T05:42:31.241+0000] {logging_mixin.py:188} INFO - [2025-08-26T05:42:31.240+0000] {dag.py:3096} INFO - Sync 1 DAGs
[2025-08-26T05:42:31.958+0000] {logging_mixin.py:188} INFO - [2025-08-26T05:42:31.958+0000] {dag.py:3954} INFO - Setting next_dagrun for example_bash_operator to 2025-08-25 00:00:00+00:00, run_after=2025-08-26 00:00:00+00:00
[2025-08-26T05:42:32.273+0000] {processor.py:183} INFO - Processing /home/airflow/.local/lib/python3.12/site-packages/airflow/example_dags/example_bash_operator.py took 2.126 seconds
[2025-08-26T05:43:38.766+0000] {processor.py:161} INFO - Started process (PID=4684) to work on /home/airflow/.local/lib/python3.12/site-packages/airflow/example_dags/example_bash_operator.py
[2025-08-26T05:43:38.819+0000] {processor.py:830} INFO - Processing file /home/airflow/.local/lib/python3.12/site-packages/airflow/example_dags/example_bash_operator.py for tasks to queue
[2025-08-26T05:43:38.869+0000] {logging_mixin.py:188} INFO - [2025-08-26T05:43:38.868+0000] {dagbag.py:545} INFO - Filling up the DagBag from /home/airflow/.local/lib/python3.12/site-packages/airflow/example_dags/example_bash_operator.py
[2025-08-26T05:43:39.127+0000] {processor.py:840} INFO - DAG(s) 'example_bash_operator' retrieved from /home/airflow/.local/lib/python3.12/site-packages/airflow/example_dags/example_bash_operator.py
[2025-08-26T05:43:39.568+0000] {logging_mixin.py:188} INFO - [2025-08-26T05:43:39.567+0000] {dag.py:3096} INFO - Sync 1 DAGs
[2025-08-26T05:43:39.944+0000] {logging_mixin.py:188} INFO - [2025-08-26T05:43:39.943+0000] {dag.py:3954} INFO - Setting next_dagrun for example_bash_operator to 2025-08-25 00:00:00+00:00, run_after=2025-08-26 00:00:00+00:00
[2025-08-26T05:43:40.160+0000] {processor.py:183} INFO - Processing /home/airflow/.local/lib/python3.12/site-packages/airflow/example_dags/example_bash_operator.py took 1.483 seconds
[2025-08-26T05:44:14.385+0000] {processor.py:161} INFO - Started process (PID=4946) to work on /home/airflow/.local/lib/python3.12/site-packages/airflow/example_dags/example_bash_operator.py
[2025-08-26T05:44:14.403+0000] {processor.py:830} INFO - Processing file /home/airflow/.local/lib/python3.12/site-packages/airflow/example_dags/example_bash_operator.py for tasks to queue
[2025-08-26T05:44:14.442+0000] {logging_mixin.py:188} INFO - [2025-08-26T05:44:14.441+0000] {dagbag.py:545} INFO - Filling up the DagBag from /home/airflow/.local/lib/python3.12/site-packages/airflow/example_dags/example_bash_operator.py
[2025-08-26T05:44:14.629+0000] {processor.py:840} INFO - DAG(s) 'example_bash_operator' retrieved from /home/airflow/.local/lib/python3.12/site-packages/airflow/example_dags/example_bash_operator.py
[2025-08-26T05:44:15.090+0000] {logging_mixin.py:188} INFO - [2025-08-26T05:44:15.089+0000] {dag.py:3096} INFO - Sync 1 DAGs
[2025-08-26T05:44:15.345+0000] {logging_mixin.py:188} INFO - [2025-08-26T05:44:15.345+0000] {dag.py:3954} INFO - Setting next_dagrun for example_bash_operator to 2025-08-25 00:00:00+00:00, run_after=2025-08-26 00:00:00+00:00
[2025-08-26T05:44:15.450+0000] {processor.py:183} INFO - Processing /home/airflow/.local/lib/python3.12/site-packages/airflow/example_dags/example_bash_operator.py took 1.193 seconds
[2025-08-26T05:44:50.147+0000] {processor.py:161} INFO - Started process (PID=5200) to work on /home/airflow/.local/lib/python3.12/site-packages/airflow/example_dags/example_bash_operator.py
[2025-08-26T05:44:50.153+0000] {processor.py:830} INFO - Processing file /home/airflow/.local/lib/python3.12/site-packages/airflow/example_dags/example_bash_operator.py for tasks to queue
[2025-08-26T05:44:50.156+0000] {logging_mixin.py:188} INFO - [2025-08-26T05:44:50.155+0000] {dagbag.py:545} INFO - Filling up the DagBag from /home/airflow/.local/lib/python3.12/site-packages/airflow/example_dags/example_bash_operator.py
[2025-08-26T05:44:50.214+0000] {processor.py:840} INFO - DAG(s) 'example_bash_operator' retrieved from /home/airflow/.local/lib/python3.12/site-packages/airflow/example_dags/example_bash_operator.py
[2025-08-26T05:44:50.373+0000] {logging_mixin.py:188} INFO - [2025-08-26T05:44:50.372+0000] {dag.py:3096} INFO - Sync 1 DAGs
[2025-08-26T05:44:50.672+0000] {logging_mixin.py:188} INFO - [2025-08-26T05:44:50.671+0000] {dag.py:3954} INFO - Setting next_dagrun for example_bash_operator to 2025-08-25 00:00:00+00:00, run_after=2025-08-26 00:00:00+00:00
[2025-08-26T05:44:50.909+0000] {processor.py:183} INFO - Processing /home/airflow/.local/lib/python3.12/site-packages/airflow/example_dags/example_bash_operator.py took 0.801 seconds
[2025-08-26T05:45:23.427+0000] {processor.py:161} INFO - Started process (PID=5459) to work on /home/airflow/.local/lib/python3.12/site-packages/airflow/example_dags/example_bash_operator.py
[2025-08-26T05:45:23.431+0000] {processor.py:830} INFO - Processing file /home/airflow/.local/lib/python3.12/site-packages/airflow/example_dags/example_bash_operator.py for tasks to queue
[2025-08-26T05:45:23.435+0000] {logging_mixin.py:188} INFO - [2025-08-26T05:45:23.434+0000] {dagbag.py:545} INFO - Filling up the DagBag from /home/airflow/.local/lib/python3.12/site-packages/airflow/example_dags/example_bash_operator.py
[2025-08-26T05:45:23.513+0000] {processor.py:840} INFO - DAG(s) 'example_bash_operator' retrieved from /home/airflow/.local/lib/python3.12/site-packages/airflow/example_dags/example_bash_operator.py
[2025-08-26T05:45:23.787+0000] {logging_mixin.py:188} INFO - [2025-08-26T05:45:23.786+0000] {dag.py:3096} INFO - Sync 1 DAGs
[2025-08-26T05:45:24.019+0000] {logging_mixin.py:188} INFO - [2025-08-26T05:45:24.018+0000] {dag.py:3954} INFO - Setting next_dagrun for example_bash_operator to 2025-08-25 00:00:00+00:00, run_after=2025-08-26 00:00:00+00:00
[2025-08-26T05:45:24.273+0000] {processor.py:183} INFO - Processing /home/airflow/.local/lib/python3.12/site-packages/airflow/example_dags/example_bash_operator.py took 0.880 seconds
[2025-08-26T05:45:57.644+0000] {processor.py:161} INFO - Started process (PID=5722) to work on /home/airflow/.local/lib/python3.12/site-packages/airflow/example_dags/example_bash_operator.py
[2025-08-26T05:45:57.651+0000] {processor.py:830} INFO - Processing file /home/airflow/.local/lib/python3.12/site-packages/airflow/example_dags/example_bash_operator.py for tasks to queue
[2025-08-26T05:45:57.655+0000] {logging_mixin.py:188} INFO - [2025-08-26T05:45:57.654+0000] {dagbag.py:545} INFO - Filling up the DagBag from /home/airflow/.local/lib/python3.12/site-packages/airflow/example_dags/example_bash_operator.py
[2025-08-26T05:45:57.780+0000] {processor.py:840} INFO - DAG(s) 'example_bash_operator' retrieved from /home/airflow/.local/lib/python3.12/site-packages/airflow/example_dags/example_bash_operator.py
[2025-08-26T05:45:58.094+0000] {logging_mixin.py:188} INFO - [2025-08-26T05:45:58.093+0000] {dag.py:3096} INFO - Sync 1 DAGs
[2025-08-26T05:45:58.449+0000] {logging_mixin.py:188} INFO - [2025-08-26T05:45:58.448+0000] {dag.py:3954} INFO - Setting next_dagrun for example_bash_operator to 2025-08-25 00:00:00+00:00, run_after=2025-08-26 00:00:00+00:00
[2025-08-26T05:45:58.864+0000] {processor.py:183} INFO - Processing /home/airflow/.local/lib/python3.12/site-packages/airflow/example_dags/example_bash_operator.py took 1.269 seconds
[2025-08-26T05:46:29.385+0000] {processor.py:161} INFO - Started process (PID=5986) to work on /home/airflow/.local/lib/python3.12/site-packages/airflow/example_dags/example_bash_operator.py
[2025-08-26T05:46:29.392+0000] {processor.py:830} INFO - Processing file /home/airflow/.local/lib/python3.12/site-packages/airflow/example_dags/example_bash_operator.py for tasks to queue
[2025-08-26T05:46:29.397+0000] {logging_mixin.py:188} INFO - [2025-08-26T05:46:29.396+0000] {dagbag.py:545} INFO - Filling up the DagBag from /home/airflow/.local/lib/python3.12/site-packages/airflow/example_dags/example_bash_operator.py
[2025-08-26T05:46:29.466+0000] {processor.py:840} INFO - DAG(s) 'example_bash_operator' retrieved from /home/airflow/.local/lib/python3.12/site-packages/airflow/example_dags/example_bash_operator.py
[2025-08-26T05:46:29.641+0000] {logging_mixin.py:188} INFO - [2025-08-26T05:46:29.634+0000] {dag.py:3096} INFO - Sync 1 DAGs
[2025-08-26T05:46:29.815+0000] {logging_mixin.py:188} INFO - [2025-08-26T05:46:29.815+0000] {dag.py:3954} INFO - Setting next_dagrun for example_bash_operator to 2025-08-25 00:00:00+00:00, run_after=2025-08-26 00:00:00+00:00
[2025-08-26T05:46:29.960+0000] {processor.py:183} INFO - Processing /home/airflow/.local/lib/python3.12/site-packages/airflow/example_dags/example_bash_operator.py took 0.612 seconds
[2025-08-26T05:47:01.083+0000] {processor.py:161} INFO - Started process (PID=6246) to work on /home/airflow/.local/lib/python3.12/site-packages/airflow/example_dags/example_bash_operator.py
[2025-08-26T05:47:01.108+0000] {processor.py:830} INFO - Processing file /home/airflow/.local/lib/python3.12/site-packages/airflow/example_dags/example_bash_operator.py for tasks to queue
[2025-08-26T05:47:01.111+0000] {logging_mixin.py:188} INFO - [2025-08-26T05:47:01.110+0000] {dagbag.py:545} INFO - Filling up the DagBag from /home/airflow/.local/lib/python3.12/site-packages/airflow/example_dags/example_bash_operator.py
[2025-08-26T05:47:01.358+0000] {processor.py:840} INFO - DAG(s) 'example_bash_operator' retrieved from /home/airflow/.local/lib/python3.12/site-packages/airflow/example_dags/example_bash_operator.py
[2025-08-26T05:47:01.599+0000] {logging_mixin.py:188} INFO - [2025-08-26T05:47:01.598+0000] {dag.py:3096} INFO - Sync 1 DAGs
[2025-08-26T05:47:01.786+0000] {logging_mixin.py:188} INFO - [2025-08-26T05:47:01.786+0000] {dag.py:3954} INFO - Setting next_dagrun for example_bash_operator to 2025-08-25 00:00:00+00:00, run_after=2025-08-26 00:00:00+00:00
[2025-08-26T05:47:01.884+0000] {processor.py:183} INFO - Processing /home/airflow/.local/lib/python3.12/site-packages/airflow/example_dags/example_bash_operator.py took 0.886 seconds
[2025-08-26T05:47:39.031+0000] {processor.py:161} INFO - Started process (PID=6519) to work on /home/airflow/.local/lib/python3.12/site-packages/airflow/example_dags/example_bash_operator.py
[2025-08-26T05:47:39.049+0000] {processor.py:830} INFO - Processing file /home/airflow/.local/lib/python3.12/site-packages/airflow/example_dags/example_bash_operator.py for tasks to queue
[2025-08-26T05:47:39.064+0000] {logging_mixin.py:188} INFO - [2025-08-26T05:47:39.063+0000] {dagbag.py:545} INFO - Filling up the DagBag from /home/airflow/.local/lib/python3.12/site-packages/airflow/example_dags/example_bash_operator.py
[2025-08-26T05:47:39.183+0000] {processor.py:840} INFO - DAG(s) 'example_bash_operator' retrieved from /home/airflow/.local/lib/python3.12/site-packages/airflow/example_dags/example_bash_operator.py
[2025-08-26T05:47:39.404+0000] {logging_mixin.py:188} INFO - [2025-08-26T05:47:39.403+0000] {dag.py:3096} INFO - Sync 1 DAGs
[2025-08-26T05:47:39.611+0000] {logging_mixin.py:188} INFO - [2025-08-26T05:47:39.610+0000] {dag.py:3954} INFO - Setting next_dagrun for example_bash_operator to 2025-08-25 00:00:00+00:00, run_after=2025-08-26 00:00:00+00:00
[2025-08-26T05:47:39.788+0000] {processor.py:183} INFO - Processing /home/airflow/.local/lib/python3.12/site-packages/airflow/example_dags/example_bash_operator.py took 0.819 seconds
