[2025-08-26T04:29:12.809+0000] {processor.py:161} INFO - Started process (PID=237) to work on /home/airflow/.local/lib/python3.12/site-packages/airflow/example_dags/example_latest_only_with_trigger.py
[2025-08-26T04:29:12.819+0000] {processor.py:830} INFO - Processing file /home/airflow/.local/lib/python3.12/site-packages/airflow/example_dags/example_latest_only_with_trigger.py for tasks to queue
[2025-08-26T04:29:12.832+0000] {logging_mixin.py:188} INFO - [2025-08-26T04:29:12.831+0000] {dagbag.py:545} INFO - Filling up the DagBag from /home/airflow/.local/lib/python3.12/site-packages/airflow/example_dags/example_latest_only_with_trigger.py
[2025-08-26T04:29:12.979+0000] {processor.py:840} INFO - DAG(s) 'latest_only_with_trigger' retrieved from /home/airflow/.local/lib/python3.12/site-packages/airflow/example_dags/example_latest_only_with_trigger.py
[2025-08-26T04:29:14.411+0000] {logging_mixin.py:188} INFO - [2025-08-26T04:29:14.409+0000] {override.py:1829} INFO - Created Permission View: can delete on DAG:latest_only_with_trigger
[2025-08-26T04:29:14.513+0000] {logging_mixin.py:188} INFO - [2025-08-26T04:29:14.511+0000] {override.py:1829} INFO - Created Permission View: can read on DAG:latest_only_with_trigger
[2025-08-26T04:29:14.590+0000] {logging_mixin.py:188} INFO - [2025-08-26T04:29:14.589+0000] {override.py:1829} INFO - Created Permission View: can edit on DAG:latest_only_with_trigger
[2025-08-26T04:29:14.605+0000] {logging_mixin.py:188} INFO - [2025-08-26T04:29:14.603+0000] {dag.py:3096} INFO - Sync 1 DAGs
[2025-08-26T04:29:14.757+0000] {logging_mixin.py:188} INFO - [2025-08-26T04:29:14.756+0000] {dag.py:3118} INFO - Creating ORM DAG for latest_only_with_trigger
[2025-08-26T04:29:14.890+0000] {logging_mixin.py:188} INFO - [2025-08-26T04:29:14.885+0000] {dag.py:3954} INFO - Setting next_dagrun for latest_only_with_trigger to 2025-08-26 00:00:00+00:00, run_after=2025-08-26 04:00:00+00:00
[2025-08-26T04:29:15.113+0000] {processor.py:183} INFO - Processing /home/airflow/.local/lib/python3.12/site-packages/airflow/example_dags/example_latest_only_with_trigger.py took 2.358 seconds
[2025-08-26T04:30:48.273+0000] {processor.py:161} INFO - Started process (PID=511) to work on /home/airflow/.local/lib/python3.12/site-packages/airflow/example_dags/example_latest_only_with_trigger.py
[2025-08-26T04:30:48.321+0000] {processor.py:830} INFO - Processing file /home/airflow/.local/lib/python3.12/site-packages/airflow/example_dags/example_latest_only_with_trigger.py for tasks to queue
[2025-08-26T04:30:48.354+0000] {logging_mixin.py:188} INFO - [2025-08-26T04:30:48.353+0000] {dagbag.py:545} INFO - Filling up the DagBag from /home/airflow/.local/lib/python3.12/site-packages/airflow/example_dags/example_latest_only_with_trigger.py
[2025-08-26T04:30:48.415+0000] {processor.py:840} INFO - DAG(s) 'latest_only_with_trigger' retrieved from /home/airflow/.local/lib/python3.12/site-packages/airflow/example_dags/example_latest_only_with_trigger.py
[2025-08-26T04:30:48.912+0000] {logging_mixin.py:188} INFO - [2025-08-26T04:30:48.911+0000] {dag.py:3096} INFO - Sync 1 DAGs
[2025-08-26T04:30:49.157+0000] {logging_mixin.py:188} INFO - [2025-08-26T04:30:49.156+0000] {dag.py:3954} INFO - Setting next_dagrun for latest_only_with_trigger to 2025-08-26 00:00:00+00:00, run_after=2025-08-26 04:00:00+00:00
[2025-08-26T04:30:49.372+0000] {processor.py:183} INFO - Processing /home/airflow/.local/lib/python3.12/site-packages/airflow/example_dags/example_latest_only_with_trigger.py took 1.180 seconds
[2025-08-26T04:31:20.283+0000] {processor.py:161} INFO - Started process (PID=768) to work on /home/airflow/.local/lib/python3.12/site-packages/airflow/example_dags/example_latest_only_with_trigger.py
[2025-08-26T04:31:20.308+0000] {processor.py:830} INFO - Processing file /home/airflow/.local/lib/python3.12/site-packages/airflow/example_dags/example_latest_only_with_trigger.py for tasks to queue
[2025-08-26T04:31:20.363+0000] {logging_mixin.py:188} INFO - [2025-08-26T04:31:20.356+0000] {dagbag.py:545} INFO - Filling up the DagBag from /home/airflow/.local/lib/python3.12/site-packages/airflow/example_dags/example_latest_only_with_trigger.py
[2025-08-26T04:31:20.460+0000] {processor.py:840} INFO - DAG(s) 'latest_only_with_trigger' retrieved from /home/airflow/.local/lib/python3.12/site-packages/airflow/example_dags/example_latest_only_with_trigger.py
[2025-08-26T04:31:20.665+0000] {logging_mixin.py:188} INFO - [2025-08-26T04:31:20.664+0000] {dag.py:3096} INFO - Sync 1 DAGs
[2025-08-26T04:31:20.912+0000] {logging_mixin.py:188} INFO - [2025-08-26T04:31:20.899+0000] {dag.py:3954} INFO - Setting next_dagrun for latest_only_with_trigger to 2025-08-26 00:00:00+00:00, run_after=2025-08-26 04:00:00+00:00
[2025-08-26T04:31:21.166+0000] {processor.py:183} INFO - Processing /home/airflow/.local/lib/python3.12/site-packages/airflow/example_dags/example_latest_only_with_trigger.py took 1.060 seconds
[2025-08-26T04:31:57.170+0000] {processor.py:161} INFO - Started process (PID=1030) to work on /home/airflow/.local/lib/python3.12/site-packages/airflow/example_dags/example_latest_only_with_trigger.py
[2025-08-26T04:31:57.176+0000] {processor.py:830} INFO - Processing file /home/airflow/.local/lib/python3.12/site-packages/airflow/example_dags/example_latest_only_with_trigger.py for tasks to queue
[2025-08-26T04:31:57.191+0000] {logging_mixin.py:188} INFO - [2025-08-26T04:31:57.190+0000] {dagbag.py:545} INFO - Filling up the DagBag from /home/airflow/.local/lib/python3.12/site-packages/airflow/example_dags/example_latest_only_with_trigger.py
[2025-08-26T04:31:57.227+0000] {processor.py:840} INFO - DAG(s) 'latest_only_with_trigger' retrieved from /home/airflow/.local/lib/python3.12/site-packages/airflow/example_dags/example_latest_only_with_trigger.py
[2025-08-26T04:31:57.431+0000] {logging_mixin.py:188} INFO - [2025-08-26T04:31:57.431+0000] {dag.py:3096} INFO - Sync 1 DAGs
[2025-08-26T04:31:57.648+0000] {logging_mixin.py:188} INFO - [2025-08-26T04:31:57.647+0000] {dag.py:3954} INFO - Setting next_dagrun for latest_only_with_trigger to 2025-08-26 00:00:00+00:00, run_after=2025-08-26 04:00:00+00:00
[2025-08-26T04:31:57.809+0000] {processor.py:183} INFO - Processing /home/airflow/.local/lib/python3.12/site-packages/airflow/example_dags/example_latest_only_with_trigger.py took 0.726 seconds
[2025-08-26T04:32:28.856+0000] {processor.py:161} INFO - Started process (PID=1294) to work on /home/airflow/.local/lib/python3.12/site-packages/airflow/example_dags/example_latest_only_with_trigger.py
[2025-08-26T04:32:28.860+0000] {processor.py:830} INFO - Processing file /home/airflow/.local/lib/python3.12/site-packages/airflow/example_dags/example_latest_only_with_trigger.py for tasks to queue
[2025-08-26T04:32:28.871+0000] {logging_mixin.py:188} INFO - [2025-08-26T04:32:28.870+0000] {dagbag.py:545} INFO - Filling up the DagBag from /home/airflow/.local/lib/python3.12/site-packages/airflow/example_dags/example_latest_only_with_trigger.py
[2025-08-26T04:32:28.896+0000] {processor.py:840} INFO - DAG(s) 'latest_only_with_trigger' retrieved from /home/airflow/.local/lib/python3.12/site-packages/airflow/example_dags/example_latest_only_with_trigger.py
[2025-08-26T04:32:29.032+0000] {logging_mixin.py:188} INFO - [2025-08-26T04:32:29.031+0000] {dag.py:3096} INFO - Sync 1 DAGs
[2025-08-26T04:32:29.145+0000] {logging_mixin.py:188} INFO - [2025-08-26T04:32:29.144+0000] {dag.py:3954} INFO - Setting next_dagrun for latest_only_with_trigger to 2025-08-26 00:00:00+00:00, run_after=2025-08-26 04:00:00+00:00
[2025-08-26T04:32:29.250+0000] {processor.py:183} INFO - Processing /home/airflow/.local/lib/python3.12/site-packages/airflow/example_dags/example_latest_only_with_trigger.py took 0.421 seconds
[2025-08-26T04:33:09.186+0000] {processor.py:161} INFO - Started process (PID=1554) to work on /home/airflow/.local/lib/python3.12/site-packages/airflow/example_dags/example_latest_only_with_trigger.py
[2025-08-26T04:33:09.188+0000] {processor.py:830} INFO - Processing file /home/airflow/.local/lib/python3.12/site-packages/airflow/example_dags/example_latest_only_with_trigger.py for tasks to queue
[2025-08-26T04:33:09.196+0000] {logging_mixin.py:188} INFO - [2025-08-26T04:33:09.194+0000] {dagbag.py:545} INFO - Filling up the DagBag from /home/airflow/.local/lib/python3.12/site-packages/airflow/example_dags/example_latest_only_with_trigger.py
[2025-08-26T04:33:09.215+0000] {processor.py:840} INFO - DAG(s) 'latest_only_with_trigger' retrieved from /home/airflow/.local/lib/python3.12/site-packages/airflow/example_dags/example_latest_only_with_trigger.py
[2025-08-26T04:33:09.294+0000] {logging_mixin.py:188} INFO - [2025-08-26T04:33:09.293+0000] {dag.py:3096} INFO - Sync 1 DAGs
[2025-08-26T04:33:09.381+0000] {logging_mixin.py:188} INFO - [2025-08-26T04:33:09.381+0000] {dag.py:3954} INFO - Setting next_dagrun for latest_only_with_trigger to 2025-08-26 00:00:00+00:00, run_after=2025-08-26 04:00:00+00:00
[2025-08-26T04:33:09.467+0000] {processor.py:183} INFO - Processing /home/airflow/.local/lib/python3.12/site-packages/airflow/example_dags/example_latest_only_with_trigger.py took 0.314 seconds
[2025-08-26T04:33:40.574+0000] {processor.py:161} INFO - Started process (PID=1803) to work on /home/airflow/.local/lib/python3.12/site-packages/airflow/example_dags/example_latest_only_with_trigger.py
[2025-08-26T04:33:40.577+0000] {processor.py:830} INFO - Processing file /home/airflow/.local/lib/python3.12/site-packages/airflow/example_dags/example_latest_only_with_trigger.py for tasks to queue
[2025-08-26T04:33:40.589+0000] {logging_mixin.py:188} INFO - [2025-08-26T04:33:40.586+0000] {dagbag.py:545} INFO - Filling up the DagBag from /home/airflow/.local/lib/python3.12/site-packages/airflow/example_dags/example_latest_only_with_trigger.py
[2025-08-26T04:33:40.616+0000] {processor.py:840} INFO - DAG(s) 'latest_only_with_trigger' retrieved from /home/airflow/.local/lib/python3.12/site-packages/airflow/example_dags/example_latest_only_with_trigger.py
[2025-08-26T04:33:40.721+0000] {logging_mixin.py:188} INFO - [2025-08-26T04:33:40.720+0000] {dag.py:3096} INFO - Sync 1 DAGs
[2025-08-26T04:33:40.834+0000] {logging_mixin.py:188} INFO - [2025-08-26T04:33:40.834+0000] {dag.py:3954} INFO - Setting next_dagrun for latest_only_with_trigger to 2025-08-26 00:00:00+00:00, run_after=2025-08-26 04:00:00+00:00
[2025-08-26T04:33:40.922+0000] {processor.py:183} INFO - Processing /home/airflow/.local/lib/python3.12/site-packages/airflow/example_dags/example_latest_only_with_trigger.py took 0.376 seconds
[2025-08-26T04:34:11.239+0000] {processor.py:161} INFO - Started process (PID=2065) to work on /home/airflow/.local/lib/python3.12/site-packages/airflow/example_dags/example_latest_only_with_trigger.py
[2025-08-26T04:34:11.242+0000] {processor.py:830} INFO - Processing file /home/airflow/.local/lib/python3.12/site-packages/airflow/example_dags/example_latest_only_with_trigger.py for tasks to queue
[2025-08-26T04:34:11.250+0000] {logging_mixin.py:188} INFO - [2025-08-26T04:34:11.249+0000] {dagbag.py:545} INFO - Filling up the DagBag from /home/airflow/.local/lib/python3.12/site-packages/airflow/example_dags/example_latest_only_with_trigger.py
[2025-08-26T04:34:11.278+0000] {processor.py:840} INFO - DAG(s) 'latest_only_with_trigger' retrieved from /home/airflow/.local/lib/python3.12/site-packages/airflow/example_dags/example_latest_only_with_trigger.py
[2025-08-26T04:34:11.390+0000] {logging_mixin.py:188} INFO - [2025-08-26T04:34:11.389+0000] {dag.py:3096} INFO - Sync 1 DAGs
[2025-08-26T04:34:11.521+0000] {logging_mixin.py:188} INFO - [2025-08-26T04:34:11.519+0000] {dag.py:3954} INFO - Setting next_dagrun for latest_only_with_trigger to 2025-08-26 00:00:00+00:00, run_after=2025-08-26 04:00:00+00:00
[2025-08-26T04:34:11.606+0000] {processor.py:183} INFO - Processing /home/airflow/.local/lib/python3.12/site-packages/airflow/example_dags/example_latest_only_with_trigger.py took 0.395 seconds
[2025-08-26T04:34:45.362+0000] {processor.py:161} INFO - Started process (PID=2320) to work on /home/airflow/.local/lib/python3.12/site-packages/airflow/example_dags/example_latest_only_with_trigger.py
[2025-08-26T04:34:45.375+0000] {processor.py:830} INFO - Processing file /home/airflow/.local/lib/python3.12/site-packages/airflow/example_dags/example_latest_only_with_trigger.py for tasks to queue
[2025-08-26T04:34:45.392+0000] {logging_mixin.py:188} INFO - [2025-08-26T04:34:45.391+0000] {dagbag.py:545} INFO - Filling up the DagBag from /home/airflow/.local/lib/python3.12/site-packages/airflow/example_dags/example_latest_only_with_trigger.py
[2025-08-26T04:34:45.420+0000] {processor.py:840} INFO - DAG(s) 'latest_only_with_trigger' retrieved from /home/airflow/.local/lib/python3.12/site-packages/airflow/example_dags/example_latest_only_with_trigger.py
[2025-08-26T04:34:45.543+0000] {logging_mixin.py:188} INFO - [2025-08-26T04:34:45.543+0000] {dag.py:3096} INFO - Sync 1 DAGs
[2025-08-26T04:34:45.659+0000] {logging_mixin.py:188} INFO - [2025-08-26T04:34:45.659+0000] {dag.py:3954} INFO - Setting next_dagrun for latest_only_with_trigger to 2025-08-26 00:00:00+00:00, run_after=2025-08-26 04:00:00+00:00
[2025-08-26T04:34:45.850+0000] {processor.py:183} INFO - Processing /home/airflow/.local/lib/python3.12/site-packages/airflow/example_dags/example_latest_only_with_trigger.py took 0.552 seconds
[2025-08-26T04:35:16.471+0000] {processor.py:161} INFO - Started process (PID=2581) to work on /home/airflow/.local/lib/python3.12/site-packages/airflow/example_dags/example_latest_only_with_trigger.py
[2025-08-26T04:35:16.474+0000] {processor.py:830} INFO - Processing file /home/airflow/.local/lib/python3.12/site-packages/airflow/example_dags/example_latest_only_with_trigger.py for tasks to queue
[2025-08-26T04:35:16.494+0000] {logging_mixin.py:188} INFO - [2025-08-26T04:35:16.493+0000] {dagbag.py:545} INFO - Filling up the DagBag from /home/airflow/.local/lib/python3.12/site-packages/airflow/example_dags/example_latest_only_with_trigger.py
[2025-08-26T04:35:16.537+0000] {processor.py:840} INFO - DAG(s) 'latest_only_with_trigger' retrieved from /home/airflow/.local/lib/python3.12/site-packages/airflow/example_dags/example_latest_only_with_trigger.py
[2025-08-26T04:35:16.709+0000] {logging_mixin.py:188} INFO - [2025-08-26T04:35:16.708+0000] {dag.py:3096} INFO - Sync 1 DAGs
[2025-08-26T04:35:16.921+0000] {logging_mixin.py:188} INFO - [2025-08-26T04:35:16.916+0000] {dag.py:3954} INFO - Setting next_dagrun for latest_only_with_trigger to 2025-08-26 00:00:00+00:00, run_after=2025-08-26 04:00:00+00:00
[2025-08-26T04:35:17.056+0000] {processor.py:183} INFO - Processing /home/airflow/.local/lib/python3.12/site-packages/airflow/example_dags/example_latest_only_with_trigger.py took 0.658 seconds
[2025-08-26T04:35:47.351+0000] {processor.py:161} INFO - Started process (PID=2843) to work on /home/airflow/.local/lib/python3.12/site-packages/airflow/example_dags/example_latest_only_with_trigger.py
[2025-08-26T04:35:47.354+0000] {processor.py:830} INFO - Processing file /home/airflow/.local/lib/python3.12/site-packages/airflow/example_dags/example_latest_only_with_trigger.py for tasks to queue
[2025-08-26T04:35:47.360+0000] {logging_mixin.py:188} INFO - [2025-08-26T04:35:47.359+0000] {dagbag.py:545} INFO - Filling up the DagBag from /home/airflow/.local/lib/python3.12/site-packages/airflow/example_dags/example_latest_only_with_trigger.py
[2025-08-26T04:35:47.386+0000] {processor.py:840} INFO - DAG(s) 'latest_only_with_trigger' retrieved from /home/airflow/.local/lib/python3.12/site-packages/airflow/example_dags/example_latest_only_with_trigger.py
[2025-08-26T04:35:47.470+0000] {logging_mixin.py:188} INFO - [2025-08-26T04:35:47.470+0000] {dag.py:3096} INFO - Sync 1 DAGs
[2025-08-26T04:35:47.562+0000] {logging_mixin.py:188} INFO - [2025-08-26T04:35:47.561+0000] {dag.py:3954} INFO - Setting next_dagrun for latest_only_with_trigger to 2025-08-26 00:00:00+00:00, run_after=2025-08-26 04:00:00+00:00
[2025-08-26T04:35:47.646+0000] {processor.py:183} INFO - Processing /home/airflow/.local/lib/python3.12/site-packages/airflow/example_dags/example_latest_only_with_trigger.py took 0.317 seconds
[2025-08-26T04:36:18.397+0000] {processor.py:161} INFO - Started process (PID=3090) to work on /home/airflow/.local/lib/python3.12/site-packages/airflow/example_dags/example_latest_only_with_trigger.py
[2025-08-26T04:36:18.400+0000] {processor.py:830} INFO - Processing file /home/airflow/.local/lib/python3.12/site-packages/airflow/example_dags/example_latest_only_with_trigger.py for tasks to queue
[2025-08-26T04:36:18.410+0000] {logging_mixin.py:188} INFO - [2025-08-26T04:36:18.408+0000] {dagbag.py:545} INFO - Filling up the DagBag from /home/airflow/.local/lib/python3.12/site-packages/airflow/example_dags/example_latest_only_with_trigger.py
[2025-08-26T04:36:18.441+0000] {processor.py:840} INFO - DAG(s) 'latest_only_with_trigger' retrieved from /home/airflow/.local/lib/python3.12/site-packages/airflow/example_dags/example_latest_only_with_trigger.py
[2025-08-26T04:36:18.597+0000] {logging_mixin.py:188} INFO - [2025-08-26T04:36:18.593+0000] {dag.py:3096} INFO - Sync 1 DAGs
[2025-08-26T04:36:18.901+0000] {logging_mixin.py:188} INFO - [2025-08-26T04:36:18.901+0000] {dag.py:3954} INFO - Setting next_dagrun for latest_only_with_trigger to 2025-08-26 00:00:00+00:00, run_after=2025-08-26 04:00:00+00:00
[2025-08-26T04:36:19.018+0000] {processor.py:183} INFO - Processing /home/airflow/.local/lib/python3.12/site-packages/airflow/example_dags/example_latest_only_with_trigger.py took 0.657 seconds
[2025-08-26T04:36:51.713+0000] {processor.py:161} INFO - Started process (PID=3355) to work on /home/airflow/.local/lib/python3.12/site-packages/airflow/example_dags/example_latest_only_with_trigger.py
[2025-08-26T04:36:51.722+0000] {processor.py:830} INFO - Processing file /home/airflow/.local/lib/python3.12/site-packages/airflow/example_dags/example_latest_only_with_trigger.py for tasks to queue
[2025-08-26T04:36:51.729+0000] {logging_mixin.py:188} INFO - [2025-08-26T04:36:51.728+0000] {dagbag.py:545} INFO - Filling up the DagBag from /home/airflow/.local/lib/python3.12/site-packages/airflow/example_dags/example_latest_only_with_trigger.py
[2025-08-26T04:36:51.785+0000] {processor.py:840} INFO - DAG(s) 'latest_only_with_trigger' retrieved from /home/airflow/.local/lib/python3.12/site-packages/airflow/example_dags/example_latest_only_with_trigger.py
[2025-08-26T04:36:52.018+0000] {logging_mixin.py:188} INFO - [2025-08-26T04:36:52.017+0000] {dag.py:3096} INFO - Sync 1 DAGs
[2025-08-26T04:36:52.283+0000] {logging_mixin.py:188} INFO - [2025-08-26T04:36:52.283+0000] {dag.py:3954} INFO - Setting next_dagrun for latest_only_with_trigger to 2025-08-26 00:00:00+00:00, run_after=2025-08-26 04:00:00+00:00
[2025-08-26T04:36:52.625+0000] {processor.py:183} INFO - Processing /home/airflow/.local/lib/python3.12/site-packages/airflow/example_dags/example_latest_only_with_trigger.py took 0.957 seconds
[2025-08-26T04:37:23.539+0000] {processor.py:161} INFO - Started process (PID=3615) to work on /home/airflow/.local/lib/python3.12/site-packages/airflow/example_dags/example_latest_only_with_trigger.py
[2025-08-26T04:37:23.547+0000] {processor.py:830} INFO - Processing file /home/airflow/.local/lib/python3.12/site-packages/airflow/example_dags/example_latest_only_with_trigger.py for tasks to queue
[2025-08-26T04:37:23.553+0000] {logging_mixin.py:188} INFO - [2025-08-26T04:37:23.552+0000] {dagbag.py:545} INFO - Filling up the DagBag from /home/airflow/.local/lib/python3.12/site-packages/airflow/example_dags/example_latest_only_with_trigger.py
[2025-08-26T04:37:23.624+0000] {processor.py:840} INFO - DAG(s) 'latest_only_with_trigger' retrieved from /home/airflow/.local/lib/python3.12/site-packages/airflow/example_dags/example_latest_only_with_trigger.py
[2025-08-26T04:37:23.795+0000] {logging_mixin.py:188} INFO - [2025-08-26T04:37:23.795+0000] {dag.py:3096} INFO - Sync 1 DAGs
[2025-08-26T04:37:24.145+0000] {logging_mixin.py:188} INFO - [2025-08-26T04:37:24.145+0000] {dag.py:3954} INFO - Setting next_dagrun for latest_only_with_trigger to 2025-08-26 00:00:00+00:00, run_after=2025-08-26 04:00:00+00:00
[2025-08-26T04:37:24.336+0000] {processor.py:183} INFO - Processing /home/airflow/.local/lib/python3.12/site-packages/airflow/example_dags/example_latest_only_with_trigger.py took 0.870 seconds
[2025-08-26T04:37:54.817+0000] {processor.py:161} INFO - Started process (PID=3878) to work on /home/airflow/.local/lib/python3.12/site-packages/airflow/example_dags/example_latest_only_with_trigger.py
[2025-08-26T04:37:54.821+0000] {processor.py:830} INFO - Processing file /home/airflow/.local/lib/python3.12/site-packages/airflow/example_dags/example_latest_only_with_trigger.py for tasks to queue
[2025-08-26T04:37:54.831+0000] {logging_mixin.py:188} INFO - [2025-08-26T04:37:54.829+0000] {dagbag.py:545} INFO - Filling up the DagBag from /home/airflow/.local/lib/python3.12/site-packages/airflow/example_dags/example_latest_only_with_trigger.py
[2025-08-26T04:37:54.857+0000] {processor.py:840} INFO - DAG(s) 'latest_only_with_trigger' retrieved from /home/airflow/.local/lib/python3.12/site-packages/airflow/example_dags/example_latest_only_with_trigger.py
[2025-08-26T04:37:54.949+0000] {logging_mixin.py:188} INFO - [2025-08-26T04:37:54.948+0000] {dag.py:3096} INFO - Sync 1 DAGs
[2025-08-26T04:37:55.061+0000] {logging_mixin.py:188} INFO - [2025-08-26T04:37:55.060+0000] {dag.py:3954} INFO - Setting next_dagrun for latest_only_with_trigger to 2025-08-26 00:00:00+00:00, run_after=2025-08-26 04:00:00+00:00
[2025-08-26T04:37:55.183+0000] {processor.py:183} INFO - Processing /home/airflow/.local/lib/python3.12/site-packages/airflow/example_dags/example_latest_only_with_trigger.py took 0.391 seconds
[2025-08-26T04:38:25.584+0000] {processor.py:161} INFO - Started process (PID=4138) to work on /home/airflow/.local/lib/python3.12/site-packages/airflow/example_dags/example_latest_only_with_trigger.py
[2025-08-26T04:38:25.588+0000] {processor.py:830} INFO - Processing file /home/airflow/.local/lib/python3.12/site-packages/airflow/example_dags/example_latest_only_with_trigger.py for tasks to queue
[2025-08-26T04:38:25.605+0000] {logging_mixin.py:188} INFO - [2025-08-26T04:38:25.604+0000] {dagbag.py:545} INFO - Filling up the DagBag from /home/airflow/.local/lib/python3.12/site-packages/airflow/example_dags/example_latest_only_with_trigger.py
[2025-08-26T04:38:25.633+0000] {processor.py:840} INFO - DAG(s) 'latest_only_with_trigger' retrieved from /home/airflow/.local/lib/python3.12/site-packages/airflow/example_dags/example_latest_only_with_trigger.py
[2025-08-26T04:38:25.753+0000] {logging_mixin.py:188} INFO - [2025-08-26T04:38:25.752+0000] {dag.py:3096} INFO - Sync 1 DAGs
[2025-08-26T04:38:25.838+0000] {logging_mixin.py:188} INFO - [2025-08-26T04:38:25.837+0000] {dag.py:3954} INFO - Setting next_dagrun for latest_only_with_trigger to 2025-08-26 00:00:00+00:00, run_after=2025-08-26 04:00:00+00:00
[2025-08-26T04:38:25.907+0000] {processor.py:183} INFO - Processing /home/airflow/.local/lib/python3.12/site-packages/airflow/example_dags/example_latest_only_with_trigger.py took 0.357 seconds
[2025-08-26T04:38:57.287+0000] {processor.py:161} INFO - Started process (PID=4380) to work on /home/airflow/.local/lib/python3.12/site-packages/airflow/example_dags/example_latest_only_with_trigger.py
[2025-08-26T04:38:57.308+0000] {processor.py:830} INFO - Processing file /home/airflow/.local/lib/python3.12/site-packages/airflow/example_dags/example_latest_only_with_trigger.py for tasks to queue
[2025-08-26T04:38:57.321+0000] {logging_mixin.py:188} INFO - [2025-08-26T04:38:57.319+0000] {dagbag.py:545} INFO - Filling up the DagBag from /home/airflow/.local/lib/python3.12/site-packages/airflow/example_dags/example_latest_only_with_trigger.py
[2025-08-26T04:38:57.385+0000] {processor.py:840} INFO - DAG(s) 'latest_only_with_trigger' retrieved from /home/airflow/.local/lib/python3.12/site-packages/airflow/example_dags/example_latest_only_with_trigger.py
[2025-08-26T04:38:57.538+0000] {logging_mixin.py:188} INFO - [2025-08-26T04:38:57.537+0000] {dag.py:3096} INFO - Sync 1 DAGs
[2025-08-26T04:38:57.688+0000] {logging_mixin.py:188} INFO - [2025-08-26T04:38:57.687+0000] {dag.py:3954} INFO - Setting next_dagrun for latest_only_with_trigger to 2025-08-26 00:00:00+00:00, run_after=2025-08-26 04:00:00+00:00
[2025-08-26T04:38:57.780+0000] {processor.py:183} INFO - Processing /home/airflow/.local/lib/python3.12/site-packages/airflow/example_dags/example_latest_only_with_trigger.py took 0.540 seconds
[2025-08-26T04:39:29.323+0000] {processor.py:161} INFO - Started process (PID=4637) to work on /home/airflow/.local/lib/python3.12/site-packages/airflow/example_dags/example_latest_only_with_trigger.py
[2025-08-26T04:39:29.329+0000] {processor.py:830} INFO - Processing file /home/airflow/.local/lib/python3.12/site-packages/airflow/example_dags/example_latest_only_with_trigger.py for tasks to queue
[2025-08-26T04:39:29.340+0000] {logging_mixin.py:188} INFO - [2025-08-26T04:39:29.339+0000] {dagbag.py:545} INFO - Filling up the DagBag from /home/airflow/.local/lib/python3.12/site-packages/airflow/example_dags/example_latest_only_with_trigger.py
[2025-08-26T04:39:29.380+0000] {processor.py:840} INFO - DAG(s) 'latest_only_with_trigger' retrieved from /home/airflow/.local/lib/python3.12/site-packages/airflow/example_dags/example_latest_only_with_trigger.py
[2025-08-26T04:39:29.511+0000] {logging_mixin.py:188} INFO - [2025-08-26T04:39:29.511+0000] {dag.py:3096} INFO - Sync 1 DAGs
[2025-08-26T04:39:29.800+0000] {logging_mixin.py:188} INFO - [2025-08-26T04:39:29.799+0000] {dag.py:3954} INFO - Setting next_dagrun for latest_only_with_trigger to 2025-08-26 00:00:00+00:00, run_after=2025-08-26 04:00:00+00:00
[2025-08-26T04:39:30.248+0000] {processor.py:183} INFO - Processing /home/airflow/.local/lib/python3.12/site-packages/airflow/example_dags/example_latest_only_with_trigger.py took 1.037 seconds
[2025-08-26T04:40:11.713+0000] {processor.py:161} INFO - Started process (PID=4889) to work on /home/airflow/.local/lib/python3.12/site-packages/airflow/example_dags/example_latest_only_with_trigger.py
[2025-08-26T04:40:11.737+0000] {processor.py:830} INFO - Processing file /home/airflow/.local/lib/python3.12/site-packages/airflow/example_dags/example_latest_only_with_trigger.py for tasks to queue
[2025-08-26T04:40:11.773+0000] {logging_mixin.py:188} INFO - [2025-08-26T04:40:11.772+0000] {dagbag.py:545} INFO - Filling up the DagBag from /home/airflow/.local/lib/python3.12/site-packages/airflow/example_dags/example_latest_only_with_trigger.py
[2025-08-26T04:40:11.912+0000] {processor.py:840} INFO - DAG(s) 'latest_only_with_trigger' retrieved from /home/airflow/.local/lib/python3.12/site-packages/airflow/example_dags/example_latest_only_with_trigger.py
[2025-08-26T04:40:12.295+0000] {logging_mixin.py:188} INFO - [2025-08-26T04:40:12.294+0000] {dag.py:3096} INFO - Sync 1 DAGs
[2025-08-26T04:40:12.668+0000] {logging_mixin.py:188} INFO - [2025-08-26T04:40:12.667+0000] {dag.py:3954} INFO - Setting next_dagrun for latest_only_with_trigger to 2025-08-26 00:00:00+00:00, run_after=2025-08-26 04:00:00+00:00
[2025-08-26T04:40:13.090+0000] {processor.py:183} INFO - Processing /home/airflow/.local/lib/python3.12/site-packages/airflow/example_dags/example_latest_only_with_trigger.py took 1.548 seconds
[2025-08-26T04:40:44.538+0000] {processor.py:161} INFO - Started process (PID=5146) to work on /home/airflow/.local/lib/python3.12/site-packages/airflow/example_dags/example_latest_only_with_trigger.py
[2025-08-26T04:40:44.547+0000] {processor.py:830} INFO - Processing file /home/airflow/.local/lib/python3.12/site-packages/airflow/example_dags/example_latest_only_with_trigger.py for tasks to queue
[2025-08-26T04:40:44.560+0000] {logging_mixin.py:188} INFO - [2025-08-26T04:40:44.558+0000] {dagbag.py:545} INFO - Filling up the DagBag from /home/airflow/.local/lib/python3.12/site-packages/airflow/example_dags/example_latest_only_with_trigger.py
[2025-08-26T04:40:44.600+0000] {processor.py:840} INFO - DAG(s) 'latest_only_with_trigger' retrieved from /home/airflow/.local/lib/python3.12/site-packages/airflow/example_dags/example_latest_only_with_trigger.py
[2025-08-26T04:40:44.828+0000] {logging_mixin.py:188} INFO - [2025-08-26T04:40:44.827+0000] {dag.py:3096} INFO - Sync 1 DAGs
[2025-08-26T04:40:45.334+0000] {logging_mixin.py:188} INFO - [2025-08-26T04:40:45.332+0000] {dag.py:3954} INFO - Setting next_dagrun for latest_only_with_trigger to 2025-08-26 00:00:00+00:00, run_after=2025-08-26 04:00:00+00:00
[2025-08-26T04:40:45.780+0000] {processor.py:183} INFO - Processing /home/airflow/.local/lib/python3.12/site-packages/airflow/example_dags/example_latest_only_with_trigger.py took 1.269 seconds
[2025-08-26T04:41:16.392+0000] {processor.py:161} INFO - Started process (PID=5408) to work on /home/airflow/.local/lib/python3.12/site-packages/airflow/example_dags/example_latest_only_with_trigger.py
[2025-08-26T04:41:16.414+0000] {processor.py:830} INFO - Processing file /home/airflow/.local/lib/python3.12/site-packages/airflow/example_dags/example_latest_only_with_trigger.py for tasks to queue
[2025-08-26T04:41:16.457+0000] {logging_mixin.py:188} INFO - [2025-08-26T04:41:16.455+0000] {dagbag.py:545} INFO - Filling up the DagBag from /home/airflow/.local/lib/python3.12/site-packages/airflow/example_dags/example_latest_only_with_trigger.py
[2025-08-26T04:41:16.512+0000] {processor.py:840} INFO - DAG(s) 'latest_only_with_trigger' retrieved from /home/airflow/.local/lib/python3.12/site-packages/airflow/example_dags/example_latest_only_with_trigger.py
[2025-08-26T04:41:16.638+0000] {logging_mixin.py:188} INFO - [2025-08-26T04:41:16.637+0000] {dag.py:3096} INFO - Sync 1 DAGs
[2025-08-26T04:41:16.797+0000] {logging_mixin.py:188} INFO - [2025-08-26T04:41:16.796+0000] {dag.py:3954} INFO - Setting next_dagrun for latest_only_with_trigger to 2025-08-26 00:00:00+00:00, run_after=2025-08-26 04:00:00+00:00
[2025-08-26T04:41:16.901+0000] {processor.py:183} INFO - Processing /home/airflow/.local/lib/python3.12/site-packages/airflow/example_dags/example_latest_only_with_trigger.py took 0.586 seconds
[2025-08-26T04:41:53.541+0000] {processor.py:161} INFO - Started process (PID=5669) to work on /home/airflow/.local/lib/python3.12/site-packages/airflow/example_dags/example_latest_only_with_trigger.py
[2025-08-26T04:41:53.558+0000] {processor.py:830} INFO - Processing file /home/airflow/.local/lib/python3.12/site-packages/airflow/example_dags/example_latest_only_with_trigger.py for tasks to queue
[2025-08-26T04:41:53.576+0000] {logging_mixin.py:188} INFO - [2025-08-26T04:41:53.575+0000] {dagbag.py:545} INFO - Filling up the DagBag from /home/airflow/.local/lib/python3.12/site-packages/airflow/example_dags/example_latest_only_with_trigger.py
[2025-08-26T04:41:53.653+0000] {processor.py:840} INFO - DAG(s) 'latest_only_with_trigger' retrieved from /home/airflow/.local/lib/python3.12/site-packages/airflow/example_dags/example_latest_only_with_trigger.py
[2025-08-26T04:41:54.110+0000] {logging_mixin.py:188} INFO - [2025-08-26T04:41:54.081+0000] {dag.py:3096} INFO - Sync 1 DAGs
[2025-08-26T04:41:54.647+0000] {logging_mixin.py:188} INFO - [2025-08-26T04:41:54.646+0000] {dag.py:3954} INFO - Setting next_dagrun for latest_only_with_trigger to 2025-08-26 00:00:00+00:00, run_after=2025-08-26 04:00:00+00:00
[2025-08-26T04:41:55.176+0000] {processor.py:183} INFO - Processing /home/airflow/.local/lib/python3.12/site-packages/airflow/example_dags/example_latest_only_with_trigger.py took 1.716 seconds
[2025-08-26T04:42:34.789+0000] {processor.py:161} INFO - Started process (PID=5927) to work on /home/airflow/.local/lib/python3.12/site-packages/airflow/example_dags/example_latest_only_with_trigger.py
[2025-08-26T04:42:34.803+0000] {processor.py:830} INFO - Processing file /home/airflow/.local/lib/python3.12/site-packages/airflow/example_dags/example_latest_only_with_trigger.py for tasks to queue
[2025-08-26T04:42:34.822+0000] {logging_mixin.py:188} INFO - [2025-08-26T04:42:34.821+0000] {dagbag.py:545} INFO - Filling up the DagBag from /home/airflow/.local/lib/python3.12/site-packages/airflow/example_dags/example_latest_only_with_trigger.py
[2025-08-26T04:42:34.942+0000] {processor.py:840} INFO - DAG(s) 'latest_only_with_trigger' retrieved from /home/airflow/.local/lib/python3.12/site-packages/airflow/example_dags/example_latest_only_with_trigger.py
[2025-08-26T04:42:35.163+0000] {logging_mixin.py:188} INFO - [2025-08-26T04:42:35.162+0000] {dag.py:3096} INFO - Sync 1 DAGs
[2025-08-26T04:42:35.380+0000] {logging_mixin.py:188} INFO - [2025-08-26T04:42:35.376+0000] {dag.py:3954} INFO - Setting next_dagrun for latest_only_with_trigger to 2025-08-26 00:00:00+00:00, run_after=2025-08-26 04:00:00+00:00
[2025-08-26T04:42:35.576+0000] {processor.py:183} INFO - Processing /home/airflow/.local/lib/python3.12/site-packages/airflow/example_dags/example_latest_only_with_trigger.py took 0.916 seconds
[2025-08-26T04:43:06.756+0000] {processor.py:161} INFO - Started process (PID=6166) to work on /home/airflow/.local/lib/python3.12/site-packages/airflow/example_dags/example_latest_only_with_trigger.py
[2025-08-26T04:43:06.760+0000] {processor.py:830} INFO - Processing file /home/airflow/.local/lib/python3.12/site-packages/airflow/example_dags/example_latest_only_with_trigger.py for tasks to queue
[2025-08-26T04:43:06.781+0000] {logging_mixin.py:188} INFO - [2025-08-26T04:43:06.780+0000] {dagbag.py:545} INFO - Filling up the DagBag from /home/airflow/.local/lib/python3.12/site-packages/airflow/example_dags/example_latest_only_with_trigger.py
[2025-08-26T04:43:06.814+0000] {processor.py:840} INFO - DAG(s) 'latest_only_with_trigger' retrieved from /home/airflow/.local/lib/python3.12/site-packages/airflow/example_dags/example_latest_only_with_trigger.py
[2025-08-26T04:43:07.095+0000] {logging_mixin.py:188} INFO - [2025-08-26T04:43:07.092+0000] {dag.py:3096} INFO - Sync 1 DAGs
[2025-08-26T04:43:07.457+0000] {logging_mixin.py:188} INFO - [2025-08-26T04:43:07.445+0000] {dag.py:3954} INFO - Setting next_dagrun for latest_only_with_trigger to 2025-08-26 00:00:00+00:00, run_after=2025-08-26 04:00:00+00:00
[2025-08-26T04:43:07.697+0000] {processor.py:183} INFO - Processing /home/airflow/.local/lib/python3.12/site-packages/airflow/example_dags/example_latest_only_with_trigger.py took 0.991 seconds
[2025-08-26T04:43:38.046+0000] {processor.py:161} INFO - Started process (PID=6400) to work on /home/airflow/.local/lib/python3.12/site-packages/airflow/example_dags/example_latest_only_with_trigger.py
[2025-08-26T04:43:38.059+0000] {processor.py:830} INFO - Processing file /home/airflow/.local/lib/python3.12/site-packages/airflow/example_dags/example_latest_only_with_trigger.py for tasks to queue
[2025-08-26T04:43:38.073+0000] {logging_mixin.py:188} INFO - [2025-08-26T04:43:38.072+0000] {dagbag.py:545} INFO - Filling up the DagBag from /home/airflow/.local/lib/python3.12/site-packages/airflow/example_dags/example_latest_only_with_trigger.py
[2025-08-26T04:43:38.116+0000] {processor.py:840} INFO - DAG(s) 'latest_only_with_trigger' retrieved from /home/airflow/.local/lib/python3.12/site-packages/airflow/example_dags/example_latest_only_with_trigger.py
[2025-08-26T04:43:38.303+0000] {logging_mixin.py:188} INFO - [2025-08-26T04:43:38.302+0000] {dag.py:3096} INFO - Sync 1 DAGs
[2025-08-26T04:43:38.597+0000] {logging_mixin.py:188} INFO - [2025-08-26T04:43:38.596+0000] {dag.py:3954} INFO - Setting next_dagrun for latest_only_with_trigger to 2025-08-26 00:00:00+00:00, run_after=2025-08-26 04:00:00+00:00
[2025-08-26T04:43:38.767+0000] {processor.py:183} INFO - Processing /home/airflow/.local/lib/python3.12/site-packages/airflow/example_dags/example_latest_only_with_trigger.py took 0.775 seconds
[2025-08-26T04:44:10.408+0000] {processor.py:161} INFO - Started process (PID=6636) to work on /home/airflow/.local/lib/python3.12/site-packages/airflow/example_dags/example_latest_only_with_trigger.py
[2025-08-26T04:44:10.414+0000] {processor.py:830} INFO - Processing file /home/airflow/.local/lib/python3.12/site-packages/airflow/example_dags/example_latest_only_with_trigger.py for tasks to queue
[2025-08-26T04:44:10.425+0000] {logging_mixin.py:188} INFO - [2025-08-26T04:44:10.424+0000] {dagbag.py:545} INFO - Filling up the DagBag from /home/airflow/.local/lib/python3.12/site-packages/airflow/example_dags/example_latest_only_with_trigger.py
[2025-08-26T04:44:10.463+0000] {processor.py:840} INFO - DAG(s) 'latest_only_with_trigger' retrieved from /home/airflow/.local/lib/python3.12/site-packages/airflow/example_dags/example_latest_only_with_trigger.py
[2025-08-26T04:44:10.679+0000] {logging_mixin.py:188} INFO - [2025-08-26T04:44:10.678+0000] {dag.py:3096} INFO - Sync 1 DAGs
[2025-08-26T04:44:11.076+0000] {logging_mixin.py:188} INFO - [2025-08-26T04:44:11.075+0000] {dag.py:3954} INFO - Setting next_dagrun for latest_only_with_trigger to 2025-08-26 00:00:00+00:00, run_after=2025-08-26 04:00:00+00:00
[2025-08-26T04:44:11.499+0000] {processor.py:183} INFO - Processing /home/airflow/.local/lib/python3.12/site-packages/airflow/example_dags/example_latest_only_with_trigger.py took 1.129 seconds
[2025-08-26T04:44:43.099+0000] {processor.py:161} INFO - Started process (PID=6892) to work on /home/airflow/.local/lib/python3.12/site-packages/airflow/example_dags/example_latest_only_with_trigger.py
[2025-08-26T04:44:43.129+0000] {processor.py:830} INFO - Processing file /home/airflow/.local/lib/python3.12/site-packages/airflow/example_dags/example_latest_only_with_trigger.py for tasks to queue
[2025-08-26T04:44:43.136+0000] {logging_mixin.py:188} INFO - [2025-08-26T04:44:43.135+0000] {dagbag.py:545} INFO - Filling up the DagBag from /home/airflow/.local/lib/python3.12/site-packages/airflow/example_dags/example_latest_only_with_trigger.py
[2025-08-26T04:44:43.196+0000] {processor.py:840} INFO - DAG(s) 'latest_only_with_trigger' retrieved from /home/airflow/.local/lib/python3.12/site-packages/airflow/example_dags/example_latest_only_with_trigger.py
[2025-08-26T04:44:43.413+0000] {logging_mixin.py:188} INFO - [2025-08-26T04:44:43.412+0000] {dag.py:3096} INFO - Sync 1 DAGs
[2025-08-26T04:44:43.657+0000] {logging_mixin.py:188} INFO - [2025-08-26T04:44:43.656+0000] {dag.py:3954} INFO - Setting next_dagrun for latest_only_with_trigger to 2025-08-26 00:00:00+00:00, run_after=2025-08-26 04:00:00+00:00
[2025-08-26T04:44:43.772+0000] {processor.py:183} INFO - Processing /home/airflow/.local/lib/python3.12/site-packages/airflow/example_dags/example_latest_only_with_trigger.py took 0.739 seconds
[2025-08-26T04:45:16.619+0000] {processor.py:161} INFO - Started process (PID=7114) to work on /home/airflow/.local/lib/python3.12/site-packages/airflow/example_dags/example_latest_only_with_trigger.py
[2025-08-26T04:45:16.623+0000] {processor.py:830} INFO - Processing file /home/airflow/.local/lib/python3.12/site-packages/airflow/example_dags/example_latest_only_with_trigger.py for tasks to queue
[2025-08-26T04:45:16.637+0000] {logging_mixin.py:188} INFO - [2025-08-26T04:45:16.630+0000] {dagbag.py:545} INFO - Filling up the DagBag from /home/airflow/.local/lib/python3.12/site-packages/airflow/example_dags/example_latest_only_with_trigger.py
[2025-08-26T04:45:16.680+0000] {processor.py:840} INFO - DAG(s) 'latest_only_with_trigger' retrieved from /home/airflow/.local/lib/python3.12/site-packages/airflow/example_dags/example_latest_only_with_trigger.py
[2025-08-26T04:45:16.857+0000] {logging_mixin.py:188} INFO - [2025-08-26T04:45:16.856+0000] {dag.py:3096} INFO - Sync 1 DAGs
[2025-08-26T04:45:17.068+0000] {logging_mixin.py:188} INFO - [2025-08-26T04:45:17.067+0000] {dag.py:3954} INFO - Setting next_dagrun for latest_only_with_trigger to 2025-08-26 00:00:00+00:00, run_after=2025-08-26 04:00:00+00:00
[2025-08-26T04:45:17.289+0000] {processor.py:183} INFO - Processing /home/airflow/.local/lib/python3.12/site-packages/airflow/example_dags/example_latest_only_with_trigger.py took 0.719 seconds
[2025-08-26T04:45:52.773+0000] {processor.py:161} INFO - Started process (PID=7360) to work on /home/airflow/.local/lib/python3.12/site-packages/airflow/example_dags/example_latest_only_with_trigger.py
[2025-08-26T04:45:52.831+0000] {processor.py:830} INFO - Processing file /home/airflow/.local/lib/python3.12/site-packages/airflow/example_dags/example_latest_only_with_trigger.py for tasks to queue
[2025-08-26T04:45:52.867+0000] {logging_mixin.py:188} INFO - [2025-08-26T04:45:52.865+0000] {dagbag.py:545} INFO - Filling up the DagBag from /home/airflow/.local/lib/python3.12/site-packages/airflow/example_dags/example_latest_only_with_trigger.py
[2025-08-26T04:45:52.979+0000] {processor.py:840} INFO - DAG(s) 'latest_only_with_trigger' retrieved from /home/airflow/.local/lib/python3.12/site-packages/airflow/example_dags/example_latest_only_with_trigger.py
[2025-08-26T04:45:53.358+0000] {logging_mixin.py:188} INFO - [2025-08-26T04:45:53.357+0000] {dag.py:3096} INFO - Sync 1 DAGs
[2025-08-26T04:45:53.713+0000] {logging_mixin.py:188} INFO - [2025-08-26T04:45:53.712+0000] {dag.py:3954} INFO - Setting next_dagrun for latest_only_with_trigger to 2025-08-26 00:00:00+00:00, run_after=2025-08-26 04:00:00+00:00
[2025-08-26T04:45:54.069+0000] {processor.py:183} INFO - Processing /home/airflow/.local/lib/python3.12/site-packages/airflow/example_dags/example_latest_only_with_trigger.py took 1.456 seconds
[2025-08-26T04:46:30.436+0000] {processor.py:161} INFO - Started process (PID=7602) to work on /home/airflow/.local/lib/python3.12/site-packages/airflow/example_dags/example_latest_only_with_trigger.py
[2025-08-26T04:46:30.486+0000] {processor.py:830} INFO - Processing file /home/airflow/.local/lib/python3.12/site-packages/airflow/example_dags/example_latest_only_with_trigger.py for tasks to queue
[2025-08-26T04:46:30.523+0000] {logging_mixin.py:188} INFO - [2025-08-26T04:46:30.522+0000] {dagbag.py:545} INFO - Filling up the DagBag from /home/airflow/.local/lib/python3.12/site-packages/airflow/example_dags/example_latest_only_with_trigger.py
[2025-08-26T04:46:30.626+0000] {processor.py:840} INFO - DAG(s) 'latest_only_with_trigger' retrieved from /home/airflow/.local/lib/python3.12/site-packages/airflow/example_dags/example_latest_only_with_trigger.py
[2025-08-26T04:46:30.844+0000] {logging_mixin.py:188} INFO - [2025-08-26T04:46:30.843+0000] {dag.py:3096} INFO - Sync 1 DAGs
[2025-08-26T04:46:31.092+0000] {logging_mixin.py:188} INFO - [2025-08-26T04:46:31.091+0000] {dag.py:3954} INFO - Setting next_dagrun for latest_only_with_trigger to 2025-08-26 00:00:00+00:00, run_after=2025-08-26 04:00:00+00:00
[2025-08-26T04:46:31.416+0000] {processor.py:183} INFO - Processing /home/airflow/.local/lib/python3.12/site-packages/airflow/example_dags/example_latest_only_with_trigger.py took 1.093 seconds
[2025-08-26T04:47:03.906+0000] {processor.py:161} INFO - Started process (PID=7863) to work on /home/airflow/.local/lib/python3.12/site-packages/airflow/example_dags/example_latest_only_with_trigger.py
[2025-08-26T04:47:03.913+0000] {processor.py:830} INFO - Processing file /home/airflow/.local/lib/python3.12/site-packages/airflow/example_dags/example_latest_only_with_trigger.py for tasks to queue
[2025-08-26T04:47:03.925+0000] {logging_mixin.py:188} INFO - [2025-08-26T04:47:03.924+0000] {dagbag.py:545} INFO - Filling up the DagBag from /home/airflow/.local/lib/python3.12/site-packages/airflow/example_dags/example_latest_only_with_trigger.py
[2025-08-26T04:47:03.971+0000] {processor.py:840} INFO - DAG(s) 'latest_only_with_trigger' retrieved from /home/airflow/.local/lib/python3.12/site-packages/airflow/example_dags/example_latest_only_with_trigger.py
[2025-08-26T04:47:04.150+0000] {logging_mixin.py:188} INFO - [2025-08-26T04:47:04.149+0000] {dag.py:3096} INFO - Sync 1 DAGs
[2025-08-26T04:47:04.329+0000] {logging_mixin.py:188} INFO - [2025-08-26T04:47:04.323+0000] {dag.py:3954} INFO - Setting next_dagrun for latest_only_with_trigger to 2025-08-26 00:00:00+00:00, run_after=2025-08-26 04:00:00+00:00
[2025-08-26T04:47:04.438+0000] {processor.py:183} INFO - Processing /home/airflow/.local/lib/python3.12/site-packages/airflow/example_dags/example_latest_only_with_trigger.py took 0.637 seconds
[2025-08-26T04:49:20.004+0000] {processor.py:161} INFO - Started process (PID=228) to work on /home/airflow/.local/lib/python3.12/site-packages/airflow/example_dags/example_latest_only_with_trigger.py
[2025-08-26T04:49:20.007+0000] {processor.py:830} INFO - Processing file /home/airflow/.local/lib/python3.12/site-packages/airflow/example_dags/example_latest_only_with_trigger.py for tasks to queue
[2025-08-26T04:49:20.022+0000] {logging_mixin.py:188} INFO - [2025-08-26T04:49:20.020+0000] {dagbag.py:545} INFO - Filling up the DagBag from /home/airflow/.local/lib/python3.12/site-packages/airflow/example_dags/example_latest_only_with_trigger.py
[2025-08-26T04:49:20.102+0000] {processor.py:840} INFO - DAG(s) 'latest_only_with_trigger' retrieved from /home/airflow/.local/lib/python3.12/site-packages/airflow/example_dags/example_latest_only_with_trigger.py
[2025-08-26T04:49:20.800+0000] {logging_mixin.py:188} INFO - [2025-08-26T04:49:20.782+0000] {dag.py:3096} INFO - Sync 1 DAGs
[2025-08-26T04:49:21.107+0000] {logging_mixin.py:188} INFO - [2025-08-26T04:49:21.107+0000] {dag.py:3954} INFO - Setting next_dagrun for latest_only_with_trigger to 2025-08-26 00:00:00+00:00, run_after=2025-08-26 04:00:00+00:00
[2025-08-26T04:49:21.256+0000] {processor.py:183} INFO - Processing /home/airflow/.local/lib/python3.12/site-packages/airflow/example_dags/example_latest_only_with_trigger.py took 1.369 seconds
[2025-08-26T04:50:04.626+0000] {processor.py:161} INFO - Started process (PID=495) to work on /home/airflow/.local/lib/python3.12/site-packages/airflow/example_dags/example_latest_only_with_trigger.py
[2025-08-26T04:50:04.629+0000] {processor.py:830} INFO - Processing file /home/airflow/.local/lib/python3.12/site-packages/airflow/example_dags/example_latest_only_with_trigger.py for tasks to queue
[2025-08-26T04:50:04.642+0000] {logging_mixin.py:188} INFO - [2025-08-26T04:50:04.635+0000] {dagbag.py:545} INFO - Filling up the DagBag from /home/airflow/.local/lib/python3.12/site-packages/airflow/example_dags/example_latest_only_with_trigger.py
[2025-08-26T04:50:04.669+0000] {processor.py:840} INFO - DAG(s) 'latest_only_with_trigger' retrieved from /home/airflow/.local/lib/python3.12/site-packages/airflow/example_dags/example_latest_only_with_trigger.py
[2025-08-26T04:50:04.807+0000] {logging_mixin.py:188} INFO - [2025-08-26T04:50:04.806+0000] {dag.py:3096} INFO - Sync 1 DAGs
[2025-08-26T04:50:04.984+0000] {logging_mixin.py:188} INFO - [2025-08-26T04:50:04.984+0000] {dag.py:3954} INFO - Setting next_dagrun for latest_only_with_trigger to 2025-08-26 00:00:00+00:00, run_after=2025-08-26 04:00:00+00:00
[2025-08-26T04:50:05.143+0000] {processor.py:183} INFO - Processing /home/airflow/.local/lib/python3.12/site-packages/airflow/example_dags/example_latest_only_with_trigger.py took 0.547 seconds
[2025-08-26T04:50:36.828+0000] {processor.py:161} INFO - Started process (PID=757) to work on /home/airflow/.local/lib/python3.12/site-packages/airflow/example_dags/example_latest_only_with_trigger.py
[2025-08-26T04:50:36.838+0000] {processor.py:830} INFO - Processing file /home/airflow/.local/lib/python3.12/site-packages/airflow/example_dags/example_latest_only_with_trigger.py for tasks to queue
[2025-08-26T04:50:36.847+0000] {logging_mixin.py:188} INFO - [2025-08-26T04:50:36.846+0000] {dagbag.py:545} INFO - Filling up the DagBag from /home/airflow/.local/lib/python3.12/site-packages/airflow/example_dags/example_latest_only_with_trigger.py
[2025-08-26T04:50:36.878+0000] {processor.py:840} INFO - DAG(s) 'latest_only_with_trigger' retrieved from /home/airflow/.local/lib/python3.12/site-packages/airflow/example_dags/example_latest_only_with_trigger.py
[2025-08-26T04:50:37.002+0000] {logging_mixin.py:188} INFO - [2025-08-26T04:50:37.001+0000] {dag.py:3096} INFO - Sync 1 DAGs
[2025-08-26T04:50:37.197+0000] {logging_mixin.py:188} INFO - [2025-08-26T04:50:37.196+0000] {dag.py:3954} INFO - Setting next_dagrun for latest_only_with_trigger to 2025-08-26 00:00:00+00:00, run_after=2025-08-26 04:00:00+00:00
[2025-08-26T04:50:37.318+0000] {processor.py:183} INFO - Processing /home/airflow/.local/lib/python3.12/site-packages/airflow/example_dags/example_latest_only_with_trigger.py took 0.519 seconds
[2025-08-26T04:51:08.145+0000] {processor.py:161} INFO - Started process (PID=1013) to work on /home/airflow/.local/lib/python3.12/site-packages/airflow/example_dags/example_latest_only_with_trigger.py
[2025-08-26T04:51:08.148+0000] {processor.py:830} INFO - Processing file /home/airflow/.local/lib/python3.12/site-packages/airflow/example_dags/example_latest_only_with_trigger.py for tasks to queue
[2025-08-26T04:51:08.177+0000] {logging_mixin.py:188} INFO - [2025-08-26T04:51:08.176+0000] {dagbag.py:545} INFO - Filling up the DagBag from /home/airflow/.local/lib/python3.12/site-packages/airflow/example_dags/example_latest_only_with_trigger.py
[2025-08-26T04:51:08.228+0000] {processor.py:840} INFO - DAG(s) 'latest_only_with_trigger' retrieved from /home/airflow/.local/lib/python3.12/site-packages/airflow/example_dags/example_latest_only_with_trigger.py
[2025-08-26T04:51:08.444+0000] {logging_mixin.py:188} INFO - [2025-08-26T04:51:08.443+0000] {dag.py:3096} INFO - Sync 1 DAGs
[2025-08-26T04:51:08.622+0000] {logging_mixin.py:188} INFO - [2025-08-26T04:51:08.621+0000] {dag.py:3954} INFO - Setting next_dagrun for latest_only_with_trigger to 2025-08-26 00:00:00+00:00, run_after=2025-08-26 04:00:00+00:00
[2025-08-26T04:51:08.712+0000] {processor.py:183} INFO - Processing /home/airflow/.local/lib/python3.12/site-packages/airflow/example_dags/example_latest_only_with_trigger.py took 0.642 seconds
[2025-08-26T04:51:40.487+0000] {processor.py:161} INFO - Started process (PID=1277) to work on /home/airflow/.local/lib/python3.12/site-packages/airflow/example_dags/example_latest_only_with_trigger.py
[2025-08-26T04:51:40.492+0000] {processor.py:830} INFO - Processing file /home/airflow/.local/lib/python3.12/site-packages/airflow/example_dags/example_latest_only_with_trigger.py for tasks to queue
[2025-08-26T04:51:40.499+0000] {logging_mixin.py:188} INFO - [2025-08-26T04:51:40.498+0000] {dagbag.py:545} INFO - Filling up the DagBag from /home/airflow/.local/lib/python3.12/site-packages/airflow/example_dags/example_latest_only_with_trigger.py
[2025-08-26T04:51:40.532+0000] {processor.py:840} INFO - DAG(s) 'latest_only_with_trigger' retrieved from /home/airflow/.local/lib/python3.12/site-packages/airflow/example_dags/example_latest_only_with_trigger.py
[2025-08-26T04:51:40.654+0000] {logging_mixin.py:188} INFO - [2025-08-26T04:51:40.653+0000] {dag.py:3096} INFO - Sync 1 DAGs
[2025-08-26T04:51:40.817+0000] {logging_mixin.py:188} INFO - [2025-08-26T04:51:40.816+0000] {dag.py:3954} INFO - Setting next_dagrun for latest_only_with_trigger to 2025-08-26 00:00:00+00:00, run_after=2025-08-26 04:00:00+00:00
[2025-08-26T04:51:40.956+0000] {processor.py:183} INFO - Processing /home/airflow/.local/lib/python3.12/site-packages/airflow/example_dags/example_latest_only_with_trigger.py took 0.501 seconds
[2025-08-26T04:52:11.224+0000] {processor.py:161} INFO - Started process (PID=1536) to work on /home/airflow/.local/lib/python3.12/site-packages/airflow/example_dags/example_latest_only_with_trigger.py
[2025-08-26T04:52:11.239+0000] {processor.py:830} INFO - Processing file /home/airflow/.local/lib/python3.12/site-packages/airflow/example_dags/example_latest_only_with_trigger.py for tasks to queue
[2025-08-26T04:52:11.265+0000] {logging_mixin.py:188} INFO - [2025-08-26T04:52:11.264+0000] {dagbag.py:545} INFO - Filling up the DagBag from /home/airflow/.local/lib/python3.12/site-packages/airflow/example_dags/example_latest_only_with_trigger.py
[2025-08-26T04:52:11.317+0000] {processor.py:840} INFO - DAG(s) 'latest_only_with_trigger' retrieved from /home/airflow/.local/lib/python3.12/site-packages/airflow/example_dags/example_latest_only_with_trigger.py
[2025-08-26T04:52:11.448+0000] {logging_mixin.py:188} INFO - [2025-08-26T04:52:11.447+0000] {dag.py:3096} INFO - Sync 1 DAGs
[2025-08-26T04:52:11.676+0000] {logging_mixin.py:188} INFO - [2025-08-26T04:52:11.675+0000] {dag.py:3954} INFO - Setting next_dagrun for latest_only_with_trigger to 2025-08-26 00:00:00+00:00, run_after=2025-08-26 04:00:00+00:00
[2025-08-26T04:52:11.843+0000] {processor.py:183} INFO - Processing /home/airflow/.local/lib/python3.12/site-packages/airflow/example_dags/example_latest_only_with_trigger.py took 0.666 seconds
[2025-08-26T04:52:57.295+0000] {processor.py:161} INFO - Started process (PID=1797) to work on /home/airflow/.local/lib/python3.12/site-packages/airflow/example_dags/example_latest_only_with_trigger.py
[2025-08-26T04:52:57.305+0000] {processor.py:830} INFO - Processing file /home/airflow/.local/lib/python3.12/site-packages/airflow/example_dags/example_latest_only_with_trigger.py for tasks to queue
[2025-08-26T04:52:57.313+0000] {logging_mixin.py:188} INFO - [2025-08-26T04:52:57.311+0000] {dagbag.py:545} INFO - Filling up the DagBag from /home/airflow/.local/lib/python3.12/site-packages/airflow/example_dags/example_latest_only_with_trigger.py
[2025-08-26T04:52:57.360+0000] {processor.py:840} INFO - DAG(s) 'latest_only_with_trigger' retrieved from /home/airflow/.local/lib/python3.12/site-packages/airflow/example_dags/example_latest_only_with_trigger.py
[2025-08-26T04:52:57.505+0000] {logging_mixin.py:188} INFO - [2025-08-26T04:52:57.504+0000] {dag.py:3096} INFO - Sync 1 DAGs
[2025-08-26T04:52:57.738+0000] {logging_mixin.py:188} INFO - [2025-08-26T04:52:57.737+0000] {dag.py:3954} INFO - Setting next_dagrun for latest_only_with_trigger to 2025-08-26 00:00:00+00:00, run_after=2025-08-26 04:00:00+00:00
[2025-08-26T04:52:57.858+0000] {processor.py:183} INFO - Processing /home/airflow/.local/lib/python3.12/site-packages/airflow/example_dags/example_latest_only_with_trigger.py took 0.591 seconds
[2025-08-26T04:53:28.204+0000] {processor.py:161} INFO - Started process (PID=2059) to work on /home/airflow/.local/lib/python3.12/site-packages/airflow/example_dags/example_latest_only_with_trigger.py
[2025-08-26T04:53:28.209+0000] {processor.py:830} INFO - Processing file /home/airflow/.local/lib/python3.12/site-packages/airflow/example_dags/example_latest_only_with_trigger.py for tasks to queue
[2025-08-26T04:53:28.216+0000] {logging_mixin.py:188} INFO - [2025-08-26T04:53:28.215+0000] {dagbag.py:545} INFO - Filling up the DagBag from /home/airflow/.local/lib/python3.12/site-packages/airflow/example_dags/example_latest_only_with_trigger.py
[2025-08-26T04:53:28.238+0000] {processor.py:840} INFO - DAG(s) 'latest_only_with_trigger' retrieved from /home/airflow/.local/lib/python3.12/site-packages/airflow/example_dags/example_latest_only_with_trigger.py
[2025-08-26T04:53:28.383+0000] {logging_mixin.py:188} INFO - [2025-08-26T04:53:28.382+0000] {dag.py:3096} INFO - Sync 1 DAGs
[2025-08-26T04:53:28.506+0000] {logging_mixin.py:188} INFO - [2025-08-26T04:53:28.504+0000] {dag.py:3954} INFO - Setting next_dagrun for latest_only_with_trigger to 2025-08-26 00:00:00+00:00, run_after=2025-08-26 04:00:00+00:00
[2025-08-26T04:53:28.590+0000] {processor.py:183} INFO - Processing /home/airflow/.local/lib/python3.12/site-packages/airflow/example_dags/example_latest_only_with_trigger.py took 0.429 seconds
[2025-08-26T04:53:59.262+0000] {processor.py:161} INFO - Started process (PID=2306) to work on /home/airflow/.local/lib/python3.12/site-packages/airflow/example_dags/example_latest_only_with_trigger.py
[2025-08-26T04:53:59.265+0000] {processor.py:830} INFO - Processing file /home/airflow/.local/lib/python3.12/site-packages/airflow/example_dags/example_latest_only_with_trigger.py for tasks to queue
[2025-08-26T04:53:59.272+0000] {logging_mixin.py:188} INFO - [2025-08-26T04:53:59.271+0000] {dagbag.py:545} INFO - Filling up the DagBag from /home/airflow/.local/lib/python3.12/site-packages/airflow/example_dags/example_latest_only_with_trigger.py
[2025-08-26T04:53:59.302+0000] {processor.py:840} INFO - DAG(s) 'latest_only_with_trigger' retrieved from /home/airflow/.local/lib/python3.12/site-packages/airflow/example_dags/example_latest_only_with_trigger.py
[2025-08-26T04:53:59.441+0000] {logging_mixin.py:188} INFO - [2025-08-26T04:53:59.440+0000] {dag.py:3096} INFO - Sync 1 DAGs
[2025-08-26T04:53:59.591+0000] {logging_mixin.py:188} INFO - [2025-08-26T04:53:59.590+0000] {dag.py:3954} INFO - Setting next_dagrun for latest_only_with_trigger to 2025-08-26 00:00:00+00:00, run_after=2025-08-26 04:00:00+00:00
[2025-08-26T04:53:59.694+0000] {processor.py:183} INFO - Processing /home/airflow/.local/lib/python3.12/site-packages/airflow/example_dags/example_latest_only_with_trigger.py took 0.458 seconds
[2025-08-26T04:54:32.538+0000] {processor.py:161} INFO - Started process (PID=2544) to work on /home/airflow/.local/lib/python3.12/site-packages/airflow/example_dags/example_latest_only_with_trigger.py
[2025-08-26T04:54:32.545+0000] {processor.py:830} INFO - Processing file /home/airflow/.local/lib/python3.12/site-packages/airflow/example_dags/example_latest_only_with_trigger.py for tasks to queue
[2025-08-26T04:54:32.552+0000] {logging_mixin.py:188} INFO - [2025-08-26T04:54:32.550+0000] {dagbag.py:545} INFO - Filling up the DagBag from /home/airflow/.local/lib/python3.12/site-packages/airflow/example_dags/example_latest_only_with_trigger.py
[2025-08-26T04:54:32.587+0000] {processor.py:840} INFO - DAG(s) 'latest_only_with_trigger' retrieved from /home/airflow/.local/lib/python3.12/site-packages/airflow/example_dags/example_latest_only_with_trigger.py
[2025-08-26T04:54:32.772+0000] {logging_mixin.py:188} INFO - [2025-08-26T04:54:32.755+0000] {dag.py:3096} INFO - Sync 1 DAGs
[2025-08-26T04:54:32.945+0000] {logging_mixin.py:188} INFO - [2025-08-26T04:54:32.945+0000] {dag.py:3954} INFO - Setting next_dagrun for latest_only_with_trigger to 2025-08-26 00:00:00+00:00, run_after=2025-08-26 04:00:00+00:00
[2025-08-26T04:54:33.111+0000] {processor.py:183} INFO - Processing /home/airflow/.local/lib/python3.12/site-packages/airflow/example_dags/example_latest_only_with_trigger.py took 0.621 seconds
[2025-08-26T04:55:03.537+0000] {processor.py:161} INFO - Started process (PID=2806) to work on /home/airflow/.local/lib/python3.12/site-packages/airflow/example_dags/example_latest_only_with_trigger.py
[2025-08-26T04:55:03.545+0000] {processor.py:830} INFO - Processing file /home/airflow/.local/lib/python3.12/site-packages/airflow/example_dags/example_latest_only_with_trigger.py for tasks to queue
[2025-08-26T04:55:03.559+0000] {logging_mixin.py:188} INFO - [2025-08-26T04:55:03.558+0000] {dagbag.py:545} INFO - Filling up the DagBag from /home/airflow/.local/lib/python3.12/site-packages/airflow/example_dags/example_latest_only_with_trigger.py
[2025-08-26T04:55:03.611+0000] {processor.py:840} INFO - DAG(s) 'latest_only_with_trigger' retrieved from /home/airflow/.local/lib/python3.12/site-packages/airflow/example_dags/example_latest_only_with_trigger.py
[2025-08-26T04:55:03.784+0000] {logging_mixin.py:188} INFO - [2025-08-26T04:55:03.773+0000] {dag.py:3096} INFO - Sync 1 DAGs
[2025-08-26T04:55:04.017+0000] {logging_mixin.py:188} INFO - [2025-08-26T04:55:04.016+0000] {dag.py:3954} INFO - Setting next_dagrun for latest_only_with_trigger to 2025-08-26 00:00:00+00:00, run_after=2025-08-26 04:00:00+00:00
[2025-08-26T04:55:04.228+0000] {processor.py:183} INFO - Processing /home/airflow/.local/lib/python3.12/site-packages/airflow/example_dags/example_latest_only_with_trigger.py took 0.743 seconds
[2025-08-26T04:55:40.995+0000] {processor.py:161} INFO - Started process (PID=3028) to work on /home/airflow/.local/lib/python3.12/site-packages/airflow/example_dags/example_latest_only_with_trigger.py
[2025-08-26T04:55:41.053+0000] {processor.py:830} INFO - Processing file /home/airflow/.local/lib/python3.12/site-packages/airflow/example_dags/example_latest_only_with_trigger.py for tasks to queue
[2025-08-26T04:55:41.089+0000] {logging_mixin.py:188} INFO - [2025-08-26T04:55:41.088+0000] {dagbag.py:545} INFO - Filling up the DagBag from /home/airflow/.local/lib/python3.12/site-packages/airflow/example_dags/example_latest_only_with_trigger.py
[2025-08-26T04:55:41.192+0000] {processor.py:840} INFO - DAG(s) 'latest_only_with_trigger' retrieved from /home/airflow/.local/lib/python3.12/site-packages/airflow/example_dags/example_latest_only_with_trigger.py
[2025-08-26T04:55:41.751+0000] {logging_mixin.py:188} INFO - [2025-08-26T04:55:41.750+0000] {dag.py:3096} INFO - Sync 1 DAGs
[2025-08-26T04:55:42.338+0000] {logging_mixin.py:188} INFO - [2025-08-26T04:55:42.338+0000] {dag.py:3954} INFO - Setting next_dagrun for latest_only_with_trigger to 2025-08-26 00:00:00+00:00, run_after=2025-08-26 04:00:00+00:00
[2025-08-26T04:55:42.774+0000] {processor.py:183} INFO - Processing /home/airflow/.local/lib/python3.12/site-packages/airflow/example_dags/example_latest_only_with_trigger.py took 2.021 seconds
[2025-08-26T04:56:13.701+0000] {processor.py:161} INFO - Started process (PID=3292) to work on /home/airflow/.local/lib/python3.12/site-packages/airflow/example_dags/example_latest_only_with_trigger.py
[2025-08-26T04:56:13.715+0000] {processor.py:830} INFO - Processing file /home/airflow/.local/lib/python3.12/site-packages/airflow/example_dags/example_latest_only_with_trigger.py for tasks to queue
[2025-08-26T04:56:13.731+0000] {logging_mixin.py:188} INFO - [2025-08-26T04:56:13.730+0000] {dagbag.py:545} INFO - Filling up the DagBag from /home/airflow/.local/lib/python3.12/site-packages/airflow/example_dags/example_latest_only_with_trigger.py
[2025-08-26T04:56:13.782+0000] {processor.py:840} INFO - DAG(s) 'latest_only_with_trigger' retrieved from /home/airflow/.local/lib/python3.12/site-packages/airflow/example_dags/example_latest_only_with_trigger.py
[2025-08-26T04:56:13.992+0000] {logging_mixin.py:188} INFO - [2025-08-26T04:56:13.992+0000] {dag.py:3096} INFO - Sync 1 DAGs
[2025-08-26T04:56:14.189+0000] {logging_mixin.py:188} INFO - [2025-08-26T04:56:14.188+0000] {dag.py:3954} INFO - Setting next_dagrun for latest_only_with_trigger to 2025-08-26 00:00:00+00:00, run_after=2025-08-26 04:00:00+00:00
[2025-08-26T04:56:14.328+0000] {processor.py:183} INFO - Processing /home/airflow/.local/lib/python3.12/site-packages/airflow/example_dags/example_latest_only_with_trigger.py took 0.690 seconds
[2025-08-26T04:56:47.198+0000] {processor.py:161} INFO - Started process (PID=3532) to work on /home/airflow/.local/lib/python3.12/site-packages/airflow/example_dags/example_latest_only_with_trigger.py
[2025-08-26T04:56:47.214+0000] {processor.py:830} INFO - Processing file /home/airflow/.local/lib/python3.12/site-packages/airflow/example_dags/example_latest_only_with_trigger.py for tasks to queue
[2025-08-26T04:56:47.220+0000] {logging_mixin.py:188} INFO - [2025-08-26T04:56:47.219+0000] {dagbag.py:545} INFO - Filling up the DagBag from /home/airflow/.local/lib/python3.12/site-packages/airflow/example_dags/example_latest_only_with_trigger.py
[2025-08-26T04:56:47.269+0000] {processor.py:840} INFO - DAG(s) 'latest_only_with_trigger' retrieved from /home/airflow/.local/lib/python3.12/site-packages/airflow/example_dags/example_latest_only_with_trigger.py
[2025-08-26T04:56:47.412+0000] {logging_mixin.py:188} INFO - [2025-08-26T04:56:47.410+0000] {dag.py:3096} INFO - Sync 1 DAGs
[2025-08-26T04:56:47.681+0000] {logging_mixin.py:188} INFO - [2025-08-26T04:56:47.680+0000] {dag.py:3954} INFO - Setting next_dagrun for latest_only_with_trigger to 2025-08-26 00:00:00+00:00, run_after=2025-08-26 04:00:00+00:00
[2025-08-26T04:56:47.884+0000] {processor.py:183} INFO - Processing /home/airflow/.local/lib/python3.12/site-packages/airflow/example_dags/example_latest_only_with_trigger.py took 0.751 seconds
[2025-08-26T04:57:21.294+0000] {processor.py:161} INFO - Started process (PID=3785) to work on /home/airflow/.local/lib/python3.12/site-packages/airflow/example_dags/example_latest_only_with_trigger.py
[2025-08-26T04:57:21.299+0000] {processor.py:830} INFO - Processing file /home/airflow/.local/lib/python3.12/site-packages/airflow/example_dags/example_latest_only_with_trigger.py for tasks to queue
[2025-08-26T04:57:21.316+0000] {logging_mixin.py:188} INFO - [2025-08-26T04:57:21.314+0000] {dagbag.py:545} INFO - Filling up the DagBag from /home/airflow/.local/lib/python3.12/site-packages/airflow/example_dags/example_latest_only_with_trigger.py
[2025-08-26T04:57:21.377+0000] {processor.py:840} INFO - DAG(s) 'latest_only_with_trigger' retrieved from /home/airflow/.local/lib/python3.12/site-packages/airflow/example_dags/example_latest_only_with_trigger.py
[2025-08-26T04:57:21.662+0000] {logging_mixin.py:188} INFO - [2025-08-26T04:57:21.662+0000] {dag.py:3096} INFO - Sync 1 DAGs
[2025-08-26T04:57:21.812+0000] {logging_mixin.py:188} INFO - [2025-08-26T04:57:21.811+0000] {dag.py:3954} INFO - Setting next_dagrun for latest_only_with_trigger to 2025-08-26 00:00:00+00:00, run_after=2025-08-26 04:00:00+00:00
[2025-08-26T04:57:22.884+0000] {processor.py:183} INFO - Processing /home/airflow/.local/lib/python3.12/site-packages/airflow/example_dags/example_latest_only_with_trigger.py took 1.630 seconds
[2025-08-26T04:58:04.019+0000] {processor.py:161} INFO - Started process (PID=3961) to work on /home/airflow/.local/lib/python3.12/site-packages/airflow/example_dags/example_latest_only_with_trigger.py
[2025-08-26T04:58:04.033+0000] {processor.py:830} INFO - Processing file /home/airflow/.local/lib/python3.12/site-packages/airflow/example_dags/example_latest_only_with_trigger.py for tasks to queue
[2025-08-26T04:58:04.069+0000] {logging_mixin.py:188} INFO - [2025-08-26T04:58:04.065+0000] {dagbag.py:545} INFO - Filling up the DagBag from /home/airflow/.local/lib/python3.12/site-packages/airflow/example_dags/example_latest_only_with_trigger.py
[2025-08-26T04:58:04.198+0000] {processor.py:840} INFO - DAG(s) 'latest_only_with_trigger' retrieved from /home/airflow/.local/lib/python3.12/site-packages/airflow/example_dags/example_latest_only_with_trigger.py
[2025-08-26T04:58:05.170+0000] {logging_mixin.py:188} INFO - [2025-08-26T04:58:05.160+0000] {dag.py:3096} INFO - Sync 1 DAGs
[2025-08-26T04:58:05.755+0000] {logging_mixin.py:188} INFO - [2025-08-26T04:58:05.754+0000] {dag.py:3954} INFO - Setting next_dagrun for latest_only_with_trigger to 2025-08-26 00:00:00+00:00, run_after=2025-08-26 04:00:00+00:00
[2025-08-26T04:58:09.088+0000] {processor.py:183} INFO - Processing /home/airflow/.local/lib/python3.12/site-packages/airflow/example_dags/example_latest_only_with_trigger.py took 5.157 seconds
[2025-08-26T05:35:13.634+0000] {processor.py:161} INFO - Started process (PID=4117) to work on /home/airflow/.local/lib/python3.12/site-packages/airflow/example_dags/example_latest_only_with_trigger.py
[2025-08-26T05:35:13.655+0000] {processor.py:830} INFO - Processing file /home/airflow/.local/lib/python3.12/site-packages/airflow/example_dags/example_latest_only_with_trigger.py for tasks to queue
[2025-08-26T05:35:13.721+0000] {logging_mixin.py:188} INFO - [2025-08-26T05:35:13.719+0000] {dagbag.py:545} INFO - Filling up the DagBag from /home/airflow/.local/lib/python3.12/site-packages/airflow/example_dags/example_latest_only_with_trigger.py
[2025-08-26T05:35:14.082+0000] {processor.py:840} INFO - DAG(s) 'latest_only_with_trigger' retrieved from /home/airflow/.local/lib/python3.12/site-packages/airflow/example_dags/example_latest_only_with_trigger.py
[2025-08-26T05:35:18.055+0000] {logging_mixin.py:188} INFO - [2025-08-26T05:35:18.054+0000] {dag.py:3096} INFO - Sync 1 DAGs
[2025-08-26T05:35:18.389+0000] {logging_mixin.py:188} INFO - [2025-08-26T05:35:18.389+0000] {dag.py:3954} INFO - Setting next_dagrun for latest_only_with_trigger to 2025-08-26 00:00:00+00:00, run_after=2025-08-26 04:00:00+00:00
[2025-08-26T05:35:18.649+0000] {processor.py:183} INFO - Processing /home/airflow/.local/lib/python3.12/site-packages/airflow/example_dags/example_latest_only_with_trigger.py took 5.441 seconds
[2025-08-26T05:42:00.637+0000] {processor.py:161} INFO - Started process (PID=4275) to work on /home/airflow/.local/lib/python3.12/site-packages/airflow/example_dags/example_latest_only_with_trigger.py
[2025-08-26T05:42:00.654+0000] {processor.py:830} INFO - Processing file /home/airflow/.local/lib/python3.12/site-packages/airflow/example_dags/example_latest_only_with_trigger.py for tasks to queue
[2025-08-26T05:42:00.681+0000] {logging_mixin.py:188} INFO - [2025-08-26T05:42:00.662+0000] {dagbag.py:545} INFO - Filling up the DagBag from /home/airflow/.local/lib/python3.12/site-packages/airflow/example_dags/example_latest_only_with_trigger.py
[2025-08-26T05:42:00.760+0000] {processor.py:840} INFO - DAG(s) 'latest_only_with_trigger' retrieved from /home/airflow/.local/lib/python3.12/site-packages/airflow/example_dags/example_latest_only_with_trigger.py
[2025-08-26T05:42:01.124+0000] {logging_mixin.py:188} INFO - [2025-08-26T05:42:01.124+0000] {dag.py:3096} INFO - Sync 1 DAGs
[2025-08-26T05:42:01.582+0000] {logging_mixin.py:188} INFO - [2025-08-26T05:42:01.581+0000] {dag.py:3954} INFO - Setting next_dagrun for latest_only_with_trigger to 2025-08-26 00:00:00+00:00, run_after=2025-08-26 04:00:00+00:00
[2025-08-26T05:42:01.867+0000] {processor.py:183} INFO - Processing /home/airflow/.local/lib/python3.12/site-packages/airflow/example_dags/example_latest_only_with_trigger.py took 1.285 seconds
[2025-08-26T05:42:49.629+0000] {processor.py:161} INFO - Started process (PID=4492) to work on /home/airflow/.local/lib/python3.12/site-packages/airflow/example_dags/example_latest_only_with_trigger.py
[2025-08-26T05:42:49.729+0000] {processor.py:830} INFO - Processing file /home/airflow/.local/lib/python3.12/site-packages/airflow/example_dags/example_latest_only_with_trigger.py for tasks to queue
[2025-08-26T05:42:49.776+0000] {logging_mixin.py:188} INFO - [2025-08-26T05:42:49.775+0000] {dagbag.py:545} INFO - Filling up the DagBag from /home/airflow/.local/lib/python3.12/site-packages/airflow/example_dags/example_latest_only_with_trigger.py
[2025-08-26T05:42:49.938+0000] {processor.py:840} INFO - DAG(s) 'latest_only_with_trigger' retrieved from /home/airflow/.local/lib/python3.12/site-packages/airflow/example_dags/example_latest_only_with_trigger.py
[2025-08-26T05:42:50.949+0000] {logging_mixin.py:188} INFO - [2025-08-26T05:42:50.948+0000] {dag.py:3096} INFO - Sync 1 DAGs
[2025-08-26T05:42:51.676+0000] {logging_mixin.py:188} INFO - [2025-08-26T05:42:51.676+0000] {dag.py:3954} INFO - Setting next_dagrun for latest_only_with_trigger to 2025-08-26 00:00:00+00:00, run_after=2025-08-26 04:00:00+00:00
[2025-08-26T05:42:52.144+0000] {processor.py:183} INFO - Processing /home/airflow/.local/lib/python3.12/site-packages/airflow/example_dags/example_latest_only_with_trigger.py took 2.768 seconds
[2025-08-26T05:43:49.054+0000] {processor.py:161} INFO - Started process (PID=4759) to work on /home/airflow/.local/lib/python3.12/site-packages/airflow/example_dags/example_latest_only_with_trigger.py
[2025-08-26T05:43:49.061+0000] {processor.py:830} INFO - Processing file /home/airflow/.local/lib/python3.12/site-packages/airflow/example_dags/example_latest_only_with_trigger.py for tasks to queue
[2025-08-26T05:43:49.070+0000] {logging_mixin.py:188} INFO - [2025-08-26T05:43:49.069+0000] {dagbag.py:545} INFO - Filling up the DagBag from /home/airflow/.local/lib/python3.12/site-packages/airflow/example_dags/example_latest_only_with_trigger.py
[2025-08-26T05:43:49.152+0000] {processor.py:840} INFO - DAG(s) 'latest_only_with_trigger' retrieved from /home/airflow/.local/lib/python3.12/site-packages/airflow/example_dags/example_latest_only_with_trigger.py
[2025-08-26T05:43:49.454+0000] {logging_mixin.py:188} INFO - [2025-08-26T05:43:49.454+0000] {dag.py:3096} INFO - Sync 1 DAGs
[2025-08-26T05:43:49.704+0000] {logging_mixin.py:188} INFO - [2025-08-26T05:43:49.703+0000] {dag.py:3954} INFO - Setting next_dagrun for latest_only_with_trigger to 2025-08-26 00:00:00+00:00, run_after=2025-08-26 04:00:00+00:00
[2025-08-26T05:43:49.909+0000] {processor.py:183} INFO - Processing /home/airflow/.local/lib/python3.12/site-packages/airflow/example_dags/example_latest_only_with_trigger.py took 0.913 seconds
[2025-08-26T05:44:21.941+0000] {processor.py:161} INFO - Started process (PID=5006) to work on /home/airflow/.local/lib/python3.12/site-packages/airflow/example_dags/example_latest_only_with_trigger.py
[2025-08-26T05:44:21.958+0000] {processor.py:830} INFO - Processing file /home/airflow/.local/lib/python3.12/site-packages/airflow/example_dags/example_latest_only_with_trigger.py for tasks to queue
[2025-08-26T05:44:21.979+0000] {logging_mixin.py:188} INFO - [2025-08-26T05:44:21.975+0000] {dagbag.py:545} INFO - Filling up the DagBag from /home/airflow/.local/lib/python3.12/site-packages/airflow/example_dags/example_latest_only_with_trigger.py
[2025-08-26T05:44:22.037+0000] {processor.py:840} INFO - DAG(s) 'latest_only_with_trigger' retrieved from /home/airflow/.local/lib/python3.12/site-packages/airflow/example_dags/example_latest_only_with_trigger.py
[2025-08-26T05:44:22.198+0000] {logging_mixin.py:188} INFO - [2025-08-26T05:44:22.198+0000] {dag.py:3096} INFO - Sync 1 DAGs
[2025-08-26T05:44:22.320+0000] {logging_mixin.py:188} INFO - [2025-08-26T05:44:22.319+0000] {dag.py:3954} INFO - Setting next_dagrun for latest_only_with_trigger to 2025-08-26 00:00:00+00:00, run_after=2025-08-26 04:00:00+00:00
[2025-08-26T05:44:22.494+0000] {processor.py:183} INFO - Processing /home/airflow/.local/lib/python3.12/site-packages/airflow/example_dags/example_latest_only_with_trigger.py took 0.603 seconds
[2025-08-26T05:44:57.946+0000] {processor.py:161} INFO - Started process (PID=5259) to work on /home/airflow/.local/lib/python3.12/site-packages/airflow/example_dags/example_latest_only_with_trigger.py
[2025-08-26T05:44:57.979+0000] {processor.py:830} INFO - Processing file /home/airflow/.local/lib/python3.12/site-packages/airflow/example_dags/example_latest_only_with_trigger.py for tasks to queue
[2025-08-26T05:44:57.983+0000] {logging_mixin.py:188} INFO - [2025-08-26T05:44:57.982+0000] {dagbag.py:545} INFO - Filling up the DagBag from /home/airflow/.local/lib/python3.12/site-packages/airflow/example_dags/example_latest_only_with_trigger.py
[2025-08-26T05:44:58.099+0000] {processor.py:840} INFO - DAG(s) 'latest_only_with_trigger' retrieved from /home/airflow/.local/lib/python3.12/site-packages/airflow/example_dags/example_latest_only_with_trigger.py
[2025-08-26T05:44:58.273+0000] {logging_mixin.py:188} INFO - [2025-08-26T05:44:58.273+0000] {dag.py:3096} INFO - Sync 1 DAGs
[2025-08-26T05:44:58.466+0000] {logging_mixin.py:188} INFO - [2025-08-26T05:44:58.453+0000] {dag.py:3954} INFO - Setting next_dagrun for latest_only_with_trigger to 2025-08-26 00:00:00+00:00, run_after=2025-08-26 04:00:00+00:00
[2025-08-26T05:44:58.631+0000] {processor.py:183} INFO - Processing /home/airflow/.local/lib/python3.12/site-packages/airflow/example_dags/example_latest_only_with_trigger.py took 0.756 seconds
[2025-08-26T05:45:31.899+0000] {processor.py:161} INFO - Started process (PID=5520) to work on /home/airflow/.local/lib/python3.12/site-packages/airflow/example_dags/example_latest_only_with_trigger.py
[2025-08-26T05:45:31.903+0000] {processor.py:830} INFO - Processing file /home/airflow/.local/lib/python3.12/site-packages/airflow/example_dags/example_latest_only_with_trigger.py for tasks to queue
[2025-08-26T05:45:31.921+0000] {logging_mixin.py:188} INFO - [2025-08-26T05:45:31.920+0000] {dagbag.py:545} INFO - Filling up the DagBag from /home/airflow/.local/lib/python3.12/site-packages/airflow/example_dags/example_latest_only_with_trigger.py
[2025-08-26T05:45:32.001+0000] {processor.py:840} INFO - DAG(s) 'latest_only_with_trigger' retrieved from /home/airflow/.local/lib/python3.12/site-packages/airflow/example_dags/example_latest_only_with_trigger.py
[2025-08-26T05:45:32.213+0000] {logging_mixin.py:188} INFO - [2025-08-26T05:45:32.212+0000] {dag.py:3096} INFO - Sync 1 DAGs
[2025-08-26T05:45:32.389+0000] {logging_mixin.py:188} INFO - [2025-08-26T05:45:32.388+0000] {dag.py:3954} INFO - Setting next_dagrun for latest_only_with_trigger to 2025-08-26 00:00:00+00:00, run_after=2025-08-26 04:00:00+00:00
[2025-08-26T05:45:32.511+0000] {processor.py:183} INFO - Processing /home/airflow/.local/lib/python3.12/site-packages/airflow/example_dags/example_latest_only_with_trigger.py took 0.653 seconds
[2025-08-26T05:46:03.730+0000] {processor.py:161} INFO - Started process (PID=5783) to work on /home/airflow/.local/lib/python3.12/site-packages/airflow/example_dags/example_latest_only_with_trigger.py
[2025-08-26T05:46:03.734+0000] {processor.py:830} INFO - Processing file /home/airflow/.local/lib/python3.12/site-packages/airflow/example_dags/example_latest_only_with_trigger.py for tasks to queue
[2025-08-26T05:46:03.737+0000] {logging_mixin.py:188} INFO - [2025-08-26T05:46:03.736+0000] {dagbag.py:545} INFO - Filling up the DagBag from /home/airflow/.local/lib/python3.12/site-packages/airflow/example_dags/example_latest_only_with_trigger.py
[2025-08-26T05:46:03.779+0000] {processor.py:840} INFO - DAG(s) 'latest_only_with_trigger' retrieved from /home/airflow/.local/lib/python3.12/site-packages/airflow/example_dags/example_latest_only_with_trigger.py
[2025-08-26T05:46:03.903+0000] {logging_mixin.py:188} INFO - [2025-08-26T05:46:03.901+0000] {dag.py:3096} INFO - Sync 1 DAGs
[2025-08-26T05:46:04.078+0000] {logging_mixin.py:188} INFO - [2025-08-26T05:46:04.077+0000] {dag.py:3954} INFO - Setting next_dagrun for latest_only_with_trigger to 2025-08-26 00:00:00+00:00, run_after=2025-08-26 04:00:00+00:00
[2025-08-26T05:46:04.300+0000] {processor.py:183} INFO - Processing /home/airflow/.local/lib/python3.12/site-packages/airflow/example_dags/example_latest_only_with_trigger.py took 0.596 seconds
[2025-08-26T05:46:35.755+0000] {processor.py:161} INFO - Started process (PID=6039) to work on /home/airflow/.local/lib/python3.12/site-packages/airflow/example_dags/example_latest_only_with_trigger.py
[2025-08-26T05:46:35.765+0000] {processor.py:830} INFO - Processing file /home/airflow/.local/lib/python3.12/site-packages/airflow/example_dags/example_latest_only_with_trigger.py for tasks to queue
[2025-08-26T05:46:35.777+0000] {logging_mixin.py:188} INFO - [2025-08-26T05:46:35.776+0000] {dagbag.py:545} INFO - Filling up the DagBag from /home/airflow/.local/lib/python3.12/site-packages/airflow/example_dags/example_latest_only_with_trigger.py
[2025-08-26T05:46:35.962+0000] {processor.py:840} INFO - DAG(s) 'latest_only_with_trigger' retrieved from /home/airflow/.local/lib/python3.12/site-packages/airflow/example_dags/example_latest_only_with_trigger.py
[2025-08-26T05:46:36.162+0000] {logging_mixin.py:188} INFO - [2025-08-26T05:46:36.160+0000] {dag.py:3096} INFO - Sync 1 DAGs
[2025-08-26T05:46:36.393+0000] {logging_mixin.py:188} INFO - [2025-08-26T05:46:36.393+0000] {dag.py:3954} INFO - Setting next_dagrun for latest_only_with_trigger to 2025-08-26 00:00:00+00:00, run_after=2025-08-26 04:00:00+00:00
[2025-08-26T05:46:36.515+0000] {processor.py:183} INFO - Processing /home/airflow/.local/lib/python3.12/site-packages/airflow/example_dags/example_latest_only_with_trigger.py took 0.820 seconds
[2025-08-26T05:47:07.976+0000] {processor.py:161} INFO - Started process (PID=6302) to work on /home/airflow/.local/lib/python3.12/site-packages/airflow/example_dags/example_latest_only_with_trigger.py
[2025-08-26T05:47:08.023+0000] {processor.py:830} INFO - Processing file /home/airflow/.local/lib/python3.12/site-packages/airflow/example_dags/example_latest_only_with_trigger.py for tasks to queue
[2025-08-26T05:47:08.040+0000] {logging_mixin.py:188} INFO - [2025-08-26T05:47:08.039+0000] {dagbag.py:545} INFO - Filling up the DagBag from /home/airflow/.local/lib/python3.12/site-packages/airflow/example_dags/example_latest_only_with_trigger.py
[2025-08-26T05:47:08.160+0000] {processor.py:840} INFO - DAG(s) 'latest_only_with_trigger' retrieved from /home/airflow/.local/lib/python3.12/site-packages/airflow/example_dags/example_latest_only_with_trigger.py
[2025-08-26T05:47:08.685+0000] {logging_mixin.py:188} INFO - [2025-08-26T05:47:08.684+0000] {dag.py:3096} INFO - Sync 1 DAGs
[2025-08-26T05:47:08.949+0000] {logging_mixin.py:188} INFO - [2025-08-26T05:47:08.949+0000] {dag.py:3954} INFO - Setting next_dagrun for latest_only_with_trigger to 2025-08-26 00:00:00+00:00, run_after=2025-08-26 04:00:00+00:00
[2025-08-26T05:47:09.328+0000] {processor.py:183} INFO - Processing /home/airflow/.local/lib/python3.12/site-packages/airflow/example_dags/example_latest_only_with_trigger.py took 1.502 seconds
[2025-08-26T05:47:44.078+0000] {processor.py:161} INFO - Started process (PID=6559) to work on /home/airflow/.local/lib/python3.12/site-packages/airflow/example_dags/example_latest_only_with_trigger.py
[2025-08-26T05:47:44.081+0000] {processor.py:830} INFO - Processing file /home/airflow/.local/lib/python3.12/site-packages/airflow/example_dags/example_latest_only_with_trigger.py for tasks to queue
[2025-08-26T05:47:44.102+0000] {logging_mixin.py:188} INFO - [2025-08-26T05:47:44.101+0000] {dagbag.py:545} INFO - Filling up the DagBag from /home/airflow/.local/lib/python3.12/site-packages/airflow/example_dags/example_latest_only_with_trigger.py
[2025-08-26T05:47:44.223+0000] {processor.py:840} INFO - DAG(s) 'latest_only_with_trigger' retrieved from /home/airflow/.local/lib/python3.12/site-packages/airflow/example_dags/example_latest_only_with_trigger.py
[2025-08-26T05:47:44.474+0000] {logging_mixin.py:188} INFO - [2025-08-26T05:47:44.472+0000] {dag.py:3096} INFO - Sync 1 DAGs
[2025-08-26T05:47:45.055+0000] {logging_mixin.py:188} INFO - [2025-08-26T05:47:45.030+0000] {dag.py:3954} INFO - Setting next_dagrun for latest_only_with_trigger to 2025-08-26 00:00:00+00:00, run_after=2025-08-26 04:00:00+00:00
[2025-08-26T05:47:45.271+0000] {processor.py:183} INFO - Processing /home/airflow/.local/lib/python3.12/site-packages/airflow/example_dags/example_latest_only_with_trigger.py took 1.386 seconds
[2025-08-26T08:48:18.743+0000] {processor.py:161} INFO - Started process (PID=6728) to work on /home/airflow/.local/lib/python3.12/site-packages/airflow/example_dags/example_latest_only_with_trigger.py
[2025-08-26T08:48:18.746+0000] {processor.py:830} INFO - Processing file /home/airflow/.local/lib/python3.12/site-packages/airflow/example_dags/example_latest_only_with_trigger.py for tasks to queue
[2025-08-26T08:48:18.750+0000] {logging_mixin.py:188} INFO - [2025-08-26T08:48:18.749+0000] {dagbag.py:545} INFO - Filling up the DagBag from /home/airflow/.local/lib/python3.12/site-packages/airflow/example_dags/example_latest_only_with_trigger.py
[2025-08-26T08:48:18.798+0000] {processor.py:840} INFO - DAG(s) 'latest_only_with_trigger' retrieved from /home/airflow/.local/lib/python3.12/site-packages/airflow/example_dags/example_latest_only_with_trigger.py
[2025-08-26T08:48:18.959+0000] {logging_mixin.py:188} INFO - [2025-08-26T08:48:18.957+0000] {dag.py:3096} INFO - Sync 1 DAGs
[2025-08-26T08:48:36.569+0000] {logging_mixin.py:188} INFO - [2025-08-26T08:48:36.568+0000] {dag.py:3954} INFO - Setting next_dagrun for latest_only_with_trigger to 2025-08-26 04:00:00+00:00, run_after=2025-08-26 08:00:00+00:00
[2025-08-27T03:38:21.710+0000] {processor.py:183} INFO - Processing /home/airflow/.local/lib/python3.12/site-packages/airflow/example_dags/example_latest_only_with_trigger.py took 24.234 seconds
