[2025-08-26T04:29:15.284+0000] {processor.py:161} INFO - Started process (PID=242) to work on /home/airflow/.local/lib/python3.12/site-packages/airflow/example_dags/example_bash_decorator.py
[2025-08-26T04:29:15.315+0000] {processor.py:830} INFO - Processing file /home/airflow/.local/lib/python3.12/site-packages/airflow/example_dags/example_bash_decorator.py for tasks to queue
[2025-08-26T04:29:15.370+0000] {logging_mixin.py:188} INFO - [2025-08-26T04:29:15.369+0000] {dagbag.py:545} INFO - Filling up the DagBag from /home/airflow/.local/lib/python3.12/site-packages/airflow/example_dags/example_bash_decorator.py
[2025-08-26T04:29:15.907+0000] {processor.py:840} INFO - DAG(s) 'example_bash_decorator' retrieved from /home/airflow/.local/lib/python3.12/site-packages/airflow/example_dags/example_bash_decorator.py
[2025-08-26T04:29:17.531+0000] {logging_mixin.py:188} INFO - [2025-08-26T04:29:17.529+0000] {override.py:1829} INFO - Created Permission View: can delete on DAG:example_bash_decorator
[2025-08-26T04:29:17.661+0000] {logging_mixin.py:188} INFO - [2025-08-26T04:29:17.660+0000] {override.py:1829} INFO - Created Permission View: can read on DAG:example_bash_decorator
[2025-08-26T04:29:17.736+0000] {logging_mixin.py:188} INFO - [2025-08-26T04:29:17.735+0000] {override.py:1829} INFO - Created Permission View: can edit on DAG:example_bash_decorator
[2025-08-26T04:29:17.751+0000] {logging_mixin.py:188} INFO - [2025-08-26T04:29:17.751+0000] {dag.py:3096} INFO - Sync 1 DAGs
[2025-08-26T04:29:17.886+0000] {logging_mixin.py:188} INFO - [2025-08-26T04:29:17.886+0000] {dag.py:3118} INFO - Creating ORM DAG for example_bash_decorator
[2025-08-26T04:29:17.896+0000] {logging_mixin.py:188} INFO - [2025-08-26T04:29:17.895+0000] {dag.py:3954} INFO - Setting next_dagrun for example_bash_decorator to None, run_after=None
[2025-08-26T04:29:18.120+0000] {processor.py:183} INFO - Processing /home/airflow/.local/lib/python3.12/site-packages/airflow/example_dags/example_bash_decorator.py took 3.024 seconds
[2025-08-26T04:30:49.974+0000] {processor.py:161} INFO - Started process (PID=516) to work on /home/airflow/.local/lib/python3.12/site-packages/airflow/example_dags/example_bash_decorator.py
[2025-08-26T04:30:50.002+0000] {processor.py:830} INFO - Processing file /home/airflow/.local/lib/python3.12/site-packages/airflow/example_dags/example_bash_decorator.py for tasks to queue
[2025-08-26T04:30:50.032+0000] {logging_mixin.py:188} INFO - [2025-08-26T04:30:50.031+0000] {dagbag.py:545} INFO - Filling up the DagBag from /home/airflow/.local/lib/python3.12/site-packages/airflow/example_dags/example_bash_decorator.py
[2025-08-26T04:30:50.231+0000] {processor.py:840} INFO - DAG(s) 'example_bash_decorator' retrieved from /home/airflow/.local/lib/python3.12/site-packages/airflow/example_dags/example_bash_decorator.py
[2025-08-26T04:30:50.440+0000] {logging_mixin.py:188} INFO - [2025-08-26T04:30:50.439+0000] {dag.py:3096} INFO - Sync 1 DAGs
[2025-08-26T04:30:50.608+0000] {logging_mixin.py:188} INFO - [2025-08-26T04:30:50.607+0000] {dag.py:3954} INFO - Setting next_dagrun for example_bash_decorator to None, run_after=None
[2025-08-26T04:30:50.930+0000] {processor.py:183} INFO - Processing /home/airflow/.local/lib/python3.12/site-packages/airflow/example_dags/example_bash_decorator.py took 1.039 seconds
[2025-08-26T04:31:21.463+0000] {processor.py:161} INFO - Started process (PID=775) to work on /home/airflow/.local/lib/python3.12/site-packages/airflow/example_dags/example_bash_decorator.py
[2025-08-26T04:31:21.471+0000] {processor.py:830} INFO - Processing file /home/airflow/.local/lib/python3.12/site-packages/airflow/example_dags/example_bash_decorator.py for tasks to queue
[2025-08-26T04:31:21.487+0000] {logging_mixin.py:188} INFO - [2025-08-26T04:31:21.477+0000] {dagbag.py:545} INFO - Filling up the DagBag from /home/airflow/.local/lib/python3.12/site-packages/airflow/example_dags/example_bash_decorator.py
[2025-08-26T04:31:21.586+0000] {processor.py:840} INFO - DAG(s) 'example_bash_decorator' retrieved from /home/airflow/.local/lib/python3.12/site-packages/airflow/example_dags/example_bash_decorator.py
[2025-08-26T04:31:21.792+0000] {logging_mixin.py:188} INFO - [2025-08-26T04:31:21.792+0000] {dag.py:3096} INFO - Sync 1 DAGs
[2025-08-26T04:31:21.882+0000] {logging_mixin.py:188} INFO - [2025-08-26T04:31:21.881+0000] {dag.py:3954} INFO - Setting next_dagrun for example_bash_decorator to None, run_after=None
[2025-08-26T04:31:22.087+0000] {processor.py:183} INFO - Processing /home/airflow/.local/lib/python3.12/site-packages/airflow/example_dags/example_bash_decorator.py took 0.667 seconds
[2025-08-26T04:31:57.577+0000] {processor.py:161} INFO - Started process (PID=1035) to work on /home/airflow/.local/lib/python3.12/site-packages/airflow/example_dags/example_bash_decorator.py
[2025-08-26T04:31:57.596+0000] {processor.py:830} INFO - Processing file /home/airflow/.local/lib/python3.12/site-packages/airflow/example_dags/example_bash_decorator.py for tasks to queue
[2025-08-26T04:31:57.606+0000] {logging_mixin.py:188} INFO - [2025-08-26T04:31:57.605+0000] {dagbag.py:545} INFO - Filling up the DagBag from /home/airflow/.local/lib/python3.12/site-packages/airflow/example_dags/example_bash_decorator.py
[2025-08-26T04:31:57.770+0000] {processor.py:840} INFO - DAG(s) 'example_bash_decorator' retrieved from /home/airflow/.local/lib/python3.12/site-packages/airflow/example_dags/example_bash_decorator.py
[2025-08-26T04:31:58.132+0000] {logging_mixin.py:188} INFO - [2025-08-26T04:31:58.131+0000] {dag.py:3096} INFO - Sync 1 DAGs
[2025-08-26T04:31:58.271+0000] {logging_mixin.py:188} INFO - [2025-08-26T04:31:58.271+0000] {dag.py:3954} INFO - Setting next_dagrun for example_bash_decorator to None, run_after=None
[2025-08-26T04:31:58.433+0000] {processor.py:183} INFO - Processing /home/airflow/.local/lib/python3.12/site-packages/airflow/example_dags/example_bash_decorator.py took 0.933 seconds
[2025-08-26T04:32:28.864+0000] {processor.py:161} INFO - Started process (PID=1297) to work on /home/airflow/.local/lib/python3.12/site-packages/airflow/example_dags/example_bash_decorator.py
[2025-08-26T04:32:28.872+0000] {processor.py:830} INFO - Processing file /home/airflow/.local/lib/python3.12/site-packages/airflow/example_dags/example_bash_decorator.py for tasks to queue
[2025-08-26T04:32:28.880+0000] {logging_mixin.py:188} INFO - [2025-08-26T04:32:28.879+0000] {dagbag.py:545} INFO - Filling up the DagBag from /home/airflow/.local/lib/python3.12/site-packages/airflow/example_dags/example_bash_decorator.py
[2025-08-26T04:32:28.942+0000] {processor.py:840} INFO - DAG(s) 'example_bash_decorator' retrieved from /home/airflow/.local/lib/python3.12/site-packages/airflow/example_dags/example_bash_decorator.py
[2025-08-26T04:32:29.086+0000] {logging_mixin.py:188} INFO - [2025-08-26T04:32:29.085+0000] {dag.py:3096} INFO - Sync 1 DAGs
[2025-08-26T04:32:29.159+0000] {logging_mixin.py:188} INFO - [2025-08-26T04:32:29.157+0000] {dag.py:3954} INFO - Setting next_dagrun for example_bash_decorator to None, run_after=None
[2025-08-26T04:32:29.256+0000] {processor.py:183} INFO - Processing /home/airflow/.local/lib/python3.12/site-packages/airflow/example_dags/example_bash_decorator.py took 0.420 seconds
[2025-08-26T04:33:09.546+0000] {processor.py:161} INFO - Started process (PID=1559) to work on /home/airflow/.local/lib/python3.12/site-packages/airflow/example_dags/example_bash_decorator.py
[2025-08-26T04:33:09.549+0000] {processor.py:830} INFO - Processing file /home/airflow/.local/lib/python3.12/site-packages/airflow/example_dags/example_bash_decorator.py for tasks to queue
[2025-08-26T04:33:09.556+0000] {logging_mixin.py:188} INFO - [2025-08-26T04:33:09.554+0000] {dagbag.py:545} INFO - Filling up the DagBag from /home/airflow/.local/lib/python3.12/site-packages/airflow/example_dags/example_bash_decorator.py
[2025-08-26T04:33:09.608+0000] {processor.py:840} INFO - DAG(s) 'example_bash_decorator' retrieved from /home/airflow/.local/lib/python3.12/site-packages/airflow/example_dags/example_bash_decorator.py
[2025-08-26T04:33:09.745+0000] {logging_mixin.py:188} INFO - [2025-08-26T04:33:09.745+0000] {dag.py:3096} INFO - Sync 1 DAGs
[2025-08-26T04:33:09.807+0000] {logging_mixin.py:188} INFO - [2025-08-26T04:33:09.807+0000] {dag.py:3954} INFO - Setting next_dagrun for example_bash_decorator to None, run_after=None
[2025-08-26T04:33:09.903+0000] {processor.py:183} INFO - Processing /home/airflow/.local/lib/python3.12/site-packages/airflow/example_dags/example_bash_decorator.py took 0.383 seconds
[2025-08-26T04:33:41.896+0000] {processor.py:161} INFO - Started process (PID=1823) to work on /home/airflow/.local/lib/python3.12/site-packages/airflow/example_dags/example_bash_decorator.py
[2025-08-26T04:33:41.899+0000] {processor.py:830} INFO - Processing file /home/airflow/.local/lib/python3.12/site-packages/airflow/example_dags/example_bash_decorator.py for tasks to queue
[2025-08-26T04:33:41.913+0000] {logging_mixin.py:188} INFO - [2025-08-26T04:33:41.912+0000] {dagbag.py:545} INFO - Filling up the DagBag from /home/airflow/.local/lib/python3.12/site-packages/airflow/example_dags/example_bash_decorator.py
[2025-08-26T04:33:42.019+0000] {processor.py:840} INFO - DAG(s) 'example_bash_decorator' retrieved from /home/airflow/.local/lib/python3.12/site-packages/airflow/example_dags/example_bash_decorator.py
[2025-08-26T04:33:42.201+0000] {logging_mixin.py:188} INFO - [2025-08-26T04:33:42.200+0000] {dag.py:3096} INFO - Sync 1 DAGs
[2025-08-26T04:33:42.297+0000] {logging_mixin.py:188} INFO - [2025-08-26T04:33:42.296+0000] {dag.py:3954} INFO - Setting next_dagrun for example_bash_decorator to None, run_after=None
[2025-08-26T04:33:42.560+0000] {processor.py:183} INFO - Processing /home/airflow/.local/lib/python3.12/site-packages/airflow/example_dags/example_bash_decorator.py took 0.705 seconds
[2025-08-26T04:34:12.923+0000] {processor.py:161} INFO - Started process (PID=2083) to work on /home/airflow/.local/lib/python3.12/site-packages/airflow/example_dags/example_bash_decorator.py
[2025-08-26T04:34:12.926+0000] {processor.py:830} INFO - Processing file /home/airflow/.local/lib/python3.12/site-packages/airflow/example_dags/example_bash_decorator.py for tasks to queue
[2025-08-26T04:34:12.936+0000] {logging_mixin.py:188} INFO - [2025-08-26T04:34:12.934+0000] {dagbag.py:545} INFO - Filling up the DagBag from /home/airflow/.local/lib/python3.12/site-packages/airflow/example_dags/example_bash_decorator.py
[2025-08-26T04:34:13.028+0000] {processor.py:840} INFO - DAG(s) 'example_bash_decorator' retrieved from /home/airflow/.local/lib/python3.12/site-packages/airflow/example_dags/example_bash_decorator.py
[2025-08-26T04:34:13.224+0000] {logging_mixin.py:188} INFO - [2025-08-26T04:34:13.223+0000] {dag.py:3096} INFO - Sync 1 DAGs
[2025-08-26T04:34:13.391+0000] {logging_mixin.py:188} INFO - [2025-08-26T04:34:13.387+0000] {dag.py:3954} INFO - Setting next_dagrun for example_bash_decorator to None, run_after=None
[2025-08-26T04:34:13.538+0000] {processor.py:183} INFO - Processing /home/airflow/.local/lib/python3.12/site-packages/airflow/example_dags/example_bash_decorator.py took 0.641 seconds
[2025-08-26T04:34:46.080+0000] {processor.py:161} INFO - Started process (PID=2327) to work on /home/airflow/.local/lib/python3.12/site-packages/airflow/example_dags/example_bash_decorator.py
[2025-08-26T04:34:46.083+0000] {processor.py:830} INFO - Processing file /home/airflow/.local/lib/python3.12/site-packages/airflow/example_dags/example_bash_decorator.py for tasks to queue
[2025-08-26T04:34:46.104+0000] {logging_mixin.py:188} INFO - [2025-08-26T04:34:46.102+0000] {dagbag.py:545} INFO - Filling up the DagBag from /home/airflow/.local/lib/python3.12/site-packages/airflow/example_dags/example_bash_decorator.py
[2025-08-26T04:34:46.234+0000] {processor.py:840} INFO - DAG(s) 'example_bash_decorator' retrieved from /home/airflow/.local/lib/python3.12/site-packages/airflow/example_dags/example_bash_decorator.py
[2025-08-26T04:34:46.445+0000] {logging_mixin.py:188} INFO - [2025-08-26T04:34:46.445+0000] {dag.py:3096} INFO - Sync 1 DAGs
[2025-08-26T04:34:46.554+0000] {logging_mixin.py:188} INFO - [2025-08-26T04:34:46.552+0000] {dag.py:3954} INFO - Setting next_dagrun for example_bash_decorator to None, run_after=None
[2025-08-26T04:34:46.780+0000] {processor.py:183} INFO - Processing /home/airflow/.local/lib/python3.12/site-packages/airflow/example_dags/example_bash_decorator.py took 0.736 seconds
[2025-08-26T04:35:17.168+0000] {processor.py:161} INFO - Started process (PID=2586) to work on /home/airflow/.local/lib/python3.12/site-packages/airflow/example_dags/example_bash_decorator.py
[2025-08-26T04:35:17.181+0000] {processor.py:830} INFO - Processing file /home/airflow/.local/lib/python3.12/site-packages/airflow/example_dags/example_bash_decorator.py for tasks to queue
[2025-08-26T04:35:17.193+0000] {logging_mixin.py:188} INFO - [2025-08-26T04:35:17.192+0000] {dagbag.py:545} INFO - Filling up the DagBag from /home/airflow/.local/lib/python3.12/site-packages/airflow/example_dags/example_bash_decorator.py
[2025-08-26T04:35:17.305+0000] {processor.py:840} INFO - DAG(s) 'example_bash_decorator' retrieved from /home/airflow/.local/lib/python3.12/site-packages/airflow/example_dags/example_bash_decorator.py
[2025-08-26T04:35:17.518+0000] {logging_mixin.py:188} INFO - [2025-08-26T04:35:17.517+0000] {dag.py:3096} INFO - Sync 1 DAGs
[2025-08-26T04:35:17.682+0000] {logging_mixin.py:188} INFO - [2025-08-26T04:35:17.681+0000] {dag.py:3954} INFO - Setting next_dagrun for example_bash_decorator to None, run_after=None
[2025-08-26T04:35:17.884+0000] {processor.py:183} INFO - Processing /home/airflow/.local/lib/python3.12/site-packages/airflow/example_dags/example_bash_decorator.py took 0.777 seconds
[2025-08-26T04:35:48.869+0000] {processor.py:161} INFO - Started process (PID=2850) to work on /home/airflow/.local/lib/python3.12/site-packages/airflow/example_dags/example_bash_decorator.py
[2025-08-26T04:35:48.872+0000] {processor.py:830} INFO - Processing file /home/airflow/.local/lib/python3.12/site-packages/airflow/example_dags/example_bash_decorator.py for tasks to queue
[2025-08-26T04:35:48.879+0000] {logging_mixin.py:188} INFO - [2025-08-26T04:35:48.877+0000] {dagbag.py:545} INFO - Filling up the DagBag from /home/airflow/.local/lib/python3.12/site-packages/airflow/example_dags/example_bash_decorator.py
[2025-08-26T04:35:48.939+0000] {processor.py:840} INFO - DAG(s) 'example_bash_decorator' retrieved from /home/airflow/.local/lib/python3.12/site-packages/airflow/example_dags/example_bash_decorator.py
[2025-08-26T04:35:49.042+0000] {logging_mixin.py:188} INFO - [2025-08-26T04:35:49.041+0000] {dag.py:3096} INFO - Sync 1 DAGs
[2025-08-26T04:35:49.106+0000] {logging_mixin.py:188} INFO - [2025-08-26T04:35:49.105+0000] {dag.py:3954} INFO - Setting next_dagrun for example_bash_decorator to None, run_after=None
[2025-08-26T04:35:49.199+0000] {processor.py:183} INFO - Processing /home/airflow/.local/lib/python3.12/site-packages/airflow/example_dags/example_bash_decorator.py took 0.355 seconds
[2025-08-26T04:36:19.755+0000] {processor.py:161} INFO - Started process (PID=3110) to work on /home/airflow/.local/lib/python3.12/site-packages/airflow/example_dags/example_bash_decorator.py
[2025-08-26T04:36:19.758+0000] {processor.py:830} INFO - Processing file /home/airflow/.local/lib/python3.12/site-packages/airflow/example_dags/example_bash_decorator.py for tasks to queue
[2025-08-26T04:36:19.773+0000] {logging_mixin.py:188} INFO - [2025-08-26T04:36:19.770+0000] {dagbag.py:545} INFO - Filling up the DagBag from /home/airflow/.local/lib/python3.12/site-packages/airflow/example_dags/example_bash_decorator.py
[2025-08-26T04:36:19.847+0000] {processor.py:840} INFO - DAG(s) 'example_bash_decorator' retrieved from /home/airflow/.local/lib/python3.12/site-packages/airflow/example_dags/example_bash_decorator.py
[2025-08-26T04:36:19.972+0000] {logging_mixin.py:188} INFO - [2025-08-26T04:36:19.971+0000] {dag.py:3096} INFO - Sync 1 DAGs
[2025-08-26T04:36:20.078+0000] {logging_mixin.py:188} INFO - [2025-08-26T04:36:20.077+0000] {dag.py:3954} INFO - Setting next_dagrun for example_bash_decorator to None, run_after=None
[2025-08-26T04:36:20.181+0000] {processor.py:183} INFO - Processing /home/airflow/.local/lib/python3.12/site-packages/airflow/example_dags/example_bash_decorator.py took 0.460 seconds
[2025-08-26T04:36:51.895+0000] {processor.py:161} INFO - Started process (PID=3358) to work on /home/airflow/.local/lib/python3.12/site-packages/airflow/example_dags/example_bash_decorator.py
[2025-08-26T04:36:51.959+0000] {processor.py:830} INFO - Processing file /home/airflow/.local/lib/python3.12/site-packages/airflow/example_dags/example_bash_decorator.py for tasks to queue
[2025-08-26T04:36:51.970+0000] {logging_mixin.py:188} INFO - [2025-08-26T04:36:51.969+0000] {dagbag.py:545} INFO - Filling up the DagBag from /home/airflow/.local/lib/python3.12/site-packages/airflow/example_dags/example_bash_decorator.py
[2025-08-26T04:36:52.093+0000] {processor.py:840} INFO - DAG(s) 'example_bash_decorator' retrieved from /home/airflow/.local/lib/python3.12/site-packages/airflow/example_dags/example_bash_decorator.py
[2025-08-26T04:36:52.354+0000] {logging_mixin.py:188} INFO - [2025-08-26T04:36:52.353+0000] {dag.py:3096} INFO - Sync 1 DAGs
[2025-08-26T04:36:52.647+0000] {logging_mixin.py:188} INFO - [2025-08-26T04:36:52.646+0000] {dag.py:3954} INFO - Setting next_dagrun for example_bash_decorator to None, run_after=None
[2025-08-26T04:36:52.798+0000] {processor.py:183} INFO - Processing /home/airflow/.local/lib/python3.12/site-packages/airflow/example_dags/example_bash_decorator.py took 0.971 seconds
[2025-08-26T04:37:23.831+0000] {processor.py:161} INFO - Started process (PID=3620) to work on /home/airflow/.local/lib/python3.12/site-packages/airflow/example_dags/example_bash_decorator.py
[2025-08-26T04:37:23.839+0000] {processor.py:830} INFO - Processing file /home/airflow/.local/lib/python3.12/site-packages/airflow/example_dags/example_bash_decorator.py for tasks to queue
[2025-08-26T04:37:23.851+0000] {logging_mixin.py:188} INFO - [2025-08-26T04:37:23.847+0000] {dagbag.py:545} INFO - Filling up the DagBag from /home/airflow/.local/lib/python3.12/site-packages/airflow/example_dags/example_bash_decorator.py
[2025-08-26T04:37:24.046+0000] {processor.py:840} INFO - DAG(s) 'example_bash_decorator' retrieved from /home/airflow/.local/lib/python3.12/site-packages/airflow/example_dags/example_bash_decorator.py
[2025-08-26T04:37:24.216+0000] {logging_mixin.py:188} INFO - [2025-08-26T04:37:24.216+0000] {dag.py:3096} INFO - Sync 1 DAGs
[2025-08-26T04:37:24.316+0000] {logging_mixin.py:188} INFO - [2025-08-26T04:37:24.316+0000] {dag.py:3954} INFO - Setting next_dagrun for example_bash_decorator to None, run_after=None
[2025-08-26T04:37:24.464+0000] {processor.py:183} INFO - Processing /home/airflow/.local/lib/python3.12/site-packages/airflow/example_dags/example_bash_decorator.py took 0.709 seconds
[2025-08-26T04:37:54.899+0000] {processor.py:161} INFO - Started process (PID=3881) to work on /home/airflow/.local/lib/python3.12/site-packages/airflow/example_dags/example_bash_decorator.py
[2025-08-26T04:37:54.904+0000] {processor.py:830} INFO - Processing file /home/airflow/.local/lib/python3.12/site-packages/airflow/example_dags/example_bash_decorator.py for tasks to queue
[2025-08-26T04:37:54.912+0000] {logging_mixin.py:188} INFO - [2025-08-26T04:37:54.910+0000] {dagbag.py:545} INFO - Filling up the DagBag from /home/airflow/.local/lib/python3.12/site-packages/airflow/example_dags/example_bash_decorator.py
[2025-08-26T04:37:54.980+0000] {processor.py:840} INFO - DAG(s) 'example_bash_decorator' retrieved from /home/airflow/.local/lib/python3.12/site-packages/airflow/example_dags/example_bash_decorator.py
[2025-08-26T04:37:55.099+0000] {logging_mixin.py:188} INFO - [2025-08-26T04:37:55.098+0000] {dag.py:3096} INFO - Sync 1 DAGs
[2025-08-26T04:37:55.190+0000] {logging_mixin.py:188} INFO - [2025-08-26T04:37:55.189+0000] {dag.py:3954} INFO - Setting next_dagrun for example_bash_decorator to None, run_after=None
[2025-08-26T04:37:55.292+0000] {processor.py:183} INFO - Processing /home/airflow/.local/lib/python3.12/site-packages/airflow/example_dags/example_bash_decorator.py took 0.434 seconds
[2025-08-26T04:38:25.774+0000] {processor.py:161} INFO - Started process (PID=4143) to work on /home/airflow/.local/lib/python3.12/site-packages/airflow/example_dags/example_bash_decorator.py
[2025-08-26T04:38:25.777+0000] {processor.py:830} INFO - Processing file /home/airflow/.local/lib/python3.12/site-packages/airflow/example_dags/example_bash_decorator.py for tasks to queue
[2025-08-26T04:38:25.783+0000] {logging_mixin.py:188} INFO - [2025-08-26T04:38:25.782+0000] {dagbag.py:545} INFO - Filling up the DagBag from /home/airflow/.local/lib/python3.12/site-packages/airflow/example_dags/example_bash_decorator.py
[2025-08-26T04:38:25.844+0000] {processor.py:840} INFO - DAG(s) 'example_bash_decorator' retrieved from /home/airflow/.local/lib/python3.12/site-packages/airflow/example_dags/example_bash_decorator.py
[2025-08-26T04:38:25.945+0000] {logging_mixin.py:188} INFO - [2025-08-26T04:38:25.945+0000] {dag.py:3096} INFO - Sync 1 DAGs
[2025-08-26T04:38:25.996+0000] {logging_mixin.py:188} INFO - [2025-08-26T04:38:25.995+0000] {dag.py:3954} INFO - Setting next_dagrun for example_bash_decorator to None, run_after=None
[2025-08-26T04:38:26.046+0000] {processor.py:183} INFO - Processing /home/airflow/.local/lib/python3.12/site-packages/airflow/example_dags/example_bash_decorator.py took 0.296 seconds
[2025-08-26T04:38:57.980+0000] {processor.py:161} INFO - Started process (PID=4387) to work on /home/airflow/.local/lib/python3.12/site-packages/airflow/example_dags/example_bash_decorator.py
[2025-08-26T04:38:57.984+0000] {processor.py:830} INFO - Processing file /home/airflow/.local/lib/python3.12/site-packages/airflow/example_dags/example_bash_decorator.py for tasks to queue
[2025-08-26T04:38:57.991+0000] {logging_mixin.py:188} INFO - [2025-08-26T04:38:57.990+0000] {dagbag.py:545} INFO - Filling up the DagBag from /home/airflow/.local/lib/python3.12/site-packages/airflow/example_dags/example_bash_decorator.py
[2025-08-26T04:38:58.045+0000] {processor.py:840} INFO - DAG(s) 'example_bash_decorator' retrieved from /home/airflow/.local/lib/python3.12/site-packages/airflow/example_dags/example_bash_decorator.py
[2025-08-26T04:38:58.135+0000] {logging_mixin.py:188} INFO - [2025-08-26T04:38:58.134+0000] {dag.py:3096} INFO - Sync 1 DAGs
[2025-08-26T04:38:58.224+0000] {logging_mixin.py:188} INFO - [2025-08-26T04:38:58.223+0000] {dag.py:3954} INFO - Setting next_dagrun for example_bash_decorator to None, run_after=None
[2025-08-26T04:38:58.394+0000] {processor.py:183} INFO - Processing /home/airflow/.local/lib/python3.12/site-packages/airflow/example_dags/example_bash_decorator.py took 0.438 seconds
[2025-08-26T04:39:32.606+0000] {processor.py:161} INFO - Started process (PID=4653) to work on /home/airflow/.local/lib/python3.12/site-packages/airflow/example_dags/example_bash_decorator.py
[2025-08-26T04:39:32.621+0000] {processor.py:830} INFO - Processing file /home/airflow/.local/lib/python3.12/site-packages/airflow/example_dags/example_bash_decorator.py for tasks to queue
[2025-08-26T04:39:32.654+0000] {logging_mixin.py:188} INFO - [2025-08-26T04:39:32.648+0000] {dagbag.py:545} INFO - Filling up the DagBag from /home/airflow/.local/lib/python3.12/site-packages/airflow/example_dags/example_bash_decorator.py
[2025-08-26T04:39:32.925+0000] {processor.py:840} INFO - DAG(s) 'example_bash_decorator' retrieved from /home/airflow/.local/lib/python3.12/site-packages/airflow/example_dags/example_bash_decorator.py
[2025-08-26T04:39:33.179+0000] {logging_mixin.py:188} INFO - [2025-08-26T04:39:33.178+0000] {dag.py:3096} INFO - Sync 1 DAGs
[2025-08-26T04:39:33.424+0000] {logging_mixin.py:188} INFO - [2025-08-26T04:39:33.423+0000] {dag.py:3954} INFO - Setting next_dagrun for example_bash_decorator to None, run_after=None
[2025-08-26T04:39:33.643+0000] {processor.py:183} INFO - Processing /home/airflow/.local/lib/python3.12/site-packages/airflow/example_dags/example_bash_decorator.py took 1.093 seconds
[2025-08-26T04:40:12.804+0000] {processor.py:161} INFO - Started process (PID=4894) to work on /home/airflow/.local/lib/python3.12/site-packages/airflow/example_dags/example_bash_decorator.py
[2025-08-26T04:40:12.823+0000] {processor.py:830} INFO - Processing file /home/airflow/.local/lib/python3.12/site-packages/airflow/example_dags/example_bash_decorator.py for tasks to queue
[2025-08-26T04:40:12.840+0000] {logging_mixin.py:188} INFO - [2025-08-26T04:40:12.839+0000] {dagbag.py:545} INFO - Filling up the DagBag from /home/airflow/.local/lib/python3.12/site-packages/airflow/example_dags/example_bash_decorator.py
[2025-08-26T04:40:13.160+0000] {processor.py:840} INFO - DAG(s) 'example_bash_decorator' retrieved from /home/airflow/.local/lib/python3.12/site-packages/airflow/example_dags/example_bash_decorator.py
[2025-08-26T04:40:13.616+0000] {logging_mixin.py:188} INFO - [2025-08-26T04:40:13.615+0000] {dag.py:3096} INFO - Sync 1 DAGs
[2025-08-26T04:40:13.868+0000] {logging_mixin.py:188} INFO - [2025-08-26T04:40:13.857+0000] {dag.py:3954} INFO - Setting next_dagrun for example_bash_decorator to None, run_after=None
[2025-08-26T04:40:14.141+0000] {processor.py:183} INFO - Processing /home/airflow/.local/lib/python3.12/site-packages/airflow/example_dags/example_bash_decorator.py took 1.440 seconds
[2025-08-26T04:40:46.116+0000] {processor.py:161} INFO - Started process (PID=5156) to work on /home/airflow/.local/lib/python3.12/site-packages/airflow/example_dags/example_bash_decorator.py
[2025-08-26T04:40:46.122+0000] {processor.py:830} INFO - Processing file /home/airflow/.local/lib/python3.12/site-packages/airflow/example_dags/example_bash_decorator.py for tasks to queue
[2025-08-26T04:40:46.139+0000] {logging_mixin.py:188} INFO - [2025-08-26T04:40:46.135+0000] {dagbag.py:545} INFO - Filling up the DagBag from /home/airflow/.local/lib/python3.12/site-packages/airflow/example_dags/example_bash_decorator.py
[2025-08-26T04:40:46.349+0000] {processor.py:840} INFO - DAG(s) 'example_bash_decorator' retrieved from /home/airflow/.local/lib/python3.12/site-packages/airflow/example_dags/example_bash_decorator.py
[2025-08-26T04:40:46.791+0000] {logging_mixin.py:188} INFO - [2025-08-26T04:40:46.790+0000] {dag.py:3096} INFO - Sync 1 DAGs
[2025-08-26T04:40:46.939+0000] {logging_mixin.py:188} INFO - [2025-08-26T04:40:46.937+0000] {dag.py:3954} INFO - Setting next_dagrun for example_bash_decorator to None, run_after=None
[2025-08-26T04:40:47.068+0000] {processor.py:183} INFO - Processing /home/airflow/.local/lib/python3.12/site-packages/airflow/example_dags/example_bash_decorator.py took 1.014 seconds
[2025-08-26T04:41:17.351+0000] {processor.py:161} INFO - Started process (PID=5415) to work on /home/airflow/.local/lib/python3.12/site-packages/airflow/example_dags/example_bash_decorator.py
[2025-08-26T04:41:17.355+0000] {processor.py:830} INFO - Processing file /home/airflow/.local/lib/python3.12/site-packages/airflow/example_dags/example_bash_decorator.py for tasks to queue
[2025-08-26T04:41:17.361+0000] {logging_mixin.py:188} INFO - [2025-08-26T04:41:17.360+0000] {dagbag.py:545} INFO - Filling up the DagBag from /home/airflow/.local/lib/python3.12/site-packages/airflow/example_dags/example_bash_decorator.py
[2025-08-26T04:41:17.427+0000] {processor.py:840} INFO - DAG(s) 'example_bash_decorator' retrieved from /home/airflow/.local/lib/python3.12/site-packages/airflow/example_dags/example_bash_decorator.py
[2025-08-26T04:41:17.551+0000] {logging_mixin.py:188} INFO - [2025-08-26T04:41:17.550+0000] {dag.py:3096} INFO - Sync 1 DAGs
[2025-08-26T04:41:17.613+0000] {logging_mixin.py:188} INFO - [2025-08-26T04:41:17.612+0000] {dag.py:3954} INFO - Setting next_dagrun for example_bash_decorator to None, run_after=None
[2025-08-26T04:41:17.697+0000] {processor.py:183} INFO - Processing /home/airflow/.local/lib/python3.12/site-packages/airflow/example_dags/example_bash_decorator.py took 0.378 seconds
[2025-08-26T04:41:53.945+0000] {processor.py:161} INFO - Started process (PID=5674) to work on /home/airflow/.local/lib/python3.12/site-packages/airflow/example_dags/example_bash_decorator.py
[2025-08-26T04:41:53.976+0000] {processor.py:830} INFO - Processing file /home/airflow/.local/lib/python3.12/site-packages/airflow/example_dags/example_bash_decorator.py for tasks to queue
[2025-08-26T04:41:54.026+0000] {logging_mixin.py:188} INFO - [2025-08-26T04:41:54.024+0000] {dagbag.py:545} INFO - Filling up the DagBag from /home/airflow/.local/lib/python3.12/site-packages/airflow/example_dags/example_bash_decorator.py
[2025-08-26T04:41:54.343+0000] {processor.py:840} INFO - DAG(s) 'example_bash_decorator' retrieved from /home/airflow/.local/lib/python3.12/site-packages/airflow/example_dags/example_bash_decorator.py
[2025-08-26T04:41:54.886+0000] {logging_mixin.py:188} INFO - [2025-08-26T04:41:54.885+0000] {dag.py:3096} INFO - Sync 1 DAGs
[2025-08-26T04:41:55.251+0000] {logging_mixin.py:188} INFO - [2025-08-26T04:41:55.250+0000] {dag.py:3954} INFO - Setting next_dagrun for example_bash_decorator to None, run_after=None
[2025-08-26T04:41:55.495+0000] {processor.py:183} INFO - Processing /home/airflow/.local/lib/python3.12/site-packages/airflow/example_dags/example_bash_decorator.py took 1.703 seconds
[2025-08-26T04:42:35.531+0000] {processor.py:161} INFO - Started process (PID=5932) to work on /home/airflow/.local/lib/python3.12/site-packages/airflow/example_dags/example_bash_decorator.py
[2025-08-26T04:42:35.577+0000] {processor.py:830} INFO - Processing file /home/airflow/.local/lib/python3.12/site-packages/airflow/example_dags/example_bash_decorator.py for tasks to queue
[2025-08-26T04:42:35.611+0000] {logging_mixin.py:188} INFO - [2025-08-26T04:42:35.610+0000] {dagbag.py:545} INFO - Filling up the DagBag from /home/airflow/.local/lib/python3.12/site-packages/airflow/example_dags/example_bash_decorator.py
[2025-08-26T04:42:35.931+0000] {processor.py:840} INFO - DAG(s) 'example_bash_decorator' retrieved from /home/airflow/.local/lib/python3.12/site-packages/airflow/example_dags/example_bash_decorator.py
[2025-08-26T04:42:36.519+0000] {logging_mixin.py:188} INFO - [2025-08-26T04:42:36.519+0000] {dag.py:3096} INFO - Sync 1 DAGs
[2025-08-26T04:42:36.653+0000] {logging_mixin.py:188} INFO - [2025-08-26T04:42:36.652+0000] {dag.py:3954} INFO - Setting next_dagrun for example_bash_decorator to None, run_after=None
[2025-08-26T04:42:37.031+0000] {processor.py:183} INFO - Processing /home/airflow/.local/lib/python3.12/site-packages/airflow/example_dags/example_bash_decorator.py took 1.625 seconds
[2025-08-26T04:43:09.503+0000] {processor.py:161} INFO - Started process (PID=6194) to work on /home/airflow/.local/lib/python3.12/site-packages/airflow/example_dags/example_bash_decorator.py
[2025-08-26T04:43:09.513+0000] {processor.py:830} INFO - Processing file /home/airflow/.local/lib/python3.12/site-packages/airflow/example_dags/example_bash_decorator.py for tasks to queue
[2025-08-26T04:43:09.553+0000] {logging_mixin.py:188} INFO - [2025-08-26T04:43:09.537+0000] {dagbag.py:545} INFO - Filling up the DagBag from /home/airflow/.local/lib/python3.12/site-packages/airflow/example_dags/example_bash_decorator.py
[2025-08-26T04:43:09.745+0000] {processor.py:840} INFO - DAG(s) 'example_bash_decorator' retrieved from /home/airflow/.local/lib/python3.12/site-packages/airflow/example_dags/example_bash_decorator.py
[2025-08-26T04:43:09.962+0000] {logging_mixin.py:188} INFO - [2025-08-26T04:43:09.961+0000] {dag.py:3096} INFO - Sync 1 DAGs
[2025-08-26T04:43:10.132+0000] {logging_mixin.py:188} INFO - [2025-08-26T04:43:10.131+0000] {dag.py:3954} INFO - Setting next_dagrun for example_bash_decorator to None, run_after=None
[2025-08-26T04:43:10.524+0000] {processor.py:183} INFO - Processing /home/airflow/.local/lib/python3.12/site-packages/airflow/example_dags/example_bash_decorator.py took 1.084 seconds
[2025-08-26T04:43:44.366+0000] {processor.py:161} INFO - Started process (PID=6435) to work on /home/airflow/.local/lib/python3.12/site-packages/airflow/example_dags/example_bash_decorator.py
[2025-08-26T04:43:44.373+0000] {processor.py:830} INFO - Processing file /home/airflow/.local/lib/python3.12/site-packages/airflow/example_dags/example_bash_decorator.py for tasks to queue
[2025-08-26T04:43:44.410+0000] {logging_mixin.py:188} INFO - [2025-08-26T04:43:44.408+0000] {dagbag.py:545} INFO - Filling up the DagBag from /home/airflow/.local/lib/python3.12/site-packages/airflow/example_dags/example_bash_decorator.py
[2025-08-26T04:43:44.569+0000] {processor.py:840} INFO - DAG(s) 'example_bash_decorator' retrieved from /home/airflow/.local/lib/python3.12/site-packages/airflow/example_dags/example_bash_decorator.py
[2025-08-26T04:43:44.984+0000] {logging_mixin.py:188} INFO - [2025-08-26T04:43:44.984+0000] {dag.py:3096} INFO - Sync 1 DAGs
[2025-08-26T04:43:45.161+0000] {logging_mixin.py:188} INFO - [2025-08-26T04:43:45.150+0000] {dag.py:3954} INFO - Setting next_dagrun for example_bash_decorator to None, run_after=None
[2025-08-26T04:43:45.822+0000] {processor.py:183} INFO - Processing /home/airflow/.local/lib/python3.12/site-packages/airflow/example_dags/example_bash_decorator.py took 1.566 seconds
[2025-08-26T04:44:19.969+0000] {processor.py:161} INFO - Started process (PID=6696) to work on /home/airflow/.local/lib/python3.12/site-packages/airflow/example_dags/example_bash_decorator.py
[2025-08-26T04:44:20.010+0000] {processor.py:830} INFO - Processing file /home/airflow/.local/lib/python3.12/site-packages/airflow/example_dags/example_bash_decorator.py for tasks to queue
[2025-08-26T04:44:20.039+0000] {logging_mixin.py:188} INFO - [2025-08-26T04:44:20.038+0000] {dagbag.py:545} INFO - Filling up the DagBag from /home/airflow/.local/lib/python3.12/site-packages/airflow/example_dags/example_bash_decorator.py
[2025-08-26T04:44:20.247+0000] {processor.py:840} INFO - DAG(s) 'example_bash_decorator' retrieved from /home/airflow/.local/lib/python3.12/site-packages/airflow/example_dags/example_bash_decorator.py
[2025-08-26T04:44:20.497+0000] {logging_mixin.py:188} INFO - [2025-08-26T04:44:20.496+0000] {dag.py:3096} INFO - Sync 1 DAGs
[2025-08-26T04:44:20.623+0000] {logging_mixin.py:188} INFO - [2025-08-26T04:44:20.622+0000] {dag.py:3954} INFO - Setting next_dagrun for example_bash_decorator to None, run_after=None
[2025-08-26T04:44:20.835+0000] {processor.py:183} INFO - Processing /home/airflow/.local/lib/python3.12/site-packages/airflow/example_dags/example_bash_decorator.py took 1.031 seconds
[2025-08-26T04:44:51.324+0000] {processor.py:161} INFO - Started process (PID=6940) to work on /home/airflow/.local/lib/python3.12/site-packages/airflow/example_dags/example_bash_decorator.py
[2025-08-26T04:44:51.327+0000] {processor.py:830} INFO - Processing file /home/airflow/.local/lib/python3.12/site-packages/airflow/example_dags/example_bash_decorator.py for tasks to queue
[2025-08-26T04:44:51.342+0000] {logging_mixin.py:188} INFO - [2025-08-26T04:44:51.341+0000] {dagbag.py:545} INFO - Filling up the DagBag from /home/airflow/.local/lib/python3.12/site-packages/airflow/example_dags/example_bash_decorator.py
[2025-08-26T04:44:51.455+0000] {processor.py:840} INFO - DAG(s) 'example_bash_decorator' retrieved from /home/airflow/.local/lib/python3.12/site-packages/airflow/example_dags/example_bash_decorator.py
[2025-08-26T04:44:51.581+0000] {logging_mixin.py:188} INFO - [2025-08-26T04:44:51.581+0000] {dag.py:3096} INFO - Sync 1 DAGs
[2025-08-26T04:44:51.960+0000] {logging_mixin.py:188} INFO - [2025-08-26T04:44:51.959+0000] {dag.py:3954} INFO - Setting next_dagrun for example_bash_decorator to None, run_after=None
[2025-08-26T04:44:52.234+0000] {processor.py:183} INFO - Processing /home/airflow/.local/lib/python3.12/site-packages/airflow/example_dags/example_bash_decorator.py took 1.000 seconds
[2025-08-26T04:45:25.320+0000] {processor.py:161} INFO - Started process (PID=7199) to work on /home/airflow/.local/lib/python3.12/site-packages/airflow/example_dags/example_bash_decorator.py
[2025-08-26T04:45:25.333+0000] {processor.py:830} INFO - Processing file /home/airflow/.local/lib/python3.12/site-packages/airflow/example_dags/example_bash_decorator.py for tasks to queue
[2025-08-26T04:45:25.346+0000] {logging_mixin.py:188} INFO - [2025-08-26T04:45:25.344+0000] {dagbag.py:545} INFO - Filling up the DagBag from /home/airflow/.local/lib/python3.12/site-packages/airflow/example_dags/example_bash_decorator.py
[2025-08-26T04:45:25.466+0000] {processor.py:840} INFO - DAG(s) 'example_bash_decorator' retrieved from /home/airflow/.local/lib/python3.12/site-packages/airflow/example_dags/example_bash_decorator.py
[2025-08-26T04:45:25.624+0000] {logging_mixin.py:188} INFO - [2025-08-26T04:45:25.623+0000] {dag.py:3096} INFO - Sync 1 DAGs
[2025-08-26T04:45:25.706+0000] {logging_mixin.py:188} INFO - [2025-08-26T04:45:25.706+0000] {dag.py:3954} INFO - Setting next_dagrun for example_bash_decorator to None, run_after=None
[2025-08-26T04:45:25.804+0000] {processor.py:183} INFO - Processing /home/airflow/.local/lib/python3.12/site-packages/airflow/example_dags/example_bash_decorator.py took 0.537 seconds
[2025-08-26T04:45:59.422+0000] {processor.py:161} INFO - Started process (PID=7412) to work on /home/airflow/.local/lib/python3.12/site-packages/airflow/example_dags/example_bash_decorator.py
[2025-08-26T04:45:59.443+0000] {processor.py:830} INFO - Processing file /home/airflow/.local/lib/python3.12/site-packages/airflow/example_dags/example_bash_decorator.py for tasks to queue
[2025-08-26T04:45:59.511+0000] {logging_mixin.py:188} INFO - [2025-08-26T04:45:59.510+0000] {dagbag.py:545} INFO - Filling up the DagBag from /home/airflow/.local/lib/python3.12/site-packages/airflow/example_dags/example_bash_decorator.py
[2025-08-26T04:45:59.865+0000] {processor.py:840} INFO - DAG(s) 'example_bash_decorator' retrieved from /home/airflow/.local/lib/python3.12/site-packages/airflow/example_dags/example_bash_decorator.py
[2025-08-26T04:46:00.128+0000] {logging_mixin.py:188} INFO - [2025-08-26T04:46:00.128+0000] {dag.py:3096} INFO - Sync 1 DAGs
[2025-08-26T04:46:00.330+0000] {logging_mixin.py:188} INFO - [2025-08-26T04:46:00.329+0000] {dag.py:3954} INFO - Setting next_dagrun for example_bash_decorator to None, run_after=None
[2025-08-26T04:46:00.610+0000] {processor.py:183} INFO - Processing /home/airflow/.local/lib/python3.12/site-packages/airflow/example_dags/example_bash_decorator.py took 1.231 seconds
[2025-08-26T04:46:41.992+0000] {processor.py:161} INFO - Started process (PID=7687) to work on /home/airflow/.local/lib/python3.12/site-packages/airflow/example_dags/example_bash_decorator.py
[2025-08-26T04:46:41.997+0000] {processor.py:830} INFO - Processing file /home/airflow/.local/lib/python3.12/site-packages/airflow/example_dags/example_bash_decorator.py for tasks to queue
[2025-08-26T04:46:42.004+0000] {logging_mixin.py:188} INFO - [2025-08-26T04:46:42.003+0000] {dagbag.py:545} INFO - Filling up the DagBag from /home/airflow/.local/lib/python3.12/site-packages/airflow/example_dags/example_bash_decorator.py
[2025-08-26T04:46:42.084+0000] {processor.py:840} INFO - DAG(s) 'example_bash_decorator' retrieved from /home/airflow/.local/lib/python3.12/site-packages/airflow/example_dags/example_bash_decorator.py
[2025-08-26T04:46:42.277+0000] {logging_mixin.py:188} INFO - [2025-08-26T04:46:42.276+0000] {dag.py:3096} INFO - Sync 1 DAGs
[2025-08-26T04:46:42.351+0000] {logging_mixin.py:188} INFO - [2025-08-26T04:46:42.350+0000] {dag.py:3954} INFO - Setting next_dagrun for example_bash_decorator to None, run_after=None
[2025-08-26T04:46:42.514+0000] {processor.py:183} INFO - Processing /home/airflow/.local/lib/python3.12/site-packages/airflow/example_dags/example_bash_decorator.py took 0.546 seconds
[2025-08-26T04:47:16.526+0000] {processor.py:161} INFO - Started process (PID=7949) to work on /home/airflow/.local/lib/python3.12/site-packages/airflow/example_dags/example_bash_decorator.py
[2025-08-26T04:47:16.537+0000] {processor.py:830} INFO - Processing file /home/airflow/.local/lib/python3.12/site-packages/airflow/example_dags/example_bash_decorator.py for tasks to queue
[2025-08-26T04:47:16.560+0000] {logging_mixin.py:188} INFO - [2025-08-26T04:47:16.559+0000] {dagbag.py:545} INFO - Filling up the DagBag from /home/airflow/.local/lib/python3.12/site-packages/airflow/example_dags/example_bash_decorator.py
[2025-08-26T04:47:16.632+0000] {processor.py:840} INFO - DAG(s) 'example_bash_decorator' retrieved from /home/airflow/.local/lib/python3.12/site-packages/airflow/example_dags/example_bash_decorator.py
[2025-08-26T04:47:16.773+0000] {logging_mixin.py:188} INFO - [2025-08-26T04:47:16.772+0000] {dag.py:3096} INFO - Sync 1 DAGs
[2025-08-26T04:47:16.852+0000] {logging_mixin.py:188} INFO - [2025-08-26T04:47:16.851+0000] {dag.py:3954} INFO - Setting next_dagrun for example_bash_decorator to None, run_after=None
[2025-08-26T04:47:16.952+0000] {processor.py:183} INFO - Processing /home/airflow/.local/lib/python3.12/site-packages/airflow/example_dags/example_bash_decorator.py took 0.510 seconds
[2025-08-26T04:49:20.415+0000] {processor.py:161} INFO - Started process (PID=233) to work on /home/airflow/.local/lib/python3.12/site-packages/airflow/example_dags/example_bash_decorator.py
[2025-08-26T04:49:20.421+0000] {processor.py:830} INFO - Processing file /home/airflow/.local/lib/python3.12/site-packages/airflow/example_dags/example_bash_decorator.py for tasks to queue
[2025-08-26T04:49:20.443+0000] {logging_mixin.py:188} INFO - [2025-08-26T04:49:20.442+0000] {dagbag.py:545} INFO - Filling up the DagBag from /home/airflow/.local/lib/python3.12/site-packages/airflow/example_dags/example_bash_decorator.py
[2025-08-26T04:49:20.566+0000] {processor.py:840} INFO - DAG(s) 'example_bash_decorator' retrieved from /home/airflow/.local/lib/python3.12/site-packages/airflow/example_dags/example_bash_decorator.py
[2025-08-26T04:49:21.372+0000] {logging_mixin.py:188} INFO - [2025-08-26T04:49:21.371+0000] {dag.py:3096} INFO - Sync 1 DAGs
[2025-08-26T04:49:21.442+0000] {logging_mixin.py:188} INFO - [2025-08-26T04:49:21.441+0000] {dag.py:3954} INFO - Setting next_dagrun for example_bash_decorator to None, run_after=None
[2025-08-26T04:49:21.542+0000] {processor.py:183} INFO - Processing /home/airflow/.local/lib/python3.12/site-packages/airflow/example_dags/example_bash_decorator.py took 1.171 seconds
[2025-08-26T04:50:05.033+0000] {processor.py:161} INFO - Started process (PID=500) to work on /home/airflow/.local/lib/python3.12/site-packages/airflow/example_dags/example_bash_decorator.py
[2025-08-26T04:50:05.039+0000] {processor.py:830} INFO - Processing file /home/airflow/.local/lib/python3.12/site-packages/airflow/example_dags/example_bash_decorator.py for tasks to queue
[2025-08-26T04:50:05.054+0000] {logging_mixin.py:188} INFO - [2025-08-26T04:50:05.053+0000] {dagbag.py:545} INFO - Filling up the DagBag from /home/airflow/.local/lib/python3.12/site-packages/airflow/example_dags/example_bash_decorator.py
[2025-08-26T04:50:05.175+0000] {processor.py:840} INFO - DAG(s) 'example_bash_decorator' retrieved from /home/airflow/.local/lib/python3.12/site-packages/airflow/example_dags/example_bash_decorator.py
[2025-08-26T04:50:05.429+0000] {logging_mixin.py:188} INFO - [2025-08-26T04:50:05.429+0000] {dag.py:3096} INFO - Sync 1 DAGs
[2025-08-26T04:50:05.506+0000] {logging_mixin.py:188} INFO - [2025-08-26T04:50:05.505+0000] {dag.py:3954} INFO - Setting next_dagrun for example_bash_decorator to None, run_after=None
[2025-08-26T04:50:05.663+0000] {processor.py:183} INFO - Processing /home/airflow/.local/lib/python3.12/site-packages/airflow/example_dags/example_bash_decorator.py took 0.688 seconds
[2025-08-26T04:50:37.069+0000] {processor.py:161} INFO - Started process (PID=762) to work on /home/airflow/.local/lib/python3.12/site-packages/airflow/example_dags/example_bash_decorator.py
[2025-08-26T04:50:37.077+0000] {processor.py:830} INFO - Processing file /home/airflow/.local/lib/python3.12/site-packages/airflow/example_dags/example_bash_decorator.py for tasks to queue
[2025-08-26T04:50:37.088+0000] {logging_mixin.py:188} INFO - [2025-08-26T04:50:37.087+0000] {dagbag.py:545} INFO - Filling up the DagBag from /home/airflow/.local/lib/python3.12/site-packages/airflow/example_dags/example_bash_decorator.py
[2025-08-26T04:50:37.206+0000] {processor.py:840} INFO - DAG(s) 'example_bash_decorator' retrieved from /home/airflow/.local/lib/python3.12/site-packages/airflow/example_dags/example_bash_decorator.py
[2025-08-26T04:50:37.352+0000] {logging_mixin.py:188} INFO - [2025-08-26T04:50:37.350+0000] {dag.py:3096} INFO - Sync 1 DAGs
[2025-08-26T04:50:37.466+0000] {logging_mixin.py:188} INFO - [2025-08-26T04:50:37.466+0000] {dag.py:3954} INFO - Setting next_dagrun for example_bash_decorator to None, run_after=None
[2025-08-26T04:50:37.633+0000] {processor.py:183} INFO - Processing /home/airflow/.local/lib/python3.12/site-packages/airflow/example_dags/example_bash_decorator.py took 0.620 seconds
[2025-08-26T04:51:09.239+0000] {processor.py:161} INFO - Started process (PID=1020) to work on /home/airflow/.local/lib/python3.12/site-packages/airflow/example_dags/example_bash_decorator.py
[2025-08-26T04:51:09.242+0000] {processor.py:830} INFO - Processing file /home/airflow/.local/lib/python3.12/site-packages/airflow/example_dags/example_bash_decorator.py for tasks to queue
[2025-08-26T04:51:09.262+0000] {logging_mixin.py:188} INFO - [2025-08-26T04:51:09.261+0000] {dagbag.py:545} INFO - Filling up the DagBag from /home/airflow/.local/lib/python3.12/site-packages/airflow/example_dags/example_bash_decorator.py
[2025-08-26T04:51:09.370+0000] {processor.py:840} INFO - DAG(s) 'example_bash_decorator' retrieved from /home/airflow/.local/lib/python3.12/site-packages/airflow/example_dags/example_bash_decorator.py
[2025-08-26T04:51:09.493+0000] {logging_mixin.py:188} INFO - [2025-08-26T04:51:09.492+0000] {dag.py:3096} INFO - Sync 1 DAGs
[2025-08-26T04:51:09.568+0000] {logging_mixin.py:188} INFO - [2025-08-26T04:51:09.568+0000] {dag.py:3954} INFO - Setting next_dagrun for example_bash_decorator to None, run_after=None
[2025-08-26T04:51:09.703+0000] {processor.py:183} INFO - Processing /home/airflow/.local/lib/python3.12/site-packages/airflow/example_dags/example_bash_decorator.py took 0.494 seconds
[2025-08-26T04:51:41.955+0000] {processor.py:161} INFO - Started process (PID=1282) to work on /home/airflow/.local/lib/python3.12/site-packages/airflow/example_dags/example_bash_decorator.py
[2025-08-26T04:51:41.964+0000] {processor.py:830} INFO - Processing file /home/airflow/.local/lib/python3.12/site-packages/airflow/example_dags/example_bash_decorator.py for tasks to queue
[2025-08-26T04:51:41.990+0000] {logging_mixin.py:188} INFO - [2025-08-26T04:51:41.989+0000] {dagbag.py:545} INFO - Filling up the DagBag from /home/airflow/.local/lib/python3.12/site-packages/airflow/example_dags/example_bash_decorator.py
[2025-08-26T04:51:42.293+0000] {processor.py:840} INFO - DAG(s) 'example_bash_decorator' retrieved from /home/airflow/.local/lib/python3.12/site-packages/airflow/example_dags/example_bash_decorator.py
[2025-08-26T04:51:42.635+0000] {logging_mixin.py:188} INFO - [2025-08-26T04:51:42.634+0000] {dag.py:3096} INFO - Sync 1 DAGs
[2025-08-26T04:51:42.752+0000] {logging_mixin.py:188} INFO - [2025-08-26T04:51:42.751+0000] {dag.py:3954} INFO - Setting next_dagrun for example_bash_decorator to None, run_after=None
[2025-08-26T04:51:42.996+0000] {processor.py:183} INFO - Processing /home/airflow/.local/lib/python3.12/site-packages/airflow/example_dags/example_bash_decorator.py took 1.160 seconds
[2025-08-26T04:52:14.316+0000] {processor.py:161} INFO - Started process (PID=1546) to work on /home/airflow/.local/lib/python3.12/site-packages/airflow/example_dags/example_bash_decorator.py
[2025-08-26T04:52:14.339+0000] {processor.py:830} INFO - Processing file /home/airflow/.local/lib/python3.12/site-packages/airflow/example_dags/example_bash_decorator.py for tasks to queue
[2025-08-26T04:52:14.363+0000] {logging_mixin.py:188} INFO - [2025-08-26T04:52:14.361+0000] {dagbag.py:545} INFO - Filling up the DagBag from /home/airflow/.local/lib/python3.12/site-packages/airflow/example_dags/example_bash_decorator.py
[2025-08-26T04:52:14.525+0000] {processor.py:840} INFO - DAG(s) 'example_bash_decorator' retrieved from /home/airflow/.local/lib/python3.12/site-packages/airflow/example_dags/example_bash_decorator.py
[2025-08-26T04:52:14.756+0000] {logging_mixin.py:188} INFO - [2025-08-26T04:52:14.755+0000] {dag.py:3096} INFO - Sync 1 DAGs
[2025-08-26T04:52:14.880+0000] {logging_mixin.py:188} INFO - [2025-08-26T04:52:14.879+0000] {dag.py:3954} INFO - Setting next_dagrun for example_bash_decorator to None, run_after=None
[2025-08-26T04:52:15.081+0000] {processor.py:183} INFO - Processing /home/airflow/.local/lib/python3.12/site-packages/airflow/example_dags/example_bash_decorator.py took 0.832 seconds
[2025-08-26T04:52:57.954+0000] {processor.py:161} INFO - Started process (PID=1802) to work on /home/airflow/.local/lib/python3.12/site-packages/airflow/example_dags/example_bash_decorator.py
[2025-08-26T04:52:57.963+0000] {processor.py:830} INFO - Processing file /home/airflow/.local/lib/python3.12/site-packages/airflow/example_dags/example_bash_decorator.py for tasks to queue
[2025-08-26T04:52:57.980+0000] {logging_mixin.py:188} INFO - [2025-08-26T04:52:57.977+0000] {dagbag.py:545} INFO - Filling up the DagBag from /home/airflow/.local/lib/python3.12/site-packages/airflow/example_dags/example_bash_decorator.py
[2025-08-26T04:52:58.080+0000] {processor.py:840} INFO - DAG(s) 'example_bash_decorator' retrieved from /home/airflow/.local/lib/python3.12/site-packages/airflow/example_dags/example_bash_decorator.py
[2025-08-26T04:52:58.276+0000] {logging_mixin.py:188} INFO - [2025-08-26T04:52:58.276+0000] {dag.py:3096} INFO - Sync 1 DAGs
[2025-08-26T04:52:58.348+0000] {logging_mixin.py:188} INFO - [2025-08-26T04:52:58.347+0000] {dag.py:3954} INFO - Setting next_dagrun for example_bash_decorator to None, run_after=None
[2025-08-26T04:52:58.754+0000] {processor.py:183} INFO - Processing /home/airflow/.local/lib/python3.12/site-packages/airflow/example_dags/example_bash_decorator.py took 0.843 seconds
[2025-08-26T04:53:29.729+0000] {processor.py:161} INFO - Started process (PID=2066) to work on /home/airflow/.local/lib/python3.12/site-packages/airflow/example_dags/example_bash_decorator.py
[2025-08-26T04:53:29.734+0000] {processor.py:830} INFO - Processing file /home/airflow/.local/lib/python3.12/site-packages/airflow/example_dags/example_bash_decorator.py for tasks to queue
[2025-08-26T04:53:29.751+0000] {logging_mixin.py:188} INFO - [2025-08-26T04:53:29.750+0000] {dagbag.py:545} INFO - Filling up the DagBag from /home/airflow/.local/lib/python3.12/site-packages/airflow/example_dags/example_bash_decorator.py
[2025-08-26T04:53:29.880+0000] {processor.py:840} INFO - DAG(s) 'example_bash_decorator' retrieved from /home/airflow/.local/lib/python3.12/site-packages/airflow/example_dags/example_bash_decorator.py
[2025-08-26T04:53:30.055+0000] {logging_mixin.py:188} INFO - [2025-08-26T04:53:30.050+0000] {dag.py:3096} INFO - Sync 1 DAGs
[2025-08-26T04:53:30.205+0000] {logging_mixin.py:188} INFO - [2025-08-26T04:53:30.205+0000] {dag.py:3954} INFO - Setting next_dagrun for example_bash_decorator to None, run_after=None
[2025-08-26T04:53:30.319+0000] {processor.py:183} INFO - Processing /home/airflow/.local/lib/python3.12/site-packages/airflow/example_dags/example_bash_decorator.py took 0.639 seconds
[2025-08-26T04:54:00.661+0000] {processor.py:161} INFO - Started process (PID=2328) to work on /home/airflow/.local/lib/python3.12/site-packages/airflow/example_dags/example_bash_decorator.py
[2025-08-26T04:54:00.664+0000] {processor.py:830} INFO - Processing file /home/airflow/.local/lib/python3.12/site-packages/airflow/example_dags/example_bash_decorator.py for tasks to queue
[2025-08-26T04:54:00.677+0000] {logging_mixin.py:188} INFO - [2025-08-26T04:54:00.674+0000] {dagbag.py:545} INFO - Filling up the DagBag from /home/airflow/.local/lib/python3.12/site-packages/airflow/example_dags/example_bash_decorator.py
[2025-08-26T04:54:00.736+0000] {processor.py:840} INFO - DAG(s) 'example_bash_decorator' retrieved from /home/airflow/.local/lib/python3.12/site-packages/airflow/example_dags/example_bash_decorator.py
[2025-08-26T04:54:00.854+0000] {logging_mixin.py:188} INFO - [2025-08-26T04:54:00.853+0000] {dag.py:3096} INFO - Sync 1 DAGs
[2025-08-26T04:54:00.903+0000] {logging_mixin.py:188} INFO - [2025-08-26T04:54:00.902+0000] {dag.py:3954} INFO - Setting next_dagrun for example_bash_decorator to None, run_after=None
[2025-08-26T04:54:00.976+0000] {processor.py:183} INFO - Processing /home/airflow/.local/lib/python3.12/site-packages/airflow/example_dags/example_bash_decorator.py took 0.348 seconds
[2025-08-26T04:54:33.121+0000] {processor.py:161} INFO - Started process (PID=2549) to work on /home/airflow/.local/lib/python3.12/site-packages/airflow/example_dags/example_bash_decorator.py
[2025-08-26T04:54:33.134+0000] {processor.py:830} INFO - Processing file /home/airflow/.local/lib/python3.12/site-packages/airflow/example_dags/example_bash_decorator.py for tasks to queue
[2025-08-26T04:54:33.159+0000] {logging_mixin.py:188} INFO - [2025-08-26T04:54:33.158+0000] {dagbag.py:545} INFO - Filling up the DagBag from /home/airflow/.local/lib/python3.12/site-packages/airflow/example_dags/example_bash_decorator.py
[2025-08-26T04:54:33.391+0000] {processor.py:840} INFO - DAG(s) 'example_bash_decorator' retrieved from /home/airflow/.local/lib/python3.12/site-packages/airflow/example_dags/example_bash_decorator.py
[2025-08-26T04:54:33.686+0000] {logging_mixin.py:188} INFO - [2025-08-26T04:54:33.683+0000] {dag.py:3096} INFO - Sync 1 DAGs
[2025-08-26T04:54:33.832+0000] {logging_mixin.py:188} INFO - [2025-08-26T04:54:33.832+0000] {dag.py:3954} INFO - Setting next_dagrun for example_bash_decorator to None, run_after=None
[2025-08-26T04:54:34.101+0000] {processor.py:183} INFO - Processing /home/airflow/.local/lib/python3.12/site-packages/airflow/example_dags/example_bash_decorator.py took 1.082 seconds
[2025-08-26T04:55:04.585+0000] {processor.py:161} INFO - Started process (PID=2813) to work on /home/airflow/.local/lib/python3.12/site-packages/airflow/example_dags/example_bash_decorator.py
[2025-08-26T04:55:04.588+0000] {processor.py:830} INFO - Processing file /home/airflow/.local/lib/python3.12/site-packages/airflow/example_dags/example_bash_decorator.py for tasks to queue
[2025-08-26T04:55:04.603+0000] {logging_mixin.py:188} INFO - [2025-08-26T04:55:04.602+0000] {dagbag.py:545} INFO - Filling up the DagBag from /home/airflow/.local/lib/python3.12/site-packages/airflow/example_dags/example_bash_decorator.py
[2025-08-26T04:55:04.694+0000] {processor.py:840} INFO - DAG(s) 'example_bash_decorator' retrieved from /home/airflow/.local/lib/python3.12/site-packages/airflow/example_dags/example_bash_decorator.py
[2025-08-26T04:55:04.855+0000] {logging_mixin.py:188} INFO - [2025-08-26T04:55:04.854+0000] {dag.py:3096} INFO - Sync 1 DAGs
[2025-08-26T04:55:04.941+0000] {logging_mixin.py:188} INFO - [2025-08-26T04:55:04.939+0000] {dag.py:3954} INFO - Setting next_dagrun for example_bash_decorator to None, run_after=None
[2025-08-26T04:55:05.040+0000] {processor.py:183} INFO - Processing /home/airflow/.local/lib/python3.12/site-packages/airflow/example_dags/example_bash_decorator.py took 0.526 seconds
[2025-08-26T04:55:41.518+0000] {processor.py:161} INFO - Started process (PID=3033) to work on /home/airflow/.local/lib/python3.12/site-packages/airflow/example_dags/example_bash_decorator.py
[2025-08-26T04:55:41.533+0000] {processor.py:830} INFO - Processing file /home/airflow/.local/lib/python3.12/site-packages/airflow/example_dags/example_bash_decorator.py for tasks to queue
[2025-08-26T04:55:41.604+0000] {logging_mixin.py:188} INFO - [2025-08-26T04:55:41.603+0000] {dagbag.py:545} INFO - Filling up the DagBag from /home/airflow/.local/lib/python3.12/site-packages/airflow/example_dags/example_bash_decorator.py
[2025-08-26T04:55:42.012+0000] {processor.py:840} INFO - DAG(s) 'example_bash_decorator' retrieved from /home/airflow/.local/lib/python3.12/site-packages/airflow/example_dags/example_bash_decorator.py
[2025-08-26T04:55:42.568+0000] {logging_mixin.py:188} INFO - [2025-08-26T04:55:42.567+0000] {dag.py:3096} INFO - Sync 1 DAGs
[2025-08-26T04:55:42.810+0000] {logging_mixin.py:188} INFO - [2025-08-26T04:55:42.809+0000] {dag.py:3954} INFO - Setting next_dagrun for example_bash_decorator to None, run_after=None
[2025-08-26T04:55:43.267+0000] {processor.py:183} INFO - Processing /home/airflow/.local/lib/python3.12/site-packages/airflow/example_dags/example_bash_decorator.py took 1.880 seconds
[2025-08-26T04:56:14.183+0000] {processor.py:161} INFO - Started process (PID=3295) to work on /home/airflow/.local/lib/python3.12/site-packages/airflow/example_dags/example_bash_decorator.py
[2025-08-26T04:56:14.197+0000] {processor.py:830} INFO - Processing file /home/airflow/.local/lib/python3.12/site-packages/airflow/example_dags/example_bash_decorator.py for tasks to queue
[2025-08-26T04:56:14.209+0000] {logging_mixin.py:188} INFO - [2025-08-26T04:56:14.203+0000] {dagbag.py:545} INFO - Filling up the DagBag from /home/airflow/.local/lib/python3.12/site-packages/airflow/example_dags/example_bash_decorator.py
[2025-08-26T04:56:14.324+0000] {processor.py:840} INFO - DAG(s) 'example_bash_decorator' retrieved from /home/airflow/.local/lib/python3.12/site-packages/airflow/example_dags/example_bash_decorator.py
[2025-08-26T04:56:14.558+0000] {logging_mixin.py:188} INFO - [2025-08-26T04:56:14.557+0000] {dag.py:3096} INFO - Sync 1 DAGs
[2025-08-26T04:56:14.709+0000] {logging_mixin.py:188} INFO - [2025-08-26T04:56:14.708+0000] {dag.py:3954} INFO - Setting next_dagrun for example_bash_decorator to None, run_after=None
[2025-08-26T04:56:14.896+0000] {processor.py:183} INFO - Processing /home/airflow/.local/lib/python3.12/site-packages/airflow/example_dags/example_bash_decorator.py took 0.767 seconds
[2025-08-26T04:56:48.005+0000] {processor.py:161} INFO - Started process (PID=3537) to work on /home/airflow/.local/lib/python3.12/site-packages/airflow/example_dags/example_bash_decorator.py
[2025-08-26T04:56:48.012+0000] {processor.py:830} INFO - Processing file /home/airflow/.local/lib/python3.12/site-packages/airflow/example_dags/example_bash_decorator.py for tasks to queue
[2025-08-26T04:56:48.024+0000] {logging_mixin.py:188} INFO - [2025-08-26T04:56:48.021+0000] {dagbag.py:545} INFO - Filling up the DagBag from /home/airflow/.local/lib/python3.12/site-packages/airflow/example_dags/example_bash_decorator.py
[2025-08-26T04:56:48.187+0000] {processor.py:840} INFO - DAG(s) 'example_bash_decorator' retrieved from /home/airflow/.local/lib/python3.12/site-packages/airflow/example_dags/example_bash_decorator.py
[2025-08-26T04:56:48.346+0000] {logging_mixin.py:188} INFO - [2025-08-26T04:56:48.345+0000] {dag.py:3096} INFO - Sync 1 DAGs
[2025-08-26T04:56:48.485+0000] {logging_mixin.py:188} INFO - [2025-08-26T04:56:48.483+0000] {dag.py:3954} INFO - Setting next_dagrun for example_bash_decorator to None, run_after=None
[2025-08-26T04:56:48.814+0000] {processor.py:183} INFO - Processing /home/airflow/.local/lib/python3.12/site-packages/airflow/example_dags/example_bash_decorator.py took 0.913 seconds
[2025-08-26T04:57:23.359+0000] {processor.py:161} INFO - Started process (PID=3792) to work on /home/airflow/.local/lib/python3.12/site-packages/airflow/example_dags/example_bash_decorator.py
[2025-08-26T04:57:23.374+0000] {processor.py:830} INFO - Processing file /home/airflow/.local/lib/python3.12/site-packages/airflow/example_dags/example_bash_decorator.py for tasks to queue
[2025-08-26T04:57:23.393+0000] {logging_mixin.py:188} INFO - [2025-08-26T04:57:23.392+0000] {dagbag.py:545} INFO - Filling up the DagBag from /home/airflow/.local/lib/python3.12/site-packages/airflow/example_dags/example_bash_decorator.py
[2025-08-26T04:57:23.644+0000] {processor.py:840} INFO - DAG(s) 'example_bash_decorator' retrieved from /home/airflow/.local/lib/python3.12/site-packages/airflow/example_dags/example_bash_decorator.py
[2025-08-26T04:57:23.796+0000] {logging_mixin.py:188} INFO - [2025-08-26T04:57:23.795+0000] {dag.py:3096} INFO - Sync 1 DAGs
[2025-08-26T04:57:23.937+0000] {logging_mixin.py:188} INFO - [2025-08-26T04:57:23.936+0000] {dag.py:3954} INFO - Setting next_dagrun for example_bash_decorator to None, run_after=None
[2025-08-26T04:57:24.761+0000] {processor.py:183} INFO - Processing /home/airflow/.local/lib/python3.12/site-packages/airflow/example_dags/example_bash_decorator.py took 1.438 seconds
[2025-08-26T05:35:15.557+0000] {processor.py:161} INFO - Started process (PID=4122) to work on /home/airflow/.local/lib/python3.12/site-packages/airflow/example_dags/example_bash_decorator.py
[2025-08-26T05:35:15.603+0000] {processor.py:830} INFO - Processing file /home/airflow/.local/lib/python3.12/site-packages/airflow/example_dags/example_bash_decorator.py for tasks to queue
[2025-08-26T05:35:15.625+0000] {logging_mixin.py:188} INFO - [2025-08-26T05:35:15.623+0000] {dagbag.py:545} INFO - Filling up the DagBag from /home/airflow/.local/lib/python3.12/site-packages/airflow/example_dags/example_bash_decorator.py
[2025-08-26T05:35:15.881+0000] {processor.py:840} INFO - DAG(s) 'example_bash_decorator' retrieved from /home/airflow/.local/lib/python3.12/site-packages/airflow/example_dags/example_bash_decorator.py
[2025-08-26T05:35:16.097+0000] {logging_mixin.py:188} INFO - [2025-08-26T05:35:16.096+0000] {dag.py:3096} INFO - Sync 1 DAGs
[2025-08-26T05:35:16.200+0000] {logging_mixin.py:188} INFO - [2025-08-26T05:35:16.200+0000] {dag.py:3954} INFO - Setting next_dagrun for example_bash_decorator to None, run_after=None
[2025-08-26T05:35:16.425+0000] {processor.py:183} INFO - Processing /home/airflow/.local/lib/python3.12/site-packages/airflow/example_dags/example_bash_decorator.py took 0.992 seconds
[2025-08-26T05:42:02.013+0000] {processor.py:161} INFO - Started process (PID=4286) to work on /home/airflow/.local/lib/python3.12/site-packages/airflow/example_dags/example_bash_decorator.py
[2025-08-26T05:42:02.017+0000] {processor.py:830} INFO - Processing file /home/airflow/.local/lib/python3.12/site-packages/airflow/example_dags/example_bash_decorator.py for tasks to queue
[2025-08-26T05:42:02.032+0000] {logging_mixin.py:188} INFO - [2025-08-26T05:42:02.031+0000] {dagbag.py:545} INFO - Filling up the DagBag from /home/airflow/.local/lib/python3.12/site-packages/airflow/example_dags/example_bash_decorator.py
[2025-08-26T05:42:02.222+0000] {processor.py:840} INFO - DAG(s) 'example_bash_decorator' retrieved from /home/airflow/.local/lib/python3.12/site-packages/airflow/example_dags/example_bash_decorator.py
[2025-08-26T05:42:02.469+0000] {logging_mixin.py:188} INFO - [2025-08-26T05:42:02.469+0000] {dag.py:3096} INFO - Sync 1 DAGs
[2025-08-26T05:42:02.630+0000] {logging_mixin.py:188} INFO - [2025-08-26T05:42:02.629+0000] {dag.py:3954} INFO - Setting next_dagrun for example_bash_decorator to None, run_after=None
[2025-08-26T05:42:02.950+0000] {processor.py:183} INFO - Processing /home/airflow/.local/lib/python3.12/site-packages/airflow/example_dags/example_bash_decorator.py took 1.028 seconds
[2025-08-26T05:42:52.134+0000] {processor.py:161} INFO - Started process (PID=4497) to work on /home/airflow/.local/lib/python3.12/site-packages/airflow/example_dags/example_bash_decorator.py
[2025-08-26T05:42:52.161+0000] {processor.py:830} INFO - Processing file /home/airflow/.local/lib/python3.12/site-packages/airflow/example_dags/example_bash_decorator.py for tasks to queue
[2025-08-26T05:42:52.166+0000] {logging_mixin.py:188} INFO - [2025-08-26T05:42:52.165+0000] {dagbag.py:545} INFO - Filling up the DagBag from /home/airflow/.local/lib/python3.12/site-packages/airflow/example_dags/example_bash_decorator.py
[2025-08-26T05:42:52.301+0000] {processor.py:840} INFO - DAG(s) 'example_bash_decorator' retrieved from /home/airflow/.local/lib/python3.12/site-packages/airflow/example_dags/example_bash_decorator.py
[2025-08-26T05:42:52.780+0000] {logging_mixin.py:188} INFO - [2025-08-26T05:42:52.780+0000] {dag.py:3096} INFO - Sync 1 DAGs
[2025-08-26T05:42:53.060+0000] {logging_mixin.py:188} INFO - [2025-08-26T05:42:53.060+0000] {dag.py:3954} INFO - Setting next_dagrun for example_bash_decorator to None, run_after=None
[2025-08-26T05:42:53.395+0000] {processor.py:183} INFO - Processing /home/airflow/.local/lib/python3.12/site-packages/airflow/example_dags/example_bash_decorator.py took 1.350 seconds
[2025-08-26T05:43:49.807+0000] {processor.py:161} INFO - Started process (PID=4764) to work on /home/airflow/.local/lib/python3.12/site-packages/airflow/example_dags/example_bash_decorator.py
[2025-08-26T05:43:49.821+0000] {processor.py:830} INFO - Processing file /home/airflow/.local/lib/python3.12/site-packages/airflow/example_dags/example_bash_decorator.py for tasks to queue
[2025-08-26T05:43:49.837+0000] {logging_mixin.py:188} INFO - [2025-08-26T05:43:49.836+0000] {dagbag.py:545} INFO - Filling up the DagBag from /home/airflow/.local/lib/python3.12/site-packages/airflow/example_dags/example_bash_decorator.py
[2025-08-26T05:43:49.977+0000] {processor.py:840} INFO - DAG(s) 'example_bash_decorator' retrieved from /home/airflow/.local/lib/python3.12/site-packages/airflow/example_dags/example_bash_decorator.py
[2025-08-26T05:43:50.280+0000] {logging_mixin.py:188} INFO - [2025-08-26T05:43:50.279+0000] {dag.py:3096} INFO - Sync 1 DAGs
[2025-08-26T05:43:50.391+0000] {logging_mixin.py:188} INFO - [2025-08-26T05:43:50.391+0000] {dag.py:3954} INFO - Setting next_dagrun for example_bash_decorator to None, run_after=None
[2025-08-26T05:43:50.544+0000] {processor.py:183} INFO - Processing /home/airflow/.local/lib/python3.12/site-packages/airflow/example_dags/example_bash_decorator.py took 0.804 seconds
[2025-08-26T05:44:22.626+0000] {processor.py:161} INFO - Started process (PID=5011) to work on /home/airflow/.local/lib/python3.12/site-packages/airflow/example_dags/example_bash_decorator.py
[2025-08-26T05:44:22.630+0000] {processor.py:830} INFO - Processing file /home/airflow/.local/lib/python3.12/site-packages/airflow/example_dags/example_bash_decorator.py for tasks to queue
[2025-08-26T05:44:22.637+0000] {logging_mixin.py:188} INFO - [2025-08-26T05:44:22.636+0000] {dagbag.py:545} INFO - Filling up the DagBag from /home/airflow/.local/lib/python3.12/site-packages/airflow/example_dags/example_bash_decorator.py
[2025-08-26T05:44:22.745+0000] {processor.py:840} INFO - DAG(s) 'example_bash_decorator' retrieved from /home/airflow/.local/lib/python3.12/site-packages/airflow/example_dags/example_bash_decorator.py
[2025-08-26T05:44:22.997+0000] {logging_mixin.py:188} INFO - [2025-08-26T05:44:22.997+0000] {dag.py:3096} INFO - Sync 1 DAGs
[2025-08-26T05:44:23.130+0000] {logging_mixin.py:188} INFO - [2025-08-26T05:44:23.129+0000] {dag.py:3954} INFO - Setting next_dagrun for example_bash_decorator to None, run_after=None
[2025-08-26T05:44:23.383+0000] {processor.py:183} INFO - Processing /home/airflow/.local/lib/python3.12/site-packages/airflow/example_dags/example_bash_decorator.py took 0.803 seconds
[2025-08-26T05:44:58.304+0000] {processor.py:161} INFO - Started process (PID=5264) to work on /home/airflow/.local/lib/python3.12/site-packages/airflow/example_dags/example_bash_decorator.py
[2025-08-26T05:44:58.307+0000] {processor.py:830} INFO - Processing file /home/airflow/.local/lib/python3.12/site-packages/airflow/example_dags/example_bash_decorator.py for tasks to queue
[2025-08-26T05:44:58.315+0000] {logging_mixin.py:188} INFO - [2025-08-26T05:44:58.314+0000] {dagbag.py:545} INFO - Filling up the DagBag from /home/airflow/.local/lib/python3.12/site-packages/airflow/example_dags/example_bash_decorator.py
[2025-08-26T05:44:58.435+0000] {processor.py:840} INFO - DAG(s) 'example_bash_decorator' retrieved from /home/airflow/.local/lib/python3.12/site-packages/airflow/example_dags/example_bash_decorator.py
[2025-08-26T05:44:58.687+0000] {logging_mixin.py:188} INFO - [2025-08-26T05:44:58.674+0000] {dag.py:3096} INFO - Sync 1 DAGs
[2025-08-26T05:44:58.855+0000] {logging_mixin.py:188} INFO - [2025-08-26T05:44:58.842+0000] {dag.py:3954} INFO - Setting next_dagrun for example_bash_decorator to None, run_after=None
[2025-08-26T05:44:59.074+0000] {processor.py:183} INFO - Processing /home/airflow/.local/lib/python3.12/site-packages/airflow/example_dags/example_bash_decorator.py took 0.816 seconds
[2025-08-26T05:45:32.506+0000] {processor.py:161} INFO - Started process (PID=5525) to work on /home/airflow/.local/lib/python3.12/site-packages/airflow/example_dags/example_bash_decorator.py
[2025-08-26T05:45:32.512+0000] {processor.py:830} INFO - Processing file /home/airflow/.local/lib/python3.12/site-packages/airflow/example_dags/example_bash_decorator.py for tasks to queue
[2025-08-26T05:45:32.529+0000] {logging_mixin.py:188} INFO - [2025-08-26T05:45:32.528+0000] {dagbag.py:545} INFO - Filling up the DagBag from /home/airflow/.local/lib/python3.12/site-packages/airflow/example_dags/example_bash_decorator.py
[2025-08-26T05:45:32.693+0000] {processor.py:840} INFO - DAG(s) 'example_bash_decorator' retrieved from /home/airflow/.local/lib/python3.12/site-packages/airflow/example_dags/example_bash_decorator.py
[2025-08-26T05:45:32.844+0000] {logging_mixin.py:188} INFO - [2025-08-26T05:45:32.844+0000] {dag.py:3096} INFO - Sync 1 DAGs
[2025-08-26T05:45:32.927+0000] {logging_mixin.py:188} INFO - [2025-08-26T05:45:32.926+0000] {dag.py:3954} INFO - Setting next_dagrun for example_bash_decorator to None, run_after=None
[2025-08-26T05:45:33.074+0000] {processor.py:183} INFO - Processing /home/airflow/.local/lib/python3.12/site-packages/airflow/example_dags/example_bash_decorator.py took 0.641 seconds
[2025-08-26T05:46:05.256+0000] {processor.py:161} INFO - Started process (PID=5789) to work on /home/airflow/.local/lib/python3.12/site-packages/airflow/example_dags/example_bash_decorator.py
[2025-08-26T05:46:05.260+0000] {processor.py:830} INFO - Processing file /home/airflow/.local/lib/python3.12/site-packages/airflow/example_dags/example_bash_decorator.py for tasks to queue
[2025-08-26T05:46:05.269+0000] {logging_mixin.py:188} INFO - [2025-08-26T05:46:05.268+0000] {dagbag.py:545} INFO - Filling up the DagBag from /home/airflow/.local/lib/python3.12/site-packages/airflow/example_dags/example_bash_decorator.py
[2025-08-26T05:46:05.504+0000] {processor.py:840} INFO - DAG(s) 'example_bash_decorator' retrieved from /home/airflow/.local/lib/python3.12/site-packages/airflow/example_dags/example_bash_decorator.py
[2025-08-26T05:46:05.906+0000] {logging_mixin.py:188} INFO - [2025-08-26T05:46:05.900+0000] {dag.py:3096} INFO - Sync 1 DAGs
[2025-08-26T05:46:05.992+0000] {logging_mixin.py:188} INFO - [2025-08-26T05:46:05.991+0000] {dag.py:3954} INFO - Setting next_dagrun for example_bash_decorator to None, run_after=None
[2025-08-26T05:46:06.095+0000] {processor.py:183} INFO - Processing /home/airflow/.local/lib/python3.12/site-packages/airflow/example_dags/example_bash_decorator.py took 0.901 seconds
[2025-08-26T05:46:36.783+0000] {processor.py:161} INFO - Started process (PID=6056) to work on /home/airflow/.local/lib/python3.12/site-packages/airflow/example_dags/example_bash_decorator.py
[2025-08-26T05:46:36.797+0000] {processor.py:830} INFO - Processing file /home/airflow/.local/lib/python3.12/site-packages/airflow/example_dags/example_bash_decorator.py for tasks to queue
[2025-08-26T05:46:36.801+0000] {logging_mixin.py:188} INFO - [2025-08-26T05:46:36.800+0000] {dagbag.py:545} INFO - Filling up the DagBag from /home/airflow/.local/lib/python3.12/site-packages/airflow/example_dags/example_bash_decorator.py
[2025-08-26T05:46:36.971+0000] {processor.py:840} INFO - DAG(s) 'example_bash_decorator' retrieved from /home/airflow/.local/lib/python3.12/site-packages/airflow/example_dags/example_bash_decorator.py
[2025-08-26T05:46:37.117+0000] {logging_mixin.py:188} INFO - [2025-08-26T05:46:37.115+0000] {dag.py:3096} INFO - Sync 1 DAGs
[2025-08-26T05:46:37.210+0000] {logging_mixin.py:188} INFO - [2025-08-26T05:46:37.209+0000] {dag.py:3954} INFO - Setting next_dagrun for example_bash_decorator to None, run_after=None
[2025-08-26T05:46:37.362+0000] {processor.py:183} INFO - Processing /home/airflow/.local/lib/python3.12/site-packages/airflow/example_dags/example_bash_decorator.py took 0.626 seconds
[2025-08-26T05:47:10.022+0000] {processor.py:161} INFO - Started process (PID=6312) to work on /home/airflow/.local/lib/python3.12/site-packages/airflow/example_dags/example_bash_decorator.py
[2025-08-26T05:47:10.034+0000] {processor.py:830} INFO - Processing file /home/airflow/.local/lib/python3.12/site-packages/airflow/example_dags/example_bash_decorator.py for tasks to queue
[2025-08-26T05:47:10.040+0000] {logging_mixin.py:188} INFO - [2025-08-26T05:47:10.038+0000] {dagbag.py:545} INFO - Filling up the DagBag from /home/airflow/.local/lib/python3.12/site-packages/airflow/example_dags/example_bash_decorator.py
[2025-08-26T05:47:10.140+0000] {processor.py:840} INFO - DAG(s) 'example_bash_decorator' retrieved from /home/airflow/.local/lib/python3.12/site-packages/airflow/example_dags/example_bash_decorator.py
[2025-08-26T05:47:10.436+0000] {logging_mixin.py:188} INFO - [2025-08-26T05:47:10.431+0000] {dag.py:3096} INFO - Sync 1 DAGs
[2025-08-26T05:47:10.619+0000] {logging_mixin.py:188} INFO - [2025-08-26T05:47:10.618+0000] {dag.py:3954} INFO - Setting next_dagrun for example_bash_decorator to None, run_after=None
[2025-08-26T05:47:10.965+0000] {processor.py:183} INFO - Processing /home/airflow/.local/lib/python3.12/site-packages/airflow/example_dags/example_bash_decorator.py took 1.043 seconds
[2025-08-26T05:47:44.587+0000] {processor.py:161} INFO - Started process (PID=6564) to work on /home/airflow/.local/lib/python3.12/site-packages/airflow/example_dags/example_bash_decorator.py
[2025-08-26T05:47:44.618+0000] {processor.py:830} INFO - Processing file /home/airflow/.local/lib/python3.12/site-packages/airflow/example_dags/example_bash_decorator.py for tasks to queue
[2025-08-26T05:47:44.697+0000] {logging_mixin.py:188} INFO - [2025-08-26T05:47:44.693+0000] {dagbag.py:545} INFO - Filling up the DagBag from /home/airflow/.local/lib/python3.12/site-packages/airflow/example_dags/example_bash_decorator.py
[2025-08-26T05:47:44.880+0000] {processor.py:840} INFO - DAG(s) 'example_bash_decorator' retrieved from /home/airflow/.local/lib/python3.12/site-packages/airflow/example_dags/example_bash_decorator.py
[2025-08-26T05:47:45.160+0000] {logging_mixin.py:188} INFO - [2025-08-26T05:47:45.158+0000] {dag.py:3096} INFO - Sync 1 DAGs
[2025-08-26T05:47:45.266+0000] {logging_mixin.py:188} INFO - [2025-08-26T05:47:45.265+0000] {dag.py:3954} INFO - Setting next_dagrun for example_bash_decorator to None, run_after=None
[2025-08-26T05:47:45.435+0000] {processor.py:183} INFO - Processing /home/airflow/.local/lib/python3.12/site-packages/airflow/example_dags/example_bash_decorator.py took 0.988 seconds
[2025-08-26T08:48:18.786+0000] {processor.py:161} INFO - Started process (PID=6731) to work on /home/airflow/.local/lib/python3.12/site-packages/airflow/example_dags/example_bash_decorator.py
[2025-08-26T08:48:18.792+0000] {processor.py:830} INFO - Processing file /home/airflow/.local/lib/python3.12/site-packages/airflow/example_dags/example_bash_decorator.py for tasks to queue
[2025-08-26T08:48:18.801+0000] {logging_mixin.py:188} INFO - [2025-08-26T08:48:18.794+0000] {dagbag.py:545} INFO - Filling up the DagBag from /home/airflow/.local/lib/python3.12/site-packages/airflow/example_dags/example_bash_decorator.py
[2025-08-26T08:48:18.907+0000] {processor.py:840} INFO - DAG(s) 'example_bash_decorator' retrieved from /home/airflow/.local/lib/python3.12/site-packages/airflow/example_dags/example_bash_decorator.py
[2025-08-26T08:48:36.902+0000] {logging_mixin.py:188} INFO - [2025-08-26T08:48:36.901+0000] {dag.py:3096} INFO - Sync 1 DAGs
[2025-08-27T03:38:20.998+0000] {logging_mixin.py:188} INFO - [2025-08-27T03:38:20.997+0000] {dag.py:3954} INFO - Setting next_dagrun for example_bash_decorator to None, run_after=None
[2025-08-27T03:38:21.880+0000] {processor.py:183} INFO - Processing /home/airflow/.local/lib/python3.12/site-packages/airflow/example_dags/example_bash_decorator.py took 24.357 seconds
