[2025-08-26T04:30:00.620+0000] {processor.py:161} INFO - Started process (PID=344) to work on /home/airflow/.local/lib/python3.12/site-packages/airflow/example_dags/tutorial_objectstorage.py
[2025-08-26T04:30:00.638+0000] {processor.py:830} INFO - Processing file /home/airflow/.local/lib/python3.12/site-packages/airflow/example_dags/tutorial_objectstorage.py for tasks to queue
[2025-08-26T04:30:00.654+0000] {logging_mixin.py:188} INFO - [2025-08-26T04:30:00.651+0000] {dagbag.py:545} INFO - Filling up the DagBag from /home/airflow/.local/lib/python3.12/site-packages/airflow/example_dags/tutorial_objectstorage.py
[2025-08-26T04:30:00.828+0000] {processor.py:840} INFO - DAG(s) 'tutorial_objectstorage' retrieved from /home/airflow/.local/lib/python3.12/site-packages/airflow/example_dags/tutorial_objectstorage.py
[2025-08-26T04:30:04.473+0000] {logging_mixin.py:188} INFO - [2025-08-26T04:30:04.443+0000] {override.py:1829} INFO - Created Permission View: can delete on DAG:tutorial_objectstorage
[2025-08-26T04:30:04.585+0000] {logging_mixin.py:188} INFO - [2025-08-26T04:30:04.584+0000] {override.py:1829} INFO - Created Permission View: can read on DAG:tutorial_objectstorage
[2025-08-26T04:30:04.675+0000] {logging_mixin.py:188} INFO - [2025-08-26T04:30:04.673+0000] {override.py:1829} INFO - Created Permission View: can edit on DAG:tutorial_objectstorage
[2025-08-26T04:30:04.677+0000] {logging_mixin.py:188} INFO - [2025-08-26T04:30:04.676+0000] {dag.py:3096} INFO - Sync 1 DAGs
[2025-08-26T04:30:04.847+0000] {logging_mixin.py:188} INFO - [2025-08-26T04:30:04.846+0000] {dag.py:3118} INFO - Creating ORM DAG for tutorial_objectstorage
[2025-08-26T04:30:04.850+0000] {logging_mixin.py:188} INFO - [2025-08-26T04:30:04.850+0000] {dag.py:3954} INFO - Setting next_dagrun for tutorial_objectstorage to None, run_after=None
[2025-08-26T04:30:05.046+0000] {processor.py:183} INFO - Processing /home/airflow/.local/lib/python3.12/site-packages/airflow/example_dags/tutorial_objectstorage.py took 4.513 seconds
[2025-08-26T04:31:02.613+0000] {processor.py:161} INFO - Started process (PID=615) to work on /home/airflow/.local/lib/python3.12/site-packages/airflow/example_dags/tutorial_objectstorage.py
[2025-08-26T04:31:02.616+0000] {processor.py:830} INFO - Processing file /home/airflow/.local/lib/python3.12/site-packages/airflow/example_dags/tutorial_objectstorage.py for tasks to queue
[2025-08-26T04:31:02.626+0000] {logging_mixin.py:188} INFO - [2025-08-26T04:31:02.624+0000] {dagbag.py:545} INFO - Filling up the DagBag from /home/airflow/.local/lib/python3.12/site-packages/airflow/example_dags/tutorial_objectstorage.py
[2025-08-26T04:31:02.664+0000] {processor.py:840} INFO - DAG(s) 'tutorial_objectstorage' retrieved from /home/airflow/.local/lib/python3.12/site-packages/airflow/example_dags/tutorial_objectstorage.py
[2025-08-26T04:31:02.789+0000] {logging_mixin.py:188} INFO - [2025-08-26T04:31:02.787+0000] {dag.py:3096} INFO - Sync 1 DAGs
[2025-08-26T04:31:02.932+0000] {logging_mixin.py:188} INFO - [2025-08-26T04:31:02.922+0000] {dag.py:3954} INFO - Setting next_dagrun for tutorial_objectstorage to None, run_after=None
[2025-08-26T04:31:03.140+0000] {processor.py:183} INFO - Processing /home/airflow/.local/lib/python3.12/site-packages/airflow/example_dags/tutorial_objectstorage.py took 0.560 seconds
[2025-08-26T04:31:38.300+0000] {processor.py:161} INFO - Started process (PID=877) to work on /home/airflow/.local/lib/python3.12/site-packages/airflow/example_dags/tutorial_objectstorage.py
[2025-08-26T04:31:38.314+0000] {processor.py:830} INFO - Processing file /home/airflow/.local/lib/python3.12/site-packages/airflow/example_dags/tutorial_objectstorage.py for tasks to queue
[2025-08-26T04:31:38.339+0000] {logging_mixin.py:188} INFO - [2025-08-26T04:31:38.338+0000] {dagbag.py:545} INFO - Filling up the DagBag from /home/airflow/.local/lib/python3.12/site-packages/airflow/example_dags/tutorial_objectstorage.py
[2025-08-26T04:31:38.475+0000] {processor.py:840} INFO - DAG(s) 'tutorial_objectstorage' retrieved from /home/airflow/.local/lib/python3.12/site-packages/airflow/example_dags/tutorial_objectstorage.py
[2025-08-26T04:31:38.772+0000] {logging_mixin.py:188} INFO - [2025-08-26T04:31:38.770+0000] {dag.py:3096} INFO - Sync 1 DAGs
[2025-08-26T04:31:38.869+0000] {logging_mixin.py:188} INFO - [2025-08-26T04:31:38.867+0000] {dag.py:3954} INFO - Setting next_dagrun for tutorial_objectstorage to None, run_after=None
[2025-08-26T04:31:39.026+0000] {processor.py:183} INFO - Processing /home/airflow/.local/lib/python3.12/site-packages/airflow/example_dags/tutorial_objectstorage.py took 0.800 seconds
[2025-08-26T04:32:13.642+0000] {processor.py:161} INFO - Started process (PID=1136) to work on /home/airflow/.local/lib/python3.12/site-packages/airflow/example_dags/tutorial_objectstorage.py
[2025-08-26T04:32:13.651+0000] {processor.py:830} INFO - Processing file /home/airflow/.local/lib/python3.12/site-packages/airflow/example_dags/tutorial_objectstorage.py for tasks to queue
[2025-08-26T04:32:13.679+0000] {logging_mixin.py:188} INFO - [2025-08-26T04:32:13.676+0000] {dagbag.py:545} INFO - Filling up the DagBag from /home/airflow/.local/lib/python3.12/site-packages/airflow/example_dags/tutorial_objectstorage.py
[2025-08-26T04:32:13.762+0000] {processor.py:840} INFO - DAG(s) 'tutorial_objectstorage' retrieved from /home/airflow/.local/lib/python3.12/site-packages/airflow/example_dags/tutorial_objectstorage.py
[2025-08-26T04:32:13.931+0000] {logging_mixin.py:188} INFO - [2025-08-26T04:32:13.930+0000] {dag.py:3096} INFO - Sync 1 DAGs
[2025-08-26T04:32:14.020+0000] {logging_mixin.py:188} INFO - [2025-08-26T04:32:14.020+0000] {dag.py:3954} INFO - Setting next_dagrun for tutorial_objectstorage to None, run_after=None
[2025-08-26T04:32:14.100+0000] {processor.py:183} INFO - Processing /home/airflow/.local/lib/python3.12/site-packages/airflow/example_dags/tutorial_objectstorage.py took 0.525 seconds
[2025-08-26T04:32:54.245+0000] {processor.py:161} INFO - Started process (PID=1398) to work on /home/airflow/.local/lib/python3.12/site-packages/airflow/example_dags/tutorial_objectstorage.py
[2025-08-26T04:32:54.257+0000] {processor.py:830} INFO - Processing file /home/airflow/.local/lib/python3.12/site-packages/airflow/example_dags/tutorial_objectstorage.py for tasks to queue
[2025-08-26T04:32:54.279+0000] {logging_mixin.py:188} INFO - [2025-08-26T04:32:54.277+0000] {dagbag.py:545} INFO - Filling up the DagBag from /home/airflow/.local/lib/python3.12/site-packages/airflow/example_dags/tutorial_objectstorage.py
[2025-08-26T04:32:54.338+0000] {processor.py:840} INFO - DAG(s) 'tutorial_objectstorage' retrieved from /home/airflow/.local/lib/python3.12/site-packages/airflow/example_dags/tutorial_objectstorage.py
[2025-08-26T04:32:54.591+0000] {logging_mixin.py:188} INFO - [2025-08-26T04:32:54.590+0000] {dag.py:3096} INFO - Sync 1 DAGs
[2025-08-26T04:32:54.851+0000] {logging_mixin.py:188} INFO - [2025-08-26T04:32:54.850+0000] {dag.py:3954} INFO - Setting next_dagrun for tutorial_objectstorage to None, run_after=None
[2025-08-26T04:32:55.058+0000] {processor.py:183} INFO - Processing /home/airflow/.local/lib/python3.12/site-packages/airflow/example_dags/tutorial_objectstorage.py took 0.868 seconds
[2025-08-26T04:33:26.070+0000] {processor.py:161} INFO - Started process (PID=1666) to work on /home/airflow/.local/lib/python3.12/site-packages/airflow/example_dags/tutorial_objectstorage.py
[2025-08-26T04:33:26.084+0000] {processor.py:830} INFO - Processing file /home/airflow/.local/lib/python3.12/site-packages/airflow/example_dags/tutorial_objectstorage.py for tasks to queue
[2025-08-26T04:33:26.104+0000] {logging_mixin.py:188} INFO - [2025-08-26T04:33:26.102+0000] {dagbag.py:545} INFO - Filling up the DagBag from /home/airflow/.local/lib/python3.12/site-packages/airflow/example_dags/tutorial_objectstorage.py
[2025-08-26T04:33:26.233+0000] {processor.py:840} INFO - DAG(s) 'tutorial_objectstorage' retrieved from /home/airflow/.local/lib/python3.12/site-packages/airflow/example_dags/tutorial_objectstorage.py
[2025-08-26T04:33:26.426+0000] {logging_mixin.py:188} INFO - [2025-08-26T04:33:26.425+0000] {dag.py:3096} INFO - Sync 1 DAGs
[2025-08-26T04:33:26.633+0000] {logging_mixin.py:188} INFO - [2025-08-26T04:33:26.632+0000] {dag.py:3954} INFO - Setting next_dagrun for tutorial_objectstorage to None, run_after=None
[2025-08-26T04:33:26.754+0000] {processor.py:183} INFO - Processing /home/airflow/.local/lib/python3.12/site-packages/airflow/example_dags/tutorial_objectstorage.py took 0.737 seconds
[2025-08-26T04:33:57.157+0000] {processor.py:161} INFO - Started process (PID=1928) to work on /home/airflow/.local/lib/python3.12/site-packages/airflow/example_dags/tutorial_objectstorage.py
[2025-08-26T04:33:57.173+0000] {processor.py:830} INFO - Processing file /home/airflow/.local/lib/python3.12/site-packages/airflow/example_dags/tutorial_objectstorage.py for tasks to queue
[2025-08-26T04:33:57.184+0000] {logging_mixin.py:188} INFO - [2025-08-26T04:33:57.183+0000] {dagbag.py:545} INFO - Filling up the DagBag from /home/airflow/.local/lib/python3.12/site-packages/airflow/example_dags/tutorial_objectstorage.py
[2025-08-26T04:33:57.243+0000] {processor.py:840} INFO - DAG(s) 'tutorial_objectstorage' retrieved from /home/airflow/.local/lib/python3.12/site-packages/airflow/example_dags/tutorial_objectstorage.py
[2025-08-26T04:33:57.347+0000] {logging_mixin.py:188} INFO - [2025-08-26T04:33:57.346+0000] {dag.py:3096} INFO - Sync 1 DAGs
[2025-08-26T04:33:57.501+0000] {logging_mixin.py:188} INFO - [2025-08-26T04:33:57.499+0000] {dag.py:3954} INFO - Setting next_dagrun for tutorial_objectstorage to None, run_after=None
[2025-08-26T04:33:57.647+0000] {processor.py:183} INFO - Processing /home/airflow/.local/lib/python3.12/site-packages/airflow/example_dags/tutorial_objectstorage.py took 0.621 seconds
[2025-08-26T04:34:28.179+0000] {processor.py:161} INFO - Started process (PID=2190) to work on /home/airflow/.local/lib/python3.12/site-packages/airflow/example_dags/tutorial_objectstorage.py
[2025-08-26T04:34:28.184+0000] {processor.py:830} INFO - Processing file /home/airflow/.local/lib/python3.12/site-packages/airflow/example_dags/tutorial_objectstorage.py for tasks to queue
[2025-08-26T04:34:28.201+0000] {logging_mixin.py:188} INFO - [2025-08-26T04:34:28.200+0000] {dagbag.py:545} INFO - Filling up the DagBag from /home/airflow/.local/lib/python3.12/site-packages/airflow/example_dags/tutorial_objectstorage.py
[2025-08-26T04:34:28.329+0000] {processor.py:840} INFO - DAG(s) 'tutorial_objectstorage' retrieved from /home/airflow/.local/lib/python3.12/site-packages/airflow/example_dags/tutorial_objectstorage.py
[2025-08-26T04:34:28.488+0000] {logging_mixin.py:188} INFO - [2025-08-26T04:34:28.487+0000] {dag.py:3096} INFO - Sync 1 DAGs
[2025-08-26T04:34:28.622+0000] {logging_mixin.py:188} INFO - [2025-08-26T04:34:28.620+0000] {dag.py:3954} INFO - Setting next_dagrun for tutorial_objectstorage to None, run_after=None
[2025-08-26T04:34:28.760+0000] {processor.py:183} INFO - Processing /home/airflow/.local/lib/python3.12/site-packages/airflow/example_dags/tutorial_objectstorage.py took 0.630 seconds
[2025-08-26T04:34:59.089+0000] {processor.py:161} INFO - Started process (PID=2448) to work on /home/airflow/.local/lib/python3.12/site-packages/airflow/example_dags/tutorial_objectstorage.py
[2025-08-26T04:34:59.092+0000] {processor.py:830} INFO - Processing file /home/airflow/.local/lib/python3.12/site-packages/airflow/example_dags/tutorial_objectstorage.py for tasks to queue
[2025-08-26T04:34:59.099+0000] {logging_mixin.py:188} INFO - [2025-08-26T04:34:59.098+0000] {dagbag.py:545} INFO - Filling up the DagBag from /home/airflow/.local/lib/python3.12/site-packages/airflow/example_dags/tutorial_objectstorage.py
[2025-08-26T04:34:59.123+0000] {processor.py:840} INFO - DAG(s) 'tutorial_objectstorage' retrieved from /home/airflow/.local/lib/python3.12/site-packages/airflow/example_dags/tutorial_objectstorage.py
[2025-08-26T04:34:59.187+0000] {logging_mixin.py:188} INFO - [2025-08-26T04:34:59.186+0000] {dag.py:3096} INFO - Sync 1 DAGs
[2025-08-26T04:34:59.232+0000] {logging_mixin.py:188} INFO - [2025-08-26T04:34:59.232+0000] {dag.py:3954} INFO - Setting next_dagrun for tutorial_objectstorage to None, run_after=None
[2025-08-26T04:34:59.286+0000] {processor.py:183} INFO - Processing /home/airflow/.local/lib/python3.12/site-packages/airflow/example_dags/tutorial_objectstorage.py took 0.220 seconds
[2025-08-26T04:35:31.096+0000] {processor.py:161} INFO - Started process (PID=2702) to work on /home/airflow/.local/lib/python3.12/site-packages/airflow/example_dags/tutorial_objectstorage.py
[2025-08-26T04:35:31.101+0000] {processor.py:830} INFO - Processing file /home/airflow/.local/lib/python3.12/site-packages/airflow/example_dags/tutorial_objectstorage.py for tasks to queue
[2025-08-26T04:35:31.138+0000] {logging_mixin.py:188} INFO - [2025-08-26T04:35:31.131+0000] {dagbag.py:545} INFO - Filling up the DagBag from /home/airflow/.local/lib/python3.12/site-packages/airflow/example_dags/tutorial_objectstorage.py
[2025-08-26T04:35:31.204+0000] {processor.py:840} INFO - DAG(s) 'tutorial_objectstorage' retrieved from /home/airflow/.local/lib/python3.12/site-packages/airflow/example_dags/tutorial_objectstorage.py
[2025-08-26T04:35:31.340+0000] {logging_mixin.py:188} INFO - [2025-08-26T04:35:31.338+0000] {dag.py:3096} INFO - Sync 1 DAGs
[2025-08-26T04:35:31.504+0000] {logging_mixin.py:188} INFO - [2025-08-26T04:35:31.503+0000] {dag.py:3954} INFO - Setting next_dagrun for tutorial_objectstorage to None, run_after=None
[2025-08-26T04:35:31.800+0000] {processor.py:183} INFO - Processing /home/airflow/.local/lib/python3.12/site-packages/airflow/example_dags/tutorial_objectstorage.py took 0.776 seconds
[2025-08-26T04:36:02.885+0000] {processor.py:161} INFO - Started process (PID=2966) to work on /home/airflow/.local/lib/python3.12/site-packages/airflow/example_dags/tutorial_objectstorage.py
[2025-08-26T04:36:02.890+0000] {processor.py:830} INFO - Processing file /home/airflow/.local/lib/python3.12/site-packages/airflow/example_dags/tutorial_objectstorage.py for tasks to queue
[2025-08-26T04:36:02.901+0000] {logging_mixin.py:188} INFO - [2025-08-26T04:36:02.899+0000] {dagbag.py:545} INFO - Filling up the DagBag from /home/airflow/.local/lib/python3.12/site-packages/airflow/example_dags/tutorial_objectstorage.py
[2025-08-26T04:36:02.937+0000] {processor.py:840} INFO - DAG(s) 'tutorial_objectstorage' retrieved from /home/airflow/.local/lib/python3.12/site-packages/airflow/example_dags/tutorial_objectstorage.py
[2025-08-26T04:36:03.056+0000] {logging_mixin.py:188} INFO - [2025-08-26T04:36:03.055+0000] {dag.py:3096} INFO - Sync 1 DAGs
[2025-08-26T04:36:03.132+0000] {logging_mixin.py:188} INFO - [2025-08-26T04:36:03.131+0000] {dag.py:3954} INFO - Setting next_dagrun for tutorial_objectstorage to None, run_after=None
[2025-08-26T04:36:03.224+0000] {processor.py:183} INFO - Processing /home/airflow/.local/lib/python3.12/site-packages/airflow/example_dags/tutorial_objectstorage.py took 0.392 seconds
[2025-08-26T04:36:34.047+0000] {processor.py:161} INFO - Started process (PID=3227) to work on /home/airflow/.local/lib/python3.12/site-packages/airflow/example_dags/tutorial_objectstorage.py
[2025-08-26T04:36:34.064+0000] {processor.py:830} INFO - Processing file /home/airflow/.local/lib/python3.12/site-packages/airflow/example_dags/tutorial_objectstorage.py for tasks to queue
[2025-08-26T04:36:34.100+0000] {logging_mixin.py:188} INFO - [2025-08-26T04:36:34.098+0000] {dagbag.py:545} INFO - Filling up the DagBag from /home/airflow/.local/lib/python3.12/site-packages/airflow/example_dags/tutorial_objectstorage.py
[2025-08-26T04:36:34.161+0000] {processor.py:840} INFO - DAG(s) 'tutorial_objectstorage' retrieved from /home/airflow/.local/lib/python3.12/site-packages/airflow/example_dags/tutorial_objectstorage.py
[2025-08-26T04:36:34.250+0000] {logging_mixin.py:188} INFO - [2025-08-26T04:36:34.249+0000] {dag.py:3096} INFO - Sync 1 DAGs
[2025-08-26T04:36:34.301+0000] {logging_mixin.py:188} INFO - [2025-08-26T04:36:34.301+0000] {dag.py:3954} INFO - Setting next_dagrun for tutorial_objectstorage to None, run_after=None
[2025-08-26T04:36:34.378+0000] {processor.py:183} INFO - Processing /home/airflow/.local/lib/python3.12/site-packages/airflow/example_dags/tutorial_objectstorage.py took 0.429 seconds
[2025-08-26T04:37:04.781+0000] {processor.py:161} INFO - Started process (PID=3489) to work on /home/airflow/.local/lib/python3.12/site-packages/airflow/example_dags/tutorial_objectstorage.py
[2025-08-26T04:37:04.786+0000] {processor.py:830} INFO - Processing file /home/airflow/.local/lib/python3.12/site-packages/airflow/example_dags/tutorial_objectstorage.py for tasks to queue
[2025-08-26T04:37:04.795+0000] {logging_mixin.py:188} INFO - [2025-08-26T04:37:04.794+0000] {dagbag.py:545} INFO - Filling up the DagBag from /home/airflow/.local/lib/python3.12/site-packages/airflow/example_dags/tutorial_objectstorage.py
[2025-08-26T04:37:04.825+0000] {processor.py:840} INFO - DAG(s) 'tutorial_objectstorage' retrieved from /home/airflow/.local/lib/python3.12/site-packages/airflow/example_dags/tutorial_objectstorage.py
[2025-08-26T04:37:05.037+0000] {logging_mixin.py:188} INFO - [2025-08-26T04:37:05.036+0000] {dag.py:3096} INFO - Sync 1 DAGs
[2025-08-26T04:37:05.110+0000] {logging_mixin.py:188} INFO - [2025-08-26T04:37:05.109+0000] {dag.py:3954} INFO - Setting next_dagrun for tutorial_objectstorage to None, run_after=None
[2025-08-26T04:37:05.270+0000] {processor.py:183} INFO - Processing /home/airflow/.local/lib/python3.12/site-packages/airflow/example_dags/tutorial_objectstorage.py took 0.516 seconds
[2025-08-26T04:37:38.613+0000] {processor.py:161} INFO - Started process (PID=3755) to work on /home/airflow/.local/lib/python3.12/site-packages/airflow/example_dags/tutorial_objectstorage.py
[2025-08-26T04:37:38.627+0000] {processor.py:830} INFO - Processing file /home/airflow/.local/lib/python3.12/site-packages/airflow/example_dags/tutorial_objectstorage.py for tasks to queue
[2025-08-26T04:37:38.641+0000] {logging_mixin.py:188} INFO - [2025-08-26T04:37:38.636+0000] {dagbag.py:545} INFO - Filling up the DagBag from /home/airflow/.local/lib/python3.12/site-packages/airflow/example_dags/tutorial_objectstorage.py
[2025-08-26T04:37:38.688+0000] {processor.py:840} INFO - DAG(s) 'tutorial_objectstorage' retrieved from /home/airflow/.local/lib/python3.12/site-packages/airflow/example_dags/tutorial_objectstorage.py
[2025-08-26T04:37:38.844+0000] {logging_mixin.py:188} INFO - [2025-08-26T04:37:38.843+0000] {dag.py:3096} INFO - Sync 1 DAGs
[2025-08-26T04:37:39.075+0000] {logging_mixin.py:188} INFO - [2025-08-26T04:37:39.075+0000] {dag.py:3954} INFO - Setting next_dagrun for tutorial_objectstorage to None, run_after=None
[2025-08-26T04:37:39.181+0000] {processor.py:183} INFO - Processing /home/airflow/.local/lib/python3.12/site-packages/airflow/example_dags/tutorial_objectstorage.py took 0.620 seconds
[2025-08-26T04:38:11.626+0000] {processor.py:161} INFO - Started process (PID=4022) to work on /home/airflow/.local/lib/python3.12/site-packages/airflow/example_dags/tutorial_objectstorage.py
[2025-08-26T04:38:11.646+0000] {processor.py:830} INFO - Processing file /home/airflow/.local/lib/python3.12/site-packages/airflow/example_dags/tutorial_objectstorage.py for tasks to queue
[2025-08-26T04:38:11.681+0000] {logging_mixin.py:188} INFO - [2025-08-26T04:38:11.679+0000] {dagbag.py:545} INFO - Filling up the DagBag from /home/airflow/.local/lib/python3.12/site-packages/airflow/example_dags/tutorial_objectstorage.py
[2025-08-26T04:38:11.782+0000] {processor.py:840} INFO - DAG(s) 'tutorial_objectstorage' retrieved from /home/airflow/.local/lib/python3.12/site-packages/airflow/example_dags/tutorial_objectstorage.py
[2025-08-26T04:38:12.064+0000] {logging_mixin.py:188} INFO - [2025-08-26T04:38:12.064+0000] {dag.py:3096} INFO - Sync 1 DAGs
[2025-08-26T04:38:12.202+0000] {logging_mixin.py:188} INFO - [2025-08-26T04:38:12.201+0000] {dag.py:3954} INFO - Setting next_dagrun for tutorial_objectstorage to None, run_after=None
[2025-08-26T04:38:12.361+0000] {processor.py:183} INFO - Processing /home/airflow/.local/lib/python3.12/site-packages/airflow/example_dags/tutorial_objectstorage.py took 0.827 seconds
[2025-08-26T04:38:43.254+0000] {processor.py:161} INFO - Started process (PID=4284) to work on /home/airflow/.local/lib/python3.12/site-packages/airflow/example_dags/tutorial_objectstorage.py
[2025-08-26T04:38:43.270+0000] {processor.py:830} INFO - Processing file /home/airflow/.local/lib/python3.12/site-packages/airflow/example_dags/tutorial_objectstorage.py for tasks to queue
[2025-08-26T04:38:43.297+0000] {logging_mixin.py:188} INFO - [2025-08-26T04:38:43.287+0000] {dagbag.py:545} INFO - Filling up the DagBag from /home/airflow/.local/lib/python3.12/site-packages/airflow/example_dags/tutorial_objectstorage.py
[2025-08-26T04:38:43.382+0000] {processor.py:840} INFO - DAG(s) 'tutorial_objectstorage' retrieved from /home/airflow/.local/lib/python3.12/site-packages/airflow/example_dags/tutorial_objectstorage.py
[2025-08-26T04:38:43.564+0000] {logging_mixin.py:188} INFO - [2025-08-26T04:38:43.563+0000] {dag.py:3096} INFO - Sync 1 DAGs
[2025-08-26T04:38:43.688+0000] {logging_mixin.py:188} INFO - [2025-08-26T04:38:43.687+0000] {dag.py:3954} INFO - Setting next_dagrun for tutorial_objectstorage to None, run_after=None
[2025-08-26T04:38:44.045+0000] {processor.py:183} INFO - Processing /home/airflow/.local/lib/python3.12/site-packages/airflow/example_dags/tutorial_objectstorage.py took 0.847 seconds
[2025-08-26T04:39:15.501+0000] {processor.py:161} INFO - Started process (PID=4546) to work on /home/airflow/.local/lib/python3.12/site-packages/airflow/example_dags/tutorial_objectstorage.py
[2025-08-26T04:39:15.504+0000] {processor.py:830} INFO - Processing file /home/airflow/.local/lib/python3.12/site-packages/airflow/example_dags/tutorial_objectstorage.py for tasks to queue
[2025-08-26T04:39:15.517+0000] {logging_mixin.py:188} INFO - [2025-08-26T04:39:15.514+0000] {dagbag.py:545} INFO - Filling up the DagBag from /home/airflow/.local/lib/python3.12/site-packages/airflow/example_dags/tutorial_objectstorage.py
[2025-08-26T04:39:15.556+0000] {processor.py:840} INFO - DAG(s) 'tutorial_objectstorage' retrieved from /home/airflow/.local/lib/python3.12/site-packages/airflow/example_dags/tutorial_objectstorage.py
[2025-08-26T04:39:15.674+0000] {logging_mixin.py:188} INFO - [2025-08-26T04:39:15.673+0000] {dag.py:3096} INFO - Sync 1 DAGs
[2025-08-26T04:39:15.788+0000] {logging_mixin.py:188} INFO - [2025-08-26T04:39:15.786+0000] {dag.py:3954} INFO - Setting next_dagrun for tutorial_objectstorage to None, run_after=None
[2025-08-26T04:39:15.945+0000] {processor.py:183} INFO - Processing /home/airflow/.local/lib/python3.12/site-packages/airflow/example_dags/tutorial_objectstorage.py took 0.490 seconds
[2025-08-26T04:40:01.576+0000] {processor.py:161} INFO - Started process (PID=4834) to work on /home/airflow/.local/lib/python3.12/site-packages/airflow/example_dags/tutorial_objectstorage.py
[2025-08-26T04:40:01.585+0000] {processor.py:830} INFO - Processing file /home/airflow/.local/lib/python3.12/site-packages/airflow/example_dags/tutorial_objectstorage.py for tasks to queue
[2025-08-26T04:40:01.649+0000] {logging_mixin.py:188} INFO - [2025-08-26T04:40:01.647+0000] {dagbag.py:545} INFO - Filling up the DagBag from /home/airflow/.local/lib/python3.12/site-packages/airflow/example_dags/tutorial_objectstorage.py
[2025-08-26T04:40:01.729+0000] {processor.py:840} INFO - DAG(s) 'tutorial_objectstorage' retrieved from /home/airflow/.local/lib/python3.12/site-packages/airflow/example_dags/tutorial_objectstorage.py
[2025-08-26T04:40:01.888+0000] {logging_mixin.py:188} INFO - [2025-08-26T04:40:01.885+0000] {dag.py:3096} INFO - Sync 1 DAGs
[2025-08-26T04:40:02.056+0000] {logging_mixin.py:188} INFO - [2025-08-26T04:40:02.056+0000] {dag.py:3954} INFO - Setting next_dagrun for tutorial_objectstorage to None, run_after=None
[2025-08-26T04:40:02.295+0000] {processor.py:183} INFO - Processing /home/airflow/.local/lib/python3.12/site-packages/airflow/example_dags/tutorial_objectstorage.py took 0.772 seconds
[2025-08-26T04:40:39.601+0000] {processor.py:161} INFO - Started process (PID=5096) to work on /home/airflow/.local/lib/python3.12/site-packages/airflow/example_dags/tutorial_objectstorage.py
[2025-08-26T04:40:39.607+0000] {processor.py:830} INFO - Processing file /home/airflow/.local/lib/python3.12/site-packages/airflow/example_dags/tutorial_objectstorage.py for tasks to queue
[2025-08-26T04:40:39.621+0000] {logging_mixin.py:188} INFO - [2025-08-26T04:40:39.619+0000] {dagbag.py:545} INFO - Filling up the DagBag from /home/airflow/.local/lib/python3.12/site-packages/airflow/example_dags/tutorial_objectstorage.py
[2025-08-26T04:40:39.661+0000] {processor.py:840} INFO - DAG(s) 'tutorial_objectstorage' retrieved from /home/airflow/.local/lib/python3.12/site-packages/airflow/example_dags/tutorial_objectstorage.py
[2025-08-26T04:40:39.780+0000] {logging_mixin.py:188} INFO - [2025-08-26T04:40:39.779+0000] {dag.py:3096} INFO - Sync 1 DAGs
[2025-08-26T04:40:39.866+0000] {logging_mixin.py:188} INFO - [2025-08-26T04:40:39.865+0000] {dag.py:3954} INFO - Setting next_dagrun for tutorial_objectstorage to None, run_after=None
[2025-08-26T04:40:39.972+0000] {processor.py:183} INFO - Processing /home/airflow/.local/lib/python3.12/site-packages/airflow/example_dags/tutorial_objectstorage.py took 0.413 seconds
[2025-08-26T04:41:10.851+0000] {processor.py:161} INFO - Started process (PID=5358) to work on /home/airflow/.local/lib/python3.12/site-packages/airflow/example_dags/tutorial_objectstorage.py
[2025-08-26T04:41:10.864+0000] {processor.py:830} INFO - Processing file /home/airflow/.local/lib/python3.12/site-packages/airflow/example_dags/tutorial_objectstorage.py for tasks to queue
[2025-08-26T04:41:10.884+0000] {logging_mixin.py:188} INFO - [2025-08-26T04:41:10.882+0000] {dagbag.py:545} INFO - Filling up the DagBag from /home/airflow/.local/lib/python3.12/site-packages/airflow/example_dags/tutorial_objectstorage.py
[2025-08-26T04:41:10.948+0000] {processor.py:840} INFO - DAG(s) 'tutorial_objectstorage' retrieved from /home/airflow/.local/lib/python3.12/site-packages/airflow/example_dags/tutorial_objectstorage.py
[2025-08-26T04:41:11.030+0000] {logging_mixin.py:188} INFO - [2025-08-26T04:41:11.030+0000] {dag.py:3096} INFO - Sync 1 DAGs
[2025-08-26T04:41:11.109+0000] {logging_mixin.py:188} INFO - [2025-08-26T04:41:11.098+0000] {dag.py:3954} INFO - Setting next_dagrun for tutorial_objectstorage to None, run_after=None
[2025-08-26T04:41:11.446+0000] {processor.py:183} INFO - Processing /home/airflow/.local/lib/python3.12/site-packages/airflow/example_dags/tutorial_objectstorage.py took 0.661 seconds
[2025-08-26T04:41:45.279+0000] {processor.py:161} INFO - Started process (PID=5614) to work on /home/airflow/.local/lib/python3.12/site-packages/airflow/example_dags/tutorial_objectstorage.py
[2025-08-26T04:41:45.282+0000] {processor.py:830} INFO - Processing file /home/airflow/.local/lib/python3.12/site-packages/airflow/example_dags/tutorial_objectstorage.py for tasks to queue
[2025-08-26T04:41:45.298+0000] {logging_mixin.py:188} INFO - [2025-08-26T04:41:45.296+0000] {dagbag.py:545} INFO - Filling up the DagBag from /home/airflow/.local/lib/python3.12/site-packages/airflow/example_dags/tutorial_objectstorage.py
[2025-08-26T04:41:45.335+0000] {processor.py:840} INFO - DAG(s) 'tutorial_objectstorage' retrieved from /home/airflow/.local/lib/python3.12/site-packages/airflow/example_dags/tutorial_objectstorage.py
[2025-08-26T04:41:45.443+0000] {logging_mixin.py:188} INFO - [2025-08-26T04:41:45.442+0000] {dag.py:3096} INFO - Sync 1 DAGs
[2025-08-26T04:41:45.554+0000] {logging_mixin.py:188} INFO - [2025-08-26T04:41:45.553+0000] {dag.py:3954} INFO - Setting next_dagrun for tutorial_objectstorage to None, run_after=None
[2025-08-26T04:41:45.645+0000] {processor.py:183} INFO - Processing /home/airflow/.local/lib/python3.12/site-packages/airflow/example_dags/tutorial_objectstorage.py took 0.404 seconds
[2025-08-26T04:42:26.687+0000] {processor.py:161} INFO - Started process (PID=5866) to work on /home/airflow/.local/lib/python3.12/site-packages/airflow/example_dags/tutorial_objectstorage.py
[2025-08-26T04:42:26.703+0000] {processor.py:830} INFO - Processing file /home/airflow/.local/lib/python3.12/site-packages/airflow/example_dags/tutorial_objectstorage.py for tasks to queue
[2025-08-26T04:42:26.716+0000] {logging_mixin.py:188} INFO - [2025-08-26T04:42:26.715+0000] {dagbag.py:545} INFO - Filling up the DagBag from /home/airflow/.local/lib/python3.12/site-packages/airflow/example_dags/tutorial_objectstorage.py
[2025-08-26T04:42:26.825+0000] {processor.py:840} INFO - DAG(s) 'tutorial_objectstorage' retrieved from /home/airflow/.local/lib/python3.12/site-packages/airflow/example_dags/tutorial_objectstorage.py
[2025-08-26T04:42:27.192+0000] {logging_mixin.py:188} INFO - [2025-08-26T04:42:27.191+0000] {dag.py:3096} INFO - Sync 1 DAGs
[2025-08-26T04:42:27.361+0000] {logging_mixin.py:188} INFO - [2025-08-26T04:42:27.361+0000] {dag.py:3954} INFO - Setting next_dagrun for tutorial_objectstorage to None, run_after=None
[2025-08-26T04:42:27.537+0000] {processor.py:183} INFO - Processing /home/airflow/.local/lib/python3.12/site-packages/airflow/example_dags/tutorial_objectstorage.py took 0.938 seconds
[2025-08-26T04:43:01.599+0000] {processor.py:161} INFO - Started process (PID=6128) to work on /home/airflow/.local/lib/python3.12/site-packages/airflow/example_dags/tutorial_objectstorage.py
[2025-08-26T04:43:01.605+0000] {processor.py:830} INFO - Processing file /home/airflow/.local/lib/python3.12/site-packages/airflow/example_dags/tutorial_objectstorage.py for tasks to queue
[2025-08-26T04:43:01.630+0000] {logging_mixin.py:188} INFO - [2025-08-26T04:43:01.627+0000] {dagbag.py:545} INFO - Filling up the DagBag from /home/airflow/.local/lib/python3.12/site-packages/airflow/example_dags/tutorial_objectstorage.py
[2025-08-26T04:43:01.767+0000] {processor.py:840} INFO - DAG(s) 'tutorial_objectstorage' retrieved from /home/airflow/.local/lib/python3.12/site-packages/airflow/example_dags/tutorial_objectstorage.py
[2025-08-26T04:43:01.893+0000] {logging_mixin.py:188} INFO - [2025-08-26T04:43:01.892+0000] {dag.py:3096} INFO - Sync 1 DAGs
[2025-08-26T04:43:02.095+0000] {logging_mixin.py:188} INFO - [2025-08-26T04:43:02.095+0000] {dag.py:3954} INFO - Setting next_dagrun for tutorial_objectstorage to None, run_after=None
[2025-08-26T04:43:02.240+0000] {processor.py:183} INFO - Processing /home/airflow/.local/lib/python3.12/site-packages/airflow/example_dags/tutorial_objectstorage.py took 0.742 seconds
[2025-08-26T04:43:36.795+0000] {processor.py:161} INFO - Started process (PID=6390) to work on /home/airflow/.local/lib/python3.12/site-packages/airflow/example_dags/tutorial_objectstorage.py
[2025-08-26T04:43:36.813+0000] {processor.py:830} INFO - Processing file /home/airflow/.local/lib/python3.12/site-packages/airflow/example_dags/tutorial_objectstorage.py for tasks to queue
[2025-08-26T04:43:36.830+0000] {logging_mixin.py:188} INFO - [2025-08-26T04:43:36.829+0000] {dagbag.py:545} INFO - Filling up the DagBag from /home/airflow/.local/lib/python3.12/site-packages/airflow/example_dags/tutorial_objectstorage.py
[2025-08-26T04:43:36.962+0000] {processor.py:840} INFO - DAG(s) 'tutorial_objectstorage' retrieved from /home/airflow/.local/lib/python3.12/site-packages/airflow/example_dags/tutorial_objectstorage.py
[2025-08-26T04:43:37.219+0000] {logging_mixin.py:188} INFO - [2025-08-26T04:43:37.218+0000] {dag.py:3096} INFO - Sync 1 DAGs
[2025-08-26T04:43:37.488+0000] {logging_mixin.py:188} INFO - [2025-08-26T04:43:37.487+0000] {dag.py:3954} INFO - Setting next_dagrun for tutorial_objectstorage to None, run_after=None
[2025-08-26T04:43:37.702+0000] {processor.py:183} INFO - Processing /home/airflow/.local/lib/python3.12/site-packages/airflow/example_dags/tutorial_objectstorage.py took 1.024 seconds
[2025-08-26T04:44:14.685+0000] {processor.py:161} INFO - Started process (PID=6655) to work on /home/airflow/.local/lib/python3.12/site-packages/airflow/example_dags/tutorial_objectstorage.py
[2025-08-26T04:44:14.702+0000] {processor.py:830} INFO - Processing file /home/airflow/.local/lib/python3.12/site-packages/airflow/example_dags/tutorial_objectstorage.py for tasks to queue
[2025-08-26T04:44:14.711+0000] {logging_mixin.py:188} INFO - [2025-08-26T04:44:14.710+0000] {dagbag.py:545} INFO - Filling up the DagBag from /home/airflow/.local/lib/python3.12/site-packages/airflow/example_dags/tutorial_objectstorage.py
[2025-08-26T04:44:14.808+0000] {processor.py:840} INFO - DAG(s) 'tutorial_objectstorage' retrieved from /home/airflow/.local/lib/python3.12/site-packages/airflow/example_dags/tutorial_objectstorage.py
[2025-08-26T04:44:15.000+0000] {logging_mixin.py:188} INFO - [2025-08-26T04:44:14.999+0000] {dag.py:3096} INFO - Sync 1 DAGs
[2025-08-26T04:44:15.093+0000] {logging_mixin.py:188} INFO - [2025-08-26T04:44:15.092+0000] {dag.py:3954} INFO - Setting next_dagrun for tutorial_objectstorage to None, run_after=None
[2025-08-26T04:44:15.186+0000] {processor.py:183} INFO - Processing /home/airflow/.local/lib/python3.12/site-packages/airflow/example_dags/tutorial_objectstorage.py took 0.579 seconds
[2025-08-26T04:44:48.089+0000] {processor.py:161} INFO - Started process (PID=6918) to work on /home/airflow/.local/lib/python3.12/site-packages/airflow/example_dags/tutorial_objectstorage.py
[2025-08-26T04:44:48.105+0000] {processor.py:830} INFO - Processing file /home/airflow/.local/lib/python3.12/site-packages/airflow/example_dags/tutorial_objectstorage.py for tasks to queue
[2025-08-26T04:44:48.126+0000] {logging_mixin.py:188} INFO - [2025-08-26T04:44:48.116+0000] {dagbag.py:545} INFO - Filling up the DagBag from /home/airflow/.local/lib/python3.12/site-packages/airflow/example_dags/tutorial_objectstorage.py
[2025-08-26T04:44:48.201+0000] {processor.py:840} INFO - DAG(s) 'tutorial_objectstorage' retrieved from /home/airflow/.local/lib/python3.12/site-packages/airflow/example_dags/tutorial_objectstorage.py
[2025-08-26T04:44:48.571+0000] {logging_mixin.py:188} INFO - [2025-08-26T04:44:48.570+0000] {dag.py:3096} INFO - Sync 1 DAGs
[2025-08-26T04:44:48.696+0000] {logging_mixin.py:188} INFO - [2025-08-26T04:44:48.695+0000] {dag.py:3954} INFO - Setting next_dagrun for tutorial_objectstorage to None, run_after=None
[2025-08-26T04:44:48.882+0000] {processor.py:183} INFO - Processing /home/airflow/.local/lib/python3.12/site-packages/airflow/example_dags/tutorial_objectstorage.py took 0.857 seconds
[2025-08-26T04:45:23.237+0000] {processor.py:161} INFO - Started process (PID=7174) to work on /home/airflow/.local/lib/python3.12/site-packages/airflow/example_dags/tutorial_objectstorage.py
[2025-08-26T04:45:23.248+0000] {processor.py:830} INFO - Processing file /home/airflow/.local/lib/python3.12/site-packages/airflow/example_dags/tutorial_objectstorage.py for tasks to queue
[2025-08-26T04:45:23.257+0000] {logging_mixin.py:188} INFO - [2025-08-26T04:45:23.254+0000] {dagbag.py:545} INFO - Filling up the DagBag from /home/airflow/.local/lib/python3.12/site-packages/airflow/example_dags/tutorial_objectstorage.py
[2025-08-26T04:45:23.303+0000] {processor.py:840} INFO - DAG(s) 'tutorial_objectstorage' retrieved from /home/airflow/.local/lib/python3.12/site-packages/airflow/example_dags/tutorial_objectstorage.py
[2025-08-26T04:45:23.489+0000] {logging_mixin.py:188} INFO - [2025-08-26T04:45:23.488+0000] {dag.py:3096} INFO - Sync 1 DAGs
[2025-08-26T04:45:23.644+0000] {logging_mixin.py:188} INFO - [2025-08-26T04:45:23.643+0000] {dag.py:3954} INFO - Setting next_dagrun for tutorial_objectstorage to None, run_after=None
[2025-08-26T04:45:23.796+0000] {processor.py:183} INFO - Processing /home/airflow/.local/lib/python3.12/site-packages/airflow/example_dags/tutorial_objectstorage.py took 0.592 seconds
[2025-08-26T04:46:02.315+0000] {processor.py:161} INFO - Started process (PID=7435) to work on /home/airflow/.local/lib/python3.12/site-packages/airflow/example_dags/tutorial_objectstorage.py
[2025-08-26T04:46:02.319+0000] {processor.py:830} INFO - Processing file /home/airflow/.local/lib/python3.12/site-packages/airflow/example_dags/tutorial_objectstorage.py for tasks to queue
[2025-08-26T04:46:02.327+0000] {logging_mixin.py:188} INFO - [2025-08-26T04:46:02.324+0000] {dagbag.py:545} INFO - Filling up the DagBag from /home/airflow/.local/lib/python3.12/site-packages/airflow/example_dags/tutorial_objectstorage.py
[2025-08-26T04:46:02.383+0000] {processor.py:840} INFO - DAG(s) 'tutorial_objectstorage' retrieved from /home/airflow/.local/lib/python3.12/site-packages/airflow/example_dags/tutorial_objectstorage.py
[2025-08-26T04:46:02.532+0000] {logging_mixin.py:188} INFO - [2025-08-26T04:46:02.531+0000] {dag.py:3096} INFO - Sync 1 DAGs
[2025-08-26T04:46:02.707+0000] {logging_mixin.py:188} INFO - [2025-08-26T04:46:02.692+0000] {dag.py:3954} INFO - Setting next_dagrun for tutorial_objectstorage to None, run_after=None
[2025-08-26T04:46:03.012+0000] {processor.py:183} INFO - Processing /home/airflow/.local/lib/python3.12/site-packages/airflow/example_dags/tutorial_objectstorage.py took 0.727 seconds
[2025-08-26T04:46:44.909+0000] {processor.py:161} INFO - Started process (PID=7712) to work on /home/airflow/.local/lib/python3.12/site-packages/airflow/example_dags/tutorial_objectstorage.py
[2025-08-26T04:46:44.913+0000] {processor.py:830} INFO - Processing file /home/airflow/.local/lib/python3.12/site-packages/airflow/example_dags/tutorial_objectstorage.py for tasks to queue
[2025-08-26T04:46:44.931+0000] {logging_mixin.py:188} INFO - [2025-08-26T04:46:44.930+0000] {dagbag.py:545} INFO - Filling up the DagBag from /home/airflow/.local/lib/python3.12/site-packages/airflow/example_dags/tutorial_objectstorage.py
[2025-08-26T04:46:45.046+0000] {processor.py:840} INFO - DAG(s) 'tutorial_objectstorage' retrieved from /home/airflow/.local/lib/python3.12/site-packages/airflow/example_dags/tutorial_objectstorage.py
[2025-08-26T04:46:45.358+0000] {logging_mixin.py:188} INFO - [2025-08-26T04:46:45.346+0000] {dag.py:3096} INFO - Sync 1 DAGs
[2025-08-26T04:46:45.622+0000] {logging_mixin.py:188} INFO - [2025-08-26T04:46:45.621+0000] {dag.py:3954} INFO - Setting next_dagrun for tutorial_objectstorage to None, run_after=None
[2025-08-26T04:46:45.762+0000] {processor.py:183} INFO - Processing /home/airflow/.local/lib/python3.12/site-packages/airflow/example_dags/tutorial_objectstorage.py took 0.909 seconds
[2025-08-26T04:47:18.566+0000] {processor.py:161} INFO - Started process (PID=7974) to work on /home/airflow/.local/lib/python3.12/site-packages/airflow/example_dags/tutorial_objectstorage.py
[2025-08-26T04:47:18.575+0000] {processor.py:830} INFO - Processing file /home/airflow/.local/lib/python3.12/site-packages/airflow/example_dags/tutorial_objectstorage.py for tasks to queue
[2025-08-26T04:47:18.589+0000] {logging_mixin.py:188} INFO - [2025-08-26T04:47:18.588+0000] {dagbag.py:545} INFO - Filling up the DagBag from /home/airflow/.local/lib/python3.12/site-packages/airflow/example_dags/tutorial_objectstorage.py
[2025-08-26T04:47:18.693+0000] {processor.py:840} INFO - DAG(s) 'tutorial_objectstorage' retrieved from /home/airflow/.local/lib/python3.12/site-packages/airflow/example_dags/tutorial_objectstorage.py
[2025-08-26T04:47:18.861+0000] {logging_mixin.py:188} INFO - [2025-08-26T04:47:18.860+0000] {dag.py:3096} INFO - Sync 1 DAGs
[2025-08-26T04:47:19.012+0000] {logging_mixin.py:188} INFO - [2025-08-26T04:47:19.011+0000] {dag.py:3954} INFO - Setting next_dagrun for tutorial_objectstorage to None, run_after=None
[2025-08-26T04:47:19.175+0000] {processor.py:183} INFO - Processing /home/airflow/.local/lib/python3.12/site-packages/airflow/example_dags/tutorial_objectstorage.py took 0.759 seconds
[2025-08-26T04:49:42.248+0000] {processor.py:161} INFO - Started process (PID=328) to work on /home/airflow/.local/lib/python3.12/site-packages/airflow/example_dags/tutorial_objectstorage.py
[2025-08-26T04:49:42.254+0000] {processor.py:830} INFO - Processing file /home/airflow/.local/lib/python3.12/site-packages/airflow/example_dags/tutorial_objectstorage.py for tasks to queue
[2025-08-26T04:49:42.278+0000] {logging_mixin.py:188} INFO - [2025-08-26T04:49:42.272+0000] {dagbag.py:545} INFO - Filling up the DagBag from /home/airflow/.local/lib/python3.12/site-packages/airflow/example_dags/tutorial_objectstorage.py
[2025-08-26T04:49:42.340+0000] {processor.py:840} INFO - DAG(s) 'tutorial_objectstorage' retrieved from /home/airflow/.local/lib/python3.12/site-packages/airflow/example_dags/tutorial_objectstorage.py
[2025-08-26T04:49:43.208+0000] {logging_mixin.py:188} INFO - [2025-08-26T04:49:43.207+0000] {dag.py:3096} INFO - Sync 1 DAGs
[2025-08-26T04:49:43.416+0000] {logging_mixin.py:188} INFO - [2025-08-26T04:49:43.415+0000] {dag.py:3954} INFO - Setting next_dagrun for tutorial_objectstorage to None, run_after=None
[2025-08-26T04:49:43.660+0000] {processor.py:183} INFO - Processing /home/airflow/.local/lib/python3.12/site-packages/airflow/example_dags/tutorial_objectstorage.py took 1.483 seconds
[2025-08-26T04:50:14.171+0000] {processor.py:161} INFO - Started process (PID=592) to work on /home/airflow/.local/lib/python3.12/site-packages/airflow/example_dags/tutorial_objectstorage.py
[2025-08-26T04:50:14.174+0000] {processor.py:830} INFO - Processing file /home/airflow/.local/lib/python3.12/site-packages/airflow/example_dags/tutorial_objectstorage.py for tasks to queue
[2025-08-26T04:50:14.186+0000] {logging_mixin.py:188} INFO - [2025-08-26T04:50:14.183+0000] {dagbag.py:545} INFO - Filling up the DagBag from /home/airflow/.local/lib/python3.12/site-packages/airflow/example_dags/tutorial_objectstorage.py
[2025-08-26T04:50:14.225+0000] {processor.py:840} INFO - DAG(s) 'tutorial_objectstorage' retrieved from /home/airflow/.local/lib/python3.12/site-packages/airflow/example_dags/tutorial_objectstorage.py
[2025-08-26T04:50:14.339+0000] {logging_mixin.py:188} INFO - [2025-08-26T04:50:14.338+0000] {dag.py:3096} INFO - Sync 1 DAGs
[2025-08-26T04:50:14.412+0000] {logging_mixin.py:188} INFO - [2025-08-26T04:50:14.410+0000] {dag.py:3954} INFO - Setting next_dagrun for tutorial_objectstorage to None, run_after=None
[2025-08-26T04:50:14.517+0000] {processor.py:183} INFO - Processing /home/airflow/.local/lib/python3.12/site-packages/airflow/example_dags/tutorial_objectstorage.py took 0.381 seconds
[2025-08-26T04:50:45.131+0000] {processor.py:161} INFO - Started process (PID=852) to work on /home/airflow/.local/lib/python3.12/site-packages/airflow/example_dags/tutorial_objectstorage.py
[2025-08-26T04:50:45.142+0000] {processor.py:830} INFO - Processing file /home/airflow/.local/lib/python3.12/site-packages/airflow/example_dags/tutorial_objectstorage.py for tasks to queue
[2025-08-26T04:50:45.156+0000] {logging_mixin.py:188} INFO - [2025-08-26T04:50:45.155+0000] {dagbag.py:545} INFO - Filling up the DagBag from /home/airflow/.local/lib/python3.12/site-packages/airflow/example_dags/tutorial_objectstorage.py
[2025-08-26T04:50:45.209+0000] {processor.py:840} INFO - DAG(s) 'tutorial_objectstorage' retrieved from /home/airflow/.local/lib/python3.12/site-packages/airflow/example_dags/tutorial_objectstorage.py
[2025-08-26T04:50:45.421+0000] {logging_mixin.py:188} INFO - [2025-08-26T04:50:45.420+0000] {dag.py:3096} INFO - Sync 1 DAGs
[2025-08-26T04:50:45.480+0000] {logging_mixin.py:188} INFO - [2025-08-26T04:50:45.479+0000] {dag.py:3954} INFO - Setting next_dagrun for tutorial_objectstorage to None, run_after=None
[2025-08-26T04:50:45.572+0000] {processor.py:183} INFO - Processing /home/airflow/.local/lib/python3.12/site-packages/airflow/example_dags/tutorial_objectstorage.py took 0.487 seconds
[2025-08-26T04:51:20.928+0000] {processor.py:161} INFO - Started process (PID=1114) to work on /home/airflow/.local/lib/python3.12/site-packages/airflow/example_dags/tutorial_objectstorage.py
[2025-08-26T04:51:20.932+0000] {processor.py:830} INFO - Processing file /home/airflow/.local/lib/python3.12/site-packages/airflow/example_dags/tutorial_objectstorage.py for tasks to queue
[2025-08-26T04:51:20.943+0000] {logging_mixin.py:188} INFO - [2025-08-26T04:51:20.941+0000] {dagbag.py:545} INFO - Filling up the DagBag from /home/airflow/.local/lib/python3.12/site-packages/airflow/example_dags/tutorial_objectstorage.py
[2025-08-26T04:51:21.030+0000] {processor.py:840} INFO - DAG(s) 'tutorial_objectstorage' retrieved from /home/airflow/.local/lib/python3.12/site-packages/airflow/example_dags/tutorial_objectstorage.py
[2025-08-26T04:51:21.236+0000] {logging_mixin.py:188} INFO - [2025-08-26T04:51:21.235+0000] {dag.py:3096} INFO - Sync 1 DAGs
[2025-08-26T04:51:21.320+0000] {logging_mixin.py:188} INFO - [2025-08-26T04:51:21.319+0000] {dag.py:3954} INFO - Setting next_dagrun for tutorial_objectstorage to None, run_after=None
[2025-08-26T04:51:21.528+0000] {processor.py:183} INFO - Processing /home/airflow/.local/lib/python3.12/site-packages/airflow/example_dags/tutorial_objectstorage.py took 0.665 seconds
[2025-08-26T04:51:55.806+0000] {processor.py:161} INFO - Started process (PID=1376) to work on /home/airflow/.local/lib/python3.12/site-packages/airflow/example_dags/tutorial_objectstorage.py
[2025-08-26T04:51:55.822+0000] {processor.py:830} INFO - Processing file /home/airflow/.local/lib/python3.12/site-packages/airflow/example_dags/tutorial_objectstorage.py for tasks to queue
[2025-08-26T04:51:55.839+0000] {logging_mixin.py:188} INFO - [2025-08-26T04:51:55.838+0000] {dagbag.py:545} INFO - Filling up the DagBag from /home/airflow/.local/lib/python3.12/site-packages/airflow/example_dags/tutorial_objectstorage.py
[2025-08-26T04:51:56.084+0000] {processor.py:840} INFO - DAG(s) 'tutorial_objectstorage' retrieved from /home/airflow/.local/lib/python3.12/site-packages/airflow/example_dags/tutorial_objectstorage.py
[2025-08-26T04:51:56.374+0000] {logging_mixin.py:188} INFO - [2025-08-26T04:51:56.373+0000] {dag.py:3096} INFO - Sync 1 DAGs
[2025-08-26T04:51:56.563+0000] {logging_mixin.py:188} INFO - [2025-08-26T04:51:56.563+0000] {dag.py:3954} INFO - Setting next_dagrun for tutorial_objectstorage to None, run_after=None
[2025-08-26T04:51:56.782+0000] {processor.py:183} INFO - Processing /home/airflow/.local/lib/python3.12/site-packages/airflow/example_dags/tutorial_objectstorage.py took 1.103 seconds
[2025-08-26T04:52:40.434+0000] {processor.py:161} INFO - Started process (PID=1644) to work on /home/airflow/.local/lib/python3.12/site-packages/airflow/example_dags/tutorial_objectstorage.py
[2025-08-26T04:52:40.450+0000] {processor.py:830} INFO - Processing file /home/airflow/.local/lib/python3.12/site-packages/airflow/example_dags/tutorial_objectstorage.py for tasks to queue
[2025-08-26T04:52:40.470+0000] {logging_mixin.py:188} INFO - [2025-08-26T04:52:40.464+0000] {dagbag.py:545} INFO - Filling up the DagBag from /home/airflow/.local/lib/python3.12/site-packages/airflow/example_dags/tutorial_objectstorage.py
[2025-08-26T04:52:40.642+0000] {processor.py:840} INFO - DAG(s) 'tutorial_objectstorage' retrieved from /home/airflow/.local/lib/python3.12/site-packages/airflow/example_dags/tutorial_objectstorage.py
[2025-08-26T04:52:40.900+0000] {logging_mixin.py:188} INFO - [2025-08-26T04:52:40.899+0000] {dag.py:3096} INFO - Sync 1 DAGs
[2025-08-26T04:52:41.000+0000] {logging_mixin.py:188} INFO - [2025-08-26T04:52:40.999+0000] {dag.py:3954} INFO - Setting next_dagrun for tutorial_objectstorage to None, run_after=None
[2025-08-26T04:52:41.218+0000] {processor.py:183} INFO - Processing /home/airflow/.local/lib/python3.12/site-packages/airflow/example_dags/tutorial_objectstorage.py took 0.931 seconds
[2025-08-26T04:53:11.516+0000] {processor.py:161} INFO - Started process (PID=1906) to work on /home/airflow/.local/lib/python3.12/site-packages/airflow/example_dags/tutorial_objectstorage.py
[2025-08-26T04:53:11.519+0000] {processor.py:830} INFO - Processing file /home/airflow/.local/lib/python3.12/site-packages/airflow/example_dags/tutorial_objectstorage.py for tasks to queue
[2025-08-26T04:53:11.530+0000] {logging_mixin.py:188} INFO - [2025-08-26T04:53:11.529+0000] {dagbag.py:545} INFO - Filling up the DagBag from /home/airflow/.local/lib/python3.12/site-packages/airflow/example_dags/tutorial_objectstorage.py
[2025-08-26T04:53:11.567+0000] {processor.py:840} INFO - DAG(s) 'tutorial_objectstorage' retrieved from /home/airflow/.local/lib/python3.12/site-packages/airflow/example_dags/tutorial_objectstorage.py
[2025-08-26T04:53:11.656+0000] {logging_mixin.py:188} INFO - [2025-08-26T04:53:11.656+0000] {dag.py:3096} INFO - Sync 1 DAGs
[2025-08-26T04:53:11.732+0000] {logging_mixin.py:188} INFO - [2025-08-26T04:53:11.732+0000] {dag.py:3954} INFO - Setting next_dagrun for tutorial_objectstorage to None, run_after=None
[2025-08-26T04:53:11.900+0000] {processor.py:183} INFO - Processing /home/airflow/.local/lib/python3.12/site-packages/airflow/example_dags/tutorial_objectstorage.py took 0.420 seconds
[2025-08-26T04:53:43.996+0000] {processor.py:161} INFO - Started process (PID=2166) to work on /home/airflow/.local/lib/python3.12/site-packages/airflow/example_dags/tutorial_objectstorage.py
[2025-08-26T04:53:44.003+0000] {processor.py:830} INFO - Processing file /home/airflow/.local/lib/python3.12/site-packages/airflow/example_dags/tutorial_objectstorage.py for tasks to queue
[2025-08-26T04:53:44.018+0000] {logging_mixin.py:188} INFO - [2025-08-26T04:53:44.016+0000] {dagbag.py:545} INFO - Filling up the DagBag from /home/airflow/.local/lib/python3.12/site-packages/airflow/example_dags/tutorial_objectstorage.py
[2025-08-26T04:53:44.088+0000] {processor.py:840} INFO - DAG(s) 'tutorial_objectstorage' retrieved from /home/airflow/.local/lib/python3.12/site-packages/airflow/example_dags/tutorial_objectstorage.py
[2025-08-26T04:53:44.320+0000] {logging_mixin.py:188} INFO - [2025-08-26T04:53:44.313+0000] {dag.py:3096} INFO - Sync 1 DAGs
[2025-08-26T04:53:44.473+0000] {logging_mixin.py:188} INFO - [2025-08-26T04:53:44.472+0000] {dag.py:3954} INFO - Setting next_dagrun for tutorial_objectstorage to None, run_after=None
[2025-08-26T04:53:44.614+0000] {processor.py:183} INFO - Processing /home/airflow/.local/lib/python3.12/site-packages/airflow/example_dags/tutorial_objectstorage.py took 0.677 seconds
[2025-08-26T04:54:15.191+0000] {processor.py:161} INFO - Started process (PID=2428) to work on /home/airflow/.local/lib/python3.12/site-packages/airflow/example_dags/tutorial_objectstorage.py
[2025-08-26T04:54:15.210+0000] {processor.py:830} INFO - Processing file /home/airflow/.local/lib/python3.12/site-packages/airflow/example_dags/tutorial_objectstorage.py for tasks to queue
[2025-08-26T04:54:15.228+0000] {logging_mixin.py:188} INFO - [2025-08-26T04:54:15.227+0000] {dagbag.py:545} INFO - Filling up the DagBag from /home/airflow/.local/lib/python3.12/site-packages/airflow/example_dags/tutorial_objectstorage.py
[2025-08-26T04:54:15.309+0000] {processor.py:840} INFO - DAG(s) 'tutorial_objectstorage' retrieved from /home/airflow/.local/lib/python3.12/site-packages/airflow/example_dags/tutorial_objectstorage.py
[2025-08-26T04:54:15.496+0000] {logging_mixin.py:188} INFO - [2025-08-26T04:54:15.496+0000] {dag.py:3096} INFO - Sync 1 DAGs
[2025-08-26T04:54:15.679+0000] {logging_mixin.py:188} INFO - [2025-08-26T04:54:15.677+0000] {dag.py:3954} INFO - Setting next_dagrun for tutorial_objectstorage to None, run_after=None
[2025-08-26T04:54:15.823+0000] {processor.py:183} INFO - Processing /home/airflow/.local/lib/python3.12/site-packages/airflow/example_dags/tutorial_objectstorage.py took 0.687 seconds
[2025-08-26T04:54:49.627+0000] {processor.py:161} INFO - Started process (PID=2695) to work on /home/airflow/.local/lib/python3.12/site-packages/airflow/example_dags/tutorial_objectstorage.py
[2025-08-26T04:54:49.631+0000] {processor.py:830} INFO - Processing file /home/airflow/.local/lib/python3.12/site-packages/airflow/example_dags/tutorial_objectstorage.py for tasks to queue
[2025-08-26T04:54:49.647+0000] {logging_mixin.py:188} INFO - [2025-08-26T04:54:49.646+0000] {dagbag.py:545} INFO - Filling up the DagBag from /home/airflow/.local/lib/python3.12/site-packages/airflow/example_dags/tutorial_objectstorage.py
[2025-08-26T04:54:49.702+0000] {processor.py:840} INFO - DAG(s) 'tutorial_objectstorage' retrieved from /home/airflow/.local/lib/python3.12/site-packages/airflow/example_dags/tutorial_objectstorage.py
[2025-08-26T04:54:49.909+0000] {logging_mixin.py:188} INFO - [2025-08-26T04:54:49.897+0000] {dag.py:3096} INFO - Sync 1 DAGs
[2025-08-26T04:54:50.038+0000] {logging_mixin.py:188} INFO - [2025-08-26T04:54:50.035+0000] {dag.py:3954} INFO - Setting next_dagrun for tutorial_objectstorage to None, run_after=None
[2025-08-26T04:54:50.458+0000] {processor.py:183} INFO - Processing /home/airflow/.local/lib/python3.12/site-packages/airflow/example_dags/tutorial_objectstorage.py took 0.885 seconds
[2025-08-26T04:55:22.681+0000] {processor.py:161} INFO - Started process (PID=2957) to work on /home/airflow/.local/lib/python3.12/site-packages/airflow/example_dags/tutorial_objectstorage.py
[2025-08-26T04:55:22.695+0000] {processor.py:830} INFO - Processing file /home/airflow/.local/lib/python3.12/site-packages/airflow/example_dags/tutorial_objectstorage.py for tasks to queue
[2025-08-26T04:55:22.724+0000] {logging_mixin.py:188} INFO - [2025-08-26T04:55:22.712+0000] {dagbag.py:545} INFO - Filling up the DagBag from /home/airflow/.local/lib/python3.12/site-packages/airflow/example_dags/tutorial_objectstorage.py
[2025-08-26T04:55:22.838+0000] {processor.py:840} INFO - DAG(s) 'tutorial_objectstorage' retrieved from /home/airflow/.local/lib/python3.12/site-packages/airflow/example_dags/tutorial_objectstorage.py
[2025-08-26T04:55:23.062+0000] {logging_mixin.py:188} INFO - [2025-08-26T04:55:23.061+0000] {dag.py:3096} INFO - Sync 1 DAGs
[2025-08-26T04:55:23.294+0000] {logging_mixin.py:188} INFO - [2025-08-26T04:55:23.293+0000] {dag.py:3954} INFO - Setting next_dagrun for tutorial_objectstorage to None, run_after=None
[2025-08-26T04:55:23.713+0000] {processor.py:183} INFO - Processing /home/airflow/.local/lib/python3.12/site-packages/airflow/example_dags/tutorial_objectstorage.py took 1.129 seconds
[2025-08-26T04:56:06.787+0000] {processor.py:161} INFO - Started process (PID=3234) to work on /home/airflow/.local/lib/python3.12/site-packages/airflow/example_dags/tutorial_objectstorage.py
[2025-08-26T04:56:06.791+0000] {processor.py:830} INFO - Processing file /home/airflow/.local/lib/python3.12/site-packages/airflow/example_dags/tutorial_objectstorage.py for tasks to queue
[2025-08-26T04:56:06.800+0000] {logging_mixin.py:188} INFO - [2025-08-26T04:56:06.799+0000] {dagbag.py:545} INFO - Filling up the DagBag from /home/airflow/.local/lib/python3.12/site-packages/airflow/example_dags/tutorial_objectstorage.py
[2025-08-26T04:56:06.834+0000] {processor.py:840} INFO - DAG(s) 'tutorial_objectstorage' retrieved from /home/airflow/.local/lib/python3.12/site-packages/airflow/example_dags/tutorial_objectstorage.py
[2025-08-26T04:56:07.076+0000] {logging_mixin.py:188} INFO - [2025-08-26T04:56:07.075+0000] {dag.py:3096} INFO - Sync 1 DAGs
[2025-08-26T04:56:07.190+0000] {logging_mixin.py:188} INFO - [2025-08-26T04:56:07.189+0000] {dag.py:3954} INFO - Setting next_dagrun for tutorial_objectstorage to None, run_after=None
[2025-08-26T04:56:07.346+0000] {processor.py:183} INFO - Processing /home/airflow/.local/lib/python3.12/site-packages/airflow/example_dags/tutorial_objectstorage.py took 0.587 seconds
[2025-08-26T04:56:42.484+0000] {processor.py:161} INFO - Started process (PID=3497) to work on /home/airflow/.local/lib/python3.12/site-packages/airflow/example_dags/tutorial_objectstorage.py
[2025-08-26T04:56:42.496+0000] {processor.py:830} INFO - Processing file /home/airflow/.local/lib/python3.12/site-packages/airflow/example_dags/tutorial_objectstorage.py for tasks to queue
[2025-08-26T04:56:42.522+0000] {logging_mixin.py:188} INFO - [2025-08-26T04:56:42.521+0000] {dagbag.py:545} INFO - Filling up the DagBag from /home/airflow/.local/lib/python3.12/site-packages/airflow/example_dags/tutorial_objectstorage.py
[2025-08-26T04:56:42.631+0000] {processor.py:840} INFO - DAG(s) 'tutorial_objectstorage' retrieved from /home/airflow/.local/lib/python3.12/site-packages/airflow/example_dags/tutorial_objectstorage.py
[2025-08-26T04:56:42.876+0000] {logging_mixin.py:188} INFO - [2025-08-26T04:56:42.875+0000] {dag.py:3096} INFO - Sync 1 DAGs
[2025-08-26T04:56:43.052+0000] {logging_mixin.py:188} INFO - [2025-08-26T04:56:43.047+0000] {dag.py:3954} INFO - Setting next_dagrun for tutorial_objectstorage to None, run_after=None
[2025-08-26T04:56:43.294+0000] {processor.py:183} INFO - Processing /home/airflow/.local/lib/python3.12/site-packages/airflow/example_dags/tutorial_objectstorage.py took 0.871 seconds
[2025-08-26T04:57:18.072+0000] {processor.py:161} INFO - Started process (PID=3760) to work on /home/airflow/.local/lib/python3.12/site-packages/airflow/example_dags/tutorial_objectstorage.py
[2025-08-26T04:57:18.080+0000] {processor.py:830} INFO - Processing file /home/airflow/.local/lib/python3.12/site-packages/airflow/example_dags/tutorial_objectstorage.py for tasks to queue
[2025-08-26T04:57:18.088+0000] {logging_mixin.py:188} INFO - [2025-08-26T04:57:18.087+0000] {dagbag.py:545} INFO - Filling up the DagBag from /home/airflow/.local/lib/python3.12/site-packages/airflow/example_dags/tutorial_objectstorage.py
[2025-08-26T04:57:18.141+0000] {processor.py:840} INFO - DAG(s) 'tutorial_objectstorage' retrieved from /home/airflow/.local/lib/python3.12/site-packages/airflow/example_dags/tutorial_objectstorage.py
[2025-08-26T04:57:18.243+0000] {logging_mixin.py:188} INFO - [2025-08-26T04:57:18.242+0000] {dag.py:3096} INFO - Sync 1 DAGs
[2025-08-26T04:57:18.312+0000] {logging_mixin.py:188} INFO - [2025-08-26T04:57:18.311+0000] {dag.py:3954} INFO - Setting next_dagrun for tutorial_objectstorage to None, run_after=None
[2025-08-26T04:57:18.401+0000] {processor.py:183} INFO - Processing /home/airflow/.local/lib/python3.12/site-packages/airflow/example_dags/tutorial_objectstorage.py took 0.352 seconds
[2025-08-26T05:34:52.039+0000] {processor.py:161} INFO - Started process (PID=4007) to work on /home/airflow/.local/lib/python3.12/site-packages/airflow/example_dags/tutorial_objectstorage.py
[2025-08-26T05:34:52.063+0000] {processor.py:830} INFO - Processing file /home/airflow/.local/lib/python3.12/site-packages/airflow/example_dags/tutorial_objectstorage.py for tasks to queue
[2025-08-26T05:34:52.080+0000] {logging_mixin.py:188} INFO - [2025-08-26T05:34:52.079+0000] {dagbag.py:545} INFO - Filling up the DagBag from /home/airflow/.local/lib/python3.12/site-packages/airflow/example_dags/tutorial_objectstorage.py
[2025-08-26T05:34:52.201+0000] {processor.py:840} INFO - DAG(s) 'tutorial_objectstorage' retrieved from /home/airflow/.local/lib/python3.12/site-packages/airflow/example_dags/tutorial_objectstorage.py
[2025-08-26T05:34:52.505+0000] {logging_mixin.py:188} INFO - [2025-08-26T05:34:52.504+0000] {dag.py:3096} INFO - Sync 1 DAGs
[2025-08-26T05:34:53.047+0000] {logging_mixin.py:188} INFO - [2025-08-26T05:34:53.035+0000] {dag.py:3954} INFO - Setting next_dagrun for tutorial_objectstorage to None, run_after=None
[2025-08-26T05:34:53.704+0000] {processor.py:183} INFO - Processing /home/airflow/.local/lib/python3.12/site-packages/airflow/example_dags/tutorial_objectstorage.py took 1.801 seconds
[2025-08-26T05:42:25.231+0000] {processor.py:161} INFO - Started process (PID=4376) to work on /home/airflow/.local/lib/python3.12/site-packages/airflow/example_dags/tutorial_objectstorage.py
[2025-08-26T05:42:25.263+0000] {processor.py:830} INFO - Processing file /home/airflow/.local/lib/python3.12/site-packages/airflow/example_dags/tutorial_objectstorage.py for tasks to queue
[2025-08-26T05:42:25.294+0000] {logging_mixin.py:188} INFO - [2025-08-26T05:42:25.293+0000] {dagbag.py:545} INFO - Filling up the DagBag from /home/airflow/.local/lib/python3.12/site-packages/airflow/example_dags/tutorial_objectstorage.py
[2025-08-26T05:42:25.470+0000] {processor.py:840} INFO - DAG(s) 'tutorial_objectstorage' retrieved from /home/airflow/.local/lib/python3.12/site-packages/airflow/example_dags/tutorial_objectstorage.py
[2025-08-26T05:42:25.888+0000] {logging_mixin.py:188} INFO - [2025-08-26T05:42:25.887+0000] {dag.py:3096} INFO - Sync 1 DAGs
[2025-08-26T05:42:26.164+0000] {logging_mixin.py:188} INFO - [2025-08-26T05:42:26.164+0000] {dag.py:3954} INFO - Setting next_dagrun for tutorial_objectstorage to None, run_after=None
[2025-08-26T05:42:26.602+0000] {processor.py:183} INFO - Processing /home/airflow/.local/lib/python3.12/site-packages/airflow/example_dags/tutorial_objectstorage.py took 1.454 seconds
[2025-08-26T05:43:36.249+0000] {processor.py:161} INFO - Started process (PID=4669) to work on /home/airflow/.local/lib/python3.12/site-packages/airflow/example_dags/tutorial_objectstorage.py
[2025-08-26T05:43:36.265+0000] {processor.py:830} INFO - Processing file /home/airflow/.local/lib/python3.12/site-packages/airflow/example_dags/tutorial_objectstorage.py for tasks to queue
[2025-08-26T05:43:36.282+0000] {logging_mixin.py:188} INFO - [2025-08-26T05:43:36.281+0000] {dagbag.py:545} INFO - Filling up the DagBag from /home/airflow/.local/lib/python3.12/site-packages/airflow/example_dags/tutorial_objectstorage.py
[2025-08-26T05:43:36.359+0000] {processor.py:840} INFO - DAG(s) 'tutorial_objectstorage' retrieved from /home/airflow/.local/lib/python3.12/site-packages/airflow/example_dags/tutorial_objectstorage.py
[2025-08-26T05:43:36.617+0000] {logging_mixin.py:188} INFO - [2025-08-26T05:43:36.616+0000] {dag.py:3096} INFO - Sync 1 DAGs
[2025-08-26T05:43:36.813+0000] {logging_mixin.py:188} INFO - [2025-08-26T05:43:36.812+0000] {dag.py:3954} INFO - Setting next_dagrun for tutorial_objectstorage to None, run_after=None
[2025-08-26T05:43:37.357+0000] {processor.py:183} INFO - Processing /home/airflow/.local/lib/python3.12/site-packages/airflow/example_dags/tutorial_objectstorage.py took 1.199 seconds
[2025-08-26T05:44:12.924+0000] {processor.py:161} INFO - Started process (PID=4931) to work on /home/airflow/.local/lib/python3.12/site-packages/airflow/example_dags/tutorial_objectstorage.py
[2025-08-26T05:44:12.933+0000] {processor.py:830} INFO - Processing file /home/airflow/.local/lib/python3.12/site-packages/airflow/example_dags/tutorial_objectstorage.py for tasks to queue
[2025-08-26T05:44:12.939+0000] {logging_mixin.py:188} INFO - [2025-08-26T05:44:12.937+0000] {dagbag.py:545} INFO - Filling up the DagBag from /home/airflow/.local/lib/python3.12/site-packages/airflow/example_dags/tutorial_objectstorage.py
[2025-08-26T05:44:12.985+0000] {processor.py:840} INFO - DAG(s) 'tutorial_objectstorage' retrieved from /home/airflow/.local/lib/python3.12/site-packages/airflow/example_dags/tutorial_objectstorage.py
[2025-08-26T05:44:13.073+0000] {logging_mixin.py:188} INFO - [2025-08-26T05:44:13.072+0000] {dag.py:3096} INFO - Sync 1 DAGs
[2025-08-26T05:44:13.151+0000] {logging_mixin.py:188} INFO - [2025-08-26T05:44:13.149+0000] {dag.py:3954} INFO - Setting next_dagrun for tutorial_objectstorage to None, run_after=None
[2025-08-26T05:44:13.266+0000] {processor.py:183} INFO - Processing /home/airflow/.local/lib/python3.12/site-packages/airflow/example_dags/tutorial_objectstorage.py took 0.373 seconds
[2025-08-26T05:44:48.438+0000] {processor.py:161} INFO - Started process (PID=5182) to work on /home/airflow/.local/lib/python3.12/site-packages/airflow/example_dags/tutorial_objectstorage.py
[2025-08-26T05:44:48.463+0000] {processor.py:830} INFO - Processing file /home/airflow/.local/lib/python3.12/site-packages/airflow/example_dags/tutorial_objectstorage.py for tasks to queue
[2025-08-26T05:44:48.466+0000] {logging_mixin.py:188} INFO - [2025-08-26T05:44:48.465+0000] {dagbag.py:545} INFO - Filling up the DagBag from /home/airflow/.local/lib/python3.12/site-packages/airflow/example_dags/tutorial_objectstorage.py
[2025-08-26T05:44:48.543+0000] {processor.py:840} INFO - DAG(s) 'tutorial_objectstorage' retrieved from /home/airflow/.local/lib/python3.12/site-packages/airflow/example_dags/tutorial_objectstorage.py
[2025-08-26T05:44:48.711+0000] {logging_mixin.py:188} INFO - [2025-08-26T05:44:48.710+0000] {dag.py:3096} INFO - Sync 1 DAGs
[2025-08-26T05:44:48.880+0000] {logging_mixin.py:188} INFO - [2025-08-26T05:44:48.879+0000] {dag.py:3954} INFO - Setting next_dagrun for tutorial_objectstorage to None, run_after=None
[2025-08-26T05:44:49.055+0000] {processor.py:183} INFO - Processing /home/airflow/.local/lib/python3.12/site-packages/airflow/example_dags/tutorial_objectstorage.py took 0.674 seconds
[2025-08-26T05:45:21.856+0000] {processor.py:161} INFO - Started process (PID=5444) to work on /home/airflow/.local/lib/python3.12/site-packages/airflow/example_dags/tutorial_objectstorage.py
[2025-08-26T05:45:21.868+0000] {processor.py:830} INFO - Processing file /home/airflow/.local/lib/python3.12/site-packages/airflow/example_dags/tutorial_objectstorage.py for tasks to queue
[2025-08-26T05:45:21.873+0000] {logging_mixin.py:188} INFO - [2025-08-26T05:45:21.872+0000] {dagbag.py:545} INFO - Filling up the DagBag from /home/airflow/.local/lib/python3.12/site-packages/airflow/example_dags/tutorial_objectstorage.py
[2025-08-26T05:45:21.970+0000] {processor.py:840} INFO - DAG(s) 'tutorial_objectstorage' retrieved from /home/airflow/.local/lib/python3.12/site-packages/airflow/example_dags/tutorial_objectstorage.py
[2025-08-26T05:45:22.346+0000] {logging_mixin.py:188} INFO - [2025-08-26T05:45:22.345+0000] {dag.py:3096} INFO - Sync 1 DAGs
[2025-08-26T05:45:22.442+0000] {logging_mixin.py:188} INFO - [2025-08-26T05:45:22.441+0000] {dag.py:3954} INFO - Setting next_dagrun for tutorial_objectstorage to None, run_after=None
[2025-08-26T05:45:22.709+0000] {processor.py:183} INFO - Processing /home/airflow/.local/lib/python3.12/site-packages/airflow/example_dags/tutorial_objectstorage.py took 0.887 seconds
[2025-08-26T05:45:55.233+0000] {processor.py:161} INFO - Started process (PID=5707) to work on /home/airflow/.local/lib/python3.12/site-packages/airflow/example_dags/tutorial_objectstorage.py
[2025-08-26T05:45:55.246+0000] {processor.py:830} INFO - Processing file /home/airflow/.local/lib/python3.12/site-packages/airflow/example_dags/tutorial_objectstorage.py for tasks to queue
[2025-08-26T05:45:55.258+0000] {logging_mixin.py:188} INFO - [2025-08-26T05:45:55.257+0000] {dagbag.py:545} INFO - Filling up the DagBag from /home/airflow/.local/lib/python3.12/site-packages/airflow/example_dags/tutorial_objectstorage.py
[2025-08-26T05:45:55.330+0000] {processor.py:840} INFO - DAG(s) 'tutorial_objectstorage' retrieved from /home/airflow/.local/lib/python3.12/site-packages/airflow/example_dags/tutorial_objectstorage.py
[2025-08-26T05:45:55.548+0000] {logging_mixin.py:188} INFO - [2025-08-26T05:45:55.547+0000] {dag.py:3096} INFO - Sync 1 DAGs
[2025-08-26T05:45:55.689+0000] {logging_mixin.py:188} INFO - [2025-08-26T05:45:55.688+0000] {dag.py:3954} INFO - Setting next_dagrun for tutorial_objectstorage to None, run_after=None
[2025-08-26T05:45:55.931+0000] {processor.py:183} INFO - Processing /home/airflow/.local/lib/python3.12/site-packages/airflow/example_dags/tutorial_objectstorage.py took 0.742 seconds
[2025-08-26T05:46:27.078+0000] {processor.py:161} INFO - Started process (PID=5969) to work on /home/airflow/.local/lib/python3.12/site-packages/airflow/example_dags/tutorial_objectstorage.py
[2025-08-26T05:46:27.087+0000] {processor.py:830} INFO - Processing file /home/airflow/.local/lib/python3.12/site-packages/airflow/example_dags/tutorial_objectstorage.py for tasks to queue
[2025-08-26T05:46:27.097+0000] {logging_mixin.py:188} INFO - [2025-08-26T05:46:27.096+0000] {dagbag.py:545} INFO - Filling up the DagBag from /home/airflow/.local/lib/python3.12/site-packages/airflow/example_dags/tutorial_objectstorage.py
[2025-08-26T05:46:27.135+0000] {processor.py:840} INFO - DAG(s) 'tutorial_objectstorage' retrieved from /home/airflow/.local/lib/python3.12/site-packages/airflow/example_dags/tutorial_objectstorage.py
[2025-08-26T05:46:27.236+0000] {logging_mixin.py:188} INFO - [2025-08-26T05:46:27.236+0000] {dag.py:3096} INFO - Sync 1 DAGs
[2025-08-26T05:46:27.330+0000] {logging_mixin.py:188} INFO - [2025-08-26T05:46:27.329+0000] {dag.py:3954} INFO - Setting next_dagrun for tutorial_objectstorage to None, run_after=None
[2025-08-26T05:46:27.477+0000] {processor.py:183} INFO - Processing /home/airflow/.local/lib/python3.12/site-packages/airflow/example_dags/tutorial_objectstorage.py took 0.428 seconds
[2025-08-26T05:46:58.106+0000] {processor.py:161} INFO - Started process (PID=6231) to work on /home/airflow/.local/lib/python3.12/site-packages/airflow/example_dags/tutorial_objectstorage.py
[2025-08-26T05:46:58.126+0000] {processor.py:830} INFO - Processing file /home/airflow/.local/lib/python3.12/site-packages/airflow/example_dags/tutorial_objectstorage.py for tasks to queue
[2025-08-26T05:46:58.134+0000] {logging_mixin.py:188} INFO - [2025-08-26T05:46:58.132+0000] {dagbag.py:545} INFO - Filling up the DagBag from /home/airflow/.local/lib/python3.12/site-packages/airflow/example_dags/tutorial_objectstorage.py
[2025-08-26T05:46:58.219+0000] {processor.py:840} INFO - DAG(s) 'tutorial_objectstorage' retrieved from /home/airflow/.local/lib/python3.12/site-packages/airflow/example_dags/tutorial_objectstorage.py
[2025-08-26T05:46:58.417+0000] {logging_mixin.py:188} INFO - [2025-08-26T05:46:58.417+0000] {dag.py:3096} INFO - Sync 1 DAGs
[2025-08-26T05:46:58.590+0000] {logging_mixin.py:188} INFO - [2025-08-26T05:46:58.581+0000] {dag.py:3954} INFO - Setting next_dagrun for tutorial_objectstorage to None, run_after=None
[2025-08-26T05:46:58.806+0000] {processor.py:183} INFO - Processing /home/airflow/.local/lib/python3.12/site-packages/airflow/example_dags/tutorial_objectstorage.py took 0.760 seconds
[2025-08-26T05:47:37.031+0000] {processor.py:161} INFO - Started process (PID=6489) to work on /home/airflow/.local/lib/python3.12/site-packages/airflow/example_dags/tutorial_objectstorage.py
[2025-08-26T05:47:37.043+0000] {processor.py:830} INFO - Processing file /home/airflow/.local/lib/python3.12/site-packages/airflow/example_dags/tutorial_objectstorage.py for tasks to queue
[2025-08-26T05:47:37.055+0000] {logging_mixin.py:188} INFO - [2025-08-26T05:47:37.047+0000] {dagbag.py:545} INFO - Filling up the DagBag from /home/airflow/.local/lib/python3.12/site-packages/airflow/example_dags/tutorial_objectstorage.py
[2025-08-26T05:47:37.141+0000] {processor.py:840} INFO - DAG(s) 'tutorial_objectstorage' retrieved from /home/airflow/.local/lib/python3.12/site-packages/airflow/example_dags/tutorial_objectstorage.py
[2025-08-26T05:47:37.280+0000] {logging_mixin.py:188} INFO - [2025-08-26T05:47:37.279+0000] {dag.py:3096} INFO - Sync 1 DAGs
[2025-08-26T05:47:37.355+0000] {logging_mixin.py:188} INFO - [2025-08-26T05:47:37.354+0000] {dag.py:3954} INFO - Setting next_dagrun for tutorial_objectstorage to None, run_after=None
[2025-08-26T05:47:37.460+0000] {processor.py:183} INFO - Processing /home/airflow/.local/lib/python3.12/site-packages/airflow/example_dags/tutorial_objectstorage.py took 0.532 seconds
