[2025-08-26T04:30:17.630+0000] {processor.py:161} INFO - Started process (PID=389) to work on /home/airflow/.local/lib/python3.12/site-packages/airflow/example_dags/tutorial.py
[2025-08-26T04:30:17.635+0000] {processor.py:830} INFO - Processing file /home/airflow/.local/lib/python3.12/site-packages/airflow/example_dags/tutorial.py for tasks to queue
[2025-08-26T04:30:17.685+0000] {logging_mixin.py:188} INFO - [2025-08-26T04:30:17.683+0000] {dagbag.py:545} INFO - Filling up the DagBag from /home/airflow/.local/lib/python3.12/site-packages/airflow/example_dags/tutorial.py
[2025-08-26T04:30:17.790+0000] {processor.py:840} INFO - DAG(s) 'tutorial' retrieved from /home/airflow/.local/lib/python3.12/site-packages/airflow/example_dags/tutorial.py
[2025-08-26T04:30:19.258+0000] {logging_mixin.py:188} INFO - [2025-08-26T04:30:19.255+0000] {override.py:1829} INFO - Created Permission View: can delete on DAG:tutorial
[2025-08-26T04:30:19.429+0000] {logging_mixin.py:188} INFO - [2025-08-26T04:30:19.428+0000] {override.py:1829} INFO - Created Permission View: can read on DAG:tutorial
[2025-08-26T04:30:19.507+0000] {logging_mixin.py:188} INFO - [2025-08-26T04:30:19.505+0000] {override.py:1829} INFO - Created Permission View: can edit on DAG:tutorial
[2025-08-26T04:30:19.509+0000] {logging_mixin.py:188} INFO - [2025-08-26T04:30:19.509+0000] {dag.py:3096} INFO - Sync 1 DAGs
[2025-08-26T04:30:19.859+0000] {logging_mixin.py:188} INFO - [2025-08-26T04:30:19.858+0000] {dag.py:3118} INFO - Creating ORM DAG for tutorial
[2025-08-26T04:30:20.027+0000] {logging_mixin.py:188} INFO - [2025-08-26T04:30:20.026+0000] {dag.py:3954} INFO - Setting next_dagrun for tutorial to 2025-08-25 00:00:00+00:00, run_after=2025-08-26 00:00:00+00:00
[2025-08-26T04:30:20.197+0000] {processor.py:183} INFO - Processing /home/airflow/.local/lib/python3.12/site-packages/airflow/example_dags/tutorial.py took 2.817 seconds
[2025-08-26T04:31:07.092+0000] {processor.py:161} INFO - Started process (PID=658) to work on /home/airflow/.local/lib/python3.12/site-packages/airflow/example_dags/tutorial.py
[2025-08-26T04:31:07.096+0000] {processor.py:830} INFO - Processing file /home/airflow/.local/lib/python3.12/site-packages/airflow/example_dags/tutorial.py for tasks to queue
[2025-08-26T04:31:07.110+0000] {logging_mixin.py:188} INFO - [2025-08-26T04:31:07.109+0000] {dagbag.py:545} INFO - Filling up the DagBag from /home/airflow/.local/lib/python3.12/site-packages/airflow/example_dags/tutorial.py
[2025-08-26T04:31:07.174+0000] {processor.py:840} INFO - DAG(s) 'tutorial' retrieved from /home/airflow/.local/lib/python3.12/site-packages/airflow/example_dags/tutorial.py
[2025-08-26T04:31:07.288+0000] {logging_mixin.py:188} INFO - [2025-08-26T04:31:07.287+0000] {dag.py:3096} INFO - Sync 1 DAGs
[2025-08-26T04:31:07.396+0000] {logging_mixin.py:188} INFO - [2025-08-26T04:31:07.395+0000] {dag.py:3954} INFO - Setting next_dagrun for tutorial to 2025-08-25 00:00:00+00:00, run_after=2025-08-26 00:00:00+00:00
[2025-08-26T04:31:07.560+0000] {processor.py:183} INFO - Processing /home/airflow/.local/lib/python3.12/site-packages/airflow/example_dags/tutorial.py took 0.501 seconds
[2025-08-26T04:31:43.917+0000] {processor.py:161} INFO - Started process (PID=920) to work on /home/airflow/.local/lib/python3.12/site-packages/airflow/example_dags/tutorial.py
[2025-08-26T04:31:43.935+0000] {processor.py:830} INFO - Processing file /home/airflow/.local/lib/python3.12/site-packages/airflow/example_dags/tutorial.py for tasks to queue
[2025-08-26T04:31:43.992+0000] {logging_mixin.py:188} INFO - [2025-08-26T04:31:43.979+0000] {dagbag.py:545} INFO - Filling up the DagBag from /home/airflow/.local/lib/python3.12/site-packages/airflow/example_dags/tutorial.py
[2025-08-26T04:31:44.042+0000] {processor.py:840} INFO - DAG(s) 'tutorial' retrieved from /home/airflow/.local/lib/python3.12/site-packages/airflow/example_dags/tutorial.py
[2025-08-26T04:31:44.306+0000] {logging_mixin.py:188} INFO - [2025-08-26T04:31:44.305+0000] {dag.py:3096} INFO - Sync 1 DAGs
[2025-08-26T04:31:44.524+0000] {logging_mixin.py:188} INFO - [2025-08-26T04:31:44.524+0000] {dag.py:3954} INFO - Setting next_dagrun for tutorial to 2025-08-25 00:00:00+00:00, run_after=2025-08-26 00:00:00+00:00
[2025-08-26T04:31:44.686+0000] {processor.py:183} INFO - Processing /home/airflow/.local/lib/python3.12/site-packages/airflow/example_dags/tutorial.py took 0.991 seconds
[2025-08-26T04:32:16.815+0000] {processor.py:161} INFO - Started process (PID=1181) to work on /home/airflow/.local/lib/python3.12/site-packages/airflow/example_dags/tutorial.py
[2025-08-26T04:32:16.822+0000] {processor.py:830} INFO - Processing file /home/airflow/.local/lib/python3.12/site-packages/airflow/example_dags/tutorial.py for tasks to queue
[2025-08-26T04:32:16.831+0000] {logging_mixin.py:188} INFO - [2025-08-26T04:32:16.830+0000] {dagbag.py:545} INFO - Filling up the DagBag from /home/airflow/.local/lib/python3.12/site-packages/airflow/example_dags/tutorial.py
[2025-08-26T04:32:16.870+0000] {processor.py:840} INFO - DAG(s) 'tutorial' retrieved from /home/airflow/.local/lib/python3.12/site-packages/airflow/example_dags/tutorial.py
[2025-08-26T04:32:16.992+0000] {logging_mixin.py:188} INFO - [2025-08-26T04:32:16.991+0000] {dag.py:3096} INFO - Sync 1 DAGs
[2025-08-26T04:32:17.108+0000] {logging_mixin.py:188} INFO - [2025-08-26T04:32:17.106+0000] {dag.py:3954} INFO - Setting next_dagrun for tutorial to 2025-08-25 00:00:00+00:00, run_after=2025-08-26 00:00:00+00:00
[2025-08-26T04:32:17.184+0000] {processor.py:183} INFO - Processing /home/airflow/.local/lib/python3.12/site-packages/airflow/example_dags/tutorial.py took 0.394 seconds
[2025-08-26T04:33:02.600+0000] {processor.py:161} INFO - Started process (PID=1469) to work on /home/airflow/.local/lib/python3.12/site-packages/airflow/example_dags/tutorial.py
[2025-08-26T04:33:02.605+0000] {processor.py:830} INFO - Processing file /home/airflow/.local/lib/python3.12/site-packages/airflow/example_dags/tutorial.py for tasks to queue
[2025-08-26T04:33:02.628+0000] {logging_mixin.py:188} INFO - [2025-08-26T04:33:02.625+0000] {dagbag.py:545} INFO - Filling up the DagBag from /home/airflow/.local/lib/python3.12/site-packages/airflow/example_dags/tutorial.py
[2025-08-26T04:33:02.705+0000] {processor.py:840} INFO - DAG(s) 'tutorial' retrieved from /home/airflow/.local/lib/python3.12/site-packages/airflow/example_dags/tutorial.py
[2025-08-26T04:33:02.920+0000] {logging_mixin.py:188} INFO - [2025-08-26T04:33:02.920+0000] {dag.py:3096} INFO - Sync 1 DAGs
[2025-08-26T04:33:03.099+0000] {logging_mixin.py:188} INFO - [2025-08-26T04:33:03.087+0000] {dag.py:3954} INFO - Setting next_dagrun for tutorial to 2025-08-25 00:00:00+00:00, run_after=2025-08-26 00:00:00+00:00
[2025-08-26T04:33:03.262+0000] {processor.py:183} INFO - Processing /home/airflow/.local/lib/python3.12/site-packages/airflow/example_dags/tutorial.py took 0.732 seconds
[2025-08-26T04:33:33.836+0000] {processor.py:161} INFO - Started process (PID=1731) to work on /home/airflow/.local/lib/python3.12/site-packages/airflow/example_dags/tutorial.py
[2025-08-26T04:33:33.845+0000] {processor.py:830} INFO - Processing file /home/airflow/.local/lib/python3.12/site-packages/airflow/example_dags/tutorial.py for tasks to queue
[2025-08-26T04:33:33.892+0000] {logging_mixin.py:188} INFO - [2025-08-26T04:33:33.872+0000] {dagbag.py:545} INFO - Filling up the DagBag from /home/airflow/.local/lib/python3.12/site-packages/airflow/example_dags/tutorial.py
[2025-08-26T04:33:33.989+0000] {processor.py:840} INFO - DAG(s) 'tutorial' retrieved from /home/airflow/.local/lib/python3.12/site-packages/airflow/example_dags/tutorial.py
[2025-08-26T04:33:34.119+0000] {logging_mixin.py:188} INFO - [2025-08-26T04:33:34.119+0000] {dag.py:3096} INFO - Sync 1 DAGs
[2025-08-26T04:33:34.269+0000] {logging_mixin.py:188} INFO - [2025-08-26T04:33:34.256+0000] {dag.py:3954} INFO - Setting next_dagrun for tutorial to 2025-08-25 00:00:00+00:00, run_after=2025-08-26 00:00:00+00:00
[2025-08-26T04:33:34.415+0000] {processor.py:183} INFO - Processing /home/airflow/.local/lib/python3.12/site-packages/airflow/example_dags/tutorial.py took 0.637 seconds
[2025-08-26T04:34:05.344+0000] {processor.py:161} INFO - Started process (PID=1993) to work on /home/airflow/.local/lib/python3.12/site-packages/airflow/example_dags/tutorial.py
[2025-08-26T04:34:05.356+0000] {processor.py:830} INFO - Processing file /home/airflow/.local/lib/python3.12/site-packages/airflow/example_dags/tutorial.py for tasks to queue
[2025-08-26T04:34:05.366+0000] {logging_mixin.py:188} INFO - [2025-08-26T04:34:05.362+0000] {dagbag.py:545} INFO - Filling up the DagBag from /home/airflow/.local/lib/python3.12/site-packages/airflow/example_dags/tutorial.py
[2025-08-26T04:34:05.402+0000] {processor.py:840} INFO - DAG(s) 'tutorial' retrieved from /home/airflow/.local/lib/python3.12/site-packages/airflow/example_dags/tutorial.py
[2025-08-26T04:34:05.517+0000] {logging_mixin.py:188} INFO - [2025-08-26T04:34:05.517+0000] {dag.py:3096} INFO - Sync 1 DAGs
[2025-08-26T04:34:05.665+0000] {logging_mixin.py:188} INFO - [2025-08-26T04:34:05.664+0000] {dag.py:3954} INFO - Setting next_dagrun for tutorial to 2025-08-25 00:00:00+00:00, run_after=2025-08-26 00:00:00+00:00
[2025-08-26T04:34:05.778+0000] {processor.py:183} INFO - Processing /home/airflow/.local/lib/python3.12/site-packages/airflow/example_dags/tutorial.py took 0.467 seconds
[2025-08-26T04:34:36.648+0000] {processor.py:161} INFO - Started process (PID=2255) to work on /home/airflow/.local/lib/python3.12/site-packages/airflow/example_dags/tutorial.py
[2025-08-26T04:34:36.660+0000] {processor.py:830} INFO - Processing file /home/airflow/.local/lib/python3.12/site-packages/airflow/example_dags/tutorial.py for tasks to queue
[2025-08-26T04:34:36.669+0000] {logging_mixin.py:188} INFO - [2025-08-26T04:34:36.668+0000] {dagbag.py:545} INFO - Filling up the DagBag from /home/airflow/.local/lib/python3.12/site-packages/airflow/example_dags/tutorial.py
[2025-08-26T04:34:36.706+0000] {processor.py:840} INFO - DAG(s) 'tutorial' retrieved from /home/airflow/.local/lib/python3.12/site-packages/airflow/example_dags/tutorial.py
[2025-08-26T04:34:36.875+0000] {logging_mixin.py:188} INFO - [2025-08-26T04:34:36.875+0000] {dag.py:3096} INFO - Sync 1 DAGs
[2025-08-26T04:34:37.028+0000] {logging_mixin.py:188} INFO - [2025-08-26T04:34:37.026+0000] {dag.py:3954} INFO - Setting next_dagrun for tutorial to 2025-08-25 00:00:00+00:00, run_after=2025-08-26 00:00:00+00:00
[2025-08-26T04:34:37.196+0000] {processor.py:183} INFO - Processing /home/airflow/.local/lib/python3.12/site-packages/airflow/example_dags/tutorial.py took 0.599 seconds
[2025-08-26T04:35:07.573+0000] {processor.py:161} INFO - Started process (PID=2516) to work on /home/airflow/.local/lib/python3.12/site-packages/airflow/example_dags/tutorial.py
[2025-08-26T04:35:07.579+0000] {processor.py:830} INFO - Processing file /home/airflow/.local/lib/python3.12/site-packages/airflow/example_dags/tutorial.py for tasks to queue
[2025-08-26T04:35:07.589+0000] {logging_mixin.py:188} INFO - [2025-08-26T04:35:07.587+0000] {dagbag.py:545} INFO - Filling up the DagBag from /home/airflow/.local/lib/python3.12/site-packages/airflow/example_dags/tutorial.py
[2025-08-26T04:35:07.613+0000] {processor.py:840} INFO - DAG(s) 'tutorial' retrieved from /home/airflow/.local/lib/python3.12/site-packages/airflow/example_dags/tutorial.py
[2025-08-26T04:35:07.709+0000] {logging_mixin.py:188} INFO - [2025-08-26T04:35:07.707+0000] {dag.py:3096} INFO - Sync 1 DAGs
[2025-08-26T04:35:07.827+0000] {logging_mixin.py:188} INFO - [2025-08-26T04:35:07.827+0000] {dag.py:3954} INFO - Setting next_dagrun for tutorial to 2025-08-25 00:00:00+00:00, run_after=2025-08-26 00:00:00+00:00
[2025-08-26T04:35:07.925+0000] {processor.py:183} INFO - Processing /home/airflow/.local/lib/python3.12/site-packages/airflow/example_dags/tutorial.py took 0.383 seconds
[2025-08-26T04:35:39.140+0000] {processor.py:161} INFO - Started process (PID=2773) to work on /home/airflow/.local/lib/python3.12/site-packages/airflow/example_dags/tutorial.py
[2025-08-26T04:35:39.145+0000] {processor.py:830} INFO - Processing file /home/airflow/.local/lib/python3.12/site-packages/airflow/example_dags/tutorial.py for tasks to queue
[2025-08-26T04:35:39.155+0000] {logging_mixin.py:188} INFO - [2025-08-26T04:35:39.153+0000] {dagbag.py:545} INFO - Filling up the DagBag from /home/airflow/.local/lib/python3.12/site-packages/airflow/example_dags/tutorial.py
[2025-08-26T04:35:39.182+0000] {processor.py:840} INFO - DAG(s) 'tutorial' retrieved from /home/airflow/.local/lib/python3.12/site-packages/airflow/example_dags/tutorial.py
[2025-08-26T04:35:39.278+0000] {logging_mixin.py:188} INFO - [2025-08-26T04:35:39.277+0000] {dag.py:3096} INFO - Sync 1 DAGs
[2025-08-26T04:35:39.387+0000] {logging_mixin.py:188} INFO - [2025-08-26T04:35:39.386+0000] {dag.py:3954} INFO - Setting next_dagrun for tutorial to 2025-08-25 00:00:00+00:00, run_after=2025-08-26 00:00:00+00:00
[2025-08-26T04:35:39.523+0000] {processor.py:183} INFO - Processing /home/airflow/.local/lib/python3.12/site-packages/airflow/example_dags/tutorial.py took 0.411 seconds
[2025-08-26T04:36:13.822+0000] {processor.py:161} INFO - Started process (PID=3042) to work on /home/airflow/.local/lib/python3.12/site-packages/airflow/example_dags/tutorial.py
[2025-08-26T04:36:13.828+0000] {processor.py:830} INFO - Processing file /home/airflow/.local/lib/python3.12/site-packages/airflow/example_dags/tutorial.py for tasks to queue
[2025-08-26T04:36:13.844+0000] {logging_mixin.py:188} INFO - [2025-08-26T04:36:13.843+0000] {dagbag.py:545} INFO - Filling up the DagBag from /home/airflow/.local/lib/python3.12/site-packages/airflow/example_dags/tutorial.py
[2025-08-26T04:36:13.888+0000] {processor.py:840} INFO - DAG(s) 'tutorial' retrieved from /home/airflow/.local/lib/python3.12/site-packages/airflow/example_dags/tutorial.py
[2025-08-26T04:36:14.036+0000] {logging_mixin.py:188} INFO - [2025-08-26T04:36:14.035+0000] {dag.py:3096} INFO - Sync 1 DAGs
[2025-08-26T04:36:14.211+0000] {logging_mixin.py:188} INFO - [2025-08-26T04:36:14.209+0000] {dag.py:3954} INFO - Setting next_dagrun for tutorial to 2025-08-25 00:00:00+00:00, run_after=2025-08-26 00:00:00+00:00
[2025-08-26T04:36:14.303+0000] {processor.py:183} INFO - Processing /home/airflow/.local/lib/python3.12/site-packages/airflow/example_dags/tutorial.py took 0.559 seconds
[2025-08-26T04:36:46.086+0000] {processor.py:161} INFO - Started process (PID=3303) to work on /home/airflow/.local/lib/python3.12/site-packages/airflow/example_dags/tutorial.py
[2025-08-26T04:36:46.091+0000] {processor.py:830} INFO - Processing file /home/airflow/.local/lib/python3.12/site-packages/airflow/example_dags/tutorial.py for tasks to queue
[2025-08-26T04:36:46.101+0000] {logging_mixin.py:188} INFO - [2025-08-26T04:36:46.100+0000] {dagbag.py:545} INFO - Filling up the DagBag from /home/airflow/.local/lib/python3.12/site-packages/airflow/example_dags/tutorial.py
[2025-08-26T04:36:46.131+0000] {processor.py:840} INFO - DAG(s) 'tutorial' retrieved from /home/airflow/.local/lib/python3.12/site-packages/airflow/example_dags/tutorial.py
[2025-08-26T04:36:46.273+0000] {logging_mixin.py:188} INFO - [2025-08-26T04:36:46.272+0000] {dag.py:3096} INFO - Sync 1 DAGs
[2025-08-26T04:36:46.385+0000] {logging_mixin.py:188} INFO - [2025-08-26T04:36:46.384+0000] {dag.py:3954} INFO - Setting next_dagrun for tutorial to 2025-08-25 00:00:00+00:00, run_after=2025-08-26 00:00:00+00:00
[2025-08-26T04:36:46.476+0000] {processor.py:183} INFO - Processing /home/airflow/.local/lib/python3.12/site-packages/airflow/example_dags/tutorial.py took 0.457 seconds
[2025-08-26T04:37:17.381+0000] {processor.py:161} INFO - Started process (PID=3565) to work on /home/airflow/.local/lib/python3.12/site-packages/airflow/example_dags/tutorial.py
[2025-08-26T04:37:17.388+0000] {processor.py:830} INFO - Processing file /home/airflow/.local/lib/python3.12/site-packages/airflow/example_dags/tutorial.py for tasks to queue
[2025-08-26T04:37:17.400+0000] {logging_mixin.py:188} INFO - [2025-08-26T04:37:17.399+0000] {dagbag.py:545} INFO - Filling up the DagBag from /home/airflow/.local/lib/python3.12/site-packages/airflow/example_dags/tutorial.py
[2025-08-26T04:37:17.475+0000] {processor.py:840} INFO - DAG(s) 'tutorial' retrieved from /home/airflow/.local/lib/python3.12/site-packages/airflow/example_dags/tutorial.py
[2025-08-26T04:37:17.595+0000] {logging_mixin.py:188} INFO - [2025-08-26T04:37:17.595+0000] {dag.py:3096} INFO - Sync 1 DAGs
[2025-08-26T04:37:17.722+0000] {logging_mixin.py:188} INFO - [2025-08-26T04:37:17.721+0000] {dag.py:3954} INFO - Setting next_dagrun for tutorial to 2025-08-25 00:00:00+00:00, run_after=2025-08-26 00:00:00+00:00
[2025-08-26T04:37:17.826+0000] {processor.py:183} INFO - Processing /home/airflow/.local/lib/python3.12/site-packages/airflow/example_dags/tutorial.py took 0.473 seconds
[2025-08-26T04:37:49.162+0000] {processor.py:161} INFO - Started process (PID=3826) to work on /home/airflow/.local/lib/python3.12/site-packages/airflow/example_dags/tutorial.py
[2025-08-26T04:37:49.165+0000] {processor.py:830} INFO - Processing file /home/airflow/.local/lib/python3.12/site-packages/airflow/example_dags/tutorial.py for tasks to queue
[2025-08-26T04:37:49.180+0000] {logging_mixin.py:188} INFO - [2025-08-26T04:37:49.179+0000] {dagbag.py:545} INFO - Filling up the DagBag from /home/airflow/.local/lib/python3.12/site-packages/airflow/example_dags/tutorial.py
[2025-08-26T04:37:49.220+0000] {processor.py:840} INFO - DAG(s) 'tutorial' retrieved from /home/airflow/.local/lib/python3.12/site-packages/airflow/example_dags/tutorial.py
[2025-08-26T04:37:49.381+0000] {logging_mixin.py:188} INFO - [2025-08-26T04:37:49.379+0000] {dag.py:3096} INFO - Sync 1 DAGs
[2025-08-26T04:37:49.546+0000] {logging_mixin.py:188} INFO - [2025-08-26T04:37:49.545+0000] {dag.py:3954} INFO - Setting next_dagrun for tutorial to 2025-08-25 00:00:00+00:00, run_after=2025-08-26 00:00:00+00:00
[2025-08-26T04:37:49.643+0000] {processor.py:183} INFO - Processing /home/airflow/.local/lib/python3.12/site-packages/airflow/example_dags/tutorial.py took 0.517 seconds
[2025-08-26T04:38:20.595+0000] {processor.py:161} INFO - Started process (PID=4084) to work on /home/airflow/.local/lib/python3.12/site-packages/airflow/example_dags/tutorial.py
[2025-08-26T04:38:20.601+0000] {processor.py:830} INFO - Processing file /home/airflow/.local/lib/python3.12/site-packages/airflow/example_dags/tutorial.py for tasks to queue
[2025-08-26T04:38:20.613+0000] {logging_mixin.py:188} INFO - [2025-08-26T04:38:20.608+0000] {dagbag.py:545} INFO - Filling up the DagBag from /home/airflow/.local/lib/python3.12/site-packages/airflow/example_dags/tutorial.py
[2025-08-26T04:38:20.643+0000] {processor.py:840} INFO - DAG(s) 'tutorial' retrieved from /home/airflow/.local/lib/python3.12/site-packages/airflow/example_dags/tutorial.py
[2025-08-26T04:38:20.771+0000] {logging_mixin.py:188} INFO - [2025-08-26T04:38:20.771+0000] {dag.py:3096} INFO - Sync 1 DAGs
[2025-08-26T04:38:20.933+0000] {logging_mixin.py:188} INFO - [2025-08-26T04:38:20.932+0000] {dag.py:3954} INFO - Setting next_dagrun for tutorial to 2025-08-25 00:00:00+00:00, run_after=2025-08-26 00:00:00+00:00
[2025-08-26T04:38:21.059+0000] {processor.py:183} INFO - Processing /home/airflow/.local/lib/python3.12/site-packages/airflow/example_dags/tutorial.py took 0.494 seconds
[2025-08-26T04:38:51.272+0000] {processor.py:161} INFO - Started process (PID=4346) to work on /home/airflow/.local/lib/python3.12/site-packages/airflow/example_dags/tutorial.py
[2025-08-26T04:38:51.279+0000] {processor.py:830} INFO - Processing file /home/airflow/.local/lib/python3.12/site-packages/airflow/example_dags/tutorial.py for tasks to queue
[2025-08-26T04:38:51.290+0000] {logging_mixin.py:188} INFO - [2025-08-26T04:38:51.288+0000] {dagbag.py:545} INFO - Filling up the DagBag from /home/airflow/.local/lib/python3.12/site-packages/airflow/example_dags/tutorial.py
[2025-08-26T04:38:51.322+0000] {processor.py:840} INFO - DAG(s) 'tutorial' retrieved from /home/airflow/.local/lib/python3.12/site-packages/airflow/example_dags/tutorial.py
[2025-08-26T04:38:51.460+0000] {logging_mixin.py:188} INFO - [2025-08-26T04:38:51.459+0000] {dag.py:3096} INFO - Sync 1 DAGs
[2025-08-26T04:38:51.593+0000] {logging_mixin.py:188} INFO - [2025-08-26T04:38:51.591+0000] {dag.py:3954} INFO - Setting next_dagrun for tutorial to 2025-08-25 00:00:00+00:00, run_after=2025-08-26 00:00:00+00:00
[2025-08-26T04:38:51.817+0000] {processor.py:183} INFO - Processing /home/airflow/.local/lib/python3.12/site-packages/airflow/example_dags/tutorial.py took 0.576 seconds
[2025-08-26T04:39:22.160+0000] {processor.py:161} INFO - Started process (PID=4606) to work on /home/airflow/.local/lib/python3.12/site-packages/airflow/example_dags/tutorial.py
[2025-08-26T04:39:22.163+0000] {processor.py:830} INFO - Processing file /home/airflow/.local/lib/python3.12/site-packages/airflow/example_dags/tutorial.py for tasks to queue
[2025-08-26T04:39:22.175+0000] {logging_mixin.py:188} INFO - [2025-08-26T04:39:22.174+0000] {dagbag.py:545} INFO - Filling up the DagBag from /home/airflow/.local/lib/python3.12/site-packages/airflow/example_dags/tutorial.py
[2025-08-26T04:39:22.214+0000] {processor.py:840} INFO - DAG(s) 'tutorial' retrieved from /home/airflow/.local/lib/python3.12/site-packages/airflow/example_dags/tutorial.py
[2025-08-26T04:39:22.378+0000] {logging_mixin.py:188} INFO - [2025-08-26T04:39:22.377+0000] {dag.py:3096} INFO - Sync 1 DAGs
[2025-08-26T04:39:22.559+0000] {logging_mixin.py:188} INFO - [2025-08-26T04:39:22.558+0000] {dag.py:3954} INFO - Setting next_dagrun for tutorial to 2025-08-25 00:00:00+00:00, run_after=2025-08-26 00:00:00+00:00
[2025-08-26T04:39:22.740+0000] {processor.py:183} INFO - Processing /home/airflow/.local/lib/python3.12/site-packages/airflow/example_dags/tutorial.py took 0.630 seconds
[2025-08-26T04:40:09.728+0000] {processor.py:161} INFO - Started process (PID=4879) to work on /home/airflow/.local/lib/python3.12/site-packages/airflow/example_dags/tutorial.py
[2025-08-26T04:40:09.759+0000] {processor.py:830} INFO - Processing file /home/airflow/.local/lib/python3.12/site-packages/airflow/example_dags/tutorial.py for tasks to queue
[2025-08-26T04:40:09.810+0000] {logging_mixin.py:188} INFO - [2025-08-26T04:40:09.809+0000] {dagbag.py:545} INFO - Filling up the DagBag from /home/airflow/.local/lib/python3.12/site-packages/airflow/example_dags/tutorial.py
[2025-08-26T04:40:09.879+0000] {processor.py:840} INFO - DAG(s) 'tutorial' retrieved from /home/airflow/.local/lib/python3.12/site-packages/airflow/example_dags/tutorial.py
[2025-08-26T04:40:10.128+0000] {logging_mixin.py:188} INFO - [2025-08-26T04:40:10.117+0000] {dag.py:3096} INFO - Sync 1 DAGs
[2025-08-26T04:40:10.522+0000] {logging_mixin.py:188} INFO - [2025-08-26T04:40:10.521+0000] {dag.py:3954} INFO - Setting next_dagrun for tutorial to 2025-08-25 00:00:00+00:00, run_after=2025-08-26 00:00:00+00:00
[2025-08-26T04:40:10.954+0000] {processor.py:183} INFO - Processing /home/airflow/.local/lib/python3.12/site-packages/airflow/example_dags/tutorial.py took 1.269 seconds
[2025-08-26T04:40:44.313+0000] {processor.py:161} INFO - Started process (PID=5141) to work on /home/airflow/.local/lib/python3.12/site-packages/airflow/example_dags/tutorial.py
[2025-08-26T04:40:44.319+0000] {processor.py:830} INFO - Processing file /home/airflow/.local/lib/python3.12/site-packages/airflow/example_dags/tutorial.py for tasks to queue
[2025-08-26T04:40:44.335+0000] {logging_mixin.py:188} INFO - [2025-08-26T04:40:44.334+0000] {dagbag.py:545} INFO - Filling up the DagBag from /home/airflow/.local/lib/python3.12/site-packages/airflow/example_dags/tutorial.py
[2025-08-26T04:40:44.443+0000] {processor.py:840} INFO - DAG(s) 'tutorial' retrieved from /home/airflow/.local/lib/python3.12/site-packages/airflow/example_dags/tutorial.py
[2025-08-26T04:40:44.605+0000] {logging_mixin.py:188} INFO - [2025-08-26T04:40:44.604+0000] {dag.py:3096} INFO - Sync 1 DAGs
[2025-08-26T04:40:44.829+0000] {logging_mixin.py:188} INFO - [2025-08-26T04:40:44.828+0000] {dag.py:3954} INFO - Setting next_dagrun for tutorial to 2025-08-25 00:00:00+00:00, run_after=2025-08-26 00:00:00+00:00
[2025-08-26T04:40:45.054+0000] {processor.py:183} INFO - Processing /home/airflow/.local/lib/python3.12/site-packages/airflow/example_dags/tutorial.py took 0.809 seconds
[2025-08-26T04:41:15.608+0000] {processor.py:161} INFO - Started process (PID=5405) to work on /home/airflow/.local/lib/python3.12/site-packages/airflow/example_dags/tutorial.py
[2025-08-26T04:41:15.615+0000] {processor.py:830} INFO - Processing file /home/airflow/.local/lib/python3.12/site-packages/airflow/example_dags/tutorial.py for tasks to queue
[2025-08-26T04:41:15.635+0000] {logging_mixin.py:188} INFO - [2025-08-26T04:41:15.632+0000] {dagbag.py:545} INFO - Filling up the DagBag from /home/airflow/.local/lib/python3.12/site-packages/airflow/example_dags/tutorial.py
[2025-08-26T04:41:15.663+0000] {processor.py:840} INFO - DAG(s) 'tutorial' retrieved from /home/airflow/.local/lib/python3.12/site-packages/airflow/example_dags/tutorial.py
[2025-08-26T04:41:15.831+0000] {logging_mixin.py:188} INFO - [2025-08-26T04:41:15.830+0000] {dag.py:3096} INFO - Sync 1 DAGs
[2025-08-26T04:41:15.949+0000] {logging_mixin.py:188} INFO - [2025-08-26T04:41:15.949+0000] {dag.py:3954} INFO - Setting next_dagrun for tutorial to 2025-08-25 00:00:00+00:00, run_after=2025-08-26 00:00:00+00:00
[2025-08-26T04:41:16.082+0000] {processor.py:183} INFO - Processing /home/airflow/.local/lib/python3.12/site-packages/airflow/example_dags/tutorial.py took 0.517 seconds
[2025-08-26T04:41:50.326+0000] {processor.py:161} INFO - Started process (PID=5666) to work on /home/airflow/.local/lib/python3.12/site-packages/airflow/example_dags/tutorial.py
[2025-08-26T04:41:50.369+0000] {processor.py:830} INFO - Processing file /home/airflow/.local/lib/python3.12/site-packages/airflow/example_dags/tutorial.py for tasks to queue
[2025-08-26T04:41:50.440+0000] {logging_mixin.py:188} INFO - [2025-08-26T04:41:50.439+0000] {dagbag.py:545} INFO - Filling up the DagBag from /home/airflow/.local/lib/python3.12/site-packages/airflow/example_dags/tutorial.py
[2025-08-26T04:41:50.789+0000] {processor.py:840} INFO - DAG(s) 'tutorial' retrieved from /home/airflow/.local/lib/python3.12/site-packages/airflow/example_dags/tutorial.py
[2025-08-26T04:41:51.730+0000] {logging_mixin.py:188} INFO - [2025-08-26T04:41:51.729+0000] {dag.py:3096} INFO - Sync 1 DAGs
[2025-08-26T04:41:52.212+0000] {logging_mixin.py:188} INFO - [2025-08-26T04:41:52.211+0000] {dag.py:3954} INFO - Setting next_dagrun for tutorial to 2025-08-25 00:00:00+00:00, run_after=2025-08-26 00:00:00+00:00
[2025-08-26T04:41:53.152+0000] {processor.py:183} INFO - Processing /home/airflow/.local/lib/python3.12/site-packages/airflow/example_dags/tutorial.py took 2.892 seconds
[2025-08-26T04:42:38.900+0000] {processor.py:161} INFO - Started process (PID=5962) to work on /home/airflow/.local/lib/python3.12/site-packages/airflow/example_dags/tutorial.py
[2025-08-26T04:42:38.906+0000] {processor.py:830} INFO - Processing file /home/airflow/.local/lib/python3.12/site-packages/airflow/example_dags/tutorial.py for tasks to queue
[2025-08-26T04:42:38.913+0000] {logging_mixin.py:188} INFO - [2025-08-26T04:42:38.912+0000] {dagbag.py:545} INFO - Filling up the DagBag from /home/airflow/.local/lib/python3.12/site-packages/airflow/example_dags/tutorial.py
[2025-08-26T04:42:38.951+0000] {processor.py:840} INFO - DAG(s) 'tutorial' retrieved from /home/airflow/.local/lib/python3.12/site-packages/airflow/example_dags/tutorial.py
[2025-08-26T04:42:39.171+0000] {logging_mixin.py:188} INFO - [2025-08-26T04:42:39.170+0000] {dag.py:3096} INFO - Sync 1 DAGs
[2025-08-26T04:42:39.444+0000] {logging_mixin.py:188} INFO - [2025-08-26T04:42:39.443+0000] {dag.py:3954} INFO - Setting next_dagrun for tutorial to 2025-08-25 00:00:00+00:00, run_after=2025-08-26 00:00:00+00:00
[2025-08-26T04:42:39.932+0000] {processor.py:183} INFO - Processing /home/airflow/.local/lib/python3.12/site-packages/airflow/example_dags/tutorial.py took 1.068 seconds
[2025-08-26T04:43:13.631+0000] {processor.py:161} INFO - Started process (PID=6224) to work on /home/airflow/.local/lib/python3.12/site-packages/airflow/example_dags/tutorial.py
[2025-08-26T04:43:13.634+0000] {processor.py:830} INFO - Processing file /home/airflow/.local/lib/python3.12/site-packages/airflow/example_dags/tutorial.py for tasks to queue
[2025-08-26T04:43:13.680+0000] {logging_mixin.py:188} INFO - [2025-08-26T04:43:13.679+0000] {dagbag.py:545} INFO - Filling up the DagBag from /home/airflow/.local/lib/python3.12/site-packages/airflow/example_dags/tutorial.py
[2025-08-26T04:43:13.814+0000] {processor.py:840} INFO - DAG(s) 'tutorial' retrieved from /home/airflow/.local/lib/python3.12/site-packages/airflow/example_dags/tutorial.py
[2025-08-26T04:43:13.958+0000] {logging_mixin.py:188} INFO - [2025-08-26T04:43:13.958+0000] {dag.py:3096} INFO - Sync 1 DAGs
[2025-08-26T04:43:14.168+0000] {logging_mixin.py:188} INFO - [2025-08-26T04:43:14.168+0000] {dag.py:3954} INFO - Setting next_dagrun for tutorial to 2025-08-25 00:00:00+00:00, run_after=2025-08-26 00:00:00+00:00
[2025-08-26T04:43:14.325+0000] {processor.py:183} INFO - Processing /home/airflow/.local/lib/python3.12/site-packages/airflow/example_dags/tutorial.py took 0.806 seconds
[2025-08-26T04:43:57.642+0000] {processor.py:161} INFO - Started process (PID=6520) to work on /home/airflow/.local/lib/python3.12/site-packages/airflow/example_dags/tutorial.py
[2025-08-26T04:43:57.646+0000] {processor.py:830} INFO - Processing file /home/airflow/.local/lib/python3.12/site-packages/airflow/example_dags/tutorial.py for tasks to queue
[2025-08-26T04:43:57.659+0000] {logging_mixin.py:188} INFO - [2025-08-26T04:43:57.658+0000] {dagbag.py:545} INFO - Filling up the DagBag from /home/airflow/.local/lib/python3.12/site-packages/airflow/example_dags/tutorial.py
[2025-08-26T04:43:57.685+0000] {processor.py:840} INFO - DAG(s) 'tutorial' retrieved from /home/airflow/.local/lib/python3.12/site-packages/airflow/example_dags/tutorial.py
[2025-08-26T04:43:57.795+0000] {logging_mixin.py:188} INFO - [2025-08-26T04:43:57.794+0000] {dag.py:3096} INFO - Sync 1 DAGs
[2025-08-26T04:43:57.984+0000] {logging_mixin.py:188} INFO - [2025-08-26T04:43:57.983+0000] {dag.py:3954} INFO - Setting next_dagrun for tutorial to 2025-08-25 00:00:00+00:00, run_after=2025-08-26 00:00:00+00:00
[2025-08-26T04:43:58.521+0000] {processor.py:183} INFO - Processing /home/airflow/.local/lib/python3.12/site-packages/airflow/example_dags/tutorial.py took 0.930 seconds
[2025-08-26T04:44:32.730+0000] {processor.py:161} INFO - Started process (PID=6781) to work on /home/airflow/.local/lib/python3.12/site-packages/airflow/example_dags/tutorial.py
[2025-08-26T04:44:32.742+0000] {processor.py:830} INFO - Processing file /home/airflow/.local/lib/python3.12/site-packages/airflow/example_dags/tutorial.py for tasks to queue
[2025-08-26T04:44:32.759+0000] {logging_mixin.py:188} INFO - [2025-08-26T04:44:32.757+0000] {dagbag.py:545} INFO - Filling up the DagBag from /home/airflow/.local/lib/python3.12/site-packages/airflow/example_dags/tutorial.py
[2025-08-26T04:44:32.797+0000] {processor.py:840} INFO - DAG(s) 'tutorial' retrieved from /home/airflow/.local/lib/python3.12/site-packages/airflow/example_dags/tutorial.py
[2025-08-26T04:44:32.909+0000] {logging_mixin.py:188} INFO - [2025-08-26T04:44:32.909+0000] {dag.py:3096} INFO - Sync 1 DAGs
[2025-08-26T04:44:33.087+0000] {logging_mixin.py:188} INFO - [2025-08-26T04:44:33.086+0000] {dag.py:3954} INFO - Setting next_dagrun for tutorial to 2025-08-25 00:00:00+00:00, run_after=2025-08-26 00:00:00+00:00
[2025-08-26T04:44:33.262+0000] {processor.py:183} INFO - Processing /home/airflow/.local/lib/python3.12/site-packages/airflow/example_dags/tutorial.py took 0.576 seconds
[2025-08-26T04:45:08.812+0000] {processor.py:161} INFO - Started process (PID=7044) to work on /home/airflow/.local/lib/python3.12/site-packages/airflow/example_dags/tutorial.py
[2025-08-26T04:45:08.830+0000] {processor.py:830} INFO - Processing file /home/airflow/.local/lib/python3.12/site-packages/airflow/example_dags/tutorial.py for tasks to queue
[2025-08-26T04:45:08.848+0000] {logging_mixin.py:188} INFO - [2025-08-26T04:45:08.847+0000] {dagbag.py:545} INFO - Filling up the DagBag from /home/airflow/.local/lib/python3.12/site-packages/airflow/example_dags/tutorial.py
[2025-08-26T04:45:08.875+0000] {processor.py:840} INFO - DAG(s) 'tutorial' retrieved from /home/airflow/.local/lib/python3.12/site-packages/airflow/example_dags/tutorial.py
[2025-08-26T04:45:08.990+0000] {logging_mixin.py:188} INFO - [2025-08-26T04:45:08.989+0000] {dag.py:3096} INFO - Sync 1 DAGs
[2025-08-26T04:45:09.129+0000] {logging_mixin.py:188} INFO - [2025-08-26T04:45:09.128+0000] {dag.py:3954} INFO - Setting next_dagrun for tutorial to 2025-08-25 00:00:00+00:00, run_after=2025-08-26 00:00:00+00:00
[2025-08-26T04:45:09.451+0000] {processor.py:183} INFO - Processing /home/airflow/.local/lib/python3.12/site-packages/airflow/example_dags/tutorial.py took 0.695 seconds
[2025-08-26T04:45:44.835+0000] {processor.py:161} INFO - Started process (PID=7305) to work on /home/airflow/.local/lib/python3.12/site-packages/airflow/example_dags/tutorial.py
[2025-08-26T04:45:44.838+0000] {processor.py:830} INFO - Processing file /home/airflow/.local/lib/python3.12/site-packages/airflow/example_dags/tutorial.py for tasks to queue
[2025-08-26T04:45:44.867+0000] {logging_mixin.py:188} INFO - [2025-08-26T04:45:44.862+0000] {dagbag.py:545} INFO - Filling up the DagBag from /home/airflow/.local/lib/python3.12/site-packages/airflow/example_dags/tutorial.py
[2025-08-26T04:45:44.927+0000] {processor.py:840} INFO - DAG(s) 'tutorial' retrieved from /home/airflow/.local/lib/python3.12/site-packages/airflow/example_dags/tutorial.py
[2025-08-26T04:45:45.113+0000] {logging_mixin.py:188} INFO - [2025-08-26T04:45:45.112+0000] {dag.py:3096} INFO - Sync 1 DAGs
[2025-08-26T04:45:45.256+0000] {logging_mixin.py:188} INFO - [2025-08-26T04:45:45.255+0000] {dag.py:3954} INFO - Setting next_dagrun for tutorial to 2025-08-25 00:00:00+00:00, run_after=2025-08-26 00:00:00+00:00
[2025-08-26T04:45:45.422+0000] {processor.py:183} INFO - Processing /home/airflow/.local/lib/python3.12/site-packages/airflow/example_dags/tutorial.py took 0.653 seconds
[2025-08-26T04:46:29.107+0000] {processor.py:161} INFO - Started process (PID=7589) to work on /home/airflow/.local/lib/python3.12/site-packages/airflow/example_dags/tutorial.py
[2025-08-26T04:46:29.111+0000] {processor.py:830} INFO - Processing file /home/airflow/.local/lib/python3.12/site-packages/airflow/example_dags/tutorial.py for tasks to queue
[2025-08-26T04:46:29.133+0000] {logging_mixin.py:188} INFO - [2025-08-26T04:46:29.130+0000] {dagbag.py:545} INFO - Filling up the DagBag from /home/airflow/.local/lib/python3.12/site-packages/airflow/example_dags/tutorial.py
[2025-08-26T04:46:29.164+0000] {processor.py:840} INFO - DAG(s) 'tutorial' retrieved from /home/airflow/.local/lib/python3.12/site-packages/airflow/example_dags/tutorial.py
[2025-08-26T04:46:29.277+0000] {logging_mixin.py:188} INFO - [2025-08-26T04:46:29.276+0000] {dag.py:3096} INFO - Sync 1 DAGs
[2025-08-26T04:46:29.502+0000] {logging_mixin.py:188} INFO - [2025-08-26T04:46:29.492+0000] {dag.py:3954} INFO - Setting next_dagrun for tutorial to 2025-08-25 00:00:00+00:00, run_after=2025-08-26 00:00:00+00:00
[2025-08-26T04:46:29.780+0000] {processor.py:183} INFO - Processing /home/airflow/.local/lib/python3.12/site-packages/airflow/example_dags/tutorial.py took 0.704 seconds
[2025-08-26T04:47:02.219+0000] {processor.py:161} INFO - Started process (PID=7848) to work on /home/airflow/.local/lib/python3.12/site-packages/airflow/example_dags/tutorial.py
[2025-08-26T04:47:02.230+0000] {processor.py:830} INFO - Processing file /home/airflow/.local/lib/python3.12/site-packages/airflow/example_dags/tutorial.py for tasks to queue
[2025-08-26T04:47:02.249+0000] {logging_mixin.py:188} INFO - [2025-08-26T04:47:02.247+0000] {dagbag.py:545} INFO - Filling up the DagBag from /home/airflow/.local/lib/python3.12/site-packages/airflow/example_dags/tutorial.py
[2025-08-26T04:47:02.302+0000] {processor.py:840} INFO - DAG(s) 'tutorial' retrieved from /home/airflow/.local/lib/python3.12/site-packages/airflow/example_dags/tutorial.py
[2025-08-26T04:47:02.543+0000] {logging_mixin.py:188} INFO - [2025-08-26T04:47:02.542+0000] {dag.py:3096} INFO - Sync 1 DAGs
[2025-08-26T04:47:02.758+0000] {logging_mixin.py:188} INFO - [2025-08-26T04:47:02.758+0000] {dag.py:3954} INFO - Setting next_dagrun for tutorial to 2025-08-25 00:00:00+00:00, run_after=2025-08-26 00:00:00+00:00
[2025-08-26T04:47:02.907+0000] {processor.py:183} INFO - Processing /home/airflow/.local/lib/python3.12/site-packages/airflow/example_dags/tutorial.py took 0.739 seconds
[2025-08-26T04:49:50.819+0000] {processor.py:161} INFO - Started process (PID=373) to work on /home/airflow/.local/lib/python3.12/site-packages/airflow/example_dags/tutorial.py
[2025-08-26T04:49:50.823+0000] {processor.py:830} INFO - Processing file /home/airflow/.local/lib/python3.12/site-packages/airflow/example_dags/tutorial.py for tasks to queue
[2025-08-26T04:49:50.833+0000] {logging_mixin.py:188} INFO - [2025-08-26T04:49:50.831+0000] {dagbag.py:545} INFO - Filling up the DagBag from /home/airflow/.local/lib/python3.12/site-packages/airflow/example_dags/tutorial.py
[2025-08-26T04:49:50.905+0000] {processor.py:840} INFO - DAG(s) 'tutorial' retrieved from /home/airflow/.local/lib/python3.12/site-packages/airflow/example_dags/tutorial.py
[2025-08-26T04:49:51.624+0000] {logging_mixin.py:188} INFO - [2025-08-26T04:49:51.623+0000] {dag.py:3096} INFO - Sync 1 DAGs
[2025-08-26T04:49:51.715+0000] {logging_mixin.py:188} INFO - [2025-08-26T04:49:51.714+0000] {dag.py:3954} INFO - Setting next_dagrun for tutorial to 2025-08-25 00:00:00+00:00, run_after=2025-08-26 00:00:00+00:00
[2025-08-26T04:49:51.823+0000] {processor.py:183} INFO - Processing /home/airflow/.local/lib/python3.12/site-packages/airflow/example_dags/tutorial.py took 1.033 seconds
[2025-08-26T04:50:22.762+0000] {processor.py:161} INFO - Started process (PID=635) to work on /home/airflow/.local/lib/python3.12/site-packages/airflow/example_dags/tutorial.py
[2025-08-26T04:50:22.780+0000] {processor.py:830} INFO - Processing file /home/airflow/.local/lib/python3.12/site-packages/airflow/example_dags/tutorial.py for tasks to queue
[2025-08-26T04:50:22.808+0000] {logging_mixin.py:188} INFO - [2025-08-26T04:50:22.807+0000] {dagbag.py:545} INFO - Filling up the DagBag from /home/airflow/.local/lib/python3.12/site-packages/airflow/example_dags/tutorial.py
[2025-08-26T04:50:22.947+0000] {processor.py:840} INFO - DAG(s) 'tutorial' retrieved from /home/airflow/.local/lib/python3.12/site-packages/airflow/example_dags/tutorial.py
[2025-08-26T04:50:23.239+0000] {logging_mixin.py:188} INFO - [2025-08-26T04:50:23.237+0000] {dag.py:3096} INFO - Sync 1 DAGs
[2025-08-26T04:50:23.596+0000] {logging_mixin.py:188} INFO - [2025-08-26T04:50:23.595+0000] {dag.py:3954} INFO - Setting next_dagrun for tutorial to 2025-08-25 00:00:00+00:00, run_after=2025-08-26 00:00:00+00:00
[2025-08-26T04:50:23.858+0000] {processor.py:183} INFO - Processing /home/airflow/.local/lib/python3.12/site-packages/airflow/example_dags/tutorial.py took 1.146 seconds
[2025-08-26T04:50:54.400+0000] {processor.py:161} INFO - Started process (PID=897) to work on /home/airflow/.local/lib/python3.12/site-packages/airflow/example_dags/tutorial.py
[2025-08-26T04:50:54.417+0000] {processor.py:830} INFO - Processing file /home/airflow/.local/lib/python3.12/site-packages/airflow/example_dags/tutorial.py for tasks to queue
[2025-08-26T04:50:54.423+0000] {logging_mixin.py:188} INFO - [2025-08-26T04:50:54.422+0000] {dagbag.py:545} INFO - Filling up the DagBag from /home/airflow/.local/lib/python3.12/site-packages/airflow/example_dags/tutorial.py
[2025-08-26T04:50:54.511+0000] {processor.py:840} INFO - DAG(s) 'tutorial' retrieved from /home/airflow/.local/lib/python3.12/site-packages/airflow/example_dags/tutorial.py
[2025-08-26T04:50:54.739+0000] {logging_mixin.py:188} INFO - [2025-08-26T04:50:54.737+0000] {dag.py:3096} INFO - Sync 1 DAGs
[2025-08-26T04:50:54.945+0000] {logging_mixin.py:188} INFO - [2025-08-26T04:50:54.944+0000] {dag.py:3954} INFO - Setting next_dagrun for tutorial to 2025-08-25 00:00:00+00:00, run_after=2025-08-26 00:00:00+00:00
[2025-08-26T04:50:55.118+0000] {processor.py:183} INFO - Processing /home/airflow/.local/lib/python3.12/site-packages/airflow/example_dags/tutorial.py took 0.843 seconds
[2025-08-26T04:51:27.096+0000] {processor.py:161} INFO - Started process (PID=1159) to work on /home/airflow/.local/lib/python3.12/site-packages/airflow/example_dags/tutorial.py
[2025-08-26T04:51:27.099+0000] {processor.py:830} INFO - Processing file /home/airflow/.local/lib/python3.12/site-packages/airflow/example_dags/tutorial.py for tasks to queue
[2025-08-26T04:51:27.113+0000] {logging_mixin.py:188} INFO - [2025-08-26T04:51:27.112+0000] {dagbag.py:545} INFO - Filling up the DagBag from /home/airflow/.local/lib/python3.12/site-packages/airflow/example_dags/tutorial.py
[2025-08-26T04:51:27.142+0000] {processor.py:840} INFO - DAG(s) 'tutorial' retrieved from /home/airflow/.local/lib/python3.12/site-packages/airflow/example_dags/tutorial.py
[2025-08-26T04:51:27.364+0000] {logging_mixin.py:188} INFO - [2025-08-26T04:51:27.363+0000] {dag.py:3096} INFO - Sync 1 DAGs
[2025-08-26T04:51:27.582+0000] {logging_mixin.py:188} INFO - [2025-08-26T04:51:27.581+0000] {dag.py:3954} INFO - Setting next_dagrun for tutorial to 2025-08-25 00:00:00+00:00, run_after=2025-08-26 00:00:00+00:00
[2025-08-26T04:51:27.755+0000] {processor.py:183} INFO - Processing /home/airflow/.local/lib/python3.12/site-packages/airflow/example_dags/tutorial.py took 0.699 seconds
[2025-08-26T04:51:59.831+0000] {processor.py:161} INFO - Started process (PID=1421) to work on /home/airflow/.local/lib/python3.12/site-packages/airflow/example_dags/tutorial.py
[2025-08-26T04:51:59.835+0000] {processor.py:830} INFO - Processing file /home/airflow/.local/lib/python3.12/site-packages/airflow/example_dags/tutorial.py for tasks to queue
[2025-08-26T04:51:59.848+0000] {logging_mixin.py:188} INFO - [2025-08-26T04:51:59.843+0000] {dagbag.py:545} INFO - Filling up the DagBag from /home/airflow/.local/lib/python3.12/site-packages/airflow/example_dags/tutorial.py
[2025-08-26T04:51:59.887+0000] {processor.py:840} INFO - DAG(s) 'tutorial' retrieved from /home/airflow/.local/lib/python3.12/site-packages/airflow/example_dags/tutorial.py
[2025-08-26T04:52:00.097+0000] {logging_mixin.py:188} INFO - [2025-08-26T04:52:00.097+0000] {dag.py:3096} INFO - Sync 1 DAGs
[2025-08-26T04:52:00.306+0000] {logging_mixin.py:188} INFO - [2025-08-26T04:52:00.305+0000] {dag.py:3954} INFO - Setting next_dagrun for tutorial to 2025-08-25 00:00:00+00:00, run_after=2025-08-26 00:00:00+00:00
[2025-08-26T04:52:00.513+0000] {processor.py:183} INFO - Processing /home/airflow/.local/lib/python3.12/site-packages/airflow/example_dags/tutorial.py took 0.736 seconds
[2025-08-26T04:52:49.864+0000] {processor.py:161} INFO - Started process (PID=1707) to work on /home/airflow/.local/lib/python3.12/site-packages/airflow/example_dags/tutorial.py
[2025-08-26T04:52:49.868+0000] {processor.py:830} INFO - Processing file /home/airflow/.local/lib/python3.12/site-packages/airflow/example_dags/tutorial.py for tasks to queue
[2025-08-26T04:52:49.890+0000] {logging_mixin.py:188} INFO - [2025-08-26T04:52:49.886+0000] {dagbag.py:545} INFO - Filling up the DagBag from /home/airflow/.local/lib/python3.12/site-packages/airflow/example_dags/tutorial.py
[2025-08-26T04:52:49.949+0000] {processor.py:840} INFO - DAG(s) 'tutorial' retrieved from /home/airflow/.local/lib/python3.12/site-packages/airflow/example_dags/tutorial.py
[2025-08-26T04:52:50.142+0000] {logging_mixin.py:188} INFO - [2025-08-26T04:52:50.142+0000] {dag.py:3096} INFO - Sync 1 DAGs
[2025-08-26T04:52:50.358+0000] {logging_mixin.py:188} INFO - [2025-08-26T04:52:50.357+0000] {dag.py:3954} INFO - Setting next_dagrun for tutorial to 2025-08-25 00:00:00+00:00, run_after=2025-08-26 00:00:00+00:00
[2025-08-26T04:52:50.536+0000] {processor.py:183} INFO - Processing /home/airflow/.local/lib/python3.12/site-packages/airflow/example_dags/tutorial.py took 0.719 seconds
[2025-08-26T04:53:21.141+0000] {processor.py:161} INFO - Started process (PID=1971) to work on /home/airflow/.local/lib/python3.12/site-packages/airflow/example_dags/tutorial.py
[2025-08-26T04:53:21.144+0000] {processor.py:830} INFO - Processing file /home/airflow/.local/lib/python3.12/site-packages/airflow/example_dags/tutorial.py for tasks to queue
[2025-08-26T04:53:21.177+0000] {logging_mixin.py:188} INFO - [2025-08-26T04:53:21.166+0000] {dagbag.py:545} INFO - Filling up the DagBag from /home/airflow/.local/lib/python3.12/site-packages/airflow/example_dags/tutorial.py
[2025-08-26T04:53:21.217+0000] {processor.py:840} INFO - DAG(s) 'tutorial' retrieved from /home/airflow/.local/lib/python3.12/site-packages/airflow/example_dags/tutorial.py
[2025-08-26T04:53:21.308+0000] {logging_mixin.py:188} INFO - [2025-08-26T04:53:21.307+0000] {dag.py:3096} INFO - Sync 1 DAGs
[2025-08-26T04:53:21.393+0000] {logging_mixin.py:188} INFO - [2025-08-26T04:53:21.388+0000] {dag.py:3954} INFO - Setting next_dagrun for tutorial to 2025-08-25 00:00:00+00:00, run_after=2025-08-26 00:00:00+00:00
[2025-08-26T04:53:21.457+0000] {processor.py:183} INFO - Processing /home/airflow/.local/lib/python3.12/site-packages/airflow/example_dags/tutorial.py took 0.368 seconds
[2025-08-26T04:53:52.633+0000] {processor.py:161} INFO - Started process (PID=2231) to work on /home/airflow/.local/lib/python3.12/site-packages/airflow/example_dags/tutorial.py
[2025-08-26T04:53:52.646+0000] {processor.py:830} INFO - Processing file /home/airflow/.local/lib/python3.12/site-packages/airflow/example_dags/tutorial.py for tasks to queue
[2025-08-26T04:53:52.663+0000] {logging_mixin.py:188} INFO - [2025-08-26T04:53:52.658+0000] {dagbag.py:545} INFO - Filling up the DagBag from /home/airflow/.local/lib/python3.12/site-packages/airflow/example_dags/tutorial.py
[2025-08-26T04:53:52.718+0000] {processor.py:840} INFO - DAG(s) 'tutorial' retrieved from /home/airflow/.local/lib/python3.12/site-packages/airflow/example_dags/tutorial.py
[2025-08-26T04:53:53.048+0000] {logging_mixin.py:188} INFO - [2025-08-26T04:53:53.044+0000] {dag.py:3096} INFO - Sync 1 DAGs
[2025-08-26T04:53:53.222+0000] {logging_mixin.py:188} INFO - [2025-08-26T04:53:53.221+0000] {dag.py:3954} INFO - Setting next_dagrun for tutorial to 2025-08-25 00:00:00+00:00, run_after=2025-08-26 00:00:00+00:00
[2025-08-26T04:53:53.460+0000] {processor.py:183} INFO - Processing /home/airflow/.local/lib/python3.12/site-packages/airflow/example_dags/tutorial.py took 0.915 seconds
[2025-08-26T04:54:25.369+0000] {processor.py:161} INFO - Started process (PID=2493) to work on /home/airflow/.local/lib/python3.12/site-packages/airflow/example_dags/tutorial.py
[2025-08-26T04:54:25.381+0000] {processor.py:830} INFO - Processing file /home/airflow/.local/lib/python3.12/site-packages/airflow/example_dags/tutorial.py for tasks to queue
[2025-08-26T04:54:25.402+0000] {logging_mixin.py:188} INFO - [2025-08-26T04:54:25.401+0000] {dagbag.py:545} INFO - Filling up the DagBag from /home/airflow/.local/lib/python3.12/site-packages/airflow/example_dags/tutorial.py
[2025-08-26T04:54:25.459+0000] {processor.py:840} INFO - DAG(s) 'tutorial' retrieved from /home/airflow/.local/lib/python3.12/site-packages/airflow/example_dags/tutorial.py
[2025-08-26T04:54:25.653+0000] {logging_mixin.py:188} INFO - [2025-08-26T04:54:25.652+0000] {dag.py:3096} INFO - Sync 1 DAGs
[2025-08-26T04:54:25.916+0000] {logging_mixin.py:188} INFO - [2025-08-26T04:54:25.913+0000] {dag.py:3954} INFO - Setting next_dagrun for tutorial to 2025-08-25 00:00:00+00:00, run_after=2025-08-26 00:00:00+00:00
[2025-08-26T04:54:26.123+0000] {processor.py:183} INFO - Processing /home/airflow/.local/lib/python3.12/site-packages/airflow/example_dags/tutorial.py took 0.834 seconds
[2025-08-26T04:54:56.579+0000] {processor.py:161} INFO - Started process (PID=2757) to work on /home/airflow/.local/lib/python3.12/site-packages/airflow/example_dags/tutorial.py
[2025-08-26T04:54:56.583+0000] {processor.py:830} INFO - Processing file /home/airflow/.local/lib/python3.12/site-packages/airflow/example_dags/tutorial.py for tasks to queue
[2025-08-26T04:54:56.589+0000] {logging_mixin.py:188} INFO - [2025-08-26T04:54:56.588+0000] {dagbag.py:545} INFO - Filling up the DagBag from /home/airflow/.local/lib/python3.12/site-packages/airflow/example_dags/tutorial.py
[2025-08-26T04:54:56.616+0000] {processor.py:840} INFO - DAG(s) 'tutorial' retrieved from /home/airflow/.local/lib/python3.12/site-packages/airflow/example_dags/tutorial.py
[2025-08-26T04:54:56.719+0000] {logging_mixin.py:188} INFO - [2025-08-26T04:54:56.718+0000] {dag.py:3096} INFO - Sync 1 DAGs
[2025-08-26T04:54:56.821+0000] {logging_mixin.py:188} INFO - [2025-08-26T04:54:56.820+0000] {dag.py:3954} INFO - Setting next_dagrun for tutorial to 2025-08-25 00:00:00+00:00, run_after=2025-08-26 00:00:00+00:00
[2025-08-26T04:54:56.896+0000] {processor.py:183} INFO - Processing /home/airflow/.local/lib/python3.12/site-packages/airflow/example_dags/tutorial.py took 0.338 seconds
[2025-08-26T04:55:44.057+0000] {processor.py:161} INFO - Started process (PID=3043) to work on /home/airflow/.local/lib/python3.12/site-packages/airflow/example_dags/tutorial.py
[2025-08-26T04:55:44.076+0000] {processor.py:830} INFO - Processing file /home/airflow/.local/lib/python3.12/site-packages/airflow/example_dags/tutorial.py for tasks to queue
[2025-08-26T04:55:44.095+0000] {logging_mixin.py:188} INFO - [2025-08-26T04:55:44.094+0000] {dagbag.py:545} INFO - Filling up the DagBag from /home/airflow/.local/lib/python3.12/site-packages/airflow/example_dags/tutorial.py
[2025-08-26T04:55:44.195+0000] {processor.py:840} INFO - DAG(s) 'tutorial' retrieved from /home/airflow/.local/lib/python3.12/site-packages/airflow/example_dags/tutorial.py
[2025-08-26T04:55:44.384+0000] {logging_mixin.py:188} INFO - [2025-08-26T04:55:44.371+0000] {dag.py:3096} INFO - Sync 1 DAGs
[2025-08-26T04:55:44.645+0000] {logging_mixin.py:188} INFO - [2025-08-26T04:55:44.644+0000] {dag.py:3954} INFO - Setting next_dagrun for tutorial to 2025-08-25 00:00:00+00:00, run_after=2025-08-26 00:00:00+00:00
[2025-08-26T04:55:44.939+0000] {processor.py:183} INFO - Processing /home/airflow/.local/lib/python3.12/site-packages/airflow/example_dags/tutorial.py took 0.989 seconds
[2025-08-26T04:56:15.347+0000] {processor.py:161} INFO - Started process (PID=3307) to work on /home/airflow/.local/lib/python3.12/site-packages/airflow/example_dags/tutorial.py
[2025-08-26T04:56:15.361+0000] {processor.py:830} INFO - Processing file /home/airflow/.local/lib/python3.12/site-packages/airflow/example_dags/tutorial.py for tasks to queue
[2025-08-26T04:56:15.370+0000] {logging_mixin.py:188} INFO - [2025-08-26T04:56:15.369+0000] {dagbag.py:545} INFO - Filling up the DagBag from /home/airflow/.local/lib/python3.12/site-packages/airflow/example_dags/tutorial.py
[2025-08-26T04:56:15.419+0000] {processor.py:840} INFO - DAG(s) 'tutorial' retrieved from /home/airflow/.local/lib/python3.12/site-packages/airflow/example_dags/tutorial.py
[2025-08-26T04:56:15.573+0000] {logging_mixin.py:188} INFO - [2025-08-26T04:56:15.563+0000] {dag.py:3096} INFO - Sync 1 DAGs
[2025-08-26T04:56:15.846+0000] {logging_mixin.py:188} INFO - [2025-08-26T04:56:15.845+0000] {dag.py:3954} INFO - Setting next_dagrun for tutorial to 2025-08-25 00:00:00+00:00, run_after=2025-08-26 00:00:00+00:00
[2025-08-26T04:56:16.024+0000] {processor.py:183} INFO - Processing /home/airflow/.local/lib/python3.12/site-packages/airflow/example_dags/tutorial.py took 0.734 seconds
[2025-08-26T04:56:51.713+0000] {processor.py:161} INFO - Started process (PID=3562) to work on /home/airflow/.local/lib/python3.12/site-packages/airflow/example_dags/tutorial.py
[2025-08-26T04:56:51.755+0000] {processor.py:830} INFO - Processing file /home/airflow/.local/lib/python3.12/site-packages/airflow/example_dags/tutorial.py for tasks to queue
[2025-08-26T04:56:51.876+0000] {logging_mixin.py:188} INFO - [2025-08-26T04:56:51.875+0000] {dagbag.py:545} INFO - Filling up the DagBag from /home/airflow/.local/lib/python3.12/site-packages/airflow/example_dags/tutorial.py
[2025-08-26T04:56:52.051+0000] {processor.py:840} INFO - DAG(s) 'tutorial' retrieved from /home/airflow/.local/lib/python3.12/site-packages/airflow/example_dags/tutorial.py
[2025-08-26T04:56:52.361+0000] {logging_mixin.py:188} INFO - [2025-08-26T04:56:52.360+0000] {dag.py:3096} INFO - Sync 1 DAGs
[2025-08-26T04:56:52.595+0000] {logging_mixin.py:188} INFO - [2025-08-26T04:56:52.592+0000] {dag.py:3954} INFO - Setting next_dagrun for tutorial to 2025-08-25 00:00:00+00:00, run_after=2025-08-26 00:00:00+00:00
[2025-08-26T04:56:52.872+0000] {processor.py:183} INFO - Processing /home/airflow/.local/lib/python3.12/site-packages/airflow/example_dags/tutorial.py took 1.250 seconds
[2025-08-26T04:57:32.310+0000] {processor.py:161} INFO - Started process (PID=3825) to work on /home/airflow/.local/lib/python3.12/site-packages/airflow/example_dags/tutorial.py
[2025-08-26T04:57:32.399+0000] {processor.py:830} INFO - Processing file /home/airflow/.local/lib/python3.12/site-packages/airflow/example_dags/tutorial.py for tasks to queue
[2025-08-26T04:57:32.459+0000] {logging_mixin.py:188} INFO - [2025-08-26T04:57:32.458+0000] {dagbag.py:545} INFO - Filling up the DagBag from /home/airflow/.local/lib/python3.12/site-packages/airflow/example_dags/tutorial.py
[2025-08-26T04:57:32.593+0000] {processor.py:840} INFO - DAG(s) 'tutorial' retrieved from /home/airflow/.local/lib/python3.12/site-packages/airflow/example_dags/tutorial.py
[2025-08-26T04:57:32.802+0000] {logging_mixin.py:188} INFO - [2025-08-26T04:57:32.802+0000] {dag.py:3096} INFO - Sync 1 DAGs
[2025-08-26T04:57:33.125+0000] {logging_mixin.py:188} INFO - [2025-08-26T04:57:33.125+0000] {dag.py:3954} INFO - Setting next_dagrun for tutorial to 2025-08-25 00:00:00+00:00, run_after=2025-08-26 00:00:00+00:00
[2025-08-26T04:57:33.331+0000] {processor.py:183} INFO - Processing /home/airflow/.local/lib/python3.12/site-packages/airflow/example_dags/tutorial.py took 1.071 seconds
[2025-08-26T05:35:32.191+0000] {processor.py:161} INFO - Started process (PID=4193) to work on /home/airflow/.local/lib/python3.12/site-packages/airflow/example_dags/tutorial.py
[2025-08-26T05:35:32.208+0000] {processor.py:830} INFO - Processing file /home/airflow/.local/lib/python3.12/site-packages/airflow/example_dags/tutorial.py for tasks to queue
[2025-08-26T05:35:32.245+0000] {logging_mixin.py:188} INFO - [2025-08-26T05:35:32.218+0000] {dagbag.py:545} INFO - Filling up the DagBag from /home/airflow/.local/lib/python3.12/site-packages/airflow/example_dags/tutorial.py
[2025-08-26T05:35:32.374+0000] {processor.py:840} INFO - DAG(s) 'tutorial' retrieved from /home/airflow/.local/lib/python3.12/site-packages/airflow/example_dags/tutorial.py
[2025-08-26T05:35:32.564+0000] {logging_mixin.py:188} INFO - [2025-08-26T05:35:32.562+0000] {dag.py:3096} INFO - Sync 1 DAGs
[2025-08-26T05:35:33.005+0000] {logging_mixin.py:188} INFO - [2025-08-26T05:35:33.004+0000] {dag.py:3954} INFO - Setting next_dagrun for tutorial to 2025-08-25 00:00:00+00:00, run_after=2025-08-26 00:00:00+00:00
[2025-08-26T05:41:18.126+0000] {processor.py:183} INFO - Processing /home/airflow/.local/lib/python3.12/site-packages/airflow/example_dags/tutorial.py took 9.290 seconds
[2025-08-26T05:43:03.848+0000] {processor.py:161} INFO - Started process (PID=4553) to work on /home/airflow/.local/lib/python3.12/site-packages/airflow/example_dags/tutorial.py
[2025-08-26T05:43:03.926+0000] {processor.py:830} INFO - Processing file /home/airflow/.local/lib/python3.12/site-packages/airflow/example_dags/tutorial.py for tasks to queue
[2025-08-26T05:43:04.008+0000] {logging_mixin.py:188} INFO - [2025-08-26T05:43:04.007+0000] {dagbag.py:545} INFO - Filling up the DagBag from /home/airflow/.local/lib/python3.12/site-packages/airflow/example_dags/tutorial.py
[2025-08-26T05:43:04.114+0000] {processor.py:840} INFO - DAG(s) 'tutorial' retrieved from /home/airflow/.local/lib/python3.12/site-packages/airflow/example_dags/tutorial.py
[2025-08-26T05:43:05.782+0000] {logging_mixin.py:188} INFO - [2025-08-26T05:43:05.781+0000] {dag.py:3096} INFO - Sync 1 DAGs
[2025-08-26T05:43:06.472+0000] {logging_mixin.py:188} INFO - [2025-08-26T05:43:06.471+0000] {dag.py:3954} INFO - Setting next_dagrun for tutorial to 2025-08-25 00:00:00+00:00, run_after=2025-08-26 00:00:00+00:00
[2025-08-26T05:43:06.876+0000] {processor.py:183} INFO - Processing /home/airflow/.local/lib/python3.12/site-packages/airflow/example_dags/tutorial.py took 3.128 seconds
[2025-08-26T05:43:59.936+0000] {processor.py:161} INFO - Started process (PID=4816) to work on /home/airflow/.local/lib/python3.12/site-packages/airflow/example_dags/tutorial.py
[2025-08-26T05:43:59.955+0000] {processor.py:830} INFO - Processing file /home/airflow/.local/lib/python3.12/site-packages/airflow/example_dags/tutorial.py for tasks to queue
[2025-08-26T05:43:59.969+0000] {logging_mixin.py:188} INFO - [2025-08-26T05:43:59.958+0000] {dagbag.py:545} INFO - Filling up the DagBag from /home/airflow/.local/lib/python3.12/site-packages/airflow/example_dags/tutorial.py
[2025-08-26T05:44:00.050+0000] {processor.py:840} INFO - DAG(s) 'tutorial' retrieved from /home/airflow/.local/lib/python3.12/site-packages/airflow/example_dags/tutorial.py
[2025-08-26T05:44:00.435+0000] {logging_mixin.py:188} INFO - [2025-08-26T05:44:00.434+0000] {dag.py:3096} INFO - Sync 1 DAGs
[2025-08-26T05:44:00.678+0000] {logging_mixin.py:188} INFO - [2025-08-26T05:44:00.678+0000] {dag.py:3954} INFO - Setting next_dagrun for tutorial to 2025-08-25 00:00:00+00:00, run_after=2025-08-26 00:00:00+00:00
[2025-08-26T05:44:00.843+0000] {processor.py:183} INFO - Processing /home/airflow/.local/lib/python3.12/site-packages/airflow/example_dags/tutorial.py took 0.951 seconds
[2025-08-26T05:44:32.101+0000] {processor.py:161} INFO - Started process (PID=5076) to work on /home/airflow/.local/lib/python3.12/site-packages/airflow/example_dags/tutorial.py
[2025-08-26T05:44:32.122+0000] {processor.py:830} INFO - Processing file /home/airflow/.local/lib/python3.12/site-packages/airflow/example_dags/tutorial.py for tasks to queue
[2025-08-26T05:44:32.125+0000] {logging_mixin.py:188} INFO - [2025-08-26T05:44:32.124+0000] {dagbag.py:545} INFO - Filling up the DagBag from /home/airflow/.local/lib/python3.12/site-packages/airflow/example_dags/tutorial.py
[2025-08-26T05:44:32.175+0000] {processor.py:840} INFO - DAG(s) 'tutorial' retrieved from /home/airflow/.local/lib/python3.12/site-packages/airflow/example_dags/tutorial.py
[2025-08-26T05:44:32.425+0000] {logging_mixin.py:188} INFO - [2025-08-26T05:44:32.425+0000] {dag.py:3096} INFO - Sync 1 DAGs
[2025-08-26T05:44:32.621+0000] {logging_mixin.py:188} INFO - [2025-08-26T05:44:32.609+0000] {dag.py:3954} INFO - Setting next_dagrun for tutorial to 2025-08-25 00:00:00+00:00, run_after=2025-08-26 00:00:00+00:00
[2025-08-26T05:44:32.787+0000] {processor.py:183} INFO - Processing /home/airflow/.local/lib/python3.12/site-packages/airflow/example_dags/tutorial.py took 0.749 seconds
[2025-08-26T05:45:05.541+0000] {processor.py:161} INFO - Started process (PID=5344) to work on /home/airflow/.local/lib/python3.12/site-packages/airflow/example_dags/tutorial.py
[2025-08-26T05:45:05.559+0000] {processor.py:830} INFO - Processing file /home/airflow/.local/lib/python3.12/site-packages/airflow/example_dags/tutorial.py for tasks to queue
[2025-08-26T05:45:05.565+0000] {logging_mixin.py:188} INFO - [2025-08-26T05:45:05.564+0000] {dagbag.py:545} INFO - Filling up the DagBag from /home/airflow/.local/lib/python3.12/site-packages/airflow/example_dags/tutorial.py
[2025-08-26T05:45:05.643+0000] {processor.py:840} INFO - DAG(s) 'tutorial' retrieved from /home/airflow/.local/lib/python3.12/site-packages/airflow/example_dags/tutorial.py
[2025-08-26T05:45:05.797+0000] {logging_mixin.py:188} INFO - [2025-08-26T05:45:05.796+0000] {dag.py:3096} INFO - Sync 1 DAGs
[2025-08-26T05:45:06.008+0000] {logging_mixin.py:188} INFO - [2025-08-26T05:45:06.007+0000] {dag.py:3954} INFO - Setting next_dagrun for tutorial to 2025-08-25 00:00:00+00:00, run_after=2025-08-26 00:00:00+00:00
[2025-08-26T05:45:06.160+0000] {processor.py:183} INFO - Processing /home/airflow/.local/lib/python3.12/site-packages/airflow/example_dags/tutorial.py took 0.698 seconds
[2025-08-26T05:45:39.151+0000] {processor.py:161} INFO - Started process (PID=5607) to work on /home/airflow/.local/lib/python3.12/site-packages/airflow/example_dags/tutorial.py
[2025-08-26T05:45:39.167+0000] {processor.py:830} INFO - Processing file /home/airflow/.local/lib/python3.12/site-packages/airflow/example_dags/tutorial.py for tasks to queue
[2025-08-26T05:45:39.173+0000] {logging_mixin.py:188} INFO - [2025-08-26T05:45:39.172+0000] {dagbag.py:545} INFO - Filling up the DagBag from /home/airflow/.local/lib/python3.12/site-packages/airflow/example_dags/tutorial.py
[2025-08-26T05:45:39.211+0000] {processor.py:840} INFO - DAG(s) 'tutorial' retrieved from /home/airflow/.local/lib/python3.12/site-packages/airflow/example_dags/tutorial.py
[2025-08-26T05:45:39.398+0000] {logging_mixin.py:188} INFO - [2025-08-26T05:45:39.397+0000] {dag.py:3096} INFO - Sync 1 DAGs
[2025-08-26T05:45:39.553+0000] {logging_mixin.py:188} INFO - [2025-08-26T05:45:39.552+0000] {dag.py:3954} INFO - Setting next_dagrun for tutorial to 2025-08-25 00:00:00+00:00, run_after=2025-08-26 00:00:00+00:00
[2025-08-26T05:45:39.672+0000] {processor.py:183} INFO - Processing /home/airflow/.local/lib/python3.12/site-packages/airflow/example_dags/tutorial.py took 0.611 seconds
[2025-08-26T05:46:12.008+0000] {processor.py:161} INFO - Started process (PID=5869) to work on /home/airflow/.local/lib/python3.12/site-packages/airflow/example_dags/tutorial.py
[2025-08-26T05:46:12.012+0000] {processor.py:830} INFO - Processing file /home/airflow/.local/lib/python3.12/site-packages/airflow/example_dags/tutorial.py for tasks to queue
[2025-08-26T05:46:12.020+0000] {logging_mixin.py:188} INFO - [2025-08-26T05:46:12.017+0000] {dagbag.py:545} INFO - Filling up the DagBag from /home/airflow/.local/lib/python3.12/site-packages/airflow/example_dags/tutorial.py
[2025-08-26T05:46:12.073+0000] {processor.py:840} INFO - DAG(s) 'tutorial' retrieved from /home/airflow/.local/lib/python3.12/site-packages/airflow/example_dags/tutorial.py
[2025-08-26T05:46:12.183+0000] {logging_mixin.py:188} INFO - [2025-08-26T05:46:12.182+0000] {dag.py:3096} INFO - Sync 1 DAGs
[2025-08-26T05:46:12.314+0000] {logging_mixin.py:188} INFO - [2025-08-26T05:46:12.313+0000] {dag.py:3954} INFO - Setting next_dagrun for tutorial to 2025-08-25 00:00:00+00:00, run_after=2025-08-26 00:00:00+00:00
[2025-08-26T05:46:12.402+0000] {processor.py:183} INFO - Processing /home/airflow/.local/lib/python3.12/site-packages/airflow/example_dags/tutorial.py took 0.436 seconds
[2025-08-26T05:46:43.813+0000] {processor.py:161} INFO - Started process (PID=6126) to work on /home/airflow/.local/lib/python3.12/site-packages/airflow/example_dags/tutorial.py
[2025-08-26T05:46:43.818+0000] {processor.py:830} INFO - Processing file /home/airflow/.local/lib/python3.12/site-packages/airflow/example_dags/tutorial.py for tasks to queue
[2025-08-26T05:46:43.826+0000] {logging_mixin.py:188} INFO - [2025-08-26T05:46:43.825+0000] {dagbag.py:545} INFO - Filling up the DagBag from /home/airflow/.local/lib/python3.12/site-packages/airflow/example_dags/tutorial.py
[2025-08-26T05:46:43.862+0000] {processor.py:840} INFO - DAG(s) 'tutorial' retrieved from /home/airflow/.local/lib/python3.12/site-packages/airflow/example_dags/tutorial.py
[2025-08-26T05:46:43.978+0000] {logging_mixin.py:188} INFO - [2025-08-26T05:46:43.977+0000] {dag.py:3096} INFO - Sync 1 DAGs
[2025-08-26T05:46:44.225+0000] {logging_mixin.py:188} INFO - [2025-08-26T05:46:44.224+0000] {dag.py:3954} INFO - Setting next_dagrun for tutorial to 2025-08-25 00:00:00+00:00, run_after=2025-08-26 00:00:00+00:00
[2025-08-26T05:46:44.421+0000] {processor.py:183} INFO - Processing /home/airflow/.local/lib/python3.12/site-packages/airflow/example_dags/tutorial.py took 0.640 seconds
[2025-08-26T05:47:24.554+0000] {processor.py:161} INFO - Started process (PID=6378) to work on /home/airflow/.local/lib/python3.12/site-packages/airflow/example_dags/tutorial.py
[2025-08-26T05:47:24.569+0000] {processor.py:830} INFO - Processing file /home/airflow/.local/lib/python3.12/site-packages/airflow/example_dags/tutorial.py for tasks to queue
[2025-08-26T05:47:24.574+0000] {logging_mixin.py:188} INFO - [2025-08-26T05:47:24.572+0000] {dagbag.py:545} INFO - Filling up the DagBag from /home/airflow/.local/lib/python3.12/site-packages/airflow/example_dags/tutorial.py
[2025-08-26T05:47:24.723+0000] {processor.py:840} INFO - DAG(s) 'tutorial' retrieved from /home/airflow/.local/lib/python3.12/site-packages/airflow/example_dags/tutorial.py
[2025-08-26T05:47:25.117+0000] {logging_mixin.py:188} INFO - [2025-08-26T05:47:25.116+0000] {dag.py:3096} INFO - Sync 1 DAGs
[2025-08-26T05:47:25.443+0000] {logging_mixin.py:188} INFO - [2025-08-26T05:47:25.425+0000] {dag.py:3954} INFO - Setting next_dagrun for tutorial to 2025-08-25 00:00:00+00:00, run_after=2025-08-26 00:00:00+00:00
[2025-08-26T05:47:25.702+0000] {processor.py:183} INFO - Processing /home/airflow/.local/lib/python3.12/site-packages/airflow/example_dags/tutorial.py took 1.228 seconds
[2025-08-26T05:47:59.641+0000] {processor.py:161} INFO - Started process (PID=6640) to work on /home/airflow/.local/lib/python3.12/site-packages/airflow/example_dags/tutorial.py
[2025-08-26T05:47:59.644+0000] {processor.py:830} INFO - Processing file /home/airflow/.local/lib/python3.12/site-packages/airflow/example_dags/tutorial.py for tasks to queue
[2025-08-26T05:47:59.654+0000] {logging_mixin.py:188} INFO - [2025-08-26T05:47:59.652+0000] {dagbag.py:545} INFO - Filling up the DagBag from /home/airflow/.local/lib/python3.12/site-packages/airflow/example_dags/tutorial.py
[2025-08-26T05:47:59.699+0000] {processor.py:840} INFO - DAG(s) 'tutorial' retrieved from /home/airflow/.local/lib/python3.12/site-packages/airflow/example_dags/tutorial.py
[2025-08-26T05:47:59.823+0000] {logging_mixin.py:188} INFO - [2025-08-26T05:47:59.822+0000] {dag.py:3096} INFO - Sync 1 DAGs
[2025-08-26T05:47:59.986+0000] {logging_mixin.py:188} INFO - [2025-08-26T05:47:59.986+0000] {dag.py:3954} INFO - Setting next_dagrun for tutorial to 2025-08-25 00:00:00+00:00, run_after=2025-08-26 00:00:00+00:00
[2025-08-26T05:48:00.131+0000] {processor.py:183} INFO - Processing /home/airflow/.local/lib/python3.12/site-packages/airflow/example_dags/tutorial.py took 0.557 seconds
