[2025-08-27T03:39:26.846+0000] {processor.py:161} INFO - Started process (PID=6870) to work on /home/airflow/.local/lib/python3.12/site-packages/airflow/example_dags/example_task_group.py
[2025-08-27T03:39:26.890+0000] {processor.py:830} INFO - Processing file /home/airflow/.local/lib/python3.12/site-packages/airflow/example_dags/example_task_group.py for tasks to queue
[2025-08-27T03:39:26.908+0000] {logging_mixin.py:188} INFO - [2025-08-27T03:39:26.907+0000] {dagbag.py:545} INFO - Filling up the DagBag from /home/airflow/.local/lib/python3.12/site-packages/airflow/example_dags/example_task_group.py
[2025-08-27T03:39:27.062+0000] {processor.py:840} INFO - DAG(s) 'example_task_group' retrieved from /home/airflow/.local/lib/python3.12/site-packages/airflow/example_dags/example_task_group.py
[2025-08-27T03:39:27.525+0000] {logging_mixin.py:188} INFO - [2025-08-27T03:39:27.524+0000] {dag.py:3096} INFO - Sync 1 DAGs
[2025-08-27T03:39:27.959+0000] {logging_mixin.py:188} INFO - [2025-08-27T03:39:27.958+0000] {dag.py:3954} INFO - Setting next_dagrun for example_task_group to 2025-08-26 00:00:00+00:00, run_after=2025-08-27 00:00:00+00:00
[2025-08-27T03:39:28.622+0000] {processor.py:183} INFO - Processing /home/airflow/.local/lib/python3.12/site-packages/airflow/example_dags/example_task_group.py took 1.883 seconds
[2025-08-27T03:41:00.098+0000] {processor.py:161} INFO - Started process (PID=7193) to work on /home/airflow/.local/lib/python3.12/site-packages/airflow/example_dags/example_task_group.py
[2025-08-27T03:41:00.114+0000] {processor.py:830} INFO - Processing file /home/airflow/.local/lib/python3.12/site-packages/airflow/example_dags/example_task_group.py for tasks to queue
[2025-08-27T03:41:00.177+0000] {logging_mixin.py:188} INFO - [2025-08-27T03:41:00.131+0000] {dagbag.py:545} INFO - Filling up the DagBag from /home/airflow/.local/lib/python3.12/site-packages/airflow/example_dags/example_task_group.py
[2025-08-27T03:41:00.459+0000] {processor.py:840} INFO - DAG(s) 'example_task_group' retrieved from /home/airflow/.local/lib/python3.12/site-packages/airflow/example_dags/example_task_group.py
[2025-08-27T03:41:01.020+0000] {logging_mixin.py:188} INFO - [2025-08-27T03:41:01.019+0000] {dag.py:3096} INFO - Sync 1 DAGs
[2025-08-27T03:41:01.469+0000] {logging_mixin.py:188} INFO - [2025-08-27T03:41:01.468+0000] {dag.py:3954} INFO - Setting next_dagrun for example_task_group to 2025-08-26 00:00:00+00:00, run_after=2025-08-27 00:00:00+00:00
[2025-08-27T03:41:01.929+0000] {processor.py:183} INFO - Processing /home/airflow/.local/lib/python3.12/site-packages/airflow/example_dags/example_task_group.py took 1.966 seconds
[2025-08-27T03:42:22.288+0000] {processor.py:161} INFO - Started process (PID=7486) to work on /home/airflow/.local/lib/python3.12/site-packages/airflow/example_dags/example_task_group.py
[2025-08-27T03:42:22.309+0000] {processor.py:830} INFO - Processing file /home/airflow/.local/lib/python3.12/site-packages/airflow/example_dags/example_task_group.py for tasks to queue
[2025-08-27T03:42:22.316+0000] {logging_mixin.py:188} INFO - [2025-08-27T03:42:22.312+0000] {dagbag.py:545} INFO - Filling up the DagBag from /home/airflow/.local/lib/python3.12/site-packages/airflow/example_dags/example_task_group.py
[2025-08-27T03:42:22.541+0000] {processor.py:840} INFO - DAG(s) 'example_task_group' retrieved from /home/airflow/.local/lib/python3.12/site-packages/airflow/example_dags/example_task_group.py
[2025-08-27T03:42:22.933+0000] {logging_mixin.py:188} INFO - [2025-08-27T03:42:22.933+0000] {dag.py:3096} INFO - Sync 1 DAGs
[2025-08-27T03:42:23.232+0000] {logging_mixin.py:188} INFO - [2025-08-27T03:42:23.232+0000] {dag.py:3954} INFO - Setting next_dagrun for example_task_group to 2025-08-26 00:00:00+00:00, run_after=2025-08-27 00:00:00+00:00
[2025-08-27T03:42:23.505+0000] {processor.py:183} INFO - Processing /home/airflow/.local/lib/python3.12/site-packages/airflow/example_dags/example_task_group.py took 1.294 seconds
[2025-08-27T03:43:27.278+0000] {processor.py:161} INFO - Started process (PID=7758) to work on /home/airflow/.local/lib/python3.12/site-packages/airflow/example_dags/example_task_group.py
[2025-08-27T03:43:27.296+0000] {processor.py:830} INFO - Processing file /home/airflow/.local/lib/python3.12/site-packages/airflow/example_dags/example_task_group.py for tasks to queue
[2025-08-27T03:43:27.359+0000] {logging_mixin.py:188} INFO - [2025-08-27T03:43:27.358+0000] {dagbag.py:545} INFO - Filling up the DagBag from /home/airflow/.local/lib/python3.12/site-packages/airflow/example_dags/example_task_group.py
[2025-08-27T03:43:27.629+0000] {processor.py:840} INFO - DAG(s) 'example_task_group' retrieved from /home/airflow/.local/lib/python3.12/site-packages/airflow/example_dags/example_task_group.py
[2025-08-27T03:43:28.063+0000] {logging_mixin.py:188} INFO - [2025-08-27T03:43:28.062+0000] {dag.py:3096} INFO - Sync 1 DAGs
[2025-08-27T03:43:28.521+0000] {logging_mixin.py:188} INFO - [2025-08-27T03:43:28.520+0000] {dag.py:3954} INFO - Setting next_dagrun for example_task_group to 2025-08-26 00:00:00+00:00, run_after=2025-08-27 00:00:00+00:00
[2025-08-27T03:43:28.777+0000] {processor.py:183} INFO - Processing /home/airflow/.local/lib/python3.12/site-packages/airflow/example_dags/example_task_group.py took 1.620 seconds
[2025-08-27T03:44:43.984+0000] {processor.py:161} INFO - Started process (PID=8062) to work on /home/airflow/.local/lib/python3.12/site-packages/airflow/example_dags/example_task_group.py
[2025-08-27T03:44:44.029+0000] {processor.py:830} INFO - Processing file /home/airflow/.local/lib/python3.12/site-packages/airflow/example_dags/example_task_group.py for tasks to queue
[2025-08-27T03:44:44.046+0000] {logging_mixin.py:188} INFO - [2025-08-27T03:44:44.045+0000] {dagbag.py:545} INFO - Filling up the DagBag from /home/airflow/.local/lib/python3.12/site-packages/airflow/example_dags/example_task_group.py
[2025-08-27T03:44:44.157+0000] {processor.py:840} INFO - DAG(s) 'example_task_group' retrieved from /home/airflow/.local/lib/python3.12/site-packages/airflow/example_dags/example_task_group.py
[2025-08-27T03:44:44.447+0000] {logging_mixin.py:188} INFO - [2025-08-27T03:44:44.446+0000] {dag.py:3096} INFO - Sync 1 DAGs
[2025-08-27T03:44:44.765+0000] {logging_mixin.py:188} INFO - [2025-08-27T03:44:44.764+0000] {dag.py:3954} INFO - Setting next_dagrun for example_task_group to 2025-08-26 00:00:00+00:00, run_after=2025-08-27 00:00:00+00:00
[2025-08-27T03:44:45.017+0000] {processor.py:183} INFO - Processing /home/airflow/.local/lib/python3.12/site-packages/airflow/example_dags/example_task_group.py took 1.154 seconds
[2025-08-27T03:45:35.673+0000] {processor.py:161} INFO - Started process (PID=8324) to work on /home/airflow/.local/lib/python3.12/site-packages/airflow/example_dags/example_task_group.py
[2025-08-27T03:45:35.678+0000] {processor.py:830} INFO - Processing file /home/airflow/.local/lib/python3.12/site-packages/airflow/example_dags/example_task_group.py for tasks to queue
[2025-08-27T03:45:35.681+0000] {logging_mixin.py:188} INFO - [2025-08-27T03:45:35.680+0000] {dagbag.py:545} INFO - Filling up the DagBag from /home/airflow/.local/lib/python3.12/site-packages/airflow/example_dags/example_task_group.py
[2025-08-27T03:45:35.733+0000] {processor.py:840} INFO - DAG(s) 'example_task_group' retrieved from /home/airflow/.local/lib/python3.12/site-packages/airflow/example_dags/example_task_group.py
[2025-08-27T03:45:35.955+0000] {logging_mixin.py:188} INFO - [2025-08-27T03:45:35.955+0000] {dag.py:3096} INFO - Sync 1 DAGs
[2025-08-27T03:45:36.369+0000] {logging_mixin.py:188} INFO - [2025-08-27T03:45:36.368+0000] {dag.py:3954} INFO - Setting next_dagrun for example_task_group to 2025-08-26 00:00:00+00:00, run_after=2025-08-27 00:00:00+00:00
[2025-08-27T03:45:36.794+0000] {processor.py:183} INFO - Processing /home/airflow/.local/lib/python3.12/site-packages/airflow/example_dags/example_task_group.py took 1.188 seconds
[2025-08-27T03:46:39.760+0000] {processor.py:161} INFO - Started process (PID=8627) to work on /home/airflow/.local/lib/python3.12/site-packages/airflow/example_dags/example_task_group.py
[2025-08-27T03:46:39.795+0000] {processor.py:830} INFO - Processing file /home/airflow/.local/lib/python3.12/site-packages/airflow/example_dags/example_task_group.py for tasks to queue
[2025-08-27T03:46:39.810+0000] {logging_mixin.py:188} INFO - [2025-08-27T03:46:39.797+0000] {dagbag.py:545} INFO - Filling up the DagBag from /home/airflow/.local/lib/python3.12/site-packages/airflow/example_dags/example_task_group.py
[2025-08-27T03:46:39.946+0000] {processor.py:840} INFO - DAG(s) 'example_task_group' retrieved from /home/airflow/.local/lib/python3.12/site-packages/airflow/example_dags/example_task_group.py
[2025-08-27T03:46:40.426+0000] {logging_mixin.py:188} INFO - [2025-08-27T03:46:40.425+0000] {dag.py:3096} INFO - Sync 1 DAGs
[2025-08-27T03:46:40.730+0000] {logging_mixin.py:188} INFO - [2025-08-27T03:46:40.730+0000] {dag.py:3954} INFO - Setting next_dagrun for example_task_group to 2025-08-26 00:00:00+00:00, run_after=2025-08-27 00:00:00+00:00
[2025-08-27T03:46:40.970+0000] {processor.py:183} INFO - Processing /home/airflow/.local/lib/python3.12/site-packages/airflow/example_dags/example_task_group.py took 1.360 seconds
[2025-08-27T03:47:34.323+0000] {processor.py:161} INFO - Started process (PID=8870) to work on /home/airflow/.local/lib/python3.12/site-packages/airflow/example_dags/example_task_group.py
[2025-08-27T03:47:34.340+0000] {processor.py:830} INFO - Processing file /home/airflow/.local/lib/python3.12/site-packages/airflow/example_dags/example_task_group.py for tasks to queue
[2025-08-27T03:47:34.355+0000] {logging_mixin.py:188} INFO - [2025-08-27T03:47:34.354+0000] {dagbag.py:545} INFO - Filling up the DagBag from /home/airflow/.local/lib/python3.12/site-packages/airflow/example_dags/example_task_group.py
[2025-08-27T03:47:34.437+0000] {processor.py:840} INFO - DAG(s) 'example_task_group' retrieved from /home/airflow/.local/lib/python3.12/site-packages/airflow/example_dags/example_task_group.py
[2025-08-27T03:47:34.737+0000] {logging_mixin.py:188} INFO - [2025-08-27T03:47:34.736+0000] {dag.py:3096} INFO - Sync 1 DAGs
[2025-08-27T03:47:35.163+0000] {logging_mixin.py:188} INFO - [2025-08-27T03:47:35.163+0000] {dag.py:3954} INFO - Setting next_dagrun for example_task_group to 2025-08-26 00:00:00+00:00, run_after=2025-08-27 00:00:00+00:00
[2025-08-27T03:47:35.577+0000] {processor.py:183} INFO - Processing /home/airflow/.local/lib/python3.12/site-packages/airflow/example_dags/example_task_group.py took 1.387 seconds
[2025-08-27T03:48:52.511+0000] {processor.py:161} INFO - Started process (PID=9218) to work on /home/airflow/.local/lib/python3.12/site-packages/airflow/example_dags/example_task_group.py
[2025-08-27T03:48:52.526+0000] {processor.py:830} INFO - Processing file /home/airflow/.local/lib/python3.12/site-packages/airflow/example_dags/example_task_group.py for tasks to queue
[2025-08-27T03:48:52.531+0000] {logging_mixin.py:188} INFO - [2025-08-27T03:48:52.530+0000] {dagbag.py:545} INFO - Filling up the DagBag from /home/airflow/.local/lib/python3.12/site-packages/airflow/example_dags/example_task_group.py
[2025-08-27T03:48:52.682+0000] {processor.py:840} INFO - DAG(s) 'example_task_group' retrieved from /home/airflow/.local/lib/python3.12/site-packages/airflow/example_dags/example_task_group.py
[2025-08-27T03:48:53.119+0000] {logging_mixin.py:188} INFO - [2025-08-27T03:48:53.119+0000] {dag.py:3096} INFO - Sync 1 DAGs
[2025-08-27T03:48:53.482+0000] {logging_mixin.py:188} INFO - [2025-08-27T03:48:53.482+0000] {dag.py:3954} INFO - Setting next_dagrun for example_task_group to 2025-08-26 00:00:00+00:00, run_after=2025-08-27 00:00:00+00:00
[2025-08-27T03:48:53.793+0000] {processor.py:183} INFO - Processing /home/airflow/.local/lib/python3.12/site-packages/airflow/example_dags/example_task_group.py took 1.395 seconds
