[2025-08-27T03:39:14.532+0000] {processor.py:161} INFO - Started process (PID=6823) to work on /home/airflow/.local/lib/python3.12/site-packages/airflow/example_dags/example_python_operator.py
[2025-08-27T03:39:14.561+0000] {processor.py:830} INFO - Processing file /home/airflow/.local/lib/python3.12/site-packages/airflow/example_dags/example_python_operator.py for tasks to queue
[2025-08-27T03:39:14.578+0000] {logging_mixin.py:188} INFO - [2025-08-27T03:39:14.577+0000] {dagbag.py:545} INFO - Filling up the DagBag from /home/airflow/.local/lib/python3.12/site-packages/airflow/example_dags/example_python_operator.py
[2025-08-27T03:39:14.723+0000] {processor.py:840} INFO - DAG(s) 'example_python_operator' retrieved from /home/airflow/.local/lib/python3.12/site-packages/airflow/example_dags/example_python_operator.py
[2025-08-27T03:39:15.004+0000] {logging_mixin.py:188} INFO - [2025-08-27T03:39:15.003+0000] {dag.py:3096} INFO - Sync 1 DAGs
[2025-08-27T03:39:15.322+0000] {logging_mixin.py:188} INFO - [2025-08-27T03:39:15.321+0000] {dag.py:3954} INFO - Setting next_dagrun for example_python_operator to None, run_after=None
[2025-08-27T03:39:15.787+0000] {processor.py:183} INFO - Processing /home/airflow/.local/lib/python3.12/site-packages/airflow/example_dags/example_python_operator.py took 1.315 seconds
[2025-08-27T03:40:36.036+0000] {processor.py:161} INFO - Started process (PID=7075) to work on /home/airflow/.local/lib/python3.12/site-packages/airflow/example_dags/example_python_operator.py
[2025-08-27T03:40:36.081+0000] {processor.py:830} INFO - Processing file /home/airflow/.local/lib/python3.12/site-packages/airflow/example_dags/example_python_operator.py for tasks to queue
[2025-08-27T03:40:36.115+0000] {logging_mixin.py:188} INFO - [2025-08-27T03:40:36.114+0000] {dagbag.py:545} INFO - Filling up the DagBag from /home/airflow/.local/lib/python3.12/site-packages/airflow/example_dags/example_python_operator.py
[2025-08-27T03:40:36.465+0000] {processor.py:840} INFO - DAG(s) 'example_python_operator' retrieved from /home/airflow/.local/lib/python3.12/site-packages/airflow/example_dags/example_python_operator.py
[2025-08-27T03:40:36.980+0000] {logging_mixin.py:188} INFO - [2025-08-27T03:40:36.979+0000] {dag.py:3096} INFO - Sync 1 DAGs
[2025-08-27T03:40:37.149+0000] {logging_mixin.py:188} INFO - [2025-08-27T03:40:37.148+0000] {dag.py:3954} INFO - Setting next_dagrun for example_python_operator to None, run_after=None
[2025-08-27T03:40:37.434+0000] {processor.py:183} INFO - Processing /home/airflow/.local/lib/python3.12/site-packages/airflow/example_dags/example_python_operator.py took 1.510 seconds
[2025-08-27T03:42:01.889+0000] {processor.py:161} INFO - Started process (PID=7386) to work on /home/airflow/.local/lib/python3.12/site-packages/airflow/example_dags/example_python_operator.py
[2025-08-27T03:42:01.905+0000] {processor.py:830} INFO - Processing file /home/airflow/.local/lib/python3.12/site-packages/airflow/example_dags/example_python_operator.py for tasks to queue
[2025-08-27T03:42:01.922+0000] {logging_mixin.py:188} INFO - [2025-08-27T03:42:01.921+0000] {dagbag.py:545} INFO - Filling up the DagBag from /home/airflow/.local/lib/python3.12/site-packages/airflow/example_dags/example_python_operator.py
[2025-08-27T03:42:02.107+0000] {processor.py:840} INFO - DAG(s) 'example_python_operator' retrieved from /home/airflow/.local/lib/python3.12/site-packages/airflow/example_dags/example_python_operator.py
[2025-08-27T03:42:02.504+0000] {logging_mixin.py:188} INFO - [2025-08-27T03:42:02.503+0000] {dag.py:3096} INFO - Sync 1 DAGs
[2025-08-27T03:42:02.602+0000] {logging_mixin.py:188} INFO - [2025-08-27T03:42:02.602+0000] {dag.py:3954} INFO - Setting next_dagrun for example_python_operator to None, run_after=None
[2025-08-27T03:42:02.814+0000] {processor.py:183} INFO - Processing /home/airflow/.local/lib/python3.12/site-packages/airflow/example_dags/example_python_operator.py took 1.214 seconds
[2025-08-27T03:43:06.879+0000] {processor.py:161} INFO - Started process (PID=7663) to work on /home/airflow/.local/lib/python3.12/site-packages/airflow/example_dags/example_python_operator.py
[2025-08-27T03:43:06.901+0000] {processor.py:830} INFO - Processing file /home/airflow/.local/lib/python3.12/site-packages/airflow/example_dags/example_python_operator.py for tasks to queue
[2025-08-27T03:43:06.910+0000] {logging_mixin.py:188} INFO - [2025-08-27T03:43:06.909+0000] {dagbag.py:545} INFO - Filling up the DagBag from /home/airflow/.local/lib/python3.12/site-packages/airflow/example_dags/example_python_operator.py
[2025-08-27T03:43:07.101+0000] {processor.py:840} INFO - DAG(s) 'example_python_operator' retrieved from /home/airflow/.local/lib/python3.12/site-packages/airflow/example_dags/example_python_operator.py
[2025-08-27T03:43:07.743+0000] {logging_mixin.py:188} INFO - [2025-08-27T03:43:07.742+0000] {dag.py:3096} INFO - Sync 1 DAGs
[2025-08-27T03:43:07.997+0000] {logging_mixin.py:188} INFO - [2025-08-27T03:43:07.985+0000] {dag.py:3954} INFO - Setting next_dagrun for example_python_operator to None, run_after=None
[2025-08-27T03:43:08.246+0000] {processor.py:183} INFO - Processing /home/airflow/.local/lib/python3.12/site-packages/airflow/example_dags/example_python_operator.py took 1.518 seconds
[2025-08-27T03:44:16.397+0000] {processor.py:161} INFO - Started process (PID=7940) to work on /home/airflow/.local/lib/python3.12/site-packages/airflow/example_dags/example_python_operator.py
[2025-08-27T03:44:16.450+0000] {processor.py:830} INFO - Processing file /home/airflow/.local/lib/python3.12/site-packages/airflow/example_dags/example_python_operator.py for tasks to queue
[2025-08-27T03:44:16.475+0000] {logging_mixin.py:188} INFO - [2025-08-27T03:44:16.474+0000] {dagbag.py:545} INFO - Filling up the DagBag from /home/airflow/.local/lib/python3.12/site-packages/airflow/example_dags/example_python_operator.py
[2025-08-27T03:44:16.763+0000] {processor.py:840} INFO - DAG(s) 'example_python_operator' retrieved from /home/airflow/.local/lib/python3.12/site-packages/airflow/example_dags/example_python_operator.py
[2025-08-27T03:44:17.230+0000] {logging_mixin.py:188} INFO - [2025-08-27T03:44:17.229+0000] {dag.py:3096} INFO - Sync 1 DAGs
[2025-08-27T03:44:17.691+0000] {logging_mixin.py:188} INFO - [2025-08-27T03:44:17.678+0000] {dag.py:3954} INFO - Setting next_dagrun for example_python_operator to None, run_after=None
[2025-08-27T03:44:18.147+0000] {processor.py:183} INFO - Processing /home/airflow/.local/lib/python3.12/site-packages/airflow/example_dags/example_python_operator.py took 1.942 seconds
[2025-08-27T03:45:16.545+0000] {processor.py:161} INFO - Started process (PID=8208) to work on /home/airflow/.local/lib/python3.12/site-packages/airflow/example_dags/example_python_operator.py
[2025-08-27T03:45:16.549+0000] {processor.py:830} INFO - Processing file /home/airflow/.local/lib/python3.12/site-packages/airflow/example_dags/example_python_operator.py for tasks to queue
[2025-08-27T03:45:16.597+0000] {logging_mixin.py:188} INFO - [2025-08-27T03:45:16.595+0000] {dagbag.py:545} INFO - Filling up the DagBag from /home/airflow/.local/lib/python3.12/site-packages/airflow/example_dags/example_python_operator.py
[2025-08-27T03:45:16.847+0000] {processor.py:840} INFO - DAG(s) 'example_python_operator' retrieved from /home/airflow/.local/lib/python3.12/site-packages/airflow/example_dags/example_python_operator.py
[2025-08-27T03:45:17.124+0000] {logging_mixin.py:188} INFO - [2025-08-27T03:45:17.123+0000] {dag.py:3096} INFO - Sync 1 DAGs
[2025-08-27T03:45:17.337+0000] {logging_mixin.py:188} INFO - [2025-08-27T03:45:17.337+0000] {dag.py:3954} INFO - Setting next_dagrun for example_python_operator to None, run_after=None
[2025-08-27T03:45:17.786+0000] {processor.py:183} INFO - Processing /home/airflow/.local/lib/python3.12/site-packages/airflow/example_dags/example_python_operator.py took 1.307 seconds
[2025-08-27T03:46:19.291+0000] {processor.py:161} INFO - Started process (PID=8521) to work on /home/airflow/.local/lib/python3.12/site-packages/airflow/example_dags/example_python_operator.py
[2025-08-27T03:46:19.308+0000] {processor.py:830} INFO - Processing file /home/airflow/.local/lib/python3.12/site-packages/airflow/example_dags/example_python_operator.py for tasks to queue
[2025-08-27T03:46:19.322+0000] {logging_mixin.py:188} INFO - [2025-08-27T03:46:19.321+0000] {dagbag.py:545} INFO - Filling up the DagBag from /home/airflow/.local/lib/python3.12/site-packages/airflow/example_dags/example_python_operator.py
[2025-08-27T03:46:19.527+0000] {processor.py:840} INFO - DAG(s) 'example_python_operator' retrieved from /home/airflow/.local/lib/python3.12/site-packages/airflow/example_dags/example_python_operator.py
[2025-08-27T03:46:19.792+0000] {logging_mixin.py:188} INFO - [2025-08-27T03:46:19.780+0000] {dag.py:3096} INFO - Sync 1 DAGs
[2025-08-27T03:46:19.949+0000] {logging_mixin.py:188} INFO - [2025-08-27T03:46:19.949+0000] {dag.py:3954} INFO - Setting next_dagrun for example_python_operator to None, run_after=None
[2025-08-27T03:46:20.214+0000] {processor.py:183} INFO - Processing /home/airflow/.local/lib/python3.12/site-packages/airflow/example_dags/example_python_operator.py took 1.020 seconds
[2025-08-27T03:47:11.707+0000] {processor.py:161} INFO - Started process (PID=8754) to work on /home/airflow/.local/lib/python3.12/site-packages/airflow/example_dags/example_python_operator.py
[2025-08-27T03:47:11.722+0000] {processor.py:830} INFO - Processing file /home/airflow/.local/lib/python3.12/site-packages/airflow/example_dags/example_python_operator.py for tasks to queue
[2025-08-27T03:47:11.767+0000] {logging_mixin.py:188} INFO - [2025-08-27T03:47:11.724+0000] {dagbag.py:545} INFO - Filling up the DagBag from /home/airflow/.local/lib/python3.12/site-packages/airflow/example_dags/example_python_operator.py
[2025-08-27T03:47:11.912+0000] {processor.py:840} INFO - DAG(s) 'example_python_operator' retrieved from /home/airflow/.local/lib/python3.12/site-packages/airflow/example_dags/example_python_operator.py
[2025-08-27T03:47:12.146+0000] {logging_mixin.py:188} INFO - [2025-08-27T03:47:12.145+0000] {dag.py:3096} INFO - Sync 1 DAGs
[2025-08-27T03:47:12.297+0000] {logging_mixin.py:188} INFO - [2025-08-27T03:47:12.297+0000] {dag.py:3954} INFO - Setting next_dagrun for example_python_operator to None, run_after=None
[2025-08-27T03:47:12.537+0000] {processor.py:183} INFO - Processing /home/airflow/.local/lib/python3.12/site-packages/airflow/example_dags/example_python_operator.py took 0.899 seconds
[2025-08-27T03:47:56.927+0000] {processor.py:161} INFO - Started process (PID=9002) to work on /home/airflow/.local/lib/python3.12/site-packages/airflow/example_dags/example_python_operator.py
[2025-08-27T03:47:56.938+0000] {processor.py:830} INFO - Processing file /home/airflow/.local/lib/python3.12/site-packages/airflow/example_dags/example_python_operator.py for tasks to queue
[2025-08-27T03:47:56.940+0000] {logging_mixin.py:188} INFO - [2025-08-27T03:47:56.938+0000] {dagbag.py:545} INFO - Filling up the DagBag from /home/airflow/.local/lib/python3.12/site-packages/airflow/example_dags/example_python_operator.py
[2025-08-27T03:47:57.071+0000] {processor.py:840} INFO - DAG(s) 'example_python_operator' retrieved from /home/airflow/.local/lib/python3.12/site-packages/airflow/example_dags/example_python_operator.py
[2025-08-27T03:47:57.507+0000] {logging_mixin.py:188} INFO - [2025-08-27T03:47:57.506+0000] {dag.py:3096} INFO - Sync 1 DAGs
[2025-08-27T03:47:57.778+0000] {logging_mixin.py:188} INFO - [2025-08-27T03:47:57.777+0000] {dag.py:3954} INFO - Setting next_dagrun for example_python_operator to None, run_after=None
[2025-08-27T03:47:58.236+0000] {processor.py:183} INFO - Processing /home/airflow/.local/lib/python3.12/site-packages/airflow/example_dags/example_python_operator.py took 1.410 seconds
[2025-08-27T03:48:47.314+0000] {processor.py:161} INFO - Started process (PID=9193) to work on /home/airflow/.local/lib/python3.12/site-packages/airflow/example_dags/example_python_operator.py
[2025-08-27T03:48:47.322+0000] {processor.py:830} INFO - Processing file /home/airflow/.local/lib/python3.12/site-packages/airflow/example_dags/example_python_operator.py for tasks to queue
[2025-08-27T03:48:47.339+0000] {logging_mixin.py:188} INFO - [2025-08-27T03:48:47.338+0000] {dagbag.py:545} INFO - Filling up the DagBag from /home/airflow/.local/lib/python3.12/site-packages/airflow/example_dags/example_python_operator.py
[2025-08-27T03:48:47.432+0000] {processor.py:840} INFO - DAG(s) 'example_python_operator' retrieved from /home/airflow/.local/lib/python3.12/site-packages/airflow/example_dags/example_python_operator.py
[2025-08-27T03:48:47.614+0000] {logging_mixin.py:188} INFO - [2025-08-27T03:48:47.613+0000] {dag.py:3096} INFO - Sync 1 DAGs
[2025-08-27T03:48:47.790+0000] {logging_mixin.py:188} INFO - [2025-08-27T03:48:47.789+0000] {dag.py:3954} INFO - Setting next_dagrun for example_python_operator to None, run_after=None
[2025-08-27T03:48:48.070+0000] {processor.py:183} INFO - Processing /home/airflow/.local/lib/python3.12/site-packages/airflow/example_dags/example_python_operator.py took 0.812 seconds
