[2025-08-27T03:39:29.204+0000] {processor.py:161} INFO - Started process (PID=6875) to work on /home/airflow/.local/lib/python3.12/site-packages/airflow/example_dags/example_kubernetes_executor.py
[2025-08-27T03:39:29.220+0000] {processor.py:830} INFO - Processing file /home/airflow/.local/lib/python3.12/site-packages/airflow/example_dags/example_kubernetes_executor.py for tasks to queue
[2025-08-27T03:39:29.260+0000] {logging_mixin.py:188} INFO - [2025-08-27T03:39:29.259+0000] {dagbag.py:545} INFO - Filling up the DagBag from /home/airflow/.local/lib/python3.12/site-packages/airflow/example_dags/example_kubernetes_executor.py
[2025-08-27T03:39:29.488+0000] {processor.py:840} INFO - DAG(s) 'example_kubernetes_executor' retrieved from /home/airflow/.local/lib/python3.12/site-packages/airflow/example_dags/example_kubernetes_executor.py
[2025-08-27T03:39:30.253+0000] {logging_mixin.py:188} INFO - [2025-08-27T03:39:30.252+0000] {dag.py:3096} INFO - Sync 1 DAGs
[2025-08-27T03:39:30.494+0000] {logging_mixin.py:188} INFO - [2025-08-27T03:39:30.493+0000] {dag.py:3954} INFO - Setting next_dagrun for example_kubernetes_executor to None, run_after=None
[2025-08-27T03:39:30.933+0000] {processor.py:183} INFO - Processing /home/airflow/.local/lib/python3.12/site-packages/airflow/example_dags/example_kubernetes_executor.py took 1.855 seconds
[2025-08-27T03:41:02.291+0000] {processor.py:161} INFO - Started process (PID=7198) to work on /home/airflow/.local/lib/python3.12/site-packages/airflow/example_dags/example_kubernetes_executor.py
[2025-08-27T03:41:02.341+0000] {processor.py:830} INFO - Processing file /home/airflow/.local/lib/python3.12/site-packages/airflow/example_dags/example_kubernetes_executor.py for tasks to queue
[2025-08-27T03:41:02.355+0000] {logging_mixin.py:188} INFO - [2025-08-27T03:41:02.354+0000] {dagbag.py:545} INFO - Filling up the DagBag from /home/airflow/.local/lib/python3.12/site-packages/airflow/example_dags/example_kubernetes_executor.py
[2025-08-27T03:41:02.514+0000] {processor.py:840} INFO - DAG(s) 'example_kubernetes_executor' retrieved from /home/airflow/.local/lib/python3.12/site-packages/airflow/example_dags/example_kubernetes_executor.py
[2025-08-27T03:41:03.044+0000] {logging_mixin.py:188} INFO - [2025-08-27T03:41:03.043+0000] {dag.py:3096} INFO - Sync 1 DAGs
[2025-08-27T03:41:03.354+0000] {logging_mixin.py:188} INFO - [2025-08-27T03:41:03.354+0000] {dag.py:3954} INFO - Setting next_dagrun for example_kubernetes_executor to None, run_after=None
[2025-08-27T03:41:03.733+0000] {processor.py:183} INFO - Processing /home/airflow/.local/lib/python3.12/site-packages/airflow/example_dags/example_kubernetes_executor.py took 1.620 seconds
[2025-08-27T03:42:23.358+0000] {processor.py:161} INFO - Started process (PID=7491) to work on /home/airflow/.local/lib/python3.12/site-packages/airflow/example_dags/example_kubernetes_executor.py
[2025-08-27T03:42:23.377+0000] {processor.py:830} INFO - Processing file /home/airflow/.local/lib/python3.12/site-packages/airflow/example_dags/example_kubernetes_executor.py for tasks to queue
[2025-08-27T03:42:23.380+0000] {logging_mixin.py:188} INFO - [2025-08-27T03:42:23.379+0000] {dagbag.py:545} INFO - Filling up the DagBag from /home/airflow/.local/lib/python3.12/site-packages/airflow/example_dags/example_kubernetes_executor.py
[2025-08-27T03:42:23.567+0000] {processor.py:840} INFO - DAG(s) 'example_kubernetes_executor' retrieved from /home/airflow/.local/lib/python3.12/site-packages/airflow/example_dags/example_kubernetes_executor.py
[2025-08-27T03:42:24.102+0000] {logging_mixin.py:188} INFO - [2025-08-27T03:42:24.102+0000] {dag.py:3096} INFO - Sync 1 DAGs
[2025-08-27T03:42:24.325+0000] {logging_mixin.py:188} INFO - [2025-08-27T03:42:24.314+0000] {dag.py:3954} INFO - Setting next_dagrun for example_kubernetes_executor to None, run_after=None
[2025-08-27T03:42:24.507+0000] {processor.py:183} INFO - Processing /home/airflow/.local/lib/python3.12/site-packages/airflow/example_dags/example_kubernetes_executor.py took 1.226 seconds
[2025-08-27T03:43:28.786+0000] {processor.py:161} INFO - Started process (PID=7763) to work on /home/airflow/.local/lib/python3.12/site-packages/airflow/example_dags/example_kubernetes_executor.py
[2025-08-27T03:43:28.809+0000] {processor.py:830} INFO - Processing file /home/airflow/.local/lib/python3.12/site-packages/airflow/example_dags/example_kubernetes_executor.py for tasks to queue
[2025-08-27T03:43:28.822+0000] {logging_mixin.py:188} INFO - [2025-08-27T03:43:28.812+0000] {dagbag.py:545} INFO - Filling up the DagBag from /home/airflow/.local/lib/python3.12/site-packages/airflow/example_dags/example_kubernetes_executor.py
[2025-08-27T03:43:29.112+0000] {processor.py:840} INFO - DAG(s) 'example_kubernetes_executor' retrieved from /home/airflow/.local/lib/python3.12/site-packages/airflow/example_dags/example_kubernetes_executor.py
[2025-08-27T03:43:29.869+0000] {logging_mixin.py:188} INFO - [2025-08-27T03:43:29.868+0000] {dag.py:3096} INFO - Sync 1 DAGs
[2025-08-27T03:43:30.066+0000] {logging_mixin.py:188} INFO - [2025-08-27T03:43:30.065+0000] {dag.py:3954} INFO - Setting next_dagrun for example_kubernetes_executor to None, run_after=None
[2025-08-27T03:43:30.664+0000] {processor.py:183} INFO - Processing /home/airflow/.local/lib/python3.12/site-packages/airflow/example_dags/example_kubernetes_executor.py took 1.993 seconds
[2025-08-27T03:44:44.973+0000] {processor.py:161} INFO - Started process (PID=8067) to work on /home/airflow/.local/lib/python3.12/site-packages/airflow/example_dags/example_kubernetes_executor.py
[2025-08-27T03:44:45.075+0000] {processor.py:830} INFO - Processing file /home/airflow/.local/lib/python3.12/site-packages/airflow/example_dags/example_kubernetes_executor.py for tasks to queue
[2025-08-27T03:44:45.094+0000] {logging_mixin.py:188} INFO - [2025-08-27T03:44:45.093+0000] {dagbag.py:545} INFO - Filling up the DagBag from /home/airflow/.local/lib/python3.12/site-packages/airflow/example_dags/example_kubernetes_executor.py
[2025-08-27T03:44:45.381+0000] {processor.py:840} INFO - DAG(s) 'example_kubernetes_executor' retrieved from /home/airflow/.local/lib/python3.12/site-packages/airflow/example_dags/example_kubernetes_executor.py
[2025-08-27T03:44:46.126+0000] {logging_mixin.py:188} INFO - [2025-08-27T03:44:46.125+0000] {dag.py:3096} INFO - Sync 1 DAGs
[2025-08-27T03:44:46.344+0000] {logging_mixin.py:188} INFO - [2025-08-27T03:44:46.343+0000] {dag.py:3954} INFO - Setting next_dagrun for example_kubernetes_executor to None, run_after=None
[2025-08-27T03:44:46.610+0000] {processor.py:183} INFO - Processing /home/airflow/.local/lib/python3.12/site-packages/airflow/example_dags/example_kubernetes_executor.py took 1.714 seconds
[2025-08-27T03:45:36.051+0000] {processor.py:161} INFO - Started process (PID=8329) to work on /home/airflow/.local/lib/python3.12/site-packages/airflow/example_dags/example_kubernetes_executor.py
[2025-08-27T03:45:36.081+0000] {processor.py:830} INFO - Processing file /home/airflow/.local/lib/python3.12/site-packages/airflow/example_dags/example_kubernetes_executor.py for tasks to queue
[2025-08-27T03:45:36.098+0000] {logging_mixin.py:188} INFO - [2025-08-27T03:45:36.097+0000] {dagbag.py:545} INFO - Filling up the DagBag from /home/airflow/.local/lib/python3.12/site-packages/airflow/example_dags/example_kubernetes_executor.py
[2025-08-27T03:45:36.449+0000] {processor.py:840} INFO - DAG(s) 'example_kubernetes_executor' retrieved from /home/airflow/.local/lib/python3.12/site-packages/airflow/example_dags/example_kubernetes_executor.py
[2025-08-27T03:45:37.165+0000] {logging_mixin.py:188} INFO - [2025-08-27T03:45:37.164+0000] {dag.py:3096} INFO - Sync 1 DAGs
[2025-08-27T03:45:37.350+0000] {logging_mixin.py:188} INFO - [2025-08-27T03:45:37.349+0000] {dag.py:3954} INFO - Setting next_dagrun for example_kubernetes_executor to None, run_after=None
[2025-08-27T03:45:37.570+0000] {processor.py:183} INFO - Processing /home/airflow/.local/lib/python3.12/site-packages/airflow/example_dags/example_kubernetes_executor.py took 1.662 seconds
[2025-08-27T03:46:41.142+0000] {processor.py:161} INFO - Started process (PID=8632) to work on /home/airflow/.local/lib/python3.12/site-packages/airflow/example_dags/example_kubernetes_executor.py
[2025-08-27T03:46:41.219+0000] {processor.py:830} INFO - Processing file /home/airflow/.local/lib/python3.12/site-packages/airflow/example_dags/example_kubernetes_executor.py for tasks to queue
[2025-08-27T03:46:41.236+0000] {logging_mixin.py:188} INFO - [2025-08-27T03:46:41.235+0000] {dagbag.py:545} INFO - Filling up the DagBag from /home/airflow/.local/lib/python3.12/site-packages/airflow/example_dags/example_kubernetes_executor.py
[2025-08-27T03:46:41.445+0000] {processor.py:840} INFO - DAG(s) 'example_kubernetes_executor' retrieved from /home/airflow/.local/lib/python3.12/site-packages/airflow/example_dags/example_kubernetes_executor.py
[2025-08-27T03:46:42.045+0000] {logging_mixin.py:188} INFO - [2025-08-27T03:46:42.044+0000] {dag.py:3096} INFO - Sync 1 DAGs
[2025-08-27T03:46:42.296+0000] {logging_mixin.py:188} INFO - [2025-08-27T03:46:42.295+0000] {dag.py:3954} INFO - Setting next_dagrun for example_kubernetes_executor to None, run_after=None
[2025-08-27T03:46:42.707+0000] {processor.py:183} INFO - Processing /home/airflow/.local/lib/python3.12/site-packages/airflow/example_dags/example_kubernetes_executor.py took 1.807 seconds
[2025-08-27T03:47:35.640+0000] {processor.py:161} INFO - Started process (PID=8875) to work on /home/airflow/.local/lib/python3.12/site-packages/airflow/example_dags/example_kubernetes_executor.py
[2025-08-27T03:47:35.647+0000] {processor.py:830} INFO - Processing file /home/airflow/.local/lib/python3.12/site-packages/airflow/example_dags/example_kubernetes_executor.py for tasks to queue
[2025-08-27T03:47:35.666+0000] {logging_mixin.py:188} INFO - [2025-08-27T03:47:35.652+0000] {dagbag.py:545} INFO - Filling up the DagBag from /home/airflow/.local/lib/python3.12/site-packages/airflow/example_dags/example_kubernetes_executor.py
[2025-08-27T03:47:35.872+0000] {processor.py:840} INFO - DAG(s) 'example_kubernetes_executor' retrieved from /home/airflow/.local/lib/python3.12/site-packages/airflow/example_dags/example_kubernetes_executor.py
[2025-08-27T03:47:36.501+0000] {logging_mixin.py:188} INFO - [2025-08-27T03:47:36.500+0000] {dag.py:3096} INFO - Sync 1 DAGs
[2025-08-27T03:47:36.745+0000] {logging_mixin.py:188} INFO - [2025-08-27T03:47:36.744+0000] {dag.py:3954} INFO - Setting next_dagrun for example_kubernetes_executor to None, run_after=None
[2025-08-27T03:47:36.968+0000] {processor.py:183} INFO - Processing /home/airflow/.local/lib/python3.12/site-packages/airflow/example_dags/example_kubernetes_executor.py took 1.452 seconds
[2025-08-27T03:48:53.936+0000] {processor.py:161} INFO - Started process (PID=9223) to work on /home/airflow/.local/lib/python3.12/site-packages/airflow/example_dags/example_kubernetes_executor.py
[2025-08-27T03:48:53.951+0000] {processor.py:830} INFO - Processing file /home/airflow/.local/lib/python3.12/site-packages/airflow/example_dags/example_kubernetes_executor.py for tasks to queue
[2025-08-27T03:48:53.958+0000] {logging_mixin.py:188} INFO - [2025-08-27T03:48:53.957+0000] {dagbag.py:545} INFO - Filling up the DagBag from /home/airflow/.local/lib/python3.12/site-packages/airflow/example_dags/example_kubernetes_executor.py
[2025-08-27T03:48:54.167+0000] {processor.py:840} INFO - DAG(s) 'example_kubernetes_executor' retrieved from /home/airflow/.local/lib/python3.12/site-packages/airflow/example_dags/example_kubernetes_executor.py
[2025-08-27T03:48:54.656+0000] {logging_mixin.py:188} INFO - [2025-08-27T03:48:54.655+0000] {dag.py:3096} INFO - Sync 1 DAGs
[2025-08-27T03:48:54.791+0000] {logging_mixin.py:188} INFO - [2025-08-27T03:48:54.789+0000] {dag.py:3954} INFO - Setting next_dagrun for example_kubernetes_executor to None, run_after=None
[2025-08-27T03:48:55.077+0000] {processor.py:183} INFO - Processing /home/airflow/.local/lib/python3.12/site-packages/airflow/example_dags/example_kubernetes_executor.py took 1.221 seconds
