[2025-08-27T03:38:50.364+0000] {processor.py:161} INFO - Started process (PID=6757) to work on /home/airflow/.local/lib/python3.12/site-packages/airflow/example_dags/example_branch_operator.py
[2025-08-27T03:38:50.459+0000] {processor.py:830} INFO - Processing file /home/airflow/.local/lib/python3.12/site-packages/airflow/example_dags/example_branch_operator.py for tasks to queue
[2025-08-27T03:38:50.540+0000] {logging_mixin.py:188} INFO - [2025-08-27T03:38:50.539+0000] {dagbag.py:545} INFO - Filling up the DagBag from /home/airflow/.local/lib/python3.12/site-packages/airflow/example_dags/example_branch_operator.py
[2025-08-27T03:38:51.221+0000] {processor.py:840} INFO - DAG(s) 'example_branch_operator' retrieved from /home/airflow/.local/lib/python3.12/site-packages/airflow/example_dags/example_branch_operator.py
[2025-08-27T03:38:52.575+0000] {logging_mixin.py:188} INFO - [2025-08-27T03:38:52.574+0000] {dag.py:3096} INFO - Sync 1 DAGs
[2025-08-27T03:38:53.706+0000] {logging_mixin.py:188} INFO - [2025-08-27T03:38:53.705+0000] {dag.py:3954} INFO - Setting next_dagrun for example_branch_operator to 2025-08-26 00:00:00+00:00, run_after=2025-08-27 00:00:00+00:00
[2025-08-27T03:38:54.198+0000] {processor.py:183} INFO - Processing /home/airflow/.local/lib/python3.12/site-packages/airflow/example_dags/example_branch_operator.py took 3.994 seconds
[2025-08-27T03:40:11.995+0000] {processor.py:161} INFO - Started process (PID=7007) to work on /home/airflow/.local/lib/python3.12/site-packages/airflow/example_dags/example_branch_operator.py
[2025-08-27T03:40:12.010+0000] {processor.py:830} INFO - Processing file /home/airflow/.local/lib/python3.12/site-packages/airflow/example_dags/example_branch_operator.py for tasks to queue
[2025-08-27T03:40:12.028+0000] {logging_mixin.py:188} INFO - [2025-08-27T03:40:12.027+0000] {dagbag.py:545} INFO - Filling up the DagBag from /home/airflow/.local/lib/python3.12/site-packages/airflow/example_dags/example_branch_operator.py
[2025-08-27T03:40:12.267+0000] {processor.py:840} INFO - DAG(s) 'example_branch_operator' retrieved from /home/airflow/.local/lib/python3.12/site-packages/airflow/example_dags/example_branch_operator.py
[2025-08-27T03:40:12.938+0000] {logging_mixin.py:188} INFO - [2025-08-27T03:40:12.937+0000] {dag.py:3096} INFO - Sync 1 DAGs
[2025-08-27T03:40:13.711+0000] {logging_mixin.py:188} INFO - [2025-08-27T03:40:13.710+0000] {dag.py:3954} INFO - Setting next_dagrun for example_branch_operator to 2025-08-26 00:00:00+00:00, run_after=2025-08-27 00:00:00+00:00
[2025-08-27T03:40:14.018+0000] {processor.py:183} INFO - Processing /home/airflow/.local/lib/python3.12/site-packages/airflow/example_dags/example_branch_operator.py took 2.110 seconds
[2025-08-27T03:41:41.458+0000] {processor.py:161} INFO - Started process (PID=7320) to work on /home/airflow/.local/lib/python3.12/site-packages/airflow/example_dags/example_branch_operator.py
[2025-08-27T03:41:41.474+0000] {processor.py:830} INFO - Processing file /home/airflow/.local/lib/python3.12/site-packages/airflow/example_dags/example_branch_operator.py for tasks to queue
[2025-08-27T03:41:41.492+0000] {logging_mixin.py:188} INFO - [2025-08-27T03:41:41.491+0000] {dagbag.py:545} INFO - Filling up the DagBag from /home/airflow/.local/lib/python3.12/site-packages/airflow/example_dags/example_branch_operator.py
[2025-08-27T03:41:42.100+0000] {processor.py:840} INFO - DAG(s) 'example_branch_operator' retrieved from /home/airflow/.local/lib/python3.12/site-packages/airflow/example_dags/example_branch_operator.py
[2025-08-27T03:41:42.886+0000] {logging_mixin.py:188} INFO - [2025-08-27T03:41:42.885+0000] {dag.py:3096} INFO - Sync 1 DAGs
[2025-08-27T03:41:43.527+0000] {logging_mixin.py:188} INFO - [2025-08-27T03:41:43.526+0000] {dag.py:3954} INFO - Setting next_dagrun for example_branch_operator to 2025-08-26 00:00:00+00:00, run_after=2025-08-27 00:00:00+00:00
[2025-08-27T03:41:44.288+0000] {processor.py:183} INFO - Processing /home/airflow/.local/lib/python3.12/site-packages/airflow/example_dags/example_branch_operator.py took 2.947 seconds
[2025-08-27T03:42:49.672+0000] {processor.py:161} INFO - Started process (PID=7599) to work on /home/airflow/.local/lib/python3.12/site-packages/airflow/example_dags/example_branch_operator.py
[2025-08-27T03:42:49.689+0000] {processor.py:830} INFO - Processing file /home/airflow/.local/lib/python3.12/site-packages/airflow/example_dags/example_branch_operator.py for tasks to queue
[2025-08-27T03:42:49.705+0000] {logging_mixin.py:188} INFO - [2025-08-27T03:42:49.704+0000] {dagbag.py:545} INFO - Filling up the DagBag from /home/airflow/.local/lib/python3.12/site-packages/airflow/example_dags/example_branch_operator.py
[2025-08-27T03:42:50.016+0000] {processor.py:840} INFO - DAG(s) 'example_branch_operator' retrieved from /home/airflow/.local/lib/python3.12/site-packages/airflow/example_dags/example_branch_operator.py
[2025-08-27T03:42:50.485+0000] {logging_mixin.py:188} INFO - [2025-08-27T03:42:50.484+0000] {dag.py:3096} INFO - Sync 1 DAGs
[2025-08-27T03:42:50.809+0000] {logging_mixin.py:188} INFO - [2025-08-27T03:42:50.796+0000] {dag.py:3954} INFO - Setting next_dagrun for example_branch_operator to 2025-08-26 00:00:00+00:00, run_after=2025-08-27 00:00:00+00:00
[2025-08-27T03:42:51.026+0000] {processor.py:183} INFO - Processing /home/airflow/.local/lib/python3.12/site-packages/airflow/example_dags/example_branch_operator.py took 1.424 seconds
[2025-08-27T03:43:57.832+0000] {processor.py:161} INFO - Started process (PID=7874) to work on /home/airflow/.local/lib/python3.12/site-packages/airflow/example_dags/example_branch_operator.py
[2025-08-27T03:43:57.849+0000] {processor.py:830} INFO - Processing file /home/airflow/.local/lib/python3.12/site-packages/airflow/example_dags/example_branch_operator.py for tasks to queue
[2025-08-27T03:43:57.865+0000] {logging_mixin.py:188} INFO - [2025-08-27T03:43:57.864+0000] {dagbag.py:545} INFO - Filling up the DagBag from /home/airflow/.local/lib/python3.12/site-packages/airflow/example_dags/example_branch_operator.py
[2025-08-27T03:43:58.203+0000] {processor.py:840} INFO - DAG(s) 'example_branch_operator' retrieved from /home/airflow/.local/lib/python3.12/site-packages/airflow/example_dags/example_branch_operator.py
[2025-08-27T03:43:58.728+0000] {logging_mixin.py:188} INFO - [2025-08-27T03:43:58.728+0000] {dag.py:3096} INFO - Sync 1 DAGs
[2025-08-27T03:43:59.482+0000] {logging_mixin.py:188} INFO - [2025-08-27T03:43:59.481+0000] {dag.py:3954} INFO - Setting next_dagrun for example_branch_operator to 2025-08-26 00:00:00+00:00, run_after=2025-08-27 00:00:00+00:00
[2025-08-27T03:43:59.987+0000] {processor.py:183} INFO - Processing /home/airflow/.local/lib/python3.12/site-packages/airflow/example_dags/example_branch_operator.py took 2.315 seconds
[2025-08-27T03:45:02.225+0000] {processor.py:161} INFO - Started process (PID=8148) to work on /home/airflow/.local/lib/python3.12/site-packages/airflow/example_dags/example_branch_operator.py
[2025-08-27T03:45:02.273+0000] {processor.py:830} INFO - Processing file /home/airflow/.local/lib/python3.12/site-packages/airflow/example_dags/example_branch_operator.py for tasks to queue
[2025-08-27T03:45:02.291+0000] {logging_mixin.py:188} INFO - [2025-08-27T03:45:02.290+0000] {dagbag.py:545} INFO - Filling up the DagBag from /home/airflow/.local/lib/python3.12/site-packages/airflow/example_dags/example_branch_operator.py
[2025-08-27T03:45:02.731+0000] {processor.py:840} INFO - DAG(s) 'example_branch_operator' retrieved from /home/airflow/.local/lib/python3.12/site-packages/airflow/example_dags/example_branch_operator.py
[2025-08-27T03:45:03.197+0000] {logging_mixin.py:188} INFO - [2025-08-27T03:45:03.197+0000] {dag.py:3096} INFO - Sync 1 DAGs
[2025-08-27T03:45:03.655+0000] {logging_mixin.py:188} INFO - [2025-08-27T03:45:03.654+0000] {dag.py:3954} INFO - Setting next_dagrun for example_branch_operator to 2025-08-26 00:00:00+00:00, run_after=2025-08-27 00:00:00+00:00
[2025-08-27T03:45:04.204+0000] {processor.py:183} INFO - Processing /home/airflow/.local/lib/python3.12/site-packages/airflow/example_dags/example_branch_operator.py took 2.083 seconds
[2025-08-27T03:45:45.082+0000] {processor.py:161} INFO - Started process (PID=8375) to work on /home/airflow/.local/lib/python3.12/site-packages/airflow/example_dags/example_branch_operator.py
[2025-08-27T03:45:45.102+0000] {processor.py:830} INFO - Processing file /home/airflow/.local/lib/python3.12/site-packages/airflow/example_dags/example_branch_operator.py for tasks to queue
[2025-08-27T03:45:45.113+0000] {logging_mixin.py:188} INFO - [2025-08-27T03:45:45.112+0000] {dagbag.py:545} INFO - Filling up the DagBag from /home/airflow/.local/lib/python3.12/site-packages/airflow/example_dags/example_branch_operator.py
[2025-08-27T03:45:45.413+0000] {processor.py:840} INFO - DAG(s) 'example_branch_operator' retrieved from /home/airflow/.local/lib/python3.12/site-packages/airflow/example_dags/example_branch_operator.py
[2025-08-27T03:45:46.020+0000] {logging_mixin.py:188} INFO - [2025-08-27T03:45:46.019+0000] {dag.py:3096} INFO - Sync 1 DAGs
[2025-08-27T03:45:46.391+0000] {logging_mixin.py:188} INFO - [2025-08-27T03:45:46.390+0000] {dag.py:3954} INFO - Setting next_dagrun for example_branch_operator to 2025-08-26 00:00:00+00:00, run_after=2025-08-27 00:00:00+00:00
[2025-08-27T03:45:46.613+0000] {processor.py:183} INFO - Processing /home/airflow/.local/lib/python3.12/site-packages/airflow/example_dags/example_branch_operator.py took 1.603 seconds
[2025-08-27T03:46:27.085+0000] {processor.py:161} INFO - Started process (PID=8576) to work on /home/airflow/.local/lib/python3.12/site-packages/airflow/example_dags/example_branch_operator.py
[2025-08-27T03:46:27.117+0000] {processor.py:830} INFO - Processing file /home/airflow/.local/lib/python3.12/site-packages/airflow/example_dags/example_branch_operator.py for tasks to queue
[2025-08-27T03:46:27.135+0000] {logging_mixin.py:188} INFO - [2025-08-27T03:46:27.133+0000] {dagbag.py:545} INFO - Filling up the DagBag from /home/airflow/.local/lib/python3.12/site-packages/airflow/example_dags/example_branch_operator.py
[2025-08-27T03:46:27.358+0000] {processor.py:840} INFO - DAG(s) 'example_branch_operator' retrieved from /home/airflow/.local/lib/python3.12/site-packages/airflow/example_dags/example_branch_operator.py
[2025-08-27T03:46:27.840+0000] {logging_mixin.py:188} INFO - [2025-08-27T03:46:27.839+0000] {dag.py:3096} INFO - Sync 1 DAGs
[2025-08-27T03:46:28.207+0000] {logging_mixin.py:188} INFO - [2025-08-27T03:46:28.206+0000] {dag.py:3954} INFO - Setting next_dagrun for example_branch_operator to 2025-08-26 00:00:00+00:00, run_after=2025-08-27 00:00:00+00:00
[2025-08-27T03:46:28.448+0000] {processor.py:183} INFO - Processing /home/airflow/.local/lib/python3.12/site-packages/airflow/example_dags/example_branch_operator.py took 1.434 seconds
[2025-08-27T03:47:22.284+0000] {processor.py:161} INFO - Started process (PID=8804) to work on /home/airflow/.local/lib/python3.12/site-packages/airflow/example_dags/example_branch_operator.py
[2025-08-27T03:47:22.298+0000] {processor.py:830} INFO - Processing file /home/airflow/.local/lib/python3.12/site-packages/airflow/example_dags/example_branch_operator.py for tasks to queue
[2025-08-27T03:47:22.301+0000] {logging_mixin.py:188} INFO - [2025-08-27T03:47:22.300+0000] {dagbag.py:545} INFO - Filling up the DagBag from /home/airflow/.local/lib/python3.12/site-packages/airflow/example_dags/example_branch_operator.py
[2025-08-27T03:47:22.763+0000] {processor.py:840} INFO - DAG(s) 'example_branch_operator' retrieved from /home/airflow/.local/lib/python3.12/site-packages/airflow/example_dags/example_branch_operator.py
[2025-08-27T03:47:23.231+0000] {logging_mixin.py:188} INFO - [2025-08-27T03:47:23.230+0000] {dag.py:3096} INFO - Sync 1 DAGs
[2025-08-27T03:47:23.592+0000] {logging_mixin.py:188} INFO - [2025-08-27T03:47:23.591+0000] {dag.py:3954} INFO - Setting next_dagrun for example_branch_operator to 2025-08-26 00:00:00+00:00, run_after=2025-08-27 00:00:00+00:00
[2025-08-27T03:47:24.010+0000] {processor.py:183} INFO - Processing /home/airflow/.local/lib/python3.12/site-packages/airflow/example_dags/example_branch_operator.py took 1.817 seconds
[2025-08-27T03:48:04.413+0000] {processor.py:161} INFO - Started process (PID=9026) to work on /home/airflow/.local/lib/python3.12/site-packages/airflow/example_dags/example_branch_operator.py
[2025-08-27T03:48:04.531+0000] {processor.py:830} INFO - Processing file /home/airflow/.local/lib/python3.12/site-packages/airflow/example_dags/example_branch_operator.py for tasks to queue
[2025-08-27T03:48:04.547+0000] {logging_mixin.py:188} INFO - [2025-08-27T03:48:04.546+0000] {dagbag.py:545} INFO - Filling up the DagBag from /home/airflow/.local/lib/python3.12/site-packages/airflow/example_dags/example_branch_operator.py
[2025-08-27T03:48:05.129+0000] {processor.py:840} INFO - DAG(s) 'example_branch_operator' retrieved from /home/airflow/.local/lib/python3.12/site-packages/airflow/example_dags/example_branch_operator.py
[2025-08-27T03:48:05.970+0000] {logging_mixin.py:188} INFO - [2025-08-27T03:48:05.942+0000] {dag.py:3096} INFO - Sync 1 DAGs
[2025-08-27T03:48:06.619+0000] {logging_mixin.py:188} INFO - [2025-08-27T03:48:06.558+0000] {dag.py:3954} INFO - Setting next_dagrun for example_branch_operator to 2025-08-26 00:00:00+00:00, run_after=2025-08-27 00:00:00+00:00
[2025-08-27T03:48:07.436+0000] {processor.py:183} INFO - Processing /home/airflow/.local/lib/python3.12/site-packages/airflow/example_dags/example_branch_operator.py took 3.225 seconds
[2025-08-27T03:49:02.187+0000] {processor.py:161} INFO - Started process (PID=9278) to work on /home/airflow/.local/lib/python3.12/site-packages/airflow/example_dags/example_branch_operator.py
[2025-08-27T03:49:02.201+0000] {processor.py:830} INFO - Processing file /home/airflow/.local/lib/python3.12/site-packages/airflow/example_dags/example_branch_operator.py for tasks to queue
[2025-08-27T03:49:02.219+0000] {logging_mixin.py:188} INFO - [2025-08-27T03:49:02.218+0000] {dagbag.py:545} INFO - Filling up the DagBag from /home/airflow/.local/lib/python3.12/site-packages/airflow/example_dags/example_branch_operator.py
[2025-08-27T03:49:02.699+0000] {processor.py:840} INFO - DAG(s) 'example_branch_operator' retrieved from /home/airflow/.local/lib/python3.12/site-packages/airflow/example_dags/example_branch_operator.py
[2025-08-27T03:49:03.118+0000] {logging_mixin.py:188} INFO - [2025-08-27T03:49:03.117+0000] {dag.py:3096} INFO - Sync 1 DAGs
[2025-08-27T03:49:03.536+0000] {logging_mixin.py:188} INFO - [2025-08-27T03:49:03.535+0000] {dag.py:3954} INFO - Setting next_dagrun for example_branch_operator to 2025-08-26 00:00:00+00:00, run_after=2025-08-27 00:00:00+00:00
[2025-08-27T03:49:03.705+0000] {processor.py:183} INFO - Processing /home/airflow/.local/lib/python3.12/site-packages/airflow/example_dags/example_branch_operator.py took 1.615 seconds
