[2025-08-27T03:40:39.513+0000] {processor.py:161} INFO - Started process (PID=7088) to work on /home/airflow/.local/lib/python3.12/site-packages/airflow/example_dags/example_params_ui_tutorial.py
[2025-08-27T03:40:39.553+0000] {processor.py:830} INFO - Processing file /home/airflow/.local/lib/python3.12/site-packages/airflow/example_dags/example_params_ui_tutorial.py for tasks to queue
[2025-08-27T03:40:39.565+0000] {logging_mixin.py:188} INFO - [2025-08-27T03:40:39.564+0000] {dagbag.py:545} INFO - Filling up the DagBag from /home/airflow/.local/lib/python3.12/site-packages/airflow/example_dags/example_params_ui_tutorial.py
[2025-08-27T03:40:39.697+0000] {processor.py:840} INFO - DAG(s) 'example_params_ui_tutorial' retrieved from /home/airflow/.local/lib/python3.12/site-packages/airflow/example_dags/example_params_ui_tutorial.py
[2025-08-27T03:40:42.157+0000] {logging_mixin.py:188} INFO - [2025-08-27T03:40:42.156+0000] {dag.py:3096} INFO - Sync 1 DAGs
[2025-08-27T03:40:42.282+0000] {logging_mixin.py:188} INFO - [2025-08-27T03:40:42.281+0000] {dag.py:3954} INFO - Setting next_dagrun for example_params_ui_tutorial to None, run_after=None
[2025-08-27T03:40:42.681+0000] {processor.py:183} INFO - Processing /home/airflow/.local/lib/python3.12/site-packages/airflow/example_dags/example_params_ui_tutorial.py took 3.229 seconds
[2025-08-27T03:42:05.301+0000] {processor.py:161} INFO - Started process (PID=7401) to work on /home/airflow/.local/lib/python3.12/site-packages/airflow/example_dags/example_params_ui_tutorial.py
[2025-08-27T03:42:05.326+0000] {processor.py:830} INFO - Processing file /home/airflow/.local/lib/python3.12/site-packages/airflow/example_dags/example_params_ui_tutorial.py for tasks to queue
[2025-08-27T03:42:05.339+0000] {logging_mixin.py:188} INFO - [2025-08-27T03:42:05.329+0000] {dagbag.py:545} INFO - Filling up the DagBag from /home/airflow/.local/lib/python3.12/site-packages/airflow/example_dags/example_params_ui_tutorial.py
[2025-08-27T03:42:05.483+0000] {processor.py:840} INFO - DAG(s) 'example_params_ui_tutorial' retrieved from /home/airflow/.local/lib/python3.12/site-packages/airflow/example_dags/example_params_ui_tutorial.py
[2025-08-27T03:42:06.637+0000] {logging_mixin.py:188} INFO - [2025-08-27T03:42:06.624+0000] {dag.py:3096} INFO - Sync 1 DAGs
[2025-08-27T03:42:06.844+0000] {logging_mixin.py:188} INFO - [2025-08-27T03:42:06.832+0000] {dag.py:3954} INFO - Setting next_dagrun for example_params_ui_tutorial to None, run_after=None
[2025-08-27T03:42:07.082+0000] {processor.py:183} INFO - Processing /home/airflow/.local/lib/python3.12/site-packages/airflow/example_dags/example_params_ui_tutorial.py took 1.901 seconds
[2025-08-27T03:43:10.121+0000] {processor.py:161} INFO - Started process (PID=7678) to work on /home/airflow/.local/lib/python3.12/site-packages/airflow/example_dags/example_params_ui_tutorial.py
[2025-08-27T03:43:10.128+0000] {processor.py:830} INFO - Processing file /home/airflow/.local/lib/python3.12/site-packages/airflow/example_dags/example_params_ui_tutorial.py for tasks to queue
[2025-08-27T03:43:10.133+0000] {logging_mixin.py:188} INFO - [2025-08-27T03:43:10.132+0000] {dagbag.py:545} INFO - Filling up the DagBag from /home/airflow/.local/lib/python3.12/site-packages/airflow/example_dags/example_params_ui_tutorial.py
[2025-08-27T03:43:10.290+0000] {processor.py:840} INFO - DAG(s) 'example_params_ui_tutorial' retrieved from /home/airflow/.local/lib/python3.12/site-packages/airflow/example_dags/example_params_ui_tutorial.py
[2025-08-27T03:43:11.267+0000] {logging_mixin.py:188} INFO - [2025-08-27T03:43:11.267+0000] {dag.py:3096} INFO - Sync 1 DAGs
[2025-08-27T03:43:11.448+0000] {logging_mixin.py:188} INFO - [2025-08-27T03:43:11.436+0000] {dag.py:3954} INFO - Setting next_dagrun for example_params_ui_tutorial to None, run_after=None
[2025-08-27T03:43:11.745+0000] {processor.py:183} INFO - Processing /home/airflow/.local/lib/python3.12/site-packages/airflow/example_dags/example_params_ui_tutorial.py took 1.705 seconds
[2025-08-27T03:44:21.056+0000] {processor.py:161} INFO - Started process (PID=7955) to work on /home/airflow/.local/lib/python3.12/site-packages/airflow/example_dags/example_params_ui_tutorial.py
[2025-08-27T03:44:21.145+0000] {processor.py:830} INFO - Processing file /home/airflow/.local/lib/python3.12/site-packages/airflow/example_dags/example_params_ui_tutorial.py for tasks to queue
[2025-08-27T03:44:21.200+0000] {logging_mixin.py:188} INFO - [2025-08-27T03:44:21.199+0000] {dagbag.py:545} INFO - Filling up the DagBag from /home/airflow/.local/lib/python3.12/site-packages/airflow/example_dags/example_params_ui_tutorial.py
[2025-08-27T03:44:21.490+0000] {processor.py:840} INFO - DAG(s) 'example_params_ui_tutorial' retrieved from /home/airflow/.local/lib/python3.12/site-packages/airflow/example_dags/example_params_ui_tutorial.py
[2025-08-27T03:44:22.990+0000] {logging_mixin.py:188} INFO - [2025-08-27T03:44:22.989+0000] {dag.py:3096} INFO - Sync 1 DAGs
[2025-08-27T03:44:23.374+0000] {logging_mixin.py:188} INFO - [2025-08-27T03:44:23.373+0000] {dag.py:3954} INFO - Setting next_dagrun for example_params_ui_tutorial to None, run_after=None
[2025-08-27T03:44:23.687+0000] {processor.py:183} INFO - Processing /home/airflow/.local/lib/python3.12/site-packages/airflow/example_dags/example_params_ui_tutorial.py took 2.738 seconds
[2025-08-27T03:45:19.221+0000] {processor.py:161} INFO - Started process (PID=8223) to work on /home/airflow/.local/lib/python3.12/site-packages/airflow/example_dags/example_params_ui_tutorial.py
[2025-08-27T03:45:19.242+0000] {processor.py:830} INFO - Processing file /home/airflow/.local/lib/python3.12/site-packages/airflow/example_dags/example_params_ui_tutorial.py for tasks to queue
[2025-08-27T03:45:19.245+0000] {logging_mixin.py:188} INFO - [2025-08-27T03:45:19.244+0000] {dagbag.py:545} INFO - Filling up the DagBag from /home/airflow/.local/lib/python3.12/site-packages/airflow/example_dags/example_params_ui_tutorial.py
[2025-08-27T03:45:19.436+0000] {processor.py:840} INFO - DAG(s) 'example_params_ui_tutorial' retrieved from /home/airflow/.local/lib/python3.12/site-packages/airflow/example_dags/example_params_ui_tutorial.py
[2025-08-27T03:45:20.334+0000] {logging_mixin.py:188} INFO - [2025-08-27T03:45:20.333+0000] {dag.py:3096} INFO - Sync 1 DAGs
[2025-08-27T03:45:20.917+0000] {logging_mixin.py:188} INFO - [2025-08-27T03:45:20.916+0000] {dag.py:3954} INFO - Setting next_dagrun for example_params_ui_tutorial to None, run_after=None
[2025-08-27T03:45:21.397+0000] {processor.py:183} INFO - Processing /home/airflow/.local/lib/python3.12/site-packages/airflow/example_dags/example_params_ui_tutorial.py took 2.304 seconds
[2025-08-27T03:46:22.671+0000] {processor.py:161} INFO - Started process (PID=8546) to work on /home/airflow/.local/lib/python3.12/site-packages/airflow/example_dags/example_params_ui_tutorial.py
[2025-08-27T03:46:22.688+0000] {processor.py:830} INFO - Processing file /home/airflow/.local/lib/python3.12/site-packages/airflow/example_dags/example_params_ui_tutorial.py for tasks to queue
[2025-08-27T03:46:22.743+0000] {logging_mixin.py:188} INFO - [2025-08-27T03:46:22.742+0000] {dagbag.py:545} INFO - Filling up the DagBag from /home/airflow/.local/lib/python3.12/site-packages/airflow/example_dags/example_params_ui_tutorial.py
[2025-08-27T03:46:22.985+0000] {processor.py:840} INFO - DAG(s) 'example_params_ui_tutorial' retrieved from /home/airflow/.local/lib/python3.12/site-packages/airflow/example_dags/example_params_ui_tutorial.py
[2025-08-27T03:46:23.740+0000] {logging_mixin.py:188} INFO - [2025-08-27T03:46:23.739+0000] {dag.py:3096} INFO - Sync 1 DAGs
[2025-08-27T03:46:23.846+0000] {logging_mixin.py:188} INFO - [2025-08-27T03:46:23.846+0000] {dag.py:3954} INFO - Setting next_dagrun for example_params_ui_tutorial to None, run_after=None
[2025-08-27T03:46:24.145+0000] {processor.py:183} INFO - Processing /home/airflow/.local/lib/python3.12/site-packages/airflow/example_dags/example_params_ui_tutorial.py took 1.580 seconds
[2025-08-27T03:47:40.244+0000] {processor.py:161} INFO - Started process (PID=8900) to work on /home/airflow/.local/lib/python3.12/site-packages/airflow/example_dags/example_params_ui_tutorial.py
[2025-08-27T03:47:40.263+0000] {processor.py:830} INFO - Processing file /home/airflow/.local/lib/python3.12/site-packages/airflow/example_dags/example_params_ui_tutorial.py for tasks to queue
[2025-08-27T03:47:40.267+0000] {logging_mixin.py:188} INFO - [2025-08-27T03:47:40.266+0000] {dagbag.py:545} INFO - Filling up the DagBag from /home/airflow/.local/lib/python3.12/site-packages/airflow/example_dags/example_params_ui_tutorial.py
[2025-08-27T03:47:40.377+0000] {processor.py:840} INFO - DAG(s) 'example_params_ui_tutorial' retrieved from /home/airflow/.local/lib/python3.12/site-packages/airflow/example_dags/example_params_ui_tutorial.py
[2025-08-27T03:47:41.257+0000] {logging_mixin.py:188} INFO - [2025-08-27T03:47:41.257+0000] {dag.py:3096} INFO - Sync 1 DAGs
[2025-08-27T03:47:41.492+0000] {logging_mixin.py:188} INFO - [2025-08-27T03:47:41.492+0000] {dag.py:3954} INFO - Setting next_dagrun for example_params_ui_tutorial to None, run_after=None
[2025-08-27T03:47:41.805+0000] {processor.py:183} INFO - Processing /home/airflow/.local/lib/python3.12/site-packages/airflow/example_dags/example_params_ui_tutorial.py took 1.608 seconds
[2025-08-27T03:48:58.072+0000] {processor.py:161} INFO - Started process (PID=9250) to work on /home/airflow/.local/lib/python3.12/site-packages/airflow/example_dags/example_params_ui_tutorial.py
[2025-08-27T03:48:58.076+0000] {processor.py:830} INFO - Processing file /home/airflow/.local/lib/python3.12/site-packages/airflow/example_dags/example_params_ui_tutorial.py for tasks to queue
[2025-08-27T03:48:58.091+0000] {logging_mixin.py:188} INFO - [2025-08-27T03:48:58.088+0000] {dagbag.py:545} INFO - Filling up the DagBag from /home/airflow/.local/lib/python3.12/site-packages/airflow/example_dags/example_params_ui_tutorial.py
[2025-08-27T03:48:58.164+0000] {processor.py:840} INFO - DAG(s) 'example_params_ui_tutorial' retrieved from /home/airflow/.local/lib/python3.12/site-packages/airflow/example_dags/example_params_ui_tutorial.py
[2025-08-27T03:48:58.651+0000] {logging_mixin.py:188} INFO - [2025-08-27T03:48:58.651+0000] {dag.py:3096} INFO - Sync 1 DAGs
[2025-08-27T03:48:58.823+0000] {logging_mixin.py:188} INFO - [2025-08-27T03:48:58.818+0000] {dag.py:3954} INFO - Setting next_dagrun for example_params_ui_tutorial to None, run_after=None
[2025-08-27T03:48:59.083+0000] {processor.py:183} INFO - Processing /home/airflow/.local/lib/python3.12/site-packages/airflow/example_dags/example_params_ui_tutorial.py took 1.088 seconds
