[2025-08-27T03:40:05.645+0000] {processor.py:161} INFO - Started process (PID=6984) to work on /home/airflow/.local/lib/python3.12/site-packages/airflow/example_dags/example_latest_only_with_trigger.py
[2025-08-27T03:40:05.691+0000] {processor.py:830} INFO - Processing file /home/airflow/.local/lib/python3.12/site-packages/airflow/example_dags/example_latest_only_with_trigger.py for tasks to queue
[2025-08-27T03:40:05.708+0000] {logging_mixin.py:188} INFO - [2025-08-27T03:40:05.707+0000] {dagbag.py:545} INFO - Filling up the DagBag from /home/airflow/.local/lib/python3.12/site-packages/airflow/example_dags/example_latest_only_with_trigger.py
[2025-08-27T03:40:05.794+0000] {processor.py:840} INFO - DAG(s) 'latest_only_with_trigger' retrieved from /home/airflow/.local/lib/python3.12/site-packages/airflow/example_dags/example_latest_only_with_trigger.py
[2025-08-27T03:40:08.200+0000] {logging_mixin.py:188} INFO - [2025-08-27T03:40:08.199+0000] {dag.py:3096} INFO - Sync 1 DAGs
[2025-08-27T03:40:08.569+0000] {logging_mixin.py:188} INFO - [2025-08-27T03:40:08.569+0000] {dag.py:3954} INFO - Setting next_dagrun for latest_only_with_trigger to 2025-08-26 20:00:00+00:00, run_after=2025-08-27 00:00:00+00:00
[2025-08-27T03:40:08.919+0000] {processor.py:183} INFO - Processing /home/airflow/.local/lib/python3.12/site-packages/airflow/example_dags/example_latest_only_with_trigger.py took 3.385 seconds
[2025-08-27T03:40:47.722+0000] {processor.py:161} INFO - Started process (PID=7138) to work on /home/airflow/.local/lib/python3.12/site-packages/airflow/example_dags/example_latest_only_with_trigger.py
[2025-08-27T03:40:47.736+0000] {processor.py:830} INFO - Processing file /home/airflow/.local/lib/python3.12/site-packages/airflow/example_dags/example_latest_only_with_trigger.py for tasks to queue
[2025-08-27T03:40:47.750+0000] {logging_mixin.py:188} INFO - [2025-08-27T03:40:47.738+0000] {dagbag.py:545} INFO - Filling up the DagBag from /home/airflow/.local/lib/python3.12/site-packages/airflow/example_dags/example_latest_only_with_trigger.py
[2025-08-27T03:40:47.833+0000] {processor.py:840} INFO - DAG(s) 'latest_only_with_trigger' retrieved from /home/airflow/.local/lib/python3.12/site-packages/airflow/example_dags/example_latest_only_with_trigger.py
[2025-08-27T03:40:48.394+0000] {logging_mixin.py:188} INFO - [2025-08-27T03:40:48.393+0000] {dag.py:3096} INFO - Sync 1 DAGs
[2025-08-27T03:40:48.979+0000] {logging_mixin.py:188} INFO - [2025-08-27T03:40:48.978+0000] {dag.py:3954} INFO - Setting next_dagrun for latest_only_with_trigger to 2025-08-26 20:00:00+00:00, run_after=2025-08-27 00:00:00+00:00
[2025-08-27T03:40:49.457+0000] {processor.py:183} INFO - Processing /home/airflow/.local/lib/python3.12/site-packages/airflow/example_dags/example_latest_only_with_trigger.py took 1.803 seconds
[2025-08-27T03:41:38.168+0000] {processor.py:161} INFO - Started process (PID=7305) to work on /home/airflow/.local/lib/python3.12/site-packages/airflow/example_dags/example_latest_only_with_trigger.py
[2025-08-27T03:41:38.183+0000] {processor.py:830} INFO - Processing file /home/airflow/.local/lib/python3.12/site-packages/airflow/example_dags/example_latest_only_with_trigger.py for tasks to queue
[2025-08-27T03:41:38.200+0000] {logging_mixin.py:188} INFO - [2025-08-27T03:41:38.198+0000] {dagbag.py:545} INFO - Filling up the DagBag from /home/airflow/.local/lib/python3.12/site-packages/airflow/example_dags/example_latest_only_with_trigger.py
[2025-08-27T03:41:38.279+0000] {processor.py:840} INFO - DAG(s) 'latest_only_with_trigger' retrieved from /home/airflow/.local/lib/python3.12/site-packages/airflow/example_dags/example_latest_only_with_trigger.py
[2025-08-27T03:41:38.520+0000] {logging_mixin.py:188} INFO - [2025-08-27T03:41:38.507+0000] {dag.py:3096} INFO - Sync 1 DAGs
[2025-08-27T03:41:38.840+0000] {logging_mixin.py:188} INFO - [2025-08-27T03:41:38.828+0000] {dag.py:3954} INFO - Setting next_dagrun for latest_only_with_trigger to 2025-08-26 20:00:00+00:00, run_after=2025-08-27 00:00:00+00:00
[2025-08-27T03:41:39.058+0000] {processor.py:183} INFO - Processing /home/airflow/.local/lib/python3.12/site-packages/airflow/example_dags/example_latest_only_with_trigger.py took 0.969 seconds
[2025-08-27T03:42:45.199+0000] {processor.py:161} INFO - Started process (PID=7582) to work on /home/airflow/.local/lib/python3.12/site-packages/airflow/example_dags/example_latest_only_with_trigger.py
[2025-08-27T03:42:45.260+0000] {processor.py:830} INFO - Processing file /home/airflow/.local/lib/python3.12/site-packages/airflow/example_dags/example_latest_only_with_trigger.py for tasks to queue
[2025-08-27T03:42:45.277+0000] {logging_mixin.py:188} INFO - [2025-08-27T03:42:45.276+0000] {dagbag.py:545} INFO - Filling up the DagBag from /home/airflow/.local/lib/python3.12/site-packages/airflow/example_dags/example_latest_only_with_trigger.py
[2025-08-27T03:42:45.360+0000] {processor.py:840} INFO - DAG(s) 'latest_only_with_trigger' retrieved from /home/airflow/.local/lib/python3.12/site-packages/airflow/example_dags/example_latest_only_with_trigger.py
[2025-08-27T03:42:45.838+0000] {logging_mixin.py:188} INFO - [2025-08-27T03:42:45.838+0000] {dag.py:3096} INFO - Sync 1 DAGs
[2025-08-27T03:42:46.356+0000] {logging_mixin.py:188} INFO - [2025-08-27T03:42:46.344+0000] {dag.py:3954} INFO - Setting next_dagrun for latest_only_with_trigger to 2025-08-26 20:00:00+00:00, run_after=2025-08-27 00:00:00+00:00
[2025-08-27T03:42:46.893+0000] {processor.py:183} INFO - Processing /home/airflow/.local/lib/python3.12/site-packages/airflow/example_dags/example_latest_only_with_trigger.py took 1.910 seconds
[2025-08-27T03:43:53.843+0000] {processor.py:161} INFO - Started process (PID=7859) to work on /home/airflow/.local/lib/python3.12/site-packages/airflow/example_dags/example_latest_only_with_trigger.py
[2025-08-27T03:43:53.892+0000] {processor.py:830} INFO - Processing file /home/airflow/.local/lib/python3.12/site-packages/airflow/example_dags/example_latest_only_with_trigger.py for tasks to queue
[2025-08-27T03:43:53.909+0000] {logging_mixin.py:188} INFO - [2025-08-27T03:43:53.908+0000] {dagbag.py:545} INFO - Filling up the DagBag from /home/airflow/.local/lib/python3.12/site-packages/airflow/example_dags/example_latest_only_with_trigger.py
[2025-08-27T03:43:54.040+0000] {processor.py:840} INFO - DAG(s) 'latest_only_with_trigger' retrieved from /home/airflow/.local/lib/python3.12/site-packages/airflow/example_dags/example_latest_only_with_trigger.py
[2025-08-27T03:43:54.464+0000] {logging_mixin.py:188} INFO - [2025-08-27T03:43:54.463+0000] {dag.py:3096} INFO - Sync 1 DAGs
[2025-08-27T03:43:55.032+0000] {logging_mixin.py:188} INFO - [2025-08-27T03:43:55.032+0000] {dag.py:3954} INFO - Setting next_dagrun for latest_only_with_trigger to 2025-08-26 20:00:00+00:00, run_after=2025-08-27 00:00:00+00:00
[2025-08-27T03:43:55.439+0000] {processor.py:183} INFO - Processing /home/airflow/.local/lib/python3.12/site-packages/airflow/example_dags/example_latest_only_with_trigger.py took 1.801 seconds
[2025-08-27T03:44:36.325+0000] {processor.py:161} INFO - Started process (PID=8017) to work on /home/airflow/.local/lib/python3.12/site-packages/airflow/example_dags/example_latest_only_with_trigger.py
[2025-08-27T03:44:36.328+0000] {processor.py:830} INFO - Processing file /home/airflow/.local/lib/python3.12/site-packages/airflow/example_dags/example_latest_only_with_trigger.py for tasks to queue
[2025-08-27T03:44:36.335+0000] {logging_mixin.py:188} INFO - [2025-08-27T03:44:36.334+0000] {dagbag.py:545} INFO - Filling up the DagBag from /home/airflow/.local/lib/python3.12/site-packages/airflow/example_dags/example_latest_only_with_trigger.py
[2025-08-27T03:44:36.392+0000] {processor.py:840} INFO - DAG(s) 'latest_only_with_trigger' retrieved from /home/airflow/.local/lib/python3.12/site-packages/airflow/example_dags/example_latest_only_with_trigger.py
[2025-08-27T03:44:36.670+0000] {logging_mixin.py:188} INFO - [2025-08-27T03:44:36.669+0000] {dag.py:3096} INFO - Sync 1 DAGs
[2025-08-27T03:44:36.919+0000] {logging_mixin.py:188} INFO - [2025-08-27T03:44:36.919+0000] {dag.py:3954} INFO - Setting next_dagrun for latest_only_with_trigger to 2025-08-26 20:00:00+00:00, run_after=2025-08-27 00:00:00+00:00
[2025-08-27T03:44:37.357+0000] {processor.py:183} INFO - Processing /home/airflow/.local/lib/python3.12/site-packages/airflow/example_dags/example_latest_only_with_trigger.py took 1.093 seconds
[2025-08-27T03:45:27.020+0000] {processor.py:161} INFO - Started process (PID=8275) to work on /home/airflow/.local/lib/python3.12/site-packages/airflow/example_dags/example_latest_only_with_trigger.py
[2025-08-27T03:45:27.039+0000] {processor.py:830} INFO - Processing file /home/airflow/.local/lib/python3.12/site-packages/airflow/example_dags/example_latest_only_with_trigger.py for tasks to queue
[2025-08-27T03:45:27.060+0000] {logging_mixin.py:188} INFO - [2025-08-27T03:45:27.059+0000] {dagbag.py:545} INFO - Filling up the DagBag from /home/airflow/.local/lib/python3.12/site-packages/airflow/example_dags/example_latest_only_with_trigger.py
[2025-08-27T03:45:27.170+0000] {processor.py:840} INFO - DAG(s) 'latest_only_with_trigger' retrieved from /home/airflow/.local/lib/python3.12/site-packages/airflow/example_dags/example_latest_only_with_trigger.py
[2025-08-27T03:45:27.584+0000] {logging_mixin.py:188} INFO - [2025-08-27T03:45:27.583+0000] {dag.py:3096} INFO - Sync 1 DAGs
[2025-08-27T03:45:27.913+0000] {logging_mixin.py:188} INFO - [2025-08-27T03:45:27.912+0000] {dag.py:3954} INFO - Setting next_dagrun for latest_only_with_trigger to 2025-08-26 20:00:00+00:00, run_after=2025-08-27 00:00:00+00:00
[2025-08-27T03:45:28.232+0000] {processor.py:183} INFO - Processing /home/airflow/.local/lib/python3.12/site-packages/airflow/example_dags/example_latest_only_with_trigger.py took 1.264 seconds
[2025-08-27T03:46:08.436+0000] {processor.py:161} INFO - Started process (PID=8476) to work on /home/airflow/.local/lib/python3.12/site-packages/airflow/example_dags/example_latest_only_with_trigger.py
[2025-08-27T03:46:08.448+0000] {processor.py:830} INFO - Processing file /home/airflow/.local/lib/python3.12/site-packages/airflow/example_dags/example_latest_only_with_trigger.py for tasks to queue
[2025-08-27T03:46:08.455+0000] {logging_mixin.py:188} INFO - [2025-08-27T03:46:08.454+0000] {dagbag.py:545} INFO - Filling up the DagBag from /home/airflow/.local/lib/python3.12/site-packages/airflow/example_dags/example_latest_only_with_trigger.py
[2025-08-27T03:46:08.558+0000] {processor.py:840} INFO - DAG(s) 'latest_only_with_trigger' retrieved from /home/airflow/.local/lib/python3.12/site-packages/airflow/example_dags/example_latest_only_with_trigger.py
[2025-08-27T03:46:08.992+0000] {logging_mixin.py:188} INFO - [2025-08-27T03:46:08.991+0000] {dag.py:3096} INFO - Sync 1 DAGs
[2025-08-27T03:46:09.482+0000] {logging_mixin.py:188} INFO - [2025-08-27T03:46:09.481+0000] {dag.py:3954} INFO - Setting next_dagrun for latest_only_with_trigger to 2025-08-26 20:00:00+00:00, run_after=2025-08-27 00:00:00+00:00
[2025-08-27T03:46:09.802+0000] {processor.py:183} INFO - Processing /home/airflow/.local/lib/python3.12/site-packages/airflow/example_dags/example_latest_only_with_trigger.py took 1.448 seconds
[2025-08-27T03:47:00.550+0000] {processor.py:161} INFO - Started process (PID=8698) to work on /home/airflow/.local/lib/python3.12/site-packages/airflow/example_dags/example_latest_only_with_trigger.py
[2025-08-27T03:47:00.565+0000] {processor.py:830} INFO - Processing file /home/airflow/.local/lib/python3.12/site-packages/airflow/example_dags/example_latest_only_with_trigger.py for tasks to queue
[2025-08-27T03:47:00.598+0000] {logging_mixin.py:188} INFO - [2025-08-27T03:47:00.597+0000] {dagbag.py:545} INFO - Filling up the DagBag from /home/airflow/.local/lib/python3.12/site-packages/airflow/example_dags/example_latest_only_with_trigger.py
[2025-08-27T03:47:00.701+0000] {processor.py:840} INFO - DAG(s) 'latest_only_with_trigger' retrieved from /home/airflow/.local/lib/python3.12/site-packages/airflow/example_dags/example_latest_only_with_trigger.py
[2025-08-27T03:47:00.976+0000] {logging_mixin.py:188} INFO - [2025-08-27T03:47:00.975+0000] {dag.py:3096} INFO - Sync 1 DAGs
[2025-08-27T03:47:01.265+0000] {logging_mixin.py:188} INFO - [2025-08-27T03:47:01.265+0000] {dag.py:3954} INFO - Setting next_dagrun for latest_only_with_trigger to 2025-08-26 20:00:00+00:00, run_after=2025-08-27 00:00:00+00:00
[2025-08-27T03:47:01.615+0000] {processor.py:183} INFO - Processing /home/airflow/.local/lib/python3.12/site-packages/airflow/example_dags/example_latest_only_with_trigger.py took 1.168 seconds
[2025-08-27T03:47:47.543+0000] {processor.py:161} INFO - Started process (PID=8950) to work on /home/airflow/.local/lib/python3.12/site-packages/airflow/example_dags/example_latest_only_with_trigger.py
[2025-08-27T03:47:47.546+0000] {processor.py:830} INFO - Processing file /home/airflow/.local/lib/python3.12/site-packages/airflow/example_dags/example_latest_only_with_trigger.py for tasks to queue
[2025-08-27T03:47:47.550+0000] {logging_mixin.py:188} INFO - [2025-08-27T03:47:47.548+0000] {dagbag.py:545} INFO - Filling up the DagBag from /home/airflow/.local/lib/python3.12/site-packages/airflow/example_dags/example_latest_only_with_trigger.py
[2025-08-27T03:47:47.625+0000] {processor.py:840} INFO - DAG(s) 'latest_only_with_trigger' retrieved from /home/airflow/.local/lib/python3.12/site-packages/airflow/example_dags/example_latest_only_with_trigger.py
[2025-08-27T03:47:47.865+0000] {logging_mixin.py:188} INFO - [2025-08-27T03:47:47.864+0000] {dag.py:3096} INFO - Sync 1 DAGs
[2025-08-27T03:47:48.232+0000] {logging_mixin.py:188} INFO - [2025-08-27T03:47:48.231+0000] {dag.py:3954} INFO - Setting next_dagrun for latest_only_with_trigger to 2025-08-26 20:00:00+00:00, run_after=2025-08-27 00:00:00+00:00
[2025-08-27T03:47:48.466+0000] {processor.py:183} INFO - Processing /home/airflow/.local/lib/python3.12/site-packages/airflow/example_dags/example_latest_only_with_trigger.py took 0.976 seconds
[2025-08-27T03:48:35.057+0000] {processor.py:161} INFO - Started process (PID=9137) to work on /home/airflow/.local/lib/python3.12/site-packages/airflow/example_dags/example_latest_only_with_trigger.py
[2025-08-27T03:48:35.060+0000] {processor.py:830} INFO - Processing file /home/airflow/.local/lib/python3.12/site-packages/airflow/example_dags/example_latest_only_with_trigger.py for tasks to queue
[2025-08-27T03:48:35.080+0000] {logging_mixin.py:188} INFO - [2025-08-27T03:48:35.079+0000] {dagbag.py:545} INFO - Filling up the DagBag from /home/airflow/.local/lib/python3.12/site-packages/airflow/example_dags/example_latest_only_with_trigger.py
[2025-08-27T03:48:35.181+0000] {processor.py:840} INFO - DAG(s) 'latest_only_with_trigger' retrieved from /home/airflow/.local/lib/python3.12/site-packages/airflow/example_dags/example_latest_only_with_trigger.py
[2025-08-27T03:48:35.610+0000] {logging_mixin.py:188} INFO - [2025-08-27T03:48:35.608+0000] {dag.py:3096} INFO - Sync 1 DAGs
[2025-08-27T03:48:36.155+0000] {logging_mixin.py:188} INFO - [2025-08-27T03:48:36.154+0000] {dag.py:3954} INFO - Setting next_dagrun for latest_only_with_trigger to 2025-08-26 20:00:00+00:00, run_after=2025-08-27 00:00:00+00:00
[2025-08-27T03:48:36.505+0000] {processor.py:183} INFO - Processing /home/airflow/.local/lib/python3.12/site-packages/airflow/example_dags/example_latest_only_with_trigger.py took 1.613 seconds
[2025-08-27T03:49:22.395+0000] {processor.py:161} INFO - Started process (PID=9404) to work on /home/airflow/.local/lib/python3.12/site-packages/airflow/example_dags/example_latest_only_with_trigger.py
[2025-08-27T03:49:22.415+0000] {processor.py:830} INFO - Processing file /home/airflow/.local/lib/python3.12/site-packages/airflow/example_dags/example_latest_only_with_trigger.py for tasks to queue
[2025-08-27T03:49:22.431+0000] {logging_mixin.py:188} INFO - [2025-08-27T03:49:22.429+0000] {dagbag.py:545} INFO - Filling up the DagBag from /home/airflow/.local/lib/python3.12/site-packages/airflow/example_dags/example_latest_only_with_trigger.py
[2025-08-27T03:49:22.536+0000] {processor.py:840} INFO - DAG(s) 'latest_only_with_trigger' retrieved from /home/airflow/.local/lib/python3.12/site-packages/airflow/example_dags/example_latest_only_with_trigger.py
[2025-08-27T03:49:23.018+0000] {logging_mixin.py:188} INFO - [2025-08-27T03:49:23.017+0000] {dag.py:3096} INFO - Sync 1 DAGs
[2025-08-27T03:49:23.375+0000] {logging_mixin.py:188} INFO - [2025-08-27T03:49:23.331+0000] {dag.py:3954} INFO - Setting next_dagrun for latest_only_with_trigger to 2025-08-26 20:00:00+00:00, run_after=2025-08-27 00:00:00+00:00
[2025-08-27T03:49:23.768+0000] {processor.py:183} INFO - Processing /home/airflow/.local/lib/python3.12/site-packages/airflow/example_dags/example_latest_only_with_trigger.py took 1.470 seconds
