[2025-08-27T03:40:05.694+0000] {processor.py:161} INFO - Started process (PID=6987) to work on /home/airflow/.local/lib/python3.12/site-packages/airflow/example_dags/example_bash_decorator.py
[2025-08-27T03:40:05.733+0000] {processor.py:830} INFO - Processing file /home/airflow/.local/lib/python3.12/site-packages/airflow/example_dags/example_bash_decorator.py for tasks to queue
[2025-08-27T03:40:05.758+0000] {logging_mixin.py:188} INFO - [2025-08-27T03:40:05.752+0000] {dagbag.py:545} INFO - Filling up the DagBag from /home/airflow/.local/lib/python3.12/site-packages/airflow/example_dags/example_bash_decorator.py
[2025-08-27T03:40:05.957+0000] {processor.py:840} INFO - DAG(s) 'example_bash_decorator' retrieved from /home/airflow/.local/lib/python3.12/site-packages/airflow/example_dags/example_bash_decorator.py
[2025-08-27T03:40:06.359+0000] {logging_mixin.py:188} INFO - [2025-08-27T03:40:06.358+0000] {dag.py:3096} INFO - Sync 1 DAGs
[2025-08-27T03:40:06.588+0000] {logging_mixin.py:188} INFO - [2025-08-27T03:40:06.576+0000] {dag.py:3954} INFO - Setting next_dagrun for example_bash_decorator to None, run_after=None
[2025-08-27T03:40:06.955+0000] {processor.py:183} INFO - Processing /home/airflow/.local/lib/python3.12/site-packages/airflow/example_dags/example_bash_decorator.py took 1.359 seconds
[2025-08-27T03:40:48.327+0000] {processor.py:161} INFO - Started process (PID=7143) to work on /home/airflow/.local/lib/python3.12/site-packages/airflow/example_dags/example_bash_decorator.py
[2025-08-27T03:40:48.346+0000] {processor.py:830} INFO - Processing file /home/airflow/.local/lib/python3.12/site-packages/airflow/example_dags/example_bash_decorator.py for tasks to queue
[2025-08-27T03:40:48.361+0000] {logging_mixin.py:188} INFO - [2025-08-27T03:40:48.360+0000] {dagbag.py:545} INFO - Filling up the DagBag from /home/airflow/.local/lib/python3.12/site-packages/airflow/example_dags/example_bash_decorator.py
[2025-08-27T03:40:48.618+0000] {processor.py:840} INFO - DAG(s) 'example_bash_decorator' retrieved from /home/airflow/.local/lib/python3.12/site-packages/airflow/example_dags/example_bash_decorator.py
[2025-08-27T03:40:49.345+0000] {logging_mixin.py:188} INFO - [2025-08-27T03:40:49.344+0000] {dag.py:3096} INFO - Sync 1 DAGs
[2025-08-27T03:40:49.666+0000] {logging_mixin.py:188} INFO - [2025-08-27T03:40:49.666+0000] {dag.py:3954} INFO - Setting next_dagrun for example_bash_decorator to None, run_after=None
[2025-08-27T03:40:50.225+0000] {processor.py:183} INFO - Processing /home/airflow/.local/lib/python3.12/site-packages/airflow/example_dags/example_bash_decorator.py took 2.012 seconds
[2025-08-27T03:41:38.691+0000] {processor.py:161} INFO - Started process (PID=7310) to work on /home/airflow/.local/lib/python3.12/site-packages/airflow/example_dags/example_bash_decorator.py
[2025-08-27T03:41:38.736+0000] {processor.py:830} INFO - Processing file /home/airflow/.local/lib/python3.12/site-packages/airflow/example_dags/example_bash_decorator.py for tasks to queue
[2025-08-27T03:41:38.745+0000] {logging_mixin.py:188} INFO - [2025-08-27T03:41:38.744+0000] {dagbag.py:545} INFO - Filling up the DagBag from /home/airflow/.local/lib/python3.12/site-packages/airflow/example_dags/example_bash_decorator.py
[2025-08-27T03:41:39.091+0000] {processor.py:840} INFO - DAG(s) 'example_bash_decorator' retrieved from /home/airflow/.local/lib/python3.12/site-packages/airflow/example_dags/example_bash_decorator.py
[2025-08-27T03:41:39.473+0000] {logging_mixin.py:188} INFO - [2025-08-27T03:41:39.472+0000] {dag.py:3096} INFO - Sync 1 DAGs
[2025-08-27T03:41:39.777+0000] {logging_mixin.py:188} INFO - [2025-08-27T03:41:39.776+0000] {dag.py:3954} INFO - Setting next_dagrun for example_bash_decorator to None, run_after=None
[2025-08-27T03:41:40.131+0000] {processor.py:183} INFO - Processing /home/airflow/.local/lib/python3.12/site-packages/airflow/example_dags/example_bash_decorator.py took 1.594 seconds
[2025-08-27T03:42:47.849+0000] {processor.py:161} INFO - Started process (PID=7589) to work on /home/airflow/.local/lib/python3.12/site-packages/airflow/example_dags/example_bash_decorator.py
[2025-08-27T03:42:47.864+0000] {processor.py:830} INFO - Processing file /home/airflow/.local/lib/python3.12/site-packages/airflow/example_dags/example_bash_decorator.py for tasks to queue
[2025-08-27T03:42:47.879+0000] {logging_mixin.py:188} INFO - [2025-08-27T03:42:47.866+0000] {dagbag.py:545} INFO - Filling up the DagBag from /home/airflow/.local/lib/python3.12/site-packages/airflow/example_dags/example_bash_decorator.py
[2025-08-27T03:42:48.104+0000] {processor.py:840} INFO - DAG(s) 'example_bash_decorator' retrieved from /home/airflow/.local/lib/python3.12/site-packages/airflow/example_dags/example_bash_decorator.py
[2025-08-27T03:42:48.418+0000] {logging_mixin.py:188} INFO - [2025-08-27T03:42:48.418+0000] {dag.py:3096} INFO - Sync 1 DAGs
[2025-08-27T03:42:48.675+0000] {logging_mixin.py:188} INFO - [2025-08-27T03:42:48.674+0000] {dag.py:3954} INFO - Setting next_dagrun for example_bash_decorator to None, run_after=None
[2025-08-27T03:42:48.981+0000] {processor.py:183} INFO - Processing /home/airflow/.local/lib/python3.12/site-packages/airflow/example_dags/example_bash_decorator.py took 1.210 seconds
[2025-08-27T03:43:54.885+0000] {processor.py:161} INFO - Started process (PID=7864) to work on /home/airflow/.local/lib/python3.12/site-packages/airflow/example_dags/example_bash_decorator.py
[2025-08-27T03:43:54.901+0000] {processor.py:830} INFO - Processing file /home/airflow/.local/lib/python3.12/site-packages/airflow/example_dags/example_bash_decorator.py for tasks to queue
[2025-08-27T03:43:54.918+0000] {logging_mixin.py:188} INFO - [2025-08-27T03:43:54.917+0000] {dagbag.py:545} INFO - Filling up the DagBag from /home/airflow/.local/lib/python3.12/site-packages/airflow/example_dags/example_bash_decorator.py
[2025-08-27T03:43:55.286+0000] {processor.py:840} INFO - DAG(s) 'example_bash_decorator' retrieved from /home/airflow/.local/lib/python3.12/site-packages/airflow/example_dags/example_bash_decorator.py
[2025-08-27T03:43:55.766+0000] {logging_mixin.py:188} INFO - [2025-08-27T03:43:55.766+0000] {dag.py:3096} INFO - Sync 1 DAGs
[2025-08-27T03:43:56.153+0000] {logging_mixin.py:188} INFO - [2025-08-27T03:43:56.152+0000] {dag.py:3954} INFO - Setting next_dagrun for example_bash_decorator to None, run_after=None
[2025-08-27T03:43:56.831+0000] {processor.py:183} INFO - Processing /home/airflow/.local/lib/python3.12/site-packages/airflow/example_dags/example_bash_decorator.py took 2.106 seconds
[2025-08-27T03:44:36.927+0000] {processor.py:161} INFO - Started process (PID=8022) to work on /home/airflow/.local/lib/python3.12/site-packages/airflow/example_dags/example_bash_decorator.py
[2025-08-27T03:44:36.940+0000] {processor.py:830} INFO - Processing file /home/airflow/.local/lib/python3.12/site-packages/airflow/example_dags/example_bash_decorator.py for tasks to queue
[2025-08-27T03:44:36.952+0000] {logging_mixin.py:188} INFO - [2025-08-27T03:44:36.950+0000] {dagbag.py:545} INFO - Filling up the DagBag from /home/airflow/.local/lib/python3.12/site-packages/airflow/example_dags/example_bash_decorator.py
[2025-08-27T03:44:37.126+0000] {processor.py:840} INFO - DAG(s) 'example_bash_decorator' retrieved from /home/airflow/.local/lib/python3.12/site-packages/airflow/example_dags/example_bash_decorator.py
[2025-08-27T03:44:37.539+0000] {logging_mixin.py:188} INFO - [2025-08-27T03:44:37.537+0000] {dag.py:3096} INFO - Sync 1 DAGs
[2025-08-27T03:44:37.758+0000] {logging_mixin.py:188} INFO - [2025-08-27T03:44:37.757+0000] {dag.py:3954} INFO - Setting next_dagrun for example_bash_decorator to None, run_after=None
[2025-08-27T03:44:38.056+0000] {processor.py:183} INFO - Processing /home/airflow/.local/lib/python3.12/site-packages/airflow/example_dags/example_bash_decorator.py took 1.263 seconds
[2025-08-27T03:45:27.030+0000] {processor.py:161} INFO - Started process (PID=8278) to work on /home/airflow/.local/lib/python3.12/site-packages/airflow/example_dags/example_bash_decorator.py
[2025-08-27T03:45:27.040+0000] {processor.py:830} INFO - Processing file /home/airflow/.local/lib/python3.12/site-packages/airflow/example_dags/example_bash_decorator.py for tasks to queue
[2025-08-27T03:45:27.063+0000] {logging_mixin.py:188} INFO - [2025-08-27T03:45:27.046+0000] {dagbag.py:545} INFO - Filling up the DagBag from /home/airflow/.local/lib/python3.12/site-packages/airflow/example_dags/example_bash_decorator.py
[2025-08-27T03:45:27.395+0000] {processor.py:840} INFO - DAG(s) 'example_bash_decorator' retrieved from /home/airflow/.local/lib/python3.12/site-packages/airflow/example_dags/example_bash_decorator.py
[2025-08-27T03:45:27.857+0000] {logging_mixin.py:188} INFO - [2025-08-27T03:45:27.856+0000] {dag.py:3096} INFO - Sync 1 DAGs
[2025-08-27T03:45:28.057+0000] {logging_mixin.py:188} INFO - [2025-08-27T03:45:28.056+0000] {dag.py:3954} INFO - Setting next_dagrun for example_bash_decorator to None, run_after=None
[2025-08-27T03:45:28.353+0000] {processor.py:183} INFO - Processing /home/airflow/.local/lib/python3.12/site-packages/airflow/example_dags/example_bash_decorator.py took 1.375 seconds
[2025-08-27T03:46:10.201+0000] {processor.py:161} INFO - Started process (PID=8481) to work on /home/airflow/.local/lib/python3.12/site-packages/airflow/example_dags/example_bash_decorator.py
[2025-08-27T03:46:10.215+0000] {processor.py:830} INFO - Processing file /home/airflow/.local/lib/python3.12/site-packages/airflow/example_dags/example_bash_decorator.py for tasks to queue
[2025-08-27T03:46:10.223+0000] {logging_mixin.py:188} INFO - [2025-08-27T03:46:10.221+0000] {dagbag.py:545} INFO - Filling up the DagBag from /home/airflow/.local/lib/python3.12/site-packages/airflow/example_dags/example_bash_decorator.py
[2025-08-27T03:46:10.433+0000] {processor.py:840} INFO - DAG(s) 'example_bash_decorator' retrieved from /home/airflow/.local/lib/python3.12/site-packages/airflow/example_dags/example_bash_decorator.py
[2025-08-27T03:46:10.769+0000] {logging_mixin.py:188} INFO - [2025-08-27T03:46:10.769+0000] {dag.py:3096} INFO - Sync 1 DAGs
[2025-08-27T03:46:11.004+0000] {logging_mixin.py:188} INFO - [2025-08-27T03:46:11.003+0000] {dag.py:3954} INFO - Setting next_dagrun for example_bash_decorator to None, run_after=None
[2025-08-27T03:46:11.331+0000] {processor.py:183} INFO - Processing /home/airflow/.local/lib/python3.12/site-packages/airflow/example_dags/example_bash_decorator.py took 1.227 seconds
[2025-08-27T03:47:01.474+0000] {processor.py:161} INFO - Started process (PID=8703) to work on /home/airflow/.local/lib/python3.12/site-packages/airflow/example_dags/example_bash_decorator.py
[2025-08-27T03:47:01.534+0000] {processor.py:830} INFO - Processing file /home/airflow/.local/lib/python3.12/site-packages/airflow/example_dags/example_bash_decorator.py for tasks to queue
[2025-08-27T03:47:01.551+0000] {logging_mixin.py:188} INFO - [2025-08-27T03:47:01.550+0000] {dagbag.py:545} INFO - Filling up the DagBag from /home/airflow/.local/lib/python3.12/site-packages/airflow/example_dags/example_bash_decorator.py
[2025-08-27T03:47:01.870+0000] {processor.py:840} INFO - DAG(s) 'example_bash_decorator' retrieved from /home/airflow/.local/lib/python3.12/site-packages/airflow/example_dags/example_bash_decorator.py
[2025-08-27T03:47:02.240+0000] {logging_mixin.py:188} INFO - [2025-08-27T03:47:02.239+0000] {dag.py:3096} INFO - Sync 1 DAGs
[2025-08-27T03:47:02.416+0000] {logging_mixin.py:188} INFO - [2025-08-27T03:47:02.415+0000] {dag.py:3954} INFO - Setting next_dagrun for example_bash_decorator to None, run_after=None
[2025-08-27T03:47:02.847+0000] {processor.py:183} INFO - Processing /home/airflow/.local/lib/python3.12/site-packages/airflow/example_dags/example_bash_decorator.py took 1.501 seconds
[2025-08-27T03:47:48.018+0000] {processor.py:161} INFO - Started process (PID=8955) to work on /home/airflow/.local/lib/python3.12/site-packages/airflow/example_dags/example_bash_decorator.py
[2025-08-27T03:47:48.047+0000] {processor.py:830} INFO - Processing file /home/airflow/.local/lib/python3.12/site-packages/airflow/example_dags/example_bash_decorator.py for tasks to queue
[2025-08-27T03:47:48.064+0000] {logging_mixin.py:188} INFO - [2025-08-27T03:47:48.063+0000] {dagbag.py:545} INFO - Filling up the DagBag from /home/airflow/.local/lib/python3.12/site-packages/airflow/example_dags/example_bash_decorator.py
[2025-08-27T03:47:48.281+0000] {processor.py:840} INFO - DAG(s) 'example_bash_decorator' retrieved from /home/airflow/.local/lib/python3.12/site-packages/airflow/example_dags/example_bash_decorator.py
[2025-08-27T03:47:48.607+0000] {logging_mixin.py:188} INFO - [2025-08-27T03:47:48.594+0000] {dag.py:3096} INFO - Sync 1 DAGs
[2025-08-27T03:47:48.791+0000] {logging_mixin.py:188} INFO - [2025-08-27T03:47:48.778+0000] {dag.py:3954} INFO - Setting next_dagrun for example_bash_decorator to None, run_after=None
[2025-08-27T03:47:49.154+0000] {processor.py:183} INFO - Processing /home/airflow/.local/lib/python3.12/site-packages/airflow/example_dags/example_bash_decorator.py took 1.229 seconds
[2025-08-27T03:48:36.971+0000] {processor.py:161} INFO - Started process (PID=9148) to work on /home/airflow/.local/lib/python3.12/site-packages/airflow/example_dags/example_bash_decorator.py
[2025-08-27T03:48:37.000+0000] {processor.py:830} INFO - Processing file /home/airflow/.local/lib/python3.12/site-packages/airflow/example_dags/example_bash_decorator.py for tasks to queue
[2025-08-27T03:48:37.033+0000] {logging_mixin.py:188} INFO - [2025-08-27T03:48:37.017+0000] {dagbag.py:545} INFO - Filling up the DagBag from /home/airflow/.local/lib/python3.12/site-packages/airflow/example_dags/example_bash_decorator.py
[2025-08-27T03:48:37.369+0000] {processor.py:840} INFO - DAG(s) 'example_bash_decorator' retrieved from /home/airflow/.local/lib/python3.12/site-packages/airflow/example_dags/example_bash_decorator.py
[2025-08-27T03:48:37.964+0000] {logging_mixin.py:188} INFO - [2025-08-27T03:48:37.963+0000] {dag.py:3096} INFO - Sync 1 DAGs
[2025-08-27T03:48:38.533+0000] {logging_mixin.py:188} INFO - [2025-08-27T03:48:38.532+0000] {dag.py:3954} INFO - Setting next_dagrun for example_bash_decorator to None, run_after=None
[2025-08-27T03:48:38.929+0000] {processor.py:183} INFO - Processing /home/airflow/.local/lib/python3.12/site-packages/airflow/example_dags/example_bash_decorator.py took 2.038 seconds
[2025-08-27T03:49:23.397+0000] {processor.py:161} INFO - Started process (PID=9409) to work on /home/airflow/.local/lib/python3.12/site-packages/airflow/example_dags/example_bash_decorator.py
[2025-08-27T03:49:23.438+0000] {processor.py:830} INFO - Processing file /home/airflow/.local/lib/python3.12/site-packages/airflow/example_dags/example_bash_decorator.py for tasks to queue
[2025-08-27T03:49:23.465+0000] {logging_mixin.py:188} INFO - [2025-08-27T03:49:23.464+0000] {dagbag.py:545} INFO - Filling up the DagBag from /home/airflow/.local/lib/python3.12/site-packages/airflow/example_dags/example_bash_decorator.py
[2025-08-27T03:49:23.705+0000] {processor.py:840} INFO - DAG(s) 'example_bash_decorator' retrieved from /home/airflow/.local/lib/python3.12/site-packages/airflow/example_dags/example_bash_decorator.py
[2025-08-27T03:49:24.074+0000] {logging_mixin.py:188} INFO - [2025-08-27T03:49:24.073+0000] {dag.py:3096} INFO - Sync 1 DAGs
[2025-08-27T03:49:24.377+0000] {logging_mixin.py:188} INFO - [2025-08-27T03:49:24.359+0000] {dag.py:3954} INFO - Setting next_dagrun for example_bash_decorator to None, run_after=None
[2025-08-27T03:49:26.248+0000] {processor.py:183} INFO - Processing /home/airflow/.local/lib/python3.12/site-packages/airflow/example_dags/example_bash_decorator.py took 2.903 seconds
