[2025-08-27T03:40:42.130+0000] {processor.py:161} INFO - Started process (PID=7098) to work on /home/airflow/.local/lib/python3.12/site-packages/airflow/example_dags/example_branch_python_dop_operator_3.py
[2025-08-27T03:40:42.134+0000] {processor.py:830} INFO - Processing file /home/airflow/.local/lib/python3.12/site-packages/airflow/example_dags/example_branch_python_dop_operator_3.py for tasks to queue
[2025-08-27T03:40:42.160+0000] {logging_mixin.py:188} INFO - [2025-08-27T03:40:42.151+0000] {dagbag.py:545} INFO - Filling up the DagBag from /home/airflow/.local/lib/python3.12/site-packages/airflow/example_dags/example_branch_python_dop_operator_3.py
[2025-08-27T03:40:42.275+0000] {processor.py:840} INFO - DAG(s) 'example_branch_dop_operator_v3' retrieved from /home/airflow/.local/lib/python3.12/site-packages/airflow/example_dags/example_branch_python_dop_operator_3.py
[2025-08-27T03:40:42.528+0000] {logging_mixin.py:188} INFO - [2025-08-27T03:40:42.516+0000] {dag.py:3096} INFO - Sync 1 DAGs
[2025-08-27T03:40:42.921+0000] {logging_mixin.py:188} INFO - [2025-08-27T03:40:42.908+0000] {dag.py:3954} INFO - Setting next_dagrun for example_branch_dop_operator_v3 to 2025-08-27 03:39:00+00:00, run_after=2025-08-27 03:40:00+00:00
[2025-08-27T03:40:43.177+0000] {processor.py:183} INFO - Processing /home/airflow/.local/lib/python3.12/site-packages/airflow/example_dags/example_branch_python_dop_operator_3.py took 1.112 seconds
[2025-08-27T03:42:07.496+0000] {processor.py:161} INFO - Started process (PID=7411) to work on /home/airflow/.local/lib/python3.12/site-packages/airflow/example_dags/example_branch_python_dop_operator_3.py
[2025-08-27T03:42:07.513+0000] {processor.py:830} INFO - Processing file /home/airflow/.local/lib/python3.12/site-packages/airflow/example_dags/example_branch_python_dop_operator_3.py for tasks to queue
[2025-08-27T03:42:07.530+0000] {logging_mixin.py:188} INFO - [2025-08-27T03:42:07.529+0000] {dagbag.py:545} INFO - Filling up the DagBag from /home/airflow/.local/lib/python3.12/site-packages/airflow/example_dags/example_branch_python_dop_operator_3.py
[2025-08-27T03:42:07.622+0000] {processor.py:840} INFO - DAG(s) 'example_branch_dop_operator_v3' retrieved from /home/airflow/.local/lib/python3.12/site-packages/airflow/example_dags/example_branch_python_dop_operator_3.py
[2025-08-27T03:42:07.949+0000] {logging_mixin.py:188} INFO - [2025-08-27T03:42:07.949+0000] {dag.py:3096} INFO - Sync 1 DAGs
[2025-08-27T03:42:08.246+0000] {logging_mixin.py:188} INFO - [2025-08-27T03:42:08.245+0000] {dag.py:3954} INFO - Setting next_dagrun for example_branch_dop_operator_v3 to 2025-08-27 03:41:00+00:00, run_after=2025-08-27 03:42:00+00:00
[2025-08-27T03:42:08.456+0000] {processor.py:183} INFO - Processing /home/airflow/.local/lib/python3.12/site-packages/airflow/example_dags/example_branch_python_dop_operator_3.py took 1.065 seconds
[2025-08-27T03:43:11.666+0000] {processor.py:161} INFO - Started process (PID=7688) to work on /home/airflow/.local/lib/python3.12/site-packages/airflow/example_dags/example_branch_python_dop_operator_3.py
[2025-08-27T03:43:11.668+0000] {processor.py:830} INFO - Processing file /home/airflow/.local/lib/python3.12/site-packages/airflow/example_dags/example_branch_python_dop_operator_3.py for tasks to queue
[2025-08-27T03:43:11.682+0000] {logging_mixin.py:188} INFO - [2025-08-27T03:43:11.681+0000] {dagbag.py:545} INFO - Filling up the DagBag from /home/airflow/.local/lib/python3.12/site-packages/airflow/example_dags/example_branch_python_dop_operator_3.py
[2025-08-27T03:43:11.796+0000] {processor.py:840} INFO - DAG(s) 'example_branch_dop_operator_v3' retrieved from /home/airflow/.local/lib/python3.12/site-packages/airflow/example_dags/example_branch_python_dop_operator_3.py
[2025-08-27T03:43:12.043+0000] {logging_mixin.py:188} INFO - [2025-08-27T03:43:12.042+0000] {dag.py:3096} INFO - Sync 1 DAGs
[2025-08-27T03:43:12.412+0000] {logging_mixin.py:188} INFO - [2025-08-27T03:43:12.411+0000] {dag.py:3954} INFO - Setting next_dagrun for example_branch_dop_operator_v3 to 2025-08-27 03:42:00+00:00, run_after=2025-08-27 03:43:00+00:00
[2025-08-27T03:43:12.698+0000] {processor.py:183} INFO - Processing /home/airflow/.local/lib/python3.12/site-packages/airflow/example_dags/example_branch_python_dop_operator_3.py took 1.121 seconds
[2025-08-27T03:44:24.951+0000] {processor.py:161} INFO - Started process (PID=7967) to work on /home/airflow/.local/lib/python3.12/site-packages/airflow/example_dags/example_branch_python_dop_operator_3.py
[2025-08-27T03:44:24.972+0000] {processor.py:830} INFO - Processing file /home/airflow/.local/lib/python3.12/site-packages/airflow/example_dags/example_branch_python_dop_operator_3.py for tasks to queue
[2025-08-27T03:44:24.982+0000] {logging_mixin.py:188} INFO - [2025-08-27T03:44:24.981+0000] {dagbag.py:545} INFO - Filling up the DagBag from /home/airflow/.local/lib/python3.12/site-packages/airflow/example_dags/example_branch_python_dop_operator_3.py
[2025-08-27T03:44:25.111+0000] {processor.py:840} INFO - DAG(s) 'example_branch_dop_operator_v3' retrieved from /home/airflow/.local/lib/python3.12/site-packages/airflow/example_dags/example_branch_python_dop_operator_3.py
[2025-08-27T03:44:25.936+0000] {logging_mixin.py:188} INFO - [2025-08-27T03:44:25.935+0000] {dag.py:3096} INFO - Sync 1 DAGs
[2025-08-27T03:44:26.369+0000] {logging_mixin.py:188} INFO - [2025-08-27T03:44:26.368+0000] {dag.py:3954} INFO - Setting next_dagrun for example_branch_dop_operator_v3 to 2025-08-27 03:43:00+00:00, run_after=2025-08-27 03:44:00+00:00
[2025-08-27T03:44:26.795+0000] {processor.py:183} INFO - Processing /home/airflow/.local/lib/python3.12/site-packages/airflow/example_dags/example_branch_python_dop_operator_3.py took 2.053 seconds
[2025-08-27T03:45:21.801+0000] {processor.py:161} INFO - Started process (PID=8233) to work on /home/airflow/.local/lib/python3.12/site-packages/airflow/example_dags/example_branch_python_dop_operator_3.py
[2025-08-27T03:45:21.812+0000] {processor.py:830} INFO - Processing file /home/airflow/.local/lib/python3.12/site-packages/airflow/example_dags/example_branch_python_dop_operator_3.py for tasks to queue
[2025-08-27T03:45:21.816+0000] {logging_mixin.py:188} INFO - [2025-08-27T03:45:21.815+0000] {dagbag.py:545} INFO - Filling up the DagBag from /home/airflow/.local/lib/python3.12/site-packages/airflow/example_dags/example_branch_python_dop_operator_3.py
[2025-08-27T03:45:21.886+0000] {processor.py:840} INFO - DAG(s) 'example_branch_dop_operator_v3' retrieved from /home/airflow/.local/lib/python3.12/site-packages/airflow/example_dags/example_branch_python_dop_operator_3.py
[2025-08-27T03:45:22.094+0000] {logging_mixin.py:188} INFO - [2025-08-27T03:45:22.093+0000] {dag.py:3096} INFO - Sync 1 DAGs
[2025-08-27T03:45:22.497+0000] {logging_mixin.py:188} INFO - [2025-08-27T03:45:22.496+0000] {dag.py:3954} INFO - Setting next_dagrun for example_branch_dop_operator_v3 to 2025-08-27 03:44:00+00:00, run_after=2025-08-27 03:45:00+00:00
[2025-08-27T03:45:22.725+0000] {processor.py:183} INFO - Processing /home/airflow/.local/lib/python3.12/site-packages/airflow/example_dags/example_branch_python_dop_operator_3.py took 1.000 seconds
[2025-08-27T03:46:25.092+0000] {processor.py:161} INFO - Started process (PID=8556) to work on /home/airflow/.local/lib/python3.12/site-packages/airflow/example_dags/example_branch_python_dop_operator_3.py
[2025-08-27T03:46:25.113+0000] {processor.py:830} INFO - Processing file /home/airflow/.local/lib/python3.12/site-packages/airflow/example_dags/example_branch_python_dop_operator_3.py for tasks to queue
[2025-08-27T03:46:25.128+0000] {logging_mixin.py:188} INFO - [2025-08-27T03:46:25.127+0000] {dagbag.py:545} INFO - Filling up the DagBag from /home/airflow/.local/lib/python3.12/site-packages/airflow/example_dags/example_branch_python_dop_operator_3.py
[2025-08-27T03:46:25.272+0000] {processor.py:840} INFO - DAG(s) 'example_branch_dop_operator_v3' retrieved from /home/airflow/.local/lib/python3.12/site-packages/airflow/example_dags/example_branch_python_dop_operator_3.py
[2025-08-27T03:46:25.734+0000] {logging_mixin.py:188} INFO - [2025-08-27T03:46:25.733+0000] {dag.py:3096} INFO - Sync 1 DAGs
[2025-08-27T03:46:26.192+0000] {logging_mixin.py:188} INFO - [2025-08-27T03:46:26.191+0000] {dag.py:3954} INFO - Setting next_dagrun for example_branch_dop_operator_v3 to 2025-08-27 03:45:00+00:00, run_after=2025-08-27 03:46:00+00:00
[2025-08-27T03:46:26.354+0000] {processor.py:183} INFO - Processing /home/airflow/.local/lib/python3.12/site-packages/airflow/example_dags/example_branch_python_dop_operator_3.py took 1.361 seconds
[2025-08-27T03:47:42.477+0000] {processor.py:161} INFO - Started process (PID=8910) to work on /home/airflow/.local/lib/python3.12/site-packages/airflow/example_dags/example_branch_python_dop_operator_3.py
[2025-08-27T03:47:42.492+0000] {processor.py:830} INFO - Processing file /home/airflow/.local/lib/python3.12/site-packages/airflow/example_dags/example_branch_python_dop_operator_3.py for tasks to queue
[2025-08-27T03:47:42.499+0000] {logging_mixin.py:188} INFO - [2025-08-27T03:47:42.498+0000] {dagbag.py:545} INFO - Filling up the DagBag from /home/airflow/.local/lib/python3.12/site-packages/airflow/example_dags/example_branch_python_dop_operator_3.py
[2025-08-27T03:47:42.604+0000] {processor.py:840} INFO - DAG(s) 'example_branch_dop_operator_v3' retrieved from /home/airflow/.local/lib/python3.12/site-packages/airflow/example_dags/example_branch_python_dop_operator_3.py
[2025-08-27T03:47:43.018+0000] {logging_mixin.py:188} INFO - [2025-08-27T03:47:43.018+0000] {dag.py:3096} INFO - Sync 1 DAGs
[2025-08-27T03:47:43.249+0000] {logging_mixin.py:188} INFO - [2025-08-27T03:47:43.242+0000] {dag.py:3954} INFO - Setting next_dagrun for example_branch_dop_operator_v3 to 2025-08-27 03:46:00+00:00, run_after=2025-08-27 03:47:00+00:00
[2025-08-27T03:47:43.494+0000] {processor.py:183} INFO - Processing /home/airflow/.local/lib/python3.12/site-packages/airflow/example_dags/example_branch_python_dop_operator_3.py took 1.098 seconds
[2025-08-27T03:48:59.415+0000] {processor.py:161} INFO - Started process (PID=9258) to work on /home/airflow/.local/lib/python3.12/site-packages/airflow/example_dags/example_branch_python_dop_operator_3.py
[2025-08-27T03:48:59.430+0000] {processor.py:830} INFO - Processing file /home/airflow/.local/lib/python3.12/site-packages/airflow/example_dags/example_branch_python_dop_operator_3.py for tasks to queue
[2025-08-27T03:48:59.444+0000] {logging_mixin.py:188} INFO - [2025-08-27T03:48:59.437+0000] {dagbag.py:545} INFO - Filling up the DagBag from /home/airflow/.local/lib/python3.12/site-packages/airflow/example_dags/example_branch_python_dop_operator_3.py
[2025-08-27T03:48:59.500+0000] {processor.py:840} INFO - DAG(s) 'example_branch_dop_operator_v3' retrieved from /home/airflow/.local/lib/python3.12/site-packages/airflow/example_dags/example_branch_python_dop_operator_3.py
[2025-08-27T03:48:59.722+0000] {logging_mixin.py:188} INFO - [2025-08-27T03:48:59.721+0000] {dag.py:3096} INFO - Sync 1 DAGs
[2025-08-27T03:49:00.138+0000] {logging_mixin.py:188} INFO - [2025-08-27T03:49:00.137+0000] {dag.py:3954} INFO - Setting next_dagrun for example_branch_dop_operator_v3 to 2025-08-27 03:48:00+00:00, run_after=2025-08-27 03:49:00+00:00
[2025-08-27T03:49:00.442+0000] {processor.py:183} INFO - Processing /home/airflow/.local/lib/python3.12/site-packages/airflow/example_dags/example_branch_python_dop_operator_3.py took 1.082 seconds
