[2025-08-27T03:39:09.019+0000] {processor.py:161} INFO - Started process (PID=6808) to work on /home/airflow/.local/lib/python3.12/site-packages/airflow/example_dags/example_branch_datetime_operator.py
[2025-08-27T03:39:09.035+0000] {processor.py:830} INFO - Processing file /home/airflow/.local/lib/python3.12/site-packages/airflow/example_dags/example_branch_datetime_operator.py for tasks to queue
[2025-08-27T03:39:09.053+0000] {logging_mixin.py:188} INFO - [2025-08-27T03:39:09.052+0000] {dagbag.py:545} INFO - Filling up the DagBag from /home/airflow/.local/lib/python3.12/site-packages/airflow/example_dags/example_branch_datetime_operator.py
[2025-08-27T03:39:09.325+0000] {processor.py:840} INFO - DAG(s) 'example_branch_datetime_operator_2', 'example_branch_datetime_operator_3', 'example_branch_datetime_operator' retrieved from /home/airflow/.local/lib/python3.12/site-packages/airflow/example_dags/example_branch_datetime_operator.py
[2025-08-27T03:39:10.072+0000] {logging_mixin.py:188} INFO - [2025-08-27T03:39:10.071+0000] {dag.py:3096} INFO - Sync 3 DAGs
[2025-08-27T03:39:10.943+0000] {logging_mixin.py:188} INFO - [2025-08-27T03:39:10.943+0000] {dag.py:3954} INFO - Setting next_dagrun for example_branch_datetime_operator to 2025-08-26 00:00:00+00:00, run_after=2025-08-27 00:00:00+00:00
[2025-08-27T03:39:10.992+0000] {logging_mixin.py:188} INFO - [2025-08-27T03:39:10.992+0000] {dag.py:3954} INFO - Setting next_dagrun for example_branch_datetime_operator_2 to 2025-08-26 00:00:00+00:00, run_after=2025-08-27 00:00:00+00:00
[2025-08-27T03:39:11.094+0000] {logging_mixin.py:188} INFO - [2025-08-27T03:39:11.093+0000] {dag.py:3954} INFO - Setting next_dagrun for example_branch_datetime_operator_3 to 2025-08-26 00:00:00+00:00, run_after=2025-08-27 00:00:00+00:00
[2025-08-27T03:39:11.469+0000] {processor.py:183} INFO - Processing /home/airflow/.local/lib/python3.12/site-packages/airflow/example_dags/example_branch_datetime_operator.py took 2.608 seconds
[2025-08-27T03:40:28.955+0000] {processor.py:161} INFO - Started process (PID=7058) to work on /home/airflow/.local/lib/python3.12/site-packages/airflow/example_dags/example_branch_datetime_operator.py
[2025-08-27T03:40:28.970+0000] {processor.py:830} INFO - Processing file /home/airflow/.local/lib/python3.12/site-packages/airflow/example_dags/example_branch_datetime_operator.py for tasks to queue
[2025-08-27T03:40:28.987+0000] {logging_mixin.py:188} INFO - [2025-08-27T03:40:28.986+0000] {dagbag.py:545} INFO - Filling up the DagBag from /home/airflow/.local/lib/python3.12/site-packages/airflow/example_dags/example_branch_datetime_operator.py
[2025-08-27T03:40:29.178+0000] {processor.py:840} INFO - DAG(s) 'example_branch_datetime_operator_3', 'example_branch_datetime_operator_2', 'example_branch_datetime_operator' retrieved from /home/airflow/.local/lib/python3.12/site-packages/airflow/example_dags/example_branch_datetime_operator.py
[2025-08-27T03:40:29.749+0000] {logging_mixin.py:188} INFO - [2025-08-27T03:40:29.749+0000] {dag.py:3096} INFO - Sync 3 DAGs
[2025-08-27T03:40:30.340+0000] {logging_mixin.py:188} INFO - [2025-08-27T03:40:30.340+0000] {dag.py:3954} INFO - Setting next_dagrun for example_branch_datetime_operator to 2025-08-26 00:00:00+00:00, run_after=2025-08-27 00:00:00+00:00
[2025-08-27T03:40:30.467+0000] {logging_mixin.py:188} INFO - [2025-08-27T03:40:30.455+0000] {dag.py:3954} INFO - Setting next_dagrun for example_branch_datetime_operator_2 to 2025-08-26 00:00:00+00:00, run_after=2025-08-27 00:00:00+00:00
[2025-08-27T03:40:30.548+0000] {logging_mixin.py:188} INFO - [2025-08-27T03:40:30.547+0000] {dag.py:3954} INFO - Setting next_dagrun for example_branch_datetime_operator_3 to 2025-08-26 00:00:00+00:00, run_after=2025-08-27 00:00:00+00:00
[2025-08-27T03:40:30.950+0000] {processor.py:183} INFO - Processing /home/airflow/.local/lib/python3.12/site-packages/airflow/example_dags/example_branch_datetime_operator.py took 2.107 seconds
[2025-08-27T03:41:58.568+0000] {processor.py:161} INFO - Started process (PID=7371) to work on /home/airflow/.local/lib/python3.12/site-packages/airflow/example_dags/example_branch_datetime_operator.py
[2025-08-27T03:41:58.588+0000] {processor.py:830} INFO - Processing file /home/airflow/.local/lib/python3.12/site-packages/airflow/example_dags/example_branch_datetime_operator.py for tasks to queue
[2025-08-27T03:41:58.598+0000] {logging_mixin.py:188} INFO - [2025-08-27T03:41:58.596+0000] {dagbag.py:545} INFO - Filling up the DagBag from /home/airflow/.local/lib/python3.12/site-packages/airflow/example_dags/example_branch_datetime_operator.py
[2025-08-27T03:41:58.722+0000] {processor.py:840} INFO - DAG(s) 'example_branch_datetime_operator', 'example_branch_datetime_operator_3', 'example_branch_datetime_operator_2' retrieved from /home/airflow/.local/lib/python3.12/site-packages/airflow/example_dags/example_branch_datetime_operator.py
[2025-08-27T03:41:59.146+0000] {logging_mixin.py:188} INFO - [2025-08-27T03:41:59.145+0000] {dag.py:3096} INFO - Sync 3 DAGs
[2025-08-27T03:41:59.576+0000] {logging_mixin.py:188} INFO - [2025-08-27T03:41:59.576+0000] {dag.py:3954} INFO - Setting next_dagrun for example_branch_datetime_operator to 2025-08-26 00:00:00+00:00, run_after=2025-08-27 00:00:00+00:00
[2025-08-27T03:41:59.663+0000] {logging_mixin.py:188} INFO - [2025-08-27T03:41:59.662+0000] {dag.py:3954} INFO - Setting next_dagrun for example_branch_datetime_operator_2 to 2025-08-26 00:00:00+00:00, run_after=2025-08-27 00:00:00+00:00
[2025-08-27T03:41:59.710+0000] {logging_mixin.py:188} INFO - [2025-08-27T03:41:59.709+0000] {dag.py:3954} INFO - Setting next_dagrun for example_branch_datetime_operator_3 to 2025-08-26 00:00:00+00:00, run_after=2025-08-27 00:00:00+00:00
[2025-08-27T03:42:00.070+0000] {processor.py:183} INFO - Processing /home/airflow/.local/lib/python3.12/site-packages/airflow/example_dags/example_branch_datetime_operator.py took 1.562 seconds
[2025-08-27T03:43:02.988+0000] {processor.py:161} INFO - Started process (PID=7648) to work on /home/airflow/.local/lib/python3.12/site-packages/airflow/example_dags/example_branch_datetime_operator.py
[2025-08-27T03:43:03.056+0000] {processor.py:830} INFO - Processing file /home/airflow/.local/lib/python3.12/site-packages/airflow/example_dags/example_branch_datetime_operator.py for tasks to queue
[2025-08-27T03:43:03.075+0000] {logging_mixin.py:188} INFO - [2025-08-27T03:43:03.074+0000] {dagbag.py:545} INFO - Filling up the DagBag from /home/airflow/.local/lib/python3.12/site-packages/airflow/example_dags/example_branch_datetime_operator.py
[2025-08-27T03:43:03.251+0000] {processor.py:840} INFO - DAG(s) 'example_branch_datetime_operator_2', 'example_branch_datetime_operator', 'example_branch_datetime_operator_3' retrieved from /home/airflow/.local/lib/python3.12/site-packages/airflow/example_dags/example_branch_datetime_operator.py
[2025-08-27T03:43:03.659+0000] {logging_mixin.py:188} INFO - [2025-08-27T03:43:03.659+0000] {dag.py:3096} INFO - Sync 3 DAGs
[2025-08-27T03:43:04.025+0000] {logging_mixin.py:188} INFO - [2025-08-27T03:43:04.004+0000] {dag.py:3954} INFO - Setting next_dagrun for example_branch_datetime_operator to 2025-08-26 00:00:00+00:00, run_after=2025-08-27 00:00:00+00:00
[2025-08-27T03:43:04.097+0000] {logging_mixin.py:188} INFO - [2025-08-27T03:43:04.085+0000] {dag.py:3954} INFO - Setting next_dagrun for example_branch_datetime_operator_2 to 2025-08-26 00:00:00+00:00, run_after=2025-08-27 00:00:00+00:00
[2025-08-27T03:43:04.307+0000] {logging_mixin.py:188} INFO - [2025-08-27T03:43:04.306+0000] {dag.py:3954} INFO - Setting next_dagrun for example_branch_datetime_operator_3 to 2025-08-26 00:00:00+00:00, run_after=2025-08-27 00:00:00+00:00
[2025-08-27T03:43:04.722+0000] {processor.py:183} INFO - Processing /home/airflow/.local/lib/python3.12/site-packages/airflow/example_dags/example_branch_datetime_operator.py took 1.881 seconds
[2025-08-27T03:44:11.847+0000] {processor.py:161} INFO - Started process (PID=7925) to work on /home/airflow/.local/lib/python3.12/site-packages/airflow/example_dags/example_branch_datetime_operator.py
[2025-08-27T03:44:11.880+0000] {processor.py:830} INFO - Processing file /home/airflow/.local/lib/python3.12/site-packages/airflow/example_dags/example_branch_datetime_operator.py for tasks to queue
[2025-08-27T03:44:11.895+0000] {logging_mixin.py:188} INFO - [2025-08-27T03:44:11.894+0000] {dagbag.py:545} INFO - Filling up the DagBag from /home/airflow/.local/lib/python3.12/site-packages/airflow/example_dags/example_branch_datetime_operator.py
[2025-08-27T03:44:12.229+0000] {processor.py:840} INFO - DAG(s) 'example_branch_datetime_operator_2', 'example_branch_datetime_operator', 'example_branch_datetime_operator_3' retrieved from /home/airflow/.local/lib/python3.12/site-packages/airflow/example_dags/example_branch_datetime_operator.py
[2025-08-27T03:44:12.817+0000] {logging_mixin.py:188} INFO - [2025-08-27T03:44:12.816+0000] {dag.py:3096} INFO - Sync 3 DAGs
[2025-08-27T03:44:13.351+0000] {logging_mixin.py:188} INFO - [2025-08-27T03:44:13.350+0000] {dag.py:3954} INFO - Setting next_dagrun for example_branch_datetime_operator to 2025-08-26 00:00:00+00:00, run_after=2025-08-27 00:00:00+00:00
[2025-08-27T03:44:13.496+0000] {logging_mixin.py:188} INFO - [2025-08-27T03:44:13.482+0000] {dag.py:3954} INFO - Setting next_dagrun for example_branch_datetime_operator_2 to 2025-08-26 00:00:00+00:00, run_after=2025-08-27 00:00:00+00:00
[2025-08-27T03:44:13.561+0000] {logging_mixin.py:188} INFO - [2025-08-27T03:44:13.560+0000] {dag.py:3954} INFO - Setting next_dagrun for example_branch_datetime_operator_3 to 2025-08-26 00:00:00+00:00, run_after=2025-08-27 00:00:00+00:00
[2025-08-27T03:44:13.792+0000] {processor.py:183} INFO - Processing /home/airflow/.local/lib/python3.12/site-packages/airflow/example_dags/example_branch_datetime_operator.py took 2.058 seconds
[2025-08-27T03:45:13.598+0000] {processor.py:161} INFO - Started process (PID=8193) to work on /home/airflow/.local/lib/python3.12/site-packages/airflow/example_dags/example_branch_datetime_operator.py
[2025-08-27T03:45:13.605+0000] {processor.py:830} INFO - Processing file /home/airflow/.local/lib/python3.12/site-packages/airflow/example_dags/example_branch_datetime_operator.py for tasks to queue
[2025-08-27T03:45:13.636+0000] {logging_mixin.py:188} INFO - [2025-08-27T03:45:13.634+0000] {dagbag.py:545} INFO - Filling up the DagBag from /home/airflow/.local/lib/python3.12/site-packages/airflow/example_dags/example_branch_datetime_operator.py
[2025-08-27T03:45:13.755+0000] {processor.py:840} INFO - DAG(s) 'example_branch_datetime_operator_3', 'example_branch_datetime_operator_2', 'example_branch_datetime_operator' retrieved from /home/airflow/.local/lib/python3.12/site-packages/airflow/example_dags/example_branch_datetime_operator.py
[2025-08-27T03:45:14.108+0000] {logging_mixin.py:188} INFO - [2025-08-27T03:45:14.107+0000] {dag.py:3096} INFO - Sync 3 DAGs
[2025-08-27T03:45:14.397+0000] {logging_mixin.py:188} INFO - [2025-08-27T03:45:14.380+0000] {dag.py:3954} INFO - Setting next_dagrun for example_branch_datetime_operator to 2025-08-26 00:00:00+00:00, run_after=2025-08-27 00:00:00+00:00
[2025-08-27T03:45:14.435+0000] {logging_mixin.py:188} INFO - [2025-08-27T03:45:14.434+0000] {dag.py:3954} INFO - Setting next_dagrun for example_branch_datetime_operator_2 to 2025-08-26 00:00:00+00:00, run_after=2025-08-27 00:00:00+00:00
[2025-08-27T03:45:14.458+0000] {logging_mixin.py:188} INFO - [2025-08-27T03:45:14.457+0000] {dag.py:3954} INFO - Setting next_dagrun for example_branch_datetime_operator_3 to 2025-08-26 00:00:00+00:00, run_after=2025-08-27 00:00:00+00:00
[2025-08-27T03:45:14.751+0000] {processor.py:183} INFO - Processing /home/airflow/.local/lib/python3.12/site-packages/airflow/example_dags/example_branch_datetime_operator.py took 1.244 seconds
[2025-08-27T03:46:15.582+0000] {processor.py:161} INFO - Started process (PID=8506) to work on /home/airflow/.local/lib/python3.12/site-packages/airflow/example_dags/example_branch_datetime_operator.py
[2025-08-27T03:46:15.586+0000] {processor.py:830} INFO - Processing file /home/airflow/.local/lib/python3.12/site-packages/airflow/example_dags/example_branch_datetime_operator.py for tasks to queue
[2025-08-27T03:46:15.589+0000] {logging_mixin.py:188} INFO - [2025-08-27T03:46:15.588+0000] {dagbag.py:545} INFO - Filling up the DagBag from /home/airflow/.local/lib/python3.12/site-packages/airflow/example_dags/example_branch_datetime_operator.py
[2025-08-27T03:46:15.783+0000] {processor.py:840} INFO - DAG(s) 'example_branch_datetime_operator_3', 'example_branch_datetime_operator', 'example_branch_datetime_operator_2' retrieved from /home/airflow/.local/lib/python3.12/site-packages/airflow/example_dags/example_branch_datetime_operator.py
[2025-08-27T03:46:16.256+0000] {logging_mixin.py:188} INFO - [2025-08-27T03:46:16.255+0000] {dag.py:3096} INFO - Sync 3 DAGs
[2025-08-27T03:46:16.651+0000] {logging_mixin.py:188} INFO - [2025-08-27T03:46:16.650+0000] {dag.py:3954} INFO - Setting next_dagrun for example_branch_datetime_operator to 2025-08-26 00:00:00+00:00, run_after=2025-08-27 00:00:00+00:00
[2025-08-27T03:46:16.696+0000] {logging_mixin.py:188} INFO - [2025-08-27T03:46:16.696+0000] {dag.py:3954} INFO - Setting next_dagrun for example_branch_datetime_operator_2 to 2025-08-26 00:00:00+00:00, run_after=2025-08-27 00:00:00+00:00
[2025-08-27T03:46:16.743+0000] {logging_mixin.py:188} INFO - [2025-08-27T03:46:16.736+0000] {dag.py:3954} INFO - Setting next_dagrun for example_branch_datetime_operator_3 to 2025-08-26 00:00:00+00:00, run_after=2025-08-27 00:00:00+00:00
[2025-08-27T03:46:17.082+0000] {processor.py:183} INFO - Processing /home/airflow/.local/lib/python3.12/site-packages/airflow/example_dags/example_branch_datetime_operator.py took 1.556 seconds
[2025-08-27T03:47:07.733+0000] {processor.py:161} INFO - Started process (PID=8739) to work on /home/airflow/.local/lib/python3.12/site-packages/airflow/example_dags/example_branch_datetime_operator.py
[2025-08-27T03:47:07.747+0000] {processor.py:830} INFO - Processing file /home/airflow/.local/lib/python3.12/site-packages/airflow/example_dags/example_branch_datetime_operator.py for tasks to queue
[2025-08-27T03:47:07.753+0000] {logging_mixin.py:188} INFO - [2025-08-27T03:47:07.752+0000] {dagbag.py:545} INFO - Filling up the DagBag from /home/airflow/.local/lib/python3.12/site-packages/airflow/example_dags/example_branch_datetime_operator.py
[2025-08-27T03:47:07.907+0000] {processor.py:840} INFO - DAG(s) 'example_branch_datetime_operator', 'example_branch_datetime_operator_2', 'example_branch_datetime_operator_3' retrieved from /home/airflow/.local/lib/python3.12/site-packages/airflow/example_dags/example_branch_datetime_operator.py
[2025-08-27T03:47:08.606+0000] {logging_mixin.py:188} INFO - [2025-08-27T03:47:08.605+0000] {dag.py:3096} INFO - Sync 3 DAGs
[2025-08-27T03:47:08.937+0000] {logging_mixin.py:188} INFO - [2025-08-27T03:47:08.936+0000] {dag.py:3954} INFO - Setting next_dagrun for example_branch_datetime_operator to 2025-08-26 00:00:00+00:00, run_after=2025-08-27 00:00:00+00:00
[2025-08-27T03:47:09.000+0000] {logging_mixin.py:188} INFO - [2025-08-27T03:47:08.999+0000] {dag.py:3954} INFO - Setting next_dagrun for example_branch_datetime_operator_2 to 2025-08-26 00:00:00+00:00, run_after=2025-08-27 00:00:00+00:00
[2025-08-27T03:47:09.060+0000] {logging_mixin.py:188} INFO - [2025-08-27T03:47:09.049+0000] {dag.py:3954} INFO - Setting next_dagrun for example_branch_datetime_operator_3 to 2025-08-26 00:00:00+00:00, run_after=2025-08-27 00:00:00+00:00
[2025-08-27T03:47:09.297+0000] {processor.py:183} INFO - Processing /home/airflow/.local/lib/python3.12/site-packages/airflow/example_dags/example_branch_datetime_operator.py took 1.694 seconds
[2025-08-27T03:47:52.933+0000] {processor.py:161} INFO - Started process (PID=8985) to work on /home/airflow/.local/lib/python3.12/site-packages/airflow/example_dags/example_branch_datetime_operator.py
[2025-08-27T03:47:52.950+0000] {processor.py:830} INFO - Processing file /home/airflow/.local/lib/python3.12/site-packages/airflow/example_dags/example_branch_datetime_operator.py for tasks to queue
[2025-08-27T03:47:52.956+0000] {logging_mixin.py:188} INFO - [2025-08-27T03:47:52.955+0000] {dagbag.py:545} INFO - Filling up the DagBag from /home/airflow/.local/lib/python3.12/site-packages/airflow/example_dags/example_branch_datetime_operator.py
[2025-08-27T03:47:53.193+0000] {processor.py:840} INFO - DAG(s) 'example_branch_datetime_operator_2', 'example_branch_datetime_operator', 'example_branch_datetime_operator_3' retrieved from /home/airflow/.local/lib/python3.12/site-packages/airflow/example_dags/example_branch_datetime_operator.py
[2025-08-27T03:47:53.498+0000] {logging_mixin.py:188} INFO - [2025-08-27T03:47:53.496+0000] {dag.py:3096} INFO - Sync 3 DAGs
[2025-08-27T03:47:53.740+0000] {logging_mixin.py:188} INFO - [2025-08-27T03:47:53.736+0000] {dag.py:3954} INFO - Setting next_dagrun for example_branch_datetime_operator to 2025-08-26 00:00:00+00:00, run_after=2025-08-27 00:00:00+00:00
[2025-08-27T03:47:53.882+0000] {logging_mixin.py:188} INFO - [2025-08-27T03:47:53.881+0000] {dag.py:3954} INFO - Setting next_dagrun for example_branch_datetime_operator_2 to 2025-08-26 00:00:00+00:00, run_after=2025-08-27 00:00:00+00:00
[2025-08-27T03:47:53.939+0000] {logging_mixin.py:188} INFO - [2025-08-27T03:47:53.939+0000] {dag.py:3954} INFO - Setting next_dagrun for example_branch_datetime_operator_3 to 2025-08-26 00:00:00+00:00, run_after=2025-08-27 00:00:00+00:00
[2025-08-27T03:47:54.257+0000] {processor.py:183} INFO - Processing /home/airflow/.local/lib/python3.12/site-packages/airflow/example_dags/example_branch_datetime_operator.py took 1.395 seconds
[2025-08-27T03:48:43.623+0000] {processor.py:161} INFO - Started process (PID=9178) to work on /home/airflow/.local/lib/python3.12/site-packages/airflow/example_dags/example_branch_datetime_operator.py
[2025-08-27T03:48:43.638+0000] {processor.py:830} INFO - Processing file /home/airflow/.local/lib/python3.12/site-packages/airflow/example_dags/example_branch_datetime_operator.py for tasks to queue
[2025-08-27T03:48:43.656+0000] {logging_mixin.py:188} INFO - [2025-08-27T03:48:43.655+0000] {dagbag.py:545} INFO - Filling up the DagBag from /home/airflow/.local/lib/python3.12/site-packages/airflow/example_dags/example_branch_datetime_operator.py
[2025-08-27T03:48:43.838+0000] {processor.py:840} INFO - DAG(s) 'example_branch_datetime_operator_2', 'example_branch_datetime_operator_3', 'example_branch_datetime_operator' retrieved from /home/airflow/.local/lib/python3.12/site-packages/airflow/example_dags/example_branch_datetime_operator.py
[2025-08-27T03:48:44.223+0000] {logging_mixin.py:188} INFO - [2025-08-27T03:48:44.223+0000] {dag.py:3096} INFO - Sync 3 DAGs
[2025-08-27T03:48:44.639+0000] {logging_mixin.py:188} INFO - [2025-08-27T03:48:44.627+0000] {dag.py:3954} INFO - Setting next_dagrun for example_branch_datetime_operator to 2025-08-26 00:00:00+00:00, run_after=2025-08-27 00:00:00+00:00
[2025-08-27T03:48:44.705+0000] {logging_mixin.py:188} INFO - [2025-08-27T03:48:44.705+0000] {dag.py:3954} INFO - Setting next_dagrun for example_branch_datetime_operator_2 to 2025-08-26 00:00:00+00:00, run_after=2025-08-27 00:00:00+00:00
[2025-08-27T03:48:44.761+0000] {logging_mixin.py:188} INFO - [2025-08-27T03:48:44.760+0000] {dag.py:3954} INFO - Setting next_dagrun for example_branch_datetime_operator_3 to 2025-08-26 00:00:00+00:00, run_after=2025-08-27 00:00:00+00:00
[2025-08-27T03:48:45.000+0000] {processor.py:183} INFO - Processing /home/airflow/.local/lib/python3.12/site-packages/airflow/example_dags/example_branch_datetime_operator.py took 1.521 seconds
