[2025-08-27T03:39:12.880+0000] {processor.py:161} INFO - Started process (PID=6818) to work on /home/airflow/.local/lib/python3.12/site-packages/airflow/example_dags/example_branch_operator_decorator.py
[2025-08-27T03:39:12.911+0000] {processor.py:830} INFO - Processing file /home/airflow/.local/lib/python3.12/site-packages/airflow/example_dags/example_branch_operator_decorator.py for tasks to queue
[2025-08-27T03:39:12.952+0000] {logging_mixin.py:188} INFO - [2025-08-27T03:39:12.930+0000] {dagbag.py:545} INFO - Filling up the DagBag from /home/airflow/.local/lib/python3.12/site-packages/airflow/example_dags/example_branch_operator_decorator.py
[2025-08-27T03:39:13.338+0000] {processor.py:840} INFO - DAG(s) 'example_branch_python_operator_decorator' retrieved from /home/airflow/.local/lib/python3.12/site-packages/airflow/example_dags/example_branch_operator_decorator.py
[2025-08-27T03:39:13.835+0000] {logging_mixin.py:188} INFO - [2025-08-27T03:39:13.834+0000] {dag.py:3096} INFO - Sync 1 DAGs
[2025-08-27T03:39:14.338+0000] {logging_mixin.py:188} INFO - [2025-08-27T03:39:14.337+0000] {dag.py:3954} INFO - Setting next_dagrun for example_branch_python_operator_decorator to 2025-08-26 00:00:00+00:00, run_after=2025-08-27 00:00:00+00:00
[2025-08-27T03:39:15.045+0000] {processor.py:183} INFO - Processing /home/airflow/.local/lib/python3.12/site-packages/airflow/example_dags/example_branch_operator_decorator.py took 2.261 seconds
[2025-08-27T03:40:32.214+0000] {processor.py:161} INFO - Started process (PID=7068) to work on /home/airflow/.local/lib/python3.12/site-packages/airflow/example_dags/example_branch_operator_decorator.py
[2025-08-27T03:40:32.230+0000] {processor.py:830} INFO - Processing file /home/airflow/.local/lib/python3.12/site-packages/airflow/example_dags/example_branch_operator_decorator.py for tasks to queue
[2025-08-27T03:40:32.246+0000] {logging_mixin.py:188} INFO - [2025-08-27T03:40:32.245+0000] {dagbag.py:545} INFO - Filling up the DagBag from /home/airflow/.local/lib/python3.12/site-packages/airflow/example_dags/example_branch_operator_decorator.py
[2025-08-27T03:40:32.761+0000] {processor.py:840} INFO - DAG(s) 'example_branch_python_operator_decorator' retrieved from /home/airflow/.local/lib/python3.12/site-packages/airflow/example_dags/example_branch_operator_decorator.py
[2025-08-27T03:40:33.536+0000] {logging_mixin.py:188} INFO - [2025-08-27T03:40:33.535+0000] {dag.py:3096} INFO - Sync 1 DAGs
[2025-08-27T03:40:34.038+0000] {logging_mixin.py:188} INFO - [2025-08-27T03:40:34.037+0000] {dag.py:3954} INFO - Setting next_dagrun for example_branch_python_operator_decorator to 2025-08-26 00:00:00+00:00, run_after=2025-08-27 00:00:00+00:00
[2025-08-27T03:40:34.464+0000] {processor.py:183} INFO - Processing /home/airflow/.local/lib/python3.12/site-packages/airflow/example_dags/example_branch_operator_decorator.py took 2.378 seconds
[2025-08-27T03:42:00.776+0000] {processor.py:161} INFO - Started process (PID=7381) to work on /home/airflow/.local/lib/python3.12/site-packages/airflow/example_dags/example_branch_operator_decorator.py
[2025-08-27T03:42:00.789+0000] {processor.py:830} INFO - Processing file /home/airflow/.local/lib/python3.12/site-packages/airflow/example_dags/example_branch_operator_decorator.py for tasks to queue
[2025-08-27T03:42:00.803+0000] {logging_mixin.py:188} INFO - [2025-08-27T03:42:00.802+0000] {dagbag.py:545} INFO - Filling up the DagBag from /home/airflow/.local/lib/python3.12/site-packages/airflow/example_dags/example_branch_operator_decorator.py
[2025-08-27T03:42:01.050+0000] {processor.py:840} INFO - DAG(s) 'example_branch_python_operator_decorator' retrieved from /home/airflow/.local/lib/python3.12/site-packages/airflow/example_dags/example_branch_operator_decorator.py
[2025-08-27T03:42:01.376+0000] {logging_mixin.py:188} INFO - [2025-08-27T03:42:01.375+0000] {dag.py:3096} INFO - Sync 1 DAGs
[2025-08-27T03:42:01.919+0000] {logging_mixin.py:188} INFO - [2025-08-27T03:42:01.888+0000] {dag.py:3954} INFO - Setting next_dagrun for example_branch_python_operator_decorator to 2025-08-26 00:00:00+00:00, run_after=2025-08-27 00:00:00+00:00
[2025-08-27T03:42:02.191+0000] {processor.py:183} INFO - Processing /home/airflow/.local/lib/python3.12/site-packages/airflow/example_dags/example_branch_operator_decorator.py took 1.505 seconds
[2025-08-27T03:43:05.724+0000] {processor.py:161} INFO - Started process (PID=7658) to work on /home/airflow/.local/lib/python3.12/site-packages/airflow/example_dags/example_branch_operator_decorator.py
[2025-08-27T03:43:05.739+0000] {processor.py:830} INFO - Processing file /home/airflow/.local/lib/python3.12/site-packages/airflow/example_dags/example_branch_operator_decorator.py for tasks to queue
[2025-08-27T03:43:05.757+0000] {logging_mixin.py:188} INFO - [2025-08-27T03:43:05.755+0000] {dagbag.py:545} INFO - Filling up the DagBag from /home/airflow/.local/lib/python3.12/site-packages/airflow/example_dags/example_branch_operator_decorator.py
[2025-08-27T03:43:06.191+0000] {processor.py:840} INFO - DAG(s) 'example_branch_python_operator_decorator' retrieved from /home/airflow/.local/lib/python3.12/site-packages/airflow/example_dags/example_branch_operator_decorator.py
[2025-08-27T03:43:06.637+0000] {logging_mixin.py:188} INFO - [2025-08-27T03:43:06.637+0000] {dag.py:3096} INFO - Sync 1 DAGs
[2025-08-27T03:43:07.222+0000] {logging_mixin.py:188} INFO - [2025-08-27T03:43:07.222+0000] {dag.py:3954} INFO - Setting next_dagrun for example_branch_python_operator_decorator to 2025-08-26 00:00:00+00:00, run_after=2025-08-27 00:00:00+00:00
[2025-08-27T03:43:07.733+0000] {processor.py:183} INFO - Processing /home/airflow/.local/lib/python3.12/site-packages/airflow/example_dags/example_branch_operator_decorator.py took 2.137 seconds
[2025-08-27T03:44:14.944+0000] {processor.py:161} INFO - Started process (PID=7935) to work on /home/airflow/.local/lib/python3.12/site-packages/airflow/example_dags/example_branch_operator_decorator.py
[2025-08-27T03:44:14.976+0000] {processor.py:830} INFO - Processing file /home/airflow/.local/lib/python3.12/site-packages/airflow/example_dags/example_branch_operator_decorator.py for tasks to queue
[2025-08-27T03:44:15.009+0000] {logging_mixin.py:188} INFO - [2025-08-27T03:44:14.981+0000] {dagbag.py:545} INFO - Filling up the DagBag from /home/airflow/.local/lib/python3.12/site-packages/airflow/example_dags/example_branch_operator_decorator.py
[2025-08-27T03:44:15.562+0000] {processor.py:840} INFO - DAG(s) 'example_branch_python_operator_decorator' retrieved from /home/airflow/.local/lib/python3.12/site-packages/airflow/example_dags/example_branch_operator_decorator.py
[2025-08-27T03:44:16.011+0000] {logging_mixin.py:188} INFO - [2025-08-27T03:44:16.010+0000] {dag.py:3096} INFO - Sync 1 DAGs
[2025-08-27T03:44:16.561+0000] {logging_mixin.py:188} INFO - [2025-08-27T03:44:16.510+0000] {dag.py:3954} INFO - Setting next_dagrun for example_branch_python_operator_decorator to 2025-08-26 00:00:00+00:00, run_after=2025-08-27 00:00:00+00:00
[2025-08-27T03:44:17.191+0000] {processor.py:183} INFO - Processing /home/airflow/.local/lib/python3.12/site-packages/airflow/example_dags/example_branch_operator_decorator.py took 2.502 seconds
[2025-08-27T03:45:15.544+0000] {processor.py:161} INFO - Started process (PID=8203) to work on /home/airflow/.local/lib/python3.12/site-packages/airflow/example_dags/example_branch_operator_decorator.py
[2025-08-27T03:45:15.563+0000] {processor.py:830} INFO - Processing file /home/airflow/.local/lib/python3.12/site-packages/airflow/example_dags/example_branch_operator_decorator.py for tasks to queue
[2025-08-27T03:45:15.575+0000] {logging_mixin.py:188} INFO - [2025-08-27T03:45:15.565+0000] {dagbag.py:545} INFO - Filling up the DagBag from /home/airflow/.local/lib/python3.12/site-packages/airflow/example_dags/example_branch_operator_decorator.py
[2025-08-27T03:45:15.795+0000] {processor.py:840} INFO - DAG(s) 'example_branch_python_operator_decorator' retrieved from /home/airflow/.local/lib/python3.12/site-packages/airflow/example_dags/example_branch_operator_decorator.py
[2025-08-27T03:45:16.266+0000] {logging_mixin.py:188} INFO - [2025-08-27T03:45:16.265+0000] {dag.py:3096} INFO - Sync 1 DAGs
[2025-08-27T03:45:16.610+0000] {logging_mixin.py:188} INFO - [2025-08-27T03:45:16.609+0000] {dag.py:3954} INFO - Setting next_dagrun for example_branch_python_operator_decorator to 2025-08-26 00:00:00+00:00, run_after=2025-08-27 00:00:00+00:00
[2025-08-27T03:45:16.862+0000] {processor.py:183} INFO - Processing /home/airflow/.local/lib/python3.12/site-packages/airflow/example_dags/example_branch_operator_decorator.py took 1.398 seconds
[2025-08-27T03:46:17.940+0000] {processor.py:161} INFO - Started process (PID=8516) to work on /home/airflow/.local/lib/python3.12/site-packages/airflow/example_dags/example_branch_operator_decorator.py
[2025-08-27T03:46:17.960+0000] {processor.py:830} INFO - Processing file /home/airflow/.local/lib/python3.12/site-packages/airflow/example_dags/example_branch_operator_decorator.py for tasks to queue
[2025-08-27T03:46:17.974+0000] {logging_mixin.py:188} INFO - [2025-08-27T03:46:17.965+0000] {dagbag.py:545} INFO - Filling up the DagBag from /home/airflow/.local/lib/python3.12/site-packages/airflow/example_dags/example_branch_operator_decorator.py
[2025-08-27T03:46:18.212+0000] {processor.py:840} INFO - DAG(s) 'example_branch_python_operator_decorator' retrieved from /home/airflow/.local/lib/python3.12/site-packages/airflow/example_dags/example_branch_operator_decorator.py
[2025-08-27T03:46:18.588+0000] {logging_mixin.py:188} INFO - [2025-08-27T03:46:18.587+0000] {dag.py:3096} INFO - Sync 1 DAGs
[2025-08-27T03:46:18.960+0000] {logging_mixin.py:188} INFO - [2025-08-27T03:46:18.931+0000] {dag.py:3954} INFO - Setting next_dagrun for example_branch_python_operator_decorator to 2025-08-26 00:00:00+00:00, run_after=2025-08-27 00:00:00+00:00
[2025-08-27T03:46:19.184+0000] {processor.py:183} INFO - Processing /home/airflow/.local/lib/python3.12/site-packages/airflow/example_dags/example_branch_operator_decorator.py took 1.291 seconds
[2025-08-27T03:47:10.231+0000] {processor.py:161} INFO - Started process (PID=8749) to work on /home/airflow/.local/lib/python3.12/site-packages/airflow/example_dags/example_branch_operator_decorator.py
[2025-08-27T03:47:10.234+0000] {processor.py:830} INFO - Processing file /home/airflow/.local/lib/python3.12/site-packages/airflow/example_dags/example_branch_operator_decorator.py for tasks to queue
[2025-08-27T03:47:10.255+0000] {logging_mixin.py:188} INFO - [2025-08-27T03:47:10.254+0000] {dagbag.py:545} INFO - Filling up the DagBag from /home/airflow/.local/lib/python3.12/site-packages/airflow/example_dags/example_branch_operator_decorator.py
[2025-08-27T03:47:10.654+0000] {processor.py:840} INFO - DAG(s) 'example_branch_python_operator_decorator' retrieved from /home/airflow/.local/lib/python3.12/site-packages/airflow/example_dags/example_branch_operator_decorator.py
[2025-08-27T03:47:11.154+0000] {logging_mixin.py:188} INFO - [2025-08-27T03:47:11.153+0000] {dag.py:3096} INFO - Sync 1 DAGs
[2025-08-27T03:47:11.471+0000] {logging_mixin.py:188} INFO - [2025-08-27T03:47:11.459+0000] {dag.py:3954} INFO - Setting next_dagrun for example_branch_python_operator_decorator to 2025-08-26 00:00:00+00:00, run_after=2025-08-27 00:00:00+00:00
[2025-08-27T03:47:11.678+0000] {processor.py:183} INFO - Processing /home/airflow/.local/lib/python3.12/site-packages/airflow/example_dags/example_branch_operator_decorator.py took 1.571 seconds
[2025-08-27T03:47:54.935+0000] {processor.py:161} INFO - Started process (PID=8995) to work on /home/airflow/.local/lib/python3.12/site-packages/airflow/example_dags/example_branch_operator_decorator.py
[2025-08-27T03:47:54.957+0000] {processor.py:830} INFO - Processing file /home/airflow/.local/lib/python3.12/site-packages/airflow/example_dags/example_branch_operator_decorator.py for tasks to queue
[2025-08-27T03:47:54.975+0000] {logging_mixin.py:188} INFO - [2025-08-27T03:47:54.974+0000] {dagbag.py:545} INFO - Filling up the DagBag from /home/airflow/.local/lib/python3.12/site-packages/airflow/example_dags/example_branch_operator_decorator.py
[2025-08-27T03:47:55.421+0000] {processor.py:840} INFO - DAG(s) 'example_branch_python_operator_decorator' retrieved from /home/airflow/.local/lib/python3.12/site-packages/airflow/example_dags/example_branch_operator_decorator.py
[2025-08-27T03:47:55.748+0000] {logging_mixin.py:188} INFO - [2025-08-27T03:47:55.747+0000] {dag.py:3096} INFO - Sync 1 DAGs
[2025-08-27T03:47:56.092+0000] {logging_mixin.py:188} INFO - [2025-08-27T03:47:56.091+0000] {dag.py:3954} INFO - Setting next_dagrun for example_branch_python_operator_decorator to 2025-08-26 00:00:00+00:00, run_after=2025-08-27 00:00:00+00:00
[2025-08-27T03:47:56.463+0000] {processor.py:183} INFO - Processing /home/airflow/.local/lib/python3.12/site-packages/airflow/example_dags/example_branch_operator_decorator.py took 1.684 seconds
[2025-08-27T03:48:46.004+0000] {processor.py:161} INFO - Started process (PID=9188) to work on /home/airflow/.local/lib/python3.12/site-packages/airflow/example_dags/example_branch_operator_decorator.py
[2025-08-27T03:48:46.030+0000] {processor.py:830} INFO - Processing file /home/airflow/.local/lib/python3.12/site-packages/airflow/example_dags/example_branch_operator_decorator.py for tasks to queue
[2025-08-27T03:48:46.045+0000] {logging_mixin.py:188} INFO - [2025-08-27T03:48:46.044+0000] {dagbag.py:545} INFO - Filling up the DagBag from /home/airflow/.local/lib/python3.12/site-packages/airflow/example_dags/example_branch_operator_decorator.py
[2025-08-27T03:48:46.427+0000] {processor.py:840} INFO - DAG(s) 'example_branch_python_operator_decorator' retrieved from /home/airflow/.local/lib/python3.12/site-packages/airflow/example_dags/example_branch_operator_decorator.py
[2025-08-27T03:48:46.884+0000] {logging_mixin.py:188} INFO - [2025-08-27T03:48:46.884+0000] {dag.py:3096} INFO - Sync 1 DAGs
[2025-08-27T03:48:47.155+0000] {logging_mixin.py:188} INFO - [2025-08-27T03:48:47.154+0000] {dag.py:3954} INFO - Setting next_dagrun for example_branch_python_operator_decorator to 2025-08-26 00:00:00+00:00, run_after=2025-08-27 00:00:00+00:00
[2025-08-27T03:48:47.488+0000] {processor.py:183} INFO - Processing /home/airflow/.local/lib/python3.12/site-packages/airflow/example_dags/example_branch_operator_decorator.py took 1.634 seconds
