[2025-08-27T03:38:35.705+0000] {processor.py:161} INFO - Started process (PID=6744) to work on /home/airflow/.local/lib/python3.12/site-packages/airflow/example_dags/example_latest_only.py
[2025-08-27T03:38:35.807+0000] {processor.py:830} INFO - Processing file /home/airflow/.local/lib/python3.12/site-packages/airflow/example_dags/example_latest_only.py for tasks to queue
[2025-08-27T03:38:35.998+0000] {logging_mixin.py:188} INFO - [2025-08-27T03:38:35.966+0000] {dagbag.py:545} INFO - Filling up the DagBag from /home/airflow/.local/lib/python3.12/site-packages/airflow/example_dags/example_latest_only.py
[2025-08-27T03:38:36.473+0000] {processor.py:840} INFO - DAG(s) 'latest_only' retrieved from /home/airflow/.local/lib/python3.12/site-packages/airflow/example_dags/example_latest_only.py
[2025-08-27T03:38:37.622+0000] {logging_mixin.py:188} INFO - [2025-08-27T03:38:37.621+0000] {dag.py:3096} INFO - Sync 1 DAGs
[2025-08-27T03:38:39.912+0000] {logging_mixin.py:188} INFO - [2025-08-27T03:38:39.911+0000] {dag.py:3954} INFO - Setting next_dagrun for latest_only to 2025-08-26 20:00:00+00:00, run_after=2025-08-27 00:00:00+00:00
[2025-08-27T03:38:40.592+0000] {processor.py:183} INFO - Processing /home/airflow/.local/lib/python3.12/site-packages/airflow/example_dags/example_latest_only.py took 5.441 seconds
[2025-08-27T03:40:07.778+0000] {processor.py:161} INFO - Started process (PID=6992) to work on /home/airflow/.local/lib/python3.12/site-packages/airflow/example_dags/example_latest_only.py
[2025-08-27T03:40:07.825+0000] {processor.py:830} INFO - Processing file /home/airflow/.local/lib/python3.12/site-packages/airflow/example_dags/example_latest_only.py for tasks to queue
[2025-08-27T03:40:07.855+0000] {logging_mixin.py:188} INFO - [2025-08-27T03:40:07.854+0000] {dagbag.py:545} INFO - Filling up the DagBag from /home/airflow/.local/lib/python3.12/site-packages/airflow/example_dags/example_latest_only.py
[2025-08-27T03:40:07.989+0000] {processor.py:840} INFO - DAG(s) 'latest_only' retrieved from /home/airflow/.local/lib/python3.12/site-packages/airflow/example_dags/example_latest_only.py
[2025-08-27T03:40:08.236+0000] {logging_mixin.py:188} INFO - [2025-08-27T03:40:08.235+0000] {dag.py:3096} INFO - Sync 1 DAGs
[2025-08-27T03:40:08.545+0000] {logging_mixin.py:188} INFO - [2025-08-27T03:40:08.544+0000] {dag.py:3954} INFO - Setting next_dagrun for latest_only to 2025-08-26 20:00:00+00:00, run_after=2025-08-27 00:00:00+00:00
[2025-08-27T03:40:08.843+0000] {processor.py:183} INFO - Processing /home/airflow/.local/lib/python3.12/site-packages/airflow/example_dags/example_latest_only.py took 1.165 seconds
[2025-08-27T03:40:50.626+0000] {processor.py:161} INFO - Started process (PID=7148) to work on /home/airflow/.local/lib/python3.12/site-packages/airflow/example_dags/example_latest_only.py
[2025-08-27T03:40:50.634+0000] {processor.py:830} INFO - Processing file /home/airflow/.local/lib/python3.12/site-packages/airflow/example_dags/example_latest_only.py for tasks to queue
[2025-08-27T03:40:50.640+0000] {logging_mixin.py:188} INFO - [2025-08-27T03:40:50.639+0000] {dagbag.py:545} INFO - Filling up the DagBag from /home/airflow/.local/lib/python3.12/site-packages/airflow/example_dags/example_latest_only.py
[2025-08-27T03:40:50.712+0000] {processor.py:840} INFO - DAG(s) 'latest_only' retrieved from /home/airflow/.local/lib/python3.12/site-packages/airflow/example_dags/example_latest_only.py
[2025-08-27T03:40:51.011+0000] {logging_mixin.py:188} INFO - [2025-08-27T03:40:51.010+0000] {dag.py:3096} INFO - Sync 1 DAGs
[2025-08-27T03:40:51.453+0000] {logging_mixin.py:188} INFO - [2025-08-27T03:40:51.452+0000] {dag.py:3954} INFO - Setting next_dagrun for latest_only to 2025-08-26 20:00:00+00:00, run_after=2025-08-27 00:00:00+00:00
[2025-08-27T03:40:51.677+0000] {processor.py:183} INFO - Processing /home/airflow/.local/lib/python3.12/site-packages/airflow/example_dags/example_latest_only.py took 1.147 seconds
[2025-08-27T03:41:40.066+0000] {processor.py:161} INFO - Started process (PID=7315) to work on /home/airflow/.local/lib/python3.12/site-packages/airflow/example_dags/example_latest_only.py
[2025-08-27T03:41:40.082+0000] {processor.py:830} INFO - Processing file /home/airflow/.local/lib/python3.12/site-packages/airflow/example_dags/example_latest_only.py for tasks to queue
[2025-08-27T03:41:40.131+0000] {logging_mixin.py:188} INFO - [2025-08-27T03:41:40.130+0000] {dagbag.py:545} INFO - Filling up the DagBag from /home/airflow/.local/lib/python3.12/site-packages/airflow/example_dags/example_latest_only.py
[2025-08-27T03:41:40.306+0000] {processor.py:840} INFO - DAG(s) 'latest_only' retrieved from /home/airflow/.local/lib/python3.12/site-packages/airflow/example_dags/example_latest_only.py
[2025-08-27T03:41:40.684+0000] {logging_mixin.py:188} INFO - [2025-08-27T03:41:40.683+0000] {dag.py:3096} INFO - Sync 1 DAGs
[2025-08-27T03:41:41.444+0000] {logging_mixin.py:188} INFO - [2025-08-27T03:41:41.443+0000] {dag.py:3954} INFO - Setting next_dagrun for latest_only to 2025-08-26 20:00:00+00:00, run_after=2025-08-27 00:00:00+00:00
[2025-08-27T03:41:42.134+0000] {processor.py:183} INFO - Processing /home/airflow/.local/lib/python3.12/site-packages/airflow/example_dags/example_latest_only.py took 2.228 seconds
[2025-08-27T03:42:48.047+0000] {processor.py:161} INFO - Started process (PID=7592) to work on /home/airflow/.local/lib/python3.12/site-packages/airflow/example_dags/example_latest_only.py
[2025-08-27T03:42:48.078+0000] {processor.py:830} INFO - Processing file /home/airflow/.local/lib/python3.12/site-packages/airflow/example_dags/example_latest_only.py for tasks to queue
[2025-08-27T03:42:48.112+0000] {logging_mixin.py:188} INFO - [2025-08-27T03:42:48.111+0000] {dagbag.py:545} INFO - Filling up the DagBag from /home/airflow/.local/lib/python3.12/site-packages/airflow/example_dags/example_latest_only.py
[2025-08-27T03:42:48.176+0000] {processor.py:840} INFO - DAG(s) 'latest_only' retrieved from /home/airflow/.local/lib/python3.12/site-packages/airflow/example_dags/example_latest_only.py
[2025-08-27T03:42:48.591+0000] {logging_mixin.py:188} INFO - [2025-08-27T03:42:48.590+0000] {dag.py:3096} INFO - Sync 1 DAGs
[2025-08-27T03:42:48.953+0000] {logging_mixin.py:188} INFO - [2025-08-27T03:42:48.952+0000] {dag.py:3954} INFO - Setting next_dagrun for latest_only to 2025-08-26 20:00:00+00:00, run_after=2025-08-27 00:00:00+00:00
[2025-08-27T03:42:49.219+0000] {processor.py:183} INFO - Processing /home/airflow/.local/lib/python3.12/site-packages/airflow/example_dags/example_latest_only.py took 1.323 seconds
[2025-08-27T03:43:56.425+0000] {processor.py:161} INFO - Started process (PID=7869) to work on /home/airflow/.local/lib/python3.12/site-packages/airflow/example_dags/example_latest_only.py
[2025-08-27T03:43:56.454+0000] {processor.py:830} INFO - Processing file /home/airflow/.local/lib/python3.12/site-packages/airflow/example_dags/example_latest_only.py for tasks to queue
[2025-08-27T03:43:56.473+0000] {logging_mixin.py:188} INFO - [2025-08-27T03:43:56.471+0000] {dagbag.py:545} INFO - Filling up the DagBag from /home/airflow/.local/lib/python3.12/site-packages/airflow/example_dags/example_latest_only.py
[2025-08-27T03:43:56.538+0000] {processor.py:840} INFO - DAG(s) 'latest_only' retrieved from /home/airflow/.local/lib/python3.12/site-packages/airflow/example_dags/example_latest_only.py
[2025-08-27T03:43:56.977+0000] {logging_mixin.py:188} INFO - [2025-08-27T03:43:56.976+0000] {dag.py:3096} INFO - Sync 1 DAGs
[2025-08-27T03:43:57.360+0000] {logging_mixin.py:188} INFO - [2025-08-27T03:43:57.359+0000] {dag.py:3954} INFO - Setting next_dagrun for latest_only to 2025-08-26 20:00:00+00:00, run_after=2025-08-27 00:00:00+00:00
[2025-08-27T03:43:57.763+0000] {processor.py:183} INFO - Processing /home/airflow/.local/lib/python3.12/site-packages/airflow/example_dags/example_latest_only.py took 1.548 seconds
[2025-08-27T03:45:01.195+0000] {processor.py:161} INFO - Started process (PID=8137) to work on /home/airflow/.local/lib/python3.12/site-packages/airflow/example_dags/example_latest_only.py
[2025-08-27T03:45:01.313+0000] {processor.py:830} INFO - Processing file /home/airflow/.local/lib/python3.12/site-packages/airflow/example_dags/example_latest_only.py for tasks to queue
[2025-08-27T03:45:01.330+0000] {logging_mixin.py:188} INFO - [2025-08-27T03:45:01.329+0000] {dagbag.py:545} INFO - Filling up the DagBag from /home/airflow/.local/lib/python3.12/site-packages/airflow/example_dags/example_latest_only.py
[2025-08-27T03:45:01.529+0000] {processor.py:840} INFO - DAG(s) 'latest_only' retrieved from /home/airflow/.local/lib/python3.12/site-packages/airflow/example_dags/example_latest_only.py
[2025-08-27T03:45:01.801+0000] {logging_mixin.py:188} INFO - [2025-08-27T03:45:01.800+0000] {dag.py:3096} INFO - Sync 1 DAGs
[2025-08-27T03:45:02.202+0000] {logging_mixin.py:188} INFO - [2025-08-27T03:45:02.201+0000] {dag.py:3954} INFO - Setting next_dagrun for latest_only to 2025-08-26 20:00:00+00:00, run_after=2025-08-27 00:00:00+00:00
[2025-08-27T03:45:02.866+0000] {processor.py:183} INFO - Processing /home/airflow/.local/lib/python3.12/site-packages/airflow/example_dags/example_latest_only.py took 1.872 seconds
[2025-08-27T03:45:43.304+0000] {processor.py:161} INFO - Started process (PID=8369) to work on /home/airflow/.local/lib/python3.12/site-packages/airflow/example_dags/example_latest_only.py
[2025-08-27T03:45:43.322+0000] {processor.py:830} INFO - Processing file /home/airflow/.local/lib/python3.12/site-packages/airflow/example_dags/example_latest_only.py for tasks to queue
[2025-08-27T03:45:43.331+0000] {logging_mixin.py:188} INFO - [2025-08-27T03:45:43.330+0000] {dagbag.py:545} INFO - Filling up the DagBag from /home/airflow/.local/lib/python3.12/site-packages/airflow/example_dags/example_latest_only.py
[2025-08-27T03:45:43.404+0000] {processor.py:840} INFO - DAG(s) 'latest_only' retrieved from /home/airflow/.local/lib/python3.12/site-packages/airflow/example_dags/example_latest_only.py
[2025-08-27T03:45:43.612+0000] {logging_mixin.py:188} INFO - [2025-08-27T03:45:43.611+0000] {dag.py:3096} INFO - Sync 1 DAGs
[2025-08-27T03:45:43.897+0000] {logging_mixin.py:188} INFO - [2025-08-27T03:45:43.885+0000] {dag.py:3954} INFO - Setting next_dagrun for latest_only to 2025-08-26 20:00:00+00:00, run_after=2025-08-27 00:00:00+00:00
[2025-08-27T03:45:44.259+0000] {processor.py:183} INFO - Processing /home/airflow/.local/lib/python3.12/site-packages/airflow/example_dags/example_latest_only.py took 1.074 seconds
[2025-08-27T03:46:26.930+0000] {processor.py:161} INFO - Started process (PID=8571) to work on /home/airflow/.local/lib/python3.12/site-packages/airflow/example_dags/example_latest_only.py
[2025-08-27T03:46:26.936+0000] {processor.py:830} INFO - Processing file /home/airflow/.local/lib/python3.12/site-packages/airflow/example_dags/example_latest_only.py for tasks to queue
[2025-08-27T03:46:26.956+0000] {logging_mixin.py:188} INFO - [2025-08-27T03:46:26.954+0000] {dagbag.py:545} INFO - Filling up the DagBag from /home/airflow/.local/lib/python3.12/site-packages/airflow/example_dags/example_latest_only.py
[2025-08-27T03:46:26.977+0000] {processor.py:840} INFO - DAG(s) 'latest_only' retrieved from /home/airflow/.local/lib/python3.12/site-packages/airflow/example_dags/example_latest_only.py
[2025-08-27T03:46:27.181+0000] {logging_mixin.py:188} INFO - [2025-08-27T03:46:27.169+0000] {dag.py:3096} INFO - Sync 1 DAGs
[2025-08-27T03:46:27.552+0000] {logging_mixin.py:188} INFO - [2025-08-27T03:46:27.551+0000] {dag.py:3954} INFO - Setting next_dagrun for latest_only to 2025-08-26 20:00:00+00:00, run_after=2025-08-27 00:00:00+00:00
[2025-08-27T03:46:27.864+0000] {processor.py:183} INFO - Processing /home/airflow/.local/lib/python3.12/site-packages/airflow/example_dags/example_latest_only.py took 1.024 seconds
[2025-08-27T03:47:21.619+0000] {processor.py:161} INFO - Started process (PID=8799) to work on /home/airflow/.local/lib/python3.12/site-packages/airflow/example_dags/example_latest_only.py
[2025-08-27T03:47:21.675+0000] {processor.py:830} INFO - Processing file /home/airflow/.local/lib/python3.12/site-packages/airflow/example_dags/example_latest_only.py for tasks to queue
[2025-08-27T03:47:21.723+0000] {logging_mixin.py:188} INFO - [2025-08-27T03:47:21.721+0000] {dagbag.py:545} INFO - Filling up the DagBag from /home/airflow/.local/lib/python3.12/site-packages/airflow/example_dags/example_latest_only.py
[2025-08-27T03:47:21.789+0000] {processor.py:840} INFO - DAG(s) 'latest_only' retrieved from /home/airflow/.local/lib/python3.12/site-packages/airflow/example_dags/example_latest_only.py
[2025-08-27T03:47:22.115+0000] {logging_mixin.py:188} INFO - [2025-08-27T03:47:22.115+0000] {dag.py:3096} INFO - Sync 1 DAGs
[2025-08-27T03:47:22.418+0000] {logging_mixin.py:188} INFO - [2025-08-27T03:47:22.418+0000] {dag.py:3954} INFO - Setting next_dagrun for latest_only to 2025-08-26 20:00:00+00:00, run_after=2025-08-27 00:00:00+00:00
[2025-08-27T03:47:22.733+0000] {processor.py:183} INFO - Processing /home/airflow/.local/lib/python3.12/site-packages/airflow/example_dags/example_latest_only.py took 1.243 seconds
[2025-08-27T03:48:01.706+0000] {processor.py:161} INFO - Started process (PID=9020) to work on /home/airflow/.local/lib/python3.12/site-packages/airflow/example_dags/example_latest_only.py
[2025-08-27T03:48:01.727+0000] {processor.py:830} INFO - Processing file /home/airflow/.local/lib/python3.12/site-packages/airflow/example_dags/example_latest_only.py for tasks to queue
[2025-08-27T03:48:01.744+0000] {logging_mixin.py:188} INFO - [2025-08-27T03:48:01.743+0000] {dagbag.py:545} INFO - Filling up the DagBag from /home/airflow/.local/lib/python3.12/site-packages/airflow/example_dags/example_latest_only.py
[2025-08-27T03:48:01.822+0000] {processor.py:840} INFO - DAG(s) 'latest_only' retrieved from /home/airflow/.local/lib/python3.12/site-packages/airflow/example_dags/example_latest_only.py
[2025-08-27T03:48:02.185+0000] {logging_mixin.py:188} INFO - [2025-08-27T03:48:02.184+0000] {dag.py:3096} INFO - Sync 1 DAGs
[2025-08-27T03:48:02.627+0000] {logging_mixin.py:188} INFO - [2025-08-27T03:48:02.626+0000] {dag.py:3954} INFO - Setting next_dagrun for latest_only to 2025-08-26 20:00:00+00:00, run_after=2025-08-27 00:00:00+00:00
[2025-08-27T03:48:02.963+0000] {processor.py:183} INFO - Processing /home/airflow/.local/lib/python3.12/site-packages/airflow/example_dags/example_latest_only.py took 1.331 seconds
[2025-08-27T03:49:01.579+0000] {processor.py:161} INFO - Started process (PID=9275) to work on /home/airflow/.local/lib/python3.12/site-packages/airflow/example_dags/example_latest_only.py
[2025-08-27T03:49:01.593+0000] {processor.py:830} INFO - Processing file /home/airflow/.local/lib/python3.12/site-packages/airflow/example_dags/example_latest_only.py for tasks to queue
[2025-08-27T03:49:01.602+0000] {logging_mixin.py:188} INFO - [2025-08-27T03:49:01.601+0000] {dagbag.py:545} INFO - Filling up the DagBag from /home/airflow/.local/lib/python3.12/site-packages/airflow/example_dags/example_latest_only.py
[2025-08-27T03:49:01.646+0000] {processor.py:840} INFO - DAG(s) 'latest_only' retrieved from /home/airflow/.local/lib/python3.12/site-packages/airflow/example_dags/example_latest_only.py
[2025-08-27T03:49:01.786+0000] {logging_mixin.py:188} INFO - [2025-08-27T03:49:01.785+0000] {dag.py:3096} INFO - Sync 1 DAGs
[2025-08-27T03:49:02.012+0000] {logging_mixin.py:188} INFO - [2025-08-27T03:49:02.012+0000] {dag.py:3954} INFO - Setting next_dagrun for latest_only to 2025-08-26 20:00:00+00:00, run_after=2025-08-27 00:00:00+00:00
[2025-08-27T03:49:02.338+0000] {processor.py:183} INFO - Processing /home/airflow/.local/lib/python3.12/site-packages/airflow/example_dags/example_latest_only.py took 0.827 seconds
