[2025-08-27T03:39:45.971+0000] {processor.py:161} INFO - Started process (PID=6930) to work on /home/airflow/.local/lib/python3.12/site-packages/airflow/example_dags/example_sensor_decorator.py
[2025-08-27T03:39:45.985+0000] {processor.py:830} INFO - Processing file /home/airflow/.local/lib/python3.12/site-packages/airflow/example_dags/example_sensor_decorator.py for tasks to queue
[2025-08-27T03:39:46.002+0000] {logging_mixin.py:188} INFO - [2025-08-27T03:39:45.989+0000] {dagbag.py:545} INFO - Filling up the DagBag from /home/airflow/.local/lib/python3.12/site-packages/airflow/example_dags/example_sensor_decorator.py
[2025-08-27T03:39:46.148+0000] {processor.py:840} INFO - DAG(s) 'example_sensor_decorator' retrieved from /home/airflow/.local/lib/python3.12/site-packages/airflow/example_dags/example_sensor_decorator.py
[2025-08-27T03:39:46.627+0000] {logging_mixin.py:188} INFO - [2025-08-27T03:39:46.627+0000] {dag.py:3096} INFO - Sync 1 DAGs
[2025-08-27T03:39:46.998+0000] {logging_mixin.py:188} INFO - [2025-08-27T03:39:46.997+0000] {dag.py:3954} INFO - Setting next_dagrun for example_sensor_decorator to None, run_after=None
[2025-08-27T03:39:47.325+0000] {processor.py:183} INFO - Processing /home/airflow/.local/lib/python3.12/site-packages/airflow/example_dags/example_sensor_decorator.py took 1.562 seconds
[2025-08-27T03:41:19.989+0000] {processor.py:161} INFO - Started process (PID=7253) to work on /home/airflow/.local/lib/python3.12/site-packages/airflow/example_dags/example_sensor_decorator.py
[2025-08-27T03:41:20.066+0000] {processor.py:830} INFO - Processing file /home/airflow/.local/lib/python3.12/site-packages/airflow/example_dags/example_sensor_decorator.py for tasks to queue
[2025-08-27T03:41:20.116+0000] {logging_mixin.py:188} INFO - [2025-08-27T03:41:20.115+0000] {dagbag.py:545} INFO - Filling up the DagBag from /home/airflow/.local/lib/python3.12/site-packages/airflow/example_dags/example_sensor_decorator.py
[2025-08-27T03:41:20.381+0000] {processor.py:840} INFO - DAG(s) 'example_sensor_decorator' retrieved from /home/airflow/.local/lib/python3.12/site-packages/airflow/example_dags/example_sensor_decorator.py
[2025-08-27T03:41:20.878+0000] {logging_mixin.py:188} INFO - [2025-08-27T03:41:20.878+0000] {dag.py:3096} INFO - Sync 1 DAGs
[2025-08-27T03:41:21.231+0000] {logging_mixin.py:188} INFO - [2025-08-27T03:41:21.230+0000] {dag.py:3954} INFO - Setting next_dagrun for example_sensor_decorator to None, run_after=None
[2025-08-27T03:41:21.484+0000] {processor.py:183} INFO - Processing /home/airflow/.local/lib/python3.12/site-packages/airflow/example_dags/example_sensor_decorator.py took 1.594 seconds
[2025-08-27T03:42:38.416+0000] {processor.py:161} INFO - Started process (PID=7551) to work on /home/airflow/.local/lib/python3.12/site-packages/airflow/example_dags/example_sensor_decorator.py
[2025-08-27T03:42:38.461+0000] {processor.py:830} INFO - Processing file /home/airflow/.local/lib/python3.12/site-packages/airflow/example_dags/example_sensor_decorator.py for tasks to queue
[2025-08-27T03:42:38.495+0000] {logging_mixin.py:188} INFO - [2025-08-27T03:42:38.494+0000] {dagbag.py:545} INFO - Filling up the DagBag from /home/airflow/.local/lib/python3.12/site-packages/airflow/example_dags/example_sensor_decorator.py
[2025-08-27T03:42:38.672+0000] {processor.py:840} INFO - DAG(s) 'example_sensor_decorator' retrieved from /home/airflow/.local/lib/python3.12/site-packages/airflow/example_dags/example_sensor_decorator.py
[2025-08-27T03:42:38.985+0000] {logging_mixin.py:188} INFO - [2025-08-27T03:42:38.984+0000] {dag.py:3096} INFO - Sync 1 DAGs
[2025-08-27T03:42:39.264+0000] {logging_mixin.py:188} INFO - [2025-08-27T03:42:39.263+0000] {dag.py:3954} INFO - Setting next_dagrun for example_sensor_decorator to None, run_after=None
[2025-08-27T03:42:39.493+0000] {processor.py:183} INFO - Processing /home/airflow/.local/lib/python3.12/site-packages/airflow/example_dags/example_sensor_decorator.py took 1.202 seconds
[2025-08-27T03:43:46.812+0000] {processor.py:161} INFO - Started process (PID=7824) to work on /home/airflow/.local/lib/python3.12/site-packages/airflow/example_dags/example_sensor_decorator.py
[2025-08-27T03:43:46.829+0000] {processor.py:830} INFO - Processing file /home/airflow/.local/lib/python3.12/site-packages/airflow/example_dags/example_sensor_decorator.py for tasks to queue
[2025-08-27T03:43:46.846+0000] {logging_mixin.py:188} INFO - [2025-08-27T03:43:46.845+0000] {dagbag.py:545} INFO - Filling up the DagBag from /home/airflow/.local/lib/python3.12/site-packages/airflow/example_dags/example_sensor_decorator.py
[2025-08-27T03:43:46.943+0000] {processor.py:840} INFO - DAG(s) 'example_sensor_decorator' retrieved from /home/airflow/.local/lib/python3.12/site-packages/airflow/example_dags/example_sensor_decorator.py
[2025-08-27T03:43:47.310+0000] {logging_mixin.py:188} INFO - [2025-08-27T03:43:47.309+0000] {dag.py:3096} INFO - Sync 1 DAGs
[2025-08-27T03:43:47.574+0000] {logging_mixin.py:188} INFO - [2025-08-27T03:43:47.573+0000] {dag.py:3954} INFO - Setting next_dagrun for example_sensor_decorator to None, run_after=None
[2025-08-27T03:43:47.990+0000] {processor.py:183} INFO - Processing /home/airflow/.local/lib/python3.12/site-packages/airflow/example_dags/example_sensor_decorator.py took 1.306 seconds
[2025-08-27T03:44:58.810+0000] {processor.py:161} INFO - Started process (PID=8122) to work on /home/airflow/.local/lib/python3.12/site-packages/airflow/example_dags/example_sensor_decorator.py
[2025-08-27T03:44:58.827+0000] {processor.py:830} INFO - Processing file /home/airflow/.local/lib/python3.12/site-packages/airflow/example_dags/example_sensor_decorator.py for tasks to queue
[2025-08-27T03:44:58.840+0000] {logging_mixin.py:188} INFO - [2025-08-27T03:44:58.839+0000] {dagbag.py:545} INFO - Filling up the DagBag from /home/airflow/.local/lib/python3.12/site-packages/airflow/example_dags/example_sensor_decorator.py
[2025-08-27T03:44:58.976+0000] {processor.py:840} INFO - DAG(s) 'example_sensor_decorator' retrieved from /home/airflow/.local/lib/python3.12/site-packages/airflow/example_dags/example_sensor_decorator.py
[2025-08-27T03:44:59.330+0000] {logging_mixin.py:188} INFO - [2025-08-27T03:44:59.330+0000] {dag.py:3096} INFO - Sync 1 DAGs
[2025-08-27T03:44:59.672+0000] {logging_mixin.py:188} INFO - [2025-08-27T03:44:59.672+0000] {dag.py:3954} INFO - Setting next_dagrun for example_sensor_decorator to None, run_after=None
[2025-08-27T03:45:00.167+0000] {processor.py:183} INFO - Processing /home/airflow/.local/lib/python3.12/site-packages/airflow/example_dags/example_sensor_decorator.py took 1.472 seconds
[2025-08-27T03:46:01.413+0000] {processor.py:161} INFO - Started process (PID=8430) to work on /home/airflow/.local/lib/python3.12/site-packages/airflow/example_dags/example_sensor_decorator.py
[2025-08-27T03:46:01.455+0000] {processor.py:830} INFO - Processing file /home/airflow/.local/lib/python3.12/site-packages/airflow/example_dags/example_sensor_decorator.py for tasks to queue
[2025-08-27T03:46:01.459+0000] {logging_mixin.py:188} INFO - [2025-08-27T03:46:01.458+0000] {dagbag.py:545} INFO - Filling up the DagBag from /home/airflow/.local/lib/python3.12/site-packages/airflow/example_dags/example_sensor_decorator.py
[2025-08-27T03:46:01.602+0000] {processor.py:840} INFO - DAG(s) 'example_sensor_decorator' retrieved from /home/airflow/.local/lib/python3.12/site-packages/airflow/example_dags/example_sensor_decorator.py
[2025-08-27T03:46:02.115+0000] {logging_mixin.py:188} INFO - [2025-08-27T03:46:02.115+0000] {dag.py:3096} INFO - Sync 1 DAGs
[2025-08-27T03:46:02.334+0000] {logging_mixin.py:188} INFO - [2025-08-27T03:46:02.332+0000] {dag.py:3954} INFO - Setting next_dagrun for example_sensor_decorator to None, run_after=None
[2025-08-27T03:46:02.652+0000] {processor.py:183} INFO - Processing /home/airflow/.local/lib/python3.12/site-packages/airflow/example_dags/example_sensor_decorator.py took 1.359 seconds
[2025-08-27T03:47:18.977+0000] {processor.py:161} INFO - Started process (PID=8784) to work on /home/airflow/.local/lib/python3.12/site-packages/airflow/example_dags/example_sensor_decorator.py
[2025-08-27T03:47:18.991+0000] {processor.py:830} INFO - Processing file /home/airflow/.local/lib/python3.12/site-packages/airflow/example_dags/example_sensor_decorator.py for tasks to queue
[2025-08-27T03:47:19.008+0000] {logging_mixin.py:188} INFO - [2025-08-27T03:47:19.007+0000] {dagbag.py:545} INFO - Filling up the DagBag from /home/airflow/.local/lib/python3.12/site-packages/airflow/example_dags/example_sensor_decorator.py
[2025-08-27T03:47:19.122+0000] {processor.py:840} INFO - DAG(s) 'example_sensor_decorator' retrieved from /home/airflow/.local/lib/python3.12/site-packages/airflow/example_dags/example_sensor_decorator.py
[2025-08-27T03:47:19.410+0000] {logging_mixin.py:188} INFO - [2025-08-27T03:47:19.410+0000] {dag.py:3096} INFO - Sync 1 DAGs
[2025-08-27T03:47:19.840+0000] {logging_mixin.py:188} INFO - [2025-08-27T03:47:19.839+0000] {dag.py:3954} INFO - Setting next_dagrun for example_sensor_decorator to None, run_after=None
[2025-08-27T03:47:20.185+0000] {processor.py:183} INFO - Processing /home/airflow/.local/lib/python3.12/site-packages/airflow/example_dags/example_sensor_decorator.py took 1.322 seconds
[2025-08-27T03:48:27.038+0000] {processor.py:161} INFO - Started process (PID=9097) to work on /home/airflow/.local/lib/python3.12/site-packages/airflow/example_dags/example_sensor_decorator.py
[2025-08-27T03:48:27.042+0000] {processor.py:830} INFO - Processing file /home/airflow/.local/lib/python3.12/site-packages/airflow/example_dags/example_sensor_decorator.py for tasks to queue
[2025-08-27T03:48:27.056+0000] {logging_mixin.py:188} INFO - [2025-08-27T03:48:27.055+0000] {dagbag.py:545} INFO - Filling up the DagBag from /home/airflow/.local/lib/python3.12/site-packages/airflow/example_dags/example_sensor_decorator.py
[2025-08-27T03:48:27.121+0000] {processor.py:840} INFO - DAG(s) 'example_sensor_decorator' retrieved from /home/airflow/.local/lib/python3.12/site-packages/airflow/example_dags/example_sensor_decorator.py
[2025-08-27T03:48:27.379+0000] {logging_mixin.py:188} INFO - [2025-08-27T03:48:27.378+0000] {dag.py:3096} INFO - Sync 1 DAGs
[2025-08-27T03:48:27.769+0000] {logging_mixin.py:188} INFO - [2025-08-27T03:48:27.768+0000] {dag.py:3954} INFO - Setting next_dagrun for example_sensor_decorator to None, run_after=None
[2025-08-27T03:48:28.160+0000] {processor.py:183} INFO - Processing /home/airflow/.local/lib/python3.12/site-packages/airflow/example_dags/example_sensor_decorator.py took 1.194 seconds
[2025-08-27T03:49:13.273+0000] {processor.py:161} INFO - Started process (PID=9358) to work on /home/airflow/.local/lib/python3.12/site-packages/airflow/example_dags/example_sensor_decorator.py
[2025-08-27T03:49:13.281+0000] {processor.py:830} INFO - Processing file /home/airflow/.local/lib/python3.12/site-packages/airflow/example_dags/example_sensor_decorator.py for tasks to queue
[2025-08-27T03:49:13.299+0000] {logging_mixin.py:188} INFO - [2025-08-27T03:49:13.298+0000] {dagbag.py:545} INFO - Filling up the DagBag from /home/airflow/.local/lib/python3.12/site-packages/airflow/example_dags/example_sensor_decorator.py
[2025-08-27T03:49:13.371+0000] {processor.py:840} INFO - DAG(s) 'example_sensor_decorator' retrieved from /home/airflow/.local/lib/python3.12/site-packages/airflow/example_dags/example_sensor_decorator.py
[2025-08-27T03:49:13.569+0000] {logging_mixin.py:188} INFO - [2025-08-27T03:49:13.568+0000] {dag.py:3096} INFO - Sync 1 DAGs
[2025-08-27T03:49:13.687+0000] {logging_mixin.py:188} INFO - [2025-08-27T03:49:13.681+0000] {dag.py:3954} INFO - Setting next_dagrun for example_sensor_decorator to None, run_after=None
[2025-08-27T03:49:13.860+0000] {processor.py:183} INFO - Processing /home/airflow/.local/lib/python3.12/site-packages/airflow/example_dags/example_sensor_decorator.py took 0.646 seconds
