[2025-08-27T03:39:43.298+0000] {processor.py:161} INFO - Started process (PID=6920) to work on /home/airflow/.local/lib/python3.12/site-packages/airflow/example_dags/example_branch_labels.py
[2025-08-27T03:39:43.327+0000] {processor.py:830} INFO - Processing file /home/airflow/.local/lib/python3.12/site-packages/airflow/example_dags/example_branch_labels.py for tasks to queue
[2025-08-27T03:39:43.344+0000] {logging_mixin.py:188} INFO - [2025-08-27T03:39:43.343+0000] {dagbag.py:545} INFO - Filling up the DagBag from /home/airflow/.local/lib/python3.12/site-packages/airflow/example_dags/example_branch_labels.py
[2025-08-27T03:39:43.458+0000] {processor.py:840} INFO - DAG(s) 'example_branch_labels' retrieved from /home/airflow/.local/lib/python3.12/site-packages/airflow/example_dags/example_branch_labels.py
[2025-08-27T03:39:43.776+0000] {logging_mixin.py:188} INFO - [2025-08-27T03:39:43.776+0000] {dag.py:3096} INFO - Sync 1 DAGs
[2025-08-27T03:39:44.193+0000] {logging_mixin.py:188} INFO - [2025-08-27T03:39:44.178+0000] {dag.py:3954} INFO - Setting next_dagrun for example_branch_labels to 2025-08-26 00:00:00+00:00, run_after=2025-08-27 00:00:00+00:00
[2025-08-27T03:39:44.521+0000] {processor.py:183} INFO - Processing /home/airflow/.local/lib/python3.12/site-packages/airflow/example_dags/example_branch_labels.py took 1.322 seconds
[2025-08-27T03:41:16.801+0000] {processor.py:161} INFO - Started process (PID=7245) to work on /home/airflow/.local/lib/python3.12/site-packages/airflow/example_dags/example_branch_labels.py
[2025-08-27T03:41:16.815+0000] {processor.py:830} INFO - Processing file /home/airflow/.local/lib/python3.12/site-packages/airflow/example_dags/example_branch_labels.py for tasks to queue
[2025-08-27T03:41:16.833+0000] {logging_mixin.py:188} INFO - [2025-08-27T03:41:16.832+0000] {dagbag.py:545} INFO - Filling up the DagBag from /home/airflow/.local/lib/python3.12/site-packages/airflow/example_dags/example_branch_labels.py
[2025-08-27T03:41:17.145+0000] {processor.py:840} INFO - DAG(s) 'example_branch_labels' retrieved from /home/airflow/.local/lib/python3.12/site-packages/airflow/example_dags/example_branch_labels.py
[2025-08-27T03:41:17.587+0000] {logging_mixin.py:188} INFO - [2025-08-27T03:41:17.571+0000] {dag.py:3096} INFO - Sync 1 DAGs
[2025-08-27T03:41:18.052+0000] {logging_mixin.py:188} INFO - [2025-08-27T03:41:18.051+0000] {dag.py:3954} INFO - Setting next_dagrun for example_branch_labels to 2025-08-26 00:00:00+00:00, run_after=2025-08-27 00:00:00+00:00
[2025-08-27T03:41:18.498+0000] {processor.py:183} INFO - Processing /home/airflow/.local/lib/python3.12/site-packages/airflow/example_dags/example_branch_labels.py took 1.826 seconds
[2025-08-27T03:42:36.206+0000] {processor.py:161} INFO - Started process (PID=7541) to work on /home/airflow/.local/lib/python3.12/site-packages/airflow/example_dags/example_branch_labels.py
[2025-08-27T03:42:36.234+0000] {processor.py:830} INFO - Processing file /home/airflow/.local/lib/python3.12/site-packages/airflow/example_dags/example_branch_labels.py for tasks to queue
[2025-08-27T03:42:36.283+0000] {logging_mixin.py:188} INFO - [2025-08-27T03:42:36.268+0000] {dagbag.py:545} INFO - Filling up the DagBag from /home/airflow/.local/lib/python3.12/site-packages/airflow/example_dags/example_branch_labels.py
[2025-08-27T03:42:36.572+0000] {processor.py:840} INFO - DAG(s) 'example_branch_labels' retrieved from /home/airflow/.local/lib/python3.12/site-packages/airflow/example_dags/example_branch_labels.py
[2025-08-27T03:42:36.955+0000] {logging_mixin.py:188} INFO - [2025-08-27T03:42:36.942+0000] {dag.py:3096} INFO - Sync 1 DAGs
[2025-08-27T03:42:37.295+0000] {logging_mixin.py:188} INFO - [2025-08-27T03:42:37.294+0000] {dag.py:3954} INFO - Setting next_dagrun for example_branch_labels to 2025-08-26 00:00:00+00:00, run_after=2025-08-27 00:00:00+00:00
[2025-08-27T03:42:37.613+0000] {processor.py:183} INFO - Processing /home/airflow/.local/lib/python3.12/site-packages/airflow/example_dags/example_branch_labels.py took 1.721 seconds
[2025-08-27T03:43:44.276+0000] {processor.py:161} INFO - Started process (PID=7815) to work on /home/airflow/.local/lib/python3.12/site-packages/airflow/example_dags/example_branch_labels.py
[2025-08-27T03:43:44.291+0000] {processor.py:830} INFO - Processing file /home/airflow/.local/lib/python3.12/site-packages/airflow/example_dags/example_branch_labels.py for tasks to queue
[2025-08-27T03:43:44.329+0000] {logging_mixin.py:188} INFO - [2025-08-27T03:43:44.308+0000] {dagbag.py:545} INFO - Filling up the DagBag from /home/airflow/.local/lib/python3.12/site-packages/airflow/example_dags/example_branch_labels.py
[2025-08-27T03:43:44.531+0000] {processor.py:840} INFO - DAG(s) 'example_branch_labels' retrieved from /home/airflow/.local/lib/python3.12/site-packages/airflow/example_dags/example_branch_labels.py
[2025-08-27T03:43:44.829+0000] {logging_mixin.py:188} INFO - [2025-08-27T03:43:44.828+0000] {dag.py:3096} INFO - Sync 1 DAGs
[2025-08-27T03:43:45.373+0000] {logging_mixin.py:188} INFO - [2025-08-27T03:43:45.372+0000] {dag.py:3954} INFO - Setting next_dagrun for example_branch_labels to 2025-08-26 00:00:00+00:00, run_after=2025-08-27 00:00:00+00:00
[2025-08-27T03:43:45.830+0000] {processor.py:183} INFO - Processing /home/airflow/.local/lib/python3.12/site-packages/airflow/example_dags/example_branch_labels.py took 1.666 seconds
[2025-08-27T03:44:56.025+0000] {processor.py:161} INFO - Started process (PID=8112) to work on /home/airflow/.local/lib/python3.12/site-packages/airflow/example_dags/example_branch_labels.py
[2025-08-27T03:44:56.040+0000] {processor.py:830} INFO - Processing file /home/airflow/.local/lib/python3.12/site-packages/airflow/example_dags/example_branch_labels.py for tasks to queue
[2025-08-27T03:44:56.057+0000] {logging_mixin.py:188} INFO - [2025-08-27T03:44:56.056+0000] {dagbag.py:545} INFO - Filling up the DagBag from /home/airflow/.local/lib/python3.12/site-packages/airflow/example_dags/example_branch_labels.py
[2025-08-27T03:44:56.189+0000] {processor.py:840} INFO - DAG(s) 'example_branch_labels' retrieved from /home/airflow/.local/lib/python3.12/site-packages/airflow/example_dags/example_branch_labels.py
[2025-08-27T03:44:56.417+0000] {logging_mixin.py:188} INFO - [2025-08-27T03:44:56.417+0000] {dag.py:3096} INFO - Sync 1 DAGs
[2025-08-27T03:44:56.949+0000] {logging_mixin.py:188} INFO - [2025-08-27T03:44:56.936+0000] {dag.py:3954} INFO - Setting next_dagrun for example_branch_labels to 2025-08-26 00:00:00+00:00, run_after=2025-08-27 00:00:00+00:00
[2025-08-27T03:44:57.213+0000] {processor.py:183} INFO - Processing /home/airflow/.local/lib/python3.12/site-packages/airflow/example_dags/example_branch_labels.py took 1.321 seconds
[2025-08-27T03:45:59.436+0000] {processor.py:161} INFO - Started process (PID=8420) to work on /home/airflow/.local/lib/python3.12/site-packages/airflow/example_dags/example_branch_labels.py
[2025-08-27T03:45:59.453+0000] {processor.py:830} INFO - Processing file /home/airflow/.local/lib/python3.12/site-packages/airflow/example_dags/example_branch_labels.py for tasks to queue
[2025-08-27T03:45:59.471+0000] {logging_mixin.py:188} INFO - [2025-08-27T03:45:59.469+0000] {dagbag.py:545} INFO - Filling up the DagBag from /home/airflow/.local/lib/python3.12/site-packages/airflow/example_dags/example_branch_labels.py
[2025-08-27T03:45:59.616+0000] {processor.py:840} INFO - DAG(s) 'example_branch_labels' retrieved from /home/airflow/.local/lib/python3.12/site-packages/airflow/example_dags/example_branch_labels.py
[2025-08-27T03:45:59.919+0000] {logging_mixin.py:188} INFO - [2025-08-27T03:45:59.918+0000] {dag.py:3096} INFO - Sync 1 DAGs
[2025-08-27T03:46:00.326+0000] {logging_mixin.py:188} INFO - [2025-08-27T03:46:00.276+0000] {dag.py:3954} INFO - Setting next_dagrun for example_branch_labels to 2025-08-26 00:00:00+00:00, run_after=2025-08-27 00:00:00+00:00
[2025-08-27T03:46:00.617+0000] {processor.py:183} INFO - Processing /home/airflow/.local/lib/python3.12/site-packages/airflow/example_dags/example_branch_labels.py took 1.306 seconds
[2025-08-27T03:47:15.743+0000] {processor.py:161} INFO - Started process (PID=8774) to work on /home/airflow/.local/lib/python3.12/site-packages/airflow/example_dags/example_branch_labels.py
[2025-08-27T03:47:15.764+0000] {processor.py:830} INFO - Processing file /home/airflow/.local/lib/python3.12/site-packages/airflow/example_dags/example_branch_labels.py for tasks to queue
[2025-08-27T03:47:15.783+0000] {logging_mixin.py:188} INFO - [2025-08-27T03:47:15.781+0000] {dagbag.py:545} INFO - Filling up the DagBag from /home/airflow/.local/lib/python3.12/site-packages/airflow/example_dags/example_branch_labels.py
[2025-08-27T03:47:15.976+0000] {processor.py:840} INFO - DAG(s) 'example_branch_labels' retrieved from /home/airflow/.local/lib/python3.12/site-packages/airflow/example_dags/example_branch_labels.py
[2025-08-27T03:47:16.405+0000] {logging_mixin.py:188} INFO - [2025-08-27T03:47:16.405+0000] {dag.py:3096} INFO - Sync 1 DAGs
[2025-08-27T03:47:16.759+0000] {logging_mixin.py:188} INFO - [2025-08-27T03:47:16.758+0000] {dag.py:3954} INFO - Setting next_dagrun for example_branch_labels to 2025-08-26 00:00:00+00:00, run_after=2025-08-27 00:00:00+00:00
[2025-08-27T03:47:17.101+0000] {processor.py:183} INFO - Processing /home/airflow/.local/lib/python3.12/site-packages/airflow/example_dags/example_branch_labels.py took 1.489 seconds
[2025-08-27T03:48:24.893+0000] {processor.py:161} INFO - Started process (PID=9087) to work on /home/airflow/.local/lib/python3.12/site-packages/airflow/example_dags/example_branch_labels.py
[2025-08-27T03:48:24.979+0000] {processor.py:830} INFO - Processing file /home/airflow/.local/lib/python3.12/site-packages/airflow/example_dags/example_branch_labels.py for tasks to queue
[2025-08-27T03:48:24.997+0000] {logging_mixin.py:188} INFO - [2025-08-27T03:48:24.996+0000] {dagbag.py:545} INFO - Filling up the DagBag from /home/airflow/.local/lib/python3.12/site-packages/airflow/example_dags/example_branch_labels.py
[2025-08-27T03:48:25.180+0000] {processor.py:840} INFO - DAG(s) 'example_branch_labels' retrieved from /home/airflow/.local/lib/python3.12/site-packages/airflow/example_dags/example_branch_labels.py
[2025-08-27T03:48:25.661+0000] {logging_mixin.py:188} INFO - [2025-08-27T03:48:25.660+0000] {dag.py:3096} INFO - Sync 1 DAGs
[2025-08-27T03:48:26.042+0000] {logging_mixin.py:188} INFO - [2025-08-27T03:48:26.041+0000] {dag.py:3954} INFO - Setting next_dagrun for example_branch_labels to 2025-08-26 00:00:00+00:00, run_after=2025-08-27 00:00:00+00:00
[2025-08-27T03:48:26.307+0000] {processor.py:183} INFO - Processing /home/airflow/.local/lib/python3.12/site-packages/airflow/example_dags/example_branch_labels.py took 1.576 seconds
[2025-08-27T03:49:11.250+0000] {processor.py:161} INFO - Started process (PID=9348) to work on /home/airflow/.local/lib/python3.12/site-packages/airflow/example_dags/example_branch_labels.py
[2025-08-27T03:49:11.263+0000] {processor.py:830} INFO - Processing file /home/airflow/.local/lib/python3.12/site-packages/airflow/example_dags/example_branch_labels.py for tasks to queue
[2025-08-27T03:49:11.272+0000] {logging_mixin.py:188} INFO - [2025-08-27T03:49:11.270+0000] {dagbag.py:545} INFO - Filling up the DagBag from /home/airflow/.local/lib/python3.12/site-packages/airflow/example_dags/example_branch_labels.py
[2025-08-27T03:49:11.345+0000] {processor.py:840} INFO - DAG(s) 'example_branch_labels' retrieved from /home/airflow/.local/lib/python3.12/site-packages/airflow/example_dags/example_branch_labels.py
[2025-08-27T03:49:11.565+0000] {logging_mixin.py:188} INFO - [2025-08-27T03:49:11.564+0000] {dag.py:3096} INFO - Sync 1 DAGs
[2025-08-27T03:49:11.909+0000] {logging_mixin.py:188} INFO - [2025-08-27T03:49:11.908+0000] {dag.py:3954} INFO - Setting next_dagrun for example_branch_labels to 2025-08-26 00:00:00+00:00, run_after=2025-08-27 00:00:00+00:00
[2025-08-27T03:49:12.087+0000] {processor.py:183} INFO - Processing /home/airflow/.local/lib/python3.12/site-packages/airflow/example_dags/example_branch_labels.py took 0.893 seconds
