[2025-08-27T03:39:05.354+0000] {processor.py:161} INFO - Started process (PID=6793) to work on /home/airflow/.local/lib/python3.12/site-packages/airflow/example_dags/example_sla_dag.py
[2025-08-27T03:39:05.370+0000] {processor.py:830} INFO - Processing file /home/airflow/.local/lib/python3.12/site-packages/airflow/example_dags/example_sla_dag.py for tasks to queue
[2025-08-27T03:39:05.388+0000] {logging_mixin.py:188} INFO - [2025-08-27T03:39:05.387+0000] {dagbag.py:545} INFO - Filling up the DagBag from /home/airflow/.local/lib/python3.12/site-packages/airflow/example_dags/example_sla_dag.py
[2025-08-27T03:39:05.613+0000] {processor.py:840} INFO - DAG(s) 'example_sla_dag' retrieved from /home/airflow/.local/lib/python3.12/site-packages/airflow/example_dags/example_sla_dag.py
[2025-08-27T03:39:05.914+0000] {logging_mixin.py:188} INFO - [2025-08-27T03:39:05.913+0000] {dag.py:3096} INFO - Sync 1 DAGs
[2025-08-27T03:39:06.817+0000] {logging_mixin.py:188} INFO - [2025-08-27T03:39:06.817+0000] {dag.py:3954} INFO - Setting next_dagrun for example_sla_dag to 2025-08-27 03:36:00+00:00, run_after=2025-08-27 03:38:00+00:00
[2025-08-27T03:39:07.206+0000] {processor.py:183} INFO - Processing /home/airflow/.local/lib/python3.12/site-packages/airflow/example_dags/example_sla_dag.py took 2.020 seconds
[2025-08-27T03:40:24.318+0000] {processor.py:161} INFO - Started process (PID=7037) to work on /home/airflow/.local/lib/python3.12/site-packages/airflow/example_dags/example_sla_dag.py
[2025-08-27T03:40:24.365+0000] {processor.py:830} INFO - Processing file /home/airflow/.local/lib/python3.12/site-packages/airflow/example_dags/example_sla_dag.py for tasks to queue
[2025-08-27T03:40:24.430+0000] {logging_mixin.py:188} INFO - [2025-08-27T03:40:24.429+0000] {dagbag.py:545} INFO - Filling up the DagBag from /home/airflow/.local/lib/python3.12/site-packages/airflow/example_dags/example_sla_dag.py
[2025-08-27T03:40:24.776+0000] {processor.py:840} INFO - DAG(s) 'example_sla_dag' retrieved from /home/airflow/.local/lib/python3.12/site-packages/airflow/example_dags/example_sla_dag.py
[2025-08-27T03:40:25.417+0000] {logging_mixin.py:188} INFO - [2025-08-27T03:40:25.417+0000] {dag.py:3096} INFO - Sync 1 DAGs
[2025-08-27T03:40:26.391+0000] {logging_mixin.py:188} INFO - [2025-08-27T03:40:26.378+0000] {dag.py:3954} INFO - Setting next_dagrun for example_sla_dag to 2025-08-27 03:38:00+00:00, run_after=2025-08-27 03:40:00+00:00
[2025-08-27T03:40:27.226+0000] {processor.py:183} INFO - Processing /home/airflow/.local/lib/python3.12/site-packages/airflow/example_dags/example_sla_dag.py took 3.142 seconds
[2025-08-27T03:41:54.088+0000] {processor.py:161} INFO - Started process (PID=7350) to work on /home/airflow/.local/lib/python3.12/site-packages/airflow/example_dags/example_sla_dag.py
[2025-08-27T03:41:54.134+0000] {processor.py:830} INFO - Processing file /home/airflow/.local/lib/python3.12/site-packages/airflow/example_dags/example_sla_dag.py for tasks to queue
[2025-08-27T03:41:54.150+0000] {logging_mixin.py:188} INFO - [2025-08-27T03:41:54.149+0000] {dagbag.py:545} INFO - Filling up the DagBag from /home/airflow/.local/lib/python3.12/site-packages/airflow/example_dags/example_sla_dag.py
[2025-08-27T03:41:54.288+0000] {processor.py:840} INFO - DAG(s) 'example_sla_dag' retrieved from /home/airflow/.local/lib/python3.12/site-packages/airflow/example_dags/example_sla_dag.py
[2025-08-27T03:41:54.897+0000] {logging_mixin.py:188} INFO - [2025-08-27T03:41:54.896+0000] {dag.py:3096} INFO - Sync 1 DAGs
[2025-08-27T03:41:55.606+0000] {logging_mixin.py:188} INFO - [2025-08-27T03:41:55.606+0000] {dag.py:3954} INFO - Setting next_dagrun for example_sla_dag to 2025-08-27 03:38:00+00:00, run_after=2025-08-27 03:40:00+00:00
[2025-08-27T03:41:56.062+0000] {processor.py:183} INFO - Processing /home/airflow/.local/lib/python3.12/site-packages/airflow/example_dags/example_sla_dag.py took 2.061 seconds
[2025-08-27T03:42:59.486+0000] {processor.py:161} INFO - Started process (PID=7633) to work on /home/airflow/.local/lib/python3.12/site-packages/airflow/example_dags/example_sla_dag.py
[2025-08-27T03:42:59.501+0000] {processor.py:830} INFO - Processing file /home/airflow/.local/lib/python3.12/site-packages/airflow/example_dags/example_sla_dag.py for tasks to queue
[2025-08-27T03:42:59.518+0000] {logging_mixin.py:188} INFO - [2025-08-27T03:42:59.516+0000] {dagbag.py:545} INFO - Filling up the DagBag from /home/airflow/.local/lib/python3.12/site-packages/airflow/example_dags/example_sla_dag.py
[2025-08-27T03:42:59.646+0000] {processor.py:840} INFO - DAG(s) 'example_sla_dag' retrieved from /home/airflow/.local/lib/python3.12/site-packages/airflow/example_dags/example_sla_dag.py
[2025-08-27T03:43:00.144+0000] {logging_mixin.py:188} INFO - [2025-08-27T03:43:00.143+0000] {dag.py:3096} INFO - Sync 1 DAGs
[2025-08-27T03:43:00.993+0000] {logging_mixin.py:188} INFO - [2025-08-27T03:43:00.993+0000] {dag.py:3954} INFO - Setting next_dagrun for example_sla_dag to 2025-08-27 03:40:00+00:00, run_after=2025-08-27 03:42:00+00:00
[2025-08-27T03:43:01.487+0000] {processor.py:183} INFO - Processing /home/airflow/.local/lib/python3.12/site-packages/airflow/example_dags/example_sla_dag.py took 2.122 seconds
[2025-08-27T03:44:08.573+0000] {processor.py:161} INFO - Started process (PID=7910) to work on /home/airflow/.local/lib/python3.12/site-packages/airflow/example_dags/example_sla_dag.py
[2025-08-27T03:44:08.682+0000] {processor.py:830} INFO - Processing file /home/airflow/.local/lib/python3.12/site-packages/airflow/example_dags/example_sla_dag.py for tasks to queue
[2025-08-27T03:44:08.701+0000] {logging_mixin.py:188} INFO - [2025-08-27T03:44:08.700+0000] {dagbag.py:545} INFO - Filling up the DagBag from /home/airflow/.local/lib/python3.12/site-packages/airflow/example_dags/example_sla_dag.py
[2025-08-27T03:44:08.875+0000] {processor.py:840} INFO - DAG(s) 'example_sla_dag' retrieved from /home/airflow/.local/lib/python3.12/site-packages/airflow/example_dags/example_sla_dag.py
[2025-08-27T03:44:09.070+0000] {logging_mixin.py:188} INFO - [2025-08-27T03:44:09.070+0000] {dag.py:3096} INFO - Sync 1 DAGs
[2025-08-27T03:44:09.468+0000] {logging_mixin.py:188} INFO - [2025-08-27T03:44:09.467+0000] {dag.py:3954} INFO - Setting next_dagrun for example_sla_dag to 2025-08-27 03:42:00+00:00, run_after=2025-08-27 03:44:00+00:00
[2025-08-27T03:44:09.740+0000] {processor.py:183} INFO - Processing /home/airflow/.local/lib/python3.12/site-packages/airflow/example_dags/example_sla_dag.py took 1.272 seconds
[2025-08-27T03:45:10.605+0000] {processor.py:161} INFO - Started process (PID=8178) to work on /home/airflow/.local/lib/python3.12/site-packages/airflow/example_dags/example_sla_dag.py
[2025-08-27T03:45:10.659+0000] {processor.py:830} INFO - Processing file /home/airflow/.local/lib/python3.12/site-packages/airflow/example_dags/example_sla_dag.py for tasks to queue
[2025-08-27T03:45:10.691+0000] {logging_mixin.py:188} INFO - [2025-08-27T03:45:10.690+0000] {dagbag.py:545} INFO - Filling up the DagBag from /home/airflow/.local/lib/python3.12/site-packages/airflow/example_dags/example_sla_dag.py
[2025-08-27T03:45:10.970+0000] {processor.py:840} INFO - DAG(s) 'example_sla_dag' retrieved from /home/airflow/.local/lib/python3.12/site-packages/airflow/example_dags/example_sla_dag.py
[2025-08-27T03:45:11.243+0000] {logging_mixin.py:188} INFO - [2025-08-27T03:45:11.242+0000] {dag.py:3096} INFO - Sync 1 DAGs
[2025-08-27T03:45:11.716+0000] {logging_mixin.py:188} INFO - [2025-08-27T03:45:11.716+0000] {dag.py:3954} INFO - Setting next_dagrun for example_sla_dag to 2025-08-27 03:42:00+00:00, run_after=2025-08-27 03:44:00+00:00
[2025-08-27T03:45:12.115+0000] {processor.py:183} INFO - Processing /home/airflow/.local/lib/python3.12/site-packages/airflow/example_dags/example_sla_dag.py took 1.577 seconds
[2025-08-27T03:45:56.487+0000] {processor.py:161} INFO - Started process (PID=8405) to work on /home/airflow/.local/lib/python3.12/site-packages/airflow/example_dags/example_sla_dag.py
[2025-08-27T03:45:56.510+0000] {processor.py:830} INFO - Processing file /home/airflow/.local/lib/python3.12/site-packages/airflow/example_dags/example_sla_dag.py for tasks to queue
[2025-08-27T03:45:56.528+0000] {logging_mixin.py:188} INFO - [2025-08-27T03:45:56.526+0000] {dagbag.py:545} INFO - Filling up the DagBag from /home/airflow/.local/lib/python3.12/site-packages/airflow/example_dags/example_sla_dag.py
[2025-08-27T03:45:56.653+0000] {processor.py:840} INFO - DAG(s) 'example_sla_dag' retrieved from /home/airflow/.local/lib/python3.12/site-packages/airflow/example_dags/example_sla_dag.py
[2025-08-27T03:45:56.818+0000] {logging_mixin.py:188} INFO - [2025-08-27T03:45:56.816+0000] {dag.py:3096} INFO - Sync 1 DAGs
[2025-08-27T03:45:57.045+0000] {logging_mixin.py:188} INFO - [2025-08-27T03:45:57.044+0000] {dag.py:3954} INFO - Setting next_dagrun for example_sla_dag to 2025-08-27 03:42:00+00:00, run_after=2025-08-27 03:44:00+00:00
[2025-08-27T03:45:57.347+0000] {processor.py:183} INFO - Processing /home/airflow/.local/lib/python3.12/site-packages/airflow/example_dags/example_sla_dag.py took 1.032 seconds
[2025-08-27T03:47:04.724+0000] {processor.py:161} INFO - Started process (PID=8724) to work on /home/airflow/.local/lib/python3.12/site-packages/airflow/example_dags/example_sla_dag.py
[2025-08-27T03:47:04.769+0000] {processor.py:830} INFO - Processing file /home/airflow/.local/lib/python3.12/site-packages/airflow/example_dags/example_sla_dag.py for tasks to queue
[2025-08-27T03:47:04.786+0000] {logging_mixin.py:188} INFO - [2025-08-27T03:47:04.785+0000] {dagbag.py:545} INFO - Filling up the DagBag from /home/airflow/.local/lib/python3.12/site-packages/airflow/example_dags/example_sla_dag.py
[2025-08-27T03:47:04.900+0000] {processor.py:840} INFO - DAG(s) 'example_sla_dag' retrieved from /home/airflow/.local/lib/python3.12/site-packages/airflow/example_dags/example_sla_dag.py
[2025-08-27T03:47:05.333+0000] {logging_mixin.py:188} INFO - [2025-08-27T03:47:05.332+0000] {dag.py:3096} INFO - Sync 1 DAGs
[2025-08-27T03:47:06.028+0000] {logging_mixin.py:188} INFO - [2025-08-27T03:47:06.027+0000] {dag.py:3954} INFO - Setting next_dagrun for example_sla_dag to 2025-08-27 03:44:00+00:00, run_after=2025-08-27 03:46:00+00:00
[2025-08-27T03:47:06.270+0000] {processor.py:183} INFO - Processing /home/airflow/.local/lib/python3.12/site-packages/airflow/example_dags/example_sla_dag.py took 1.645 seconds
[2025-08-27T03:47:50.756+0000] {processor.py:161} INFO - Started process (PID=8970) to work on /home/airflow/.local/lib/python3.12/site-packages/airflow/example_dags/example_sla_dag.py
[2025-08-27T03:47:50.769+0000] {processor.py:830} INFO - Processing file /home/airflow/.local/lib/python3.12/site-packages/airflow/example_dags/example_sla_dag.py for tasks to queue
[2025-08-27T03:47:50.786+0000] {logging_mixin.py:188} INFO - [2025-08-27T03:47:50.785+0000] {dagbag.py:545} INFO - Filling up the DagBag from /home/airflow/.local/lib/python3.12/site-packages/airflow/example_dags/example_sla_dag.py
[2025-08-27T03:47:50.868+0000] {processor.py:840} INFO - DAG(s) 'example_sla_dag' retrieved from /home/airflow/.local/lib/python3.12/site-packages/airflow/example_dags/example_sla_dag.py
[2025-08-27T03:47:51.083+0000] {logging_mixin.py:188} INFO - [2025-08-27T03:47:51.083+0000] {dag.py:3096} INFO - Sync 1 DAGs
[2025-08-27T03:47:51.427+0000] {logging_mixin.py:188} INFO - [2025-08-27T03:47:51.427+0000] {dag.py:3954} INFO - Setting next_dagrun for example_sla_dag to 2025-08-27 03:44:00+00:00, run_after=2025-08-27 03:46:00+00:00
[2025-08-27T03:47:51.638+0000] {processor.py:183} INFO - Processing /home/airflow/.local/lib/python3.12/site-packages/airflow/example_dags/example_sla_dag.py took 0.969 seconds
[2025-08-27T03:48:40.899+0000] {processor.py:161} INFO - Started process (PID=9163) to work on /home/airflow/.local/lib/python3.12/site-packages/airflow/example_dags/example_sla_dag.py
[2025-08-27T03:48:40.916+0000] {processor.py:830} INFO - Processing file /home/airflow/.local/lib/python3.12/site-packages/airflow/example_dags/example_sla_dag.py for tasks to queue
[2025-08-27T03:48:40.933+0000] {logging_mixin.py:188} INFO - [2025-08-27T03:48:40.932+0000] {dagbag.py:545} INFO - Filling up the DagBag from /home/airflow/.local/lib/python3.12/site-packages/airflow/example_dags/example_sla_dag.py
[2025-08-27T03:48:41.045+0000] {processor.py:840} INFO - DAG(s) 'example_sla_dag' retrieved from /home/airflow/.local/lib/python3.12/site-packages/airflow/example_dags/example_sla_dag.py
[2025-08-27T03:48:41.281+0000] {logging_mixin.py:188} INFO - [2025-08-27T03:48:41.280+0000] {dag.py:3096} INFO - Sync 1 DAGs
[2025-08-27T03:48:41.536+0000] {logging_mixin.py:188} INFO - [2025-08-27T03:48:41.535+0000] {dag.py:3954} INFO - Setting next_dagrun for example_sla_dag to 2025-08-27 03:46:00+00:00, run_after=2025-08-27 03:48:00+00:00
[2025-08-27T03:48:41.930+0000] {processor.py:183} INFO - Processing /home/airflow/.local/lib/python3.12/site-packages/airflow/example_dags/example_sla_dag.py took 1.299 seconds
