[2025-08-27T03:38:35.810+0000] {processor.py:161} INFO - Started process (PID=6747) to work on /home/airflow/.local/lib/python3.12/site-packages/airflow/example_dags/example_complex.py
[2025-08-27T03:38:35.965+0000] {processor.py:830} INFO - Processing file /home/airflow/.local/lib/python3.12/site-packages/airflow/example_dags/example_complex.py for tasks to queue
[2025-08-27T03:38:36.031+0000] {logging_mixin.py:188} INFO - [2025-08-27T03:38:36.030+0000] {dagbag.py:545} INFO - Filling up the DagBag from /home/airflow/.local/lib/python3.12/site-packages/airflow/example_dags/example_complex.py
[2025-08-27T03:38:36.576+0000] {processor.py:840} INFO - DAG(s) 'example_complex' retrieved from /home/airflow/.local/lib/python3.12/site-packages/airflow/example_dags/example_complex.py
[2025-08-27T03:38:38.155+0000] {logging_mixin.py:188} INFO - [2025-08-27T03:38:38.143+0000] {dag.py:3096} INFO - Sync 1 DAGs
[2025-08-27T03:38:39.118+0000] {logging_mixin.py:188} INFO - [2025-08-27T03:38:39.103+0000] {dag.py:3954} INFO - Setting next_dagrun for example_complex to None, run_after=None
[2025-08-27T03:38:40.201+0000] {processor.py:183} INFO - Processing /home/airflow/.local/lib/python3.12/site-packages/airflow/example_dags/example_complex.py took 5.076 seconds
[2025-08-27T03:40:09.633+0000] {processor.py:161} INFO - Started process (PID=6999) to work on /home/airflow/.local/lib/python3.12/site-packages/airflow/example_dags/example_complex.py
[2025-08-27T03:40:09.647+0000] {processor.py:830} INFO - Processing file /home/airflow/.local/lib/python3.12/site-packages/airflow/example_dags/example_complex.py for tasks to queue
[2025-08-27T03:40:09.664+0000] {logging_mixin.py:188} INFO - [2025-08-27T03:40:09.663+0000] {dagbag.py:545} INFO - Filling up the DagBag from /home/airflow/.local/lib/python3.12/site-packages/airflow/example_dags/example_complex.py
[2025-08-27T03:40:09.856+0000] {processor.py:840} INFO - DAG(s) 'example_complex' retrieved from /home/airflow/.local/lib/python3.12/site-packages/airflow/example_dags/example_complex.py
[2025-08-27T03:40:10.600+0000] {logging_mixin.py:188} INFO - [2025-08-27T03:40:10.600+0000] {dag.py:3096} INFO - Sync 1 DAGs
[2025-08-27T03:40:10.936+0000] {logging_mixin.py:188} INFO - [2025-08-27T03:40:10.908+0000] {dag.py:3954} INFO - Setting next_dagrun for example_complex to None, run_after=None
[2025-08-27T03:40:11.250+0000] {processor.py:183} INFO - Processing /home/airflow/.local/lib/python3.12/site-packages/airflow/example_dags/example_complex.py took 1.730 seconds
[2025-08-27T03:40:51.188+0000] {processor.py:161} INFO - Started process (PID=7153) to work on /home/airflow/.local/lib/python3.12/site-packages/airflow/example_dags/example_complex.py
[2025-08-27T03:40:51.250+0000] {processor.py:830} INFO - Processing file /home/airflow/.local/lib/python3.12/site-packages/airflow/example_dags/example_complex.py for tasks to queue
[2025-08-27T03:40:51.266+0000] {logging_mixin.py:188} INFO - [2025-08-27T03:40:51.258+0000] {dagbag.py:545} INFO - Filling up the DagBag from /home/airflow/.local/lib/python3.12/site-packages/airflow/example_dags/example_complex.py
[2025-08-27T03:40:51.457+0000] {processor.py:840} INFO - DAG(s) 'example_complex' retrieved from /home/airflow/.local/lib/python3.12/site-packages/airflow/example_dags/example_complex.py
[2025-08-27T03:40:52.101+0000] {logging_mixin.py:188} INFO - [2025-08-27T03:40:52.100+0000] {dag.py:3096} INFO - Sync 1 DAGs
[2025-08-27T03:40:52.291+0000] {logging_mixin.py:188} INFO - [2025-08-27T03:40:52.277+0000] {dag.py:3954} INFO - Setting next_dagrun for example_complex to None, run_after=None
[2025-08-27T03:40:52.606+0000] {processor.py:183} INFO - Processing /home/airflow/.local/lib/python3.12/site-packages/airflow/example_dags/example_complex.py took 1.548 seconds
[2025-08-27T03:42:13.227+0000] {processor.py:161} INFO - Started process (PID=7451) to work on /home/airflow/.local/lib/python3.12/site-packages/airflow/example_dags/example_complex.py
[2025-08-27T03:42:13.243+0000] {processor.py:830} INFO - Processing file /home/airflow/.local/lib/python3.12/site-packages/airflow/example_dags/example_complex.py for tasks to queue
[2025-08-27T03:42:13.271+0000] {logging_mixin.py:188} INFO - [2025-08-27T03:42:13.270+0000] {dagbag.py:545} INFO - Filling up the DagBag from /home/airflow/.local/lib/python3.12/site-packages/airflow/example_dags/example_complex.py
[2025-08-27T03:42:13.459+0000] {processor.py:840} INFO - DAG(s) 'example_complex' retrieved from /home/airflow/.local/lib/python3.12/site-packages/airflow/example_dags/example_complex.py
[2025-08-27T03:42:14.277+0000] {logging_mixin.py:188} INFO - [2025-08-27T03:42:14.277+0000] {dag.py:3096} INFO - Sync 1 DAGs
[2025-08-27T03:42:14.455+0000] {logging_mixin.py:188} INFO - [2025-08-27T03:42:14.454+0000] {dag.py:3954} INFO - Setting next_dagrun for example_complex to None, run_after=None
[2025-08-27T03:42:15.093+0000] {processor.py:183} INFO - Processing /home/airflow/.local/lib/python3.12/site-packages/airflow/example_dags/example_complex.py took 2.025 seconds
[2025-08-27T03:43:18.373+0000] {processor.py:161} INFO - Started process (PID=7723) to work on /home/airflow/.local/lib/python3.12/site-packages/airflow/example_dags/example_complex.py
[2025-08-27T03:43:18.418+0000] {processor.py:830} INFO - Processing file /home/airflow/.local/lib/python3.12/site-packages/airflow/example_dags/example_complex.py for tasks to queue
[2025-08-27T03:43:18.436+0000] {logging_mixin.py:188} INFO - [2025-08-27T03:43:18.435+0000] {dagbag.py:545} INFO - Filling up the DagBag from /home/airflow/.local/lib/python3.12/site-packages/airflow/example_dags/example_complex.py
[2025-08-27T03:43:18.674+0000] {processor.py:840} INFO - DAG(s) 'example_complex' retrieved from /home/airflow/.local/lib/python3.12/site-packages/airflow/example_dags/example_complex.py
[2025-08-27T03:43:19.338+0000] {logging_mixin.py:188} INFO - [2025-08-27T03:43:19.333+0000] {dag.py:3096} INFO - Sync 1 DAGs
[2025-08-27T03:43:19.687+0000] {logging_mixin.py:188} INFO - [2025-08-27T03:43:19.685+0000] {dag.py:3954} INFO - Setting next_dagrun for example_complex to None, run_after=None
[2025-08-27T03:43:20.204+0000] {processor.py:183} INFO - Processing /home/airflow/.local/lib/python3.12/site-packages/airflow/example_dags/example_complex.py took 1.992 seconds
[2025-08-27T03:44:37.961+0000] {processor.py:161} INFO - Started process (PID=8027) to work on /home/airflow/.local/lib/python3.12/site-packages/airflow/example_dags/example_complex.py
[2025-08-27T03:44:37.991+0000] {processor.py:830} INFO - Processing file /home/airflow/.local/lib/python3.12/site-packages/airflow/example_dags/example_complex.py for tasks to queue
[2025-08-27T03:44:38.008+0000] {logging_mixin.py:188} INFO - [2025-08-27T03:44:38.007+0000] {dagbag.py:545} INFO - Filling up the DagBag from /home/airflow/.local/lib/python3.12/site-packages/airflow/example_dags/example_complex.py
[2025-08-27T03:44:38.225+0000] {processor.py:840} INFO - DAG(s) 'example_complex' retrieved from /home/airflow/.local/lib/python3.12/site-packages/airflow/example_dags/example_complex.py
[2025-08-27T03:44:38.722+0000] {logging_mixin.py:188} INFO - [2025-08-27T03:44:38.721+0000] {dag.py:3096} INFO - Sync 1 DAGs
[2025-08-27T03:44:39.007+0000] {logging_mixin.py:188} INFO - [2025-08-27T03:44:39.005+0000] {dag.py:3954} INFO - Setting next_dagrun for example_complex to None, run_after=None
[2025-08-27T03:44:39.364+0000] {processor.py:183} INFO - Processing /home/airflow/.local/lib/python3.12/site-packages/airflow/example_dags/example_complex.py took 1.483 seconds
[2025-08-27T03:45:28.643+0000] {processor.py:161} INFO - Started process (PID=8285) to work on /home/airflow/.local/lib/python3.12/site-packages/airflow/example_dags/example_complex.py
[2025-08-27T03:45:28.665+0000] {processor.py:830} INFO - Processing file /home/airflow/.local/lib/python3.12/site-packages/airflow/example_dags/example_complex.py for tasks to queue
[2025-08-27T03:45:28.670+0000] {logging_mixin.py:188} INFO - [2025-08-27T03:45:28.669+0000] {dagbag.py:545} INFO - Filling up the DagBag from /home/airflow/.local/lib/python3.12/site-packages/airflow/example_dags/example_complex.py
[2025-08-27T03:45:28.810+0000] {processor.py:840} INFO - DAG(s) 'example_complex' retrieved from /home/airflow/.local/lib/python3.12/site-packages/airflow/example_dags/example_complex.py
[2025-08-27T03:45:29.203+0000] {logging_mixin.py:188} INFO - [2025-08-27T03:45:29.202+0000] {dag.py:3096} INFO - Sync 1 DAGs
[2025-08-27T03:45:29.343+0000] {logging_mixin.py:188} INFO - [2025-08-27T03:45:29.343+0000] {dag.py:3954} INFO - Setting next_dagrun for example_complex to None, run_after=None
[2025-08-27T03:45:29.558+0000] {processor.py:183} INFO - Processing /home/airflow/.local/lib/python3.12/site-packages/airflow/example_dags/example_complex.py took 0.970 seconds
[2025-08-27T03:46:10.912+0000] {processor.py:161} INFO - Started process (PID=8486) to work on /home/airflow/.local/lib/python3.12/site-packages/airflow/example_dags/example_complex.py
[2025-08-27T03:46:10.928+0000] {processor.py:830} INFO - Processing file /home/airflow/.local/lib/python3.12/site-packages/airflow/example_dags/example_complex.py for tasks to queue
[2025-08-27T03:46:10.946+0000] {logging_mixin.py:188} INFO - [2025-08-27T03:46:10.945+0000] {dagbag.py:545} INFO - Filling up the DagBag from /home/airflow/.local/lib/python3.12/site-packages/airflow/example_dags/example_complex.py
[2025-08-27T03:46:11.170+0000] {processor.py:840} INFO - DAG(s) 'example_complex' retrieved from /home/airflow/.local/lib/python3.12/site-packages/airflow/example_dags/example_complex.py
[2025-08-27T03:46:11.668+0000] {logging_mixin.py:188} INFO - [2025-08-27T03:46:11.667+0000] {dag.py:3096} INFO - Sync 1 DAGs
[2025-08-27T03:46:11.939+0000] {logging_mixin.py:188} INFO - [2025-08-27T03:46:11.938+0000] {dag.py:3954} INFO - Setting next_dagrun for example_complex to None, run_after=None
[2025-08-27T03:46:12.433+0000] {processor.py:183} INFO - Processing /home/airflow/.local/lib/python3.12/site-packages/airflow/example_dags/example_complex.py took 1.678 seconds
[2025-08-27T03:47:02.466+0000] {processor.py:161} INFO - Started process (PID=8708) to work on /home/airflow/.local/lib/python3.12/site-packages/airflow/example_dags/example_complex.py
[2025-08-27T03:47:02.503+0000] {processor.py:830} INFO - Processing file /home/airflow/.local/lib/python3.12/site-packages/airflow/example_dags/example_complex.py for tasks to queue
[2025-08-27T03:47:02.528+0000] {logging_mixin.py:188} INFO - [2025-08-27T03:47:02.527+0000] {dagbag.py:545} INFO - Filling up the DagBag from /home/airflow/.local/lib/python3.12/site-packages/airflow/example_dags/example_complex.py
[2025-08-27T03:47:02.785+0000] {processor.py:840} INFO - DAG(s) 'example_complex' retrieved from /home/airflow/.local/lib/python3.12/site-packages/airflow/example_dags/example_complex.py
[2025-08-27T03:47:03.321+0000] {logging_mixin.py:188} INFO - [2025-08-27T03:47:03.320+0000] {dag.py:3096} INFO - Sync 1 DAGs
[2025-08-27T03:47:03.560+0000] {logging_mixin.py:188} INFO - [2025-08-27T03:47:03.559+0000] {dag.py:3954} INFO - Setting next_dagrun for example_complex to None, run_after=None
[2025-08-27T03:47:03.906+0000] {processor.py:183} INFO - Processing /home/airflow/.local/lib/python3.12/site-packages/airflow/example_dags/example_complex.py took 1.520 seconds
[2025-08-27T03:47:49.007+0000] {processor.py:161} INFO - Started process (PID=8960) to work on /home/airflow/.local/lib/python3.12/site-packages/airflow/example_dags/example_complex.py
[2025-08-27T03:47:49.022+0000] {processor.py:830} INFO - Processing file /home/airflow/.local/lib/python3.12/site-packages/airflow/example_dags/example_complex.py for tasks to queue
[2025-08-27T03:47:49.057+0000] {logging_mixin.py:188} INFO - [2025-08-27T03:47:49.056+0000] {dagbag.py:545} INFO - Filling up the DagBag from /home/airflow/.local/lib/python3.12/site-packages/airflow/example_dags/example_complex.py
[2025-08-27T03:47:49.285+0000] {processor.py:840} INFO - DAG(s) 'example_complex' retrieved from /home/airflow/.local/lib/python3.12/site-packages/airflow/example_dags/example_complex.py
[2025-08-27T03:47:49.721+0000] {logging_mixin.py:188} INFO - [2025-08-27T03:47:49.721+0000] {dag.py:3096} INFO - Sync 1 DAGs
[2025-08-27T03:47:49.910+0000] {logging_mixin.py:188} INFO - [2025-08-27T03:47:49.910+0000] {dag.py:3954} INFO - Setting next_dagrun for example_complex to None, run_after=None
[2025-08-27T03:47:50.216+0000] {processor.py:183} INFO - Processing /home/airflow/.local/lib/python3.12/site-packages/airflow/example_dags/example_complex.py took 1.278 seconds
[2025-08-27T03:48:37.171+0000] {processor.py:161} INFO - Started process (PID=9153) to work on /home/airflow/.local/lib/python3.12/site-packages/airflow/example_dags/example_complex.py
[2025-08-27T03:48:37.216+0000] {processor.py:830} INFO - Processing file /home/airflow/.local/lib/python3.12/site-packages/airflow/example_dags/example_complex.py for tasks to queue
[2025-08-27T03:48:37.234+0000] {logging_mixin.py:188} INFO - [2025-08-27T03:48:37.233+0000] {dagbag.py:545} INFO - Filling up the DagBag from /home/airflow/.local/lib/python3.12/site-packages/airflow/example_dags/example_complex.py
[2025-08-27T03:48:37.600+0000] {processor.py:840} INFO - DAG(s) 'example_complex' retrieved from /home/airflow/.local/lib/python3.12/site-packages/airflow/example_dags/example_complex.py
[2025-08-27T03:48:38.515+0000] {logging_mixin.py:188} INFO - [2025-08-27T03:48:38.515+0000] {dag.py:3096} INFO - Sync 1 DAGs
[2025-08-27T03:48:38.748+0000] {logging_mixin.py:188} INFO - [2025-08-27T03:48:38.748+0000] {dag.py:3954} INFO - Setting next_dagrun for example_complex to None, run_after=None
[2025-08-27T03:48:39.066+0000] {processor.py:183} INFO - Processing /home/airflow/.local/lib/python3.12/site-packages/airflow/example_dags/example_complex.py took 2.047 seconds
[2025-08-27T03:49:25.632+0000] {processor.py:161} INFO - Started process (PID=9414) to work on /home/airflow/.local/lib/python3.12/site-packages/airflow/example_dags/example_complex.py
[2025-08-27T03:49:25.684+0000] {processor.py:830} INFO - Processing file /home/airflow/.local/lib/python3.12/site-packages/airflow/example_dags/example_complex.py for tasks to queue
[2025-08-27T03:49:25.735+0000] {logging_mixin.py:188} INFO - [2025-08-27T03:49:25.716+0000] {dagbag.py:545} INFO - Filling up the DagBag from /home/airflow/.local/lib/python3.12/site-packages/airflow/example_dags/example_complex.py
