[2025-08-27T03:39:40.569+0000] {processor.py:161} INFO - Started process (PID=6910) to work on /home/airflow/.local/lib/python3.12/site-packages/airflow/example_dags/example_external_task_marker_dag.py
[2025-08-27T03:39:40.609+0000] {processor.py:830} INFO - Processing file /home/airflow/.local/lib/python3.12/site-packages/airflow/example_dags/example_external_task_marker_dag.py for tasks to queue
[2025-08-27T03:39:40.628+0000] {logging_mixin.py:188} INFO - [2025-08-27T03:39:40.627+0000] {dagbag.py:545} INFO - Filling up the DagBag from /home/airflow/.local/lib/python3.12/site-packages/airflow/example_dags/example_external_task_marker_dag.py
[2025-08-27T03:39:40.815+0000] {processor.py:840} INFO - DAG(s) 'example_external_task_marker_parent', 'example_external_task_marker_child' retrieved from /home/airflow/.local/lib/python3.12/site-packages/airflow/example_dags/example_external_task_marker_dag.py
[2025-08-27T03:39:41.416+0000] {logging_mixin.py:188} INFO - [2025-08-27T03:39:41.416+0000] {dag.py:3096} INFO - Sync 2 DAGs
[2025-08-27T03:39:41.809+0000] {logging_mixin.py:188} INFO - [2025-08-27T03:39:41.808+0000] {dag.py:3954} INFO - Setting next_dagrun for example_external_task_marker_child to None, run_after=None
[2025-08-27T03:39:41.903+0000] {logging_mixin.py:188} INFO - [2025-08-27T03:39:41.902+0000] {dag.py:3954} INFO - Setting next_dagrun for example_external_task_marker_parent to None, run_after=None
[2025-08-27T03:39:42.322+0000] {processor.py:183} INFO - Processing /home/airflow/.local/lib/python3.12/site-packages/airflow/example_dags/example_external_task_marker_dag.py took 2.085 seconds
[2025-08-27T03:41:13.751+0000] {processor.py:161} INFO - Started process (PID=7233) to work on /home/airflow/.local/lib/python3.12/site-packages/airflow/example_dags/example_external_task_marker_dag.py
[2025-08-27T03:41:13.820+0000] {processor.py:830} INFO - Processing file /home/airflow/.local/lib/python3.12/site-packages/airflow/example_dags/example_external_task_marker_dag.py for tasks to queue
[2025-08-27T03:41:13.871+0000] {logging_mixin.py:188} INFO - [2025-08-27T03:41:13.869+0000] {dagbag.py:545} INFO - Filling up the DagBag from /home/airflow/.local/lib/python3.12/site-packages/airflow/example_dags/example_external_task_marker_dag.py
[2025-08-27T03:41:14.110+0000] {processor.py:840} INFO - DAG(s) 'example_external_task_marker_child', 'example_external_task_marker_parent' retrieved from /home/airflow/.local/lib/python3.12/site-packages/airflow/example_dags/example_external_task_marker_dag.py
[2025-08-27T03:41:14.633+0000] {logging_mixin.py:188} INFO - [2025-08-27T03:41:14.632+0000] {dag.py:3096} INFO - Sync 2 DAGs
[2025-08-27T03:41:14.880+0000] {logging_mixin.py:188} INFO - [2025-08-27T03:41:14.879+0000] {dag.py:3954} INFO - Setting next_dagrun for example_external_task_marker_child to None, run_after=None
[2025-08-27T03:41:14.966+0000] {logging_mixin.py:188} INFO - [2025-08-27T03:41:14.966+0000] {dag.py:3954} INFO - Setting next_dagrun for example_external_task_marker_parent to None, run_after=None
[2025-08-27T03:41:15.455+0000] {processor.py:183} INFO - Processing /home/airflow/.local/lib/python3.12/site-packages/airflow/example_dags/example_external_task_marker_dag.py took 1.835 seconds
[2025-08-27T03:42:33.303+0000] {processor.py:161} INFO - Started process (PID=7533) to work on /home/airflow/.local/lib/python3.12/site-packages/airflow/example_dags/example_external_task_marker_dag.py
[2025-08-27T03:42:33.306+0000] {processor.py:830} INFO - Processing file /home/airflow/.local/lib/python3.12/site-packages/airflow/example_dags/example_external_task_marker_dag.py for tasks to queue
[2025-08-27T03:42:33.321+0000] {logging_mixin.py:188} INFO - [2025-08-27T03:42:33.320+0000] {dagbag.py:545} INFO - Filling up the DagBag from /home/airflow/.local/lib/python3.12/site-packages/airflow/example_dags/example_external_task_marker_dag.py
[2025-08-27T03:42:33.403+0000] {processor.py:840} INFO - DAG(s) 'example_external_task_marker_parent', 'example_external_task_marker_child' retrieved from /home/airflow/.local/lib/python3.12/site-packages/airflow/example_dags/example_external_task_marker_dag.py
[2025-08-27T03:42:33.753+0000] {logging_mixin.py:188} INFO - [2025-08-27T03:42:33.752+0000] {dag.py:3096} INFO - Sync 2 DAGs
[2025-08-27T03:42:33.945+0000] {logging_mixin.py:188} INFO - [2025-08-27T03:42:33.944+0000] {dag.py:3954} INFO - Setting next_dagrun for example_external_task_marker_child to None, run_after=None
[2025-08-27T03:42:33.981+0000] {logging_mixin.py:188} INFO - [2025-08-27T03:42:33.980+0000] {dag.py:3954} INFO - Setting next_dagrun for example_external_task_marker_parent to None, run_after=None
[2025-08-27T03:42:34.794+0000] {processor.py:183} INFO - Processing /home/airflow/.local/lib/python3.12/site-packages/airflow/example_dags/example_external_task_marker_dag.py took 1.586 seconds
[2025-08-27T03:43:41.274+0000] {processor.py:161} INFO - Started process (PID=7806) to work on /home/airflow/.local/lib/python3.12/site-packages/airflow/example_dags/example_external_task_marker_dag.py
[2025-08-27T03:43:41.368+0000] {processor.py:830} INFO - Processing file /home/airflow/.local/lib/python3.12/site-packages/airflow/example_dags/example_external_task_marker_dag.py for tasks to queue
[2025-08-27T03:43:41.402+0000] {logging_mixin.py:188} INFO - [2025-08-27T03:43:41.400+0000] {dagbag.py:545} INFO - Filling up the DagBag from /home/airflow/.local/lib/python3.12/site-packages/airflow/example_dags/example_external_task_marker_dag.py
[2025-08-27T03:43:41.657+0000] {processor.py:840} INFO - DAG(s) 'example_external_task_marker_child', 'example_external_task_marker_parent' retrieved from /home/airflow/.local/lib/python3.12/site-packages/airflow/example_dags/example_external_task_marker_dag.py
[2025-08-27T03:43:42.331+0000] {logging_mixin.py:188} INFO - [2025-08-27T03:43:42.330+0000] {dag.py:3096} INFO - Sync 2 DAGs
[2025-08-27T03:43:42.643+0000] {logging_mixin.py:188} INFO - [2025-08-27T03:43:42.643+0000] {dag.py:3954} INFO - Setting next_dagrun for example_external_task_marker_child to None, run_after=None
[2025-08-27T03:43:42.851+0000] {logging_mixin.py:188} INFO - [2025-08-27T03:43:42.851+0000] {dag.py:3954} INFO - Setting next_dagrun for example_external_task_marker_parent to None, run_after=None
[2025-08-27T03:43:43.360+0000] {processor.py:183} INFO - Processing /home/airflow/.local/lib/python3.12/site-packages/airflow/example_dags/example_external_task_marker_dag.py took 2.279 seconds
[2025-08-27T03:44:53.488+0000] {processor.py:161} INFO - Started process (PID=8104) to work on /home/airflow/.local/lib/python3.12/site-packages/airflow/example_dags/example_external_task_marker_dag.py
[2025-08-27T03:44:53.506+0000] {processor.py:830} INFO - Processing file /home/airflow/.local/lib/python3.12/site-packages/airflow/example_dags/example_external_task_marker_dag.py for tasks to queue
[2025-08-27T03:44:53.517+0000] {logging_mixin.py:188} INFO - [2025-08-27T03:44:53.509+0000] {dagbag.py:545} INFO - Filling up the DagBag from /home/airflow/.local/lib/python3.12/site-packages/airflow/example_dags/example_external_task_marker_dag.py
[2025-08-27T03:44:53.616+0000] {processor.py:840} INFO - DAG(s) 'example_external_task_marker_child', 'example_external_task_marker_parent' retrieved from /home/airflow/.local/lib/python3.12/site-packages/airflow/example_dags/example_external_task_marker_dag.py
[2025-08-27T03:44:54.169+0000] {logging_mixin.py:188} INFO - [2025-08-27T03:44:54.168+0000] {dag.py:3096} INFO - Sync 2 DAGs
[2025-08-27T03:44:54.415+0000] {logging_mixin.py:188} INFO - [2025-08-27T03:44:54.415+0000] {dag.py:3954} INFO - Setting next_dagrun for example_external_task_marker_child to None, run_after=None
[2025-08-27T03:44:54.507+0000] {logging_mixin.py:188} INFO - [2025-08-27T03:44:54.507+0000] {dag.py:3954} INFO - Setting next_dagrun for example_external_task_marker_parent to None, run_after=None
[2025-08-27T03:44:54.854+0000] {processor.py:183} INFO - Processing /home/airflow/.local/lib/python3.12/site-packages/airflow/example_dags/example_external_task_marker_dag.py took 1.451 seconds
[2025-08-27T03:45:57.375+0000] {processor.py:161} INFO - Started process (PID=8410) to work on /home/airflow/.local/lib/python3.12/site-packages/airflow/example_dags/example_external_task_marker_dag.py
[2025-08-27T03:45:57.415+0000] {processor.py:830} INFO - Processing file /home/airflow/.local/lib/python3.12/site-packages/airflow/example_dags/example_external_task_marker_dag.py for tasks to queue
[2025-08-27T03:45:57.423+0000] {logging_mixin.py:188} INFO - [2025-08-27T03:45:57.422+0000] {dagbag.py:545} INFO - Filling up the DagBag from /home/airflow/.local/lib/python3.12/site-packages/airflow/example_dags/example_external_task_marker_dag.py
[2025-08-27T03:45:57.511+0000] {processor.py:840} INFO - DAG(s) 'example_external_task_marker_parent', 'example_external_task_marker_child' retrieved from /home/airflow/.local/lib/python3.12/site-packages/airflow/example_dags/example_external_task_marker_dag.py
[2025-08-27T03:45:58.044+0000] {logging_mixin.py:188} INFO - [2025-08-27T03:45:58.043+0000] {dag.py:3096} INFO - Sync 2 DAGs
[2025-08-27T03:45:58.340+0000] {logging_mixin.py:188} INFO - [2025-08-27T03:45:58.327+0000] {dag.py:3954} INFO - Setting next_dagrun for example_external_task_marker_child to None, run_after=None
[2025-08-27T03:45:58.367+0000] {logging_mixin.py:188} INFO - [2025-08-27T03:45:58.366+0000] {dag.py:3954} INFO - Setting next_dagrun for example_external_task_marker_parent to None, run_after=None
[2025-08-27T03:45:58.663+0000] {processor.py:183} INFO - Processing /home/airflow/.local/lib/python3.12/site-packages/airflow/example_dags/example_external_task_marker_dag.py took 1.359 seconds
[2025-08-27T03:47:12.946+0000] {processor.py:161} INFO - Started process (PID=8764) to work on /home/airflow/.local/lib/python3.12/site-packages/airflow/example_dags/example_external_task_marker_dag.py
[2025-08-27T03:47:12.953+0000] {processor.py:830} INFO - Processing file /home/airflow/.local/lib/python3.12/site-packages/airflow/example_dags/example_external_task_marker_dag.py for tasks to queue
[2025-08-27T03:47:12.970+0000] {logging_mixin.py:188} INFO - [2025-08-27T03:47:12.969+0000] {dagbag.py:545} INFO - Filling up the DagBag from /home/airflow/.local/lib/python3.12/site-packages/airflow/example_dags/example_external_task_marker_dag.py
[2025-08-27T03:47:13.049+0000] {processor.py:840} INFO - DAG(s) 'example_external_task_marker_parent', 'example_external_task_marker_child' retrieved from /home/airflow/.local/lib/python3.12/site-packages/airflow/example_dags/example_external_task_marker_dag.py
[2025-08-27T03:47:13.465+0000] {logging_mixin.py:188} INFO - [2025-08-27T03:47:13.464+0000] {dag.py:3096} INFO - Sync 2 DAGs
[2025-08-27T03:47:13.675+0000] {logging_mixin.py:188} INFO - [2025-08-27T03:47:13.675+0000] {dag.py:3954} INFO - Setting next_dagrun for example_external_task_marker_child to None, run_after=None
[2025-08-27T03:47:13.723+0000] {logging_mixin.py:188} INFO - [2025-08-27T03:47:13.722+0000] {dag.py:3954} INFO - Setting next_dagrun for example_external_task_marker_parent to None, run_after=None
[2025-08-27T03:47:14.030+0000] {processor.py:183} INFO - Processing /home/airflow/.local/lib/python3.12/site-packages/airflow/example_dags/example_external_task_marker_dag.py took 1.152 seconds
[2025-08-27T03:48:21.371+0000] {processor.py:161} INFO - Started process (PID=9077) to work on /home/airflow/.local/lib/python3.12/site-packages/airflow/example_dags/example_external_task_marker_dag.py
[2025-08-27T03:48:21.403+0000] {processor.py:830} INFO - Processing file /home/airflow/.local/lib/python3.12/site-packages/airflow/example_dags/example_external_task_marker_dag.py for tasks to queue
[2025-08-27T03:48:21.453+0000] {logging_mixin.py:188} INFO - [2025-08-27T03:48:21.451+0000] {dagbag.py:545} INFO - Filling up the DagBag from /home/airflow/.local/lib/python3.12/site-packages/airflow/example_dags/example_external_task_marker_dag.py
[2025-08-27T03:48:21.612+0000] {processor.py:840} INFO - DAG(s) 'example_external_task_marker_parent', 'example_external_task_marker_child' retrieved from /home/airflow/.local/lib/python3.12/site-packages/airflow/example_dags/example_external_task_marker_dag.py
[2025-08-27T03:48:22.231+0000] {logging_mixin.py:188} INFO - [2025-08-27T03:48:22.230+0000] {dag.py:3096} INFO - Sync 2 DAGs
[2025-08-27T03:48:22.503+0000] {logging_mixin.py:188} INFO - [2025-08-27T03:48:22.503+0000] {dag.py:3954} INFO - Setting next_dagrun for example_external_task_marker_child to None, run_after=None
[2025-08-27T03:48:22.566+0000] {logging_mixin.py:188} INFO - [2025-08-27T03:48:22.566+0000] {dag.py:3954} INFO - Setting next_dagrun for example_external_task_marker_parent to None, run_after=None
[2025-08-27T03:48:22.848+0000] {processor.py:183} INFO - Processing /home/airflow/.local/lib/python3.12/site-packages/airflow/example_dags/example_external_task_marker_dag.py took 1.571 seconds
[2025-08-27T03:49:09.823+0000] {processor.py:161} INFO - Started process (PID=9340) to work on /home/airflow/.local/lib/python3.12/site-packages/airflow/example_dags/example_external_task_marker_dag.py
[2025-08-27T03:49:09.827+0000] {processor.py:830} INFO - Processing file /home/airflow/.local/lib/python3.12/site-packages/airflow/example_dags/example_external_task_marker_dag.py for tasks to queue
[2025-08-27T03:49:09.833+0000] {logging_mixin.py:188} INFO - [2025-08-27T03:49:09.830+0000] {dagbag.py:545} INFO - Filling up the DagBag from /home/airflow/.local/lib/python3.12/site-packages/airflow/example_dags/example_external_task_marker_dag.py
[2025-08-27T03:49:09.905+0000] {processor.py:840} INFO - DAG(s) 'example_external_task_marker_parent', 'example_external_task_marker_child' retrieved from /home/airflow/.local/lib/python3.12/site-packages/airflow/example_dags/example_external_task_marker_dag.py
[2025-08-27T03:49:10.184+0000] {logging_mixin.py:188} INFO - [2025-08-27T03:49:10.178+0000] {dag.py:3096} INFO - Sync 2 DAGs
[2025-08-27T03:49:10.386+0000] {logging_mixin.py:188} INFO - [2025-08-27T03:49:10.385+0000] {dag.py:3954} INFO - Setting next_dagrun for example_external_task_marker_child to None, run_after=None
[2025-08-27T03:49:10.432+0000] {logging_mixin.py:188} INFO - [2025-08-27T03:49:10.431+0000] {dag.py:3954} INFO - Setting next_dagrun for example_external_task_marker_parent to None, run_after=None
[2025-08-27T03:49:10.699+0000] {processor.py:183} INFO - Processing /home/airflow/.local/lib/python3.12/site-packages/airflow/example_dags/example_external_task_marker_dag.py took 0.909 seconds
