[2025-08-27T03:39:35.933+0000] {processor.py:161} INFO - Started process (PID=6900) to work on /home/airflow/.local/lib/python3.12/site-packages/airflow/example_dags/example_datasets.py
[2025-08-27T03:39:35.948+0000] {processor.py:830} INFO - Processing file /home/airflow/.local/lib/python3.12/site-packages/airflow/example_dags/example_datasets.py for tasks to queue
[2025-08-27T03:39:35.980+0000] {logging_mixin.py:188} INFO - [2025-08-27T03:39:35.979+0000] {dagbag.py:545} INFO - Filling up the DagBag from /home/airflow/.local/lib/python3.12/site-packages/airflow/example_dags/example_datasets.py
[2025-08-27T03:39:36.327+0000] {processor.py:840} INFO - DAG(s) 'dataset_consumes_1_and_2', 'consume_1_or_both_2_and_3_with_dataset_expressions', 'consume_1_and_2_with_dataset_expressions', 'dataset_produces_1', 'consume_1_or_2_with_dataset_expressions', 'dataset_consumes_unknown_never_scheduled', 'conditional_dataset_and_time_based_timetable', 'dataset_consumes_1', 'dataset_produces_2', 'dataset_consumes_1_never_scheduled' retrieved from /home/airflow/.local/lib/python3.12/site-packages/airflow/example_dags/example_datasets.py
[2025-08-27T03:39:37.103+0000] {logging_mixin.py:188} INFO - [2025-08-27T03:39:37.091+0000] {dag.py:3096} INFO - Sync 10 DAGs
[2025-08-27T03:39:37.633+0000] {logging_mixin.py:188} INFO - [2025-08-27T03:39:37.632+0000] {dag.py:3954} INFO - Setting next_dagrun for conditional_dataset_and_time_based_timetable to 2025-08-27 01:00:00+00:00, run_after=2025-08-27 01:00:00+00:00
[2025-08-27T03:39:37.715+0000] {logging_mixin.py:188} INFO - [2025-08-27T03:39:37.714+0000] {dag.py:3954} INFO - Setting next_dagrun for consume_1_and_2_with_dataset_expressions to None, run_after=None
[2025-08-27T03:39:37.734+0000] {logging_mixin.py:188} INFO - [2025-08-27T03:39:37.734+0000] {dag.py:3954} INFO - Setting next_dagrun for consume_1_or_2_with_dataset_expressions to None, run_after=None
[2025-08-27T03:39:37.772+0000] {logging_mixin.py:188} INFO - [2025-08-27T03:39:37.771+0000] {dag.py:3954} INFO - Setting next_dagrun for consume_1_or_both_2_and_3_with_dataset_expressions to None, run_after=None
[2025-08-27T03:39:37.935+0000] {logging_mixin.py:188} INFO - [2025-08-27T03:39:37.934+0000] {dag.py:3954} INFO - Setting next_dagrun for dataset_consumes_1 to None, run_after=None
[2025-08-27T03:39:37.999+0000] {logging_mixin.py:188} INFO - [2025-08-27T03:39:37.999+0000] {dag.py:3954} INFO - Setting next_dagrun for dataset_consumes_1_and_2 to None, run_after=None
[2025-08-27T03:39:38.113+0000] {logging_mixin.py:188} INFO - [2025-08-27T03:39:38.112+0000] {dag.py:3954} INFO - Setting next_dagrun for dataset_consumes_1_never_scheduled to None, run_after=None
[2025-08-27T03:39:38.148+0000] {logging_mixin.py:188} INFO - [2025-08-27T03:39:38.147+0000] {dag.py:3954} INFO - Setting next_dagrun for dataset_consumes_unknown_never_scheduled to None, run_after=None
[2025-08-27T03:39:38.188+0000] {logging_mixin.py:188} INFO - [2025-08-27T03:39:38.188+0000] {dag.py:3954} INFO - Setting next_dagrun for dataset_produces_1 to 2025-08-26 00:00:00+00:00, run_after=2025-08-27 00:00:00+00:00
[2025-08-27T03:39:38.211+0000] {logging_mixin.py:188} INFO - [2025-08-27T03:39:38.211+0000] {dag.py:3954} INFO - Setting next_dagrun for dataset_produces_2 to None, run_after=None
[2025-08-27T03:39:39.455+0000] {processor.py:183} INFO - Processing /home/airflow/.local/lib/python3.12/site-packages/airflow/example_dags/example_datasets.py took 3.586 seconds
[2025-08-27T03:41:08.669+0000] {processor.py:161} INFO - Started process (PID=7223) to work on /home/airflow/.local/lib/python3.12/site-packages/airflow/example_dags/example_datasets.py
[2025-08-27T03:41:08.701+0000] {processor.py:830} INFO - Processing file /home/airflow/.local/lib/python3.12/site-packages/airflow/example_dags/example_datasets.py for tasks to queue
[2025-08-27T03:41:08.735+0000] {logging_mixin.py:188} INFO - [2025-08-27T03:41:08.734+0000] {dagbag.py:545} INFO - Filling up the DagBag from /home/airflow/.local/lib/python3.12/site-packages/airflow/example_dags/example_datasets.py
[2025-08-27T03:41:09.215+0000] {processor.py:840} INFO - DAG(s) 'conditional_dataset_and_time_based_timetable', 'dataset_consumes_1_never_scheduled', 'consume_1_and_2_with_dataset_expressions', 'consume_1_or_both_2_and_3_with_dataset_expressions', 'dataset_consumes_1_and_2', 'dataset_consumes_1', 'dataset_produces_1', 'consume_1_or_2_with_dataset_expressions', 'dataset_consumes_unknown_never_scheduled', 'dataset_produces_2' retrieved from /home/airflow/.local/lib/python3.12/site-packages/airflow/example_dags/example_datasets.py
[2025-08-27T03:41:10.087+0000] {logging_mixin.py:188} INFO - [2025-08-27T03:41:10.074+0000] {dag.py:3096} INFO - Sync 10 DAGs
[2025-08-27T03:41:10.770+0000] {logging_mixin.py:188} INFO - [2025-08-27T03:41:10.769+0000] {dag.py:3954} INFO - Setting next_dagrun for conditional_dataset_and_time_based_timetable to 2025-08-27 01:00:00+00:00, run_after=2025-08-27 01:00:00+00:00
[2025-08-27T03:41:10.849+0000] {logging_mixin.py:188} INFO - [2025-08-27T03:41:10.849+0000] {dag.py:3954} INFO - Setting next_dagrun for consume_1_and_2_with_dataset_expressions to None, run_after=None
[2025-08-27T03:41:10.881+0000] {logging_mixin.py:188} INFO - [2025-08-27T03:41:10.881+0000] {dag.py:3954} INFO - Setting next_dagrun for consume_1_or_2_with_dataset_expressions to None, run_after=None
[2025-08-27T03:41:10.929+0000] {logging_mixin.py:188} INFO - [2025-08-27T03:41:10.929+0000] {dag.py:3954} INFO - Setting next_dagrun for consume_1_or_both_2_and_3_with_dataset_expressions to None, run_after=None
[2025-08-27T03:41:10.961+0000] {logging_mixin.py:188} INFO - [2025-08-27T03:41:10.960+0000] {dag.py:3954} INFO - Setting next_dagrun for dataset_consumes_1 to None, run_after=None
[2025-08-27T03:41:11.026+0000] {logging_mixin.py:188} INFO - [2025-08-27T03:41:11.025+0000] {dag.py:3954} INFO - Setting next_dagrun for dataset_consumes_1_and_2 to None, run_after=None
[2025-08-27T03:41:11.057+0000] {logging_mixin.py:188} INFO - [2025-08-27T03:41:11.056+0000] {dag.py:3954} INFO - Setting next_dagrun for dataset_consumes_1_never_scheduled to None, run_after=None
[2025-08-27T03:41:11.252+0000] {logging_mixin.py:188} INFO - [2025-08-27T03:41:11.251+0000] {dag.py:3954} INFO - Setting next_dagrun for dataset_consumes_unknown_never_scheduled to None, run_after=None
[2025-08-27T03:41:11.314+0000] {logging_mixin.py:188} INFO - [2025-08-27T03:41:11.313+0000] {dag.py:3954} INFO - Setting next_dagrun for dataset_produces_1 to 2025-08-26 00:00:00+00:00, run_after=2025-08-27 00:00:00+00:00
[2025-08-27T03:41:11.346+0000] {logging_mixin.py:188} INFO - [2025-08-27T03:41:11.345+0000] {dag.py:3954} INFO - Setting next_dagrun for dataset_produces_2 to None, run_after=None
[2025-08-27T03:41:12.081+0000] {processor.py:183} INFO - Processing /home/airflow/.local/lib/python3.12/site-packages/airflow/example_dags/example_datasets.py took 3.523 seconds
[2025-08-27T03:42:29.591+0000] {processor.py:161} INFO - Started process (PID=7521) to work on /home/airflow/.local/lib/python3.12/site-packages/airflow/example_dags/example_datasets.py
[2025-08-27T03:42:29.607+0000] {processor.py:830} INFO - Processing file /home/airflow/.local/lib/python3.12/site-packages/airflow/example_dags/example_datasets.py for tasks to queue
[2025-08-27T03:42:29.621+0000] {logging_mixin.py:188} INFO - [2025-08-27T03:42:29.609+0000] {dagbag.py:545} INFO - Filling up the DagBag from /home/airflow/.local/lib/python3.12/site-packages/airflow/example_dags/example_datasets.py
[2025-08-27T03:42:29.840+0000] {processor.py:840} INFO - DAG(s) 'dataset_consumes_1', 'consume_1_or_both_2_and_3_with_dataset_expressions', 'conditional_dataset_and_time_based_timetable', 'dataset_consumes_unknown_never_scheduled', 'dataset_consumes_1_never_scheduled', 'dataset_produces_2', 'consume_1_and_2_with_dataset_expressions', 'consume_1_or_2_with_dataset_expressions', 'dataset_consumes_1_and_2', 'dataset_produces_1' retrieved from /home/airflow/.local/lib/python3.12/site-packages/airflow/example_dags/example_datasets.py
[2025-08-27T03:42:30.880+0000] {logging_mixin.py:188} INFO - [2025-08-27T03:42:30.880+0000] {dag.py:3096} INFO - Sync 10 DAGs
[2025-08-27T03:42:31.294+0000] {logging_mixin.py:188} INFO - [2025-08-27T03:42:31.294+0000] {dag.py:3954} INFO - Setting next_dagrun for conditional_dataset_and_time_based_timetable to 2025-08-27 01:00:00+00:00, run_after=2025-08-27 01:00:00+00:00
[2025-08-27T03:42:31.377+0000] {logging_mixin.py:188} INFO - [2025-08-27T03:42:31.376+0000] {dag.py:3954} INFO - Setting next_dagrun for consume_1_and_2_with_dataset_expressions to None, run_after=None
[2025-08-27T03:42:31.416+0000] {logging_mixin.py:188} INFO - [2025-08-27T03:42:31.415+0000] {dag.py:3954} INFO - Setting next_dagrun for consume_1_or_2_with_dataset_expressions to None, run_after=None
[2025-08-27T03:42:31.479+0000] {logging_mixin.py:188} INFO - [2025-08-27T03:42:31.479+0000] {dag.py:3954} INFO - Setting next_dagrun for consume_1_or_both_2_and_3_with_dataset_expressions to None, run_after=None
[2025-08-27T03:42:31.513+0000] {logging_mixin.py:188} INFO - [2025-08-27T03:42:31.512+0000] {dag.py:3954} INFO - Setting next_dagrun for dataset_consumes_1 to None, run_after=None
[2025-08-27T03:42:31.543+0000] {logging_mixin.py:188} INFO - [2025-08-27T03:42:31.543+0000] {dag.py:3954} INFO - Setting next_dagrun for dataset_consumes_1_and_2 to None, run_after=None
[2025-08-27T03:42:31.593+0000] {logging_mixin.py:188} INFO - [2025-08-27T03:42:31.592+0000] {dag.py:3954} INFO - Setting next_dagrun for dataset_consumes_1_never_scheduled to None, run_after=None
[2025-08-27T03:42:31.610+0000] {logging_mixin.py:188} INFO - [2025-08-27T03:42:31.609+0000] {dag.py:3954} INFO - Setting next_dagrun for dataset_consumes_unknown_never_scheduled to None, run_after=None
[2025-08-27T03:42:31.687+0000] {logging_mixin.py:188} INFO - [2025-08-27T03:42:31.686+0000] {dag.py:3954} INFO - Setting next_dagrun for dataset_produces_1 to 2025-08-26 00:00:00+00:00, run_after=2025-08-27 00:00:00+00:00
[2025-08-27T03:42:31.719+0000] {logging_mixin.py:188} INFO - [2025-08-27T03:42:31.719+0000] {dag.py:3954} INFO - Setting next_dagrun for dataset_produces_2 to None, run_after=None
[2025-08-27T03:42:32.480+0000] {processor.py:183} INFO - Processing /home/airflow/.local/lib/python3.12/site-packages/airflow/example_dags/example_datasets.py took 3.003 seconds
[2025-08-27T03:43:36.069+0000] {processor.py:161} INFO - Started process (PID=7794) to work on /home/airflow/.local/lib/python3.12/site-packages/airflow/example_dags/example_datasets.py
[2025-08-27T03:43:36.085+0000] {processor.py:830} INFO - Processing file /home/airflow/.local/lib/python3.12/site-packages/airflow/example_dags/example_datasets.py for tasks to queue
[2025-08-27T03:43:36.103+0000] {logging_mixin.py:188} INFO - [2025-08-27T03:43:36.102+0000] {dagbag.py:545} INFO - Filling up the DagBag from /home/airflow/.local/lib/python3.12/site-packages/airflow/example_dags/example_datasets.py
[2025-08-27T03:43:36.416+0000] {processor.py:840} INFO - DAG(s) 'dataset_consumes_1_never_scheduled', 'conditional_dataset_and_time_based_timetable', 'dataset_consumes_unknown_never_scheduled', 'dataset_consumes_1_and_2', 'consume_1_and_2_with_dataset_expressions', 'consume_1_or_both_2_and_3_with_dataset_expressions', 'dataset_produces_1', 'consume_1_or_2_with_dataset_expressions', 'dataset_produces_2', 'dataset_consumes_1' retrieved from /home/airflow/.local/lib/python3.12/site-packages/airflow/example_dags/example_datasets.py
[2025-08-27T03:43:37.567+0000] {logging_mixin.py:188} INFO - [2025-08-27T03:43:37.566+0000] {dag.py:3096} INFO - Sync 10 DAGs
[2025-08-27T03:43:38.191+0000] {logging_mixin.py:188} INFO - [2025-08-27T03:43:38.191+0000] {dag.py:3954} INFO - Setting next_dagrun for conditional_dataset_and_time_based_timetable to 2025-08-27 01:00:00+00:00, run_after=2025-08-27 01:00:00+00:00
[2025-08-27T03:43:38.290+0000] {logging_mixin.py:188} INFO - [2025-08-27T03:43:38.289+0000] {dag.py:3954} INFO - Setting next_dagrun for consume_1_and_2_with_dataset_expressions to None, run_after=None
[2025-08-27T03:43:38.306+0000] {logging_mixin.py:188} INFO - [2025-08-27T03:43:38.306+0000] {dag.py:3954} INFO - Setting next_dagrun for consume_1_or_2_with_dataset_expressions to None, run_after=None
[2025-08-27T03:43:38.322+0000] {logging_mixin.py:188} INFO - [2025-08-27T03:43:38.322+0000] {dag.py:3954} INFO - Setting next_dagrun for consume_1_or_both_2_and_3_with_dataset_expressions to None, run_after=None
[2025-08-27T03:43:38.339+0000] {logging_mixin.py:188} INFO - [2025-08-27T03:43:38.338+0000] {dag.py:3954} INFO - Setting next_dagrun for dataset_consumes_1 to None, run_after=None
[2025-08-27T03:43:38.409+0000] {logging_mixin.py:188} INFO - [2025-08-27T03:43:38.408+0000] {dag.py:3954} INFO - Setting next_dagrun for dataset_consumes_1_and_2 to None, run_after=None
[2025-08-27T03:43:38.459+0000] {logging_mixin.py:188} INFO - [2025-08-27T03:43:38.458+0000] {dag.py:3954} INFO - Setting next_dagrun for dataset_consumes_1_never_scheduled to None, run_after=None
[2025-08-27T03:43:38.491+0000] {logging_mixin.py:188} INFO - [2025-08-27T03:43:38.491+0000] {dag.py:3954} INFO - Setting next_dagrun for dataset_consumes_unknown_never_scheduled to None, run_after=None
[2025-08-27T03:43:38.585+0000] {logging_mixin.py:188} INFO - [2025-08-27T03:43:38.584+0000] {dag.py:3954} INFO - Setting next_dagrun for dataset_produces_1 to 2025-08-26 00:00:00+00:00, run_after=2025-08-27 00:00:00+00:00
[2025-08-27T03:43:38.663+0000] {logging_mixin.py:188} INFO - [2025-08-27T03:43:38.635+0000] {dag.py:3954} INFO - Setting next_dagrun for dataset_produces_2 to None, run_after=None
[2025-08-27T03:43:39.230+0000] {processor.py:183} INFO - Processing /home/airflow/.local/lib/python3.12/site-packages/airflow/example_dags/example_datasets.py took 3.281 seconds
[2025-08-27T03:44:50.427+0000] {processor.py:161} INFO - Started process (PID=8092) to work on /home/airflow/.local/lib/python3.12/site-packages/airflow/example_dags/example_datasets.py
[2025-08-27T03:44:50.442+0000] {processor.py:830} INFO - Processing file /home/airflow/.local/lib/python3.12/site-packages/airflow/example_dags/example_datasets.py for tasks to queue
[2025-08-27T03:44:50.446+0000] {logging_mixin.py:188} INFO - [2025-08-27T03:44:50.445+0000] {dagbag.py:545} INFO - Filling up the DagBag from /home/airflow/.local/lib/python3.12/site-packages/airflow/example_dags/example_datasets.py
[2025-08-27T03:44:50.806+0000] {processor.py:840} INFO - DAG(s) 'consume_1_or_both_2_and_3_with_dataset_expressions', 'consume_1_and_2_with_dataset_expressions', 'dataset_consumes_1', 'consume_1_or_2_with_dataset_expressions', 'dataset_consumes_1_and_2', 'dataset_produces_2', 'conditional_dataset_and_time_based_timetable', 'dataset_consumes_1_never_scheduled', 'dataset_produces_1', 'dataset_consumes_unknown_never_scheduled' retrieved from /home/airflow/.local/lib/python3.12/site-packages/airflow/example_dags/example_datasets.py
[2025-08-27T03:44:51.710+0000] {logging_mixin.py:188} INFO - [2025-08-27T03:44:51.709+0000] {dag.py:3096} INFO - Sync 10 DAGs
[2025-08-27T03:44:52.079+0000] {logging_mixin.py:188} INFO - [2025-08-27T03:44:52.078+0000] {dag.py:3954} INFO - Setting next_dagrun for conditional_dataset_and_time_based_timetable to 2025-08-27 01:00:00+00:00, run_after=2025-08-27 01:00:00+00:00
[2025-08-27T03:44:52.133+0000] {logging_mixin.py:188} INFO - [2025-08-27T03:44:52.132+0000] {dag.py:3954} INFO - Setting next_dagrun for consume_1_and_2_with_dataset_expressions to None, run_after=None
[2025-08-27T03:44:52.149+0000] {logging_mixin.py:188} INFO - [2025-08-27T03:44:52.148+0000] {dag.py:3954} INFO - Setting next_dagrun for consume_1_or_2_with_dataset_expressions to None, run_after=None
[2025-08-27T03:44:52.166+0000] {logging_mixin.py:188} INFO - [2025-08-27T03:44:52.166+0000] {dag.py:3954} INFO - Setting next_dagrun for consume_1_or_both_2_and_3_with_dataset_expressions to None, run_after=None
[2025-08-27T03:44:52.191+0000] {logging_mixin.py:188} INFO - [2025-08-27T03:44:52.190+0000] {dag.py:3954} INFO - Setting next_dagrun for dataset_consumes_1 to None, run_after=None
[2025-08-27T03:44:52.215+0000] {logging_mixin.py:188} INFO - [2025-08-27T03:44:52.214+0000] {dag.py:3954} INFO - Setting next_dagrun for dataset_consumes_1_and_2 to None, run_after=None
[2025-08-27T03:44:52.231+0000] {logging_mixin.py:188} INFO - [2025-08-27T03:44:52.230+0000] {dag.py:3954} INFO - Setting next_dagrun for dataset_consumes_1_never_scheduled to None, run_after=None
[2025-08-27T03:44:52.247+0000] {logging_mixin.py:188} INFO - [2025-08-27T03:44:52.246+0000] {dag.py:3954} INFO - Setting next_dagrun for dataset_consumes_unknown_never_scheduled to None, run_after=None
[2025-08-27T03:44:52.317+0000] {logging_mixin.py:188} INFO - [2025-08-27T03:44:52.317+0000] {dag.py:3954} INFO - Setting next_dagrun for dataset_produces_1 to 2025-08-26 00:00:00+00:00, run_after=2025-08-27 00:00:00+00:00
[2025-08-27T03:44:52.323+0000] {logging_mixin.py:188} INFO - [2025-08-27T03:44:52.322+0000] {dag.py:3954} INFO - Setting next_dagrun for dataset_produces_2 to None, run_after=None
[2025-08-27T03:44:53.015+0000] {processor.py:183} INFO - Processing /home/airflow/.local/lib/python3.12/site-packages/airflow/example_dags/example_datasets.py took 2.684 seconds
[2025-08-27T03:45:40.464+0000] {processor.py:161} INFO - Started process (PID=8354) to work on /home/airflow/.local/lib/python3.12/site-packages/airflow/example_dags/example_datasets.py
[2025-08-27T03:45:40.478+0000] {processor.py:830} INFO - Processing file /home/airflow/.local/lib/python3.12/site-packages/airflow/example_dags/example_datasets.py for tasks to queue
[2025-08-27T03:45:40.481+0000] {logging_mixin.py:188} INFO - [2025-08-27T03:45:40.480+0000] {dagbag.py:545} INFO - Filling up the DagBag from /home/airflow/.local/lib/python3.12/site-packages/airflow/example_dags/example_datasets.py
[2025-08-27T03:45:40.593+0000] {processor.py:840} INFO - DAG(s) 'dataset_produces_2', 'consume_1_or_both_2_and_3_with_dataset_expressions', 'dataset_consumes_1_never_scheduled', 'consume_1_or_2_with_dataset_expressions', 'dataset_consumes_unknown_never_scheduled', 'dataset_produces_1', 'conditional_dataset_and_time_based_timetable', 'dataset_consumes_1_and_2', 'consume_1_and_2_with_dataset_expressions', 'dataset_consumes_1' retrieved from /home/airflow/.local/lib/python3.12/site-packages/airflow/example_dags/example_datasets.py
[2025-08-27T03:45:41.168+0000] {logging_mixin.py:188} INFO - [2025-08-27T03:45:41.167+0000] {dag.py:3096} INFO - Sync 10 DAGs
[2025-08-27T03:45:41.475+0000] {logging_mixin.py:188} INFO - [2025-08-27T03:45:41.474+0000] {dag.py:3954} INFO - Setting next_dagrun for conditional_dataset_and_time_based_timetable to 2025-08-27 01:00:00+00:00, run_after=2025-08-27 01:00:00+00:00
[2025-08-27T03:45:41.498+0000] {logging_mixin.py:188} INFO - [2025-08-27T03:45:41.497+0000] {dag.py:3954} INFO - Setting next_dagrun for consume_1_and_2_with_dataset_expressions to None, run_after=None
[2025-08-27T03:45:41.511+0000] {logging_mixin.py:188} INFO - [2025-08-27T03:45:41.511+0000] {dag.py:3954} INFO - Setting next_dagrun for consume_1_or_2_with_dataset_expressions to None, run_after=None
[2025-08-27T03:45:41.520+0000] {logging_mixin.py:188} INFO - [2025-08-27T03:45:41.519+0000] {dag.py:3954} INFO - Setting next_dagrun for consume_1_or_both_2_and_3_with_dataset_expressions to None, run_after=None
[2025-08-27T03:45:41.532+0000] {logging_mixin.py:188} INFO - [2025-08-27T03:45:41.531+0000] {dag.py:3954} INFO - Setting next_dagrun for dataset_consumes_1 to None, run_after=None
[2025-08-27T03:45:41.537+0000] {logging_mixin.py:188} INFO - [2025-08-27T03:45:41.537+0000] {dag.py:3954} INFO - Setting next_dagrun for dataset_consumes_1_and_2 to None, run_after=None
[2025-08-27T03:45:41.552+0000] {logging_mixin.py:188} INFO - [2025-08-27T03:45:41.552+0000] {dag.py:3954} INFO - Setting next_dagrun for dataset_consumes_1_never_scheduled to None, run_after=None
[2025-08-27T03:45:41.561+0000] {logging_mixin.py:188} INFO - [2025-08-27T03:45:41.560+0000] {dag.py:3954} INFO - Setting next_dagrun for dataset_consumes_unknown_never_scheduled to None, run_after=None
[2025-08-27T03:45:41.582+0000] {logging_mixin.py:188} INFO - [2025-08-27T03:45:41.581+0000] {dag.py:3954} INFO - Setting next_dagrun for dataset_produces_1 to 2025-08-26 00:00:00+00:00, run_after=2025-08-27 00:00:00+00:00
[2025-08-27T03:45:41.587+0000] {logging_mixin.py:188} INFO - [2025-08-27T03:45:41.586+0000] {dag.py:3954} INFO - Setting next_dagrun for dataset_produces_2 to None, run_after=None
[2025-08-27T03:45:41.897+0000] {processor.py:183} INFO - Processing /home/airflow/.local/lib/python3.12/site-packages/airflow/example_dags/example_datasets.py took 1.476 seconds
[2025-08-27T03:46:47.811+0000] {processor.py:161} INFO - Started process (PID=8657) to work on /home/airflow/.local/lib/python3.12/site-packages/airflow/example_dags/example_datasets.py
[2025-08-27T03:46:47.851+0000] {processor.py:830} INFO - Processing file /home/airflow/.local/lib/python3.12/site-packages/airflow/example_dags/example_datasets.py for tasks to queue
[2025-08-27T03:46:47.883+0000] {logging_mixin.py:188} INFO - [2025-08-27T03:46:47.882+0000] {dagbag.py:545} INFO - Filling up the DagBag from /home/airflow/.local/lib/python3.12/site-packages/airflow/example_dags/example_datasets.py
[2025-08-27T03:46:48.203+0000] {processor.py:840} INFO - DAG(s) 'consume_1_and_2_with_dataset_expressions', 'dataset_produces_2', 'consume_1_or_2_with_dataset_expressions', 'dataset_consumes_1_never_scheduled', 'dataset_consumes_unknown_never_scheduled', 'dataset_produces_1', 'dataset_consumes_1', 'dataset_consumes_1_and_2', 'consume_1_or_both_2_and_3_with_dataset_expressions', 'conditional_dataset_and_time_based_timetable' retrieved from /home/airflow/.local/lib/python3.12/site-packages/airflow/example_dags/example_datasets.py
[2025-08-27T03:46:49.268+0000] {logging_mixin.py:188} INFO - [2025-08-27T03:46:49.267+0000] {dag.py:3096} INFO - Sync 10 DAGs
[2025-08-27T03:46:49.741+0000] {logging_mixin.py:188} INFO - [2025-08-27T03:46:49.740+0000] {dag.py:3954} INFO - Setting next_dagrun for conditional_dataset_and_time_based_timetable to 2025-08-27 01:00:00+00:00, run_after=2025-08-27 01:00:00+00:00
[2025-08-27T03:46:49.838+0000] {logging_mixin.py:188} INFO - [2025-08-27T03:46:49.822+0000] {dag.py:3954} INFO - Setting next_dagrun for consume_1_and_2_with_dataset_expressions to None, run_after=None
[2025-08-27T03:46:49.868+0000] {logging_mixin.py:188} INFO - [2025-08-27T03:46:49.855+0000] {dag.py:3954} INFO - Setting next_dagrun for consume_1_or_2_with_dataset_expressions to None, run_after=None
[2025-08-27T03:46:49.906+0000] {logging_mixin.py:188} INFO - [2025-08-27T03:46:49.906+0000] {dag.py:3954} INFO - Setting next_dagrun for consume_1_or_both_2_and_3_with_dataset_expressions to None, run_after=None
[2025-08-27T03:46:49.931+0000] {logging_mixin.py:188} INFO - [2025-08-27T03:46:49.931+0000] {dag.py:3954} INFO - Setting next_dagrun for dataset_consumes_1 to None, run_after=None
[2025-08-27T03:46:49.949+0000] {logging_mixin.py:188} INFO - [2025-08-27T03:46:49.948+0000] {dag.py:3954} INFO - Setting next_dagrun for dataset_consumes_1_and_2 to None, run_after=None
[2025-08-27T03:46:49.966+0000] {logging_mixin.py:188} INFO - [2025-08-27T03:46:49.966+0000] {dag.py:3954} INFO - Setting next_dagrun for dataset_consumes_1_never_scheduled to None, run_after=None
[2025-08-27T03:46:49.982+0000] {logging_mixin.py:188} INFO - [2025-08-27T03:46:49.981+0000] {dag.py:3954} INFO - Setting next_dagrun for dataset_consumes_unknown_never_scheduled to None, run_after=None
[2025-08-27T03:46:50.044+0000] {logging_mixin.py:188} INFO - [2025-08-27T03:46:50.044+0000] {dag.py:3954} INFO - Setting next_dagrun for dataset_produces_1 to 2025-08-26 00:00:00+00:00, run_after=2025-08-27 00:00:00+00:00
[2025-08-27T03:46:50.062+0000] {logging_mixin.py:188} INFO - [2025-08-27T03:46:50.062+0000] {dag.py:3954} INFO - Setting next_dagrun for dataset_produces_2 to None, run_after=None
[2025-08-27T03:46:50.839+0000] {processor.py:183} INFO - Processing /home/airflow/.local/lib/python3.12/site-packages/airflow/example_dags/example_datasets.py took 3.222 seconds
[2025-08-27T03:47:57.792+0000] {processor.py:161} INFO - Started process (PID=9005) to work on /home/airflow/.local/lib/python3.12/site-packages/airflow/example_dags/example_datasets.py
[2025-08-27T03:47:57.838+0000] {processor.py:830} INFO - Processing file /home/airflow/.local/lib/python3.12/site-packages/airflow/example_dags/example_datasets.py for tasks to queue
[2025-08-27T03:47:57.855+0000] {logging_mixin.py:188} INFO - [2025-08-27T03:47:57.854+0000] {dagbag.py:545} INFO - Filling up the DagBag from /home/airflow/.local/lib/python3.12/site-packages/airflow/example_dags/example_datasets.py
[2025-08-27T03:47:58.259+0000] {processor.py:840} INFO - DAG(s) 'dataset_produces_2', 'dataset_consumes_1_and_2', 'consume_1_or_both_2_and_3_with_dataset_expressions', 'consume_1_or_2_with_dataset_expressions', 'dataset_consumes_1_never_scheduled', 'dataset_consumes_unknown_never_scheduled', 'consume_1_and_2_with_dataset_expressions', 'conditional_dataset_and_time_based_timetable', 'dataset_consumes_1', 'dataset_produces_1' retrieved from /home/airflow/.local/lib/python3.12/site-packages/airflow/example_dags/example_datasets.py
[2025-08-27T03:47:58.921+0000] {logging_mixin.py:188} INFO - [2025-08-27T03:47:58.920+0000] {dag.py:3096} INFO - Sync 10 DAGs
[2025-08-27T03:47:59.388+0000] {logging_mixin.py:188} INFO - [2025-08-27T03:47:59.387+0000] {dag.py:3954} INFO - Setting next_dagrun for conditional_dataset_and_time_based_timetable to 2025-08-27 01:00:00+00:00, run_after=2025-08-27 01:00:00+00:00
[2025-08-27T03:47:59.516+0000] {logging_mixin.py:188} INFO - [2025-08-27T03:47:59.515+0000] {dag.py:3954} INFO - Setting next_dagrun for consume_1_and_2_with_dataset_expressions to None, run_after=None
[2025-08-27T03:47:59.528+0000] {logging_mixin.py:188} INFO - [2025-08-27T03:47:59.528+0000] {dag.py:3954} INFO - Setting next_dagrun for consume_1_or_2_with_dataset_expressions to None, run_after=None
[2025-08-27T03:47:59.594+0000] {logging_mixin.py:188} INFO - [2025-08-27T03:47:59.593+0000] {dag.py:3954} INFO - Setting next_dagrun for consume_1_or_both_2_and_3_with_dataset_expressions to None, run_after=None
[2025-08-27T03:47:59.632+0000] {logging_mixin.py:188} INFO - [2025-08-27T03:47:59.631+0000] {dag.py:3954} INFO - Setting next_dagrun for dataset_consumes_1 to None, run_after=None
[2025-08-27T03:47:59.677+0000] {logging_mixin.py:188} INFO - [2025-08-27T03:47:59.676+0000] {dag.py:3954} INFO - Setting next_dagrun for dataset_consumes_1_and_2 to None, run_after=None
[2025-08-27T03:47:59.724+0000] {logging_mixin.py:188} INFO - [2025-08-27T03:47:59.720+0000] {dag.py:3954} INFO - Setting next_dagrun for dataset_consumes_1_never_scheduled to None, run_after=None
[2025-08-27T03:47:59.750+0000] {logging_mixin.py:188} INFO - [2025-08-27T03:47:59.750+0000] {dag.py:3954} INFO - Setting next_dagrun for dataset_consumes_unknown_never_scheduled to None, run_after=None
[2025-08-27T03:47:59.777+0000] {logging_mixin.py:188} INFO - [2025-08-27T03:47:59.777+0000] {dag.py:3954} INFO - Setting next_dagrun for dataset_produces_1 to 2025-08-26 00:00:00+00:00, run_after=2025-08-27 00:00:00+00:00
[2025-08-27T03:47:59.823+0000] {logging_mixin.py:188} INFO - [2025-08-27T03:47:59.823+0000] {dag.py:3954} INFO - Setting next_dagrun for dataset_produces_2 to None, run_after=None
[2025-08-27T03:48:00.429+0000] {processor.py:183} INFO - Processing /home/airflow/.local/lib/python3.12/site-packages/airflow/example_dags/example_datasets.py took 2.730 seconds
[2025-08-27T03:49:07.906+0000] {processor.py:161} INFO - Started process (PID=9328) to work on /home/airflow/.local/lib/python3.12/site-packages/airflow/example_dags/example_datasets.py
[2025-08-27T03:49:07.927+0000] {processor.py:830} INFO - Processing file /home/airflow/.local/lib/python3.12/site-packages/airflow/example_dags/example_datasets.py for tasks to queue
[2025-08-27T03:49:07.952+0000] {logging_mixin.py:188} INFO - [2025-08-27T03:49:07.951+0000] {dagbag.py:545} INFO - Filling up the DagBag from /home/airflow/.local/lib/python3.12/site-packages/airflow/example_dags/example_datasets.py
[2025-08-27T03:49:08.202+0000] {processor.py:840} INFO - DAG(s) 'dataset_consumes_1_never_scheduled', 'dataset_produces_2', 'consume_1_or_2_with_dataset_expressions', 'consume_1_or_both_2_and_3_with_dataset_expressions', 'dataset_produces_1', 'dataset_consumes_1_and_2', 'consume_1_and_2_with_dataset_expressions', 'dataset_consumes_unknown_never_scheduled', 'conditional_dataset_and_time_based_timetable', 'dataset_consumes_1' retrieved from /home/airflow/.local/lib/python3.12/site-packages/airflow/example_dags/example_datasets.py
[2025-08-27T03:49:08.886+0000] {logging_mixin.py:188} INFO - [2025-08-27T03:49:08.885+0000] {dag.py:3096} INFO - Sync 10 DAGs
[2025-08-27T03:49:09.111+0000] {logging_mixin.py:188} INFO - [2025-08-27T03:49:09.110+0000] {dag.py:3954} INFO - Setting next_dagrun for conditional_dataset_and_time_based_timetable to 2025-08-27 01:00:00+00:00, run_after=2025-08-27 01:00:00+00:00
[2025-08-27T03:49:09.144+0000] {logging_mixin.py:188} INFO - [2025-08-27T03:49:09.144+0000] {dag.py:3954} INFO - Setting next_dagrun for consume_1_and_2_with_dataset_expressions to None, run_after=None
[2025-08-27T03:49:09.161+0000] {logging_mixin.py:188} INFO - [2025-08-27T03:49:09.160+0000] {dag.py:3954} INFO - Setting next_dagrun for consume_1_or_2_with_dataset_expressions to None, run_after=None
[2025-08-27T03:49:09.178+0000] {logging_mixin.py:188} INFO - [2025-08-27T03:49:09.177+0000] {dag.py:3954} INFO - Setting next_dagrun for consume_1_or_both_2_and_3_with_dataset_expressions to None, run_after=None
[2025-08-27T03:49:09.203+0000] {logging_mixin.py:188} INFO - [2025-08-27T03:49:09.186+0000] {dag.py:3954} INFO - Setting next_dagrun for dataset_consumes_1 to None, run_after=None
[2025-08-27T03:49:09.218+0000] {logging_mixin.py:188} INFO - [2025-08-27T03:49:09.218+0000] {dag.py:3954} INFO - Setting next_dagrun for dataset_consumes_1_and_2 to None, run_after=None
[2025-08-27T03:49:09.235+0000] {logging_mixin.py:188} INFO - [2025-08-27T03:49:09.234+0000] {dag.py:3954} INFO - Setting next_dagrun for dataset_consumes_1_never_scheduled to None, run_after=None
[2025-08-27T03:49:09.240+0000] {logging_mixin.py:188} INFO - [2025-08-27T03:49:09.239+0000] {dag.py:3954} INFO - Setting next_dagrun for dataset_consumes_unknown_never_scheduled to None, run_after=None
[2025-08-27T03:49:09.256+0000] {logging_mixin.py:188} INFO - [2025-08-27T03:49:09.255+0000] {dag.py:3954} INFO - Setting next_dagrun for dataset_produces_1 to 2025-08-26 00:00:00+00:00, run_after=2025-08-27 00:00:00+00:00
[2025-08-27T03:49:09.264+0000] {logging_mixin.py:188} INFO - [2025-08-27T03:49:09.263+0000] {dag.py:3954} INFO - Setting next_dagrun for dataset_produces_2 to None, run_after=None
[2025-08-27T03:49:09.510+0000] {processor.py:183} INFO - Processing /home/airflow/.local/lib/python3.12/site-packages/airflow/example_dags/example_datasets.py took 1.711 seconds
