[2025-08-27T03:39:26.734+0000] {processor.py:161} INFO - Started process (PID=6867) to work on /home/airflow/.local/lib/python3.12/site-packages/airflow/example_dags/tutorial_dag.py
[2025-08-27T03:39:26.749+0000] {processor.py:830} INFO - Processing file /home/airflow/.local/lib/python3.12/site-packages/airflow/example_dags/tutorial_dag.py for tasks to queue
[2025-08-27T03:39:26.766+0000] {logging_mixin.py:188} INFO - [2025-08-27T03:39:26.765+0000] {dagbag.py:545} INFO - Filling up the DagBag from /home/airflow/.local/lib/python3.12/site-packages/airflow/example_dags/tutorial_dag.py
[2025-08-27T03:39:26.891+0000] {processor.py:840} INFO - DAG(s) 'tutorial_dag' retrieved from /home/airflow/.local/lib/python3.12/site-packages/airflow/example_dags/tutorial_dag.py
[2025-08-27T03:39:27.325+0000] {logging_mixin.py:188} INFO - [2025-08-27T03:39:27.311+0000] {dag.py:3096} INFO - Sync 1 DAGs
[2025-08-27T03:39:27.565+0000] {logging_mixin.py:188} INFO - [2025-08-27T03:39:27.564+0000] {dag.py:3954} INFO - Setting next_dagrun for tutorial_dag to None, run_after=None
[2025-08-27T03:39:27.908+0000] {processor.py:183} INFO - Processing /home/airflow/.local/lib/python3.12/site-packages/airflow/example_dags/tutorial_dag.py took 1.397 seconds
[2025-08-27T03:41:00.025+0000] {processor.py:161} INFO - Started process (PID=7190) to work on /home/airflow/.local/lib/python3.12/site-packages/airflow/example_dags/tutorial_dag.py
[2025-08-27T03:41:00.098+0000] {processor.py:830} INFO - Processing file /home/airflow/.local/lib/python3.12/site-packages/airflow/example_dags/tutorial_dag.py for tasks to queue
[2025-08-27T03:41:00.114+0000] {logging_mixin.py:188} INFO - [2025-08-27T03:41:00.113+0000] {dagbag.py:545} INFO - Filling up the DagBag from /home/airflow/.local/lib/python3.12/site-packages/airflow/example_dags/tutorial_dag.py
[2025-08-27T03:41:00.274+0000] {processor.py:840} INFO - DAG(s) 'tutorial_dag' retrieved from /home/airflow/.local/lib/python3.12/site-packages/airflow/example_dags/tutorial_dag.py
[2025-08-27T03:41:00.643+0000] {logging_mixin.py:188} INFO - [2025-08-27T03:41:00.643+0000] {dag.py:3096} INFO - Sync 1 DAGs
[2025-08-27T03:41:01.124+0000] {logging_mixin.py:188} INFO - [2025-08-27T03:41:01.123+0000] {dag.py:3954} INFO - Setting next_dagrun for tutorial_dag to None, run_after=None
[2025-08-27T03:41:01.421+0000] {processor.py:183} INFO - Processing /home/airflow/.local/lib/python3.12/site-packages/airflow/example_dags/tutorial_dag.py took 1.491 seconds
[2025-08-27T03:42:20.422+0000] {processor.py:161} INFO - Started process (PID=7481) to work on /home/airflow/.local/lib/python3.12/site-packages/airflow/example_dags/tutorial_dag.py
[2025-08-27T03:42:20.466+0000] {processor.py:830} INFO - Processing file /home/airflow/.local/lib/python3.12/site-packages/airflow/example_dags/tutorial_dag.py for tasks to queue
[2025-08-27T03:42:20.483+0000] {logging_mixin.py:188} INFO - [2025-08-27T03:42:20.482+0000] {dagbag.py:545} INFO - Filling up the DagBag from /home/airflow/.local/lib/python3.12/site-packages/airflow/example_dags/tutorial_dag.py
[2025-08-27T03:42:20.613+0000] {processor.py:840} INFO - DAG(s) 'tutorial_dag' retrieved from /home/airflow/.local/lib/python3.12/site-packages/airflow/example_dags/tutorial_dag.py
[2025-08-27T03:42:21.316+0000] {logging_mixin.py:188} INFO - [2025-08-27T03:42:21.315+0000] {dag.py:3096} INFO - Sync 1 DAGs
[2025-08-27T03:42:21.606+0000] {logging_mixin.py:188} INFO - [2025-08-27T03:42:21.605+0000] {dag.py:3954} INFO - Setting next_dagrun for tutorial_dag to None, run_after=None
[2025-08-27T03:42:21.964+0000] {processor.py:183} INFO - Processing /home/airflow/.local/lib/python3.12/site-packages/airflow/example_dags/tutorial_dag.py took 1.626 seconds
[2025-08-27T03:43:26.720+0000] {processor.py:161} INFO - Started process (PID=7753) to work on /home/airflow/.local/lib/python3.12/site-packages/airflow/example_dags/tutorial_dag.py
[2025-08-27T03:43:26.748+0000] {processor.py:830} INFO - Processing file /home/airflow/.local/lib/python3.12/site-packages/airflow/example_dags/tutorial_dag.py for tasks to queue
[2025-08-27T03:43:26.752+0000] {logging_mixin.py:188} INFO - [2025-08-27T03:43:26.751+0000] {dagbag.py:545} INFO - Filling up the DagBag from /home/airflow/.local/lib/python3.12/site-packages/airflow/example_dags/tutorial_dag.py
[2025-08-27T03:43:26.884+0000] {processor.py:840} INFO - DAG(s) 'tutorial_dag' retrieved from /home/airflow/.local/lib/python3.12/site-packages/airflow/example_dags/tutorial_dag.py
[2025-08-27T03:43:27.111+0000] {logging_mixin.py:188} INFO - [2025-08-27T03:43:27.110+0000] {dag.py:3096} INFO - Sync 1 DAGs
[2025-08-27T03:43:27.437+0000] {logging_mixin.py:188} INFO - [2025-08-27T03:43:27.437+0000] {dag.py:3954} INFO - Setting next_dagrun for tutorial_dag to None, run_after=None
[2025-08-27T03:43:27.741+0000] {processor.py:183} INFO - Processing /home/airflow/.local/lib/python3.12/site-packages/airflow/example_dags/tutorial_dag.py took 1.177 seconds
[2025-08-27T03:44:43.392+0000] {processor.py:161} INFO - Started process (PID=8057) to work on /home/airflow/.local/lib/python3.12/site-packages/airflow/example_dags/tutorial_dag.py
[2025-08-27T03:44:43.414+0000] {processor.py:830} INFO - Processing file /home/airflow/.local/lib/python3.12/site-packages/airflow/example_dags/tutorial_dag.py for tasks to queue
[2025-08-27T03:44:43.442+0000] {logging_mixin.py:188} INFO - [2025-08-27T03:44:43.441+0000] {dagbag.py:545} INFO - Filling up the DagBag from /home/airflow/.local/lib/python3.12/site-packages/airflow/example_dags/tutorial_dag.py
[2025-08-27T03:44:43.528+0000] {processor.py:840} INFO - DAG(s) 'tutorial_dag' retrieved from /home/airflow/.local/lib/python3.12/site-packages/airflow/example_dags/tutorial_dag.py
[2025-08-27T03:44:43.750+0000] {logging_mixin.py:188} INFO - [2025-08-27T03:44:43.750+0000] {dag.py:3096} INFO - Sync 1 DAGs
[2025-08-27T03:44:43.927+0000] {logging_mixin.py:188} INFO - [2025-08-27T03:44:43.926+0000] {dag.py:3954} INFO - Setting next_dagrun for tutorial_dag to None, run_after=None
[2025-08-27T03:44:44.237+0000] {processor.py:183} INFO - Processing /home/airflow/.local/lib/python3.12/site-packages/airflow/example_dags/tutorial_dag.py took 0.971 seconds
[2025-08-27T03:45:34.201+0000] {processor.py:161} INFO - Started process (PID=8319) to work on /home/airflow/.local/lib/python3.12/site-packages/airflow/example_dags/tutorial_dag.py
[2025-08-27T03:45:34.215+0000] {processor.py:830} INFO - Processing file /home/airflow/.local/lib/python3.12/site-packages/airflow/example_dags/tutorial_dag.py for tasks to queue
[2025-08-27T03:45:34.237+0000] {logging_mixin.py:188} INFO - [2025-08-27T03:45:34.236+0000] {dagbag.py:545} INFO - Filling up the DagBag from /home/airflow/.local/lib/python3.12/site-packages/airflow/example_dags/tutorial_dag.py
[2025-08-27T03:45:34.378+0000] {processor.py:840} INFO - DAG(s) 'tutorial_dag' retrieved from /home/airflow/.local/lib/python3.12/site-packages/airflow/example_dags/tutorial_dag.py
[2025-08-27T03:45:34.817+0000] {logging_mixin.py:188} INFO - [2025-08-27T03:45:34.816+0000] {dag.py:3096} INFO - Sync 1 DAGs
[2025-08-27T03:45:35.036+0000] {logging_mixin.py:188} INFO - [2025-08-27T03:45:35.035+0000] {dag.py:3954} INFO - Setting next_dagrun for tutorial_dag to None, run_after=None
[2025-08-27T03:45:35.405+0000] {processor.py:183} INFO - Processing /home/airflow/.local/lib/python3.12/site-packages/airflow/example_dags/tutorial_dag.py took 1.314 seconds
[2025-08-27T03:46:38.955+0000] {processor.py:161} INFO - Started process (PID=8624) to work on /home/airflow/.local/lib/python3.12/site-packages/airflow/example_dags/tutorial_dag.py
[2025-08-27T03:46:38.961+0000] {processor.py:830} INFO - Processing file /home/airflow/.local/lib/python3.12/site-packages/airflow/example_dags/tutorial_dag.py for tasks to queue
[2025-08-27T03:46:38.978+0000] {logging_mixin.py:188} INFO - [2025-08-27T03:46:38.977+0000] {dagbag.py:545} INFO - Filling up the DagBag from /home/airflow/.local/lib/python3.12/site-packages/airflow/example_dags/tutorial_dag.py
[2025-08-27T03:46:39.056+0000] {processor.py:840} INFO - DAG(s) 'tutorial_dag' retrieved from /home/airflow/.local/lib/python3.12/site-packages/airflow/example_dags/tutorial_dag.py
[2025-08-27T03:46:39.373+0000] {logging_mixin.py:188} INFO - [2025-08-27T03:46:39.372+0000] {dag.py:3096} INFO - Sync 1 DAGs
[2025-08-27T03:46:39.692+0000] {logging_mixin.py:188} INFO - [2025-08-27T03:46:39.691+0000] {dag.py:3954} INFO - Setting next_dagrun for tutorial_dag to None, run_after=None
[2025-08-27T03:46:39.997+0000] {processor.py:183} INFO - Processing /home/airflow/.local/lib/python3.12/site-packages/airflow/example_dags/tutorial_dag.py took 1.101 seconds
[2025-08-27T03:47:33.276+0000] {processor.py:161} INFO - Started process (PID=8861) to work on /home/airflow/.local/lib/python3.12/site-packages/airflow/example_dags/tutorial_dag.py
[2025-08-27T03:47:33.279+0000] {processor.py:830} INFO - Processing file /home/airflow/.local/lib/python3.12/site-packages/airflow/example_dags/tutorial_dag.py for tasks to queue
[2025-08-27T03:47:33.284+0000] {logging_mixin.py:188} INFO - [2025-08-27T03:47:33.283+0000] {dagbag.py:545} INFO - Filling up the DagBag from /home/airflow/.local/lib/python3.12/site-packages/airflow/example_dags/tutorial_dag.py
[2025-08-27T03:47:33.323+0000] {processor.py:840} INFO - DAG(s) 'tutorial_dag' retrieved from /home/airflow/.local/lib/python3.12/site-packages/airflow/example_dags/tutorial_dag.py
[2025-08-27T03:47:33.499+0000] {logging_mixin.py:188} INFO - [2025-08-27T03:47:33.499+0000] {dag.py:3096} INFO - Sync 1 DAGs
[2025-08-27T03:47:33.623+0000] {logging_mixin.py:188} INFO - [2025-08-27T03:47:33.622+0000] {dag.py:3954} INFO - Setting next_dagrun for tutorial_dag to None, run_after=None
[2025-08-27T03:47:33.998+0000] {processor.py:183} INFO - Processing /home/airflow/.local/lib/python3.12/site-packages/airflow/example_dags/tutorial_dag.py took 0.782 seconds
[2025-08-27T03:48:51.847+0000] {processor.py:161} INFO - Started process (PID=9213) to work on /home/airflow/.local/lib/python3.12/site-packages/airflow/example_dags/tutorial_dag.py
[2025-08-27T03:48:51.861+0000] {processor.py:830} INFO - Processing file /home/airflow/.local/lib/python3.12/site-packages/airflow/example_dags/tutorial_dag.py for tasks to queue
[2025-08-27T03:48:51.870+0000] {logging_mixin.py:188} INFO - [2025-08-27T03:48:51.869+0000] {dagbag.py:545} INFO - Filling up the DagBag from /home/airflow/.local/lib/python3.12/site-packages/airflow/example_dags/tutorial_dag.py
[2025-08-27T03:48:51.926+0000] {processor.py:840} INFO - DAG(s) 'tutorial_dag' retrieved from /home/airflow/.local/lib/python3.12/site-packages/airflow/example_dags/tutorial_dag.py
[2025-08-27T03:48:52.166+0000] {logging_mixin.py:188} INFO - [2025-08-27T03:48:52.165+0000] {dag.py:3096} INFO - Sync 1 DAGs
[2025-08-27T03:48:52.319+0000] {logging_mixin.py:188} INFO - [2025-08-27T03:48:52.319+0000] {dag.py:3954} INFO - Setting next_dagrun for tutorial_dag to None, run_after=None
[2025-08-27T03:48:52.752+0000] {processor.py:183} INFO - Processing /home/airflow/.local/lib/python3.12/site-packages/airflow/example_dags/tutorial_dag.py took 0.975 seconds
